[2025-05-22T20:31:44.646+0530] {local_task_job_runner.py:123} INFO - ::group::Pre task execution logs
[2025-05-22T20:31:44.654+0530] {taskinstance.py:2612} INFO - Dependencies all met for dep_context=non-requeueable deps ti=<TaskInstance: nyc_taxi_etl.transform_data manual__2025-05-22T15:00:43.967673+00:00 [queued]>
[2025-05-22T20:31:44.657+0530] {taskinstance.py:2612} INFO - Dependencies all met for dep_context=requeueable deps ti=<TaskInstance: nyc_taxi_etl.transform_data manual__2025-05-22T15:00:43.967673+00:00 [queued]>
[2025-05-22T20:31:44.658+0530] {taskinstance.py:2865} INFO - Starting attempt 1 of 1
[2025-05-22T20:31:44.671+0530] {taskinstance.py:2888} INFO - Executing <Task(BashOperator): transform_data> on 2025-05-22 15:00:43.967673+00:00
[2025-05-22T20:31:44.673+0530] {standard_task_runner.py:72} INFO - Started process 71731 to run task
[2025-05-22T20:31:44.675+0530] {standard_task_runner.py:104} INFO - Running: ['airflow', 'tasks', 'run', 'nyc_taxi_etl', 'transform_data', 'manual__2025-05-22T15:00:43.967673+00:00', '--job-id', '148', '--raw', '--subdir', 'DAGS_FOLDER/nyc_taxi_etl.py', '--cfg-path', '/tmp/tmp90lz5i53']
[2025-05-22T20:31:44.676+0530] {standard_task_runner.py:105} INFO - Job 148: Subtask transform_data
[2025-05-22T20:31:44.700+0530] {task_command.py:467} INFO - Running <TaskInstance: nyc_taxi_etl.transform_data manual__2025-05-22T15:00:43.967673+00:00 [running]> on host Voldemort.
[2025-05-22T20:31:44.749+0530] {taskinstance.py:3131} INFO - Exporting env vars: AIRFLOW_CTX_DAG_OWNER='airflow' AIRFLOW_CTX_DAG_ID='nyc_taxi_etl' AIRFLOW_CTX_TASK_ID='transform_data' AIRFLOW_CTX_EXECUTION_DATE='2025-05-22T15:00:43.967673+00:00' AIRFLOW_CTX_TRY_NUMBER='1' AIRFLOW_CTX_DAG_RUN_ID='manual__2025-05-22T15:00:43.967673+00:00'
[2025-05-22T20:31:44.749+0530] {taskinstance.py:731} INFO - ::endgroup::
[2025-05-22T20:31:44.757+0530] {subprocess.py:63} INFO - Tmp dir root location: /tmp
[2025-05-22T20:31:44.757+0530] {subprocess.py:75} INFO - Running command: ['/usr/bin/bash', '-c', '/opt/spark/bin/spark-submit /home/pranav_shirali/airflow-project/scripts/ETL/transform.py']
[2025-05-22T20:31:44.762+0530] {subprocess.py:86} INFO - Output:
[2025-05-22T20:31:46.023+0530] {subprocess.py:93} INFO - 25/05/22 20:31:46 WARN Utils: Your hostname, Voldemort resolves to a loopback address: 127.0.1.1; using 10.255.255.254 instead (on interface lo)
[2025-05-22T20:31:46.026+0530] {subprocess.py:93} INFO - 25/05/22 20:31:46 WARN Utils: Set SPARK_LOCAL_IP if you need to bind to another address
[2025-05-22T20:31:46.962+0530] {subprocess.py:93} INFO - 25/05/22 20:31:46 INFO SparkContext: Running Spark version 3.5.5
[2025-05-22T20:31:46.962+0530] {subprocess.py:93} INFO - 25/05/22 20:31:46 INFO SparkContext: OS info Linux, 5.15.167.4-microsoft-standard-WSL2, amd64
[2025-05-22T20:31:46.962+0530] {subprocess.py:93} INFO - 25/05/22 20:31:46 INFO SparkContext: Java version 11.0.27
[2025-05-22T20:31:47.017+0530] {subprocess.py:93} INFO - 25/05/22 20:31:47 WARN NativeCodeLoader: Unable to load native-hadoop library for your platform... using builtin-java classes where applicable
[2025-05-22T20:31:47.092+0530] {subprocess.py:93} INFO - 25/05/22 20:31:47 INFO ResourceUtils: ==============================================================
[2025-05-22T20:31:47.092+0530] {subprocess.py:93} INFO - 25/05/22 20:31:47 INFO ResourceUtils: No custom resources configured for spark.driver.
[2025-05-22T20:31:47.092+0530] {subprocess.py:93} INFO - 25/05/22 20:31:47 INFO ResourceUtils: ==============================================================
[2025-05-22T20:31:47.092+0530] {subprocess.py:93} INFO - 25/05/22 20:31:47 INFO SparkContext: Submitted application: NYC Taxi Transform
[2025-05-22T20:31:47.110+0530] {subprocess.py:93} INFO - 25/05/22 20:31:47 INFO ResourceProfile: Default ResourceProfile created, executor resources: Map(cores -> name: cores, amount: 1, script: , vendor: , memory -> name: memory, amount: 1024, script: , vendor: , offHeap -> name: offHeap, amount: 0, script: , vendor: ), task resources: Map(cpus -> name: cpus, amount: 1.0)
[2025-05-22T20:31:47.120+0530] {subprocess.py:93} INFO - 25/05/22 20:31:47 INFO ResourceProfile: Limiting resource is cpu
[2025-05-22T20:31:47.120+0530] {subprocess.py:93} INFO - 25/05/22 20:31:47 INFO ResourceProfileManager: Added ResourceProfile id: 0
[2025-05-22T20:31:47.163+0530] {subprocess.py:93} INFO - 25/05/22 20:31:47 INFO SecurityManager: Changing view acls to: pranav_shirali
[2025-05-22T20:31:47.163+0530] {subprocess.py:93} INFO - 25/05/22 20:31:47 INFO SecurityManager: Changing modify acls to: pranav_shirali
[2025-05-22T20:31:47.164+0530] {subprocess.py:93} INFO - 25/05/22 20:31:47 INFO SecurityManager: Changing view acls groups to:
[2025-05-22T20:31:47.164+0530] {subprocess.py:93} INFO - 25/05/22 20:31:47 INFO SecurityManager: Changing modify acls groups to:
[2025-05-22T20:31:47.164+0530] {subprocess.py:93} INFO - 25/05/22 20:31:47 INFO SecurityManager: SecurityManager: authentication disabled; ui acls disabled; users with view permissions: pranav_shirali; groups with view permissions: EMPTY; users with modify permissions: pranav_shirali; groups with modify permissions: EMPTY
[2025-05-22T20:31:47.354+0530] {subprocess.py:93} INFO - 25/05/22 20:31:47 INFO Utils: Successfully started service 'sparkDriver' on port 44123.
[2025-05-22T20:31:47.374+0530] {subprocess.py:93} INFO - 25/05/22 20:31:47 INFO SparkEnv: Registering MapOutputTracker
[2025-05-22T20:31:47.399+0530] {subprocess.py:93} INFO - 25/05/22 20:31:47 INFO SparkEnv: Registering BlockManagerMaster
[2025-05-22T20:31:47.411+0530] {subprocess.py:93} INFO - 25/05/22 20:31:47 INFO BlockManagerMasterEndpoint: Using org.apache.spark.storage.DefaultTopologyMapper for getting topology information
[2025-05-22T20:31:47.412+0530] {subprocess.py:93} INFO - 25/05/22 20:31:47 INFO BlockManagerMasterEndpoint: BlockManagerMasterEndpoint up
[2025-05-22T20:31:47.415+0530] {subprocess.py:93} INFO - 25/05/22 20:31:47 INFO SparkEnv: Registering BlockManagerMasterHeartbeat
[2025-05-22T20:31:47.433+0530] {subprocess.py:93} INFO - 25/05/22 20:31:47 INFO DiskBlockManager: Created local directory at /tmp/blockmgr-007fbb37-d6ac-4ce7-b4ce-46191c02224a
[2025-05-22T20:31:47.443+0530] {subprocess.py:93} INFO - 25/05/22 20:31:47 INFO MemoryStore: MemoryStore started with capacity 434.4 MiB
[2025-05-22T20:31:47.456+0530] {subprocess.py:93} INFO - 25/05/22 20:31:47 INFO SparkEnv: Registering OutputCommitCoordinator
[2025-05-22T20:31:47.578+0530] {subprocess.py:93} INFO - 25/05/22 20:31:47 INFO JettyUtils: Start Jetty 0.0.0.0:4040 for SparkUI
[2025-05-22T20:31:47.621+0530] {subprocess.py:93} INFO - 25/05/22 20:31:47 INFO Utils: Successfully started service 'SparkUI' on port 4040.
[2025-05-22T20:31:47.693+0530] {subprocess.py:93} INFO - 25/05/22 20:31:47 INFO Executor: Starting executor ID driver on host 10.255.255.254
[2025-05-22T20:31:47.693+0530] {subprocess.py:93} INFO - 25/05/22 20:31:47 INFO Executor: OS info Linux, 5.15.167.4-microsoft-standard-WSL2, amd64
[2025-05-22T20:31:47.694+0530] {subprocess.py:93} INFO - 25/05/22 20:31:47 INFO Executor: Java version 11.0.27
[2025-05-22T20:31:47.700+0530] {subprocess.py:93} INFO - 25/05/22 20:31:47 INFO Executor: Starting executor with user classpath (userClassPathFirst = false): ''
[2025-05-22T20:31:47.701+0530] {subprocess.py:93} INFO - 25/05/22 20:31:47 INFO Executor: Created or updated repl class loader org.apache.spark.util.MutableURLClassLoader@5f831cd8 for default.
[2025-05-22T20:31:47.722+0530] {subprocess.py:93} INFO - 25/05/22 20:31:47 INFO Utils: Successfully started service 'org.apache.spark.network.netty.NettyBlockTransferService' on port 33217.
[2025-05-22T20:31:47.722+0530] {subprocess.py:93} INFO - 25/05/22 20:31:47 INFO NettyBlockTransferService: Server created on 10.255.255.254:33217
[2025-05-22T20:31:47.724+0530] {subprocess.py:93} INFO - 25/05/22 20:31:47 INFO BlockManager: Using org.apache.spark.storage.RandomBlockReplicationPolicy for block replication policy
[2025-05-22T20:31:47.728+0530] {subprocess.py:93} INFO - 25/05/22 20:31:47 INFO BlockManagerMaster: Registering BlockManager BlockManagerId(driver, 10.255.255.254, 33217, None)
[2025-05-22T20:31:47.731+0530] {subprocess.py:93} INFO - 25/05/22 20:31:47 INFO BlockManagerMasterEndpoint: Registering block manager 10.255.255.254:33217 with 434.4 MiB RAM, BlockManagerId(driver, 10.255.255.254, 33217, None)
[2025-05-22T20:31:47.733+0530] {subprocess.py:93} INFO - 25/05/22 20:31:47 INFO BlockManagerMaster: Registered BlockManager BlockManagerId(driver, 10.255.255.254, 33217, None)
[2025-05-22T20:31:47.733+0530] {subprocess.py:93} INFO - 25/05/22 20:31:47 INFO BlockManager: Initialized BlockManager: BlockManagerId(driver, 10.255.255.254, 33217, None)
[2025-05-22T20:31:48.114+0530] {subprocess.py:93} INFO - 25/05/22 20:31:48 INFO SharedState: Setting hive.metastore.warehouse.dir ('null') to the value of spark.sql.warehouse.dir.
[2025-05-22T20:31:48.120+0530] {subprocess.py:93} INFO - 25/05/22 20:31:48 INFO SharedState: Warehouse path is 'file:/tmp/airflowtmpfeyqqwi9/spark-warehouse'.
[2025-05-22T20:31:49.052+0530] {subprocess.py:93} INFO - 25/05/22 20:31:49 INFO InMemoryFileIndex: It took 41 ms to list leaf files for 1 paths.
[2025-05-22T20:31:49.443+0530] {subprocess.py:93} INFO - 25/05/22 20:31:49 INFO SparkContext: Starting job: parquet at NativeMethodAccessorImpl.java:0
[2025-05-22T20:31:49.457+0530] {subprocess.py:93} INFO - 25/05/22 20:31:49 INFO DAGScheduler: Got job 0 (parquet at NativeMethodAccessorImpl.java:0) with 1 output partitions
[2025-05-22T20:31:49.458+0530] {subprocess.py:93} INFO - 25/05/22 20:31:49 INFO DAGScheduler: Final stage: ResultStage 0 (parquet at NativeMethodAccessorImpl.java:0)
[2025-05-22T20:31:49.458+0530] {subprocess.py:93} INFO - 25/05/22 20:31:49 INFO DAGScheduler: Parents of final stage: List()
[2025-05-22T20:31:49.459+0530] {subprocess.py:93} INFO - 25/05/22 20:31:49 INFO DAGScheduler: Missing parents: List()
[2025-05-22T20:31:49.462+0530] {subprocess.py:93} INFO - 25/05/22 20:31:49 INFO DAGScheduler: Submitting ResultStage 0 (MapPartitionsRDD[1] at parquet at NativeMethodAccessorImpl.java:0), which has no missing parents
[2025-05-22T20:31:49.521+0530] {subprocess.py:93} INFO - 25/05/22 20:31:49 INFO MemoryStore: Block broadcast_0 stored as values in memory (estimated size 103.2 KiB, free 434.3 MiB)
[2025-05-22T20:31:49.551+0530] {subprocess.py:93} INFO - 25/05/22 20:31:49 INFO MemoryStore: Block broadcast_0_piece0 stored as bytes in memory (estimated size 37.2 KiB, free 434.3 MiB)
[2025-05-22T20:31:49.554+0530] {subprocess.py:93} INFO - 25/05/22 20:31:49 INFO BlockManagerInfo: Added broadcast_0_piece0 in memory on 10.255.255.254:33217 (size: 37.2 KiB, free: 434.4 MiB)
[2025-05-22T20:31:49.557+0530] {subprocess.py:93} INFO - 25/05/22 20:31:49 INFO SparkContext: Created broadcast 0 from broadcast at DAGScheduler.scala:1585
[2025-05-22T20:31:49.570+0530] {subprocess.py:93} INFO - 25/05/22 20:31:49 INFO DAGScheduler: Submitting 1 missing tasks from ResultStage 0 (MapPartitionsRDD[1] at parquet at NativeMethodAccessorImpl.java:0) (first 15 tasks are for partitions Vector(0))
[2025-05-22T20:31:49.571+0530] {subprocess.py:93} INFO - 25/05/22 20:31:49 INFO TaskSchedulerImpl: Adding task set 0.0 with 1 tasks resource profile 0
[2025-05-22T20:31:49.620+0530] {subprocess.py:93} INFO - 25/05/22 20:31:49 INFO TaskSetManager: Starting task 0.0 in stage 0.0 (TID 0) (10.255.255.254, executor driver, partition 0, PROCESS_LOCAL, 9242 bytes)
[2025-05-22T20:31:49.632+0530] {subprocess.py:93} INFO - 25/05/22 20:31:49 INFO Executor: Running task 0.0 in stage 0.0 (TID 0)
[2025-05-22T20:31:49.920+0530] {subprocess.py:93} INFO - 25/05/22 20:31:49 INFO Executor: Finished task 0.0 in stage 0.0 (TID 0). 2776 bytes result sent to driver
[2025-05-22T20:31:49.928+0530] {subprocess.py:93} INFO - 25/05/22 20:31:49 INFO TaskSetManager: Finished task 0.0 in stage 0.0 (TID 0) in 328 ms on 10.255.255.254 (executor driver) (1/1)
[2025-05-22T20:31:49.929+0530] {subprocess.py:93} INFO - 25/05/22 20:31:49 INFO TaskSchedulerImpl: Removed TaskSet 0.0, whose tasks have all completed, from pool
[2025-05-22T20:31:49.933+0530] {subprocess.py:93} INFO - 25/05/22 20:31:49 INFO DAGScheduler: ResultStage 0 (parquet at NativeMethodAccessorImpl.java:0) finished in 0.460 s
[2025-05-22T20:31:49.936+0530] {subprocess.py:93} INFO - 25/05/22 20:31:49 INFO DAGScheduler: Job 0 is finished. Cancelling potential speculative or zombie tasks for this job
[2025-05-22T20:31:49.936+0530] {subprocess.py:93} INFO - 25/05/22 20:31:49 INFO TaskSchedulerImpl: Killing all running tasks in stage 0: Stage finished
[2025-05-22T20:31:49.937+0530] {subprocess.py:93} INFO - 25/05/22 20:31:49 INFO DAGScheduler: Job 0 finished: parquet at NativeMethodAccessorImpl.java:0, took 0.494501 s
[2025-05-22T20:31:50.197+0530] {subprocess.py:93} INFO - 25/05/22 20:31:50 INFO BlockManagerInfo: Removed broadcast_0_piece0 on 10.255.255.254:33217 in memory (size: 37.2 KiB, free: 434.4 MiB)
[2025-05-22T20:31:52.551+0530] {subprocess.py:93} INFO - 25/05/22 20:31:52 INFO FileSourceStrategy: Pushed Filters:
[2025-05-22T20:31:52.552+0530] {subprocess.py:93} INFO - 25/05/22 20:31:52 INFO FileSourceStrategy: Post-Scan Filters:
[2025-05-22T20:31:52.567+0530] {subprocess.py:93} INFO - 25/05/22 20:31:52 WARN WindowExec: No Partition Defined for Window operation! Moving all data to a single partition, this can cause serious performance degradation.
[2025-05-22T20:31:52.599+0530] {subprocess.py:93} INFO - 25/05/22 20:31:52 WARN WindowExec: No Partition Defined for Window operation! Moving all data to a single partition, this can cause serious performance degradation.
[2025-05-22T20:31:52.617+0530] {subprocess.py:93} INFO - 25/05/22 20:31:52 WARN WindowExec: No Partition Defined for Window operation! Moving all data to a single partition, this can cause serious performance degradation.
[2025-05-22T20:31:52.974+0530] {subprocess.py:93} INFO - 25/05/22 20:31:52 INFO CodeGenerator: Code generated in 203.798076 ms
[2025-05-22T20:31:52.991+0530] {subprocess.py:93} INFO - 25/05/22 20:31:52 INFO MemoryStore: Block broadcast_1 stored as values in memory (estimated size 202.0 KiB, free 434.2 MiB)
[2025-05-22T20:31:53.000+0530] {subprocess.py:93} INFO - 25/05/22 20:31:53 INFO MemoryStore: Block broadcast_1_piece0 stored as bytes in memory (estimated size 35.3 KiB, free 434.2 MiB)
[2025-05-22T20:31:53.001+0530] {subprocess.py:93} INFO - 25/05/22 20:31:53 INFO BlockManagerInfo: Added broadcast_1_piece0 in memory on 10.255.255.254:33217 (size: 35.3 KiB, free: 434.4 MiB)
[2025-05-22T20:31:53.002+0530] {subprocess.py:93} INFO - 25/05/22 20:31:53 INFO SparkContext: Created broadcast 1 from parquet at NativeMethodAccessorImpl.java:0
[2025-05-22T20:31:53.013+0530] {subprocess.py:93} INFO - 25/05/22 20:31:53 INFO FileSourceScanExec: Planning scan with bin packing, max size: 4194304 bytes, open cost is considered as scanning 4194304 bytes.
[2025-05-22T20:31:53.065+0530] {subprocess.py:93} INFO - 25/05/22 20:31:53 INFO DAGScheduler: Registering RDD 5 (parquet at NativeMethodAccessorImpl.java:0) as input to shuffle 0
[2025-05-22T20:31:53.068+0530] {subprocess.py:93} INFO - 25/05/22 20:31:53 INFO DAGScheduler: Got map stage job 1 (parquet at NativeMethodAccessorImpl.java:0) with 8 output partitions
[2025-05-22T20:31:53.068+0530] {subprocess.py:93} INFO - 25/05/22 20:31:53 INFO DAGScheduler: Final stage: ShuffleMapStage 1 (parquet at NativeMethodAccessorImpl.java:0)
[2025-05-22T20:31:53.068+0530] {subprocess.py:93} INFO - 25/05/22 20:31:53 INFO DAGScheduler: Parents of final stage: List()
[2025-05-22T20:31:53.070+0530] {subprocess.py:93} INFO - 25/05/22 20:31:53 INFO DAGScheduler: Missing parents: List()
[2025-05-22T20:31:53.071+0530] {subprocess.py:93} INFO - 25/05/22 20:31:53 INFO DAGScheduler: Submitting ShuffleMapStage 1 (MapPartitionsRDD[5] at parquet at NativeMethodAccessorImpl.java:0), which has no missing parents
[2025-05-22T20:31:53.110+0530] {subprocess.py:93} INFO - 25/05/22 20:31:53 INFO MemoryStore: Block broadcast_2 stored as values in memory (estimated size 29.8 KiB, free 434.1 MiB)
[2025-05-22T20:31:53.112+0530] {subprocess.py:93} INFO - 25/05/22 20:31:53 INFO MemoryStore: Block broadcast_2_piece0 stored as bytes in memory (estimated size 10.8 KiB, free 434.1 MiB)
[2025-05-22T20:31:53.113+0530] {subprocess.py:93} INFO - 25/05/22 20:31:53 INFO BlockManagerInfo: Added broadcast_2_piece0 in memory on 10.255.255.254:33217 (size: 10.8 KiB, free: 434.4 MiB)
[2025-05-22T20:31:53.114+0530] {subprocess.py:93} INFO - 25/05/22 20:31:53 INFO SparkContext: Created broadcast 2 from broadcast at DAGScheduler.scala:1585
[2025-05-22T20:31:53.115+0530] {subprocess.py:93} INFO - 25/05/22 20:31:53 INFO DAGScheduler: Submitting 8 missing tasks from ShuffleMapStage 1 (MapPartitionsRDD[5] at parquet at NativeMethodAccessorImpl.java:0) (first 15 tasks are for partitions Vector(0, 1, 2, 3, 4, 5, 6, 7))
[2025-05-22T20:31:53.116+0530] {subprocess.py:93} INFO - 25/05/22 20:31:53 INFO TaskSchedulerImpl: Adding task set 1.0 with 8 tasks resource profile 0
[2025-05-22T20:31:53.120+0530] {subprocess.py:93} INFO - 25/05/22 20:31:53 INFO TaskSetManager: Starting task 0.0 in stage 1.0 (TID 1) (10.255.255.254, executor driver, partition 0, PROCESS_LOCAL, 9701 bytes)
[2025-05-22T20:31:53.121+0530] {subprocess.py:93} INFO - 25/05/22 20:31:53 INFO TaskSetManager: Starting task 1.0 in stage 1.0 (TID 2) (10.255.255.254, executor driver, partition 1, PROCESS_LOCAL, 9701 bytes)
[2025-05-22T20:31:53.121+0530] {subprocess.py:93} INFO - 25/05/22 20:31:53 INFO TaskSetManager: Starting task 2.0 in stage 1.0 (TID 3) (10.255.255.254, executor driver, partition 2, PROCESS_LOCAL, 9701 bytes)
[2025-05-22T20:31:53.121+0530] {subprocess.py:93} INFO - 25/05/22 20:31:53 INFO TaskSetManager: Starting task 3.0 in stage 1.0 (TID 4) (10.255.255.254, executor driver, partition 3, PROCESS_LOCAL, 9701 bytes)
[2025-05-22T20:31:53.122+0530] {subprocess.py:93} INFO - 25/05/22 20:31:53 INFO TaskSetManager: Starting task 4.0 in stage 1.0 (TID 5) (10.255.255.254, executor driver, partition 4, PROCESS_LOCAL, 9701 bytes)
[2025-05-22T20:31:53.122+0530] {subprocess.py:93} INFO - 25/05/22 20:31:53 INFO TaskSetManager: Starting task 5.0 in stage 1.0 (TID 6) (10.255.255.254, executor driver, partition 5, PROCESS_LOCAL, 9701 bytes)
[2025-05-22T20:31:53.123+0530] {subprocess.py:93} INFO - 25/05/22 20:31:53 INFO TaskSetManager: Starting task 6.0 in stage 1.0 (TID 7) (10.255.255.254, executor driver, partition 6, PROCESS_LOCAL, 9701 bytes)
[2025-05-22T20:31:53.124+0530] {subprocess.py:93} INFO - 25/05/22 20:31:53 INFO TaskSetManager: Starting task 7.0 in stage 1.0 (TID 8) (10.255.255.254, executor driver, partition 7, PROCESS_LOCAL, 9701 bytes)
[2025-05-22T20:31:53.124+0530] {subprocess.py:93} INFO - 25/05/22 20:31:53 INFO Executor: Running task 0.0 in stage 1.0 (TID 1)
[2025-05-22T20:31:53.125+0530] {subprocess.py:93} INFO - 25/05/22 20:31:53 INFO Executor: Running task 1.0 in stage 1.0 (TID 2)
[2025-05-22T20:31:53.128+0530] {subprocess.py:93} INFO - 25/05/22 20:31:53 INFO Executor: Running task 2.0 in stage 1.0 (TID 3)
[2025-05-22T20:31:53.130+0530] {subprocess.py:93} INFO - 25/05/22 20:31:53 INFO Executor: Running task 3.0 in stage 1.0 (TID 4)
[2025-05-22T20:31:53.130+0530] {subprocess.py:93} INFO - 25/05/22 20:31:53 INFO Executor: Running task 4.0 in stage 1.0 (TID 5)
[2025-05-22T20:31:53.134+0530] {subprocess.py:93} INFO - 25/05/22 20:31:53 INFO Executor: Running task 6.0 in stage 1.0 (TID 7)
[2025-05-22T20:31:53.135+0530] {subprocess.py:93} INFO - 25/05/22 20:31:53 INFO Executor: Running task 5.0 in stage 1.0 (TID 6)
[2025-05-22T20:31:53.143+0530] {subprocess.py:93} INFO - 25/05/22 20:31:53 INFO Executor: Running task 7.0 in stage 1.0 (TID 8)
[2025-05-22T20:31:53.258+0530] {subprocess.py:93} INFO - 25/05/22 20:31:53 INFO CodeGenerator: Code generated in 34.273449 ms
[2025-05-22T20:31:53.271+0530] {subprocess.py:93} INFO - 25/05/22 20:31:53 INFO FileScanRDD: Reading File path: file:///home/pranav_shirali/airflow-project/scripts/ETL/nyc_taxi_extracted.parquet/part-00004-b5284e74-efe1-4aae-8f8b-971ce07ec8cc-c000.snappy.parquet, range: 8388608-12582912, partition values: [empty row]
[2025-05-22T20:31:53.272+0530] {subprocess.py:93} INFO - 25/05/22 20:31:53 INFO FileScanRDD: Reading File path: file:///home/pranav_shirali/airflow-project/scripts/ETL/nyc_taxi_extracted.parquet/part-00004-b5284e74-efe1-4aae-8f8b-971ce07ec8cc-c000.snappy.parquet, range: 4194304-8388608, partition values: [empty row]
[2025-05-22T20:31:53.272+0530] {subprocess.py:93} INFO - 25/05/22 20:31:53 INFO FileScanRDD: Reading File path: file:///home/pranav_shirali/airflow-project/scripts/ETL/nyc_taxi_extracted.parquet/part-00004-b5284e74-efe1-4aae-8f8b-971ce07ec8cc-c000.snappy.parquet, range: 25165824-26828538, partition values: [empty row]
[2025-05-22T20:31:53.272+0530] {subprocess.py:93} INFO - 25/05/22 20:31:53 INFO FileScanRDD: Reading File path: file:///home/pranav_shirali/airflow-project/scripts/ETL/nyc_taxi_extracted.parquet/part-00004-b5284e74-efe1-4aae-8f8b-971ce07ec8cc-c000.snappy.parquet, range: 16777216-20971520, partition values: [empty row]
[2025-05-22T20:31:53.272+0530] {subprocess.py:93} INFO - 25/05/22 20:31:53 INFO FileScanRDD: Reading File path: file:///home/pranav_shirali/airflow-project/scripts/ETL/nyc_taxi_extracted.parquet/part-00004-b5284e74-efe1-4aae-8f8b-971ce07ec8cc-c000.snappy.parquet, range: 0-4194304, partition values: [empty row]
[2025-05-22T20:31:53.276+0530] {subprocess.py:93} INFO - 25/05/22 20:31:53 INFO FileScanRDD: Reading File path: file:///home/pranav_shirali/airflow-project/scripts/ETL/nyc_taxi_extracted.parquet/part-00004-b5284e74-efe1-4aae-8f8b-971ce07ec8cc-c000.snappy.parquet, range: 12582912-16777216, partition values: [empty row]
[2025-05-22T20:31:53.277+0530] {subprocess.py:93} INFO - 25/05/22 20:31:53 INFO FileScanRDD: Reading File path: file:///home/pranav_shirali/airflow-project/scripts/ETL/nyc_taxi_extracted.parquet/part-00004-b5284e74-efe1-4aae-8f8b-971ce07ec8cc-c000.snappy.parquet, range: 20971520-25165824, partition values: [empty row]
[2025-05-22T20:31:53.278+0530] {subprocess.py:93} INFO - 25/05/22 20:31:53 INFO FileScanRDD: Reading File path: file:///home/pranav_shirali/airflow-project/scripts/ETL/nyc_taxi_extracted.parquet/part-00000-b5284e74-efe1-4aae-8f8b-971ce07ec8cc-c000.snappy.parquet, range: 0-2111, partition values: [empty row]
[2025-05-22T20:31:53.361+0530] {subprocess.py:93} INFO - 25/05/22 20:31:53 INFO Executor: Finished task 6.0 in stage 1.0 (TID 7). 1911 bytes result sent to driver
[2025-05-22T20:31:53.361+0530] {subprocess.py:93} INFO - 25/05/22 20:31:53 INFO Executor: Finished task 1.0 in stage 1.0 (TID 2). 1868 bytes result sent to driver
[2025-05-22T20:31:53.361+0530] {subprocess.py:93} INFO - 25/05/22 20:31:53 INFO Executor: Finished task 2.0 in stage 1.0 (TID 3). 1868 bytes result sent to driver
[2025-05-22T20:31:53.361+0530] {subprocess.py:93} INFO - 25/05/22 20:31:53 INFO Executor: Finished task 5.0 in stage 1.0 (TID 6). 1868 bytes result sent to driver
[2025-05-22T20:31:53.362+0530] {subprocess.py:93} INFO - 25/05/22 20:31:53 INFO Executor: Finished task 0.0 in stage 1.0 (TID 1). 1911 bytes result sent to driver
[2025-05-22T20:31:53.362+0530] {subprocess.py:93} INFO - 25/05/22 20:31:53 INFO Executor: Finished task 7.0 in stage 1.0 (TID 8). 1868 bytes result sent to driver
[2025-05-22T20:31:53.362+0530] {subprocess.py:93} INFO - 25/05/22 20:31:53 INFO Executor: Finished task 4.0 in stage 1.0 (TID 5). 1868 bytes result sent to driver
[2025-05-22T20:31:53.365+0530] {subprocess.py:93} INFO - 25/05/22 20:31:53 INFO TaskSetManager: Finished task 6.0 in stage 1.0 (TID 7) in 241 ms on 10.255.255.254 (executor driver) (1/8)
[2025-05-22T20:31:53.365+0530] {subprocess.py:93} INFO - 25/05/22 20:31:53 INFO TaskSetManager: Finished task 1.0 in stage 1.0 (TID 2) in 245 ms on 10.255.255.254 (executor driver) (2/8)
[2025-05-22T20:31:53.365+0530] {subprocess.py:93} INFO - 25/05/22 20:31:53 INFO TaskSetManager: Finished task 2.0 in stage 1.0 (TID 3) in 244 ms on 10.255.255.254 (executor driver) (3/8)
[2025-05-22T20:31:53.365+0530] {subprocess.py:93} INFO - 25/05/22 20:31:53 INFO TaskSetManager: Finished task 5.0 in stage 1.0 (TID 6) in 243 ms on 10.255.255.254 (executor driver) (4/8)
[2025-05-22T20:31:53.366+0530] {subprocess.py:93} INFO - 25/05/22 20:31:53 INFO TaskSetManager: Finished task 0.0 in stage 1.0 (TID 1) in 248 ms on 10.255.255.254 (executor driver) (5/8)
[2025-05-22T20:31:53.366+0530] {subprocess.py:93} INFO - 25/05/22 20:31:53 INFO TaskSetManager: Finished task 7.0 in stage 1.0 (TID 8) in 242 ms on 10.255.255.254 (executor driver) (6/8)
[2025-05-22T20:31:53.366+0530] {subprocess.py:93} INFO - 25/05/22 20:31:53 INFO TaskSetManager: Finished task 4.0 in stage 1.0 (TID 5) in 245 ms on 10.255.255.254 (executor driver) (7/8)
[2025-05-22T20:31:53.388+0530] {subprocess.py:93} INFO - 25/05/22 20:31:53 INFO CodecPool: Got brand-new decompressor [.snappy]
[2025-05-22T20:31:54.602+0530] {subprocess.py:93} INFO - 25/05/22 20:31:54 INFO Executor: Finished task 3.0 in stage 1.0 (TID 4). 2083 bytes result sent to driver
[2025-05-22T20:31:54.604+0530] {subprocess.py:93} INFO - 25/05/22 20:31:54 INFO TaskSetManager: Finished task 3.0 in stage 1.0 (TID 4) in 1483 ms on 10.255.255.254 (executor driver) (8/8)
[2025-05-22T20:31:54.604+0530] {subprocess.py:93} INFO - 25/05/22 20:31:54 INFO TaskSchedulerImpl: Removed TaskSet 1.0, whose tasks have all completed, from pool
[2025-05-22T20:31:54.605+0530] {subprocess.py:93} INFO - 25/05/22 20:31:54 INFO DAGScheduler: ShuffleMapStage 1 (parquet at NativeMethodAccessorImpl.java:0) finished in 1.529 s
[2025-05-22T20:31:54.606+0530] {subprocess.py:93} INFO - 25/05/22 20:31:54 INFO DAGScheduler: looking for newly runnable stages
[2025-05-22T20:31:54.606+0530] {subprocess.py:93} INFO - 25/05/22 20:31:54 INFO DAGScheduler: running: Set()
[2025-05-22T20:31:54.607+0530] {subprocess.py:93} INFO - 25/05/22 20:31:54 INFO DAGScheduler: waiting: Set()
[2025-05-22T20:31:54.607+0530] {subprocess.py:93} INFO - 25/05/22 20:31:54 INFO DAGScheduler: failed: Set()
[2025-05-22T20:31:54.630+0530] {subprocess.py:93} INFO - 25/05/22 20:31:54 WARN WindowExec: No Partition Defined for Window operation! Moving all data to a single partition, this can cause serious performance degradation.
[2025-05-22T20:31:54.631+0530] {subprocess.py:93} INFO - 25/05/22 20:31:54 WARN WindowExec: No Partition Defined for Window operation! Moving all data to a single partition, this can cause serious performance degradation.
[2025-05-22T20:31:54.674+0530] {subprocess.py:93} INFO - 25/05/22 20:31:54 INFO ParquetUtils: Using default output committer for Parquet: org.apache.parquet.hadoop.ParquetOutputCommitter
[2025-05-22T20:31:54.686+0530] {subprocess.py:93} INFO - 25/05/22 20:31:54 INFO FileOutputCommitter: File Output Committer Algorithm version is 1
[2025-05-22T20:31:54.686+0530] {subprocess.py:93} INFO - 25/05/22 20:31:54 INFO FileOutputCommitter: FileOutputCommitter skip cleanup _temporary folders under output directory:false, ignore cleanup failures: false
[2025-05-22T20:31:54.687+0530] {subprocess.py:93} INFO - 25/05/22 20:31:54 INFO SQLHadoopMapReduceCommitProtocol: Using user defined output committer class org.apache.parquet.hadoop.ParquetOutputCommitter
[2025-05-22T20:31:54.687+0530] {subprocess.py:93} INFO - 25/05/22 20:31:54 INFO FileOutputCommitter: File Output Committer Algorithm version is 1
[2025-05-22T20:31:54.687+0530] {subprocess.py:93} INFO - 25/05/22 20:31:54 INFO FileOutputCommitter: FileOutputCommitter skip cleanup _temporary folders under output directory:false, ignore cleanup failures: false
[2025-05-22T20:31:54.687+0530] {subprocess.py:93} INFO - 25/05/22 20:31:54 INFO SQLHadoopMapReduceCommitProtocol: Using output committer class org.apache.parquet.hadoop.ParquetOutputCommitter
[2025-05-22T20:31:54.724+0530] {subprocess.py:93} INFO - 25/05/22 20:31:54 INFO CodeGenerator: Code generated in 15.017057 ms
[2025-05-22T20:31:54.744+0530] {subprocess.py:93} INFO - 25/05/22 20:31:54 INFO CodeGenerator: Code generated in 11.956345 ms
[2025-05-22T20:31:54.826+0530] {subprocess.py:93} INFO - 25/05/22 20:31:54 INFO SparkContext: Starting job: parquet at NativeMethodAccessorImpl.java:0
[2025-05-22T20:31:54.828+0530] {subprocess.py:93} INFO - 25/05/22 20:31:54 INFO DAGScheduler: Got job 2 (parquet at NativeMethodAccessorImpl.java:0) with 1 output partitions
[2025-05-22T20:31:54.829+0530] {subprocess.py:93} INFO - 25/05/22 20:31:54 INFO DAGScheduler: Final stage: ResultStage 3 (parquet at NativeMethodAccessorImpl.java:0)
[2025-05-22T20:31:54.829+0530] {subprocess.py:93} INFO - 25/05/22 20:31:54 INFO DAGScheduler: Parents of final stage: List(ShuffleMapStage 2)
[2025-05-22T20:31:54.830+0530] {subprocess.py:93} INFO - 25/05/22 20:31:54 INFO DAGScheduler: Missing parents: List()
[2025-05-22T20:31:54.831+0530] {subprocess.py:93} INFO - 25/05/22 20:31:54 INFO DAGScheduler: Submitting ResultStage 3 (MapPartitionsRDD[10] at parquet at NativeMethodAccessorImpl.java:0), which has no missing parents
[2025-05-22T20:31:54.855+0530] {subprocess.py:93} INFO - 25/05/22 20:31:54 INFO MemoryStore: Block broadcast_3 stored as values in memory (estimated size 250.4 KiB, free 433.9 MiB)
[2025-05-22T20:31:54.857+0530] {subprocess.py:93} INFO - 25/05/22 20:31:54 INFO MemoryStore: Block broadcast_3_piece0 stored as bytes in memory (estimated size 92.4 KiB, free 433.8 MiB)
[2025-05-22T20:31:54.857+0530] {subprocess.py:93} INFO - 25/05/22 20:31:54 INFO BlockManagerInfo: Added broadcast_3_piece0 in memory on 10.255.255.254:33217 (size: 92.4 KiB, free: 434.3 MiB)
[2025-05-22T20:31:54.858+0530] {subprocess.py:93} INFO - 25/05/22 20:31:54 INFO SparkContext: Created broadcast 3 from broadcast at DAGScheduler.scala:1585
[2025-05-22T20:31:54.859+0530] {subprocess.py:93} INFO - 25/05/22 20:31:54 INFO DAGScheduler: Submitting 1 missing tasks from ResultStage 3 (MapPartitionsRDD[10] at parquet at NativeMethodAccessorImpl.java:0) (first 15 tasks are for partitions Vector(0))
[2025-05-22T20:31:54.859+0530] {subprocess.py:93} INFO - 25/05/22 20:31:54 INFO TaskSchedulerImpl: Adding task set 3.0 with 1 tasks resource profile 0
[2025-05-22T20:31:54.863+0530] {subprocess.py:93} INFO - 25/05/22 20:31:54 INFO TaskSetManager: Starting task 0.0 in stage 3.0 (TID 9) (10.255.255.254, executor driver, partition 0, NODE_LOCAL, 8999 bytes)
[2025-05-22T20:31:54.864+0530] {subprocess.py:93} INFO - 25/05/22 20:31:54 INFO Executor: Running task 0.0 in stage 3.0 (TID 9)
[2025-05-22T20:31:54.926+0530] {subprocess.py:93} INFO - 25/05/22 20:31:54 INFO ShuffleBlockFetcherIterator: Getting 1 (43.4 MiB) non-empty blocks including 1 (43.4 MiB) local and 0 (0.0 B) host-local and 0 (0.0 B) push-merged-local and 0 (0.0 B) remote blocks
[2025-05-22T20:31:54.929+0530] {subprocess.py:93} INFO - 25/05/22 20:31:54 INFO ShuffleBlockFetcherIterator: Started 0 remote fetches in 8 ms
[2025-05-22T20:31:54.943+0530] {subprocess.py:93} INFO - 25/05/22 20:31:54 INFO CodeGenerator: Code generated in 10.666341 ms
[2025-05-22T20:31:54.966+0530] {subprocess.py:93} INFO - 25/05/22 20:31:54 INFO CodeGenerator: Code generated in 13.151468 ms
[2025-05-22T20:31:54.985+0530] {subprocess.py:93} INFO - 25/05/22 20:31:54 INFO CodeGenerator: Code generated in 9.086084 ms
[2025-05-22T20:31:55.019+0530] {subprocess.py:93} INFO - 25/05/22 20:31:55 INFO CodeGenerator: Code generated in 11.422767 ms
[2025-05-22T20:31:55.026+0530] {subprocess.py:93} INFO - 25/05/22 20:31:55 INFO CodeGenerator: Code generated in 5.041539 ms
[2025-05-22T20:31:55.092+0530] {subprocess.py:93} INFO - 25/05/22 20:31:55 INFO BlockManagerInfo: Removed broadcast_2_piece0 on 10.255.255.254:33217 in memory (size: 10.8 KiB, free: 434.3 MiB)
[2025-05-22T20:31:55.978+0530] {subprocess.py:93} INFO - 25/05/22 20:31:55 INFO CodeGenerator: Code generated in 6.842541 ms
[2025-05-22T20:31:55.996+0530] {subprocess.py:93} INFO - 25/05/22 20:31:55 INFO CodeGenerator: Code generated in 7.032542 ms
[2025-05-22T20:31:56.004+0530] {subprocess.py:93} INFO - 25/05/22 20:31:56 INFO CodeGenerator: Code generated in 5.254364 ms
[2025-05-22T20:31:56.018+0530] {subprocess.py:93} INFO - 25/05/22 20:31:56 INFO CodeGenerator: Code generated in 11.753341 ms
[2025-05-22T20:31:56.020+0530] {subprocess.py:93} INFO - 25/05/22 20:31:56 INFO FileOutputCommitter: File Output Committer Algorithm version is 1
[2025-05-22T20:31:56.021+0530] {subprocess.py:93} INFO - 25/05/22 20:31:56 INFO FileOutputCommitter: FileOutputCommitter skip cleanup _temporary folders under output directory:false, ignore cleanup failures: false
[2025-05-22T20:31:56.021+0530] {subprocess.py:93} INFO - 25/05/22 20:31:56 INFO SQLHadoopMapReduceCommitProtocol: Using user defined output committer class org.apache.parquet.hadoop.ParquetOutputCommitter
[2025-05-22T20:31:56.021+0530] {subprocess.py:93} INFO - 25/05/22 20:31:56 INFO FileOutputCommitter: File Output Committer Algorithm version is 1
[2025-05-22T20:31:56.021+0530] {subprocess.py:93} INFO - 25/05/22 20:31:56 INFO FileOutputCommitter: FileOutputCommitter skip cleanup _temporary folders under output directory:false, ignore cleanup failures: false
[2025-05-22T20:31:56.021+0530] {subprocess.py:93} INFO - 25/05/22 20:31:56 INFO SQLHadoopMapReduceCommitProtocol: Using output committer class org.apache.parquet.hadoop.ParquetOutputCommitter
[2025-05-22T20:31:56.027+0530] {subprocess.py:93} INFO - 25/05/22 20:31:56 INFO CodecConfig: Compression: SNAPPY
[2025-05-22T20:31:56.029+0530] {subprocess.py:93} INFO - 25/05/22 20:31:56 INFO CodecConfig: Compression: SNAPPY
[2025-05-22T20:31:56.046+0530] {subprocess.py:93} INFO - 25/05/22 20:31:56 INFO ParquetOutputFormat: ParquetRecordWriter [block size: 134217728b, row group padding size: 8388608b, validating: false]
[2025-05-22T20:31:56.056+0530] {subprocess.py:93} INFO - 25/05/22 20:31:56 INFO ParquetWriteSupport: Initialized Parquet WriteSupport with Catalyst schema:
[2025-05-22T20:31:56.056+0530] {subprocess.py:93} INFO - {
[2025-05-22T20:31:56.056+0530] {subprocess.py:93} INFO -   "type" : "struct",
[2025-05-22T20:31:56.056+0530] {subprocess.py:93} INFO -   "fields" : [ {
[2025-05-22T20:31:56.056+0530] {subprocess.py:93} INFO -     "name" : "Trip_id",
[2025-05-22T20:31:56.057+0530] {subprocess.py:93} INFO -     "type" : "integer",
[2025-05-22T20:31:56.057+0530] {subprocess.py:93} INFO -     "nullable" : false,
[2025-05-22T20:31:56.057+0530] {subprocess.py:93} INFO -     "metadata" : { }
[2025-05-22T20:31:56.057+0530] {subprocess.py:93} INFO -   }, {
[2025-05-22T20:31:56.057+0530] {subprocess.py:93} INFO -     "name" : "VendorID",
[2025-05-22T20:31:56.057+0530] {subprocess.py:93} INFO -     "type" : "integer",
[2025-05-22T20:31:56.057+0530] {subprocess.py:93} INFO -     "nullable" : true,
[2025-05-22T20:31:56.057+0530] {subprocess.py:93} INFO -     "metadata" : { }
[2025-05-22T20:31:56.057+0530] {subprocess.py:93} INFO -   }, {
[2025-05-22T20:31:56.057+0530] {subprocess.py:93} INFO -     "name" : "tpep_pickup_datetime",
[2025-05-22T20:31:56.057+0530] {subprocess.py:93} INFO -     "type" : "string",
[2025-05-22T20:31:56.058+0530] {subprocess.py:93} INFO -     "nullable" : true,
[2025-05-22T20:31:56.058+0530] {subprocess.py:93} INFO -     "metadata" : { }
[2025-05-22T20:31:56.058+0530] {subprocess.py:93} INFO -   }, {
[2025-05-22T20:31:56.058+0530] {subprocess.py:93} INFO -     "name" : "tpep_dropoff_datetime",
[2025-05-22T20:31:56.058+0530] {subprocess.py:93} INFO -     "type" : "string",
[2025-05-22T20:31:56.058+0530] {subprocess.py:93} INFO -     "nullable" : true,
[2025-05-22T20:31:56.058+0530] {subprocess.py:93} INFO -     "metadata" : { }
[2025-05-22T20:31:56.058+0530] {subprocess.py:93} INFO -   }, {
[2025-05-22T20:31:56.058+0530] {subprocess.py:93} INFO -     "name" : "passenger_count",
[2025-05-22T20:31:56.058+0530] {subprocess.py:93} INFO -     "type" : "integer",
[2025-05-22T20:31:56.058+0530] {subprocess.py:93} INFO -     "nullable" : true,
[2025-05-22T20:31:56.059+0530] {subprocess.py:93} INFO -     "metadata" : { }
[2025-05-22T20:31:56.059+0530] {subprocess.py:93} INFO -   }, {
[2025-05-22T20:31:56.059+0530] {subprocess.py:93} INFO -     "name" : "trip_distance",
[2025-05-22T20:31:56.059+0530] {subprocess.py:93} INFO -     "type" : "double",
[2025-05-22T20:31:56.059+0530] {subprocess.py:93} INFO -     "nullable" : true,
[2025-05-22T20:31:56.059+0530] {subprocess.py:93} INFO -     "metadata" : { }
[2025-05-22T20:31:56.059+0530] {subprocess.py:93} INFO -   }, {
[2025-05-22T20:31:56.059+0530] {subprocess.py:93} INFO -     "name" : "RatecodeID",
[2025-05-22T20:31:56.059+0530] {subprocess.py:93} INFO -     "type" : "integer",
[2025-05-22T20:31:56.059+0530] {subprocess.py:93} INFO -     "nullable" : true,
[2025-05-22T20:31:56.059+0530] {subprocess.py:93} INFO -     "metadata" : { }
[2025-05-22T20:31:56.059+0530] {subprocess.py:93} INFO -   }, {
[2025-05-22T20:31:56.060+0530] {subprocess.py:93} INFO -     "name" : "store_and_fwd_flag",
[2025-05-22T20:31:56.060+0530] {subprocess.py:93} INFO -     "type" : "string",
[2025-05-22T20:31:56.060+0530] {subprocess.py:93} INFO -     "nullable" : true,
[2025-05-22T20:31:56.060+0530] {subprocess.py:93} INFO -     "metadata" : { }
[2025-05-22T20:31:56.060+0530] {subprocess.py:93} INFO -   }, {
[2025-05-22T20:31:56.060+0530] {subprocess.py:93} INFO -     "name" : "PULocationID",
[2025-05-22T20:31:56.060+0530] {subprocess.py:93} INFO -     "type" : "long",
[2025-05-22T20:31:56.060+0530] {subprocess.py:93} INFO -     "nullable" : true,
[2025-05-22T20:31:56.060+0530] {subprocess.py:93} INFO -     "metadata" : { }
[2025-05-22T20:31:56.060+0530] {subprocess.py:93} INFO -   }, {
[2025-05-22T20:31:56.060+0530] {subprocess.py:93} INFO -     "name" : "DOLocationID",
[2025-05-22T20:31:56.061+0530] {subprocess.py:93} INFO -     "type" : "long",
[2025-05-22T20:31:56.061+0530] {subprocess.py:93} INFO -     "nullable" : true,
[2025-05-22T20:31:56.061+0530] {subprocess.py:93} INFO -     "metadata" : { }
[2025-05-22T20:31:56.061+0530] {subprocess.py:93} INFO -   }, {
[2025-05-22T20:31:56.061+0530] {subprocess.py:93} INFO -     "name" : "Month",
[2025-05-22T20:31:56.061+0530] {subprocess.py:93} INFO -     "type" : "integer",
[2025-05-22T20:31:56.061+0530] {subprocess.py:93} INFO -     "nullable" : true,
[2025-05-22T20:31:56.061+0530] {subprocess.py:93} INFO -     "metadata" : { }
[2025-05-22T20:31:56.061+0530] {subprocess.py:93} INFO -   }, {
[2025-05-22T20:31:56.061+0530] {subprocess.py:93} INFO -     "name" : "Distance_Length",
[2025-05-22T20:31:56.062+0530] {subprocess.py:93} INFO -     "type" : "string",
[2025-05-22T20:31:56.062+0530] {subprocess.py:93} INFO -     "nullable" : false,
[2025-05-22T20:31:56.062+0530] {subprocess.py:93} INFO -     "metadata" : { }
[2025-05-22T20:31:56.062+0530] {subprocess.py:93} INFO -   }, {
[2025-05-22T20:31:56.062+0530] {subprocess.py:93} INFO -     "name" : "Car_utilization",
[2025-05-22T20:31:56.062+0530] {subprocess.py:93} INFO -     "type" : "string",
[2025-05-22T20:31:56.062+0530] {subprocess.py:93} INFO -     "nullable" : false,
[2025-05-22T20:31:56.062+0530] {subprocess.py:93} INFO -     "metadata" : { }
[2025-05-22T20:31:56.062+0530] {subprocess.py:93} INFO -   } ]
[2025-05-22T20:31:56.062+0530] {subprocess.py:93} INFO - }
[2025-05-22T20:31:56.062+0530] {subprocess.py:93} INFO - and corresponding Parquet message type:
[2025-05-22T20:31:56.062+0530] {subprocess.py:93} INFO - message spark_schema {
[2025-05-22T20:31:56.063+0530] {subprocess.py:93} INFO -   required int32 Trip_id;
[2025-05-22T20:31:56.063+0530] {subprocess.py:93} INFO -   optional int32 VendorID;
[2025-05-22T20:31:56.063+0530] {subprocess.py:93} INFO -   optional binary tpep_pickup_datetime (STRING);
[2025-05-22T20:31:56.063+0530] {subprocess.py:93} INFO -   optional binary tpep_dropoff_datetime (STRING);
[2025-05-22T20:31:56.063+0530] {subprocess.py:93} INFO -   optional int32 passenger_count;
[2025-05-22T20:31:56.063+0530] {subprocess.py:93} INFO -   optional double trip_distance;
[2025-05-22T20:31:56.063+0530] {subprocess.py:93} INFO -   optional int32 RatecodeID;
[2025-05-22T20:31:56.063+0530] {subprocess.py:93} INFO -   optional binary store_and_fwd_flag (STRING);
[2025-05-22T20:31:56.063+0530] {subprocess.py:93} INFO -   optional int64 PULocationID;
[2025-05-22T20:31:56.063+0530] {subprocess.py:93} INFO -   optional int64 DOLocationID;
[2025-05-22T20:31:56.063+0530] {subprocess.py:93} INFO -   optional int32 Month;
[2025-05-22T20:31:56.064+0530] {subprocess.py:93} INFO -   required binary Distance_Length (STRING);
[2025-05-22T20:31:56.064+0530] {subprocess.py:93} INFO -   required binary Car_utilization (STRING);
[2025-05-22T20:31:56.064+0530] {subprocess.py:93} INFO - }
[2025-05-22T20:31:56.064+0530] {subprocess.py:93} INFO - 
[2025-05-22T20:31:56.064+0530] {subprocess.py:93} INFO - 
[2025-05-22T20:31:56.078+0530] {subprocess.py:93} INFO - 25/05/22 20:31:56 INFO CodecPool: Got brand-new compressor [.snappy]
[2025-05-22T20:31:56.150+0530] {subprocess.py:93} INFO - 25/05/22 20:31:56 INFO ExternalAppendOnlyUnsafeRowArray: Reached spill threshold of 4096 rows, switching to org.apache.spark.util.collection.unsafe.sort.UnsafeExternalSorter
[2025-05-22T20:32:00.051+0530] {subprocess.py:93} INFO - 25/05/22 20:32:00 INFO FileOutputCommitter: Saved output of task 'attempt_202505222031542089966021925498389_0003_m_000000_9' to file:/home/pranav_shirali/airflow-project/scripts/ETL/nyc_taxi_trip.parquet/_temporary/0/task_202505222031542089966021925498389_0003_m_000000
[2025-05-22T20:32:00.052+0530] {subprocess.py:93} INFO - 25/05/22 20:32:00 INFO SparkHadoopMapRedUtil: attempt_202505222031542089966021925498389_0003_m_000000_9: Committed. Elapsed time: 1 ms.
[2025-05-22T20:32:00.064+0530] {subprocess.py:93} INFO - 25/05/22 20:32:00 INFO Executor: Finished task 0.0 in stage 3.0 (TID 9). 5915 bytes result sent to driver
[2025-05-22T20:32:00.065+0530] {subprocess.py:93} INFO - 25/05/22 20:32:00 INFO TaskSetManager: Finished task 0.0 in stage 3.0 (TID 9) in 5203 ms on 10.255.255.254 (executor driver) (1/1)
[2025-05-22T20:32:00.066+0530] {subprocess.py:93} INFO - 25/05/22 20:32:00 INFO TaskSchedulerImpl: Removed TaskSet 3.0, whose tasks have all completed, from pool
[2025-05-22T20:32:00.068+0530] {subprocess.py:93} INFO - 25/05/22 20:32:00 INFO DAGScheduler: ResultStage 3 (parquet at NativeMethodAccessorImpl.java:0) finished in 5.230 s
[2025-05-22T20:32:00.069+0530] {subprocess.py:93} INFO - 25/05/22 20:32:00 INFO DAGScheduler: Job 2 is finished. Cancelling potential speculative or zombie tasks for this job
[2025-05-22T20:32:00.069+0530] {subprocess.py:93} INFO - 25/05/22 20:32:00 INFO TaskSchedulerImpl: Killing all running tasks in stage 3: Stage finished
[2025-05-22T20:32:00.069+0530] {subprocess.py:93} INFO - 25/05/22 20:32:00 INFO DAGScheduler: Job 2 finished: parquet at NativeMethodAccessorImpl.java:0, took 5.241959 s
[2025-05-22T20:32:00.071+0530] {subprocess.py:93} INFO - 25/05/22 20:32:00 INFO FileFormatWriter: Start to commit write Job b1d89817-b4b7-4a72-8148-58cb06c16168.
[2025-05-22T20:32:00.101+0530] {subprocess.py:93} INFO - 25/05/22 20:32:00 INFO FileFormatWriter: Write Job b1d89817-b4b7-4a72-8148-58cb06c16168 committed. Elapsed time: 29 ms.
[2025-05-22T20:32:00.105+0530] {subprocess.py:93} INFO - 25/05/22 20:32:00 INFO FileFormatWriter: Finished processing stats for write job b1d89817-b4b7-4a72-8148-58cb06c16168.
[2025-05-22T20:32:00.152+0530] {subprocess.py:93} INFO - 25/05/22 20:32:00 INFO FileSourceStrategy: Pushed Filters:
[2025-05-22T20:32:00.153+0530] {subprocess.py:93} INFO - 25/05/22 20:32:00 INFO FileSourceStrategy: Post-Scan Filters:
[2025-05-22T20:32:00.154+0530] {subprocess.py:93} INFO - 25/05/22 20:32:00 WARN WindowExec: No Partition Defined for Window operation! Moving all data to a single partition, this can cause serious performance degradation.
[2025-05-22T20:32:00.155+0530] {subprocess.py:93} INFO - 25/05/22 20:32:00 WARN WindowExec: No Partition Defined for Window operation! Moving all data to a single partition, this can cause serious performance degradation.
[2025-05-22T20:32:00.158+0530] {subprocess.py:93} INFO - 25/05/22 20:32:00 WARN WindowExec: No Partition Defined for Window operation! Moving all data to a single partition, this can cause serious performance degradation.
[2025-05-22T20:32:00.191+0530] {subprocess.py:93} INFO - 25/05/22 20:32:00 INFO CodeGenerator: Code generated in 14.288072 ms
[2025-05-22T20:32:00.197+0530] {subprocess.py:93} INFO - 25/05/22 20:32:00 INFO MemoryStore: Block broadcast_4 stored as values in memory (estimated size 202.3 KiB, free 433.6 MiB)
[2025-05-22T20:32:00.208+0530] {subprocess.py:93} INFO - 25/05/22 20:32:00 INFO MemoryStore: Block broadcast_4_piece0 stored as bytes in memory (estimated size 35.2 KiB, free 433.6 MiB)
[2025-05-22T20:32:00.209+0530] {subprocess.py:93} INFO - 25/05/22 20:32:00 INFO BlockManagerInfo: Added broadcast_4_piece0 in memory on 10.255.255.254:33217 (size: 35.2 KiB, free: 434.2 MiB)
[2025-05-22T20:32:00.210+0530] {subprocess.py:93} INFO - 25/05/22 20:32:00 INFO SparkContext: Created broadcast 4 from parquet at NativeMethodAccessorImpl.java:0
[2025-05-22T20:32:00.212+0530] {subprocess.py:93} INFO - 25/05/22 20:32:00 INFO FileSourceScanExec: Planning scan with bin packing, max size: 4194304 bytes, open cost is considered as scanning 4194304 bytes.
[2025-05-22T20:32:00.220+0530] {subprocess.py:93} INFO - 25/05/22 20:32:00 INFO DAGScheduler: Registering RDD 14 (parquet at NativeMethodAccessorImpl.java:0) as input to shuffle 1
[2025-05-22T20:32:00.221+0530] {subprocess.py:93} INFO - 25/05/22 20:32:00 INFO DAGScheduler: Got map stage job 3 (parquet at NativeMethodAccessorImpl.java:0) with 8 output partitions
[2025-05-22T20:32:00.221+0530] {subprocess.py:93} INFO - 25/05/22 20:32:00 INFO DAGScheduler: Final stage: ShuffleMapStage 4 (parquet at NativeMethodAccessorImpl.java:0)
[2025-05-22T20:32:00.221+0530] {subprocess.py:93} INFO - 25/05/22 20:32:00 INFO DAGScheduler: Parents of final stage: List()
[2025-05-22T20:32:00.223+0530] {subprocess.py:93} INFO - 25/05/22 20:32:00 INFO DAGScheduler: Missing parents: List()
[2025-05-22T20:32:00.223+0530] {subprocess.py:93} INFO - 25/05/22 20:32:00 INFO DAGScheduler: Submitting ShuffleMapStage 4 (MapPartitionsRDD[14] at parquet at NativeMethodAccessorImpl.java:0), which has no missing parents
[2025-05-22T20:32:00.236+0530] {subprocess.py:93} INFO - 25/05/22 20:32:00 INFO MemoryStore: Block broadcast_5 stored as values in memory (estimated size 24.5 KiB, free 433.6 MiB)
[2025-05-22T20:32:00.238+0530] {subprocess.py:93} INFO - 25/05/22 20:32:00 INFO MemoryStore: Block broadcast_5_piece0 stored as bytes in memory (estimated size 9.2 KiB, free 433.9 MiB)
[2025-05-22T20:32:00.239+0530] {subprocess.py:93} INFO - 25/05/22 20:32:00 INFO BlockManagerInfo: Removed broadcast_3_piece0 on 10.255.255.254:33217 in memory (size: 92.4 KiB, free: 434.3 MiB)
[2025-05-22T20:32:00.239+0530] {subprocess.py:93} INFO - 25/05/22 20:32:00 INFO BlockManagerInfo: Added broadcast_5_piece0 in memory on 10.255.255.254:33217 (size: 9.2 KiB, free: 434.3 MiB)
[2025-05-22T20:32:00.240+0530] {subprocess.py:93} INFO - 25/05/22 20:32:00 INFO SparkContext: Created broadcast 5 from broadcast at DAGScheduler.scala:1585
[2025-05-22T20:32:00.241+0530] {subprocess.py:93} INFO - 25/05/22 20:32:00 INFO DAGScheduler: Submitting 8 missing tasks from ShuffleMapStage 4 (MapPartitionsRDD[14] at parquet at NativeMethodAccessorImpl.java:0) (first 15 tasks are for partitions Vector(0, 1, 2, 3, 4, 5, 6, 7))
[2025-05-22T20:32:00.241+0530] {subprocess.py:93} INFO - 25/05/22 20:32:00 INFO TaskSchedulerImpl: Adding task set 4.0 with 8 tasks resource profile 0
[2025-05-22T20:32:00.243+0530] {subprocess.py:93} INFO - 25/05/22 20:32:00 INFO TaskSetManager: Starting task 0.0 in stage 4.0 (TID 10) (10.255.255.254, executor driver, partition 0, PROCESS_LOCAL, 9701 bytes)
[2025-05-22T20:32:00.243+0530] {subprocess.py:93} INFO - 25/05/22 20:32:00 INFO TaskSetManager: Starting task 1.0 in stage 4.0 (TID 11) (10.255.255.254, executor driver, partition 1, PROCESS_LOCAL, 9701 bytes)
[2025-05-22T20:32:00.244+0530] {subprocess.py:93} INFO - 25/05/22 20:32:00 INFO TaskSetManager: Starting task 2.0 in stage 4.0 (TID 12) (10.255.255.254, executor driver, partition 2, PROCESS_LOCAL, 9701 bytes)
[2025-05-22T20:32:00.245+0530] {subprocess.py:93} INFO - 25/05/22 20:32:00 INFO TaskSetManager: Starting task 3.0 in stage 4.0 (TID 13) (10.255.255.254, executor driver, partition 3, PROCESS_LOCAL, 9701 bytes)
[2025-05-22T20:32:00.246+0530] {subprocess.py:93} INFO - 25/05/22 20:32:00 INFO TaskSetManager: Starting task 4.0 in stage 4.0 (TID 14) (10.255.255.254, executor driver, partition 4, PROCESS_LOCAL, 9701 bytes)
[2025-05-22T20:32:00.246+0530] {subprocess.py:93} INFO - 25/05/22 20:32:00 INFO TaskSetManager: Starting task 5.0 in stage 4.0 (TID 15) (10.255.255.254, executor driver, partition 5, PROCESS_LOCAL, 9701 bytes)
[2025-05-22T20:32:00.246+0530] {subprocess.py:93} INFO - 25/05/22 20:32:00 INFO TaskSetManager: Starting task 6.0 in stage 4.0 (TID 16) (10.255.255.254, executor driver, partition 6, PROCESS_LOCAL, 9701 bytes)
[2025-05-22T20:32:00.246+0530] {subprocess.py:93} INFO - 25/05/22 20:32:00 INFO TaskSetManager: Starting task 7.0 in stage 4.0 (TID 17) (10.255.255.254, executor driver, partition 7, PROCESS_LOCAL, 9701 bytes)
[2025-05-22T20:32:00.248+0530] {subprocess.py:93} INFO - 25/05/22 20:32:00 INFO Executor: Running task 1.0 in stage 4.0 (TID 11)
[2025-05-22T20:32:00.248+0530] {subprocess.py:93} INFO - 25/05/22 20:32:00 INFO Executor: Running task 3.0 in stage 4.0 (TID 13)
[2025-05-22T20:32:00.248+0530] {subprocess.py:93} INFO - 25/05/22 20:32:00 INFO Executor: Running task 5.0 in stage 4.0 (TID 15)
[2025-05-22T20:32:00.248+0530] {subprocess.py:93} INFO - 25/05/22 20:32:00 INFO Executor: Running task 0.0 in stage 4.0 (TID 10)
[2025-05-22T20:32:00.249+0530] {subprocess.py:93} INFO - 25/05/22 20:32:00 INFO Executor: Running task 7.0 in stage 4.0 (TID 17)
[2025-05-22T20:32:00.249+0530] {subprocess.py:93} INFO - 25/05/22 20:32:00 INFO Executor: Running task 2.0 in stage 4.0 (TID 12)
[2025-05-22T20:32:00.249+0530] {subprocess.py:93} INFO - 25/05/22 20:32:00 INFO Executor: Running task 4.0 in stage 4.0 (TID 14)
[2025-05-22T20:32:00.249+0530] {subprocess.py:93} INFO - 25/05/22 20:32:00 INFO Executor: Running task 6.0 in stage 4.0 (TID 16)
[2025-05-22T20:32:00.266+0530] {subprocess.py:93} INFO - 25/05/22 20:32:00 INFO CodeGenerator: Code generated in 13.635413 ms
[2025-05-22T20:32:00.269+0530] {subprocess.py:93} INFO - 25/05/22 20:32:00 INFO FileScanRDD: Reading File path: file:///home/pranav_shirali/airflow-project/scripts/ETL/nyc_taxi_extracted.parquet/part-00004-b5284e74-efe1-4aae-8f8b-971ce07ec8cc-c000.snappy.parquet, range: 4194304-8388608, partition values: [empty row]
[2025-05-22T20:32:00.269+0530] {subprocess.py:93} INFO - 25/05/22 20:32:00 INFO FileScanRDD: Reading File path: file:///home/pranav_shirali/airflow-project/scripts/ETL/nyc_taxi_extracted.parquet/part-00004-b5284e74-efe1-4aae-8f8b-971ce07ec8cc-c000.snappy.parquet, range: 12582912-16777216, partition values: [empty row]
[2025-05-22T20:32:00.269+0530] {subprocess.py:93} INFO - 25/05/22 20:32:00 INFO FileScanRDD: Reading File path: file:///home/pranav_shirali/airflow-project/scripts/ETL/nyc_taxi_extracted.parquet/part-00004-b5284e74-efe1-4aae-8f8b-971ce07ec8cc-c000.snappy.parquet, range: 25165824-26828538, partition values: [empty row]
[2025-05-22T20:32:00.270+0530] {subprocess.py:93} INFO - 25/05/22 20:32:00 INFO FileScanRDD: Reading File path: file:///home/pranav_shirali/airflow-project/scripts/ETL/nyc_taxi_extracted.parquet/part-00004-b5284e74-efe1-4aae-8f8b-971ce07ec8cc-c000.snappy.parquet, range: 0-4194304, partition values: [empty row]
[2025-05-22T20:32:00.270+0530] {subprocess.py:93} INFO - 25/05/22 20:32:00 INFO FileScanRDD: Reading File path: file:///home/pranav_shirali/airflow-project/scripts/ETL/nyc_taxi_extracted.parquet/part-00004-b5284e74-efe1-4aae-8f8b-971ce07ec8cc-c000.snappy.parquet, range: 16777216-20971520, partition values: [empty row]
[2025-05-22T20:32:00.270+0530] {subprocess.py:93} INFO - 25/05/22 20:32:00 INFO FileScanRDD: Reading File path: file:///home/pranav_shirali/airflow-project/scripts/ETL/nyc_taxi_extracted.parquet/part-00004-b5284e74-efe1-4aae-8f8b-971ce07ec8cc-c000.snappy.parquet, range: 20971520-25165824, partition values: [empty row]
[2025-05-22T20:32:00.270+0530] {subprocess.py:93} INFO - 25/05/22 20:32:00 INFO FileScanRDD: Reading File path: file:///home/pranav_shirali/airflow-project/scripts/ETL/nyc_taxi_extracted.parquet/part-00004-b5284e74-efe1-4aae-8f8b-971ce07ec8cc-c000.snappy.parquet, range: 8388608-12582912, partition values: [empty row]
[2025-05-22T20:32:00.270+0530] {subprocess.py:93} INFO - 25/05/22 20:32:00 INFO FileScanRDD: Reading File path: file:///home/pranav_shirali/airflow-project/scripts/ETL/nyc_taxi_extracted.parquet/part-00000-b5284e74-efe1-4aae-8f8b-971ce07ec8cc-c000.snappy.parquet, range: 0-2111, partition values: [empty row]
[2025-05-22T20:32:00.291+0530] {subprocess.py:93} INFO - 25/05/22 20:32:00 INFO Executor: Finished task 7.0 in stage 4.0 (TID 17). 1868 bytes result sent to driver
[2025-05-22T20:32:00.292+0530] {subprocess.py:93} INFO - 25/05/22 20:32:00 INFO Executor: Finished task 5.0 in stage 4.0 (TID 15). 1911 bytes result sent to driver
[2025-05-22T20:32:00.292+0530] {subprocess.py:93} INFO - 25/05/22 20:32:00 INFO Executor: Finished task 6.0 in stage 4.0 (TID 16). 1868 bytes result sent to driver
[2025-05-22T20:32:00.293+0530] {subprocess.py:93} INFO - 25/05/22 20:32:00 INFO TaskSetManager: Finished task 5.0 in stage 4.0 (TID 15) in 47 ms on 10.255.255.254 (executor driver) (1/8)
[2025-05-22T20:32:00.293+0530] {subprocess.py:93} INFO - 25/05/22 20:32:00 INFO TaskSetManager: Finished task 6.0 in stage 4.0 (TID 16) in 47 ms on 10.255.255.254 (executor driver) (2/8)
[2025-05-22T20:32:00.293+0530] {subprocess.py:93} INFO - 25/05/22 20:32:00 INFO Executor: Finished task 0.0 in stage 4.0 (TID 10). 1868 bytes result sent to driver
[2025-05-22T20:32:00.293+0530] {subprocess.py:93} INFO - 25/05/22 20:32:00 INFO TaskSetManager: Finished task 7.0 in stage 4.0 (TID 17) in 47 ms on 10.255.255.254 (executor driver) (3/8)
[2025-05-22T20:32:00.294+0530] {subprocess.py:93} INFO - 25/05/22 20:32:00 INFO TaskSetManager: Finished task 0.0 in stage 4.0 (TID 10) in 52 ms on 10.255.255.254 (executor driver) (4/8)
[2025-05-22T20:32:00.303+0530] {subprocess.py:93} INFO - 25/05/22 20:32:00 INFO Executor: Finished task 1.0 in stage 4.0 (TID 11). 1868 bytes result sent to driver
[2025-05-22T20:32:00.304+0530] {subprocess.py:93} INFO - 25/05/22 20:32:00 INFO Executor: Finished task 2.0 in stage 4.0 (TID 12). 1868 bytes result sent to driver
[2025-05-22T20:32:00.304+0530] {subprocess.py:93} INFO - 25/05/22 20:32:00 INFO TaskSetManager: Finished task 1.0 in stage 4.0 (TID 11) in 61 ms on 10.255.255.254 (executor driver) (5/8)
[2025-05-22T20:32:00.304+0530] {subprocess.py:93} INFO - 25/05/22 20:32:00 INFO Executor: Finished task 4.0 in stage 4.0 (TID 14). 1868 bytes result sent to driver
[2025-05-22T20:32:00.306+0530] {subprocess.py:93} INFO - 25/05/22 20:32:00 INFO TaskSetManager: Finished task 4.0 in stage 4.0 (TID 14) in 61 ms on 10.255.255.254 (executor driver) (6/8)
[2025-05-22T20:32:00.307+0530] {subprocess.py:93} INFO - 25/05/22 20:32:00 INFO TaskSetManager: Finished task 2.0 in stage 4.0 (TID 12) in 64 ms on 10.255.255.254 (executor driver) (7/8)
[2025-05-22T20:32:00.329+0530] {subprocess.py:93} INFO - 25/05/22 20:32:00 INFO BlockManagerInfo: Removed broadcast_1_piece0 on 10.255.255.254:33217 in memory (size: 35.3 KiB, free: 434.4 MiB)
[2025-05-22T20:32:00.938+0530] {subprocess.py:93} INFO - 25/05/22 20:32:00 INFO Executor: Finished task 3.0 in stage 4.0 (TID 13). 2083 bytes result sent to driver
[2025-05-22T20:32:00.940+0530] {subprocess.py:93} INFO - 25/05/22 20:32:00 INFO TaskSetManager: Finished task 3.0 in stage 4.0 (TID 13) in 695 ms on 10.255.255.254 (executor driver) (8/8)
[2025-05-22T20:32:00.940+0530] {subprocess.py:93} INFO - 25/05/22 20:32:00 INFO TaskSchedulerImpl: Removed TaskSet 4.0, whose tasks have all completed, from pool
[2025-05-22T20:32:00.944+0530] {subprocess.py:93} INFO - 25/05/22 20:32:00 INFO DAGScheduler: ShuffleMapStage 4 (parquet at NativeMethodAccessorImpl.java:0) finished in 0.717 s
[2025-05-22T20:32:00.944+0530] {subprocess.py:93} INFO - 25/05/22 20:32:00 INFO DAGScheduler: looking for newly runnable stages
[2025-05-22T20:32:00.945+0530] {subprocess.py:93} INFO - 25/05/22 20:32:00 INFO DAGScheduler: running: Set()
[2025-05-22T20:32:00.945+0530] {subprocess.py:93} INFO - 25/05/22 20:32:00 INFO DAGScheduler: waiting: Set()
[2025-05-22T20:32:00.945+0530] {subprocess.py:93} INFO - 25/05/22 20:32:00 INFO DAGScheduler: failed: Set()
[2025-05-22T20:32:00.949+0530] {subprocess.py:93} INFO - 25/05/22 20:32:00 WARN WindowExec: No Partition Defined for Window operation! Moving all data to a single partition, this can cause serious performance degradation.
[2025-05-22T20:32:00.950+0530] {subprocess.py:93} INFO - 25/05/22 20:32:00 WARN WindowExec: No Partition Defined for Window operation! Moving all data to a single partition, this can cause serious performance degradation.
[2025-05-22T20:32:00.979+0530] {subprocess.py:93} INFO - 25/05/22 20:32:00 INFO ParquetUtils: Using default output committer for Parquet: org.apache.parquet.hadoop.ParquetOutputCommitter
[2025-05-22T20:32:00.981+0530] {subprocess.py:93} INFO - 25/05/22 20:32:00 INFO FileOutputCommitter: File Output Committer Algorithm version is 1
[2025-05-22T20:32:00.981+0530] {subprocess.py:93} INFO - 25/05/22 20:32:00 INFO FileOutputCommitter: FileOutputCommitter skip cleanup _temporary folders under output directory:false, ignore cleanup failures: false
[2025-05-22T20:32:00.982+0530] {subprocess.py:93} INFO - 25/05/22 20:32:00 INFO SQLHadoopMapReduceCommitProtocol: Using user defined output committer class org.apache.parquet.hadoop.ParquetOutputCommitter
[2025-05-22T20:32:00.982+0530] {subprocess.py:93} INFO - 25/05/22 20:32:00 INFO FileOutputCommitter: File Output Committer Algorithm version is 1
[2025-05-22T20:32:00.983+0530] {subprocess.py:93} INFO - 25/05/22 20:32:00 INFO FileOutputCommitter: FileOutputCommitter skip cleanup _temporary folders under output directory:false, ignore cleanup failures: false
[2025-05-22T20:32:00.983+0530] {subprocess.py:93} INFO - 25/05/22 20:32:00 INFO SQLHadoopMapReduceCommitProtocol: Using output committer class org.apache.parquet.hadoop.ParquetOutputCommitter
[2025-05-22T20:32:01.012+0530] {subprocess.py:93} INFO - 25/05/22 20:32:01 INFO CodeGenerator: Code generated in 11.328248 ms
[2025-05-22T20:32:01.034+0530] {subprocess.py:93} INFO - 25/05/22 20:32:01 INFO SparkContext: Starting job: parquet at NativeMethodAccessorImpl.java:0
[2025-05-22T20:32:01.035+0530] {subprocess.py:93} INFO - 25/05/22 20:32:01 INFO DAGScheduler: Got job 4 (parquet at NativeMethodAccessorImpl.java:0) with 1 output partitions
[2025-05-22T20:32:01.036+0530] {subprocess.py:93} INFO - 25/05/22 20:32:01 INFO DAGScheduler: Final stage: ResultStage 6 (parquet at NativeMethodAccessorImpl.java:0)
[2025-05-22T20:32:01.036+0530] {subprocess.py:93} INFO - 25/05/22 20:32:01 INFO DAGScheduler: Parents of final stage: List(ShuffleMapStage 5)
[2025-05-22T20:32:01.037+0530] {subprocess.py:93} INFO - 25/05/22 20:32:01 INFO DAGScheduler: Missing parents: List()
[2025-05-22T20:32:01.038+0530] {subprocess.py:93} INFO - 25/05/22 20:32:01 INFO DAGScheduler: Submitting ResultStage 6 (MapPartitionsRDD[19] at parquet at NativeMethodAccessorImpl.java:0), which has no missing parents
[2025-05-22T20:32:01.060+0530] {subprocess.py:93} INFO - 25/05/22 20:32:01 INFO MemoryStore: Block broadcast_6 stored as values in memory (estimated size 245.7 KiB, free 433.9 MiB)
[2025-05-22T20:32:01.066+0530] {subprocess.py:93} INFO - 25/05/22 20:32:01 INFO MemoryStore: Block broadcast_6_piece0 stored as bytes in memory (estimated size 90.5 KiB, free 433.8 MiB)
[2025-05-22T20:32:01.067+0530] {subprocess.py:93} INFO - 25/05/22 20:32:01 INFO BlockManagerInfo: Added broadcast_6_piece0 in memory on 10.255.255.254:33217 (size: 90.5 KiB, free: 434.3 MiB)
[2025-05-22T20:32:01.067+0530] {subprocess.py:93} INFO - 25/05/22 20:32:01 INFO BlockManagerInfo: Removed broadcast_5_piece0 on 10.255.255.254:33217 in memory (size: 9.2 KiB, free: 434.3 MiB)
[2025-05-22T20:32:01.067+0530] {subprocess.py:93} INFO - 25/05/22 20:32:01 INFO SparkContext: Created broadcast 6 from broadcast at DAGScheduler.scala:1585
[2025-05-22T20:32:01.068+0530] {subprocess.py:93} INFO - 25/05/22 20:32:01 INFO DAGScheduler: Submitting 1 missing tasks from ResultStage 6 (MapPartitionsRDD[19] at parquet at NativeMethodAccessorImpl.java:0) (first 15 tasks are for partitions Vector(0))
[2025-05-22T20:32:01.068+0530] {subprocess.py:93} INFO - 25/05/22 20:32:01 INFO TaskSchedulerImpl: Adding task set 6.0 with 1 tasks resource profile 0
[2025-05-22T20:32:01.070+0530] {subprocess.py:93} INFO - 25/05/22 20:32:01 INFO TaskSetManager: Starting task 0.0 in stage 6.0 (TID 18) (10.255.255.254, executor driver, partition 0, NODE_LOCAL, 8999 bytes)
[2025-05-22T20:32:01.071+0530] {subprocess.py:93} INFO - 25/05/22 20:32:01 INFO Executor: Running task 0.0 in stage 6.0 (TID 18)
[2025-05-22T20:32:01.110+0530] {subprocess.py:93} INFO - 25/05/22 20:32:01 INFO ShuffleBlockFetcherIterator: Getting 1 (39.4 MiB) non-empty blocks including 1 (39.4 MiB) local and 0 (0.0 B) host-local and 0 (0.0 B) push-merged-local and 0 (0.0 B) remote blocks
[2025-05-22T20:32:01.111+0530] {subprocess.py:93} INFO - 25/05/22 20:32:01 INFO ShuffleBlockFetcherIterator: Started 0 remote fetches in 1 ms
[2025-05-22T20:32:01.139+0530] {subprocess.py:93} INFO - 25/05/22 20:32:01 INFO CodeGenerator: Code generated in 15.008586 ms
[2025-05-22T20:32:02.006+0530] {subprocess.py:93} INFO - 25/05/22 20:32:02 INFO CodeGenerator: Code generated in 7.455947 ms
[2025-05-22T20:32:02.016+0530] {subprocess.py:93} INFO - 25/05/22 20:32:02 INFO CodeGenerator: Code generated in 6.704968 ms
[2025-05-22T20:32:02.026+0530] {subprocess.py:93} INFO - 25/05/22 20:32:02 INFO CodeGenerator: Code generated in 5.836774 ms
[2025-05-22T20:32:02.037+0530] {subprocess.py:93} INFO - 25/05/22 20:32:02 INFO CodeGenerator: Code generated in 9.671507 ms
[2025-05-22T20:32:02.040+0530] {subprocess.py:93} INFO - 25/05/22 20:32:02 INFO FileOutputCommitter: File Output Committer Algorithm version is 1
[2025-05-22T20:32:02.040+0530] {subprocess.py:93} INFO - 25/05/22 20:32:02 INFO FileOutputCommitter: FileOutputCommitter skip cleanup _temporary folders under output directory:false, ignore cleanup failures: false
[2025-05-22T20:32:02.041+0530] {subprocess.py:93} INFO - 25/05/22 20:32:02 INFO SQLHadoopMapReduceCommitProtocol: Using user defined output committer class org.apache.parquet.hadoop.ParquetOutputCommitter
[2025-05-22T20:32:02.041+0530] {subprocess.py:93} INFO - 25/05/22 20:32:02 INFO FileOutputCommitter: File Output Committer Algorithm version is 1
[2025-05-22T20:32:02.041+0530] {subprocess.py:93} INFO - 25/05/22 20:32:02 INFO FileOutputCommitter: FileOutputCommitter skip cleanup _temporary folders under output directory:false, ignore cleanup failures: false
[2025-05-22T20:32:02.041+0530] {subprocess.py:93} INFO - 25/05/22 20:32:02 INFO SQLHadoopMapReduceCommitProtocol: Using output committer class org.apache.parquet.hadoop.ParquetOutputCommitter
[2025-05-22T20:32:02.041+0530] {subprocess.py:93} INFO - 25/05/22 20:32:02 INFO CodecConfig: Compression: SNAPPY
[2025-05-22T20:32:02.042+0530] {subprocess.py:93} INFO - 25/05/22 20:32:02 INFO CodecConfig: Compression: SNAPPY
[2025-05-22T20:32:02.043+0530] {subprocess.py:93} INFO - 25/05/22 20:32:02 INFO ParquetOutputFormat: ParquetRecordWriter [block size: 134217728b, row group padding size: 8388608b, validating: false]
[2025-05-22T20:32:02.046+0530] {subprocess.py:93} INFO - 25/05/22 20:32:02 INFO ParquetWriteSupport: Initialized Parquet WriteSupport with Catalyst schema:
[2025-05-22T20:32:02.046+0530] {subprocess.py:93} INFO - {
[2025-05-22T20:32:02.046+0530] {subprocess.py:93} INFO -   "type" : "struct",
[2025-05-22T20:32:02.046+0530] {subprocess.py:93} INFO -   "fields" : [ {
[2025-05-22T20:32:02.046+0530] {subprocess.py:93} INFO -     "name" : "Payment_id",
[2025-05-22T20:32:02.046+0530] {subprocess.py:93} INFO -     "type" : "integer",
[2025-05-22T20:32:02.046+0530] {subprocess.py:93} INFO -     "nullable" : false,
[2025-05-22T20:32:02.046+0530] {subprocess.py:93} INFO -     "metadata" : { }
[2025-05-22T20:32:02.047+0530] {subprocess.py:93} INFO -   }, {
[2025-05-22T20:32:02.047+0530] {subprocess.py:93} INFO -     "name" : "Trip_id",
[2025-05-22T20:32:02.047+0530] {subprocess.py:93} INFO -     "type" : "integer",
[2025-05-22T20:32:02.047+0530] {subprocess.py:93} INFO -     "nullable" : false,
[2025-05-22T20:32:02.047+0530] {subprocess.py:93} INFO -     "metadata" : { }
[2025-05-22T20:32:02.047+0530] {subprocess.py:93} INFO -   }, {
[2025-05-22T20:32:02.047+0530] {subprocess.py:93} INFO -     "name" : "payment_type",
[2025-05-22T20:32:02.048+0530] {subprocess.py:93} INFO -     "type" : "integer",
[2025-05-22T20:32:02.048+0530] {subprocess.py:93} INFO -     "nullable" : true,
[2025-05-22T20:32:02.048+0530] {subprocess.py:93} INFO -     "metadata" : { }
[2025-05-22T20:32:02.048+0530] {subprocess.py:93} INFO -   }, {
[2025-05-22T20:32:02.048+0530] {subprocess.py:93} INFO -     "name" : "fare_amount",
[2025-05-22T20:32:02.048+0530] {subprocess.py:93} INFO -     "type" : "double",
[2025-05-22T20:32:02.049+0530] {subprocess.py:93} INFO -     "nullable" : true,
[2025-05-22T20:32:02.049+0530] {subprocess.py:93} INFO -     "metadata" : { }
[2025-05-22T20:32:02.049+0530] {subprocess.py:93} INFO -   }, {
[2025-05-22T20:32:02.049+0530] {subprocess.py:93} INFO -     "name" : "extra",
[2025-05-22T20:32:02.049+0530] {subprocess.py:93} INFO -     "type" : "double",
[2025-05-22T20:32:02.049+0530] {subprocess.py:93} INFO -     "nullable" : true,
[2025-05-22T20:32:02.049+0530] {subprocess.py:93} INFO -     "metadata" : { }
[2025-05-22T20:32:02.049+0530] {subprocess.py:93} INFO -   }, {
[2025-05-22T20:32:02.050+0530] {subprocess.py:93} INFO -     "name" : "mta_tax",
[2025-05-22T20:32:02.050+0530] {subprocess.py:93} INFO -     "type" : "double",
[2025-05-22T20:32:02.050+0530] {subprocess.py:93} INFO -     "nullable" : true,
[2025-05-22T20:32:02.050+0530] {subprocess.py:93} INFO -     "metadata" : { }
[2025-05-22T20:32:02.050+0530] {subprocess.py:93} INFO -   }, {
[2025-05-22T20:32:02.050+0530] {subprocess.py:93} INFO -     "name" : "tip_amount",
[2025-05-22T20:32:02.050+0530] {subprocess.py:93} INFO -     "type" : "double",
[2025-05-22T20:32:02.050+0530] {subprocess.py:93} INFO -     "nullable" : true,
[2025-05-22T20:32:02.050+0530] {subprocess.py:93} INFO -     "metadata" : { }
[2025-05-22T20:32:02.050+0530] {subprocess.py:93} INFO -   }, {
[2025-05-22T20:32:02.051+0530] {subprocess.py:93} INFO -     "name" : "tolls_amount",
[2025-05-22T20:32:02.051+0530] {subprocess.py:93} INFO -     "type" : "double",
[2025-05-22T20:32:02.051+0530] {subprocess.py:93} INFO -     "nullable" : true,
[2025-05-22T20:32:02.051+0530] {subprocess.py:93} INFO -     "metadata" : { }
[2025-05-22T20:32:02.051+0530] {subprocess.py:93} INFO -   }, {
[2025-05-22T20:32:02.051+0530] {subprocess.py:93} INFO -     "name" : "improvement_surcharge",
[2025-05-22T20:32:02.051+0530] {subprocess.py:93} INFO -     "type" : "double",
[2025-05-22T20:32:02.051+0530] {subprocess.py:93} INFO -     "nullable" : true,
[2025-05-22T20:32:02.051+0530] {subprocess.py:93} INFO -     "metadata" : { }
[2025-05-22T20:32:02.052+0530] {subprocess.py:93} INFO -   }, {
[2025-05-22T20:32:02.052+0530] {subprocess.py:93} INFO -     "name" : "total_amount",
[2025-05-22T20:32:02.052+0530] {subprocess.py:93} INFO -     "type" : "double",
[2025-05-22T20:32:02.052+0530] {subprocess.py:93} INFO -     "nullable" : true,
[2025-05-22T20:32:02.052+0530] {subprocess.py:93} INFO -     "metadata" : { }
[2025-05-22T20:32:02.052+0530] {subprocess.py:93} INFO -   }, {
[2025-05-22T20:32:02.053+0530] {subprocess.py:93} INFO -     "name" : "trip_amt_INR",
[2025-05-22T20:32:02.053+0530] {subprocess.py:93} INFO -     "type" : "double",
[2025-05-22T20:32:02.053+0530] {subprocess.py:93} INFO -     "nullable" : true,
[2025-05-22T20:32:02.053+0530] {subprocess.py:93} INFO -     "metadata" : { }
[2025-05-22T20:32:02.053+0530] {subprocess.py:93} INFO -   }, {
[2025-05-22T20:32:02.053+0530] {subprocess.py:93} INFO -     "name" : "congestion_surcharge",
[2025-05-22T20:32:02.053+0530] {subprocess.py:93} INFO -     "type" : "double",
[2025-05-22T20:32:02.053+0530] {subprocess.py:93} INFO -     "nullable" : true,
[2025-05-22T20:32:02.053+0530] {subprocess.py:93} INFO -     "metadata" : { }
[2025-05-22T20:32:02.054+0530] {subprocess.py:93} INFO -   } ]
[2025-05-22T20:32:02.054+0530] {subprocess.py:93} INFO - }
[2025-05-22T20:32:02.054+0530] {subprocess.py:93} INFO - and corresponding Parquet message type:
[2025-05-22T20:32:02.054+0530] {subprocess.py:93} INFO - message spark_schema {
[2025-05-22T20:32:02.054+0530] {subprocess.py:93} INFO -   required int32 Payment_id;
[2025-05-22T20:32:02.054+0530] {subprocess.py:93} INFO -   required int32 Trip_id;
[2025-05-22T20:32:02.054+0530] {subprocess.py:93} INFO -   optional int32 payment_type;
[2025-05-22T20:32:02.054+0530] {subprocess.py:93} INFO -   optional double fare_amount;
[2025-05-22T20:32:02.054+0530] {subprocess.py:93} INFO -   optional double extra;
[2025-05-22T20:32:02.054+0530] {subprocess.py:93} INFO -   optional double mta_tax;
[2025-05-22T20:32:02.055+0530] {subprocess.py:93} INFO -   optional double tip_amount;
[2025-05-22T20:32:02.055+0530] {subprocess.py:93} INFO -   optional double tolls_amount;
[2025-05-22T20:32:02.055+0530] {subprocess.py:93} INFO -   optional double improvement_surcharge;
[2025-05-22T20:32:02.055+0530] {subprocess.py:93} INFO -   optional double total_amount;
[2025-05-22T20:32:02.055+0530] {subprocess.py:93} INFO -   optional double trip_amt_INR;
[2025-05-22T20:32:02.055+0530] {subprocess.py:93} INFO -   optional double congestion_surcharge;
[2025-05-22T20:32:02.055+0530] {subprocess.py:93} INFO - }
[2025-05-22T20:32:02.055+0530] {subprocess.py:93} INFO - 
[2025-05-22T20:32:02.055+0530] {subprocess.py:93} INFO - 
[2025-05-22T20:32:02.068+0530] {subprocess.py:93} INFO - 25/05/22 20:32:02 INFO ExternalAppendOnlyUnsafeRowArray: Reached spill threshold of 4096 rows, switching to org.apache.spark.util.collection.unsafe.sort.UnsafeExternalSorter
[2025-05-22T20:32:03.693+0530] {subprocess.py:93} INFO - 25/05/22 20:32:03 INFO FileOutputCommitter: Saved output of task 'attempt_202505222032011656859561265524717_0006_m_000000_18' to file:/home/pranav_shirali/airflow-project/scripts/ETL/nyc_taxi_payment.parquet/_temporary/0/task_202505222032011656859561265524717_0006_m_000000
[2025-05-22T20:32:03.694+0530] {subprocess.py:93} INFO - 25/05/22 20:32:03 INFO SparkHadoopMapRedUtil: attempt_202505222032011656859561265524717_0006_m_000000_18: Committed. Elapsed time: 0 ms.
[2025-05-22T20:32:03.703+0530] {subprocess.py:93} INFO - 25/05/22 20:32:03 INFO Executor: Finished task 0.0 in stage 6.0 (TID 18). 5915 bytes result sent to driver
[2025-05-22T20:32:03.707+0530] {subprocess.py:93} INFO - 25/05/22 20:32:03 INFO TaskSetManager: Finished task 0.0 in stage 6.0 (TID 18) in 2637 ms on 10.255.255.254 (executor driver) (1/1)
[2025-05-22T20:32:03.708+0530] {subprocess.py:93} INFO - 25/05/22 20:32:03 INFO TaskSchedulerImpl: Removed TaskSet 6.0, whose tasks have all completed, from pool
[2025-05-22T20:32:03.711+0530] {subprocess.py:93} INFO - 25/05/22 20:32:03 INFO DAGScheduler: ResultStage 6 (parquet at NativeMethodAccessorImpl.java:0) finished in 2.669 s
[2025-05-22T20:32:03.712+0530] {subprocess.py:93} INFO - 25/05/22 20:32:03 INFO DAGScheduler: Job 4 is finished. Cancelling potential speculative or zombie tasks for this job
[2025-05-22T20:32:03.713+0530] {subprocess.py:93} INFO - 25/05/22 20:32:03 INFO TaskSchedulerImpl: Killing all running tasks in stage 6: Stage finished
[2025-05-22T20:32:03.713+0530] {subprocess.py:93} INFO - 25/05/22 20:32:03 INFO DAGScheduler: Job 4 finished: parquet at NativeMethodAccessorImpl.java:0, took 2.676408 s
[2025-05-22T20:32:03.716+0530] {subprocess.py:93} INFO - 25/05/22 20:32:03 INFO FileFormatWriter: Start to commit write Job 1845494a-db8e-4658-ad69-21f5c5bb1cd3.
[2025-05-22T20:32:03.742+0530] {subprocess.py:93} INFO - 25/05/22 20:32:03 INFO FileFormatWriter: Write Job 1845494a-db8e-4658-ad69-21f5c5bb1cd3 committed. Elapsed time: 28 ms.
[2025-05-22T20:32:03.743+0530] {subprocess.py:93} INFO - 25/05/22 20:32:03 INFO FileFormatWriter: Finished processing stats for write job 1845494a-db8e-4658-ad69-21f5c5bb1cd3.
[2025-05-22T20:32:03.800+0530] {subprocess.py:93} INFO - 25/05/22 20:32:03 INFO SparkContext: Invoking stop() from shutdown hook
[2025-05-22T20:32:03.800+0530] {subprocess.py:93} INFO - 25/05/22 20:32:03 INFO SparkContext: SparkContext is stopping with exitCode 0.
[2025-05-22T20:32:03.808+0530] {subprocess.py:93} INFO - 25/05/22 20:32:03 INFO SparkUI: Stopped Spark web UI at http://10.255.255.254:4040
[2025-05-22T20:32:03.819+0530] {subprocess.py:93} INFO - 25/05/22 20:32:03 INFO MapOutputTrackerMasterEndpoint: MapOutputTrackerMasterEndpoint stopped!
[2025-05-22T20:32:03.838+0530] {subprocess.py:93} INFO - 25/05/22 20:32:03 INFO MemoryStore: MemoryStore cleared
[2025-05-22T20:32:03.838+0530] {subprocess.py:93} INFO - 25/05/22 20:32:03 INFO BlockManager: BlockManager stopped
[2025-05-22T20:32:03.840+0530] {subprocess.py:93} INFO - 25/05/22 20:32:03 INFO BlockManagerMaster: BlockManagerMaster stopped
[2025-05-22T20:32:03.842+0530] {subprocess.py:93} INFO - 25/05/22 20:32:03 INFO OutputCommitCoordinator$OutputCommitCoordinatorEndpoint: OutputCommitCoordinator stopped!
[2025-05-22T20:32:03.849+0530] {subprocess.py:93} INFO - 25/05/22 20:32:03 INFO SparkContext: Successfully stopped SparkContext
[2025-05-22T20:32:03.849+0530] {subprocess.py:93} INFO - 25/05/22 20:32:03 INFO ShutdownHookManager: Shutdown hook called
[2025-05-22T20:32:03.850+0530] {subprocess.py:93} INFO - 25/05/22 20:32:03 INFO ShutdownHookManager: Deleting directory /tmp/spark-c4fb76bf-3be1-4c1d-9d05-6488a0d954a2
[2025-05-22T20:32:03.852+0530] {subprocess.py:93} INFO - 25/05/22 20:32:03 INFO ShutdownHookManager: Deleting directory /tmp/spark-92649b8d-b1db-4072-96cf-f237956b0876
[2025-05-22T20:32:03.855+0530] {subprocess.py:93} INFO - 25/05/22 20:32:03 INFO ShutdownHookManager: Deleting directory /tmp/spark-92649b8d-b1db-4072-96cf-f237956b0876/pyspark-f3a76370-9a93-4387-94dd-c7cb0f92ad9c
[2025-05-22T20:32:03.917+0530] {subprocess.py:97} INFO - Command exited with return code 0
[2025-05-22T20:32:03.933+0530] {taskinstance.py:340} INFO - ::group::Post task execution logs
[2025-05-22T20:32:03.934+0530] {taskinstance.py:352} INFO - Marking task as SUCCESS. dag_id=nyc_taxi_etl, task_id=transform_data, run_id=manual__2025-05-22T15:00:43.967673+00:00, execution_date=20250522T150043, start_date=20250522T150144, end_date=20250522T150203
[2025-05-22T20:32:03.954+0530] {local_task_job_runner.py:266} INFO - Task exited with return code 0
[2025-05-22T20:32:03.966+0530] {taskinstance.py:3900} INFO - 1 downstream tasks scheduled from follow-on schedule check
[2025-05-22T20:32:03.969+0530] {local_task_job_runner.py:245} INFO - ::endgroup::
