[2025-03-27T22:18:19.078+0530] {processor.py:186} INFO - Started process (PID=643) to work on /home/pranav_shirali/airflow-project/airflow-env/lib/python3.10/site-packages/airflow/example_dags/plugins/workday.py
[2025-03-27T22:18:19.079+0530] {processor.py:914} INFO - Processing file /home/pranav_shirali/airflow-project/airflow-env/lib/python3.10/site-packages/airflow/example_dags/plugins/workday.py for tasks to queue
[2025-03-27T22:18:19.082+0530] {logging_mixin.py:190} INFO - [2025-03-27T22:18:19.081+0530] {dagbag.py:588} INFO - Filling up the DagBag from /home/pranav_shirali/airflow-project/airflow-env/lib/python3.10/site-packages/airflow/example_dags/plugins/workday.py
[2025-03-27T22:18:19.087+0530] {logging_mixin.py:190} INFO - [2025-03-27T22:18:19.087+0530] {workday.py:41} WARNING - Could not import pandas. Holidays will not be considered.
[2025-03-27T22:18:19.088+0530] {processor.py:927} WARNING - No viable dags retrieved from /home/pranav_shirali/airflow-project/airflow-env/lib/python3.10/site-packages/airflow/example_dags/plugins/workday.py
[2025-03-27T22:18:19.104+0530] {processor.py:208} INFO - Processing /home/pranav_shirali/airflow-project/airflow-env/lib/python3.10/site-packages/airflow/example_dags/plugins/workday.py took 0.034 seconds
[2025-03-27T22:19:39.538+0530] {processor.py:186} INFO - Started process (PID=717) to work on /home/pranav_shirali/airflow-project/airflow-env/lib/python3.10/site-packages/airflow/example_dags/plugins/workday.py
[2025-03-27T22:19:39.541+0530] {processor.py:914} INFO - Processing file /home/pranav_shirali/airflow-project/airflow-env/lib/python3.10/site-packages/airflow/example_dags/plugins/workday.py for tasks to queue
[2025-03-27T22:19:39.544+0530] {logging_mixin.py:190} INFO - [2025-03-27T22:19:39.543+0530] {dagbag.py:588} INFO - Filling up the DagBag from /home/pranav_shirali/airflow-project/airflow-env/lib/python3.10/site-packages/airflow/example_dags/plugins/workday.py
[2025-03-27T22:19:39.548+0530] {logging_mixin.py:190} INFO - [2025-03-27T22:19:39.547+0530] {workday.py:41} WARNING - Could not import pandas. Holidays will not be considered.
[2025-03-27T22:19:39.548+0530] {processor.py:927} WARNING - No viable dags retrieved from /home/pranav_shirali/airflow-project/airflow-env/lib/python3.10/site-packages/airflow/example_dags/plugins/workday.py
[2025-03-27T22:19:39.568+0530] {processor.py:208} INFO - Processing /home/pranav_shirali/airflow-project/airflow-env/lib/python3.10/site-packages/airflow/example_dags/plugins/workday.py took 0.039 seconds
[2025-03-27T22:20:47.209+0530] {processor.py:186} INFO - Started process (PID=783) to work on /home/pranav_shirali/airflow-project/airflow-env/lib/python3.10/site-packages/airflow/example_dags/plugins/workday.py
[2025-03-27T22:20:47.213+0530] {processor.py:914} INFO - Processing file /home/pranav_shirali/airflow-project/airflow-env/lib/python3.10/site-packages/airflow/example_dags/plugins/workday.py for tasks to queue
[2025-03-27T22:20:47.216+0530] {logging_mixin.py:190} INFO - [2025-03-27T22:20:47.216+0530] {dagbag.py:588} INFO - Filling up the DagBag from /home/pranav_shirali/airflow-project/airflow-env/lib/python3.10/site-packages/airflow/example_dags/plugins/workday.py
[2025-03-27T22:20:47.220+0530] {logging_mixin.py:190} INFO - [2025-03-27T22:20:47.220+0530] {workday.py:41} WARNING - Could not import pandas. Holidays will not be considered.
[2025-03-27T22:20:47.221+0530] {processor.py:927} WARNING - No viable dags retrieved from /home/pranav_shirali/airflow-project/airflow-env/lib/python3.10/site-packages/airflow/example_dags/plugins/workday.py
[2025-03-27T22:20:47.238+0530] {processor.py:208} INFO - Processing /home/pranav_shirali/airflow-project/airflow-env/lib/python3.10/site-packages/airflow/example_dags/plugins/workday.py took 0.039 seconds
[2025-03-27T22:21:55.414+0530] {processor.py:186} INFO - Started process (PID=847) to work on /home/pranav_shirali/airflow-project/airflow-env/lib/python3.10/site-packages/airflow/example_dags/plugins/workday.py
[2025-03-27T22:21:55.418+0530] {processor.py:914} INFO - Processing file /home/pranav_shirali/airflow-project/airflow-env/lib/python3.10/site-packages/airflow/example_dags/plugins/workday.py for tasks to queue
[2025-03-27T22:21:55.422+0530] {logging_mixin.py:190} INFO - [2025-03-27T22:21:55.421+0530] {dagbag.py:588} INFO - Filling up the DagBag from /home/pranav_shirali/airflow-project/airflow-env/lib/python3.10/site-packages/airflow/example_dags/plugins/workday.py
[2025-03-27T22:21:55.426+0530] {logging_mixin.py:190} INFO - [2025-03-27T22:21:55.425+0530] {workday.py:41} WARNING - Could not import pandas. Holidays will not be considered.
[2025-03-27T22:21:55.426+0530] {processor.py:927} WARNING - No viable dags retrieved from /home/pranav_shirali/airflow-project/airflow-env/lib/python3.10/site-packages/airflow/example_dags/plugins/workday.py
[2025-03-27T22:21:55.441+0530] {processor.py:208} INFO - Processing /home/pranav_shirali/airflow-project/airflow-env/lib/python3.10/site-packages/airflow/example_dags/plugins/workday.py took 0.037 seconds
[2025-03-27T22:22:57.541+0530] {processor.py:186} INFO - Started process (PID=904) to work on /home/pranav_shirali/airflow-project/airflow-env/lib/python3.10/site-packages/airflow/example_dags/plugins/workday.py
[2025-03-27T22:22:57.545+0530] {processor.py:914} INFO - Processing file /home/pranav_shirali/airflow-project/airflow-env/lib/python3.10/site-packages/airflow/example_dags/plugins/workday.py for tasks to queue
[2025-03-27T22:22:57.549+0530] {logging_mixin.py:190} INFO - [2025-03-27T22:22:57.548+0530] {dagbag.py:588} INFO - Filling up the DagBag from /home/pranav_shirali/airflow-project/airflow-env/lib/python3.10/site-packages/airflow/example_dags/plugins/workday.py
[2025-03-27T22:22:57.554+0530] {logging_mixin.py:190} INFO - [2025-03-27T22:22:57.554+0530] {workday.py:41} WARNING - Could not import pandas. Holidays will not be considered.
[2025-03-27T22:22:57.555+0530] {processor.py:927} WARNING - No viable dags retrieved from /home/pranav_shirali/airflow-project/airflow-env/lib/python3.10/site-packages/airflow/example_dags/plugins/workday.py
[2025-03-27T22:22:57.574+0530] {processor.py:208} INFO - Processing /home/pranav_shirali/airflow-project/airflow-env/lib/python3.10/site-packages/airflow/example_dags/plugins/workday.py took 0.047 seconds
[2025-03-27T22:24:01.464+0530] {processor.py:186} INFO - Started process (PID=964) to work on /home/pranav_shirali/airflow-project/airflow-env/lib/python3.10/site-packages/airflow/example_dags/plugins/workday.py
[2025-03-27T22:24:01.468+0530] {processor.py:914} INFO - Processing file /home/pranav_shirali/airflow-project/airflow-env/lib/python3.10/site-packages/airflow/example_dags/plugins/workday.py for tasks to queue
[2025-03-27T22:24:01.471+0530] {logging_mixin.py:190} INFO - [2025-03-27T22:24:01.471+0530] {dagbag.py:588} INFO - Filling up the DagBag from /home/pranav_shirali/airflow-project/airflow-env/lib/python3.10/site-packages/airflow/example_dags/plugins/workday.py
[2025-03-27T22:24:01.475+0530] {logging_mixin.py:190} INFO - [2025-03-27T22:24:01.475+0530] {workday.py:41} WARNING - Could not import pandas. Holidays will not be considered.
[2025-03-27T22:24:01.476+0530] {processor.py:927} WARNING - No viable dags retrieved from /home/pranav_shirali/airflow-project/airflow-env/lib/python3.10/site-packages/airflow/example_dags/plugins/workday.py
[2025-03-27T22:24:01.490+0530] {processor.py:208} INFO - Processing /home/pranav_shirali/airflow-project/airflow-env/lib/python3.10/site-packages/airflow/example_dags/plugins/workday.py took 0.034 seconds
[2025-03-27T22:25:03.511+0530] {processor.py:186} INFO - Started process (PID=1026) to work on /home/pranav_shirali/airflow-project/airflow-env/lib/python3.10/site-packages/airflow/example_dags/plugins/workday.py
[2025-03-27T22:25:03.514+0530] {processor.py:914} INFO - Processing file /home/pranav_shirali/airflow-project/airflow-env/lib/python3.10/site-packages/airflow/example_dags/plugins/workday.py for tasks to queue
[2025-03-27T22:25:03.518+0530] {logging_mixin.py:190} INFO - [2025-03-27T22:25:03.517+0530] {dagbag.py:588} INFO - Filling up the DagBag from /home/pranav_shirali/airflow-project/airflow-env/lib/python3.10/site-packages/airflow/example_dags/plugins/workday.py
[2025-03-27T22:25:03.522+0530] {logging_mixin.py:190} INFO - [2025-03-27T22:25:03.522+0530] {workday.py:41} WARNING - Could not import pandas. Holidays will not be considered.
[2025-03-27T22:25:03.523+0530] {processor.py:927} WARNING - No viable dags retrieved from /home/pranav_shirali/airflow-project/airflow-env/lib/python3.10/site-packages/airflow/example_dags/plugins/workday.py
[2025-03-27T22:25:03.540+0530] {processor.py:208} INFO - Processing /home/pranav_shirali/airflow-project/airflow-env/lib/python3.10/site-packages/airflow/example_dags/plugins/workday.py took 0.038 seconds
[2025-03-27T22:26:09.034+0530] {processor.py:186} INFO - Started process (PID=1090) to work on /home/pranav_shirali/airflow-project/airflow-env/lib/python3.10/site-packages/airflow/example_dags/plugins/workday.py
[2025-03-27T22:26:09.037+0530] {processor.py:914} INFO - Processing file /home/pranav_shirali/airflow-project/airflow-env/lib/python3.10/site-packages/airflow/example_dags/plugins/workday.py for tasks to queue
[2025-03-27T22:26:09.040+0530] {logging_mixin.py:190} INFO - [2025-03-27T22:26:09.039+0530] {dagbag.py:588} INFO - Filling up the DagBag from /home/pranav_shirali/airflow-project/airflow-env/lib/python3.10/site-packages/airflow/example_dags/plugins/workday.py
[2025-03-27T22:26:09.044+0530] {logging_mixin.py:190} INFO - [2025-03-27T22:26:09.043+0530] {workday.py:41} WARNING - Could not import pandas. Holidays will not be considered.
[2025-03-27T22:26:09.044+0530] {processor.py:927} WARNING - No viable dags retrieved from /home/pranav_shirali/airflow-project/airflow-env/lib/python3.10/site-packages/airflow/example_dags/plugins/workday.py
[2025-03-27T22:26:09.058+0530] {processor.py:208} INFO - Processing /home/pranav_shirali/airflow-project/airflow-env/lib/python3.10/site-packages/airflow/example_dags/plugins/workday.py took 0.034 seconds
[2025-03-27T22:27:11.564+0530] {processor.py:186} INFO - Started process (PID=1149) to work on /home/pranav_shirali/airflow-project/airflow-env/lib/python3.10/site-packages/airflow/example_dags/plugins/workday.py
[2025-03-27T22:27:11.568+0530] {processor.py:914} INFO - Processing file /home/pranav_shirali/airflow-project/airflow-env/lib/python3.10/site-packages/airflow/example_dags/plugins/workday.py for tasks to queue
[2025-03-27T22:27:11.571+0530] {logging_mixin.py:190} INFO - [2025-03-27T22:27:11.571+0530] {dagbag.py:588} INFO - Filling up the DagBag from /home/pranav_shirali/airflow-project/airflow-env/lib/python3.10/site-packages/airflow/example_dags/plugins/workday.py
[2025-03-27T22:27:11.575+0530] {logging_mixin.py:190} INFO - [2025-03-27T22:27:11.575+0530] {workday.py:41} WARNING - Could not import pandas. Holidays will not be considered.
[2025-03-27T22:27:11.576+0530] {processor.py:927} WARNING - No viable dags retrieved from /home/pranav_shirali/airflow-project/airflow-env/lib/python3.10/site-packages/airflow/example_dags/plugins/workday.py
[2025-03-27T22:27:11.591+0530] {processor.py:208} INFO - Processing /home/pranav_shirali/airflow-project/airflow-env/lib/python3.10/site-packages/airflow/example_dags/plugins/workday.py took 0.037 seconds
[2025-03-27T22:28:16.021+0530] {processor.py:186} INFO - Started process (PID=1207) to work on /home/pranav_shirali/airflow-project/airflow-env/lib/python3.10/site-packages/airflow/example_dags/plugins/workday.py
[2025-03-27T22:28:16.023+0530] {processor.py:914} INFO - Processing file /home/pranav_shirali/airflow-project/airflow-env/lib/python3.10/site-packages/airflow/example_dags/plugins/workday.py for tasks to queue
[2025-03-27T22:28:16.026+0530] {logging_mixin.py:190} INFO - [2025-03-27T22:28:16.025+0530] {dagbag.py:588} INFO - Filling up the DagBag from /home/pranav_shirali/airflow-project/airflow-env/lib/python3.10/site-packages/airflow/example_dags/plugins/workday.py
[2025-03-27T22:28:16.029+0530] {logging_mixin.py:190} INFO - [2025-03-27T22:28:16.029+0530] {workday.py:41} WARNING - Could not import pandas. Holidays will not be considered.
[2025-03-27T22:28:16.030+0530] {processor.py:927} WARNING - No viable dags retrieved from /home/pranav_shirali/airflow-project/airflow-env/lib/python3.10/site-packages/airflow/example_dags/plugins/workday.py
[2025-03-27T22:28:16.045+0530] {processor.py:208} INFO - Processing /home/pranav_shirali/airflow-project/airflow-env/lib/python3.10/site-packages/airflow/example_dags/plugins/workday.py took 0.033 seconds
[2025-03-27T22:29:16.736+0530] {processor.py:186} INFO - Started process (PID=1264) to work on /home/pranav_shirali/airflow-project/airflow-env/lib/python3.10/site-packages/airflow/example_dags/plugins/workday.py
[2025-03-27T22:29:16.739+0530] {processor.py:914} INFO - Processing file /home/pranav_shirali/airflow-project/airflow-env/lib/python3.10/site-packages/airflow/example_dags/plugins/workday.py for tasks to queue
[2025-03-27T22:29:16.742+0530] {logging_mixin.py:190} INFO - [2025-03-27T22:29:16.741+0530] {dagbag.py:588} INFO - Filling up the DagBag from /home/pranav_shirali/airflow-project/airflow-env/lib/python3.10/site-packages/airflow/example_dags/plugins/workday.py
[2025-03-27T22:29:16.747+0530] {logging_mixin.py:190} INFO - [2025-03-27T22:29:16.746+0530] {workday.py:41} WARNING - Could not import pandas. Holidays will not be considered.
[2025-03-27T22:29:16.747+0530] {processor.py:927} WARNING - No viable dags retrieved from /home/pranav_shirali/airflow-project/airflow-env/lib/python3.10/site-packages/airflow/example_dags/plugins/workday.py
[2025-03-27T22:29:16.764+0530] {processor.py:208} INFO - Processing /home/pranav_shirali/airflow-project/airflow-env/lib/python3.10/site-packages/airflow/example_dags/plugins/workday.py took 0.038 seconds
[2025-03-27T22:30:22.009+0530] {processor.py:186} INFO - Started process (PID=1326) to work on /home/pranav_shirali/airflow-project/airflow-env/lib/python3.10/site-packages/airflow/example_dags/plugins/workday.py
[2025-03-27T22:30:22.011+0530] {processor.py:914} INFO - Processing file /home/pranav_shirali/airflow-project/airflow-env/lib/python3.10/site-packages/airflow/example_dags/plugins/workday.py for tasks to queue
[2025-03-27T22:30:22.014+0530] {logging_mixin.py:190} INFO - [2025-03-27T22:30:22.014+0530] {dagbag.py:588} INFO - Filling up the DagBag from /home/pranav_shirali/airflow-project/airflow-env/lib/python3.10/site-packages/airflow/example_dags/plugins/workday.py
[2025-03-27T22:30:22.018+0530] {logging_mixin.py:190} INFO - [2025-03-27T22:30:22.017+0530] {workday.py:41} WARNING - Could not import pandas. Holidays will not be considered.
[2025-03-27T22:30:22.018+0530] {processor.py:927} WARNING - No viable dags retrieved from /home/pranav_shirali/airflow-project/airflow-env/lib/python3.10/site-packages/airflow/example_dags/plugins/workday.py
[2025-03-27T22:30:22.033+0530] {processor.py:208} INFO - Processing /home/pranav_shirali/airflow-project/airflow-env/lib/python3.10/site-packages/airflow/example_dags/plugins/workday.py took 0.034 seconds
[2025-03-27T22:31:29.454+0530] {processor.py:186} INFO - Started process (PID=1386) to work on /home/pranav_shirali/airflow-project/airflow-env/lib/python3.10/site-packages/airflow/example_dags/plugins/workday.py
[2025-03-27T22:31:29.457+0530] {processor.py:914} INFO - Processing file /home/pranav_shirali/airflow-project/airflow-env/lib/python3.10/site-packages/airflow/example_dags/plugins/workday.py for tasks to queue
[2025-03-27T22:31:29.461+0530] {logging_mixin.py:190} INFO - [2025-03-27T22:31:29.461+0530] {dagbag.py:588} INFO - Filling up the DagBag from /home/pranav_shirali/airflow-project/airflow-env/lib/python3.10/site-packages/airflow/example_dags/plugins/workday.py
[2025-03-27T22:31:29.465+0530] {logging_mixin.py:190} INFO - [2025-03-27T22:31:29.465+0530] {workday.py:41} WARNING - Could not import pandas. Holidays will not be considered.
[2025-03-27T22:31:29.465+0530] {processor.py:927} WARNING - No viable dags retrieved from /home/pranav_shirali/airflow-project/airflow-env/lib/python3.10/site-packages/airflow/example_dags/plugins/workday.py
[2025-03-27T22:31:29.480+0530] {processor.py:208} INFO - Processing /home/pranav_shirali/airflow-project/airflow-env/lib/python3.10/site-packages/airflow/example_dags/plugins/workday.py took 0.036 seconds
[2025-03-27T22:32:28.318+0530] {processor.py:186} INFO - Started process (PID=1442) to work on /home/pranav_shirali/airflow-project/airflow-env/lib/python3.10/site-packages/airflow/example_dags/plugins/workday.py
[2025-03-27T22:32:28.320+0530] {processor.py:914} INFO - Processing file /home/pranav_shirali/airflow-project/airflow-env/lib/python3.10/site-packages/airflow/example_dags/plugins/workday.py for tasks to queue
[2025-03-27T22:32:28.322+0530] {logging_mixin.py:190} INFO - [2025-03-27T22:32:28.322+0530] {dagbag.py:588} INFO - Filling up the DagBag from /home/pranav_shirali/airflow-project/airflow-env/lib/python3.10/site-packages/airflow/example_dags/plugins/workday.py
[2025-03-27T22:32:28.326+0530] {logging_mixin.py:190} INFO - [2025-03-27T22:32:28.326+0530] {workday.py:41} WARNING - Could not import pandas. Holidays will not be considered.
[2025-03-27T22:32:28.327+0530] {processor.py:927} WARNING - No viable dags retrieved from /home/pranav_shirali/airflow-project/airflow-env/lib/python3.10/site-packages/airflow/example_dags/plugins/workday.py
[2025-03-27T22:32:28.341+0530] {processor.py:208} INFO - Processing /home/pranav_shirali/airflow-project/airflow-env/lib/python3.10/site-packages/airflow/example_dags/plugins/workday.py took 0.031 seconds
[2025-03-27T22:33:39.317+0530] {processor.py:186} INFO - Started process (PID=1506) to work on /home/pranav_shirali/airflow-project/airflow-env/lib/python3.10/site-packages/airflow/example_dags/plugins/workday.py
[2025-03-27T22:33:39.320+0530] {processor.py:914} INFO - Processing file /home/pranav_shirali/airflow-project/airflow-env/lib/python3.10/site-packages/airflow/example_dags/plugins/workday.py for tasks to queue
[2025-03-27T22:33:39.324+0530] {logging_mixin.py:190} INFO - [2025-03-27T22:33:39.323+0530] {dagbag.py:588} INFO - Filling up the DagBag from /home/pranav_shirali/airflow-project/airflow-env/lib/python3.10/site-packages/airflow/example_dags/plugins/workday.py
[2025-03-27T22:33:39.327+0530] {logging_mixin.py:190} INFO - [2025-03-27T22:33:39.327+0530] {workday.py:41} WARNING - Could not import pandas. Holidays will not be considered.
[2025-03-27T22:33:39.328+0530] {processor.py:927} WARNING - No viable dags retrieved from /home/pranav_shirali/airflow-project/airflow-env/lib/python3.10/site-packages/airflow/example_dags/plugins/workday.py
[2025-03-27T22:33:39.342+0530] {processor.py:208} INFO - Processing /home/pranav_shirali/airflow-project/airflow-env/lib/python3.10/site-packages/airflow/example_dags/plugins/workday.py took 0.035 seconds
[2025-03-27T22:34:41.869+0530] {processor.py:186} INFO - Started process (PID=1566) to work on /home/pranav_shirali/airflow-project/airflow-env/lib/python3.10/site-packages/airflow/example_dags/plugins/workday.py
[2025-03-27T22:34:41.872+0530] {processor.py:914} INFO - Processing file /home/pranav_shirali/airflow-project/airflow-env/lib/python3.10/site-packages/airflow/example_dags/plugins/workday.py for tasks to queue
[2025-03-27T22:34:41.876+0530] {logging_mixin.py:190} INFO - [2025-03-27T22:34:41.875+0530] {dagbag.py:588} INFO - Filling up the DagBag from /home/pranav_shirali/airflow-project/airflow-env/lib/python3.10/site-packages/airflow/example_dags/plugins/workday.py
[2025-03-27T22:34:41.880+0530] {logging_mixin.py:190} INFO - [2025-03-27T22:34:41.880+0530] {workday.py:41} WARNING - Could not import pandas. Holidays will not be considered.
[2025-03-27T22:34:41.881+0530] {processor.py:927} WARNING - No viable dags retrieved from /home/pranav_shirali/airflow-project/airflow-env/lib/python3.10/site-packages/airflow/example_dags/plugins/workday.py
[2025-03-27T22:34:41.895+0530] {processor.py:208} INFO - Processing /home/pranav_shirali/airflow-project/airflow-env/lib/python3.10/site-packages/airflow/example_dags/plugins/workday.py took 0.035 seconds
[2025-03-27T22:35:44.218+0530] {processor.py:186} INFO - Started process (PID=1626) to work on /home/pranav_shirali/airflow-project/airflow-env/lib/python3.10/site-packages/airflow/example_dags/plugins/workday.py
[2025-03-27T22:35:44.222+0530] {processor.py:914} INFO - Processing file /home/pranav_shirali/airflow-project/airflow-env/lib/python3.10/site-packages/airflow/example_dags/plugins/workday.py for tasks to queue
[2025-03-27T22:35:44.225+0530] {logging_mixin.py:190} INFO - [2025-03-27T22:35:44.225+0530] {dagbag.py:588} INFO - Filling up the DagBag from /home/pranav_shirali/airflow-project/airflow-env/lib/python3.10/site-packages/airflow/example_dags/plugins/workday.py
[2025-03-27T22:35:44.229+0530] {logging_mixin.py:190} INFO - [2025-03-27T22:35:44.229+0530] {workday.py:41} WARNING - Could not import pandas. Holidays will not be considered.
[2025-03-27T22:35:44.230+0530] {processor.py:927} WARNING - No viable dags retrieved from /home/pranav_shirali/airflow-project/airflow-env/lib/python3.10/site-packages/airflow/example_dags/plugins/workday.py
[2025-03-27T22:35:44.248+0530] {processor.py:208} INFO - Processing /home/pranav_shirali/airflow-project/airflow-env/lib/python3.10/site-packages/airflow/example_dags/plugins/workday.py took 0.039 seconds
[2025-03-27T22:36:47.838+0530] {processor.py:186} INFO - Started process (PID=1683) to work on /home/pranav_shirali/airflow-project/airflow-env/lib/python3.10/site-packages/airflow/example_dags/plugins/workday.py
[2025-03-27T22:36:47.842+0530] {processor.py:914} INFO - Processing file /home/pranav_shirali/airflow-project/airflow-env/lib/python3.10/site-packages/airflow/example_dags/plugins/workday.py for tasks to queue
[2025-03-27T22:36:47.845+0530] {logging_mixin.py:190} INFO - [2025-03-27T22:36:47.844+0530] {dagbag.py:588} INFO - Filling up the DagBag from /home/pranav_shirali/airflow-project/airflow-env/lib/python3.10/site-packages/airflow/example_dags/plugins/workday.py
[2025-03-27T22:36:47.849+0530] {logging_mixin.py:190} INFO - [2025-03-27T22:36:47.849+0530] {workday.py:41} WARNING - Could not import pandas. Holidays will not be considered.
[2025-03-27T22:36:47.850+0530] {processor.py:927} WARNING - No viable dags retrieved from /home/pranav_shirali/airflow-project/airflow-env/lib/python3.10/site-packages/airflow/example_dags/plugins/workday.py
[2025-03-27T22:36:47.867+0530] {processor.py:208} INFO - Processing /home/pranav_shirali/airflow-project/airflow-env/lib/python3.10/site-packages/airflow/example_dags/plugins/workday.py took 0.038 seconds
[2025-03-27T22:37:51.224+0530] {processor.py:186} INFO - Started process (PID=1743) to work on /home/pranav_shirali/airflow-project/airflow-env/lib/python3.10/site-packages/airflow/example_dags/plugins/workday.py
[2025-03-27T22:37:51.228+0530] {processor.py:914} INFO - Processing file /home/pranav_shirali/airflow-project/airflow-env/lib/python3.10/site-packages/airflow/example_dags/plugins/workday.py for tasks to queue
[2025-03-27T22:37:51.230+0530] {logging_mixin.py:190} INFO - [2025-03-27T22:37:51.230+0530] {dagbag.py:588} INFO - Filling up the DagBag from /home/pranav_shirali/airflow-project/airflow-env/lib/python3.10/site-packages/airflow/example_dags/plugins/workday.py
[2025-03-27T22:37:51.234+0530] {logging_mixin.py:190} INFO - [2025-03-27T22:37:51.233+0530] {workday.py:41} WARNING - Could not import pandas. Holidays will not be considered.
[2025-03-27T22:37:51.234+0530] {processor.py:927} WARNING - No viable dags retrieved from /home/pranav_shirali/airflow-project/airflow-env/lib/python3.10/site-packages/airflow/example_dags/plugins/workday.py
[2025-03-27T22:37:51.247+0530] {processor.py:208} INFO - Processing /home/pranav_shirali/airflow-project/airflow-env/lib/python3.10/site-packages/airflow/example_dags/plugins/workday.py took 0.033 seconds
[2025-03-27T22:38:56.615+0530] {processor.py:186} INFO - Started process (PID=1804) to work on /home/pranav_shirali/airflow-project/airflow-env/lib/python3.10/site-packages/airflow/example_dags/plugins/workday.py
[2025-03-27T22:38:56.619+0530] {processor.py:914} INFO - Processing file /home/pranav_shirali/airflow-project/airflow-env/lib/python3.10/site-packages/airflow/example_dags/plugins/workday.py for tasks to queue
[2025-03-27T22:38:56.622+0530] {logging_mixin.py:190} INFO - [2025-03-27T22:38:56.621+0530] {dagbag.py:588} INFO - Filling up the DagBag from /home/pranav_shirali/airflow-project/airflow-env/lib/python3.10/site-packages/airflow/example_dags/plugins/workday.py
[2025-03-27T22:38:56.625+0530] {logging_mixin.py:190} INFO - [2025-03-27T22:38:56.625+0530] {workday.py:41} WARNING - Could not import pandas. Holidays will not be considered.
[2025-03-27T22:38:56.626+0530] {processor.py:927} WARNING - No viable dags retrieved from /home/pranav_shirali/airflow-project/airflow-env/lib/python3.10/site-packages/airflow/example_dags/plugins/workday.py
[2025-03-27T22:38:56.641+0530] {processor.py:208} INFO - Processing /home/pranav_shirali/airflow-project/airflow-env/lib/python3.10/site-packages/airflow/example_dags/plugins/workday.py took 0.034 seconds
[2025-03-27T22:40:00.642+0530] {processor.py:186} INFO - Started process (PID=1862) to work on /home/pranav_shirali/airflow-project/airflow-env/lib/python3.10/site-packages/airflow/example_dags/plugins/workday.py
[2025-03-27T22:40:00.646+0530] {processor.py:914} INFO - Processing file /home/pranav_shirali/airflow-project/airflow-env/lib/python3.10/site-packages/airflow/example_dags/plugins/workday.py for tasks to queue
[2025-03-27T22:40:00.649+0530] {logging_mixin.py:190} INFO - [2025-03-27T22:40:00.649+0530] {dagbag.py:588} INFO - Filling up the DagBag from /home/pranav_shirali/airflow-project/airflow-env/lib/python3.10/site-packages/airflow/example_dags/plugins/workday.py
[2025-03-27T22:40:00.653+0530] {logging_mixin.py:190} INFO - [2025-03-27T22:40:00.653+0530] {workday.py:41} WARNING - Could not import pandas. Holidays will not be considered.
[2025-03-27T22:40:00.653+0530] {processor.py:927} WARNING - No viable dags retrieved from /home/pranav_shirali/airflow-project/airflow-env/lib/python3.10/site-packages/airflow/example_dags/plugins/workday.py
[2025-03-27T22:40:00.669+0530] {processor.py:208} INFO - Processing /home/pranav_shirali/airflow-project/airflow-env/lib/python3.10/site-packages/airflow/example_dags/plugins/workday.py took 0.036 seconds
[2025-03-27T22:41:05.387+0530] {processor.py:186} INFO - Started process (PID=1924) to work on /home/pranav_shirali/airflow-project/airflow-env/lib/python3.10/site-packages/airflow/example_dags/plugins/workday.py
[2025-03-27T22:41:05.391+0530] {processor.py:914} INFO - Processing file /home/pranav_shirali/airflow-project/airflow-env/lib/python3.10/site-packages/airflow/example_dags/plugins/workday.py for tasks to queue
[2025-03-27T22:41:05.395+0530] {logging_mixin.py:190} INFO - [2025-03-27T22:41:05.394+0530] {dagbag.py:588} INFO - Filling up the DagBag from /home/pranav_shirali/airflow-project/airflow-env/lib/python3.10/site-packages/airflow/example_dags/plugins/workday.py
[2025-03-27T22:41:05.399+0530] {logging_mixin.py:190} INFO - [2025-03-27T22:41:05.399+0530] {workday.py:41} WARNING - Could not import pandas. Holidays will not be considered.
[2025-03-27T22:41:05.399+0530] {processor.py:927} WARNING - No viable dags retrieved from /home/pranav_shirali/airflow-project/airflow-env/lib/python3.10/site-packages/airflow/example_dags/plugins/workday.py
[2025-03-27T22:41:05.415+0530] {processor.py:208} INFO - Processing /home/pranav_shirali/airflow-project/airflow-env/lib/python3.10/site-packages/airflow/example_dags/plugins/workday.py took 0.036 seconds
[2025-03-27T22:42:11.109+0530] {processor.py:186} INFO - Started process (PID=1986) to work on /home/pranav_shirali/airflow-project/airflow-env/lib/python3.10/site-packages/airflow/example_dags/plugins/workday.py
[2025-03-27T22:42:11.112+0530] {processor.py:914} INFO - Processing file /home/pranav_shirali/airflow-project/airflow-env/lib/python3.10/site-packages/airflow/example_dags/plugins/workday.py for tasks to queue
[2025-03-27T22:42:11.114+0530] {logging_mixin.py:190} INFO - [2025-03-27T22:42:11.114+0530] {dagbag.py:588} INFO - Filling up the DagBag from /home/pranav_shirali/airflow-project/airflow-env/lib/python3.10/site-packages/airflow/example_dags/plugins/workday.py
[2025-03-27T22:42:11.118+0530] {logging_mixin.py:190} INFO - [2025-03-27T22:42:11.118+0530] {workday.py:41} WARNING - Could not import pandas. Holidays will not be considered.
[2025-03-27T22:42:11.119+0530] {processor.py:927} WARNING - No viable dags retrieved from /home/pranav_shirali/airflow-project/airflow-env/lib/python3.10/site-packages/airflow/example_dags/plugins/workday.py
[2025-03-27T22:42:11.133+0530] {processor.py:208} INFO - Processing /home/pranav_shirali/airflow-project/airflow-env/lib/python3.10/site-packages/airflow/example_dags/plugins/workday.py took 0.033 seconds
[2025-03-27T22:43:13.124+0530] {processor.py:186} INFO - Started process (PID=2045) to work on /home/pranav_shirali/airflow-project/airflow-env/lib/python3.10/site-packages/airflow/example_dags/plugins/workday.py
[2025-03-27T22:43:13.127+0530] {processor.py:914} INFO - Processing file /home/pranav_shirali/airflow-project/airflow-env/lib/python3.10/site-packages/airflow/example_dags/plugins/workday.py for tasks to queue
[2025-03-27T22:43:13.129+0530] {logging_mixin.py:190} INFO - [2025-03-27T22:43:13.129+0530] {dagbag.py:588} INFO - Filling up the DagBag from /home/pranav_shirali/airflow-project/airflow-env/lib/python3.10/site-packages/airflow/example_dags/plugins/workday.py
[2025-03-27T22:43:13.133+0530] {logging_mixin.py:190} INFO - [2025-03-27T22:43:13.133+0530] {workday.py:41} WARNING - Could not import pandas. Holidays will not be considered.
[2025-03-27T22:43:13.133+0530] {processor.py:927} WARNING - No viable dags retrieved from /home/pranav_shirali/airflow-project/airflow-env/lib/python3.10/site-packages/airflow/example_dags/plugins/workday.py
[2025-03-27T22:43:13.147+0530] {processor.py:208} INFO - Processing /home/pranav_shirali/airflow-project/airflow-env/lib/python3.10/site-packages/airflow/example_dags/plugins/workday.py took 0.034 seconds
[2025-03-27T22:44:19.605+0530] {processor.py:186} INFO - Started process (PID=2106) to work on /home/pranav_shirali/airflow-project/airflow-env/lib/python3.10/site-packages/airflow/example_dags/plugins/workday.py
[2025-03-27T22:44:19.608+0530] {processor.py:914} INFO - Processing file /home/pranav_shirali/airflow-project/airflow-env/lib/python3.10/site-packages/airflow/example_dags/plugins/workday.py for tasks to queue
[2025-03-27T22:44:19.612+0530] {logging_mixin.py:190} INFO - [2025-03-27T22:44:19.611+0530] {dagbag.py:588} INFO - Filling up the DagBag from /home/pranav_shirali/airflow-project/airflow-env/lib/python3.10/site-packages/airflow/example_dags/plugins/workday.py
[2025-03-27T22:44:19.616+0530] {logging_mixin.py:190} INFO - [2025-03-27T22:44:19.615+0530] {workday.py:41} WARNING - Could not import pandas. Holidays will not be considered.
[2025-03-27T22:44:19.616+0530] {processor.py:927} WARNING - No viable dags retrieved from /home/pranav_shirali/airflow-project/airflow-env/lib/python3.10/site-packages/airflow/example_dags/plugins/workday.py
[2025-03-27T22:44:19.633+0530] {processor.py:208} INFO - Processing /home/pranav_shirali/airflow-project/airflow-env/lib/python3.10/site-packages/airflow/example_dags/plugins/workday.py took 0.038 seconds
[2025-03-27T22:45:22.452+0530] {processor.py:186} INFO - Started process (PID=2165) to work on /home/pranav_shirali/airflow-project/airflow-env/lib/python3.10/site-packages/airflow/example_dags/plugins/workday.py
[2025-03-27T22:45:22.455+0530] {processor.py:914} INFO - Processing file /home/pranav_shirali/airflow-project/airflow-env/lib/python3.10/site-packages/airflow/example_dags/plugins/workday.py for tasks to queue
[2025-03-27T22:45:22.458+0530] {logging_mixin.py:190} INFO - [2025-03-27T22:45:22.457+0530] {dagbag.py:588} INFO - Filling up the DagBag from /home/pranav_shirali/airflow-project/airflow-env/lib/python3.10/site-packages/airflow/example_dags/plugins/workday.py
[2025-03-27T22:45:22.461+0530] {logging_mixin.py:190} INFO - [2025-03-27T22:45:22.461+0530] {workday.py:41} WARNING - Could not import pandas. Holidays will not be considered.
[2025-03-27T22:45:22.462+0530] {processor.py:927} WARNING - No viable dags retrieved from /home/pranav_shirali/airflow-project/airflow-env/lib/python3.10/site-packages/airflow/example_dags/plugins/workday.py
[2025-03-27T22:45:22.476+0530] {processor.py:208} INFO - Processing /home/pranav_shirali/airflow-project/airflow-env/lib/python3.10/site-packages/airflow/example_dags/plugins/workday.py took 0.033 seconds
[2025-03-27T22:46:23.237+0530] {processor.py:186} INFO - Started process (PID=2228) to work on /home/pranav_shirali/airflow-project/airflow-env/lib/python3.10/site-packages/airflow/example_dags/plugins/workday.py
[2025-03-27T22:46:23.240+0530] {processor.py:914} INFO - Processing file /home/pranav_shirali/airflow-project/airflow-env/lib/python3.10/site-packages/airflow/example_dags/plugins/workday.py for tasks to queue
[2025-03-27T22:46:23.245+0530] {logging_mixin.py:190} INFO - [2025-03-27T22:46:23.244+0530] {dagbag.py:588} INFO - Filling up the DagBag from /home/pranav_shirali/airflow-project/airflow-env/lib/python3.10/site-packages/airflow/example_dags/plugins/workday.py
[2025-03-27T22:46:23.248+0530] {logging_mixin.py:190} INFO - [2025-03-27T22:46:23.248+0530] {workday.py:41} WARNING - Could not import pandas. Holidays will not be considered.
[2025-03-27T22:46:23.249+0530] {processor.py:927} WARNING - No viable dags retrieved from /home/pranav_shirali/airflow-project/airflow-env/lib/python3.10/site-packages/airflow/example_dags/plugins/workday.py
[2025-03-27T22:46:23.267+0530] {processor.py:208} INFO - Processing /home/pranav_shirali/airflow-project/airflow-env/lib/python3.10/site-packages/airflow/example_dags/plugins/workday.py took 0.039 seconds
[2025-03-27T22:47:24.512+0530] {processor.py:186} INFO - Started process (PID=2285) to work on /home/pranav_shirali/airflow-project/airflow-env/lib/python3.10/site-packages/airflow/example_dags/plugins/workday.py
[2025-03-27T22:47:24.516+0530] {processor.py:914} INFO - Processing file /home/pranav_shirali/airflow-project/airflow-env/lib/python3.10/site-packages/airflow/example_dags/plugins/workday.py for tasks to queue
[2025-03-27T22:47:24.519+0530] {logging_mixin.py:190} INFO - [2025-03-27T22:47:24.519+0530] {dagbag.py:588} INFO - Filling up the DagBag from /home/pranav_shirali/airflow-project/airflow-env/lib/python3.10/site-packages/airflow/example_dags/plugins/workday.py
[2025-03-27T22:47:24.523+0530] {logging_mixin.py:190} INFO - [2025-03-27T22:47:24.523+0530] {workday.py:41} WARNING - Could not import pandas. Holidays will not be considered.
[2025-03-27T22:47:24.524+0530] {processor.py:927} WARNING - No viable dags retrieved from /home/pranav_shirali/airflow-project/airflow-env/lib/python3.10/site-packages/airflow/example_dags/plugins/workday.py
[2025-03-27T22:47:24.538+0530] {processor.py:208} INFO - Processing /home/pranav_shirali/airflow-project/airflow-env/lib/python3.10/site-packages/airflow/example_dags/plugins/workday.py took 0.035 seconds
[2025-03-27T22:48:28.070+0530] {processor.py:186} INFO - Started process (PID=2343) to work on /home/pranav_shirali/airflow-project/airflow-env/lib/python3.10/site-packages/airflow/example_dags/plugins/workday.py
[2025-03-27T22:48:28.074+0530] {processor.py:914} INFO - Processing file /home/pranav_shirali/airflow-project/airflow-env/lib/python3.10/site-packages/airflow/example_dags/plugins/workday.py for tasks to queue
[2025-03-27T22:48:28.078+0530] {logging_mixin.py:190} INFO - [2025-03-27T22:48:28.077+0530] {dagbag.py:588} INFO - Filling up the DagBag from /home/pranav_shirali/airflow-project/airflow-env/lib/python3.10/site-packages/airflow/example_dags/plugins/workday.py
[2025-03-27T22:48:28.082+0530] {logging_mixin.py:190} INFO - [2025-03-27T22:48:28.082+0530] {workday.py:41} WARNING - Could not import pandas. Holidays will not be considered.
[2025-03-27T22:48:28.082+0530] {processor.py:927} WARNING - No viable dags retrieved from /home/pranav_shirali/airflow-project/airflow-env/lib/python3.10/site-packages/airflow/example_dags/plugins/workday.py
[2025-03-27T22:48:28.099+0530] {processor.py:208} INFO - Processing /home/pranav_shirali/airflow-project/airflow-env/lib/python3.10/site-packages/airflow/example_dags/plugins/workday.py took 0.038 seconds
[2025-03-27T22:49:31.566+0530] {processor.py:186} INFO - Started process (PID=2405) to work on /home/pranav_shirali/airflow-project/airflow-env/lib/python3.10/site-packages/airflow/example_dags/plugins/workday.py
[2025-03-27T22:49:31.570+0530] {processor.py:914} INFO - Processing file /home/pranav_shirali/airflow-project/airflow-env/lib/python3.10/site-packages/airflow/example_dags/plugins/workday.py for tasks to queue
[2025-03-27T22:49:31.573+0530] {logging_mixin.py:190} INFO - [2025-03-27T22:49:31.573+0530] {dagbag.py:588} INFO - Filling up the DagBag from /home/pranav_shirali/airflow-project/airflow-env/lib/python3.10/site-packages/airflow/example_dags/plugins/workday.py
[2025-03-27T22:49:31.577+0530] {logging_mixin.py:190} INFO - [2025-03-27T22:49:31.577+0530] {workday.py:41} WARNING - Could not import pandas. Holidays will not be considered.
[2025-03-27T22:49:31.578+0530] {processor.py:927} WARNING - No viable dags retrieved from /home/pranav_shirali/airflow-project/airflow-env/lib/python3.10/site-packages/airflow/example_dags/plugins/workday.py
[2025-03-27T22:49:31.593+0530] {processor.py:208} INFO - Processing /home/pranav_shirali/airflow-project/airflow-env/lib/python3.10/site-packages/airflow/example_dags/plugins/workday.py took 0.036 seconds
[2025-03-27T22:50:32.121+0530] {processor.py:186} INFO - Started process (PID=2464) to work on /home/pranav_shirali/airflow-project/airflow-env/lib/python3.10/site-packages/airflow/example_dags/plugins/workday.py
[2025-03-27T22:50:32.123+0530] {processor.py:914} INFO - Processing file /home/pranav_shirali/airflow-project/airflow-env/lib/python3.10/site-packages/airflow/example_dags/plugins/workday.py for tasks to queue
[2025-03-27T22:50:32.126+0530] {logging_mixin.py:190} INFO - [2025-03-27T22:50:32.126+0530] {dagbag.py:588} INFO - Filling up the DagBag from /home/pranav_shirali/airflow-project/airflow-env/lib/python3.10/site-packages/airflow/example_dags/plugins/workday.py
[2025-03-27T22:50:32.130+0530] {logging_mixin.py:190} INFO - [2025-03-27T22:50:32.129+0530] {workday.py:41} WARNING - Could not import pandas. Holidays will not be considered.
[2025-03-27T22:50:32.130+0530] {processor.py:927} WARNING - No viable dags retrieved from /home/pranav_shirali/airflow-project/airflow-env/lib/python3.10/site-packages/airflow/example_dags/plugins/workday.py
[2025-03-27T22:50:32.144+0530] {processor.py:208} INFO - Processing /home/pranav_shirali/airflow-project/airflow-env/lib/python3.10/site-packages/airflow/example_dags/plugins/workday.py took 0.032 seconds
[2025-03-27T22:51:33.713+0530] {processor.py:186} INFO - Started process (PID=2523) to work on /home/pranav_shirali/airflow-project/airflow-env/lib/python3.10/site-packages/airflow/example_dags/plugins/workday.py
[2025-03-27T22:51:33.716+0530] {processor.py:914} INFO - Processing file /home/pranav_shirali/airflow-project/airflow-env/lib/python3.10/site-packages/airflow/example_dags/plugins/workday.py for tasks to queue
[2025-03-27T22:51:33.720+0530] {logging_mixin.py:190} INFO - [2025-03-27T22:51:33.719+0530] {dagbag.py:588} INFO - Filling up the DagBag from /home/pranav_shirali/airflow-project/airflow-env/lib/python3.10/site-packages/airflow/example_dags/plugins/workday.py
[2025-03-27T22:51:33.724+0530] {logging_mixin.py:190} INFO - [2025-03-27T22:51:33.723+0530] {workday.py:41} WARNING - Could not import pandas. Holidays will not be considered.
[2025-03-27T22:51:33.724+0530] {processor.py:927} WARNING - No viable dags retrieved from /home/pranav_shirali/airflow-project/airflow-env/lib/python3.10/site-packages/airflow/example_dags/plugins/workday.py
[2025-03-27T22:51:33.740+0530] {processor.py:208} INFO - Processing /home/pranav_shirali/airflow-project/airflow-env/lib/python3.10/site-packages/airflow/example_dags/plugins/workday.py took 0.036 seconds
[2025-03-27T22:52:34.913+0530] {processor.py:186} INFO - Started process (PID=2584) to work on /home/pranav_shirali/airflow-project/airflow-env/lib/python3.10/site-packages/airflow/example_dags/plugins/workday.py
[2025-03-27T22:52:34.917+0530] {processor.py:914} INFO - Processing file /home/pranav_shirali/airflow-project/airflow-env/lib/python3.10/site-packages/airflow/example_dags/plugins/workday.py for tasks to queue
[2025-03-27T22:52:34.921+0530] {logging_mixin.py:190} INFO - [2025-03-27T22:52:34.920+0530] {dagbag.py:588} INFO - Filling up the DagBag from /home/pranav_shirali/airflow-project/airflow-env/lib/python3.10/site-packages/airflow/example_dags/plugins/workday.py
[2025-03-27T22:52:34.925+0530] {logging_mixin.py:190} INFO - [2025-03-27T22:52:34.925+0530] {workday.py:41} WARNING - Could not import pandas. Holidays will not be considered.
[2025-03-27T22:52:34.926+0530] {processor.py:927} WARNING - No viable dags retrieved from /home/pranav_shirali/airflow-project/airflow-env/lib/python3.10/site-packages/airflow/example_dags/plugins/workday.py
[2025-03-27T22:52:34.942+0530] {processor.py:208} INFO - Processing /home/pranav_shirali/airflow-project/airflow-env/lib/python3.10/site-packages/airflow/example_dags/plugins/workday.py took 0.037 seconds
[2025-03-27T22:53:40.405+0530] {processor.py:186} INFO - Started process (PID=2645) to work on /home/pranav_shirali/airflow-project/airflow-env/lib/python3.10/site-packages/airflow/example_dags/plugins/workday.py
[2025-03-27T22:53:40.408+0530] {processor.py:914} INFO - Processing file /home/pranav_shirali/airflow-project/airflow-env/lib/python3.10/site-packages/airflow/example_dags/plugins/workday.py for tasks to queue
[2025-03-27T22:53:40.411+0530] {logging_mixin.py:190} INFO - [2025-03-27T22:53:40.411+0530] {dagbag.py:588} INFO - Filling up the DagBag from /home/pranav_shirali/airflow-project/airflow-env/lib/python3.10/site-packages/airflow/example_dags/plugins/workday.py
[2025-03-27T22:53:40.416+0530] {logging_mixin.py:190} INFO - [2025-03-27T22:53:40.415+0530] {workday.py:41} WARNING - Could not import pandas. Holidays will not be considered.
[2025-03-27T22:53:40.416+0530] {processor.py:927} WARNING - No viable dags retrieved from /home/pranav_shirali/airflow-project/airflow-env/lib/python3.10/site-packages/airflow/example_dags/plugins/workday.py
[2025-03-27T22:53:40.431+0530] {processor.py:208} INFO - Processing /home/pranav_shirali/airflow-project/airflow-env/lib/python3.10/site-packages/airflow/example_dags/plugins/workday.py took 0.039 seconds
[2025-03-27T22:54:48.952+0530] {processor.py:186} INFO - Started process (PID=2707) to work on /home/pranav_shirali/airflow-project/airflow-env/lib/python3.10/site-packages/airflow/example_dags/plugins/workday.py
[2025-03-27T22:54:48.956+0530] {processor.py:914} INFO - Processing file /home/pranav_shirali/airflow-project/airflow-env/lib/python3.10/site-packages/airflow/example_dags/plugins/workday.py for tasks to queue
[2025-03-27T22:54:48.959+0530] {logging_mixin.py:190} INFO - [2025-03-27T22:54:48.958+0530] {dagbag.py:588} INFO - Filling up the DagBag from /home/pranav_shirali/airflow-project/airflow-env/lib/python3.10/site-packages/airflow/example_dags/plugins/workday.py
[2025-03-27T22:54:48.963+0530] {logging_mixin.py:190} INFO - [2025-03-27T22:54:48.963+0530] {workday.py:41} WARNING - Could not import pandas. Holidays will not be considered.
[2025-03-27T22:54:48.964+0530] {processor.py:927} WARNING - No viable dags retrieved from /home/pranav_shirali/airflow-project/airflow-env/lib/python3.10/site-packages/airflow/example_dags/plugins/workday.py
[2025-03-27T22:54:48.983+0530] {processor.py:208} INFO - Processing /home/pranav_shirali/airflow-project/airflow-env/lib/python3.10/site-packages/airflow/example_dags/plugins/workday.py took 0.041 seconds
[2025-03-27T22:55:54.247+0530] {processor.py:186} INFO - Started process (PID=2768) to work on /home/pranav_shirali/airflow-project/airflow-env/lib/python3.10/site-packages/airflow/example_dags/plugins/workday.py
[2025-03-27T22:55:54.251+0530] {processor.py:914} INFO - Processing file /home/pranav_shirali/airflow-project/airflow-env/lib/python3.10/site-packages/airflow/example_dags/plugins/workday.py for tasks to queue
[2025-03-27T22:55:54.254+0530] {logging_mixin.py:190} INFO - [2025-03-27T22:55:54.254+0530] {dagbag.py:588} INFO - Filling up the DagBag from /home/pranav_shirali/airflow-project/airflow-env/lib/python3.10/site-packages/airflow/example_dags/plugins/workday.py
[2025-03-27T22:55:54.258+0530] {logging_mixin.py:190} INFO - [2025-03-27T22:55:54.257+0530] {workday.py:41} WARNING - Could not import pandas. Holidays will not be considered.
[2025-03-27T22:55:54.258+0530] {processor.py:927} WARNING - No viable dags retrieved from /home/pranav_shirali/airflow-project/airflow-env/lib/python3.10/site-packages/airflow/example_dags/plugins/workday.py
[2025-03-27T22:55:54.274+0530] {processor.py:208} INFO - Processing /home/pranav_shirali/airflow-project/airflow-env/lib/python3.10/site-packages/airflow/example_dags/plugins/workday.py took 0.034 seconds
[2025-03-27T22:56:57.040+0530] {processor.py:186} INFO - Started process (PID=2827) to work on /home/pranav_shirali/airflow-project/airflow-env/lib/python3.10/site-packages/airflow/example_dags/plugins/workday.py
[2025-03-27T22:56:57.044+0530] {processor.py:914} INFO - Processing file /home/pranav_shirali/airflow-project/airflow-env/lib/python3.10/site-packages/airflow/example_dags/plugins/workday.py for tasks to queue
[2025-03-27T22:56:57.048+0530] {logging_mixin.py:190} INFO - [2025-03-27T22:56:57.048+0530] {dagbag.py:588} INFO - Filling up the DagBag from /home/pranav_shirali/airflow-project/airflow-env/lib/python3.10/site-packages/airflow/example_dags/plugins/workday.py
[2025-03-27T22:56:57.052+0530] {logging_mixin.py:190} INFO - [2025-03-27T22:56:57.052+0530] {workday.py:41} WARNING - Could not import pandas. Holidays will not be considered.
[2025-03-27T22:56:57.053+0530] {processor.py:927} WARNING - No viable dags retrieved from /home/pranav_shirali/airflow-project/airflow-env/lib/python3.10/site-packages/airflow/example_dags/plugins/workday.py
[2025-03-27T22:56:57.068+0530] {processor.py:208} INFO - Processing /home/pranav_shirali/airflow-project/airflow-env/lib/python3.10/site-packages/airflow/example_dags/plugins/workday.py took 0.037 seconds
[2025-03-27T22:58:01.937+0530] {processor.py:186} INFO - Started process (PID=2892) to work on /home/pranav_shirali/airflow-project/airflow-env/lib/python3.10/site-packages/airflow/example_dags/plugins/workday.py
[2025-03-27T22:58:01.938+0530] {processor.py:914} INFO - Processing file /home/pranav_shirali/airflow-project/airflow-env/lib/python3.10/site-packages/airflow/example_dags/plugins/workday.py for tasks to queue
[2025-03-27T22:58:01.941+0530] {logging_mixin.py:190} INFO - [2025-03-27T22:58:01.941+0530] {dagbag.py:588} INFO - Filling up the DagBag from /home/pranav_shirali/airflow-project/airflow-env/lib/python3.10/site-packages/airflow/example_dags/plugins/workday.py
[2025-03-27T22:58:01.946+0530] {logging_mixin.py:190} INFO - [2025-03-27T22:58:01.946+0530] {workday.py:41} WARNING - Could not import pandas. Holidays will not be considered.
[2025-03-27T22:58:01.947+0530] {processor.py:927} WARNING - No viable dags retrieved from /home/pranav_shirali/airflow-project/airflow-env/lib/python3.10/site-packages/airflow/example_dags/plugins/workday.py
[2025-03-27T22:58:01.964+0530] {processor.py:208} INFO - Processing /home/pranav_shirali/airflow-project/airflow-env/lib/python3.10/site-packages/airflow/example_dags/plugins/workday.py took 0.035 seconds
[2025-03-27T22:59:11.198+0530] {processor.py:186} INFO - Started process (PID=2956) to work on /home/pranav_shirali/airflow-project/airflow-env/lib/python3.10/site-packages/airflow/example_dags/plugins/workday.py
[2025-03-27T22:59:11.201+0530] {processor.py:914} INFO - Processing file /home/pranav_shirali/airflow-project/airflow-env/lib/python3.10/site-packages/airflow/example_dags/plugins/workday.py for tasks to queue
[2025-03-27T22:59:11.203+0530] {logging_mixin.py:190} INFO - [2025-03-27T22:59:11.203+0530] {dagbag.py:588} INFO - Filling up the DagBag from /home/pranav_shirali/airflow-project/airflow-env/lib/python3.10/site-packages/airflow/example_dags/plugins/workday.py
[2025-03-27T22:59:11.207+0530] {logging_mixin.py:190} INFO - [2025-03-27T22:59:11.207+0530] {workday.py:41} WARNING - Could not import pandas. Holidays will not be considered.
[2025-03-27T22:59:11.207+0530] {processor.py:927} WARNING - No viable dags retrieved from /home/pranav_shirali/airflow-project/airflow-env/lib/python3.10/site-packages/airflow/example_dags/plugins/workday.py
[2025-03-27T22:59:11.222+0530] {processor.py:208} INFO - Processing /home/pranav_shirali/airflow-project/airflow-env/lib/python3.10/site-packages/airflow/example_dags/plugins/workday.py took 0.032 seconds
[2025-03-27T23:00:12.375+0530] {processor.py:186} INFO - Started process (PID=3014) to work on /home/pranav_shirali/airflow-project/airflow-env/lib/python3.10/site-packages/airflow/example_dags/plugins/workday.py
[2025-03-27T23:00:12.378+0530] {processor.py:914} INFO - Processing file /home/pranav_shirali/airflow-project/airflow-env/lib/python3.10/site-packages/airflow/example_dags/plugins/workday.py for tasks to queue
[2025-03-27T23:00:12.381+0530] {logging_mixin.py:190} INFO - [2025-03-27T23:00:12.380+0530] {dagbag.py:588} INFO - Filling up the DagBag from /home/pranav_shirali/airflow-project/airflow-env/lib/python3.10/site-packages/airflow/example_dags/plugins/workday.py
[2025-03-27T23:00:12.384+0530] {logging_mixin.py:190} INFO - [2025-03-27T23:00:12.384+0530] {workday.py:41} WARNING - Could not import pandas. Holidays will not be considered.
[2025-03-27T23:00:12.385+0530] {processor.py:927} WARNING - No viable dags retrieved from /home/pranav_shirali/airflow-project/airflow-env/lib/python3.10/site-packages/airflow/example_dags/plugins/workday.py
[2025-03-27T23:00:12.399+0530] {processor.py:208} INFO - Processing /home/pranav_shirali/airflow-project/airflow-env/lib/python3.10/site-packages/airflow/example_dags/plugins/workday.py took 0.033 seconds
[2025-03-27T23:01:15.978+0530] {processor.py:186} INFO - Started process (PID=3078) to work on /home/pranav_shirali/airflow-project/airflow-env/lib/python3.10/site-packages/airflow/example_dags/plugins/workday.py
[2025-03-27T23:01:15.981+0530] {processor.py:914} INFO - Processing file /home/pranav_shirali/airflow-project/airflow-env/lib/python3.10/site-packages/airflow/example_dags/plugins/workday.py for tasks to queue
[2025-03-27T23:01:15.985+0530] {logging_mixin.py:190} INFO - [2025-03-27T23:01:15.984+0530] {dagbag.py:588} INFO - Filling up the DagBag from /home/pranav_shirali/airflow-project/airflow-env/lib/python3.10/site-packages/airflow/example_dags/plugins/workday.py
[2025-03-27T23:01:15.990+0530] {logging_mixin.py:190} INFO - [2025-03-27T23:01:15.990+0530] {workday.py:41} WARNING - Could not import pandas. Holidays will not be considered.
[2025-03-27T23:01:15.990+0530] {processor.py:927} WARNING - No viable dags retrieved from /home/pranav_shirali/airflow-project/airflow-env/lib/python3.10/site-packages/airflow/example_dags/plugins/workday.py
[2025-03-27T23:01:16.012+0530] {processor.py:208} INFO - Processing /home/pranav_shirali/airflow-project/airflow-env/lib/python3.10/site-packages/airflow/example_dags/plugins/workday.py took 0.045 seconds
[2025-03-27T23:02:22.259+0530] {processor.py:186} INFO - Started process (PID=3138) to work on /home/pranav_shirali/airflow-project/airflow-env/lib/python3.10/site-packages/airflow/example_dags/plugins/workday.py
[2025-03-27T23:02:22.261+0530] {processor.py:914} INFO - Processing file /home/pranav_shirali/airflow-project/airflow-env/lib/python3.10/site-packages/airflow/example_dags/plugins/workday.py for tasks to queue
[2025-03-27T23:02:22.264+0530] {logging_mixin.py:190} INFO - [2025-03-27T23:02:22.263+0530] {dagbag.py:588} INFO - Filling up the DagBag from /home/pranav_shirali/airflow-project/airflow-env/lib/python3.10/site-packages/airflow/example_dags/plugins/workday.py
[2025-03-27T23:02:22.267+0530] {logging_mixin.py:190} INFO - [2025-03-27T23:02:22.267+0530] {workday.py:41} WARNING - Could not import pandas. Holidays will not be considered.
[2025-03-27T23:02:22.268+0530] {processor.py:927} WARNING - No viable dags retrieved from /home/pranav_shirali/airflow-project/airflow-env/lib/python3.10/site-packages/airflow/example_dags/plugins/workday.py
[2025-03-27T23:02:22.282+0530] {processor.py:208} INFO - Processing /home/pranav_shirali/airflow-project/airflow-env/lib/python3.10/site-packages/airflow/example_dags/plugins/workday.py took 0.032 seconds
[2025-03-27T23:03:20.226+0530] {processor.py:186} INFO - Started process (PID=3196) to work on /home/pranav_shirali/airflow-project/airflow-env/lib/python3.10/site-packages/airflow/example_dags/plugins/workday.py
[2025-03-27T23:03:20.230+0530] {processor.py:914} INFO - Processing file /home/pranav_shirali/airflow-project/airflow-env/lib/python3.10/site-packages/airflow/example_dags/plugins/workday.py for tasks to queue
[2025-03-27T23:03:20.234+0530] {logging_mixin.py:190} INFO - [2025-03-27T23:03:20.234+0530] {dagbag.py:588} INFO - Filling up the DagBag from /home/pranav_shirali/airflow-project/airflow-env/lib/python3.10/site-packages/airflow/example_dags/plugins/workday.py
[2025-03-27T23:03:20.239+0530] {logging_mixin.py:190} INFO - [2025-03-27T23:03:20.239+0530] {workday.py:41} WARNING - Could not import pandas. Holidays will not be considered.
[2025-03-27T23:03:20.240+0530] {processor.py:927} WARNING - No viable dags retrieved from /home/pranav_shirali/airflow-project/airflow-env/lib/python3.10/site-packages/airflow/example_dags/plugins/workday.py
[2025-03-27T23:03:20.259+0530] {processor.py:208} INFO - Processing /home/pranav_shirali/airflow-project/airflow-env/lib/python3.10/site-packages/airflow/example_dags/plugins/workday.py took 0.041 seconds
[2025-03-27T23:04:26.501+0530] {processor.py:186} INFO - Started process (PID=3259) to work on /home/pranav_shirali/airflow-project/airflow-env/lib/python3.10/site-packages/airflow/example_dags/plugins/workday.py
[2025-03-27T23:04:26.505+0530] {processor.py:914} INFO - Processing file /home/pranav_shirali/airflow-project/airflow-env/lib/python3.10/site-packages/airflow/example_dags/plugins/workday.py for tasks to queue
[2025-03-27T23:04:26.507+0530] {logging_mixin.py:190} INFO - [2025-03-27T23:04:26.507+0530] {dagbag.py:588} INFO - Filling up the DagBag from /home/pranav_shirali/airflow-project/airflow-env/lib/python3.10/site-packages/airflow/example_dags/plugins/workday.py
[2025-03-27T23:04:26.511+0530] {logging_mixin.py:190} INFO - [2025-03-27T23:04:26.511+0530] {workday.py:41} WARNING - Could not import pandas. Holidays will not be considered.
[2025-03-27T23:04:26.511+0530] {processor.py:927} WARNING - No viable dags retrieved from /home/pranav_shirali/airflow-project/airflow-env/lib/python3.10/site-packages/airflow/example_dags/plugins/workday.py
[2025-03-27T23:04:26.527+0530] {processor.py:208} INFO - Processing /home/pranav_shirali/airflow-project/airflow-env/lib/python3.10/site-packages/airflow/example_dags/plugins/workday.py took 0.035 seconds
[2025-03-27T23:05:31.322+0530] {processor.py:186} INFO - Started process (PID=3318) to work on /home/pranav_shirali/airflow-project/airflow-env/lib/python3.10/site-packages/airflow/example_dags/plugins/workday.py
[2025-03-27T23:05:31.325+0530] {processor.py:914} INFO - Processing file /home/pranav_shirali/airflow-project/airflow-env/lib/python3.10/site-packages/airflow/example_dags/plugins/workday.py for tasks to queue
[2025-03-27T23:05:31.329+0530] {logging_mixin.py:190} INFO - [2025-03-27T23:05:31.328+0530] {dagbag.py:588} INFO - Filling up the DagBag from /home/pranav_shirali/airflow-project/airflow-env/lib/python3.10/site-packages/airflow/example_dags/plugins/workday.py
[2025-03-27T23:05:31.333+0530] {logging_mixin.py:190} INFO - [2025-03-27T23:05:31.332+0530] {workday.py:41} WARNING - Could not import pandas. Holidays will not be considered.
[2025-03-27T23:05:31.333+0530] {processor.py:927} WARNING - No viable dags retrieved from /home/pranav_shirali/airflow-project/airflow-env/lib/python3.10/site-packages/airflow/example_dags/plugins/workday.py
[2025-03-27T23:05:31.348+0530] {processor.py:208} INFO - Processing /home/pranav_shirali/airflow-project/airflow-env/lib/python3.10/site-packages/airflow/example_dags/plugins/workday.py took 0.035 seconds
[2025-03-27T23:06:34.714+0530] {processor.py:186} INFO - Started process (PID=3377) to work on /home/pranav_shirali/airflow-project/airflow-env/lib/python3.10/site-packages/airflow/example_dags/plugins/workday.py
[2025-03-27T23:06:34.718+0530] {processor.py:914} INFO - Processing file /home/pranav_shirali/airflow-project/airflow-env/lib/python3.10/site-packages/airflow/example_dags/plugins/workday.py for tasks to queue
[2025-03-27T23:06:34.721+0530] {logging_mixin.py:190} INFO - [2025-03-27T23:06:34.721+0530] {dagbag.py:588} INFO - Filling up the DagBag from /home/pranav_shirali/airflow-project/airflow-env/lib/python3.10/site-packages/airflow/example_dags/plugins/workday.py
[2025-03-27T23:06:34.725+0530] {logging_mixin.py:190} INFO - [2025-03-27T23:06:34.725+0530] {workday.py:41} WARNING - Could not import pandas. Holidays will not be considered.
[2025-03-27T23:06:34.726+0530] {processor.py:927} WARNING - No viable dags retrieved from /home/pranav_shirali/airflow-project/airflow-env/lib/python3.10/site-packages/airflow/example_dags/plugins/workday.py
[2025-03-27T23:06:34.741+0530] {processor.py:208} INFO - Processing /home/pranav_shirali/airflow-project/airflow-env/lib/python3.10/site-packages/airflow/example_dags/plugins/workday.py took 0.038 seconds
[2025-03-27T23:07:36.258+0530] {processor.py:186} INFO - Started process (PID=3437) to work on /home/pranav_shirali/airflow-project/airflow-env/lib/python3.10/site-packages/airflow/example_dags/plugins/workday.py
[2025-03-27T23:07:36.262+0530] {processor.py:914} INFO - Processing file /home/pranav_shirali/airflow-project/airflow-env/lib/python3.10/site-packages/airflow/example_dags/plugins/workday.py for tasks to queue
[2025-03-27T23:07:36.265+0530] {logging_mixin.py:190} INFO - [2025-03-27T23:07:36.265+0530] {dagbag.py:588} INFO - Filling up the DagBag from /home/pranav_shirali/airflow-project/airflow-env/lib/python3.10/site-packages/airflow/example_dags/plugins/workday.py
[2025-03-27T23:07:36.269+0530] {logging_mixin.py:190} INFO - [2025-03-27T23:07:36.269+0530] {workday.py:41} WARNING - Could not import pandas. Holidays will not be considered.
[2025-03-27T23:07:36.269+0530] {processor.py:927} WARNING - No viable dags retrieved from /home/pranav_shirali/airflow-project/airflow-env/lib/python3.10/site-packages/airflow/example_dags/plugins/workday.py
[2025-03-27T23:07:36.284+0530] {processor.py:208} INFO - Processing /home/pranav_shirali/airflow-project/airflow-env/lib/python3.10/site-packages/airflow/example_dags/plugins/workday.py took 0.034 seconds
[2025-03-27T23:08:38.192+0530] {processor.py:186} INFO - Started process (PID=3494) to work on /home/pranav_shirali/airflow-project/airflow-env/lib/python3.10/site-packages/airflow/example_dags/plugins/workday.py
[2025-03-27T23:08:38.196+0530] {processor.py:914} INFO - Processing file /home/pranav_shirali/airflow-project/airflow-env/lib/python3.10/site-packages/airflow/example_dags/plugins/workday.py for tasks to queue
[2025-03-27T23:08:38.200+0530] {logging_mixin.py:190} INFO - [2025-03-27T23:08:38.200+0530] {dagbag.py:588} INFO - Filling up the DagBag from /home/pranav_shirali/airflow-project/airflow-env/lib/python3.10/site-packages/airflow/example_dags/plugins/workday.py
[2025-03-27T23:08:38.204+0530] {logging_mixin.py:190} INFO - [2025-03-27T23:08:38.204+0530] {workday.py:41} WARNING - Could not import pandas. Holidays will not be considered.
[2025-03-27T23:08:38.204+0530] {processor.py:927} WARNING - No viable dags retrieved from /home/pranav_shirali/airflow-project/airflow-env/lib/python3.10/site-packages/airflow/example_dags/plugins/workday.py
[2025-03-27T23:08:38.220+0530] {processor.py:208} INFO - Processing /home/pranav_shirali/airflow-project/airflow-env/lib/python3.10/site-packages/airflow/example_dags/plugins/workday.py took 0.036 seconds
[2025-03-27T23:09:42.180+0530] {processor.py:186} INFO - Started process (PID=3557) to work on /home/pranav_shirali/airflow-project/airflow-env/lib/python3.10/site-packages/airflow/example_dags/plugins/workday.py
[2025-03-27T23:09:42.185+0530] {processor.py:914} INFO - Processing file /home/pranav_shirali/airflow-project/airflow-env/lib/python3.10/site-packages/airflow/example_dags/plugins/workday.py for tasks to queue
[2025-03-27T23:09:42.188+0530] {logging_mixin.py:190} INFO - [2025-03-27T23:09:42.188+0530] {dagbag.py:588} INFO - Filling up the DagBag from /home/pranav_shirali/airflow-project/airflow-env/lib/python3.10/site-packages/airflow/example_dags/plugins/workday.py
[2025-03-27T23:09:42.193+0530] {logging_mixin.py:190} INFO - [2025-03-27T23:09:42.192+0530] {workday.py:41} WARNING - Could not import pandas. Holidays will not be considered.
[2025-03-27T23:09:42.193+0530] {processor.py:927} WARNING - No viable dags retrieved from /home/pranav_shirali/airflow-project/airflow-env/lib/python3.10/site-packages/airflow/example_dags/plugins/workday.py
[2025-03-27T23:09:42.208+0530] {processor.py:208} INFO - Processing /home/pranav_shirali/airflow-project/airflow-env/lib/python3.10/site-packages/airflow/example_dags/plugins/workday.py took 0.037 seconds
[2025-03-27T23:10:45.721+0530] {processor.py:186} INFO - Started process (PID=3617) to work on /home/pranav_shirali/airflow-project/airflow-env/lib/python3.10/site-packages/airflow/example_dags/plugins/workday.py
[2025-03-27T23:10:45.725+0530] {processor.py:914} INFO - Processing file /home/pranav_shirali/airflow-project/airflow-env/lib/python3.10/site-packages/airflow/example_dags/plugins/workday.py for tasks to queue
[2025-03-27T23:10:45.728+0530] {logging_mixin.py:190} INFO - [2025-03-27T23:10:45.727+0530] {dagbag.py:588} INFO - Filling up the DagBag from /home/pranav_shirali/airflow-project/airflow-env/lib/python3.10/site-packages/airflow/example_dags/plugins/workday.py
[2025-03-27T23:10:45.732+0530] {logging_mixin.py:190} INFO - [2025-03-27T23:10:45.731+0530] {workday.py:41} WARNING - Could not import pandas. Holidays will not be considered.
[2025-03-27T23:10:45.732+0530] {processor.py:927} WARNING - No viable dags retrieved from /home/pranav_shirali/airflow-project/airflow-env/lib/python3.10/site-packages/airflow/example_dags/plugins/workday.py
[2025-03-27T23:10:45.746+0530] {processor.py:208} INFO - Processing /home/pranav_shirali/airflow-project/airflow-env/lib/python3.10/site-packages/airflow/example_dags/plugins/workday.py took 0.034 seconds
[2025-03-27T23:11:45.320+0530] {processor.py:186} INFO - Started process (PID=3674) to work on /home/pranav_shirali/airflow-project/airflow-env/lib/python3.10/site-packages/airflow/example_dags/plugins/workday.py
[2025-03-27T23:11:45.321+0530] {processor.py:914} INFO - Processing file /home/pranav_shirali/airflow-project/airflow-env/lib/python3.10/site-packages/airflow/example_dags/plugins/workday.py for tasks to queue
[2025-03-27T23:11:45.324+0530] {logging_mixin.py:190} INFO - [2025-03-27T23:11:45.324+0530] {dagbag.py:588} INFO - Filling up the DagBag from /home/pranav_shirali/airflow-project/airflow-env/lib/python3.10/site-packages/airflow/example_dags/plugins/workday.py
[2025-03-27T23:11:45.328+0530] {logging_mixin.py:190} INFO - [2025-03-27T23:11:45.327+0530] {workday.py:41} WARNING - Could not import pandas. Holidays will not be considered.
[2025-03-27T23:11:45.328+0530] {processor.py:927} WARNING - No viable dags retrieved from /home/pranav_shirali/airflow-project/airflow-env/lib/python3.10/site-packages/airflow/example_dags/plugins/workday.py
[2025-03-27T23:11:45.343+0530] {processor.py:208} INFO - Processing /home/pranav_shirali/airflow-project/airflow-env/lib/python3.10/site-packages/airflow/example_dags/plugins/workday.py took 0.032 seconds
[2025-03-27T23:12:51.088+0530] {processor.py:186} INFO - Started process (PID=3739) to work on /home/pranav_shirali/airflow-project/airflow-env/lib/python3.10/site-packages/airflow/example_dags/plugins/workday.py
[2025-03-27T23:12:51.091+0530] {processor.py:914} INFO - Processing file /home/pranav_shirali/airflow-project/airflow-env/lib/python3.10/site-packages/airflow/example_dags/plugins/workday.py for tasks to queue
[2025-03-27T23:12:51.094+0530] {logging_mixin.py:190} INFO - [2025-03-27T23:12:51.094+0530] {dagbag.py:588} INFO - Filling up the DagBag from /home/pranav_shirali/airflow-project/airflow-env/lib/python3.10/site-packages/airflow/example_dags/plugins/workday.py
[2025-03-27T23:12:51.099+0530] {logging_mixin.py:190} INFO - [2025-03-27T23:12:51.099+0530] {workday.py:41} WARNING - Could not import pandas. Holidays will not be considered.
[2025-03-27T23:12:51.100+0530] {processor.py:927} WARNING - No viable dags retrieved from /home/pranav_shirali/airflow-project/airflow-env/lib/python3.10/site-packages/airflow/example_dags/plugins/workday.py
[2025-03-27T23:12:51.117+0530] {processor.py:208} INFO - Processing /home/pranav_shirali/airflow-project/airflow-env/lib/python3.10/site-packages/airflow/example_dags/plugins/workday.py took 0.040 seconds
[2025-03-27T23:13:53.420+0530] {processor.py:186} INFO - Started process (PID=3796) to work on /home/pranav_shirali/airflow-project/airflow-env/lib/python3.10/site-packages/airflow/example_dags/plugins/workday.py
[2025-03-27T23:13:53.424+0530] {processor.py:914} INFO - Processing file /home/pranav_shirali/airflow-project/airflow-env/lib/python3.10/site-packages/airflow/example_dags/plugins/workday.py for tasks to queue
[2025-03-27T23:13:53.427+0530] {logging_mixin.py:190} INFO - [2025-03-27T23:13:53.426+0530] {dagbag.py:588} INFO - Filling up the DagBag from /home/pranav_shirali/airflow-project/airflow-env/lib/python3.10/site-packages/airflow/example_dags/plugins/workday.py
[2025-03-27T23:13:53.430+0530] {logging_mixin.py:190} INFO - [2025-03-27T23:13:53.430+0530] {workday.py:41} WARNING - Could not import pandas. Holidays will not be considered.
[2025-03-27T23:13:53.431+0530] {processor.py:927} WARNING - No viable dags retrieved from /home/pranav_shirali/airflow-project/airflow-env/lib/python3.10/site-packages/airflow/example_dags/plugins/workday.py
[2025-03-27T23:13:53.452+0530] {processor.py:208} INFO - Processing /home/pranav_shirali/airflow-project/airflow-env/lib/python3.10/site-packages/airflow/example_dags/plugins/workday.py took 0.040 seconds
[2025-03-27T23:14:55.988+0530] {processor.py:186} INFO - Started process (PID=3859) to work on /home/pranav_shirali/airflow-project/airflow-env/lib/python3.10/site-packages/airflow/example_dags/plugins/workday.py
[2025-03-27T23:14:55.992+0530] {processor.py:914} INFO - Processing file /home/pranav_shirali/airflow-project/airflow-env/lib/python3.10/site-packages/airflow/example_dags/plugins/workday.py for tasks to queue
[2025-03-27T23:14:55.995+0530] {logging_mixin.py:190} INFO - [2025-03-27T23:14:55.995+0530] {dagbag.py:588} INFO - Filling up the DagBag from /home/pranav_shirali/airflow-project/airflow-env/lib/python3.10/site-packages/airflow/example_dags/plugins/workday.py
[2025-03-27T23:14:55.999+0530] {logging_mixin.py:190} INFO - [2025-03-27T23:14:55.999+0530] {workday.py:41} WARNING - Could not import pandas. Holidays will not be considered.
[2025-03-27T23:14:56.000+0530] {processor.py:927} WARNING - No viable dags retrieved from /home/pranav_shirali/airflow-project/airflow-env/lib/python3.10/site-packages/airflow/example_dags/plugins/workday.py
[2025-03-27T23:14:56.015+0530] {processor.py:208} INFO - Processing /home/pranav_shirali/airflow-project/airflow-env/lib/python3.10/site-packages/airflow/example_dags/plugins/workday.py took 0.036 seconds
[2025-03-27T23:15:59.559+0530] {processor.py:186} INFO - Started process (PID=3918) to work on /home/pranav_shirali/airflow-project/airflow-env/lib/python3.10/site-packages/airflow/example_dags/plugins/workday.py
[2025-03-27T23:15:59.562+0530] {processor.py:914} INFO - Processing file /home/pranav_shirali/airflow-project/airflow-env/lib/python3.10/site-packages/airflow/example_dags/plugins/workday.py for tasks to queue
[2025-03-27T23:15:59.565+0530] {logging_mixin.py:190} INFO - [2025-03-27T23:15:59.565+0530] {dagbag.py:588} INFO - Filling up the DagBag from /home/pranav_shirali/airflow-project/airflow-env/lib/python3.10/site-packages/airflow/example_dags/plugins/workday.py
[2025-03-27T23:15:59.569+0530] {logging_mixin.py:190} INFO - [2025-03-27T23:15:59.569+0530] {workday.py:41} WARNING - Could not import pandas. Holidays will not be considered.
[2025-03-27T23:15:59.570+0530] {processor.py:927} WARNING - No viable dags retrieved from /home/pranav_shirali/airflow-project/airflow-env/lib/python3.10/site-packages/airflow/example_dags/plugins/workday.py
[2025-03-27T23:15:59.586+0530] {processor.py:208} INFO - Processing /home/pranav_shirali/airflow-project/airflow-env/lib/python3.10/site-packages/airflow/example_dags/plugins/workday.py took 0.036 seconds
[2025-03-27T23:17:01.589+0530] {processor.py:186} INFO - Started process (PID=3976) to work on /home/pranav_shirali/airflow-project/airflow-env/lib/python3.10/site-packages/airflow/example_dags/plugins/workday.py
[2025-03-27T23:17:01.593+0530] {processor.py:914} INFO - Processing file /home/pranav_shirali/airflow-project/airflow-env/lib/python3.10/site-packages/airflow/example_dags/plugins/workday.py for tasks to queue
[2025-03-27T23:17:01.596+0530] {logging_mixin.py:190} INFO - [2025-03-27T23:17:01.596+0530] {dagbag.py:588} INFO - Filling up the DagBag from /home/pranav_shirali/airflow-project/airflow-env/lib/python3.10/site-packages/airflow/example_dags/plugins/workday.py
[2025-03-27T23:17:01.600+0530] {logging_mixin.py:190} INFO - [2025-03-27T23:17:01.600+0530] {workday.py:41} WARNING - Could not import pandas. Holidays will not be considered.
[2025-03-27T23:17:01.601+0530] {processor.py:927} WARNING - No viable dags retrieved from /home/pranav_shirali/airflow-project/airflow-env/lib/python3.10/site-packages/airflow/example_dags/plugins/workday.py
[2025-03-27T23:17:01.617+0530] {processor.py:208} INFO - Processing /home/pranav_shirali/airflow-project/airflow-env/lib/python3.10/site-packages/airflow/example_dags/plugins/workday.py took 0.036 seconds
[2025-03-27T23:18:00.114+0530] {processor.py:186} INFO - Started process (PID=4035) to work on /home/pranav_shirali/airflow-project/airflow-env/lib/python3.10/site-packages/airflow/example_dags/plugins/workday.py
[2025-03-27T23:18:00.118+0530] {processor.py:914} INFO - Processing file /home/pranav_shirali/airflow-project/airflow-env/lib/python3.10/site-packages/airflow/example_dags/plugins/workday.py for tasks to queue
[2025-03-27T23:18:00.121+0530] {logging_mixin.py:190} INFO - [2025-03-27T23:18:00.120+0530] {dagbag.py:588} INFO - Filling up the DagBag from /home/pranav_shirali/airflow-project/airflow-env/lib/python3.10/site-packages/airflow/example_dags/plugins/workday.py
[2025-03-27T23:18:00.124+0530] {logging_mixin.py:190} INFO - [2025-03-27T23:18:00.124+0530] {workday.py:41} WARNING - Could not import pandas. Holidays will not be considered.
[2025-03-27T23:18:00.125+0530] {processor.py:927} WARNING - No viable dags retrieved from /home/pranav_shirali/airflow-project/airflow-env/lib/python3.10/site-packages/airflow/example_dags/plugins/workday.py
[2025-03-27T23:18:00.140+0530] {processor.py:208} INFO - Processing /home/pranav_shirali/airflow-project/airflow-env/lib/python3.10/site-packages/airflow/example_dags/plugins/workday.py took 0.036 seconds
[2025-03-27T23:19:02.663+0530] {processor.py:186} INFO - Started process (PID=4094) to work on /home/pranav_shirali/airflow-project/airflow-env/lib/python3.10/site-packages/airflow/example_dags/plugins/workday.py
[2025-03-27T23:19:02.667+0530] {processor.py:914} INFO - Processing file /home/pranav_shirali/airflow-project/airflow-env/lib/python3.10/site-packages/airflow/example_dags/plugins/workday.py for tasks to queue
[2025-03-27T23:19:02.670+0530] {logging_mixin.py:190} INFO - [2025-03-27T23:19:02.670+0530] {dagbag.py:588} INFO - Filling up the DagBag from /home/pranav_shirali/airflow-project/airflow-env/lib/python3.10/site-packages/airflow/example_dags/plugins/workday.py
[2025-03-27T23:19:02.674+0530] {logging_mixin.py:190} INFO - [2025-03-27T23:19:02.674+0530] {workday.py:41} WARNING - Could not import pandas. Holidays will not be considered.
[2025-03-27T23:19:02.675+0530] {processor.py:927} WARNING - No viable dags retrieved from /home/pranav_shirali/airflow-project/airflow-env/lib/python3.10/site-packages/airflow/example_dags/plugins/workday.py
[2025-03-27T23:19:02.690+0530] {processor.py:208} INFO - Processing /home/pranav_shirali/airflow-project/airflow-env/lib/python3.10/site-packages/airflow/example_dags/plugins/workday.py took 0.035 seconds
[2025-03-27T23:20:10.631+0530] {processor.py:186} INFO - Started process (PID=4155) to work on /home/pranav_shirali/airflow-project/airflow-env/lib/python3.10/site-packages/airflow/example_dags/plugins/workday.py
[2025-03-27T23:20:10.635+0530] {processor.py:914} INFO - Processing file /home/pranav_shirali/airflow-project/airflow-env/lib/python3.10/site-packages/airflow/example_dags/plugins/workday.py for tasks to queue
[2025-03-27T23:20:10.638+0530] {logging_mixin.py:190} INFO - [2025-03-27T23:20:10.638+0530] {dagbag.py:588} INFO - Filling up the DagBag from /home/pranav_shirali/airflow-project/airflow-env/lib/python3.10/site-packages/airflow/example_dags/plugins/workday.py
[2025-03-27T23:20:10.645+0530] {logging_mixin.py:190} INFO - [2025-03-27T23:20:10.644+0530] {workday.py:41} WARNING - Could not import pandas. Holidays will not be considered.
[2025-03-27T23:20:10.645+0530] {processor.py:927} WARNING - No viable dags retrieved from /home/pranav_shirali/airflow-project/airflow-env/lib/python3.10/site-packages/airflow/example_dags/plugins/workday.py
[2025-03-27T23:20:10.660+0530] {processor.py:208} INFO - Processing /home/pranav_shirali/airflow-project/airflow-env/lib/python3.10/site-packages/airflow/example_dags/plugins/workday.py took 0.036 seconds
[2025-03-27T23:21:18.040+0530] {processor.py:186} INFO - Started process (PID=4216) to work on /home/pranav_shirali/airflow-project/airflow-env/lib/python3.10/site-packages/airflow/example_dags/plugins/workday.py
[2025-03-27T23:21:18.043+0530] {processor.py:914} INFO - Processing file /home/pranav_shirali/airflow-project/airflow-env/lib/python3.10/site-packages/airflow/example_dags/plugins/workday.py for tasks to queue
[2025-03-27T23:21:18.046+0530] {logging_mixin.py:190} INFO - [2025-03-27T23:21:18.045+0530] {dagbag.py:588} INFO - Filling up the DagBag from /home/pranav_shirali/airflow-project/airflow-env/lib/python3.10/site-packages/airflow/example_dags/plugins/workday.py
[2025-03-27T23:21:18.050+0530] {logging_mixin.py:190} INFO - [2025-03-27T23:21:18.050+0530] {workday.py:41} WARNING - Could not import pandas. Holidays will not be considered.
[2025-03-27T23:21:18.050+0530] {processor.py:927} WARNING - No viable dags retrieved from /home/pranav_shirali/airflow-project/airflow-env/lib/python3.10/site-packages/airflow/example_dags/plugins/workday.py
[2025-03-27T23:21:18.065+0530] {processor.py:208} INFO - Processing /home/pranav_shirali/airflow-project/airflow-env/lib/python3.10/site-packages/airflow/example_dags/plugins/workday.py took 0.033 seconds
[2025-03-27T23:22:20.787+0530] {processor.py:186} INFO - Started process (PID=4276) to work on /home/pranav_shirali/airflow-project/airflow-env/lib/python3.10/site-packages/airflow/example_dags/plugins/workday.py
[2025-03-27T23:22:20.791+0530] {processor.py:914} INFO - Processing file /home/pranav_shirali/airflow-project/airflow-env/lib/python3.10/site-packages/airflow/example_dags/plugins/workday.py for tasks to queue
[2025-03-27T23:22:20.794+0530] {logging_mixin.py:190} INFO - [2025-03-27T23:22:20.793+0530] {dagbag.py:588} INFO - Filling up the DagBag from /home/pranav_shirali/airflow-project/airflow-env/lib/python3.10/site-packages/airflow/example_dags/plugins/workday.py
[2025-03-27T23:22:20.799+0530] {logging_mixin.py:190} INFO - [2025-03-27T23:22:20.798+0530] {workday.py:41} WARNING - Could not import pandas. Holidays will not be considered.
[2025-03-27T23:22:20.799+0530] {processor.py:927} WARNING - No viable dags retrieved from /home/pranav_shirali/airflow-project/airflow-env/lib/python3.10/site-packages/airflow/example_dags/plugins/workday.py
[2025-03-27T23:22:20.817+0530] {processor.py:208} INFO - Processing /home/pranav_shirali/airflow-project/airflow-env/lib/python3.10/site-packages/airflow/example_dags/plugins/workday.py took 0.040 seconds
[2025-03-27T23:23:18.620+0530] {processor.py:186} INFO - Started process (PID=4332) to work on /home/pranav_shirali/airflow-project/airflow-env/lib/python3.10/site-packages/airflow/example_dags/plugins/workday.py
[2025-03-27T23:23:18.624+0530] {processor.py:914} INFO - Processing file /home/pranav_shirali/airflow-project/airflow-env/lib/python3.10/site-packages/airflow/example_dags/plugins/workday.py for tasks to queue
[2025-03-27T23:23:18.626+0530] {logging_mixin.py:190} INFO - [2025-03-27T23:23:18.626+0530] {dagbag.py:588} INFO - Filling up the DagBag from /home/pranav_shirali/airflow-project/airflow-env/lib/python3.10/site-packages/airflow/example_dags/plugins/workday.py
[2025-03-27T23:23:18.630+0530] {logging_mixin.py:190} INFO - [2025-03-27T23:23:18.630+0530] {workday.py:41} WARNING - Could not import pandas. Holidays will not be considered.
[2025-03-27T23:23:18.630+0530] {processor.py:927} WARNING - No viable dags retrieved from /home/pranav_shirali/airflow-project/airflow-env/lib/python3.10/site-packages/airflow/example_dags/plugins/workday.py
[2025-03-27T23:23:18.645+0530] {processor.py:208} INFO - Processing /home/pranav_shirali/airflow-project/airflow-env/lib/python3.10/site-packages/airflow/example_dags/plugins/workday.py took 0.034 seconds
[2025-03-27T23:24:17.665+0530] {processor.py:186} INFO - Started process (PID=4391) to work on /home/pranav_shirali/airflow-project/airflow-env/lib/python3.10/site-packages/airflow/example_dags/plugins/workday.py
[2025-03-27T23:24:17.667+0530] {processor.py:914} INFO - Processing file /home/pranav_shirali/airflow-project/airflow-env/lib/python3.10/site-packages/airflow/example_dags/plugins/workday.py for tasks to queue
[2025-03-27T23:24:17.670+0530] {logging_mixin.py:190} INFO - [2025-03-27T23:24:17.669+0530] {dagbag.py:588} INFO - Filling up the DagBag from /home/pranav_shirali/airflow-project/airflow-env/lib/python3.10/site-packages/airflow/example_dags/plugins/workday.py
[2025-03-27T23:24:17.674+0530] {logging_mixin.py:190} INFO - [2025-03-27T23:24:17.674+0530] {workday.py:41} WARNING - Could not import pandas. Holidays will not be considered.
[2025-03-27T23:24:17.675+0530] {processor.py:927} WARNING - No viable dags retrieved from /home/pranav_shirali/airflow-project/airflow-env/lib/python3.10/site-packages/airflow/example_dags/plugins/workday.py
[2025-03-27T23:24:17.690+0530] {processor.py:208} INFO - Processing /home/pranav_shirali/airflow-project/airflow-env/lib/python3.10/site-packages/airflow/example_dags/plugins/workday.py took 0.033 seconds
[2025-03-27T23:25:20.501+0530] {processor.py:186} INFO - Started process (PID=4449) to work on /home/pranav_shirali/airflow-project/airflow-env/lib/python3.10/site-packages/airflow/example_dags/plugins/workday.py
[2025-03-27T23:25:20.504+0530] {processor.py:914} INFO - Processing file /home/pranav_shirali/airflow-project/airflow-env/lib/python3.10/site-packages/airflow/example_dags/plugins/workday.py for tasks to queue
[2025-03-27T23:25:20.508+0530] {logging_mixin.py:190} INFO - [2025-03-27T23:25:20.508+0530] {dagbag.py:588} INFO - Filling up the DagBag from /home/pranav_shirali/airflow-project/airflow-env/lib/python3.10/site-packages/airflow/example_dags/plugins/workday.py
[2025-03-27T23:25:20.512+0530] {logging_mixin.py:190} INFO - [2025-03-27T23:25:20.512+0530] {workday.py:41} WARNING - Could not import pandas. Holidays will not be considered.
[2025-03-27T23:25:20.513+0530] {processor.py:927} WARNING - No viable dags retrieved from /home/pranav_shirali/airflow-project/airflow-env/lib/python3.10/site-packages/airflow/example_dags/plugins/workday.py
[2025-03-27T23:25:20.527+0530] {processor.py:208} INFO - Processing /home/pranav_shirali/airflow-project/airflow-env/lib/python3.10/site-packages/airflow/example_dags/plugins/workday.py took 0.035 seconds
[2025-03-27T23:26:25.084+0530] {processor.py:186} INFO - Started process (PID=4509) to work on /home/pranav_shirali/airflow-project/airflow-env/lib/python3.10/site-packages/airflow/example_dags/plugins/workday.py
[2025-03-27T23:26:25.087+0530] {processor.py:914} INFO - Processing file /home/pranav_shirali/airflow-project/airflow-env/lib/python3.10/site-packages/airflow/example_dags/plugins/workday.py for tasks to queue
[2025-03-27T23:26:25.090+0530] {logging_mixin.py:190} INFO - [2025-03-27T23:26:25.090+0530] {dagbag.py:588} INFO - Filling up the DagBag from /home/pranav_shirali/airflow-project/airflow-env/lib/python3.10/site-packages/airflow/example_dags/plugins/workday.py
[2025-03-27T23:26:25.094+0530] {logging_mixin.py:190} INFO - [2025-03-27T23:26:25.093+0530] {workday.py:41} WARNING - Could not import pandas. Holidays will not be considered.
[2025-03-27T23:26:25.094+0530] {processor.py:927} WARNING - No viable dags retrieved from /home/pranav_shirali/airflow-project/airflow-env/lib/python3.10/site-packages/airflow/example_dags/plugins/workday.py
[2025-03-27T23:26:25.108+0530] {processor.py:208} INFO - Processing /home/pranav_shirali/airflow-project/airflow-env/lib/python3.10/site-packages/airflow/example_dags/plugins/workday.py took 0.032 seconds
[2025-03-27T23:27:25.313+0530] {processor.py:186} INFO - Started process (PID=4566) to work on /home/pranav_shirali/airflow-project/airflow-env/lib/python3.10/site-packages/airflow/example_dags/plugins/workday.py
[2025-03-27T23:27:25.317+0530] {processor.py:914} INFO - Processing file /home/pranav_shirali/airflow-project/airflow-env/lib/python3.10/site-packages/airflow/example_dags/plugins/workday.py for tasks to queue
[2025-03-27T23:27:25.320+0530] {logging_mixin.py:190} INFO - [2025-03-27T23:27:25.319+0530] {dagbag.py:588} INFO - Filling up the DagBag from /home/pranav_shirali/airflow-project/airflow-env/lib/python3.10/site-packages/airflow/example_dags/plugins/workday.py
[2025-03-27T23:27:25.324+0530] {logging_mixin.py:190} INFO - [2025-03-27T23:27:25.324+0530] {workday.py:41} WARNING - Could not import pandas. Holidays will not be considered.
[2025-03-27T23:27:25.324+0530] {processor.py:927} WARNING - No viable dags retrieved from /home/pranav_shirali/airflow-project/airflow-env/lib/python3.10/site-packages/airflow/example_dags/plugins/workday.py
[2025-03-27T23:27:25.339+0530] {processor.py:208} INFO - Processing /home/pranav_shirali/airflow-project/airflow-env/lib/python3.10/site-packages/airflow/example_dags/plugins/workday.py took 0.034 seconds
[2025-03-27T23:28:26.881+0530] {processor.py:186} INFO - Started process (PID=4623) to work on /home/pranav_shirali/airflow-project/airflow-env/lib/python3.10/site-packages/airflow/example_dags/plugins/workday.py
[2025-03-27T23:28:26.884+0530] {processor.py:914} INFO - Processing file /home/pranav_shirali/airflow-project/airflow-env/lib/python3.10/site-packages/airflow/example_dags/plugins/workday.py for tasks to queue
[2025-03-27T23:28:26.887+0530] {logging_mixin.py:190} INFO - [2025-03-27T23:28:26.887+0530] {dagbag.py:588} INFO - Filling up the DagBag from /home/pranav_shirali/airflow-project/airflow-env/lib/python3.10/site-packages/airflow/example_dags/plugins/workday.py
[2025-03-27T23:28:26.891+0530] {logging_mixin.py:190} INFO - [2025-03-27T23:28:26.890+0530] {workday.py:41} WARNING - Could not import pandas. Holidays will not be considered.
[2025-03-27T23:28:26.891+0530] {processor.py:927} WARNING - No viable dags retrieved from /home/pranav_shirali/airflow-project/airflow-env/lib/python3.10/site-packages/airflow/example_dags/plugins/workday.py
[2025-03-27T23:28:26.905+0530] {processor.py:208} INFO - Processing /home/pranav_shirali/airflow-project/airflow-env/lib/python3.10/site-packages/airflow/example_dags/plugins/workday.py took 0.032 seconds
[2025-03-27T23:29:28.572+0530] {processor.py:186} INFO - Started process (PID=4681) to work on /home/pranav_shirali/airflow-project/airflow-env/lib/python3.10/site-packages/airflow/example_dags/plugins/workday.py
[2025-03-27T23:29:28.576+0530] {processor.py:914} INFO - Processing file /home/pranav_shirali/airflow-project/airflow-env/lib/python3.10/site-packages/airflow/example_dags/plugins/workday.py for tasks to queue
[2025-03-27T23:29:28.579+0530] {logging_mixin.py:190} INFO - [2025-03-27T23:29:28.578+0530] {dagbag.py:588} INFO - Filling up the DagBag from /home/pranav_shirali/airflow-project/airflow-env/lib/python3.10/site-packages/airflow/example_dags/plugins/workday.py
[2025-03-27T23:29:28.583+0530] {logging_mixin.py:190} INFO - [2025-03-27T23:29:28.582+0530] {workday.py:41} WARNING - Could not import pandas. Holidays will not be considered.
[2025-03-27T23:29:28.583+0530] {processor.py:927} WARNING - No viable dags retrieved from /home/pranav_shirali/airflow-project/airflow-env/lib/python3.10/site-packages/airflow/example_dags/plugins/workday.py
[2025-03-27T23:29:28.597+0530] {processor.py:208} INFO - Processing /home/pranav_shirali/airflow-project/airflow-env/lib/python3.10/site-packages/airflow/example_dags/plugins/workday.py took 0.033 seconds
[2025-03-27T23:30:28.623+0530] {processor.py:186} INFO - Started process (PID=4739) to work on /home/pranav_shirali/airflow-project/airflow-env/lib/python3.10/site-packages/airflow/example_dags/plugins/workday.py
[2025-03-27T23:30:28.626+0530] {processor.py:914} INFO - Processing file /home/pranav_shirali/airflow-project/airflow-env/lib/python3.10/site-packages/airflow/example_dags/plugins/workday.py for tasks to queue
[2025-03-27T23:30:28.630+0530] {logging_mixin.py:190} INFO - [2025-03-27T23:30:28.630+0530] {dagbag.py:588} INFO - Filling up the DagBag from /home/pranav_shirali/airflow-project/airflow-env/lib/python3.10/site-packages/airflow/example_dags/plugins/workday.py
[2025-03-27T23:30:28.636+0530] {logging_mixin.py:190} INFO - [2025-03-27T23:30:28.635+0530] {workday.py:41} WARNING - Could not import pandas. Holidays will not be considered.
[2025-03-27T23:30:28.636+0530] {processor.py:927} WARNING - No viable dags retrieved from /home/pranav_shirali/airflow-project/airflow-env/lib/python3.10/site-packages/airflow/example_dags/plugins/workday.py
[2025-03-27T23:30:28.653+0530] {processor.py:208} INFO - Processing /home/pranav_shirali/airflow-project/airflow-env/lib/python3.10/site-packages/airflow/example_dags/plugins/workday.py took 0.041 seconds
[2025-03-27T23:31:35.836+0530] {processor.py:186} INFO - Started process (PID=4801) to work on /home/pranav_shirali/airflow-project/airflow-env/lib/python3.10/site-packages/airflow/example_dags/plugins/workday.py
[2025-03-27T23:31:35.839+0530] {processor.py:914} INFO - Processing file /home/pranav_shirali/airflow-project/airflow-env/lib/python3.10/site-packages/airflow/example_dags/plugins/workday.py for tasks to queue
[2025-03-27T23:31:35.843+0530] {logging_mixin.py:190} INFO - [2025-03-27T23:31:35.842+0530] {dagbag.py:588} INFO - Filling up the DagBag from /home/pranav_shirali/airflow-project/airflow-env/lib/python3.10/site-packages/airflow/example_dags/plugins/workday.py
[2025-03-27T23:31:35.847+0530] {logging_mixin.py:190} INFO - [2025-03-27T23:31:35.847+0530] {workday.py:41} WARNING - Could not import pandas. Holidays will not be considered.
[2025-03-27T23:31:35.848+0530] {processor.py:927} WARNING - No viable dags retrieved from /home/pranav_shirali/airflow-project/airflow-env/lib/python3.10/site-packages/airflow/example_dags/plugins/workday.py
[2025-03-27T23:31:35.864+0530] {processor.py:208} INFO - Processing /home/pranav_shirali/airflow-project/airflow-env/lib/python3.10/site-packages/airflow/example_dags/plugins/workday.py took 0.039 seconds
