[2025-05-22T21:07:34.305+0530] {local_task_job_runner.py:123} INFO - ::group::Pre task execution logs
[2025-05-22T21:07:34.312+0530] {taskinstance.py:2612} INFO - Dependencies all met for dep_context=non-requeueable deps ti=<TaskInstance: nyc_taxi_etl.load_to_snowflake manual__2025-05-22T15:36:11.316994+00:00 [queued]>
[2025-05-22T21:07:34.317+0530] {taskinstance.py:2612} INFO - Dependencies all met for dep_context=requeueable deps ti=<TaskInstance: nyc_taxi_etl.load_to_snowflake manual__2025-05-22T15:36:11.316994+00:00 [queued]>
[2025-05-22T21:07:34.317+0530] {taskinstance.py:2865} INFO - Starting attempt 1 of 1
[2025-05-22T21:07:34.331+0530] {taskinstance.py:2888} INFO - Executing <Task(BashOperator): load_to_snowflake> on 2025-05-22 15:36:11.316994+00:00
[2025-05-22T21:07:34.333+0530] {standard_task_runner.py:72} INFO - Started process 83745 to run task
[2025-05-22T21:07:34.336+0530] {standard_task_runner.py:104} INFO - Running: ['airflow', 'tasks', 'run', 'nyc_taxi_etl', 'load_to_snowflake', 'manual__2025-05-22T15:36:11.316994+00:00', '--job-id', '152', '--raw', '--subdir', 'DAGS_FOLDER/nyc_taxi_etl.py', '--cfg-path', '/tmp/tmp4wu07pup']
[2025-05-22T21:07:34.337+0530] {standard_task_runner.py:105} INFO - Job 152: Subtask load_to_snowflake
[2025-05-22T21:07:34.360+0530] {task_command.py:467} INFO - Running <TaskInstance: nyc_taxi_etl.load_to_snowflake manual__2025-05-22T15:36:11.316994+00:00 [running]> on host Voldemort.
[2025-05-22T21:07:34.409+0530] {taskinstance.py:3131} INFO - Exporting env vars: AIRFLOW_CTX_DAG_OWNER='airflow' AIRFLOW_CTX_DAG_ID='nyc_taxi_etl' AIRFLOW_CTX_TASK_ID='load_to_snowflake' AIRFLOW_CTX_EXECUTION_DATE='2025-05-22T15:36:11.316994+00:00' AIRFLOW_CTX_TRY_NUMBER='1' AIRFLOW_CTX_DAG_RUN_ID='manual__2025-05-22T15:36:11.316994+00:00'
[2025-05-22T21:07:34.410+0530] {taskinstance.py:731} INFO - ::endgroup::
[2025-05-22T21:07:34.419+0530] {subprocess.py:63} INFO - Tmp dir root location: /tmp
[2025-05-22T21:07:34.420+0530] {subprocess.py:75} INFO - Running command: ['/usr/bin/bash', '-c', '/opt/spark/bin/spark-submit /home/pranav_shirali/airflow-project/scripts/ETL/load.py']
[2025-05-22T21:07:34.425+0530] {subprocess.py:86} INFO - Output:
[2025-05-22T21:07:35.736+0530] {subprocess.py:93} INFO - 25/05/22 21:07:35 WARN Utils: Your hostname, Voldemort resolves to a loopback address: 127.0.1.1; using 10.255.255.254 instead (on interface lo)
[2025-05-22T21:07:35.739+0530] {subprocess.py:93} INFO - 25/05/22 21:07:35 WARN Utils: Set SPARK_LOCAL_IP if you need to bind to another address
[2025-05-22T21:07:36.647+0530] {subprocess.py:93} INFO - 25/05/22 21:07:36 INFO SparkContext: Running Spark version 3.5.5
[2025-05-22T21:07:36.647+0530] {subprocess.py:93} INFO - 25/05/22 21:07:36 INFO SparkContext: OS info Linux, 5.15.167.4-microsoft-standard-WSL2, amd64
[2025-05-22T21:07:36.647+0530] {subprocess.py:93} INFO - 25/05/22 21:07:36 INFO SparkContext: Java version 11.0.27
[2025-05-22T21:07:36.710+0530] {subprocess.py:93} INFO - 25/05/22 21:07:36 WARN NativeCodeLoader: Unable to load native-hadoop library for your platform... using builtin-java classes where applicable
[2025-05-22T21:07:36.784+0530] {subprocess.py:93} INFO - 25/05/22 21:07:36 INFO ResourceUtils: ==============================================================
[2025-05-22T21:07:36.785+0530] {subprocess.py:93} INFO - 25/05/22 21:07:36 INFO ResourceUtils: No custom resources configured for spark.driver.
[2025-05-22T21:07:36.785+0530] {subprocess.py:93} INFO - 25/05/22 21:07:36 INFO ResourceUtils: ==============================================================
[2025-05-22T21:07:36.785+0530] {subprocess.py:93} INFO - 25/05/22 21:07:36 INFO SparkContext: Submitted application: NYC Taxi Load to Snowflake
[2025-05-22T21:07:36.803+0530] {subprocess.py:93} INFO - 25/05/22 21:07:36 INFO ResourceProfile: Default ResourceProfile created, executor resources: Map(cores -> name: cores, amount: 1, script: , vendor: , memory -> name: memory, amount: 1024, script: , vendor: , offHeap -> name: offHeap, amount: 0, script: , vendor: ), task resources: Map(cpus -> name: cpus, amount: 1.0)
[2025-05-22T21:07:36.813+0530] {subprocess.py:93} INFO - 25/05/22 21:07:36 INFO ResourceProfile: Limiting resource is cpu
[2025-05-22T21:07:36.814+0530] {subprocess.py:93} INFO - 25/05/22 21:07:36 INFO ResourceProfileManager: Added ResourceProfile id: 0
[2025-05-22T21:07:36.862+0530] {subprocess.py:93} INFO - 25/05/22 21:07:36 INFO SecurityManager: Changing view acls to: pranav_shirali
[2025-05-22T21:07:36.863+0530] {subprocess.py:93} INFO - 25/05/22 21:07:36 INFO SecurityManager: Changing modify acls to: pranav_shirali
[2025-05-22T21:07:36.863+0530] {subprocess.py:93} INFO - 25/05/22 21:07:36 INFO SecurityManager: Changing view acls groups to:
[2025-05-22T21:07:36.863+0530] {subprocess.py:93} INFO - 25/05/22 21:07:36 INFO SecurityManager: Changing modify acls groups to:
[2025-05-22T21:07:36.864+0530] {subprocess.py:93} INFO - 25/05/22 21:07:36 INFO SecurityManager: SecurityManager: authentication disabled; ui acls disabled; users with view permissions: pranav_shirali; groups with view permissions: EMPTY; users with modify permissions: pranav_shirali; groups with modify permissions: EMPTY
[2025-05-22T21:07:37.087+0530] {subprocess.py:93} INFO - 25/05/22 21:07:37 INFO Utils: Successfully started service 'sparkDriver' on port 39593.
[2025-05-22T21:07:37.111+0530] {subprocess.py:93} INFO - 25/05/22 21:07:37 INFO SparkEnv: Registering MapOutputTracker
[2025-05-22T21:07:37.138+0530] {subprocess.py:93} INFO - 25/05/22 21:07:37 INFO SparkEnv: Registering BlockManagerMaster
[2025-05-22T21:07:37.153+0530] {subprocess.py:93} INFO - 25/05/22 21:07:37 INFO BlockManagerMasterEndpoint: Using org.apache.spark.storage.DefaultTopologyMapper for getting topology information
[2025-05-22T21:07:37.153+0530] {subprocess.py:93} INFO - 25/05/22 21:07:37 INFO BlockManagerMasterEndpoint: BlockManagerMasterEndpoint up
[2025-05-22T21:07:37.156+0530] {subprocess.py:93} INFO - 25/05/22 21:07:37 INFO SparkEnv: Registering BlockManagerMasterHeartbeat
[2025-05-22T21:07:37.177+0530] {subprocess.py:93} INFO - 25/05/22 21:07:37 INFO DiskBlockManager: Created local directory at /tmp/blockmgr-f1c160ca-bb16-4822-891f-f1ab57447c25
[2025-05-22T21:07:37.190+0530] {subprocess.py:93} INFO - 25/05/22 21:07:37 INFO MemoryStore: MemoryStore started with capacity 434.4 MiB
[2025-05-22T21:07:37.201+0530] {subprocess.py:93} INFO - 25/05/22 21:07:37 INFO SparkEnv: Registering OutputCommitCoordinator
[2025-05-22T21:07:37.314+0530] {subprocess.py:93} INFO - 25/05/22 21:07:37 INFO JettyUtils: Start Jetty 0.0.0.0:4040 for SparkUI
[2025-05-22T21:07:37.362+0530] {subprocess.py:93} INFO - 25/05/22 21:07:37 INFO Utils: Successfully started service 'SparkUI' on port 4040.
[2025-05-22T21:07:37.437+0530] {subprocess.py:93} INFO - 25/05/22 21:07:37 INFO Executor: Starting executor ID driver on host 10.255.255.254
[2025-05-22T21:07:37.437+0530] {subprocess.py:93} INFO - 25/05/22 21:07:37 INFO Executor: OS info Linux, 5.15.167.4-microsoft-standard-WSL2, amd64
[2025-05-22T21:07:37.438+0530] {subprocess.py:93} INFO - 25/05/22 21:07:37 INFO Executor: Java version 11.0.27
[2025-05-22T21:07:37.444+0530] {subprocess.py:93} INFO - 25/05/22 21:07:37 INFO Executor: Starting executor with user classpath (userClassPathFirst = false): ''
[2025-05-22T21:07:37.444+0530] {subprocess.py:93} INFO - 25/05/22 21:07:37 INFO Executor: Created or updated repl class loader org.apache.spark.util.MutableURLClassLoader@58c4ad31 for default.
[2025-05-22T21:07:37.464+0530] {subprocess.py:93} INFO - 25/05/22 21:07:37 INFO Utils: Successfully started service 'org.apache.spark.network.netty.NettyBlockTransferService' on port 45793.
[2025-05-22T21:07:37.464+0530] {subprocess.py:93} INFO - 25/05/22 21:07:37 INFO NettyBlockTransferService: Server created on 10.255.255.254:45793
[2025-05-22T21:07:37.466+0530] {subprocess.py:93} INFO - 25/05/22 21:07:37 INFO BlockManager: Using org.apache.spark.storage.RandomBlockReplicationPolicy for block replication policy
[2025-05-22T21:07:37.470+0530] {subprocess.py:93} INFO - 25/05/22 21:07:37 INFO BlockManagerMaster: Registering BlockManager BlockManagerId(driver, 10.255.255.254, 45793, None)
[2025-05-22T21:07:37.473+0530] {subprocess.py:93} INFO - 25/05/22 21:07:37 INFO BlockManagerMasterEndpoint: Registering block manager 10.255.255.254:45793 with 434.4 MiB RAM, BlockManagerId(driver, 10.255.255.254, 45793, None)
[2025-05-22T21:07:37.475+0530] {subprocess.py:93} INFO - 25/05/22 21:07:37 INFO BlockManagerMaster: Registered BlockManager BlockManagerId(driver, 10.255.255.254, 45793, None)
[2025-05-22T21:07:37.476+0530] {subprocess.py:93} INFO - 25/05/22 21:07:37 INFO BlockManager: Initialized BlockManager: BlockManagerId(driver, 10.255.255.254, 45793, None)
[2025-05-22T21:07:37.865+0530] {subprocess.py:93} INFO - 25/05/22 21:07:37 INFO SharedState: Setting hive.metastore.warehouse.dir ('null') to the value of spark.sql.warehouse.dir.
[2025-05-22T21:07:37.872+0530] {subprocess.py:93} INFO - 25/05/22 21:07:37 INFO SharedState: Warehouse path is 'file:/tmp/airflowtmpvqs7d_pd/spark-warehouse'.
[2025-05-22T21:07:38.762+0530] {subprocess.py:93} INFO - 25/05/22 21:07:38 INFO InMemoryFileIndex: It took 50 ms to list leaf files for 1 paths.
[2025-05-22T21:07:39.215+0530] {subprocess.py:93} INFO - 25/05/22 21:07:39 INFO SparkContext: Starting job: parquet at NativeMethodAccessorImpl.java:0
[2025-05-22T21:07:39.232+0530] {subprocess.py:93} INFO - 25/05/22 21:07:39 INFO DAGScheduler: Got job 0 (parquet at NativeMethodAccessorImpl.java:0) with 1 output partitions
[2025-05-22T21:07:39.233+0530] {subprocess.py:93} INFO - 25/05/22 21:07:39 INFO DAGScheduler: Final stage: ResultStage 0 (parquet at NativeMethodAccessorImpl.java:0)
[2025-05-22T21:07:39.233+0530] {subprocess.py:93} INFO - 25/05/22 21:07:39 INFO DAGScheduler: Parents of final stage: List()
[2025-05-22T21:07:39.234+0530] {subprocess.py:93} INFO - 25/05/22 21:07:39 INFO DAGScheduler: Missing parents: List()
[2025-05-22T21:07:39.238+0530] {subprocess.py:93} INFO - 25/05/22 21:07:39 INFO DAGScheduler: Submitting ResultStage 0 (MapPartitionsRDD[1] at parquet at NativeMethodAccessorImpl.java:0), which has no missing parents
[2025-05-22T21:07:39.303+0530] {subprocess.py:93} INFO - 25/05/22 21:07:39 INFO MemoryStore: Block broadcast_0 stored as values in memory (estimated size 103.3 KiB, free 434.3 MiB)
[2025-05-22T21:07:39.334+0530] {subprocess.py:93} INFO - 25/05/22 21:07:39 INFO MemoryStore: Block broadcast_0_piece0 stored as bytes in memory (estimated size 37.2 KiB, free 434.3 MiB)
[2025-05-22T21:07:39.337+0530] {subprocess.py:93} INFO - 25/05/22 21:07:39 INFO BlockManagerInfo: Added broadcast_0_piece0 in memory on 10.255.255.254:45793 (size: 37.2 KiB, free: 434.4 MiB)
[2025-05-22T21:07:39.341+0530] {subprocess.py:93} INFO - 25/05/22 21:07:39 INFO SparkContext: Created broadcast 0 from broadcast at DAGScheduler.scala:1585
[2025-05-22T21:07:39.360+0530] {subprocess.py:93} INFO - 25/05/22 21:07:39 INFO DAGScheduler: Submitting 1 missing tasks from ResultStage 0 (MapPartitionsRDD[1] at parquet at NativeMethodAccessorImpl.java:0) (first 15 tasks are for partitions Vector(0))
[2025-05-22T21:07:39.361+0530] {subprocess.py:93} INFO - 25/05/22 21:07:39 INFO TaskSchedulerImpl: Adding task set 0.0 with 1 tasks resource profile 0
[2025-05-22T21:07:39.410+0530] {subprocess.py:93} INFO - 25/05/22 21:07:39 INFO TaskSetManager: Starting task 0.0 in stage 0.0 (TID 0) (10.255.255.254, executor driver, partition 0, PROCESS_LOCAL, 9237 bytes)
[2025-05-22T21:07:39.423+0530] {subprocess.py:93} INFO - 25/05/22 21:07:39 INFO Executor: Running task 0.0 in stage 0.0 (TID 0)
[2025-05-22T21:07:39.766+0530] {subprocess.py:93} INFO - 25/05/22 21:07:39 INFO Executor: Finished task 0.0 in stage 0.0 (TID 0). 2398 bytes result sent to driver
[2025-05-22T21:07:39.774+0530] {subprocess.py:93} INFO - 25/05/22 21:07:39 INFO TaskSetManager: Finished task 0.0 in stage 0.0 (TID 0) in 381 ms on 10.255.255.254 (executor driver) (1/1)
[2025-05-22T21:07:39.775+0530] {subprocess.py:93} INFO - 25/05/22 21:07:39 INFO TaskSchedulerImpl: Removed TaskSet 0.0, whose tasks have all completed, from pool
[2025-05-22T21:07:39.779+0530] {subprocess.py:93} INFO - 25/05/22 21:07:39 INFO DAGScheduler: ResultStage 0 (parquet at NativeMethodAccessorImpl.java:0) finished in 0.529 s
[2025-05-22T21:07:39.782+0530] {subprocess.py:93} INFO - 25/05/22 21:07:39 INFO DAGScheduler: Job 0 is finished. Cancelling potential speculative or zombie tasks for this job
[2025-05-22T21:07:39.782+0530] {subprocess.py:93} INFO - 25/05/22 21:07:39 INFO TaskSchedulerImpl: Killing all running tasks in stage 0: Stage finished
[2025-05-22T21:07:39.783+0530] {subprocess.py:93} INFO - 25/05/22 21:07:39 INFO DAGScheduler: Job 0 finished: parquet at NativeMethodAccessorImpl.java:0, took 0.568481 s
[2025-05-22T21:07:40.107+0530] {subprocess.py:93} INFO - 25/05/22 21:07:40 INFO BlockManagerInfo: Removed broadcast_0_piece0 on 10.255.255.254:45793 in memory (size: 37.2 KiB, free: 434.4 MiB)
[2025-05-22T21:07:40.793+0530] {subprocess.py:93} INFO - 25/05/22 21:07:40 WARN SnowflakeConnectorUtils$: Query pushdown is not supported because you are using Spark 3.5.5 with a connector designed to support Spark 3.3. Either use the version of Spark supported by the connector or install a version of the connector that supports your version of Spark.
[2025-05-22T21:07:40.862+0530] {subprocess.py:93} INFO - 25/05/22 21:07:40 INFO FileSourceStrategy: Pushed Filters:
[2025-05-22T21:07:40.863+0530] {subprocess.py:93} INFO - 25/05/22 21:07:40 INFO FileSourceStrategy: Post-Scan Filters:
[2025-05-22T21:07:41.138+0530] {subprocess.py:93} INFO - 25/05/22 21:07:41 INFO CodeGenerator: Code generated in 197.039879 ms
[2025-05-22T21:07:41.164+0530] {subprocess.py:93} INFO - 25/05/22 21:07:41 INFO MemoryStore: Block broadcast_1 stored as values in memory (estimated size 202.6 KiB, free 434.2 MiB)
[2025-05-22T21:07:41.180+0530] {subprocess.py:93} INFO - 25/05/22 21:07:41 INFO MemoryStore: Block broadcast_1_piece0 stored as bytes in memory (estimated size 35.5 KiB, free 434.2 MiB)
[2025-05-22T21:07:41.181+0530] {subprocess.py:93} INFO - 25/05/22 21:07:41 INFO BlockManagerInfo: Added broadcast_1_piece0 in memory on 10.255.255.254:45793 (size: 35.5 KiB, free: 434.4 MiB)
[2025-05-22T21:07:41.183+0530] {subprocess.py:93} INFO - 25/05/22 21:07:41 INFO SparkContext: Created broadcast 1 from rdd at SnowflakeWriter.scala:87
[2025-05-22T21:07:41.198+0530] {subprocess.py:93} INFO - 25/05/22 21:07:41 INFO FileSourceScanExec: Planning scan with bin packing, max size: 4194304 bytes, open cost is considered as scanning 4194304 bytes.
[2025-05-22T21:07:41.294+0530] {subprocess.py:93} INFO - 25/05/22 21:07:41 WARN DefaultJDBCWrapper$: JDBC 3.13.30 is being used. But the certified JDBC version 3.13.22 is recommended.
[2025-05-22T21:07:42.489+0530] {subprocess.py:93} INFO - 25/05/22 21:07:42 INFO SparkConnectorContext$: Spark Connector system config: {
[2025-05-22T21:07:42.489+0530] {subprocess.py:93} INFO -   "spark_connector_version" : "2.11.0",
[2025-05-22T21:07:42.490+0530] {subprocess.py:93} INFO -   "spark_version" : "3.5.5",
[2025-05-22T21:07:42.490+0530] {subprocess.py:93} INFO -   "application_name" : "NYC Taxi Load to Snowflake",
[2025-05-22T21:07:42.490+0530] {subprocess.py:93} INFO -   "scala_version" : "2.12.18",
[2025-05-22T21:07:42.490+0530] {subprocess.py:93} INFO -   "java_version" : "11.0.27",
[2025-05-22T21:07:42.490+0530] {subprocess.py:93} INFO -   "jdbc_version" : "3.13.30",
[2025-05-22T21:07:42.490+0530] {subprocess.py:93} INFO -   "certified_jdbc_version" : "3.13.22",
[2025-05-22T21:07:42.490+0530] {subprocess.py:93} INFO -   "os_name" : "Linux",
[2025-05-22T21:07:42.491+0530] {subprocess.py:93} INFO -   "max_memory_in_mb" : 1024,
[2025-05-22T21:07:42.491+0530] {subprocess.py:93} INFO -   "total_memory_in_mb" : 147,
[2025-05-22T21:07:42.491+0530] {subprocess.py:93} INFO -   "free_memory_in_mb" : 36,
[2025-05-22T21:07:42.491+0530] {subprocess.py:93} INFO -   "cpu_cores" : 12,
[2025-05-22T21:07:42.491+0530] {subprocess.py:93} INFO -   "spark_application_id" : "local-1747928257408",
[2025-05-22T21:07:42.491+0530] {subprocess.py:93} INFO -   "spark_language" : "Scala",
[2025-05-22T21:07:42.491+0530] {subprocess.py:93} INFO -   "is_pyspark" : false,
[2025-05-22T21:07:42.491+0530] {subprocess.py:93} INFO -   "spark_config" : {
[2025-05-22T21:07:42.492+0530] {subprocess.py:93} INFO -     "spark.driver.extraJavaOptions" : "-Djava.net.preferIPv6Addresses=false -XX:+IgnoreUnrecognizedVMOptions --add-opens=java.base/java.lang=ALL-UNNAMED --add-opens=java.base/java.lang.invoke=ALL-UNNAMED --add-opens=java.base/java.lang.reflect=ALL-UNNAMED --add-opens=java.base/java.io=ALL-UNNAMED --add-opens=java.base/java.net=ALL-UNNAMED --add-opens=java.base/java.nio=ALL-UNNAMED --add-opens=java.base/java.util=ALL-UNNAMED --add-opens=java.base/java.util.concurrent=ALL-UNNAMED --add-opens=java.base/java.util.concurrent.atomic=ALL-UNNAMED --add-opens=java.base/jdk.internal.ref=ALL-UNNAMED --add-opens=java.base/sun.nio.ch=ALL-UNNAMED --add-opens=java.base/sun.nio.cs=ALL-UNNAMED --add-opens=java.base/sun.security.action=ALL-UNNAMED --add-opens=java.base/sun.util.calendar=ALL-UNNAMED --add-opens=java.security.jgss/sun.security.krb5=ALL-UNNAMED -Djdk.reflect.useDirectMethodHandle=false",
[2025-05-22T21:07:42.492+0530] {subprocess.py:93} INFO -     "spark.app.startTime" : "N/A",
[2025-05-22T21:07:42.492+0530] {subprocess.py:93} INFO -     "spark.app.id" : "local-1747928257408",
[2025-05-22T21:07:42.492+0530] {subprocess.py:93} INFO -     "spark.executor.id" : "driver",
[2025-05-22T21:07:42.492+0530] {subprocess.py:93} INFO -     "spark.sql.warehouse.dir" : "N/A",
[2025-05-22T21:07:42.492+0530] {subprocess.py:93} INFO -     "spark.driver.port" : "N/A",
[2025-05-22T21:07:42.492+0530] {subprocess.py:93} INFO -     "spark.app.name" : "NYC Taxi Load to Snowflake",
[2025-05-22T21:07:42.492+0530] {subprocess.py:93} INFO -     "spark.driver.host" : "10.255.255.254",
[2025-05-22T21:07:42.492+0530] {subprocess.py:93} INFO -     "spark.rdd.compress" : "N/A",
[2025-05-22T21:07:42.492+0530] {subprocess.py:93} INFO -     "spark.executor.extraJavaOptions" : "-Djava.net.preferIPv6Addresses=false -XX:+IgnoreUnrecognizedVMOptions --add-opens=java.base/java.lang=ALL-UNNAMED --add-opens=java.base/java.lang.invoke=ALL-UNNAMED --add-opens=java.base/java.lang.reflect=ALL-UNNAMED --add-opens=java.base/java.io=ALL-UNNAMED --add-opens=java.base/java.net=ALL-UNNAMED --add-opens=java.base/java.nio=ALL-UNNAMED --add-opens=java.base/java.util=ALL-UNNAMED --add-opens=java.base/java.util.concurrent=ALL-UNNAMED --add-opens=java.base/java.util.concurrent.atomic=ALL-UNNAMED --add-opens=java.base/jdk.internal.ref=ALL-UNNAMED --add-opens=java.base/sun.nio.ch=ALL-UNNAMED --add-opens=java.base/sun.nio.cs=ALL-UNNAMED --add-opens=java.base/sun.security.action=ALL-UNNAMED --add-opens=java.base/sun.util.calendar=ALL-UNNAMED --add-opens=java.security.jgss/sun.security.krb5=ALL-UNNAMED -Djdk.reflect.useDirectMethodHandle=false",
[2025-05-22T21:07:42.493+0530] {subprocess.py:93} INFO -     "spark.serializer.objectStreamReset" : "N/A",
[2025-05-22T21:07:42.493+0530] {subprocess.py:93} INFO -     "spark.master" : "local[*]",
[2025-05-22T21:07:42.493+0530] {subprocess.py:93} INFO -     "spark.submit.pyFiles" : "N/A",
[2025-05-22T21:07:42.493+0530] {subprocess.py:93} INFO -     "spark.submit.deployMode" : "client",
[2025-05-22T21:07:42.493+0530] {subprocess.py:93} INFO -     "spark.app.submitTime" : "N/A"
[2025-05-22T21:07:42.493+0530] {subprocess.py:93} INFO -   },
[2025-05-22T21:07:42.493+0530] {subprocess.py:93} INFO -   "libraries" : [ "py4j", "py4j.commands", "py4j.reflection" ],
[2025-05-22T21:07:42.493+0530] {subprocess.py:93} INFO -   "dependencies" : [ ],
[2025-05-22T21:07:42.493+0530] {subprocess.py:93} INFO -   "cluster_node_count" : 1,
[2025-05-22T21:07:42.493+0530] {subprocess.py:93} INFO -   "spark_default_parallelism" : 12,
[2025-05-22T21:07:42.493+0530] {subprocess.py:93} INFO -   "deploy_mode" : "client"
[2025-05-22T21:07:42.493+0530] {subprocess.py:93} INFO - }
[2025-05-22T21:07:42.500+0530] {subprocess.py:93} INFO - 25/05/22 21:07:42 INFO SnowflakeSQLStatement: Spark Connector Master: execute query with bind variable: alter session set timezone = 'Asia/Calcutta' , timestamp_ntz_output_format = 'YYYY-MM-DD HH24:MI:SS.FF3', timestamp_ltz_output_format = 'TZHTZM YYYY-MM-DD HH24:MI:SS.FF3', timestamp_tz_output_format = 'TZHTZM YYYY-MM-DD HH24:MI:SS.FF3' ;
[2025-05-22T21:07:42.889+0530] {subprocess.py:93} INFO - 25/05/22 21:07:42 INFO SnowflakeSQLStatement: Spark Connector Master: execute query with bind variable: create  temporary stage if not exists identifier(?)
[2025-05-22T21:07:43.568+0530] {subprocess.py:93} INFO - 25/05/22 21:07:43 INFO CloudStorageOperations$: Spark Connector Master: Begin to process and upload data for 5 partitions: directory=gOIKIMFobs CSV true
[2025-05-22T21:07:43.651+0530] {subprocess.py:93} INFO - 25/05/22 21:07:43 INFO SparkContext: Starting job: collect at CloudStorageOperations.scala:805
[2025-05-22T21:07:43.653+0530] {subprocess.py:93} INFO - 25/05/22 21:07:43 INFO DAGScheduler: Got job 1 (collect at CloudStorageOperations.scala:805) with 5 output partitions
[2025-05-22T21:07:43.653+0530] {subprocess.py:93} INFO - 25/05/22 21:07:43 INFO DAGScheduler: Final stage: ResultStage 1 (collect at CloudStorageOperations.scala:805)
[2025-05-22T21:07:43.654+0530] {subprocess.py:93} INFO - 25/05/22 21:07:43 INFO DAGScheduler: Parents of final stage: List()
[2025-05-22T21:07:43.654+0530] {subprocess.py:93} INFO - 25/05/22 21:07:43 INFO DAGScheduler: Missing parents: List()
[2025-05-22T21:07:43.655+0530] {subprocess.py:93} INFO - 25/05/22 21:07:43 INFO DAGScheduler: Submitting ResultStage 1 (MapPartitionsRDD[9] at mapPartitionsWithIndex at CloudStorageOperations.scala:788), which has no missing parents
[2025-05-22T21:07:43.663+0530] {subprocess.py:93} INFO - 25/05/22 21:07:43 INFO MemoryStore: Block broadcast_2 stored as values in memory (estimated size 43.1 KiB, free 434.1 MiB)
[2025-05-22T21:07:43.666+0530] {subprocess.py:93} INFO - 25/05/22 21:07:43 INFO MemoryStore: Block broadcast_2_piece0 stored as bytes in memory (estimated size 18.1 KiB, free 434.1 MiB)
[2025-05-22T21:07:43.668+0530] {subprocess.py:93} INFO - 25/05/22 21:07:43 INFO BlockManagerInfo: Added broadcast_2_piece0 in memory on 10.255.255.254:45793 (size: 18.1 KiB, free: 434.3 MiB)
[2025-05-22T21:07:43.668+0530] {subprocess.py:93} INFO - 25/05/22 21:07:43 INFO SparkContext: Created broadcast 2 from broadcast at DAGScheduler.scala:1585
[2025-05-22T21:07:43.669+0530] {subprocess.py:93} INFO - 25/05/22 21:07:43 INFO DAGScheduler: Submitting 5 missing tasks from ResultStage 1 (MapPartitionsRDD[9] at mapPartitionsWithIndex at CloudStorageOperations.scala:788) (first 15 tasks are for partitions Vector(0, 1, 2, 3, 4))
[2025-05-22T21:07:43.669+0530] {subprocess.py:93} INFO - 25/05/22 21:07:43 INFO TaskSchedulerImpl: Adding task set 1.0 with 5 tasks resource profile 0
[2025-05-22T21:07:43.674+0530] {subprocess.py:93} INFO - 25/05/22 21:07:43 INFO TaskSetManager: Starting task 0.0 in stage 1.0 (TID 1) (10.255.255.254, executor driver, partition 0, PROCESS_LOCAL, 9707 bytes)
[2025-05-22T21:07:43.675+0530] {subprocess.py:93} INFO - 25/05/22 21:07:43 INFO TaskSetManager: Starting task 1.0 in stage 1.0 (TID 2) (10.255.255.254, executor driver, partition 1, PROCESS_LOCAL, 9707 bytes)
[2025-05-22T21:07:43.675+0530] {subprocess.py:93} INFO - 25/05/22 21:07:43 INFO TaskSetManager: Starting task 2.0 in stage 1.0 (TID 3) (10.255.255.254, executor driver, partition 2, PROCESS_LOCAL, 9707 bytes)
[2025-05-22T21:07:43.676+0530] {subprocess.py:93} INFO - 25/05/22 21:07:43 INFO TaskSetManager: Starting task 3.0 in stage 1.0 (TID 4) (10.255.255.254, executor driver, partition 3, PROCESS_LOCAL, 9707 bytes)
[2025-05-22T21:07:43.676+0530] {subprocess.py:93} INFO - 25/05/22 21:07:43 INFO TaskSetManager: Starting task 4.0 in stage 1.0 (TID 5) (10.255.255.254, executor driver, partition 4, PROCESS_LOCAL, 9707 bytes)
[2025-05-22T21:07:43.677+0530] {subprocess.py:93} INFO - 25/05/22 21:07:43 INFO Executor: Running task 0.0 in stage 1.0 (TID 1)
[2025-05-22T21:07:43.678+0530] {subprocess.py:93} INFO - 25/05/22 21:07:43 INFO Executor: Running task 1.0 in stage 1.0 (TID 2)
[2025-05-22T21:07:43.679+0530] {subprocess.py:93} INFO - 25/05/22 21:07:43 INFO Executor: Running task 2.0 in stage 1.0 (TID 3)
[2025-05-22T21:07:43.680+0530] {subprocess.py:93} INFO - 25/05/22 21:07:43 INFO Executor: Running task 3.0 in stage 1.0 (TID 4)
[2025-05-22T21:07:43.680+0530] {subprocess.py:93} INFO - 25/05/22 21:07:43 INFO Executor: Running task 4.0 in stage 1.0 (TID 5)
[2025-05-22T21:07:43.816+0530] {subprocess.py:93} INFO - 25/05/22 21:07:43 INFO CodeGenerator: Code generated in 31.511313 ms
[2025-05-22T21:07:44.708+0530] {subprocess.py:93} INFO - 25/05/22 21:07:44 INFO CodeGenerator: Code generated in 28.482071 ms
[2025-05-22T21:07:44.716+0530] {subprocess.py:93} INFO - 25/05/22 21:07:44 INFO CloudStorageOperations$: Spark Connector Worker: Start writing partition ID:1 as 1.CSV.gz TaskInfo: {  "task_partition_id" : 1,  "task_attempt_id" : 2,  "task_attempt_number" : 0,  "task_stage_attempt_number" : 0,  "task_stage_id" : 1,  "thread_id" : 84}
[2025-05-22T21:07:44.716+0530] {subprocess.py:93} INFO - 25/05/22 21:07:44 INFO CloudStorageOperations$: Spark Connector Worker: Start writing partition ID:0 as 0.CSV.gz TaskInfo: {  "task_partition_id" : 0,  "task_attempt_id" : 1,  "task_attempt_number" : 0,  "task_stage_attempt_number" : 0,  "task_stage_id" : 1,  "thread_id" : 71}
[2025-05-22T21:07:44.717+0530] {subprocess.py:93} INFO - 25/05/22 21:07:44 INFO CloudStorageOperations$: Spark Connector Worker: Start writing partition ID:2 as 2.CSV.gz TaskInfo: {  "task_partition_id" : 2,  "task_attempt_id" : 3,  "task_attempt_number" : 0,  "task_stage_attempt_number" : 0,  "task_stage_id" : 1,  "thread_id" : 85}
[2025-05-22T21:07:44.717+0530] {subprocess.py:93} INFO - 25/05/22 21:07:44 INFO CloudStorageOperations$: Spark Connector Worker: Start writing partition ID:4 as 4.CSV.gz TaskInfo: {  "task_partition_id" : 4,  "task_attempt_id" : 5,  "task_attempt_number" : 0,  "task_stage_attempt_number" : 0,  "task_stage_id" : 1,  "thread_id" : 87}
[2025-05-22T21:07:44.717+0530] {subprocess.py:93} INFO - 25/05/22 21:07:44 INFO CloudStorageOperations$: Spark Connector Worker: Start writing partition ID:3 as 3.CSV.gz TaskInfo: {  "task_partition_id" : 3,  "task_attempt_id" : 4,  "task_attempt_number" : 0,  "task_stage_attempt_number" : 0,  "task_stage_id" : 1,  "thread_id" : 86}
[2025-05-22T21:07:44.717+0530] {subprocess.py:93} INFO - 25/05/22 21:07:44 INFO FileScanRDD: Reading File path: file:///home/pranav_shirali/airflow-project/scripts/ETL/nyc_taxi_trip.parquet/part-00000-b71fd8aa-3053-4fd9-b1a1-60dddd73950d-c000.snappy.parquet, range: 16777216-19038509, partition values: [empty row]
[2025-05-22T21:07:44.717+0530] {subprocess.py:93} INFO - 25/05/22 21:07:44 INFO FileScanRDD: Reading File path: file:///home/pranav_shirali/airflow-project/scripts/ETL/nyc_taxi_trip.parquet/part-00000-b71fd8aa-3053-4fd9-b1a1-60dddd73950d-c000.snappy.parquet, range: 8388608-12582912, partition values: [empty row]
[2025-05-22T21:07:44.718+0530] {subprocess.py:93} INFO - 25/05/22 21:07:44 INFO FileScanRDD: Reading File path: file:///home/pranav_shirali/airflow-project/scripts/ETL/nyc_taxi_trip.parquet/part-00000-b71fd8aa-3053-4fd9-b1a1-60dddd73950d-c000.snappy.parquet, range: 0-4194304, partition values: [empty row]
[2025-05-22T21:07:44.718+0530] {subprocess.py:93} INFO - 25/05/22 21:07:44 INFO FileScanRDD: Reading File path: file:///home/pranav_shirali/airflow-project/scripts/ETL/nyc_taxi_trip.parquet/part-00000-b71fd8aa-3053-4fd9-b1a1-60dddd73950d-c000.snappy.parquet, range: 4194304-8388608, partition values: [empty row]
[2025-05-22T21:07:44.718+0530] {subprocess.py:93} INFO - 25/05/22 21:07:44 INFO FileScanRDD: Reading File path: file:///home/pranav_shirali/airflow-project/scripts/ETL/nyc_taxi_trip.parquet/part-00000-b71fd8aa-3053-4fd9-b1a1-60dddd73950d-c000.snappy.parquet, range: 12582912-16777216, partition values: [empty row]
[2025-05-22T21:07:44.801+0530] {subprocess.py:93} INFO - 25/05/22 21:07:44 INFO CloudStorageOperations$: Spark Connector Worker: Finish writing partition ID:4 4.CSV.gz write row count is 0. Uncompressed data size is 0 Bytes. read_and_upload_time: 83 ms
[2025-05-22T21:07:44.802+0530] {subprocess.py:93} INFO - 25/05/22 21:07:44 INFO CloudStorageOperations$: Spark Connector Worker: Finish writing partition ID:3 3.CSV.gz write row count is 0. Uncompressed data size is 0 Bytes. read_and_upload_time: 83 ms
[2025-05-22T21:07:44.802+0530] {subprocess.py:93} INFO - 25/05/22 21:07:44 INFO CloudStorageOperations$: Spark Connector Worker: Finish writing partition ID:0 0.CSV.gz write row count is 0. Uncompressed data size is 0 Bytes. read_and_upload_time: 83 ms
[2025-05-22T21:07:44.802+0530] {subprocess.py:93} INFO - 25/05/22 21:07:44 INFO CloudStorageOperations$: Spark Connector Worker: Finish writing partition ID:1 1.CSV.gz write row count is 0. Uncompressed data size is 0 Bytes. read_and_upload_time: 83 ms
[2025-05-22T21:07:44.814+0530] {subprocess.py:93} INFO - 25/05/22 21:07:44 INFO Executor: Finished task 1.0 in stage 1.0 (TID 2). 1905 bytes result sent to driver
[2025-05-22T21:07:44.814+0530] {subprocess.py:93} INFO - 25/05/22 21:07:44 INFO Executor: Finished task 3.0 in stage 1.0 (TID 4). 1948 bytes result sent to driver
[2025-05-22T21:07:44.815+0530] {subprocess.py:93} INFO - 25/05/22 21:07:44 INFO Executor: Finished task 4.0 in stage 1.0 (TID 5). 1948 bytes result sent to driver
[2025-05-22T21:07:44.816+0530] {subprocess.py:93} INFO - 25/05/22 21:07:44 INFO Executor: Finished task 0.0 in stage 1.0 (TID 1). 1905 bytes result sent to driver
[2025-05-22T21:07:44.817+0530] {subprocess.py:93} INFO - 25/05/22 21:07:44 INFO TaskSetManager: Finished task 1.0 in stage 1.0 (TID 2) in 1143 ms on 10.255.255.254 (executor driver) (1/5)
[2025-05-22T21:07:44.821+0530] {subprocess.py:93} INFO - 25/05/22 21:07:44 INFO TaskSetManager: Finished task 4.0 in stage 1.0 (TID 5) in 1145 ms on 10.255.255.254 (executor driver) (2/5)
[2025-05-22T21:07:44.823+0530] {subprocess.py:93} INFO - 25/05/22 21:07:44 INFO TaskSetManager: Finished task 3.0 in stage 1.0 (TID 4) in 1146 ms on 10.255.255.254 (executor driver) (3/5)
[2025-05-22T21:07:44.824+0530] {subprocess.py:93} INFO - 25/05/22 21:07:44 INFO TaskSetManager: Finished task 0.0 in stage 1.0 (TID 1) in 1153 ms on 10.255.255.254 (executor driver) (4/5)
[2025-05-22T21:07:44.860+0530] {subprocess.py:93} INFO - 25/05/22 21:07:44 INFO CodecPool: Got brand-new decompressor [.snappy]
[2025-05-22T21:08:37.609+0530] {subprocess.py:93} INFO - 25/05/22 21:08:37 INFO CloudStorageOperations$: Spark Connector Worker: Finish uploading file gOIKIMFobs/2.CSV.gz with AWS multiple parts API: bufferSize=8.00 MB chunkCount=4 compressedSize=16.93 MB
[2025-05-22T21:08:37.609+0530] {subprocess.py:93} INFO - 25/05/22 21:08:37 INFO CloudStorageOperations$: Spark Connector Worker: Finish writing partition ID:2 2.CSV.gz write row count is 1177062. Uncompressed data size is 101.16 MB. read_and_upload_time: 52.89 seconds
[2025-05-22T21:08:37.611+0530] {subprocess.py:93} INFO - 25/05/22 21:08:37 INFO Executor: Finished task 2.0 in stage 1.0 (TID 3). 1948 bytes result sent to driver
[2025-05-22T21:08:37.613+0530] {subprocess.py:93} INFO - 25/05/22 21:08:37 INFO TaskSetManager: Finished task 2.0 in stage 1.0 (TID 3) in 53938 ms on 10.255.255.254 (executor driver) (5/5)
[2025-05-22T21:08:37.613+0530] {subprocess.py:93} INFO - 25/05/22 21:08:37 INFO TaskSchedulerImpl: Removed TaskSet 1.0, whose tasks have all completed, from pool
[2025-05-22T21:08:37.615+0530] {subprocess.py:93} INFO - 25/05/22 21:08:37 INFO DAGScheduler: ResultStage 1 (collect at CloudStorageOperations.scala:805) finished in 53.955 s
[2025-05-22T21:08:37.615+0530] {subprocess.py:93} INFO - 25/05/22 21:08:37 INFO DAGScheduler: Job 1 is finished. Cancelling potential speculative or zombie tasks for this job
[2025-05-22T21:08:37.615+0530] {subprocess.py:93} INFO - 25/05/22 21:08:37 INFO TaskSchedulerImpl: Killing all running tasks in stage 1: Stage finished
[2025-05-22T21:08:37.616+0530] {subprocess.py:93} INFO - 25/05/22 21:08:37 INFO DAGScheduler: Job 1 finished: collect at CloudStorageOperations.scala:805, took 53.964203 s
[2025-05-22T21:08:37.620+0530] {subprocess.py:93} INFO - 25/05/22 21:08:37 INFO StageWriter$: writeToTableWithStagingTable: check table existence with "AIRFLOW_DB"."PUBLIC".nyc_taxi_trip for nyc_taxi_trip
[2025-05-22T21:08:37.621+0530] {subprocess.py:93} INFO - 25/05/22 21:08:37 INFO SnowflakeSQLStatement: Spark Connector Master: execute query with bind variable: desc table identifier(?)
[2025-05-22T21:08:37.719+0530] {subprocess.py:93} INFO - 25/05/22 21:08:37 INFO SnowflakeSQLStatement: Spark Connector Master: execute query with bind variable: create   table if not exists identifier(?) ("TRIP_ID" INTEGER ,"VENDORID" INTEGER ,"TPEP_PICKUP_DATETIME" STRING ,"TPEP_DROPOFF_DATETIME" STRING ,"PASSENGER_COUNT" INTEGER ,"TRIP_DISTANCE" DOUBLE ,"RATECODEID" INTEGER ,"STORE_AND_FWD_FLAG" STRING ,"PULOCATIONID" INTEGER ,"DOLOCATIONID" INTEGER ,"MONTH" INTEGER ,"DISTANCE_LENGTH" STRING ,"CAR_UTILIZATION" STRING )
[2025-05-22T21:08:37.954+0530] {subprocess.py:93} INFO - 25/05/22 21:08:37 INFO StageWriter$: Begin to write at 2025-05-22T21:08:37.933753 (India Standard Time)
[2025-05-22T21:08:37.961+0530] {subprocess.py:93} INFO - 25/05/22 21:08:37 INFO StageWriter$: Total file count is 5, non-empty files count is 1, total file size is 101.16 MB, total row count is 1.12 MB.
[2025-05-22T21:08:37.966+0530] {subprocess.py:93} INFO - 25/05/22 21:08:37 INFO StageWriter$: Now executing below command to write into table:
[2025-05-22T21:08:37.967+0530] {subprocess.py:93} INFO - copy into nyc_taxi_trip_staging_10503507 FROM @spark_connector_load_stage_TjfbhLxCzD/gOIKIMFobs/
[2025-05-22T21:08:37.967+0530] {subprocess.py:93} INFO - FILE_FORMAT = (
[2025-05-22T21:08:37.967+0530] {subprocess.py:93} INFO -     TYPE=CSV
[2025-05-22T21:08:37.967+0530] {subprocess.py:93} INFO -     FIELD_DELIMITER='|'
[2025-05-22T21:08:37.967+0530] {subprocess.py:93} INFO -     NULL_IF=()
[2025-05-22T21:08:37.968+0530] {subprocess.py:93} INFO -     FIELD_OPTIONALLY_ENCLOSED_BY='"'
[2025-05-22T21:08:37.968+0530] {subprocess.py:93} INFO -     TIMESTAMP_FORMAT='TZHTZM YYYY-MM-DD HH24:MI:SS.FF9'
[2025-05-22T21:08:37.968+0530] {subprocess.py:93} INFO -     DATE_FORMAT='TZHTZM YYYY-MM-DD HH24:MI:SS.FF9'
[2025-05-22T21:08:37.968+0530] {subprocess.py:93} INFO -     BINARY_FORMAT=BASE64
[2025-05-22T21:08:37.968+0530] {subprocess.py:93} INFO -   )
[2025-05-22T21:08:37.968+0530] {subprocess.py:93} INFO - 
[2025-05-22T21:08:37.968+0530] {subprocess.py:93} INFO - 25/05/22 21:08:37 INFO SnowflakeSQLStatement: Spark Connector Master: execute query with bind variable: copy into nyc_taxi_trip_staging_10503507 FROM @spark_connector_load_stage_TjfbhLxCzD/gOIKIMFobs/
[2025-05-22T21:08:37.968+0530] {subprocess.py:93} INFO - FILE_FORMAT = (
[2025-05-22T21:08:37.968+0530] {subprocess.py:93} INFO -     TYPE=CSV
[2025-05-22T21:08:37.968+0530] {subprocess.py:93} INFO -     FIELD_DELIMITER='|'
[2025-05-22T21:08:37.969+0530] {subprocess.py:93} INFO -     NULL_IF=()
[2025-05-22T21:08:37.969+0530] {subprocess.py:93} INFO -     FIELD_OPTIONALLY_ENCLOSED_BY='"'
[2025-05-22T21:08:37.969+0530] {subprocess.py:93} INFO -     TIMESTAMP_FORMAT='TZHTZM YYYY-MM-DD HH24:MI:SS.FF9'
[2025-05-22T21:08:37.969+0530] {subprocess.py:93} INFO -     DATE_FORMAT='TZHTZM YYYY-MM-DD HH24:MI:SS.FF9'
[2025-05-22T21:08:37.969+0530] {subprocess.py:93} INFO -     BINARY_FORMAT=BASE64
[2025-05-22T21:08:37.969+0530] {subprocess.py:93} INFO -   )
[2025-05-22T21:08:37.969+0530] {subprocess.py:93} INFO - 
[2025-05-22T21:08:38.063+0530] {subprocess.py:93} INFO - 25/05/22 21:08:38 INFO SparkConnectorContext$: Spark connector register listener for: local-1747928257408
[2025-05-22T21:08:38.064+0530] {subprocess.py:93} INFO - 25/05/22 21:08:38 INFO SparkConnectorContext$: Add running query for local-1747928257408 session: 3722800343229282 queryId: 01bc856a-3201-a2cb-000d-39de0008156e
[2025-05-22T21:08:38.065+0530] {subprocess.py:93} INFO - 25/05/22 21:08:38 INFO StageWriter$: The query ID for async writing into table command is: 01bc856a-3201-a2cb-000d-39de0008156e; The query ID URL is:
[2025-05-22T21:08:38.066+0530] {subprocess.py:93} INFO - https://AVCUDFK-TL56570.snowflakecomputing.com/console#/monitoring/queries/detail?queryId=01bc856a-3201-a2cb-000d-39de0008156e
[2025-05-22T21:08:48.996+0530] {subprocess.py:93} INFO - 25/05/22 21:08:48 INFO SparkConnectorContext$: Remove running query for local-1747928257408 session: 3722800343229282 queryId: 01bc856a-3201-a2cb-000d-39de0008156e
[2025-05-22T21:08:48.996+0530] {subprocess.py:93} INFO - 25/05/22 21:08:48 INFO StageWriter$: First COPY command is done in 11.06 seconds at 2025-05-22T21:08:48.996591, queryID is 01bc856a-3201-a2cb-000d-39de0008156e
[2025-05-22T21:08:49.000+0530] {subprocess.py:93} INFO - 25/05/22 21:08:49 INFO StageWriter$: Succeed to write in 11.07 seconds at 2025-05-22T21:08:49.000544
[2025-05-22T21:08:49.002+0530] {subprocess.py:93} INFO - 25/05/22 21:08:49 INFO SnowflakeSQLStatement: Spark Connector Master: execute query with bind variable: alter table identifier(?) swap with identifier(?)
[2025-05-22T21:08:49.307+0530] {subprocess.py:93} INFO - 25/05/22 21:08:49 INFO SnowflakeSQLStatement: Spark Connector Master: execute query with bind variable: drop table identifier(?)
[2025-05-22T21:08:49.476+0530] {subprocess.py:93} INFO - 25/05/22 21:08:49 INFO StageWriter$: Spark Connector Master: Total job time is 1.10 minutes including read & upload time: 54.19 seconds and COPY time: 11.86 seconds.
[2025-05-22T21:08:49.606+0530] {subprocess.py:93} INFO - 25/05/22 21:08:49 WARN SnowflakeConnectorUtils$: Query pushdown is not supported because you are using Spark 3.5.5 with a connector designed to support Spark 3.3. Either use the version of Spark supported by the connector or install a version of the connector that supports your version of Spark.
[2025-05-22T21:08:49.611+0530] {subprocess.py:93} INFO - 25/05/22 21:08:49 WARN DefaultJDBCWrapper$: JDBC 3.13.30 is being used. But the certified JDBC version 3.13.22 is recommended.
[2025-05-22T21:08:49.822+0530] {subprocess.py:93} INFO - 25/05/22 21:08:49 INFO SnowflakeSQLStatement: Spark Connector Master: execute query with bind variable: select * from nyc_taxi_trip where 1 = 0
[2025-05-22T21:08:50.092+0530] {subprocess.py:93} INFO - 25/05/22 21:08:50 INFO InMemoryFileIndex: It took 1 ms to list leaf files for 1 paths.
[2025-05-22T21:08:50.121+0530] {subprocess.py:93} INFO - 25/05/22 21:08:50 INFO SparkContext: Starting job: parquet at NativeMethodAccessorImpl.java:0
[2025-05-22T21:08:50.122+0530] {subprocess.py:93} INFO - 25/05/22 21:08:50 INFO DAGScheduler: Got job 2 (parquet at NativeMethodAccessorImpl.java:0) with 1 output partitions
[2025-05-22T21:08:50.123+0530] {subprocess.py:93} INFO - 25/05/22 21:08:50 INFO DAGScheduler: Final stage: ResultStage 2 (parquet at NativeMethodAccessorImpl.java:0)
[2025-05-22T21:08:50.123+0530] {subprocess.py:93} INFO - 25/05/22 21:08:50 INFO DAGScheduler: Parents of final stage: List()
[2025-05-22T21:08:50.123+0530] {subprocess.py:93} INFO - 25/05/22 21:08:50 INFO DAGScheduler: Missing parents: List()
[2025-05-22T21:08:50.124+0530] {subprocess.py:93} INFO - 25/05/22 21:08:50 INFO DAGScheduler: Submitting ResultStage 2 (MapPartitionsRDD[11] at parquet at NativeMethodAccessorImpl.java:0), which has no missing parents
[2025-05-22T21:08:50.134+0530] {subprocess.py:93} INFO - 25/05/22 21:08:50 INFO MemoryStore: Block broadcast_3 stored as values in memory (estimated size 103.3 KiB, free 434.0 MiB)
[2025-05-22T21:08:50.138+0530] {subprocess.py:93} INFO - 25/05/22 21:08:50 INFO MemoryStore: Block broadcast_3_piece0 stored as bytes in memory (estimated size 37.2 KiB, free 434.0 MiB)
[2025-05-22T21:08:50.139+0530] {subprocess.py:93} INFO - 25/05/22 21:08:50 INFO BlockManagerInfo: Added broadcast_3_piece0 in memory on 10.255.255.254:45793 (size: 37.2 KiB, free: 434.3 MiB)
[2025-05-22T21:08:50.139+0530] {subprocess.py:93} INFO - 25/05/22 21:08:50 INFO SparkContext: Created broadcast 3 from broadcast at DAGScheduler.scala:1585
[2025-05-22T21:08:50.140+0530] {subprocess.py:93} INFO - 25/05/22 21:08:50 INFO DAGScheduler: Submitting 1 missing tasks from ResultStage 2 (MapPartitionsRDD[11] at parquet at NativeMethodAccessorImpl.java:0) (first 15 tasks are for partitions Vector(0))
[2025-05-22T21:08:50.140+0530] {subprocess.py:93} INFO - 25/05/22 21:08:50 INFO TaskSchedulerImpl: Adding task set 2.0 with 1 tasks resource profile 0
[2025-05-22T21:08:50.142+0530] {subprocess.py:93} INFO - 25/05/22 21:08:50 INFO TaskSetManager: Starting task 0.0 in stage 2.0 (TID 6) (10.255.255.254, executor driver, partition 0, PROCESS_LOCAL, 9240 bytes)
[2025-05-22T21:08:50.143+0530] {subprocess.py:93} INFO - 25/05/22 21:08:50 INFO Executor: Running task 0.0 in stage 2.0 (TID 6)
[2025-05-22T21:08:50.156+0530] {subprocess.py:93} INFO - 25/05/22 21:08:50 INFO Executor: Finished task 0.0 in stage 2.0 (TID 6). 2151 bytes result sent to driver
[2025-05-22T21:08:50.158+0530] {subprocess.py:93} INFO - 25/05/22 21:08:50 INFO TaskSetManager: Finished task 0.0 in stage 2.0 (TID 6) in 16 ms on 10.255.255.254 (executor driver) (1/1)
[2025-05-22T21:08:50.158+0530] {subprocess.py:93} INFO - 25/05/22 21:08:50 INFO TaskSchedulerImpl: Removed TaskSet 2.0, whose tasks have all completed, from pool
[2025-05-22T21:08:50.158+0530] {subprocess.py:93} INFO - 25/05/22 21:08:50 INFO DAGScheduler: ResultStage 2 (parquet at NativeMethodAccessorImpl.java:0) finished in 0.033 s
[2025-05-22T21:08:50.159+0530] {subprocess.py:93} INFO - 25/05/22 21:08:50 INFO DAGScheduler: Job 2 is finished. Cancelling potential speculative or zombie tasks for this job
[2025-05-22T21:08:50.159+0530] {subprocess.py:93} INFO - 25/05/22 21:08:50 INFO TaskSchedulerImpl: Killing all running tasks in stage 2: Stage finished
[2025-05-22T21:08:50.159+0530] {subprocess.py:93} INFO - 25/05/22 21:08:50 INFO DAGScheduler: Job 2 finished: parquet at NativeMethodAccessorImpl.java:0, took 0.037921 s
[2025-05-22T21:08:50.195+0530] {subprocess.py:93} INFO - 25/05/22 21:08:50 WARN SnowflakeConnectorUtils$: Query pushdown is not supported because you are using Spark 3.5.5 with a connector designed to support Spark 3.3. Either use the version of Spark supported by the connector or install a version of the connector that supports your version of Spark.
[2025-05-22T21:08:50.212+0530] {subprocess.py:93} INFO - 25/05/22 21:08:50 INFO FileSourceStrategy: Pushed Filters:
[2025-05-22T21:08:50.213+0530] {subprocess.py:93} INFO - 25/05/22 21:08:50 INFO FileSourceStrategy: Post-Scan Filters:
[2025-05-22T21:08:50.245+0530] {subprocess.py:93} INFO - 25/05/22 21:08:50 INFO CodeGenerator: Code generated in 25.921988 ms
[2025-05-22T21:08:50.249+0530] {subprocess.py:93} INFO - 25/05/22 21:08:50 INFO MemoryStore: Block broadcast_4 stored as values in memory (estimated size 202.4 KiB, free 433.8 MiB)
[2025-05-22T21:08:50.258+0530] {subprocess.py:93} INFO - 25/05/22 21:08:50 INFO MemoryStore: Block broadcast_4_piece0 stored as bytes in memory (estimated size 35.3 KiB, free 433.7 MiB)
[2025-05-22T21:08:50.259+0530] {subprocess.py:93} INFO - 25/05/22 21:08:50 INFO BlockManagerInfo: Added broadcast_4_piece0 in memory on 10.255.255.254:45793 (size: 35.3 KiB, free: 434.3 MiB)
[2025-05-22T21:08:50.259+0530] {subprocess.py:93} INFO - 25/05/22 21:08:50 INFO SparkContext: Created broadcast 4 from rdd at SnowflakeWriter.scala:87
[2025-05-22T21:08:50.260+0530] {subprocess.py:93} INFO - 25/05/22 21:08:50 INFO FileSourceScanExec: Planning scan with bin packing, max size: 4194304 bytes, open cost is considered as scanning 4194304 bytes.
[2025-05-22T21:08:50.268+0530] {subprocess.py:93} INFO - 25/05/22 21:08:50 WARN DefaultJDBCWrapper$: JDBC 3.13.30 is being used. But the certified JDBC version 3.13.22 is recommended.
[2025-05-22T21:08:50.443+0530] {subprocess.py:93} INFO - 25/05/22 21:08:50 INFO SnowflakeSQLStatement: Spark Connector Master: execute query with bind variable: alter session set timezone = 'Asia/Calcutta' , timestamp_ntz_output_format = 'YYYY-MM-DD HH24:MI:SS.FF3', timestamp_ltz_output_format = 'TZHTZM YYYY-MM-DD HH24:MI:SS.FF3', timestamp_tz_output_format = 'TZHTZM YYYY-MM-DD HH24:MI:SS.FF3' ;
[2025-05-22T21:08:50.564+0530] {subprocess.py:93} INFO - 25/05/22 21:08:50 INFO SnowflakeSQLStatement: Spark Connector Master: execute query with bind variable: create  temporary stage if not exists identifier(?)
[2025-05-22T21:08:50.974+0530] {subprocess.py:93} INFO - 25/05/22 21:08:50 INFO CloudStorageOperations$: Spark Connector Master: Begin to process and upload data for 5 partitions: directory=6ZlHMRjd3i CSV true
[2025-05-22T21:08:50.988+0530] {subprocess.py:93} INFO - 25/05/22 21:08:50 INFO SparkContext: Starting job: collect at CloudStorageOperations.scala:805
[2025-05-22T21:08:50.990+0530] {subprocess.py:93} INFO - 25/05/22 21:08:50 INFO DAGScheduler: Got job 3 (collect at CloudStorageOperations.scala:805) with 5 output partitions
[2025-05-22T21:08:50.991+0530] {subprocess.py:93} INFO - 25/05/22 21:08:50 INFO DAGScheduler: Final stage: ResultStage 3 (collect at CloudStorageOperations.scala:805)
[2025-05-22T21:08:50.991+0530] {subprocess.py:93} INFO - 25/05/22 21:08:50 INFO DAGScheduler: Parents of final stage: List()
[2025-05-22T21:08:50.991+0530] {subprocess.py:93} INFO - 25/05/22 21:08:50 INFO DAGScheduler: Missing parents: List()
[2025-05-22T21:08:50.992+0530] {subprocess.py:93} INFO - 25/05/22 21:08:50 INFO DAGScheduler: Submitting ResultStage 3 (MapPartitionsRDD[19] at mapPartitionsWithIndex at CloudStorageOperations.scala:788), which has no missing parents
[2025-05-22T21:08:50.995+0530] {subprocess.py:93} INFO - 25/05/22 21:08:50 INFO MemoryStore: Block broadcast_5 stored as values in memory (estimated size 34.8 KiB, free 433.7 MiB)
[2025-05-22T21:08:50.996+0530] {subprocess.py:93} INFO - 25/05/22 21:08:50 INFO MemoryStore: Block broadcast_5_piece0 stored as bytes in memory (estimated size 14.1 KiB, free 433.7 MiB)
[2025-05-22T21:08:50.997+0530] {subprocess.py:93} INFO - 25/05/22 21:08:50 INFO BlockManagerInfo: Added broadcast_5_piece0 in memory on 10.255.255.254:45793 (size: 14.1 KiB, free: 434.3 MiB)
[2025-05-22T21:08:50.998+0530] {subprocess.py:93} INFO - 25/05/22 21:08:50 INFO SparkContext: Created broadcast 5 from broadcast at DAGScheduler.scala:1585
[2025-05-22T21:08:50.998+0530] {subprocess.py:93} INFO - 25/05/22 21:08:50 INFO DAGScheduler: Submitting 5 missing tasks from ResultStage 3 (MapPartitionsRDD[19] at mapPartitionsWithIndex at CloudStorageOperations.scala:788) (first 15 tasks are for partitions Vector(0, 1, 2, 3, 4))
[2025-05-22T21:08:50.998+0530] {subprocess.py:93} INFO - 25/05/22 21:08:50 INFO TaskSchedulerImpl: Adding task set 3.0 with 5 tasks resource profile 0
[2025-05-22T21:08:51.000+0530] {subprocess.py:93} INFO - 25/05/22 21:08:50 INFO TaskSetManager: Starting task 0.0 in stage 3.0 (TID 7) (10.255.255.254, executor driver, partition 0, PROCESS_LOCAL, 9710 bytes)
[2025-05-22T21:08:51.000+0530] {subprocess.py:93} INFO - 25/05/22 21:08:50 INFO TaskSetManager: Starting task 1.0 in stage 3.0 (TID 8) (10.255.255.254, executor driver, partition 1, PROCESS_LOCAL, 9710 bytes)
[2025-05-22T21:08:51.001+0530] {subprocess.py:93} INFO - 25/05/22 21:08:51 INFO TaskSetManager: Starting task 2.0 in stage 3.0 (TID 9) (10.255.255.254, executor driver, partition 2, PROCESS_LOCAL, 9710 bytes)
[2025-05-22T21:08:51.001+0530] {subprocess.py:93} INFO - 25/05/22 21:08:51 INFO TaskSetManager: Starting task 3.0 in stage 3.0 (TID 10) (10.255.255.254, executor driver, partition 3, PROCESS_LOCAL, 9710 bytes)
[2025-05-22T21:08:51.001+0530] {subprocess.py:93} INFO - 25/05/22 21:08:51 INFO TaskSetManager: Starting task 4.0 in stage 3.0 (TID 11) (10.255.255.254, executor driver, partition 4, PROCESS_LOCAL, 9710 bytes)
[2025-05-22T21:08:51.001+0530] {subprocess.py:93} INFO - 25/05/22 21:08:51 INFO Executor: Running task 0.0 in stage 3.0 (TID 7)
[2025-05-22T21:08:51.004+0530] {subprocess.py:93} INFO - 25/05/22 21:08:51 INFO Executor: Running task 2.0 in stage 3.0 (TID 9)
[2025-05-22T21:08:51.004+0530] {subprocess.py:93} INFO - 25/05/22 21:08:51 INFO Executor: Running task 1.0 in stage 3.0 (TID 8)
[2025-05-22T21:08:51.006+0530] {subprocess.py:93} INFO - 25/05/22 21:08:51 INFO Executor: Running task 3.0 in stage 3.0 (TID 10)
[2025-05-22T21:08:51.010+0530] {subprocess.py:93} INFO - 25/05/22 21:08:51 INFO Executor: Running task 4.0 in stage 3.0 (TID 11)
[2025-05-22T21:08:51.032+0530] {subprocess.py:93} INFO - 25/05/22 21:08:51 INFO CodeGenerator: Code generated in 22.986151 ms
[2025-05-22T21:08:51.073+0530] {subprocess.py:93} INFO - 25/05/22 21:08:51 INFO CodeGenerator: Code generated in 20.909146 ms
[2025-05-22T21:08:51.075+0530] {subprocess.py:93} INFO - 25/05/22 21:08:51 INFO CloudStorageOperations$: Spark Connector Worker: Start writing partition ID:0 as 0.CSV.gz TaskInfo: {  "task_partition_id" : 0,  "task_attempt_id" : 7,  "task_attempt_number" : 0,  "task_stage_attempt_number" : 0,  "task_stage_id" : 3,  "thread_id" : 85}
[2025-05-22T21:08:51.075+0530] {subprocess.py:93} INFO - 25/05/22 21:08:51 INFO CloudStorageOperations$: Spark Connector Worker: Start writing partition ID:4 as 4.CSV.gz TaskInfo: {  "task_partition_id" : 4,  "task_attempt_id" : 11,  "task_attempt_number" : 0,  "task_stage_attempt_number" : 0,  "task_stage_id" : 3,  "thread_id" : 104}
[2025-05-22T21:08:51.076+0530] {subprocess.py:93} INFO - 25/05/22 21:08:51 INFO CloudStorageOperations$: Spark Connector Worker: Start writing partition ID:2 as 2.CSV.gz TaskInfo: {  "task_partition_id" : 2,  "task_attempt_id" : 9,  "task_attempt_number" : 0,  "task_stage_attempt_number" : 0,  "task_stage_id" : 3,  "thread_id" : 102}
[2025-05-22T21:08:51.076+0530] {subprocess.py:93} INFO - 25/05/22 21:08:51 INFO CloudStorageOperations$: Spark Connector Worker: Start writing partition ID:3 as 3.CSV.gz TaskInfo: {  "task_partition_id" : 3,  "task_attempt_id" : 10,  "task_attempt_number" : 0,  "task_stage_attempt_number" : 0,  "task_stage_id" : 3,  "thread_id" : 103}
[2025-05-22T21:08:51.076+0530] {subprocess.py:93} INFO - 25/05/22 21:08:51 INFO CloudStorageOperations$: Spark Connector Worker: Start writing partition ID:1 as 1.CSV.gz TaskInfo: {  "task_partition_id" : 1,  "task_attempt_id" : 8,  "task_attempt_number" : 0,  "task_stage_attempt_number" : 0,  "task_stage_id" : 3,  "thread_id" : 101}
[2025-05-22T21:08:51.076+0530] {subprocess.py:93} INFO - 25/05/22 21:08:51 INFO FileScanRDD: Reading File path: file:///home/pranav_shirali/airflow-project/scripts/ETL/nyc_taxi_payment.parquet/part-00000-38d303c0-952f-4bee-a179-ed8ee903c636-c000.snappy.parquet, range: 0-4194304, partition values: [empty row]
[2025-05-22T21:08:51.076+0530] {subprocess.py:93} INFO - 25/05/22 21:08:51 INFO FileScanRDD: Reading File path: file:///home/pranav_shirali/airflow-project/scripts/ETL/nyc_taxi_payment.parquet/part-00000-38d303c0-952f-4bee-a179-ed8ee903c636-c000.snappy.parquet, range: 8388608-12582912, partition values: [empty row]
[2025-05-22T21:08:51.076+0530] {subprocess.py:93} INFO - 25/05/22 21:08:51 INFO FileScanRDD: Reading File path: file:///home/pranav_shirali/airflow-project/scripts/ETL/nyc_taxi_payment.parquet/part-00000-38d303c0-952f-4bee-a179-ed8ee903c636-c000.snappy.parquet, range: 16777216-17071679, partition values: [empty row]
[2025-05-22T21:08:51.077+0530] {subprocess.py:93} INFO - 25/05/22 21:08:51 INFO FileScanRDD: Reading File path: file:///home/pranav_shirali/airflow-project/scripts/ETL/nyc_taxi_payment.parquet/part-00000-38d303c0-952f-4bee-a179-ed8ee903c636-c000.snappy.parquet, range: 12582912-16777216, partition values: [empty row]
[2025-05-22T21:08:51.077+0530] {subprocess.py:93} INFO - 25/05/22 21:08:51 INFO FileScanRDD: Reading File path: file:///home/pranav_shirali/airflow-project/scripts/ETL/nyc_taxi_payment.parquet/part-00000-38d303c0-952f-4bee-a179-ed8ee903c636-c000.snappy.parquet, range: 4194304-8388608, partition values: [empty row]
[2025-05-22T21:08:51.092+0530] {subprocess.py:93} INFO - 25/05/22 21:08:51 INFO CloudStorageOperations$: Spark Connector Worker: Finish writing partition ID:4 4.CSV.gz write row count is 0. Uncompressed data size is 0 Bytes. read_and_upload_time: 7 ms
[2025-05-22T21:08:51.094+0530] {subprocess.py:93} INFO - 25/05/22 21:08:51 INFO Executor: Finished task 4.0 in stage 3.0 (TID 11). 1905 bytes result sent to driver
[2025-05-22T21:08:51.095+0530] {subprocess.py:93} INFO - 25/05/22 21:08:51 INFO CloudStorageOperations$: Spark Connector Worker: Finish writing partition ID:1 1.CSV.gz write row count is 0. Uncompressed data size is 0 Bytes. read_and_upload_time: 7 ms
[2025-05-22T21:08:51.099+0530] {subprocess.py:93} INFO - 25/05/22 21:08:51 INFO BlockManagerInfo: Removed broadcast_3_piece0 on 10.255.255.254:45793 in memory (size: 37.2 KiB, free: 434.3 MiB)
[2025-05-22T21:08:51.100+0530] {subprocess.py:93} INFO - 25/05/22 21:08:51 INFO CloudStorageOperations$: Spark Connector Worker: Finish writing partition ID:0 0.CSV.gz write row count is 0. Uncompressed data size is 0 Bytes. read_and_upload_time: 23 ms
[2025-05-22T21:08:51.100+0530] {subprocess.py:93} INFO - 25/05/22 21:08:51 INFO Executor: Finished task 1.0 in stage 3.0 (TID 8). 1905 bytes result sent to driver
[2025-05-22T21:08:51.100+0530] {subprocess.py:93} INFO - 25/05/22 21:08:51 INFO TaskSetManager: Finished task 4.0 in stage 3.0 (TID 11) in 99 ms on 10.255.255.254 (executor driver) (1/5)
[2025-05-22T21:08:51.101+0530] {subprocess.py:93} INFO - 25/05/22 21:08:51 INFO CloudStorageOperations$: Spark Connector Worker: Finish writing partition ID:3 3.CSV.gz write row count is 0. Uncompressed data size is 0 Bytes. read_and_upload_time: 24 ms
[2025-05-22T21:08:51.101+0530] {subprocess.py:93} INFO - 25/05/22 21:08:51 INFO Executor: Finished task 0.0 in stage 3.0 (TID 7). 1905 bytes result sent to driver
[2025-05-22T21:08:51.101+0530] {subprocess.py:93} INFO - 25/05/22 21:08:51 INFO Executor: Finished task 3.0 in stage 3.0 (TID 10). 1905 bytes result sent to driver
[2025-05-22T21:08:51.103+0530] {subprocess.py:93} INFO - 25/05/22 21:08:51 INFO TaskSetManager: Finished task 1.0 in stage 3.0 (TID 8) in 103 ms on 10.255.255.254 (executor driver) (2/5)
[2025-05-22T21:08:51.106+0530] {subprocess.py:93} INFO - 25/05/22 21:08:51 INFO TaskSetManager: Finished task 0.0 in stage 3.0 (TID 7) in 106 ms on 10.255.255.254 (executor driver) (3/5)
[2025-05-22T21:08:51.106+0530] {subprocess.py:93} INFO - 25/05/22 21:08:51 INFO TaskSetManager: Finished task 3.0 in stage 3.0 (TID 10) in 105 ms on 10.255.255.254 (executor driver) (4/5)
[2025-05-22T21:08:51.141+0530] {subprocess.py:93} INFO - 25/05/22 21:08:51 INFO BlockManagerInfo: Removed broadcast_1_piece0 on 10.255.255.254:45793 in memory (size: 35.5 KiB, free: 434.3 MiB)
[2025-05-22T21:08:51.147+0530] {subprocess.py:93} INFO - 25/05/22 21:08:51 INFO BlockManagerInfo: Removed broadcast_2_piece0 on 10.255.255.254:45793 in memory (size: 18.1 KiB, free: 434.4 MiB)
[2025-05-22T21:09:36.070+0530] {subprocess.py:93} INFO - 25/05/22 21:09:36 INFO CloudStorageOperations$: Spark Connector Worker: Finish uploading file 6ZlHMRjd3i/2.CSV.gz with AWS multiple parts API: bufferSize=8.00 MB chunkCount=3 compressedSize=11.92 MB
[2025-05-22T21:09:36.070+0530] {subprocess.py:93} INFO - 25/05/22 21:09:36 INFO CloudStorageOperations$: Spark Connector Worker: Finish writing partition ID:2 2.CSV.gz write row count is 1177062. Uncompressed data size is 66.56 MB. read_and_upload_time: 44.99 seconds
[2025-05-22T21:09:36.072+0530] {subprocess.py:93} INFO - 25/05/22 21:09:36 INFO Executor: Finished task 2.0 in stage 3.0 (TID 9). 1948 bytes result sent to driver
[2025-05-22T21:09:36.073+0530] {subprocess.py:93} INFO - 25/05/22 21:09:36 INFO TaskSetManager: Finished task 2.0 in stage 3.0 (TID 9) in 45073 ms on 10.255.255.254 (executor driver) (5/5)
[2025-05-22T21:09:36.073+0530] {subprocess.py:93} INFO - 25/05/22 21:09:36 INFO TaskSchedulerImpl: Removed TaskSet 3.0, whose tasks have all completed, from pool
[2025-05-22T21:09:36.074+0530] {subprocess.py:93} INFO - 25/05/22 21:09:36 INFO DAGScheduler: ResultStage 3 (collect at CloudStorageOperations.scala:805) finished in 45.080 s
[2025-05-22T21:09:36.074+0530] {subprocess.py:93} INFO - 25/05/22 21:09:36 INFO DAGScheduler: Job 3 is finished. Cancelling potential speculative or zombie tasks for this job
[2025-05-22T21:09:36.074+0530] {subprocess.py:93} INFO - 25/05/22 21:09:36 INFO TaskSchedulerImpl: Killing all running tasks in stage 3: Stage finished
[2025-05-22T21:09:36.074+0530] {subprocess.py:93} INFO - 25/05/22 21:09:36 INFO DAGScheduler: Job 3 finished: collect at CloudStorageOperations.scala:805, took 45.085672 s
[2025-05-22T21:09:36.075+0530] {subprocess.py:93} INFO - 25/05/22 21:09:36 INFO StageWriter$: writeToTableWithStagingTable: check table existence with "AIRFLOW_DB"."PUBLIC".nyc_taxi_payment for nyc_taxi_payment
[2025-05-22T21:09:36.076+0530] {subprocess.py:93} INFO - 25/05/22 21:09:36 INFO SnowflakeSQLStatement: Spark Connector Master: execute query with bind variable: desc table identifier(?)
[2025-05-22T21:09:36.174+0530] {subprocess.py:93} INFO - 25/05/22 21:09:36 INFO SnowflakeSQLStatement: Spark Connector Master: execute query with bind variable: create   table if not exists identifier(?) ("PAYMENT_ID" INTEGER ,"TRIP_ID" INTEGER ,"PAYMENT_TYPE" INTEGER ,"FARE_AMOUNT" DOUBLE ,"EXTRA" DOUBLE ,"MTA_TAX" DOUBLE ,"TIP_AMOUNT" DOUBLE ,"TOLLS_AMOUNT" DOUBLE ,"IMPROVEMENT_SURCHARGE" DOUBLE ,"TOTAL_AMOUNT" DOUBLE ,"TRIP_AMT_INR" DOUBLE ,"CONGESTION_SURCHARGE" DOUBLE )
[2025-05-22T21:09:36.352+0530] {subprocess.py:93} INFO - 25/05/22 21:09:36 INFO StageWriter$: Begin to write at 2025-05-22T21:09:36.352187 (India Standard Time)
[2025-05-22T21:09:36.352+0530] {subprocess.py:93} INFO - 25/05/22 21:09:36 INFO StageWriter$: Total file count is 5, non-empty files count is 1, total file size is 66.56 MB, total row count is 1.12 MB.
[2025-05-22T21:09:36.354+0530] {subprocess.py:93} INFO - 25/05/22 21:09:36 INFO StageWriter$: Now executing below command to write into table:
[2025-05-22T21:09:36.354+0530] {subprocess.py:93} INFO - copy into nyc_taxi_payment_staging_1689025985 FROM @spark_connector_load_stage_bcqwY5BulD/6ZlHMRjd3i/
[2025-05-22T21:09:36.354+0530] {subprocess.py:93} INFO - FILE_FORMAT = (
[2025-05-22T21:09:36.354+0530] {subprocess.py:93} INFO -     TYPE=CSV
[2025-05-22T21:09:36.354+0530] {subprocess.py:93} INFO -     FIELD_DELIMITER='|'
[2025-05-22T21:09:36.355+0530] {subprocess.py:93} INFO -     NULL_IF=()
[2025-05-22T21:09:36.355+0530] {subprocess.py:93} INFO -     FIELD_OPTIONALLY_ENCLOSED_BY='"'
[2025-05-22T21:09:36.355+0530] {subprocess.py:93} INFO -     TIMESTAMP_FORMAT='TZHTZM YYYY-MM-DD HH24:MI:SS.FF9'
[2025-05-22T21:09:36.355+0530] {subprocess.py:93} INFO -     DATE_FORMAT='TZHTZM YYYY-MM-DD HH24:MI:SS.FF9'
[2025-05-22T21:09:36.355+0530] {subprocess.py:93} INFO -     BINARY_FORMAT=BASE64
[2025-05-22T21:09:36.355+0530] {subprocess.py:93} INFO -   )
[2025-05-22T21:09:36.355+0530] {subprocess.py:93} INFO - 
[2025-05-22T21:09:36.355+0530] {subprocess.py:93} INFO - 25/05/22 21:09:36 INFO SnowflakeSQLStatement: Spark Connector Master: execute query with bind variable: copy into nyc_taxi_payment_staging_1689025985 FROM @spark_connector_load_stage_bcqwY5BulD/6ZlHMRjd3i/
[2025-05-22T21:09:36.355+0530] {subprocess.py:93} INFO - FILE_FORMAT = (
[2025-05-22T21:09:36.355+0530] {subprocess.py:93} INFO -     TYPE=CSV
[2025-05-22T21:09:36.355+0530] {subprocess.py:93} INFO -     FIELD_DELIMITER='|'
[2025-05-22T21:09:36.356+0530] {subprocess.py:93} INFO -     NULL_IF=()
[2025-05-22T21:09:36.356+0530] {subprocess.py:93} INFO -     FIELD_OPTIONALLY_ENCLOSED_BY='"'
[2025-05-22T21:09:36.356+0530] {subprocess.py:93} INFO -     TIMESTAMP_FORMAT='TZHTZM YYYY-MM-DD HH24:MI:SS.FF9'
[2025-05-22T21:09:36.356+0530] {subprocess.py:93} INFO -     DATE_FORMAT='TZHTZM YYYY-MM-DD HH24:MI:SS.FF9'
[2025-05-22T21:09:36.356+0530] {subprocess.py:93} INFO -     BINARY_FORMAT=BASE64
[2025-05-22T21:09:36.356+0530] {subprocess.py:93} INFO -   )
[2025-05-22T21:09:36.356+0530] {subprocess.py:93} INFO - 
[2025-05-22T21:09:36.431+0530] {subprocess.py:93} INFO - 25/05/22 21:09:36 INFO SparkConnectorContext$: Add running query for local-1747928257408 session: 3722800343229286 queryId: 01bc856b-3201-a2cb-000d-39de0008157a
[2025-05-22T21:09:36.432+0530] {subprocess.py:93} INFO - 25/05/22 21:09:36 INFO StageWriter$: The query ID for async writing into table command is: 01bc856b-3201-a2cb-000d-39de0008157a; The query ID URL is:
[2025-05-22T21:09:36.432+0530] {subprocess.py:93} INFO - https://AVCUDFK-TL56570.snowflakecomputing.com/console#/monitoring/queries/detail?queryId=01bc856b-3201-a2cb-000d-39de0008157a
[2025-05-22T21:09:42.690+0530] {subprocess.py:93} INFO - 25/05/22 21:09:42 INFO SparkConnectorContext$: Remove running query for local-1747928257408 session: 3722800343229286 queryId: 01bc856b-3201-a2cb-000d-39de0008157a
[2025-05-22T21:09:42.690+0530] {subprocess.py:93} INFO - 25/05/22 21:09:42 INFO StageWriter$: First COPY command is done in 6.34 seconds at 2025-05-22T21:09:42.690475, queryID is 01bc856b-3201-a2cb-000d-39de0008157a
[2025-05-22T21:09:42.691+0530] {subprocess.py:93} INFO - 25/05/22 21:09:42 INFO StageWriter$: Succeed to write in 6.34 seconds at 2025-05-22T21:09:42.691155
[2025-05-22T21:09:42.692+0530] {subprocess.py:93} INFO - 25/05/22 21:09:42 INFO SnowflakeSQLStatement: Spark Connector Master: execute query with bind variable: alter table identifier(?) swap with identifier(?)
[2025-05-22T21:09:42.802+0530] {subprocess.py:93} INFO - 25/05/22 21:09:42 INFO SnowflakeSQLStatement: Spark Connector Master: execute query with bind variable: drop table identifier(?)
[2025-05-22T21:09:42.960+0530] {subprocess.py:93} INFO - 25/05/22 21:09:42 INFO StageWriter$: Spark Connector Master: Total job time is 52.12 seconds including read & upload time: 45.24 seconds and COPY time: 6.89 seconds.
[2025-05-22T21:09:43.082+0530] {subprocess.py:93} INFO - 25/05/22 21:09:43 WARN SnowflakeConnectorUtils$: Query pushdown is not supported because you are using Spark 3.5.5 with a connector designed to support Spark 3.3. Either use the version of Spark supported by the connector or install a version of the connector that supports your version of Spark.
[2025-05-22T21:09:43.082+0530] {subprocess.py:93} INFO - 25/05/22 21:09:43 WARN DefaultJDBCWrapper$: JDBC 3.13.30 is being used. But the certified JDBC version 3.13.22 is recommended.
[2025-05-22T21:09:43.281+0530] {subprocess.py:93} INFO - 25/05/22 21:09:43 INFO SnowflakeSQLStatement: Spark Connector Master: execute query with bind variable: select * from nyc_taxi_payment where 1 = 0
[2025-05-22T21:09:44.591+0530] {subprocess.py:93} INFO - 25/05/22 21:09:44 INFO SparkContext: Invoking stop() from shutdown hook
[2025-05-22T21:09:44.592+0530] {subprocess.py:93} INFO - 25/05/22 21:09:44 INFO SparkContext: SparkContext is stopping with exitCode 0.
[2025-05-22T21:09:44.593+0530] {subprocess.py:93} INFO - 25/05/22 21:09:44 WARN SparkConnectorContext$: Finish cancelling all queries for local-1747928257408
[2025-05-22T21:09:44.601+0530] {subprocess.py:93} INFO - 25/05/22 21:09:44 INFO SparkUI: Stopped Spark web UI at http://10.255.255.254:4040
[2025-05-22T21:09:44.611+0530] {subprocess.py:93} INFO - 25/05/22 21:09:44 INFO MapOutputTrackerMasterEndpoint: MapOutputTrackerMasterEndpoint stopped!
[2025-05-22T21:09:44.622+0530] {subprocess.py:93} INFO - 25/05/22 21:09:44 INFO MemoryStore: MemoryStore cleared
[2025-05-22T21:09:44.622+0530] {subprocess.py:93} INFO - 25/05/22 21:09:44 INFO BlockManager: BlockManager stopped
[2025-05-22T21:09:44.624+0530] {subprocess.py:93} INFO - 25/05/22 21:09:44 INFO BlockManagerMaster: BlockManagerMaster stopped
[2025-05-22T21:09:44.626+0530] {subprocess.py:93} INFO - 25/05/22 21:09:44 INFO OutputCommitCoordinator$OutputCommitCoordinatorEndpoint: OutputCommitCoordinator stopped!
[2025-05-22T21:09:44.633+0530] {subprocess.py:93} INFO - 25/05/22 21:09:44 INFO SparkContext: Successfully stopped SparkContext
[2025-05-22T21:09:44.634+0530] {subprocess.py:93} INFO - 25/05/22 21:09:44 INFO ShutdownHookManager: Shutdown hook called
[2025-05-22T21:09:44.634+0530] {subprocess.py:93} INFO - 25/05/22 21:09:44 INFO ShutdownHookManager: Deleting directory /tmp/spark-e1f5da4e-ee34-4a6c-a226-a925f83123d7
[2025-05-22T21:09:44.637+0530] {subprocess.py:93} INFO - 25/05/22 21:09:44 INFO ShutdownHookManager: Deleting directory /tmp/spark-1b169bc9-4145-4326-a464-7ef18544f909/pyspark-47b6fa67-8424-459c-8777-5833ca56fe56
[2025-05-22T21:09:44.640+0530] {subprocess.py:93} INFO - 25/05/22 21:09:44 INFO ShutdownHookManager: Deleting directory /tmp/spark-1b169bc9-4145-4326-a464-7ef18544f909
[2025-05-22T21:09:44.696+0530] {subprocess.py:97} INFO - Command exited with return code 0
[2025-05-22T21:09:44.711+0530] {taskinstance.py:340} INFO - ::group::Post task execution logs
[2025-05-22T21:09:44.711+0530] {taskinstance.py:352} INFO - Marking task as SUCCESS. dag_id=nyc_taxi_etl, task_id=load_to_snowflake, run_id=manual__2025-05-22T15:36:11.316994+00:00, execution_date=20250522T153611, start_date=20250522T153734, end_date=20250522T153944
[2025-05-22T21:09:44.759+0530] {local_task_job_runner.py:266} INFO - Task exited with return code 0
[2025-05-22T21:09:44.766+0530] {taskinstance.py:3900} INFO - 0 downstream tasks scheduled from follow-on schedule check
[2025-05-22T21:09:44.767+0530] {local_task_job_runner.py:245} INFO - ::endgroup::
