[2025-03-31T13:07:21.913+0530] {processor.py:186} INFO - Started process (PID=8399) to work on /home/pranav_shirali/airflow-project/airflow-env/lib/python3.10/site-packages/airflow/example_dags/plugins/event_listener.py
[2025-03-31T13:07:21.914+0530] {processor.py:914} INFO - Processing file /home/pranav_shirali/airflow-project/airflow-env/lib/python3.10/site-packages/airflow/example_dags/plugins/event_listener.py for tasks to queue
[2025-03-31T13:07:21.915+0530] {logging_mixin.py:190} INFO - [2025-03-31T13:07:21.915+0530] {dagbag.py:588} INFO - Filling up the DagBag from /home/pranav_shirali/airflow-project/airflow-env/lib/python3.10/site-packages/airflow/example_dags/plugins/event_listener.py
[2025-03-31T13:07:21.917+0530] {processor.py:927} WARNING - No viable dags retrieved from /home/pranav_shirali/airflow-project/airflow-env/lib/python3.10/site-packages/airflow/example_dags/plugins/event_listener.py
[2025-03-31T13:07:21.924+0530] {processor.py:208} INFO - Processing /home/pranav_shirali/airflow-project/airflow-env/lib/python3.10/site-packages/airflow/example_dags/plugins/event_listener.py took 0.015 seconds
[2025-03-31T13:08:27.907+0530] {processor.py:186} INFO - Started process (PID=8846) to work on /home/pranav_shirali/airflow-project/airflow-env/lib/python3.10/site-packages/airflow/example_dags/plugins/event_listener.py
[2025-03-31T13:08:27.907+0530] {processor.py:914} INFO - Processing file /home/pranav_shirali/airflow-project/airflow-env/lib/python3.10/site-packages/airflow/example_dags/plugins/event_listener.py for tasks to queue
[2025-03-31T13:08:27.909+0530] {logging_mixin.py:190} INFO - [2025-03-31T13:08:27.908+0530] {dagbag.py:588} INFO - Filling up the DagBag from /home/pranav_shirali/airflow-project/airflow-env/lib/python3.10/site-packages/airflow/example_dags/plugins/event_listener.py
[2025-03-31T13:08:27.911+0530] {processor.py:927} WARNING - No viable dags retrieved from /home/pranav_shirali/airflow-project/airflow-env/lib/python3.10/site-packages/airflow/example_dags/plugins/event_listener.py
[2025-03-31T13:08:27.917+0530] {processor.py:208} INFO - Processing /home/pranav_shirali/airflow-project/airflow-env/lib/python3.10/site-packages/airflow/example_dags/plugins/event_listener.py took 0.015 seconds
[2025-03-31T13:09:28.011+0530] {processor.py:186} INFO - Started process (PID=9157) to work on /home/pranav_shirali/airflow-project/airflow-env/lib/python3.10/site-packages/airflow/example_dags/plugins/event_listener.py
[2025-03-31T13:09:28.014+0530] {processor.py:914} INFO - Processing file /home/pranav_shirali/airflow-project/airflow-env/lib/python3.10/site-packages/airflow/example_dags/plugins/event_listener.py for tasks to queue
[2025-03-31T13:09:28.015+0530] {logging_mixin.py:190} INFO - [2025-03-31T13:09:28.015+0530] {dagbag.py:588} INFO - Filling up the DagBag from /home/pranav_shirali/airflow-project/airflow-env/lib/python3.10/site-packages/airflow/example_dags/plugins/event_listener.py
[2025-03-31T13:09:28.017+0530] {processor.py:927} WARNING - No viable dags retrieved from /home/pranav_shirali/airflow-project/airflow-env/lib/python3.10/site-packages/airflow/example_dags/plugins/event_listener.py
[2025-03-31T13:09:28.025+0530] {processor.py:208} INFO - Processing /home/pranav_shirali/airflow-project/airflow-env/lib/python3.10/site-packages/airflow/example_dags/plugins/event_listener.py took 0.018 seconds
[2025-03-31T13:10:24.326+0530] {processor.py:186} INFO - Started process (PID=9382) to work on /home/pranav_shirali/airflow-project/airflow-env/lib/python3.10/site-packages/airflow/example_dags/plugins/event_listener.py
[2025-03-31T13:10:24.329+0530] {processor.py:914} INFO - Processing file /home/pranav_shirali/airflow-project/airflow-env/lib/python3.10/site-packages/airflow/example_dags/plugins/event_listener.py for tasks to queue
[2025-03-31T13:10:24.332+0530] {logging_mixin.py:190} INFO - [2025-03-31T13:10:24.332+0530] {dagbag.py:588} INFO - Filling up the DagBag from /home/pranav_shirali/airflow-project/airflow-env/lib/python3.10/site-packages/airflow/example_dags/plugins/event_listener.py
[2025-03-31T13:10:24.335+0530] {processor.py:927} WARNING - No viable dags retrieved from /home/pranav_shirali/airflow-project/airflow-env/lib/python3.10/site-packages/airflow/example_dags/plugins/event_listener.py
[2025-03-31T13:10:24.348+0530] {processor.py:208} INFO - Processing /home/pranav_shirali/airflow-project/airflow-env/lib/python3.10/site-packages/airflow/example_dags/plugins/event_listener.py took 0.028 seconds
[2025-03-31T13:11:19.159+0530] {processor.py:186} INFO - Started process (PID=9593) to work on /home/pranav_shirali/airflow-project/airflow-env/lib/python3.10/site-packages/airflow/example_dags/plugins/event_listener.py
[2025-03-31T13:11:19.161+0530] {processor.py:914} INFO - Processing file /home/pranav_shirali/airflow-project/airflow-env/lib/python3.10/site-packages/airflow/example_dags/plugins/event_listener.py for tasks to queue
[2025-03-31T13:11:19.163+0530] {logging_mixin.py:190} INFO - [2025-03-31T13:11:19.163+0530] {dagbag.py:588} INFO - Filling up the DagBag from /home/pranav_shirali/airflow-project/airflow-env/lib/python3.10/site-packages/airflow/example_dags/plugins/event_listener.py
[2025-03-31T13:11:19.165+0530] {processor.py:927} WARNING - No viable dags retrieved from /home/pranav_shirali/airflow-project/airflow-env/lib/python3.10/site-packages/airflow/example_dags/plugins/event_listener.py
[2025-03-31T13:11:19.175+0530] {processor.py:208} INFO - Processing /home/pranav_shirali/airflow-project/airflow-env/lib/python3.10/site-packages/airflow/example_dags/plugins/event_listener.py took 0.021 seconds
[2025-03-31T13:12:14.913+0530] {processor.py:186} INFO - Started process (PID=9833) to work on /home/pranav_shirali/airflow-project/airflow-env/lib/python3.10/site-packages/airflow/example_dags/plugins/event_listener.py
[2025-03-31T13:12:14.914+0530] {processor.py:914} INFO - Processing file /home/pranav_shirali/airflow-project/airflow-env/lib/python3.10/site-packages/airflow/example_dags/plugins/event_listener.py for tasks to queue
[2025-03-31T13:12:14.915+0530] {logging_mixin.py:190} INFO - [2025-03-31T13:12:14.915+0530] {dagbag.py:588} INFO - Filling up the DagBag from /home/pranav_shirali/airflow-project/airflow-env/lib/python3.10/site-packages/airflow/example_dags/plugins/event_listener.py
[2025-03-31T13:12:14.917+0530] {processor.py:927} WARNING - No viable dags retrieved from /home/pranav_shirali/airflow-project/airflow-env/lib/python3.10/site-packages/airflow/example_dags/plugins/event_listener.py
[2025-03-31T13:12:14.924+0530] {processor.py:208} INFO - Processing /home/pranav_shirali/airflow-project/airflow-env/lib/python3.10/site-packages/airflow/example_dags/plugins/event_listener.py took 0.016 seconds
[2025-03-31T13:13:07.294+0530] {processor.py:186} INFO - Started process (PID=10045) to work on /home/pranav_shirali/airflow-project/airflow-env/lib/python3.10/site-packages/airflow/example_dags/plugins/event_listener.py
[2025-03-31T13:13:07.295+0530] {processor.py:914} INFO - Processing file /home/pranav_shirali/airflow-project/airflow-env/lib/python3.10/site-packages/airflow/example_dags/plugins/event_listener.py for tasks to queue
[2025-03-31T13:13:07.297+0530] {logging_mixin.py:190} INFO - [2025-03-31T13:13:07.297+0530] {dagbag.py:588} INFO - Filling up the DagBag from /home/pranav_shirali/airflow-project/airflow-env/lib/python3.10/site-packages/airflow/example_dags/plugins/event_listener.py
[2025-03-31T13:13:07.299+0530] {processor.py:927} WARNING - No viable dags retrieved from /home/pranav_shirali/airflow-project/airflow-env/lib/python3.10/site-packages/airflow/example_dags/plugins/event_listener.py
[2025-03-31T13:13:07.307+0530] {processor.py:208} INFO - Processing /home/pranav_shirali/airflow-project/airflow-env/lib/python3.10/site-packages/airflow/example_dags/plugins/event_listener.py took 0.018 seconds
[2025-03-31T13:14:03.974+0530] {processor.py:186} INFO - Started process (PID=10564) to work on /home/pranav_shirali/airflow-project/airflow-env/lib/python3.10/site-packages/airflow/example_dags/plugins/event_listener.py
[2025-03-31T13:14:03.975+0530] {processor.py:914} INFO - Processing file /home/pranav_shirali/airflow-project/airflow-env/lib/python3.10/site-packages/airflow/example_dags/plugins/event_listener.py for tasks to queue
[2025-03-31T13:14:03.977+0530] {logging_mixin.py:190} INFO - [2025-03-31T13:14:03.977+0530] {dagbag.py:588} INFO - Filling up the DagBag from /home/pranav_shirali/airflow-project/airflow-env/lib/python3.10/site-packages/airflow/example_dags/plugins/event_listener.py
[2025-03-31T13:14:03.979+0530] {processor.py:927} WARNING - No viable dags retrieved from /home/pranav_shirali/airflow-project/airflow-env/lib/python3.10/site-packages/airflow/example_dags/plugins/event_listener.py
[2025-03-31T13:14:03.987+0530] {processor.py:208} INFO - Processing /home/pranav_shirali/airflow-project/airflow-env/lib/python3.10/site-packages/airflow/example_dags/plugins/event_listener.py took 0.017 seconds
[2025-03-31T13:14:59.676+0530] {processor.py:186} INFO - Started process (PID=11083) to work on /home/pranav_shirali/airflow-project/airflow-env/lib/python3.10/site-packages/airflow/example_dags/plugins/event_listener.py
[2025-03-31T13:14:59.678+0530] {processor.py:914} INFO - Processing file /home/pranav_shirali/airflow-project/airflow-env/lib/python3.10/site-packages/airflow/example_dags/plugins/event_listener.py for tasks to queue
[2025-03-31T13:14:59.680+0530] {logging_mixin.py:190} INFO - [2025-03-31T13:14:59.680+0530] {dagbag.py:588} INFO - Filling up the DagBag from /home/pranav_shirali/airflow-project/airflow-env/lib/python3.10/site-packages/airflow/example_dags/plugins/event_listener.py
[2025-03-31T13:14:59.682+0530] {processor.py:927} WARNING - No viable dags retrieved from /home/pranav_shirali/airflow-project/airflow-env/lib/python3.10/site-packages/airflow/example_dags/plugins/event_listener.py
[2025-03-31T13:14:59.691+0530] {processor.py:208} INFO - Processing /home/pranav_shirali/airflow-project/airflow-env/lib/python3.10/site-packages/airflow/example_dags/plugins/event_listener.py took 0.021 seconds
[2025-03-31T13:16:03.288+0530] {processor.py:186} INFO - Started process (PID=11707) to work on /home/pranav_shirali/airflow-project/airflow-env/lib/python3.10/site-packages/airflow/example_dags/plugins/event_listener.py
[2025-03-31T13:16:03.289+0530] {processor.py:914} INFO - Processing file /home/pranav_shirali/airflow-project/airflow-env/lib/python3.10/site-packages/airflow/example_dags/plugins/event_listener.py for tasks to queue
[2025-03-31T13:16:03.290+0530] {logging_mixin.py:190} INFO - [2025-03-31T13:16:03.290+0530] {dagbag.py:588} INFO - Filling up the DagBag from /home/pranav_shirali/airflow-project/airflow-env/lib/python3.10/site-packages/airflow/example_dags/plugins/event_listener.py
[2025-03-31T13:16:03.292+0530] {processor.py:927} WARNING - No viable dags retrieved from /home/pranav_shirali/airflow-project/airflow-env/lib/python3.10/site-packages/airflow/example_dags/plugins/event_listener.py
[2025-03-31T13:16:03.301+0530] {processor.py:208} INFO - Processing /home/pranav_shirali/airflow-project/airflow-env/lib/python3.10/site-packages/airflow/example_dags/plugins/event_listener.py took 0.018 seconds
[2025-03-31T13:17:01.960+0530] {processor.py:186} INFO - Started process (PID=12226) to work on /home/pranav_shirali/airflow-project/airflow-env/lib/python3.10/site-packages/airflow/example_dags/plugins/event_listener.py
[2025-03-31T13:17:01.961+0530] {processor.py:914} INFO - Processing file /home/pranav_shirali/airflow-project/airflow-env/lib/python3.10/site-packages/airflow/example_dags/plugins/event_listener.py for tasks to queue
[2025-03-31T13:17:01.966+0530] {logging_mixin.py:190} INFO - [2025-03-31T13:17:01.966+0530] {dagbag.py:588} INFO - Filling up the DagBag from /home/pranav_shirali/airflow-project/airflow-env/lib/python3.10/site-packages/airflow/example_dags/plugins/event_listener.py
[2025-03-31T13:17:01.968+0530] {processor.py:927} WARNING - No viable dags retrieved from /home/pranav_shirali/airflow-project/airflow-env/lib/python3.10/site-packages/airflow/example_dags/plugins/event_listener.py
[2025-03-31T13:17:01.975+0530] {processor.py:208} INFO - Processing /home/pranav_shirali/airflow-project/airflow-env/lib/python3.10/site-packages/airflow/example_dags/plugins/event_listener.py took 0.020 seconds
