[2025-03-31T13:07:23.544+0530] {processor.py:186} INFO - Started process (PID=8407) to work on /home/pranav_shirali/airflow-project/airflow-env/lib/python3.10/site-packages/airflow/example_dags/plugins/listener_plugin.py
[2025-03-31T13:07:23.544+0530] {processor.py:914} INFO - Processing file /home/pranav_shirali/airflow-project/airflow-env/lib/python3.10/site-packages/airflow/example_dags/plugins/listener_plugin.py for tasks to queue
[2025-03-31T13:07:23.546+0530] {logging_mixin.py:190} INFO - [2025-03-31T13:07:23.546+0530] {dagbag.py:588} INFO - Filling up the DagBag from /home/pranav_shirali/airflow-project/airflow-env/lib/python3.10/site-packages/airflow/example_dags/plugins/listener_plugin.py
[2025-03-31T13:07:23.547+0530] {processor.py:927} WARNING - No viable dags retrieved from /home/pranav_shirali/airflow-project/airflow-env/lib/python3.10/site-packages/airflow/example_dags/plugins/listener_plugin.py
[2025-03-31T13:07:23.558+0530] {processor.py:208} INFO - Processing /home/pranav_shirali/airflow-project/airflow-env/lib/python3.10/site-packages/airflow/example_dags/plugins/listener_plugin.py took 0.018 seconds
[2025-03-31T13:08:30.169+0530] {processor.py:186} INFO - Started process (PID=8854) to work on /home/pranav_shirali/airflow-project/airflow-env/lib/python3.10/site-packages/airflow/example_dags/plugins/listener_plugin.py
[2025-03-31T13:08:30.170+0530] {processor.py:914} INFO - Processing file /home/pranav_shirali/airflow-project/airflow-env/lib/python3.10/site-packages/airflow/example_dags/plugins/listener_plugin.py for tasks to queue
[2025-03-31T13:08:30.172+0530] {logging_mixin.py:190} INFO - [2025-03-31T13:08:30.171+0530] {dagbag.py:588} INFO - Filling up the DagBag from /home/pranav_shirali/airflow-project/airflow-env/lib/python3.10/site-packages/airflow/example_dags/plugins/listener_plugin.py
[2025-03-31T13:08:30.174+0530] {processor.py:927} WARNING - No viable dags retrieved from /home/pranav_shirali/airflow-project/airflow-env/lib/python3.10/site-packages/airflow/example_dags/plugins/listener_plugin.py
[2025-03-31T13:08:30.180+0530] {processor.py:208} INFO - Processing /home/pranav_shirali/airflow-project/airflow-env/lib/python3.10/site-packages/airflow/example_dags/plugins/listener_plugin.py took 0.015 seconds
[2025-03-31T13:09:30.192+0530] {processor.py:186} INFO - Started process (PID=9165) to work on /home/pranav_shirali/airflow-project/airflow-env/lib/python3.10/site-packages/airflow/example_dags/plugins/listener_plugin.py
[2025-03-31T13:09:30.194+0530] {processor.py:914} INFO - Processing file /home/pranav_shirali/airflow-project/airflow-env/lib/python3.10/site-packages/airflow/example_dags/plugins/listener_plugin.py for tasks to queue
[2025-03-31T13:09:30.196+0530] {logging_mixin.py:190} INFO - [2025-03-31T13:09:30.195+0530] {dagbag.py:588} INFO - Filling up the DagBag from /home/pranav_shirali/airflow-project/airflow-env/lib/python3.10/site-packages/airflow/example_dags/plugins/listener_plugin.py
[2025-03-31T13:09:30.197+0530] {processor.py:927} WARNING - No viable dags retrieved from /home/pranav_shirali/airflow-project/airflow-env/lib/python3.10/site-packages/airflow/example_dags/plugins/listener_plugin.py
[2025-03-31T13:09:30.204+0530] {processor.py:208} INFO - Processing /home/pranav_shirali/airflow-project/airflow-env/lib/python3.10/site-packages/airflow/example_dags/plugins/listener_plugin.py took 0.017 seconds
[2025-03-31T13:10:25.901+0530] {processor.py:186} INFO - Started process (PID=9390) to work on /home/pranav_shirali/airflow-project/airflow-env/lib/python3.10/site-packages/airflow/example_dags/plugins/listener_plugin.py
[2025-03-31T13:10:25.902+0530] {processor.py:914} INFO - Processing file /home/pranav_shirali/airflow-project/airflow-env/lib/python3.10/site-packages/airflow/example_dags/plugins/listener_plugin.py for tasks to queue
[2025-03-31T13:10:25.905+0530] {logging_mixin.py:190} INFO - [2025-03-31T13:10:25.904+0530] {dagbag.py:588} INFO - Filling up the DagBag from /home/pranav_shirali/airflow-project/airflow-env/lib/python3.10/site-packages/airflow/example_dags/plugins/listener_plugin.py
[2025-03-31T13:10:25.907+0530] {processor.py:927} WARNING - No viable dags retrieved from /home/pranav_shirali/airflow-project/airflow-env/lib/python3.10/site-packages/airflow/example_dags/plugins/listener_plugin.py
[2025-03-31T13:10:25.916+0530] {processor.py:208} INFO - Processing /home/pranav_shirali/airflow-project/airflow-env/lib/python3.10/site-packages/airflow/example_dags/plugins/listener_plugin.py took 0.021 seconds
[2025-03-31T13:11:21.432+0530] {processor.py:186} INFO - Started process (PID=9601) to work on /home/pranav_shirali/airflow-project/airflow-env/lib/python3.10/site-packages/airflow/example_dags/plugins/listener_plugin.py
[2025-03-31T13:11:21.435+0530] {processor.py:914} INFO - Processing file /home/pranav_shirali/airflow-project/airflow-env/lib/python3.10/site-packages/airflow/example_dags/plugins/listener_plugin.py for tasks to queue
[2025-03-31T13:11:21.436+0530] {logging_mixin.py:190} INFO - [2025-03-31T13:11:21.436+0530] {dagbag.py:588} INFO - Filling up the DagBag from /home/pranav_shirali/airflow-project/airflow-env/lib/python3.10/site-packages/airflow/example_dags/plugins/listener_plugin.py
[2025-03-31T13:11:21.438+0530] {processor.py:927} WARNING - No viable dags retrieved from /home/pranav_shirali/airflow-project/airflow-env/lib/python3.10/site-packages/airflow/example_dags/plugins/listener_plugin.py
[2025-03-31T13:11:21.447+0530] {processor.py:208} INFO - Processing /home/pranav_shirali/airflow-project/airflow-env/lib/python3.10/site-packages/airflow/example_dags/plugins/listener_plugin.py took 0.020 seconds
[2025-03-31T13:12:16.539+0530] {processor.py:186} INFO - Started process (PID=9841) to work on /home/pranav_shirali/airflow-project/airflow-env/lib/python3.10/site-packages/airflow/example_dags/plugins/listener_plugin.py
[2025-03-31T13:12:16.540+0530] {processor.py:914} INFO - Processing file /home/pranav_shirali/airflow-project/airflow-env/lib/python3.10/site-packages/airflow/example_dags/plugins/listener_plugin.py for tasks to queue
[2025-03-31T13:12:16.541+0530] {logging_mixin.py:190} INFO - [2025-03-31T13:12:16.541+0530] {dagbag.py:588} INFO - Filling up the DagBag from /home/pranav_shirali/airflow-project/airflow-env/lib/python3.10/site-packages/airflow/example_dags/plugins/listener_plugin.py
[2025-03-31T13:12:16.542+0530] {processor.py:927} WARNING - No viable dags retrieved from /home/pranav_shirali/airflow-project/airflow-env/lib/python3.10/site-packages/airflow/example_dags/plugins/listener_plugin.py
[2025-03-31T13:12:16.551+0530] {processor.py:208} INFO - Processing /home/pranav_shirali/airflow-project/airflow-env/lib/python3.10/site-packages/airflow/example_dags/plugins/listener_plugin.py took 0.019 seconds
[2025-03-31T13:13:08.608+0530] {processor.py:186} INFO - Started process (PID=10047) to work on /home/pranav_shirali/airflow-project/airflow-env/lib/python3.10/site-packages/airflow/example_dags/plugins/listener_plugin.py
[2025-03-31T13:13:08.610+0530] {processor.py:914} INFO - Processing file /home/pranav_shirali/airflow-project/airflow-env/lib/python3.10/site-packages/airflow/example_dags/plugins/listener_plugin.py for tasks to queue
[2025-03-31T13:13:08.611+0530] {logging_mixin.py:190} INFO - [2025-03-31T13:13:08.611+0530] {dagbag.py:588} INFO - Filling up the DagBag from /home/pranav_shirali/airflow-project/airflow-env/lib/python3.10/site-packages/airflow/example_dags/plugins/listener_plugin.py
[2025-03-31T13:13:08.613+0530] {processor.py:927} WARNING - No viable dags retrieved from /home/pranav_shirali/airflow-project/airflow-env/lib/python3.10/site-packages/airflow/example_dags/plugins/listener_plugin.py
[2025-03-31T13:13:08.621+0530] {processor.py:208} INFO - Processing /home/pranav_shirali/airflow-project/airflow-env/lib/python3.10/site-packages/airflow/example_dags/plugins/listener_plugin.py took 0.019 seconds
[2025-03-31T13:14:04.463+0530] {processor.py:186} INFO - Started process (PID=10566) to work on /home/pranav_shirali/airflow-project/airflow-env/lib/python3.10/site-packages/airflow/example_dags/plugins/listener_plugin.py
[2025-03-31T13:14:04.465+0530] {processor.py:914} INFO - Processing file /home/pranav_shirali/airflow-project/airflow-env/lib/python3.10/site-packages/airflow/example_dags/plugins/listener_plugin.py for tasks to queue
[2025-03-31T13:14:04.466+0530] {logging_mixin.py:190} INFO - [2025-03-31T13:14:04.466+0530] {dagbag.py:588} INFO - Filling up the DagBag from /home/pranav_shirali/airflow-project/airflow-env/lib/python3.10/site-packages/airflow/example_dags/plugins/listener_plugin.py
[2025-03-31T13:14:04.468+0530] {processor.py:927} WARNING - No viable dags retrieved from /home/pranav_shirali/airflow-project/airflow-env/lib/python3.10/site-packages/airflow/example_dags/plugins/listener_plugin.py
[2025-03-31T13:14:04.476+0530] {processor.py:208} INFO - Processing /home/pranav_shirali/airflow-project/airflow-env/lib/python3.10/site-packages/airflow/example_dags/plugins/listener_plugin.py took 0.017 seconds
[2025-03-31T13:15:01.518+0530] {processor.py:186} INFO - Started process (PID=11118) to work on /home/pranav_shirali/airflow-project/airflow-env/lib/python3.10/site-packages/airflow/example_dags/plugins/listener_plugin.py
[2025-03-31T13:15:01.520+0530] {processor.py:914} INFO - Processing file /home/pranav_shirali/airflow-project/airflow-env/lib/python3.10/site-packages/airflow/example_dags/plugins/listener_plugin.py for tasks to queue
[2025-03-31T13:15:01.521+0530] {logging_mixin.py:190} INFO - [2025-03-31T13:15:01.521+0530] {dagbag.py:588} INFO - Filling up the DagBag from /home/pranav_shirali/airflow-project/airflow-env/lib/python3.10/site-packages/airflow/example_dags/plugins/listener_plugin.py
[2025-03-31T13:15:01.523+0530] {processor.py:927} WARNING - No viable dags retrieved from /home/pranav_shirali/airflow-project/airflow-env/lib/python3.10/site-packages/airflow/example_dags/plugins/listener_plugin.py
[2025-03-31T13:15:01.530+0530] {processor.py:208} INFO - Processing /home/pranav_shirali/airflow-project/airflow-env/lib/python3.10/site-packages/airflow/example_dags/plugins/listener_plugin.py took 0.017 seconds
[2025-03-31T13:16:04.653+0530] {processor.py:186} INFO - Started process (PID=11745) to work on /home/pranav_shirali/airflow-project/airflow-env/lib/python3.10/site-packages/airflow/example_dags/plugins/listener_plugin.py
[2025-03-31T13:16:04.654+0530] {processor.py:914} INFO - Processing file /home/pranav_shirali/airflow-project/airflow-env/lib/python3.10/site-packages/airflow/example_dags/plugins/listener_plugin.py for tasks to queue
[2025-03-31T13:16:04.655+0530] {logging_mixin.py:190} INFO - [2025-03-31T13:16:04.655+0530] {dagbag.py:588} INFO - Filling up the DagBag from /home/pranav_shirali/airflow-project/airflow-env/lib/python3.10/site-packages/airflow/example_dags/plugins/listener_plugin.py
[2025-03-31T13:16:04.658+0530] {processor.py:927} WARNING - No viable dags retrieved from /home/pranav_shirali/airflow-project/airflow-env/lib/python3.10/site-packages/airflow/example_dags/plugins/listener_plugin.py
[2025-03-31T13:16:04.666+0530] {processor.py:208} INFO - Processing /home/pranav_shirali/airflow-project/airflow-env/lib/python3.10/site-packages/airflow/example_dags/plugins/listener_plugin.py took 0.017 seconds
[2025-03-31T13:17:04.225+0530] {processor.py:186} INFO - Started process (PID=12234) to work on /home/pranav_shirali/airflow-project/airflow-env/lib/python3.10/site-packages/airflow/example_dags/plugins/listener_plugin.py
[2025-03-31T13:17:04.226+0530] {processor.py:914} INFO - Processing file /home/pranav_shirali/airflow-project/airflow-env/lib/python3.10/site-packages/airflow/example_dags/plugins/listener_plugin.py for tasks to queue
[2025-03-31T13:17:04.227+0530] {logging_mixin.py:190} INFO - [2025-03-31T13:17:04.227+0530] {dagbag.py:588} INFO - Filling up the DagBag from /home/pranav_shirali/airflow-project/airflow-env/lib/python3.10/site-packages/airflow/example_dags/plugins/listener_plugin.py
[2025-03-31T13:17:04.228+0530] {processor.py:927} WARNING - No viable dags retrieved from /home/pranav_shirali/airflow-project/airflow-env/lib/python3.10/site-packages/airflow/example_dags/plugins/listener_plugin.py
[2025-03-31T13:17:04.235+0530] {processor.py:208} INFO - Processing /home/pranav_shirali/airflow-project/airflow-env/lib/python3.10/site-packages/airflow/example_dags/plugins/listener_plugin.py took 0.015 seconds
