[2025-03-31T13:07:23.048+0530] {processor.py:186} INFO - Started process (PID=8406) to work on /home/pranav_shirali/airflow-project/airflow-env/lib/python3.10/site-packages/airflow/example_dags/plugins/workday.py
[2025-03-31T13:07:23.049+0530] {processor.py:914} INFO - Processing file /home/pranav_shirali/airflow-project/airflow-env/lib/python3.10/site-packages/airflow/example_dags/plugins/workday.py for tasks to queue
[2025-03-31T13:07:23.050+0530] {logging_mixin.py:190} INFO - [2025-03-31T13:07:23.050+0530] {dagbag.py:588} INFO - Filling up the DagBag from /home/pranav_shirali/airflow-project/airflow-env/lib/python3.10/site-packages/airflow/example_dags/plugins/workday.py
[2025-03-31T13:07:23.052+0530] {logging_mixin.py:190} INFO - [2025-03-31T13:07:23.052+0530] {workday.py:41} WARNING - Could not import pandas. Holidays will not be considered.
[2025-03-31T13:07:23.052+0530] {processor.py:927} WARNING - No viable dags retrieved from /home/pranav_shirali/airflow-project/airflow-env/lib/python3.10/site-packages/airflow/example_dags/plugins/workday.py
[2025-03-31T13:07:23.060+0530] {processor.py:208} INFO - Processing /home/pranav_shirali/airflow-project/airflow-env/lib/python3.10/site-packages/airflow/example_dags/plugins/workday.py took 0.017 seconds
[2025-03-31T13:08:29.040+0530] {processor.py:186} INFO - Started process (PID=8847) to work on /home/pranav_shirali/airflow-project/airflow-env/lib/python3.10/site-packages/airflow/example_dags/plugins/workday.py
[2025-03-31T13:08:29.043+0530] {processor.py:914} INFO - Processing file /home/pranav_shirali/airflow-project/airflow-env/lib/python3.10/site-packages/airflow/example_dags/plugins/workday.py for tasks to queue
[2025-03-31T13:08:29.044+0530] {logging_mixin.py:190} INFO - [2025-03-31T13:08:29.044+0530] {dagbag.py:588} INFO - Filling up the DagBag from /home/pranav_shirali/airflow-project/airflow-env/lib/python3.10/site-packages/airflow/example_dags/plugins/workday.py
[2025-03-31T13:08:29.046+0530] {logging_mixin.py:190} INFO - [2025-03-31T13:08:29.046+0530] {workday.py:41} WARNING - Could not import pandas. Holidays will not be considered.
[2025-03-31T13:08:29.046+0530] {processor.py:927} WARNING - No viable dags retrieved from /home/pranav_shirali/airflow-project/airflow-env/lib/python3.10/site-packages/airflow/example_dags/plugins/workday.py
[2025-03-31T13:08:29.055+0530] {processor.py:208} INFO - Processing /home/pranav_shirali/airflow-project/airflow-env/lib/python3.10/site-packages/airflow/example_dags/plugins/workday.py took 0.019 seconds
[2025-03-31T13:09:29.147+0530] {processor.py:186} INFO - Started process (PID=9164) to work on /home/pranav_shirali/airflow-project/airflow-env/lib/python3.10/site-packages/airflow/example_dags/plugins/workday.py
[2025-03-31T13:09:29.149+0530] {processor.py:914} INFO - Processing file /home/pranav_shirali/airflow-project/airflow-env/lib/python3.10/site-packages/airflow/example_dags/plugins/workday.py for tasks to queue
[2025-03-31T13:09:29.151+0530] {logging_mixin.py:190} INFO - [2025-03-31T13:09:29.151+0530] {dagbag.py:588} INFO - Filling up the DagBag from /home/pranav_shirali/airflow-project/airflow-env/lib/python3.10/site-packages/airflow/example_dags/plugins/workday.py
[2025-03-31T13:09:29.153+0530] {logging_mixin.py:190} INFO - [2025-03-31T13:09:29.153+0530] {workday.py:41} WARNING - Could not import pandas. Holidays will not be considered.
[2025-03-31T13:09:29.154+0530] {processor.py:927} WARNING - No viable dags retrieved from /home/pranav_shirali/airflow-project/airflow-env/lib/python3.10/site-packages/airflow/example_dags/plugins/workday.py
[2025-03-31T13:09:29.162+0530] {processor.py:208} INFO - Processing /home/pranav_shirali/airflow-project/airflow-env/lib/python3.10/site-packages/airflow/example_dags/plugins/workday.py took 0.019 seconds
[2025-03-31T13:10:24.724+0530] {processor.py:186} INFO - Started process (PID=9383) to work on /home/pranav_shirali/airflow-project/airflow-env/lib/python3.10/site-packages/airflow/example_dags/plugins/workday.py
[2025-03-31T13:10:24.727+0530] {processor.py:914} INFO - Processing file /home/pranav_shirali/airflow-project/airflow-env/lib/python3.10/site-packages/airflow/example_dags/plugins/workday.py for tasks to queue
[2025-03-31T13:10:24.729+0530] {logging_mixin.py:190} INFO - [2025-03-31T13:10:24.728+0530] {dagbag.py:588} INFO - Filling up the DagBag from /home/pranav_shirali/airflow-project/airflow-env/lib/python3.10/site-packages/airflow/example_dags/plugins/workday.py
[2025-03-31T13:10:24.731+0530] {logging_mixin.py:190} INFO - [2025-03-31T13:10:24.731+0530] {workday.py:41} WARNING - Could not import pandas. Holidays will not be considered.
[2025-03-31T13:10:24.732+0530] {processor.py:927} WARNING - No viable dags retrieved from /home/pranav_shirali/airflow-project/airflow-env/lib/python3.10/site-packages/airflow/example_dags/plugins/workday.py
[2025-03-31T13:10:24.741+0530] {processor.py:208} INFO - Processing /home/pranav_shirali/airflow-project/airflow-env/lib/python3.10/site-packages/airflow/example_dags/plugins/workday.py took 0.022 seconds
[2025-03-31T13:11:20.297+0530] {processor.py:186} INFO - Started process (PID=9594) to work on /home/pranav_shirali/airflow-project/airflow-env/lib/python3.10/site-packages/airflow/example_dags/plugins/workday.py
[2025-03-31T13:11:20.299+0530] {processor.py:914} INFO - Processing file /home/pranav_shirali/airflow-project/airflow-env/lib/python3.10/site-packages/airflow/example_dags/plugins/workday.py for tasks to queue
[2025-03-31T13:11:20.302+0530] {logging_mixin.py:190} INFO - [2025-03-31T13:11:20.302+0530] {dagbag.py:588} INFO - Filling up the DagBag from /home/pranav_shirali/airflow-project/airflow-env/lib/python3.10/site-packages/airflow/example_dags/plugins/workday.py
[2025-03-31T13:11:20.305+0530] {logging_mixin.py:190} INFO - [2025-03-31T13:11:20.304+0530] {workday.py:41} WARNING - Could not import pandas. Holidays will not be considered.
[2025-03-31T13:11:20.305+0530] {processor.py:927} WARNING - No viable dags retrieved from /home/pranav_shirali/airflow-project/airflow-env/lib/python3.10/site-packages/airflow/example_dags/plugins/workday.py
[2025-03-31T13:11:20.315+0530] {processor.py:208} INFO - Processing /home/pranav_shirali/airflow-project/airflow-env/lib/python3.10/site-packages/airflow/example_dags/plugins/workday.py took 0.023 seconds
[2025-03-31T13:12:16.058+0530] {processor.py:186} INFO - Started process (PID=9840) to work on /home/pranav_shirali/airflow-project/airflow-env/lib/python3.10/site-packages/airflow/example_dags/plugins/workday.py
[2025-03-31T13:12:16.059+0530] {processor.py:914} INFO - Processing file /home/pranav_shirali/airflow-project/airflow-env/lib/python3.10/site-packages/airflow/example_dags/plugins/workday.py for tasks to queue
[2025-03-31T13:12:16.061+0530] {logging_mixin.py:190} INFO - [2025-03-31T13:12:16.060+0530] {dagbag.py:588} INFO - Filling up the DagBag from /home/pranav_shirali/airflow-project/airflow-env/lib/python3.10/site-packages/airflow/example_dags/plugins/workday.py
[2025-03-31T13:12:16.063+0530] {logging_mixin.py:190} INFO - [2025-03-31T13:12:16.063+0530] {workday.py:41} WARNING - Could not import pandas. Holidays will not be considered.
[2025-03-31T13:12:16.063+0530] {processor.py:927} WARNING - No viable dags retrieved from /home/pranav_shirali/airflow-project/airflow-env/lib/python3.10/site-packages/airflow/example_dags/plugins/workday.py
[2025-03-31T13:12:16.073+0530] {processor.py:208} INFO - Processing /home/pranav_shirali/airflow-project/airflow-env/lib/python3.10/site-packages/airflow/example_dags/plugins/workday.py took 0.020 seconds
[2025-03-31T13:13:07.469+0530] {processor.py:186} INFO - Started process (PID=10046) to work on /home/pranav_shirali/airflow-project/airflow-env/lib/python3.10/site-packages/airflow/example_dags/plugins/workday.py
[2025-03-31T13:13:07.470+0530] {processor.py:914} INFO - Processing file /home/pranav_shirali/airflow-project/airflow-env/lib/python3.10/site-packages/airflow/example_dags/plugins/workday.py for tasks to queue
[2025-03-31T13:13:07.472+0530] {logging_mixin.py:190} INFO - [2025-03-31T13:13:07.471+0530] {dagbag.py:588} INFO - Filling up the DagBag from /home/pranav_shirali/airflow-project/airflow-env/lib/python3.10/site-packages/airflow/example_dags/plugins/workday.py
[2025-03-31T13:13:07.474+0530] {logging_mixin.py:190} INFO - [2025-03-31T13:13:07.474+0530] {workday.py:41} WARNING - Could not import pandas. Holidays will not be considered.
[2025-03-31T13:13:07.474+0530] {processor.py:927} WARNING - No viable dags retrieved from /home/pranav_shirali/airflow-project/airflow-env/lib/python3.10/site-packages/airflow/example_dags/plugins/workday.py
[2025-03-31T13:13:07.482+0530] {processor.py:208} INFO - Processing /home/pranav_shirali/airflow-project/airflow-env/lib/python3.10/site-packages/airflow/example_dags/plugins/workday.py took 0.018 seconds
[2025-03-31T13:14:04.325+0530] {processor.py:186} INFO - Started process (PID=10565) to work on /home/pranav_shirali/airflow-project/airflow-env/lib/python3.10/site-packages/airflow/example_dags/plugins/workday.py
[2025-03-31T13:14:04.326+0530] {processor.py:914} INFO - Processing file /home/pranav_shirali/airflow-project/airflow-env/lib/python3.10/site-packages/airflow/example_dags/plugins/workday.py for tasks to queue
[2025-03-31T13:14:04.328+0530] {logging_mixin.py:190} INFO - [2025-03-31T13:14:04.327+0530] {dagbag.py:588} INFO - Filling up the DagBag from /home/pranav_shirali/airflow-project/airflow-env/lib/python3.10/site-packages/airflow/example_dags/plugins/workday.py
[2025-03-31T13:14:04.333+0530] {logging_mixin.py:190} INFO - [2025-03-31T13:14:04.332+0530] {workday.py:41} WARNING - Could not import pandas. Holidays will not be considered.
[2025-03-31T13:14:04.333+0530] {processor.py:927} WARNING - No viable dags retrieved from /home/pranav_shirali/airflow-project/airflow-env/lib/python3.10/site-packages/airflow/example_dags/plugins/workday.py
[2025-03-31T13:14:04.345+0530] {processor.py:208} INFO - Processing /home/pranav_shirali/airflow-project/airflow-env/lib/python3.10/site-packages/airflow/example_dags/plugins/workday.py took 0.025 seconds
[2025-03-31T13:15:00.385+0530] {processor.py:186} INFO - Started process (PID=11102) to work on /home/pranav_shirali/airflow-project/airflow-env/lib/python3.10/site-packages/airflow/example_dags/plugins/workday.py
[2025-03-31T13:15:00.388+0530] {processor.py:914} INFO - Processing file /home/pranav_shirali/airflow-project/airflow-env/lib/python3.10/site-packages/airflow/example_dags/plugins/workday.py for tasks to queue
[2025-03-31T13:15:00.389+0530] {logging_mixin.py:190} INFO - [2025-03-31T13:15:00.389+0530] {dagbag.py:588} INFO - Filling up the DagBag from /home/pranav_shirali/airflow-project/airflow-env/lib/python3.10/site-packages/airflow/example_dags/plugins/workday.py
[2025-03-31T13:15:00.391+0530] {logging_mixin.py:190} INFO - [2025-03-31T13:15:00.391+0530] {workday.py:41} WARNING - Could not import pandas. Holidays will not be considered.
[2025-03-31T13:15:00.391+0530] {processor.py:927} WARNING - No viable dags retrieved from /home/pranav_shirali/airflow-project/airflow-env/lib/python3.10/site-packages/airflow/example_dags/plugins/workday.py
[2025-03-31T13:15:00.399+0530] {processor.py:208} INFO - Processing /home/pranav_shirali/airflow-project/airflow-env/lib/python3.10/site-packages/airflow/example_dags/plugins/workday.py took 0.018 seconds
[2025-03-31T13:16:03.520+0530] {processor.py:186} INFO - Started process (PID=11723) to work on /home/pranav_shirali/airflow-project/airflow-env/lib/python3.10/site-packages/airflow/example_dags/plugins/workday.py
[2025-03-31T13:16:03.521+0530] {processor.py:914} INFO - Processing file /home/pranav_shirali/airflow-project/airflow-env/lib/python3.10/site-packages/airflow/example_dags/plugins/workday.py for tasks to queue
[2025-03-31T13:16:03.523+0530] {logging_mixin.py:190} INFO - [2025-03-31T13:16:03.523+0530] {dagbag.py:588} INFO - Filling up the DagBag from /home/pranav_shirali/airflow-project/airflow-env/lib/python3.10/site-packages/airflow/example_dags/plugins/workday.py
[2025-03-31T13:16:03.525+0530] {logging_mixin.py:190} INFO - [2025-03-31T13:16:03.525+0530] {workday.py:41} WARNING - Could not import pandas. Holidays will not be considered.
[2025-03-31T13:16:03.526+0530] {processor.py:927} WARNING - No viable dags retrieved from /home/pranav_shirali/airflow-project/airflow-env/lib/python3.10/site-packages/airflow/example_dags/plugins/workday.py
[2025-03-31T13:16:03.534+0530] {processor.py:208} INFO - Processing /home/pranav_shirali/airflow-project/airflow-env/lib/python3.10/site-packages/airflow/example_dags/plugins/workday.py took 0.020 seconds
[2025-03-31T13:17:03.091+0530] {processor.py:186} INFO - Started process (PID=12227) to work on /home/pranav_shirali/airflow-project/airflow-env/lib/python3.10/site-packages/airflow/example_dags/plugins/workday.py
[2025-03-31T13:17:03.093+0530] {processor.py:914} INFO - Processing file /home/pranav_shirali/airflow-project/airflow-env/lib/python3.10/site-packages/airflow/example_dags/plugins/workday.py for tasks to queue
[2025-03-31T13:17:03.095+0530] {logging_mixin.py:190} INFO - [2025-03-31T13:17:03.094+0530] {dagbag.py:588} INFO - Filling up the DagBag from /home/pranav_shirali/airflow-project/airflow-env/lib/python3.10/site-packages/airflow/example_dags/plugins/workday.py
[2025-03-31T13:17:03.096+0530] {logging_mixin.py:190} INFO - [2025-03-31T13:17:03.096+0530] {workday.py:41} WARNING - Could not import pandas. Holidays will not be considered.
[2025-03-31T13:17:03.097+0530] {processor.py:927} WARNING - No viable dags retrieved from /home/pranav_shirali/airflow-project/airflow-env/lib/python3.10/site-packages/airflow/example_dags/plugins/workday.py
[2025-03-31T13:17:03.104+0530] {processor.py:208} INFO - Processing /home/pranav_shirali/airflow-project/airflow-env/lib/python3.10/site-packages/airflow/example_dags/plugins/workday.py took 0.017 seconds
