[2025-05-23T19:50:07.666+0530] {local_task_job_runner.py:123} INFO - ::group::Pre task execution logs
[2025-05-23T19:50:07.673+0530] {taskinstance.py:2612} INFO - Dependencies all met for dep_context=non-requeueable deps ti=<TaskInstance: elt_sales_stream_transformation.transform_sales_stream manual__2025-05-23T14:20:03.038058+00:00 [queued]>
[2025-05-23T19:50:07.678+0530] {taskinstance.py:2612} INFO - Dependencies all met for dep_context=requeueable deps ti=<TaskInstance: elt_sales_stream_transformation.transform_sales_stream manual__2025-05-23T14:20:03.038058+00:00 [queued]>
[2025-05-23T19:50:07.678+0530] {taskinstance.py:2865} INFO - Starting attempt 1 of 1
[2025-05-23T19:50:07.688+0530] {taskinstance.py:2888} INFO - Executing <Task(SQLExecuteQueryOperator): transform_sales_stream> on 2025-05-23 14:20:03.038058+00:00
[2025-05-23T19:50:07.691+0530] {standard_task_runner.py:72} INFO - Started process 96692 to run task
[2025-05-23T19:50:07.693+0530] {standard_task_runner.py:104} INFO - Running: ['airflow', 'tasks', 'run', 'elt_sales_stream_transformation', 'transform_sales_stream', 'manual__2025-05-23T14:20:03.038058+00:00', '--job-id', '207', '--raw', '--subdir', 'DAGS_FOLDER/elt_transformation_dag.py', '--cfg-path', '/tmp/tmp2nx7f7nj']
[2025-05-23T19:50:07.695+0530] {standard_task_runner.py:105} INFO - Job 207: Subtask transform_sales_stream
[2025-05-23T19:50:07.718+0530] {task_command.py:467} INFO - Running <TaskInstance: elt_sales_stream_transformation.transform_sales_stream manual__2025-05-23T14:20:03.038058+00:00 [running]> on host Voldemort.
[2025-05-23T19:50:07.770+0530] {taskinstance.py:3131} INFO - Exporting env vars: AIRFLOW_CTX_DAG_OWNER='airflow' AIRFLOW_CTX_DAG_ID='elt_sales_stream_transformation' AIRFLOW_CTX_TASK_ID='transform_sales_stream' AIRFLOW_CTX_EXECUTION_DATE='2025-05-23T14:20:03.038058+00:00' AIRFLOW_CTX_TRY_NUMBER='1' AIRFLOW_CTX_DAG_RUN_ID='manual__2025-05-23T14:20:03.038058+00:00'
[2025-05-23T19:50:07.771+0530] {taskinstance.py:731} INFO - ::endgroup::
[2025-05-23T19:50:07.792+0530] {sql.py:306} INFO - Executing: 
        -- Create Region table
        CREATE OR REPLACE TABLE AIRFLOW_DB.ELT_TRANSFORMED.Region AS
        SELECT
            ROW_NUMBER() OVER (ORDER BY REGION) AS Region_id,
            REGION
        FROM (
            SELECT DISTINCT REGION
            FROM AIRFLOW_DB.ELT_TRANSFORMED."SALES STREAM"
        );

        -- Create Country table
        CREATE OR REPLACE TABLE AIRFLOW_DB.ELT_TRANSFORMED.Country AS
        SELECT
            ROW_NUMBER() OVER (ORDER BY COUNTRY) AS Country_id,
            COUNTRY
        FROM (
            SELECT DISTINCT COUNTRY
            FROM AIRFLOW_DB.ELT_TRANSFORMED."SALES STREAM"
        );

        -- Create Item table
        CREATE OR REPLACE TABLE AIRFLOW_DB.ELT_TRANSFORMED.Item AS
        SELECT
            ROW_NUMBER() OVER (ORDER BY ITEM_TYPE) AS Item_id,
            ITEM_TYPE AS Item_type
        FROM (
            SELECT DISTINCT ITEM_TYPE
            FROM AIRFLOW_DB.ELT_TRANSFORMED."SALES STREAM"
        );

        -- Create Order_Priority table
        CREATE OR REPLACE TABLE AIRFLOW_DB.ELT_TRANSFORMED.Order_Priority AS
        SELECT
            ROW_NUMBER() OVER (ORDER BY ORDER_PRIORITY) AS OrderPriority_id,
            ORDER_PRIORITY
        FROM (
            SELECT DISTINCT "ORDER_PRIORITY" AS ORDER_PRIORITY
            FROM AIRFLOW_DB.ELT_TRANSFORMED."SALES STREAM"
        );


        -- Create Orders table with JOINs
        CREATE OR REPLACE TABLE AIRFLOW_DB.ELT_TRANSFORMED.Orders AS
        WITH transformed_sales AS (
            SELECT
                *,
                CASE 
                    WHEN "ORDER_PRIORITY" = 'H' THEN 'High'
                    WHEN "ORDER_PRIORITY" = 'L' THEN 'Low'
                    WHEN "ORDER_PRIORITY" = 'M' THEN 'Medium'
                    WHEN "ORDER_PRIORITY" = 'C' THEN 'Critical'
                    ELSE "ORDER_PRIORITY"
                END AS ORDER_PRIORITY
            FROM AIRFLOW_DB.ELT_TRANSFORMED."SALES STREAM"
        )
        SELECT
            s."SALES_CHANNEL",
            s."ORDER_DATE",
            s."ORDER_ID",
            s."SHIP_DATE",
            s."UNITS_SOLD",
            s."UNIT_PRICE",
            s."UNIT_COST",
            s."TOTAL_REVENUE",
            s."TOTAL_COST",
            s."TOTAL_PROFIT",
            r.Region_id,
            c.Country_id,
            i.Item_id,
            op.OrderPriority_id,
            DATEDIFF(
                'day',
                COALESCE(
                    TRY_TO_DATE(s."ORDER_DATE", 'M/D/YYYY'),
                    TRY_TO_DATE(s."ORDER_DATE", 'MM/DD/YYYY'),
                    TRY_TO_DATE(s."ORDER_DATE", 'YYYY-MM-DD')
                ),
                COALESCE(
                    TRY_TO_DATE(s."SHIP_DATE", 'M/D/YYYY'),
                    TRY_TO_DATE(s."SHIP_DATE", 'MM/DD/YYYY'),
                    TRY_TO_DATE(s."SHIP_DATE", 'YYYY-MM-DD')
                )
            ) AS SHIPMENT_LEAD_TIME
        FROM transformed_sales s
        JOIN AIRFLOW_DB.ELT_TRANSFORMED.Region r ON r.Region = s.REGION
        JOIN AIRFLOW_DB.ELT_TRANSFORMED.Country c ON c.Country = s.COUNTRY
        JOIN AIRFLOW_DB.ELT_TRANSFORMED.Item i ON i.Item_type = s.ITEM_TYPE
        JOIN AIRFLOW_DB.ELT_TRANSFORMED.Order_Priority op ON op.ORDER_PRIORITY;

            END
        
[2025-05-23T19:50:07.798+0530] {base.py:84} INFO - Retrieving connection 'snowflake_con'
[2025-05-23T19:50:07.883+0530] {base.py:84} INFO - Retrieving connection 'snowflake_con'
[2025-05-23T19:50:07.884+0530] {connection.py:486} INFO - Snowflake Connector for Python Version: 3.15.0, Python Version: 3.10.12, Platform: Linux-5.15.167.4-microsoft-standard-WSL2-x86_64-with-glibc2.35
[2025-05-23T19:50:07.884+0530] {connection.py:1391} INFO - Connecting to GLOBAL Snowflake domain
[2025-05-23T19:50:08.574+0530] {snowflake.py:521} INFO - Running statement: -- Create Region table
        CREATE OR REPLACE TABLE AIRFLOW_DB.ELT_TRANSFORMED.Region AS
        SELECT
            ROW_NUMBER() OVER (ORDER BY REGION) AS Region_id,
            REGION
        FROM (
            SELECT DISTINCT REGION
            FROM AIRFLOW_DB.ELT_TRANSFORMED."SALES STREAM"
        );, parameters: None
[2025-05-23T19:50:08.575+0530] {sql.py:814} INFO - Running statement: -- Create Region table
        CREATE OR REPLACE TABLE AIRFLOW_DB.ELT_TRANSFORMED.Region AS
        SELECT
            ROW_NUMBER() OVER (ORDER BY REGION) AS Region_id,
            REGION
        FROM (
            SELECT DISTINCT REGION
            FROM AIRFLOW_DB.ELT_TRANSFORMED."SALES STREAM"
        );, parameters: None
[2025-05-23T19:50:09.391+0530] {sql.py:823} INFO - Rows affected: 1
[2025-05-23T19:50:09.391+0530] {snowflake.py:534} INFO - Rows affected: 1
[2025-05-23T19:50:09.391+0530] {snowflake.py:535} INFO - Snowflake query id: 01bc8abc-0001-0b2b-0000-000987f65349
[2025-05-23T19:50:09.391+0530] {snowflake.py:521} INFO - Running statement: -- Create Country table
        CREATE OR REPLACE TABLE AIRFLOW_DB.ELT_TRANSFORMED.Country AS
        SELECT
            ROW_NUMBER() OVER (ORDER BY COUNTRY) AS Country_id,
            COUNTRY
        FROM (
            SELECT DISTINCT COUNTRY
            FROM AIRFLOW_DB.ELT_TRANSFORMED."SALES STREAM"
        );, parameters: None
[2025-05-23T19:50:09.391+0530] {sql.py:814} INFO - Running statement: -- Create Country table
        CREATE OR REPLACE TABLE AIRFLOW_DB.ELT_TRANSFORMED.Country AS
        SELECT
            ROW_NUMBER() OVER (ORDER BY COUNTRY) AS Country_id,
            COUNTRY
        FROM (
            SELECT DISTINCT COUNTRY
            FROM AIRFLOW_DB.ELT_TRANSFORMED."SALES STREAM"
        );, parameters: None
[2025-05-23T19:50:09.890+0530] {sql.py:823} INFO - Rows affected: 1
[2025-05-23T19:50:09.890+0530] {snowflake.py:534} INFO - Rows affected: 1
[2025-05-23T19:50:09.890+0530] {snowflake.py:535} INFO - Snowflake query id: 01bc8abc-0001-0b2b-0000-000987f6534d
[2025-05-23T19:50:09.890+0530] {snowflake.py:521} INFO - Running statement: -- Create Item table
        CREATE OR REPLACE TABLE AIRFLOW_DB.ELT_TRANSFORMED.Item AS
        SELECT
            ROW_NUMBER() OVER (ORDER BY ITEM_TYPE) AS Item_id,
            ITEM_TYPE AS Item_type
        FROM (
            SELECT DISTINCT ITEM_TYPE
            FROM AIRFLOW_DB.ELT_TRANSFORMED."SALES STREAM"
        );, parameters: None
[2025-05-23T19:50:09.890+0530] {sql.py:814} INFO - Running statement: -- Create Item table
        CREATE OR REPLACE TABLE AIRFLOW_DB.ELT_TRANSFORMED.Item AS
        SELECT
            ROW_NUMBER() OVER (ORDER BY ITEM_TYPE) AS Item_id,
            ITEM_TYPE AS Item_type
        FROM (
            SELECT DISTINCT ITEM_TYPE
            FROM AIRFLOW_DB.ELT_TRANSFORMED."SALES STREAM"
        );, parameters: None
[2025-05-23T19:50:14.289+0530] {sql.py:823} INFO - Rows affected: 1
[2025-05-23T19:50:14.289+0530] {snowflake.py:534} INFO - Rows affected: 1
[2025-05-23T19:50:14.290+0530] {snowflake.py:535} INFO - Snowflake query id: 01bc8abc-0001-0b32-0000-000987f672f5
[2025-05-23T19:50:14.290+0530] {snowflake.py:521} INFO - Running statement: -- Create Order_Priority table
        CREATE OR REPLACE TABLE AIRFLOW_DB.ELT_TRANSFORMED.Order_Priority AS
        SELECT
            ROW_NUMBER() OVER (ORDER BY ORDER_PRIORITY) AS OrderPriority_id,
            ORDER_PRIORITY
        FROM (
            SELECT DISTINCT "ORDER_PRIORITY" AS ORDER_PRIORITY
            FROM AIRFLOW_DB.ELT_TRANSFORMED."SALES STREAM"
        );, parameters: None
[2025-05-23T19:50:14.290+0530] {sql.py:814} INFO - Running statement: -- Create Order_Priority table
        CREATE OR REPLACE TABLE AIRFLOW_DB.ELT_TRANSFORMED.Order_Priority AS
        SELECT
            ROW_NUMBER() OVER (ORDER BY ORDER_PRIORITY) AS OrderPriority_id,
            ORDER_PRIORITY
        FROM (
            SELECT DISTINCT "ORDER_PRIORITY" AS ORDER_PRIORITY
            FROM AIRFLOW_DB.ELT_TRANSFORMED."SALES STREAM"
        );, parameters: None
[2025-05-23T19:50:14.765+0530] {sql.py:823} INFO - Rows affected: 1
[2025-05-23T19:50:14.766+0530] {snowflake.py:534} INFO - Rows affected: 1
[2025-05-23T19:50:14.766+0530] {snowflake.py:535} INFO - Snowflake query id: 01bc8abc-0001-0b2b-0000-000987f65351
[2025-05-23T19:50:14.766+0530] {snowflake.py:521} INFO - Running statement: -- Create Orders table with JOINs
        CREATE OR REPLACE TABLE AIRFLOW_DB.ELT_TRANSFORMED.Orders AS
        WITH transformed_sales AS (
            SELECT
                *,
                CASE 
                    WHEN "ORDER_PRIORITY" = 'H' THEN 'High'
                    WHEN "ORDER_PRIORITY" = 'L' THEN 'Low'
                    WHEN "ORDER_PRIORITY" = 'M' THEN 'Medium'
                    WHEN "ORDER_PRIORITY" = 'C' THEN 'Critical'
                    ELSE "ORDER_PRIORITY"
                END AS ORDER_PRIORITY
            FROM AIRFLOW_DB.ELT_TRANSFORMED."SALES STREAM"
        )
        SELECT
            s."SALES_CHANNEL",
            s."ORDER_DATE",
            s."ORDER_ID",
            s."SHIP_DATE",
            s."UNITS_SOLD",
            s."UNIT_PRICE",
            s."UNIT_COST",
            s."TOTAL_REVENUE",
            s."TOTAL_COST",
            s."TOTAL_PROFIT",
            r.Region_id,
            c.Country_id,
            i.Item_id,
            op.OrderPriority_id,
            DATEDIFF(
                'day',
                COALESCE(
                    TRY_TO_DATE(s."ORDER_DATE", 'M/D/YYYY'),
                    TRY_TO_DATE(s."ORDER_DATE", 'MM/DD/YYYY'),
                    TRY_TO_DATE(s."ORDER_DATE", 'YYYY-MM-DD')
                ),
                COALESCE(
                    TRY_TO_DATE(s."SHIP_DATE", 'M/D/YYYY'),
                    TRY_TO_DATE(s."SHIP_DATE", 'MM/DD/YYYY'),
                    TRY_TO_DATE(s."SHIP_DATE", 'YYYY-MM-DD')
                )
            ) AS SHIPMENT_LEAD_TIME
        FROM transformed_sales s
        JOIN AIRFLOW_DB.ELT_TRANSFORMED.Region r ON r.Region = s.REGION
        JOIN AIRFLOW_DB.ELT_TRANSFORMED.Country c ON c.Country = s.COUNTRY
        JOIN AIRFLOW_DB.ELT_TRANSFORMED.Item i ON i.Item_type = s.ITEM_TYPE
        JOIN AIRFLOW_DB.ELT_TRANSFORMED.Order_Priority op ON op.ORDER_PRIORITY;, parameters: None
[2025-05-23T19:50:14.766+0530] {sql.py:814} INFO - Running statement: -- Create Orders table with JOINs
        CREATE OR REPLACE TABLE AIRFLOW_DB.ELT_TRANSFORMED.Orders AS
        WITH transformed_sales AS (
            SELECT
                *,
                CASE 
                    WHEN "ORDER_PRIORITY" = 'H' THEN 'High'
                    WHEN "ORDER_PRIORITY" = 'L' THEN 'Low'
                    WHEN "ORDER_PRIORITY" = 'M' THEN 'Medium'
                    WHEN "ORDER_PRIORITY" = 'C' THEN 'Critical'
                    ELSE "ORDER_PRIORITY"
                END AS ORDER_PRIORITY
            FROM AIRFLOW_DB.ELT_TRANSFORMED."SALES STREAM"
        )
        SELECT
            s."SALES_CHANNEL",
            s."ORDER_DATE",
            s."ORDER_ID",
            s."SHIP_DATE",
            s."UNITS_SOLD",
            s."UNIT_PRICE",
            s."UNIT_COST",
            s."TOTAL_REVENUE",
            s."TOTAL_COST",
            s."TOTAL_PROFIT",
            r.Region_id,
            c.Country_id,
            i.Item_id,
            op.OrderPriority_id,
            DATEDIFF(
                'day',
                COALESCE(
                    TRY_TO_DATE(s."ORDER_DATE", 'M/D/YYYY'),
                    TRY_TO_DATE(s."ORDER_DATE", 'MM/DD/YYYY'),
                    TRY_TO_DATE(s."ORDER_DATE", 'YYYY-MM-DD')
                ),
                COALESCE(
                    TRY_TO_DATE(s."SHIP_DATE", 'M/D/YYYY'),
                    TRY_TO_DATE(s."SHIP_DATE", 'MM/DD/YYYY'),
                    TRY_TO_DATE(s."SHIP_DATE", 'YYYY-MM-DD')
                )
            ) AS SHIPMENT_LEAD_TIME
        FROM transformed_sales s
        JOIN AIRFLOW_DB.ELT_TRANSFORMED.Region r ON r.Region = s.REGION
        JOIN AIRFLOW_DB.ELT_TRANSFORMED.Country c ON c.Country = s.COUNTRY
        JOIN AIRFLOW_DB.ELT_TRANSFORMED.Item i ON i.Item_type = s.ITEM_TYPE
        JOIN AIRFLOW_DB.ELT_TRANSFORMED.Order_Priority op ON op.ORDER_PRIORITY;, parameters: None
[2025-05-23T19:50:14.962+0530] {taskinstance.py:3310} ERROR - Task failed with exception
Traceback (most recent call last):
  File "/home/pranav_shirali/airflow-project/airflow-env/lib/python3.10/site-packages/airflow/models/taskinstance.py", line 767, in _execute_task
    result = _execute_callable(context=context, **execute_callable_kwargs)
  File "/home/pranav_shirali/airflow-project/airflow-env/lib/python3.10/site-packages/airflow/models/taskinstance.py", line 733, in _execute_callable
    return ExecutionCallableRunner(
  File "/home/pranav_shirali/airflow-project/airflow-env/lib/python3.10/site-packages/airflow/utils/operator_helpers.py", line 252, in run
    return self.func(*args, **kwargs)
  File "/home/pranav_shirali/airflow-project/airflow-env/lib/python3.10/site-packages/airflow/models/baseoperator.py", line 406, in wrapper
    return func(self, *args, **kwargs)
  File "/home/pranav_shirali/airflow-project/airflow-env/lib/python3.10/site-packages/airflow/providers/common/sql/operators/sql.py", line 312, in execute
    output = hook.run(
  File "/home/pranav_shirali/airflow-project/airflow-env/lib/python3.10/site-packages/airflow/providers/snowflake/hooks/snowflake.py", line 522, in run
    self._run_command(cur, sql_statement, parameters)  # type: ignore[attr-defined]
  File "/home/pranav_shirali/airflow-project/airflow-env/lib/python3.10/site-packages/airflow/providers/common/sql/hooks/sql.py", line 819, in _run_command
    cur.execute(sql_statement)
  File "/home/pranav_shirali/airflow-project/airflow-env/lib/python3.10/site-packages/snowflake/connector/cursor.py", line 1134, in execute
    Error.errorhandler_wrapper(self.connection, self, error_class, errvalue)
  File "/home/pranav_shirali/airflow-project/airflow-env/lib/python3.10/site-packages/snowflake/connector/errors.py", line 279, in errorhandler_wrapper
    handed_over = Error.hand_to_other_handler(
  File "/home/pranav_shirali/airflow-project/airflow-env/lib/python3.10/site-packages/snowflake/connector/errors.py", line 334, in hand_to_other_handler
    cursor.errorhandler(connection, cursor, error_class, error_value)
  File "/home/pranav_shirali/airflow-project/airflow-env/lib/python3.10/site-packages/snowflake/connector/errors.py", line 210, in default_errorhandler
    raise error_class(
snowflake.connector.errors.ProgrammingError: 002034 (22000): 01bc8abc-0001-0b32-0000-000987f672f9: SQL compilation error:
Invalid data type [VARCHAR(16777216)] for predicate [OP.ORDER_PRIORITY]
[2025-05-23T19:50:14.966+0530] {taskinstance.py:1225} INFO - Marking task as FAILED. dag_id=elt_sales_stream_transformation, task_id=transform_sales_stream, run_id=manual__2025-05-23T14:20:03.038058+00:00, execution_date=20250523T142003, start_date=20250523T142007, end_date=20250523T142014
[2025-05-23T19:50:14.977+0530] {taskinstance.py:340} INFO - ::group::Post task execution logs
[2025-05-23T19:50:14.977+0530] {standard_task_runner.py:124} ERROR - Failed to execute job 207 for task transform_sales_stream (002034 (22000): 01bc8abc-0001-0b32-0000-000987f672f9: SQL compilation error:
Invalid data type [VARCHAR(16777216)] for predicate [OP.ORDER_PRIORITY]; 96692)
Traceback (most recent call last):
  File "/home/pranav_shirali/airflow-project/airflow-env/lib/python3.10/site-packages/airflow/task/task_runner/standard_task_runner.py", line 117, in _start_by_fork
    ret = args.func(args, dag=self.dag)
  File "/home/pranav_shirali/airflow-project/airflow-env/lib/python3.10/site-packages/airflow/cli/cli_config.py", line 49, in command
    return func(*args, **kwargs)
  File "/home/pranav_shirali/airflow-project/airflow-env/lib/python3.10/site-packages/airflow/utils/cli.py", line 115, in wrapper
    return f(*args, **kwargs)
  File "/home/pranav_shirali/airflow-project/airflow-env/lib/python3.10/site-packages/airflow/cli/commands/task_command.py", line 483, in task_run
    task_return_code = _run_task_by_selected_method(args, _dag, ti)
  File "/home/pranav_shirali/airflow-project/airflow-env/lib/python3.10/site-packages/airflow/cli/commands/task_command.py", line 256, in _run_task_by_selected_method
    return _run_raw_task(args, ti)
  File "/home/pranav_shirali/airflow-project/airflow-env/lib/python3.10/site-packages/airflow/cli/commands/task_command.py", line 341, in _run_raw_task
    return ti._run_raw_task(
  File "/home/pranav_shirali/airflow-project/airflow-env/lib/python3.10/site-packages/airflow/utils/session.py", line 97, in wrapper
    return func(*args, session=session, **kwargs)
  File "/home/pranav_shirali/airflow-project/airflow-env/lib/python3.10/site-packages/airflow/models/taskinstance.py", line 3004, in _run_raw_task
    return _run_raw_task(
  File "/home/pranav_shirali/airflow-project/airflow-env/lib/python3.10/site-packages/airflow/models/taskinstance.py", line 273, in _run_raw_task
    TaskInstance._execute_task_with_callbacks(
  File "/home/pranav_shirali/airflow-project/airflow-env/lib/python3.10/site-packages/airflow/models/taskinstance.py", line 3158, in _execute_task_with_callbacks
    result = self._execute_task(context, task_orig)
  File "/home/pranav_shirali/airflow-project/airflow-env/lib/python3.10/site-packages/airflow/models/taskinstance.py", line 3182, in _execute_task
    return _execute_task(self, context, task_orig)
  File "/home/pranav_shirali/airflow-project/airflow-env/lib/python3.10/site-packages/airflow/models/taskinstance.py", line 767, in _execute_task
    result = _execute_callable(context=context, **execute_callable_kwargs)
  File "/home/pranav_shirali/airflow-project/airflow-env/lib/python3.10/site-packages/airflow/models/taskinstance.py", line 733, in _execute_callable
    return ExecutionCallableRunner(
  File "/home/pranav_shirali/airflow-project/airflow-env/lib/python3.10/site-packages/airflow/utils/operator_helpers.py", line 252, in run
    return self.func(*args, **kwargs)
  File "/home/pranav_shirali/airflow-project/airflow-env/lib/python3.10/site-packages/airflow/models/baseoperator.py", line 406, in wrapper
    return func(self, *args, **kwargs)
  File "/home/pranav_shirali/airflow-project/airflow-env/lib/python3.10/site-packages/airflow/providers/common/sql/operators/sql.py", line 312, in execute
    output = hook.run(
  File "/home/pranav_shirali/airflow-project/airflow-env/lib/python3.10/site-packages/airflow/providers/snowflake/hooks/snowflake.py", line 522, in run
    self._run_command(cur, sql_statement, parameters)  # type: ignore[attr-defined]
  File "/home/pranav_shirali/airflow-project/airflow-env/lib/python3.10/site-packages/airflow/providers/common/sql/hooks/sql.py", line 819, in _run_command
    cur.execute(sql_statement)
  File "/home/pranav_shirali/airflow-project/airflow-env/lib/python3.10/site-packages/snowflake/connector/cursor.py", line 1134, in execute
    Error.errorhandler_wrapper(self.connection, self, error_class, errvalue)
  File "/home/pranav_shirali/airflow-project/airflow-env/lib/python3.10/site-packages/snowflake/connector/errors.py", line 279, in errorhandler_wrapper
    handed_over = Error.hand_to_other_handler(
  File "/home/pranav_shirali/airflow-project/airflow-env/lib/python3.10/site-packages/snowflake/connector/errors.py", line 334, in hand_to_other_handler
    cursor.errorhandler(connection, cursor, error_class, error_value)
  File "/home/pranav_shirali/airflow-project/airflow-env/lib/python3.10/site-packages/snowflake/connector/errors.py", line 210, in default_errorhandler
    raise error_class(
snowflake.connector.errors.ProgrammingError: 002034 (22000): 01bc8abc-0001-0b32-0000-000987f672f9: SQL compilation error:
Invalid data type [VARCHAR(16777216)] for predicate [OP.ORDER_PRIORITY]
[2025-05-23T19:50:14.988+0530] {local_task_job_runner.py:266} INFO - Task exited with return code 1
[2025-05-23T19:50:14.994+0530] {taskinstance.py:3900} INFO - 0 downstream tasks scheduled from follow-on schedule check
[2025-05-23T19:50:14.995+0530] {local_task_job_runner.py:245} INFO - ::endgroup::
