[2025-05-11T19:34:54.216+0530] {local_task_job_runner.py:123} INFO - ::group::Pre task execution logs
[2025-05-11T19:34:54.226+0530] {taskinstance.py:2612} INFO - Dependencies all met for dep_context=non-requeueable deps ti=<TaskInstance: nyc_taxi_etl.extract_from_azure manual__2025-05-11T14:04:51.382639+00:00 [queued]>
[2025-05-11T19:34:54.233+0530] {taskinstance.py:2612} INFO - Dependencies all met for dep_context=requeueable deps ti=<TaskInstance: nyc_taxi_etl.extract_from_azure manual__2025-05-11T14:04:51.382639+00:00 [queued]>
[2025-05-11T19:34:54.234+0530] {taskinstance.py:2865} INFO - Starting attempt 1 of 1
[2025-05-11T19:34:54.248+0530] {taskinstance.py:2888} INFO - Executing <Task(BashOperator): extract_from_azure> on 2025-05-11 14:04:51.382639+00:00
[2025-05-11T19:34:54.251+0530] {standard_task_runner.py:72} INFO - Started process 72953 to run task
[2025-05-11T19:34:54.254+0530] {standard_task_runner.py:104} INFO - Running: ['airflow', 'tasks', 'run', 'nyc_taxi_etl', 'extract_from_azure', 'manual__2025-05-11T14:04:51.382639+00:00', '--job-id', '44', '--raw', '--subdir', 'DAGS_FOLDER/nyc_taxi_etl.py', '--cfg-path', '/tmp/tmp6t9frxbn']
[2025-05-11T19:34:54.255+0530] {standard_task_runner.py:105} INFO - Job 44: Subtask extract_from_azure
[2025-05-11T19:34:54.289+0530] {task_command.py:467} INFO - Running <TaskInstance: nyc_taxi_etl.extract_from_azure manual__2025-05-11T14:04:51.382639+00:00 [running]> on host Voldemort.
[2025-05-11T19:34:54.362+0530] {taskinstance.py:3131} INFO - Exporting env vars: AIRFLOW_CTX_DAG_OWNER='airflow' AIRFLOW_CTX_DAG_ID='nyc_taxi_etl' AIRFLOW_CTX_TASK_ID='extract_from_azure' AIRFLOW_CTX_EXECUTION_DATE='2025-05-11T14:04:51.382639+00:00' AIRFLOW_CTX_TRY_NUMBER='1' AIRFLOW_CTX_DAG_RUN_ID='manual__2025-05-11T14:04:51.382639+00:00'
[2025-05-11T19:34:54.363+0530] {taskinstance.py:731} INFO - ::endgroup::
[2025-05-11T19:34:54.379+0530] {subprocess.py:63} INFO - Tmp dir root location: /tmp
[2025-05-11T19:34:54.381+0530] {subprocess.py:75} INFO - Running command: ['/usr/bin/bash', '-c', '/opt/spark/bin/spark-submit /home/pranav_shirali/airflow-project/scripts/extract.py']
[2025-05-11T19:34:54.386+0530] {subprocess.py:86} INFO - Output:
[2025-05-11T19:34:56.586+0530] {subprocess.py:93} INFO - 25/05/11 19:34:56 WARN Utils: Your hostname, Voldemort resolves to a loopback address: 127.0.1.1; using 10.255.255.254 instead (on interface lo)
[2025-05-11T19:34:56.588+0530] {subprocess.py:93} INFO - 25/05/11 19:34:56 WARN Utils: Set SPARK_LOCAL_IP if you need to bind to another address
[2025-05-11T19:35:07.769+0530] {subprocess.py:93} INFO - 25/05/11 19:35:07 INFO SparkContext: Running Spark version 3.5.5
[2025-05-11T19:35:07.770+0530] {subprocess.py:93} INFO - 25/05/11 19:35:07 INFO SparkContext: OS info Linux, 5.15.167.4-microsoft-standard-WSL2, amd64
[2025-05-11T19:35:07.770+0530] {subprocess.py:93} INFO - 25/05/11 19:35:07 INFO SparkContext: Java version 11.0.27
[2025-05-11T19:35:07.863+0530] {subprocess.py:93} INFO - 25/05/11 19:35:07 WARN NativeCodeLoader: Unable to load native-hadoop library for your platform... using builtin-java classes where applicable
[2025-05-11T19:35:07.969+0530] {subprocess.py:93} INFO - 25/05/11 19:35:07 INFO ResourceUtils: ==============================================================
[2025-05-11T19:35:07.969+0530] {subprocess.py:93} INFO - 25/05/11 19:35:07 INFO ResourceUtils: No custom resources configured for spark.driver.
[2025-05-11T19:35:07.969+0530] {subprocess.py:93} INFO - 25/05/11 19:35:07 INFO ResourceUtils: ==============================================================
[2025-05-11T19:35:07.970+0530] {subprocess.py:93} INFO - 25/05/11 19:35:07 INFO SparkContext: Submitted application: NYC Taxi Extract
[2025-05-11T19:35:07.991+0530] {subprocess.py:93} INFO - 25/05/11 19:35:07 INFO ResourceProfile: Default ResourceProfile created, executor resources: Map(cores -> name: cores, amount: 1, script: , vendor: , memory -> name: memory, amount: 1024, script: , vendor: , offHeap -> name: offHeap, amount: 0, script: , vendor: ), task resources: Map(cpus -> name: cpus, amount: 1.0)
[2025-05-11T19:35:08.000+0530] {subprocess.py:93} INFO - 25/05/11 19:35:08 INFO ResourceProfile: Limiting resource is cpu
[2025-05-11T19:35:08.001+0530] {subprocess.py:93} INFO - 25/05/11 19:35:08 INFO ResourceProfileManager: Added ResourceProfile id: 0
[2025-05-11T19:35:08.061+0530] {subprocess.py:93} INFO - 25/05/11 19:35:08 INFO SecurityManager: Changing view acls to: pranav_shirali
[2025-05-11T19:35:08.062+0530] {subprocess.py:93} INFO - 25/05/11 19:35:08 INFO SecurityManager: Changing modify acls to: pranav_shirali
[2025-05-11T19:35:08.062+0530] {subprocess.py:93} INFO - 25/05/11 19:35:08 INFO SecurityManager: Changing view acls groups to:
[2025-05-11T19:35:08.062+0530] {subprocess.py:93} INFO - 25/05/11 19:35:08 INFO SecurityManager: Changing modify acls groups to:
[2025-05-11T19:35:08.063+0530] {subprocess.py:93} INFO - 25/05/11 19:35:08 INFO SecurityManager: SecurityManager: authentication disabled; ui acls disabled; users with view permissions: pranav_shirali; groups with view permissions: EMPTY; users with modify permissions: pranav_shirali; groups with modify permissions: EMPTY
[2025-05-11T19:35:08.319+0530] {subprocess.py:93} INFO - 25/05/11 19:35:08 INFO Utils: Successfully started service 'sparkDriver' on port 45315.
[2025-05-11T19:35:08.361+0530] {subprocess.py:93} INFO - 25/05/11 19:35:08 INFO SparkEnv: Registering MapOutputTracker
[2025-05-11T19:35:08.394+0530] {subprocess.py:93} INFO - 25/05/11 19:35:08 INFO SparkEnv: Registering BlockManagerMaster
[2025-05-11T19:35:08.417+0530] {subprocess.py:93} INFO - 25/05/11 19:35:08 INFO BlockManagerMasterEndpoint: Using org.apache.spark.storage.DefaultTopologyMapper for getting topology information
[2025-05-11T19:35:08.418+0530] {subprocess.py:93} INFO - 25/05/11 19:35:08 INFO BlockManagerMasterEndpoint: BlockManagerMasterEndpoint up
[2025-05-11T19:35:08.422+0530] {subprocess.py:93} INFO - 25/05/11 19:35:08 INFO SparkEnv: Registering BlockManagerMasterHeartbeat
[2025-05-11T19:35:08.453+0530] {subprocess.py:93} INFO - 25/05/11 19:35:08 INFO DiskBlockManager: Created local directory at /tmp/blockmgr-7c8e2843-1da1-4400-b017-aaa6e0639c8f
[2025-05-11T19:35:08.467+0530] {subprocess.py:93} INFO - 25/05/11 19:35:08 INFO MemoryStore: MemoryStore started with capacity 434.4 MiB
[2025-05-11T19:35:08.480+0530] {subprocess.py:93} INFO - 25/05/11 19:35:08 INFO SparkEnv: Registering OutputCommitCoordinator
[2025-05-11T19:35:08.652+0530] {subprocess.py:93} INFO - 25/05/11 19:35:08 INFO JettyUtils: Start Jetty 0.0.0.0:4040 for SparkUI
[2025-05-11T19:35:08.707+0530] {subprocess.py:93} INFO - 25/05/11 19:35:08 INFO Utils: Successfully started service 'SparkUI' on port 4040.
[2025-05-11T19:35:08.738+0530] {subprocess.py:93} INFO - 25/05/11 19:35:08 INFO SparkContext: Added JAR /opt/spark/jars/hadoop-azure-3.3.1.jar at spark://10.255.255.254:45315/jars/hadoop-azure-3.3.1.jar with timestamp 1746972307755
[2025-05-11T19:35:08.738+0530] {subprocess.py:93} INFO - 25/05/11 19:35:08 INFO SparkContext: Added JAR /opt/spark/jars/azure-storage-8.6.6.jar at spark://10.255.255.254:45315/jars/azure-storage-8.6.6.jar with timestamp 1746972307755
[2025-05-11T19:35:08.738+0530] {subprocess.py:93} INFO - 25/05/11 19:35:08 INFO SparkContext: Added JAR /opt/spark/jars/hadoop-azure-datalake-3.3.1.jar at spark://10.255.255.254:45315/jars/hadoop-azure-datalake-3.3.1.jar with timestamp 1746972307755
[2025-05-11T19:35:08.795+0530] {subprocess.py:93} INFO - 25/05/11 19:35:08 INFO Executor: Starting executor ID driver on host 10.255.255.254
[2025-05-11T19:35:08.795+0530] {subprocess.py:93} INFO - 25/05/11 19:35:08 INFO Executor: OS info Linux, 5.15.167.4-microsoft-standard-WSL2, amd64
[2025-05-11T19:35:08.795+0530] {subprocess.py:93} INFO - 25/05/11 19:35:08 INFO Executor: Java version 11.0.27
[2025-05-11T19:35:08.800+0530] {subprocess.py:93} INFO - 25/05/11 19:35:08 INFO Executor: Starting executor with user classpath (userClassPathFirst = false): ''
[2025-05-11T19:35:08.801+0530] {subprocess.py:93} INFO - 25/05/11 19:35:08 INFO Executor: Created or updated repl class loader org.apache.spark.util.MutableURLClassLoader@27a5e0e2 for default.
[2025-05-11T19:35:08.812+0530] {subprocess.py:93} INFO - 25/05/11 19:35:08 INFO Executor: Fetching spark://10.255.255.254:45315/jars/hadoop-azure-3.3.1.jar with timestamp 1746972307755
[2025-05-11T19:35:08.868+0530] {subprocess.py:93} INFO - 25/05/11 19:35:08 INFO TransportClientFactory: Successfully created connection to /10.255.255.254:45315 after 28 ms (0 ms spent in bootstraps)
[2025-05-11T19:35:08.874+0530] {subprocess.py:93} INFO - 25/05/11 19:35:08 INFO Utils: Fetching spark://10.255.255.254:45315/jars/hadoop-azure-3.3.1.jar to /tmp/spark-bfbd4c46-26b7-418f-ad2e-b7e6a80e7e45/userFiles-2ab1c0b2-0d45-4ae7-b5ec-275eef1d8fbf/fetchFileTemp4570364616892703113.tmp
[2025-05-11T19:35:08.910+0530] {subprocess.py:93} INFO - 25/05/11 19:35:08 INFO Executor: Adding file:/tmp/spark-bfbd4c46-26b7-418f-ad2e-b7e6a80e7e45/userFiles-2ab1c0b2-0d45-4ae7-b5ec-275eef1d8fbf/hadoop-azure-3.3.1.jar to class loader default
[2025-05-11T19:35:08.910+0530] {subprocess.py:93} INFO - 25/05/11 19:35:08 INFO Executor: Fetching spark://10.255.255.254:45315/jars/hadoop-azure-datalake-3.3.1.jar with timestamp 1746972307755
[2025-05-11T19:35:08.911+0530] {subprocess.py:93} INFO - 25/05/11 19:35:08 INFO Utils: Fetching spark://10.255.255.254:45315/jars/hadoop-azure-datalake-3.3.1.jar to /tmp/spark-bfbd4c46-26b7-418f-ad2e-b7e6a80e7e45/userFiles-2ab1c0b2-0d45-4ae7-b5ec-275eef1d8fbf/fetchFileTemp3467901169096596880.tmp
[2025-05-11T19:35:08.916+0530] {subprocess.py:93} INFO - 25/05/11 19:35:08 INFO Executor: Adding file:/tmp/spark-bfbd4c46-26b7-418f-ad2e-b7e6a80e7e45/userFiles-2ab1c0b2-0d45-4ae7-b5ec-275eef1d8fbf/hadoop-azure-datalake-3.3.1.jar to class loader default
[2025-05-11T19:35:08.916+0530] {subprocess.py:93} INFO - 25/05/11 19:35:08 INFO Executor: Fetching spark://10.255.255.254:45315/jars/azure-storage-8.6.6.jar with timestamp 1746972307755
[2025-05-11T19:35:08.917+0530] {subprocess.py:93} INFO - 25/05/11 19:35:08 INFO Utils: Fetching spark://10.255.255.254:45315/jars/azure-storage-8.6.6.jar to /tmp/spark-bfbd4c46-26b7-418f-ad2e-b7e6a80e7e45/userFiles-2ab1c0b2-0d45-4ae7-b5ec-275eef1d8fbf/fetchFileTemp10284577981965596318.tmp
[2025-05-11T19:35:08.926+0530] {subprocess.py:93} INFO - 25/05/11 19:35:08 INFO Executor: Adding file:/tmp/spark-bfbd4c46-26b7-418f-ad2e-b7e6a80e7e45/userFiles-2ab1c0b2-0d45-4ae7-b5ec-275eef1d8fbf/azure-storage-8.6.6.jar to class loader default
[2025-05-11T19:35:08.935+0530] {subprocess.py:93} INFO - 25/05/11 19:35:08 INFO Utils: Successfully started service 'org.apache.spark.network.netty.NettyBlockTransferService' on port 35333.
[2025-05-11T19:35:08.936+0530] {subprocess.py:93} INFO - 25/05/11 19:35:08 INFO NettyBlockTransferService: Server created on 10.255.255.254:35333
[2025-05-11T19:35:08.937+0530] {subprocess.py:93} INFO - 25/05/11 19:35:08 INFO BlockManager: Using org.apache.spark.storage.RandomBlockReplicationPolicy for block replication policy
[2025-05-11T19:35:08.943+0530] {subprocess.py:93} INFO - 25/05/11 19:35:08 INFO BlockManagerMaster: Registering BlockManager BlockManagerId(driver, 10.255.255.254, 35333, None)
[2025-05-11T19:35:08.946+0530] {subprocess.py:93} INFO - 25/05/11 19:35:08 INFO BlockManagerMasterEndpoint: Registering block manager 10.255.255.254:35333 with 434.4 MiB RAM, BlockManagerId(driver, 10.255.255.254, 35333, None)
[2025-05-11T19:35:08.947+0530] {subprocess.py:93} INFO - 25/05/11 19:35:08 INFO BlockManagerMaster: Registered BlockManager BlockManagerId(driver, 10.255.255.254, 35333, None)
[2025-05-11T19:35:08.948+0530] {subprocess.py:93} INFO - 25/05/11 19:35:08 INFO BlockManager: Initialized BlockManager: BlockManagerId(driver, 10.255.255.254, 35333, None)
[2025-05-11T19:35:09.431+0530] {subprocess.py:93} INFO - 25/05/11 19:35:09 INFO SharedState: Setting hive.metastore.warehouse.dir ('null') to the value of spark.sql.warehouse.dir.
[2025-05-11T19:35:09.440+0530] {subprocess.py:93} INFO - 25/05/11 19:35:09 INFO SharedState: Warehouse path is 'file:/tmp/airflowtmp2t5jf9cd/spark-warehouse'.
[2025-05-11T19:35:12.295+0530] {subprocess.py:93} INFO - 25/05/11 19:35:12 INFO InMemoryFileIndex: It took 423 ms to list leaf files for 1 paths.
[2025-05-11T19:35:12.915+0530] {subprocess.py:93} INFO - 25/05/11 19:35:12 INFO SparkContext: Starting job: parquet at NativeMethodAccessorImpl.java:0
[2025-05-11T19:35:12.931+0530] {subprocess.py:93} INFO - 25/05/11 19:35:12 INFO DAGScheduler: Got job 0 (parquet at NativeMethodAccessorImpl.java:0) with 1 output partitions
[2025-05-11T19:35:12.931+0530] {subprocess.py:93} INFO - 25/05/11 19:35:12 INFO DAGScheduler: Final stage: ResultStage 0 (parquet at NativeMethodAccessorImpl.java:0)
[2025-05-11T19:35:12.931+0530] {subprocess.py:93} INFO - 25/05/11 19:35:12 INFO DAGScheduler: Parents of final stage: List()
[2025-05-11T19:35:12.933+0530] {subprocess.py:93} INFO - 25/05/11 19:35:12 INFO DAGScheduler: Missing parents: List()
[2025-05-11T19:35:12.936+0530] {subprocess.py:93} INFO - 25/05/11 19:35:12 INFO DAGScheduler: Submitting ResultStage 0 (MapPartitionsRDD[1] at parquet at NativeMethodAccessorImpl.java:0), which has no missing parents
[2025-05-11T19:35:13.008+0530] {subprocess.py:93} INFO - 25/05/11 19:35:13 INFO MemoryStore: Block broadcast_0 stored as values in memory (estimated size 104.4 KiB, free 434.3 MiB)
[2025-05-11T19:35:13.042+0530] {subprocess.py:93} INFO - 25/05/11 19:35:13 INFO MemoryStore: Block broadcast_0_piece0 stored as bytes in memory (estimated size 37.8 KiB, free 434.3 MiB)
[2025-05-11T19:35:13.046+0530] {subprocess.py:93} INFO - 25/05/11 19:35:13 INFO BlockManagerInfo: Added broadcast_0_piece0 in memory on 10.255.255.254:35333 (size: 37.8 KiB, free: 434.4 MiB)
[2025-05-11T19:35:13.049+0530] {subprocess.py:93} INFO - 25/05/11 19:35:13 INFO SparkContext: Created broadcast 0 from broadcast at DAGScheduler.scala:1585
[2025-05-11T19:35:13.067+0530] {subprocess.py:93} INFO - 25/05/11 19:35:13 INFO DAGScheduler: Submitting 1 missing tasks from ResultStage 0 (MapPartitionsRDD[1] at parquet at NativeMethodAccessorImpl.java:0) (first 15 tasks are for partitions Vector(0))
[2025-05-11T19:35:13.068+0530] {subprocess.py:93} INFO - 25/05/11 19:35:13 INFO TaskSchedulerImpl: Adding task set 0.0 with 1 tasks resource profile 0
[2025-05-11T19:35:13.116+0530] {subprocess.py:93} INFO - 25/05/11 19:35:13 INFO TaskSetManager: Starting task 0.0 in stage 0.0 (TID 0) (10.255.255.254, executor driver, partition 0, PROCESS_LOCAL, 9518 bytes)
[2025-05-11T19:35:13.128+0530] {subprocess.py:93} INFO - 25/05/11 19:35:13 INFO Executor: Running task 0.0 in stage 0.0 (TID 0)
[2025-05-11T19:35:13.862+0530] {subprocess.py:93} INFO - 25/05/11 19:35:13 INFO Executor: Finished task 0.0 in stage 0.0 (TID 0). 2578 bytes result sent to driver
[2025-05-11T19:35:13.873+0530] {subprocess.py:93} INFO - 25/05/11 19:35:13 INFO TaskSetManager: Finished task 0.0 in stage 0.0 (TID 0) in 774 ms on 10.255.255.254 (executor driver) (1/1)
[2025-05-11T19:35:13.874+0530] {subprocess.py:93} INFO - 25/05/11 19:35:13 INFO TaskSchedulerImpl: Removed TaskSet 0.0, whose tasks have all completed, from pool
[2025-05-11T19:35:13.878+0530] {subprocess.py:93} INFO - 25/05/11 19:35:13 INFO DAGScheduler: ResultStage 0 (parquet at NativeMethodAccessorImpl.java:0) finished in 0.930 s
[2025-05-11T19:35:13.881+0530] {subprocess.py:93} INFO - 25/05/11 19:35:13 INFO DAGScheduler: Job 0 is finished. Cancelling potential speculative or zombie tasks for this job
[2025-05-11T19:35:13.881+0530] {subprocess.py:93} INFO - 25/05/11 19:35:13 INFO TaskSchedulerImpl: Killing all running tasks in stage 0: Stage finished
[2025-05-11T19:35:13.883+0530] {subprocess.py:93} INFO - 25/05/11 19:35:13 INFO DAGScheduler: Job 0 finished: parquet at NativeMethodAccessorImpl.java:0, took 0.967619 s
[2025-05-11T19:35:14.018+0530] {subprocess.py:93} INFO - 25/05/11 19:35:14 INFO BlockManagerInfo: Removed broadcast_0_piece0 on 10.255.255.254:35333 in memory (size: 37.8 KiB, free: 434.4 MiB)
[2025-05-11T19:35:15.139+0530] {subprocess.py:93} INFO - 25/05/11 19:35:15 INFO FileSourceStrategy: Pushed Filters:
[2025-05-11T19:35:15.140+0530] {subprocess.py:93} INFO - 25/05/11 19:35:15 INFO FileSourceStrategy: Post-Scan Filters:
[2025-05-11T19:35:15.247+0530] {subprocess.py:93} INFO - 25/05/11 19:35:15 INFO ParquetUtils: Using default output committer for Parquet: org.apache.parquet.hadoop.ParquetOutputCommitter
[2025-05-11T19:35:15.278+0530] {subprocess.py:93} INFO - 25/05/11 19:35:15 INFO FileOutputCommitter: File Output Committer Algorithm version is 1
[2025-05-11T19:35:15.279+0530] {subprocess.py:93} INFO - 25/05/11 19:35:15 INFO FileOutputCommitter: FileOutputCommitter skip cleanup _temporary folders under output directory:false, ignore cleanup failures: false
[2025-05-11T19:35:15.280+0530] {subprocess.py:93} INFO - 25/05/11 19:35:15 INFO SQLHadoopMapReduceCommitProtocol: Using user defined output committer class org.apache.parquet.hadoop.ParquetOutputCommitter
[2025-05-11T19:35:15.280+0530] {subprocess.py:93} INFO - 25/05/11 19:35:15 INFO FileOutputCommitter: File Output Committer Algorithm version is 1
[2025-05-11T19:35:15.280+0530] {subprocess.py:93} INFO - 25/05/11 19:35:15 INFO FileOutputCommitter: FileOutputCommitter skip cleanup _temporary folders under output directory:false, ignore cleanup failures: false
[2025-05-11T19:35:15.281+0530] {subprocess.py:93} INFO - 25/05/11 19:35:15 INFO SQLHadoopMapReduceCommitProtocol: Using output committer class org.apache.parquet.hadoop.ParquetOutputCommitter
[2025-05-11T19:35:15.589+0530] {subprocess.py:93} INFO - 25/05/11 19:35:15 INFO CodeGenerator: Code generated in 221.04223 ms
[2025-05-11T19:35:15.608+0530] {subprocess.py:93} INFO - 25/05/11 19:35:15 INFO MemoryStore: Block broadcast_1 stored as values in memory (estimated size 204.9 KiB, free 434.2 MiB)
[2025-05-11T19:35:15.621+0530] {subprocess.py:93} INFO - 25/05/11 19:35:15 INFO MemoryStore: Block broadcast_1_piece0 stored as bytes in memory (estimated size 36.4 KiB, free 434.2 MiB)
[2025-05-11T19:35:15.621+0530] {subprocess.py:93} INFO - 25/05/11 19:35:15 INFO BlockManagerInfo: Added broadcast_1_piece0 in memory on 10.255.255.254:35333 (size: 36.4 KiB, free: 434.4 MiB)
[2025-05-11T19:35:15.622+0530] {subprocess.py:93} INFO - 25/05/11 19:35:15 INFO SparkContext: Created broadcast 1 from parquet at NativeMethodAccessorImpl.java:0
[2025-05-11T19:35:15.639+0530] {subprocess.py:93} INFO - 25/05/11 19:35:15 INFO FileSourceScanExec: Planning scan with bin packing, max size: 4194304 bytes, open cost is considered as scanning 4194304 bytes.
[2025-05-11T19:35:15.671+0530] {subprocess.py:93} INFO - 25/05/11 19:35:15 INFO SparkContext: Starting job: parquet at NativeMethodAccessorImpl.java:0
[2025-05-11T19:35:15.673+0530] {subprocess.py:93} INFO - 25/05/11 19:35:15 INFO DAGScheduler: Got job 1 (parquet at NativeMethodAccessorImpl.java:0) with 1 output partitions
[2025-05-11T19:35:15.673+0530] {subprocess.py:93} INFO - 25/05/11 19:35:15 INFO DAGScheduler: Final stage: ResultStage 1 (parquet at NativeMethodAccessorImpl.java:0)
[2025-05-11T19:35:15.673+0530] {subprocess.py:93} INFO - 25/05/11 19:35:15 INFO DAGScheduler: Parents of final stage: List()
[2025-05-11T19:35:15.674+0530] {subprocess.py:93} INFO - 25/05/11 19:35:15 INFO DAGScheduler: Missing parents: List()
[2025-05-11T19:35:15.676+0530] {subprocess.py:93} INFO - 25/05/11 19:35:15 INFO DAGScheduler: Submitting ResultStage 1 (MapPartitionsRDD[5] at parquet at NativeMethodAccessorImpl.java:0), which has no missing parents
[2025-05-11T19:35:15.727+0530] {subprocess.py:93} INFO - 25/05/11 19:35:15 INFO MemoryStore: Block broadcast_2 stored as values in memory (estimated size 230.5 KiB, free 433.9 MiB)
[2025-05-11T19:35:15.734+0530] {subprocess.py:93} INFO - 25/05/11 19:35:15 INFO MemoryStore: Block broadcast_2_piece0 stored as bytes in memory (estimated size 81.0 KiB, free 433.9 MiB)
[2025-05-11T19:35:15.736+0530] {subprocess.py:93} INFO - 25/05/11 19:35:15 INFO BlockManagerInfo: Added broadcast_2_piece0 in memory on 10.255.255.254:35333 (size: 81.0 KiB, free: 434.3 MiB)
[2025-05-11T19:35:15.737+0530] {subprocess.py:93} INFO - 25/05/11 19:35:15 INFO SparkContext: Created broadcast 2 from broadcast at DAGScheduler.scala:1585
[2025-05-11T19:35:15.738+0530] {subprocess.py:93} INFO - 25/05/11 19:35:15 INFO DAGScheduler: Submitting 1 missing tasks from ResultStage 1 (MapPartitionsRDD[5] at parquet at NativeMethodAccessorImpl.java:0) (first 15 tasks are for partitions Vector(0))
[2025-05-11T19:35:15.738+0530] {subprocess.py:93} INFO - 25/05/11 19:35:15 INFO TaskSchedulerImpl: Adding task set 1.0 with 1 tasks resource profile 0
[2025-05-11T19:35:15.743+0530] {subprocess.py:93} INFO - 25/05/11 19:35:15 INFO TaskSetManager: Starting task 0.0 in stage 1.0 (TID 1) (10.255.255.254, executor driver, partition 0, PROCESS_LOCAL, 10023 bytes)
[2025-05-11T19:35:15.744+0530] {subprocess.py:93} INFO - 25/05/11 19:35:15 INFO Executor: Running task 0.0 in stage 1.0 (TID 1)
[2025-05-11T19:35:15.839+0530] {subprocess.py:93} INFO - 25/05/11 19:35:15 INFO CodeGenerator: Code generated in 33.210484 ms
[2025-05-11T19:35:15.844+0530] {subprocess.py:93} INFO - 25/05/11 19:35:15 INFO FileOutputCommitter: File Output Committer Algorithm version is 1
[2025-05-11T19:35:15.845+0530] {subprocess.py:93} INFO - 25/05/11 19:35:15 INFO FileOutputCommitter: FileOutputCommitter skip cleanup _temporary folders under output directory:false, ignore cleanup failures: false
[2025-05-11T19:35:15.846+0530] {subprocess.py:93} INFO - 25/05/11 19:35:15 INFO SQLHadoopMapReduceCommitProtocol: Using user defined output committer class org.apache.parquet.hadoop.ParquetOutputCommitter
[2025-05-11T19:35:15.846+0530] {subprocess.py:93} INFO - 25/05/11 19:35:15 INFO FileOutputCommitter: File Output Committer Algorithm version is 1
[2025-05-11T19:35:15.846+0530] {subprocess.py:93} INFO - 25/05/11 19:35:15 INFO FileOutputCommitter: FileOutputCommitter skip cleanup _temporary folders under output directory:false, ignore cleanup failures: false
[2025-05-11T19:35:15.846+0530] {subprocess.py:93} INFO - 25/05/11 19:35:15 INFO SQLHadoopMapReduceCommitProtocol: Using output committer class org.apache.parquet.hadoop.ParquetOutputCommitter
[2025-05-11T19:35:15.850+0530] {subprocess.py:93} INFO - 25/05/11 19:35:15 INFO CodecConfig: Compression: SNAPPY
[2025-05-11T19:35:15.852+0530] {subprocess.py:93} INFO - 25/05/11 19:35:15 INFO CodecConfig: Compression: SNAPPY
[2025-05-11T19:35:15.876+0530] {subprocess.py:93} INFO - 25/05/11 19:35:15 INFO ParquetOutputFormat: ParquetRecordWriter [block size: 134217728b, row group padding size: 8388608b, validating: false]
[2025-05-11T19:35:15.897+0530] {subprocess.py:93} INFO - 25/05/11 19:35:15 INFO ParquetWriteSupport: Initialized Parquet WriteSupport with Catalyst schema:
[2025-05-11T19:35:15.897+0530] {subprocess.py:93} INFO - {
[2025-05-11T19:35:15.897+0530] {subprocess.py:93} INFO -   "type" : "struct",
[2025-05-11T19:35:15.897+0530] {subprocess.py:93} INFO -   "fields" : [ {
[2025-05-11T19:35:15.898+0530] {subprocess.py:93} INFO -     "name" : "VendorID",
[2025-05-11T19:35:15.898+0530] {subprocess.py:93} INFO -     "type" : "short",
[2025-05-11T19:35:15.898+0530] {subprocess.py:93} INFO -     "nullable" : true,
[2025-05-11T19:35:15.898+0530] {subprocess.py:93} INFO -     "metadata" : { }
[2025-05-11T19:35:15.898+0530] {subprocess.py:93} INFO -   }, {
[2025-05-11T19:35:15.898+0530] {subprocess.py:93} INFO -     "name" : "tpep_pickup_datetime",
[2025-05-11T19:35:15.898+0530] {subprocess.py:93} INFO -     "type" : "timestamp_ntz",
[2025-05-11T19:35:15.898+0530] {subprocess.py:93} INFO -     "nullable" : true,
[2025-05-11T19:35:15.898+0530] {subprocess.py:93} INFO -     "metadata" : { }
[2025-05-11T19:35:15.898+0530] {subprocess.py:93} INFO -   }, {
[2025-05-11T19:35:15.898+0530] {subprocess.py:93} INFO -     "name" : "tpep_dropoff_datetime",
[2025-05-11T19:35:15.898+0530] {subprocess.py:93} INFO -     "type" : "timestamp_ntz",
[2025-05-11T19:35:15.898+0530] {subprocess.py:93} INFO -     "nullable" : true,
[2025-05-11T19:35:15.899+0530] {subprocess.py:93} INFO -     "metadata" : { }
[2025-05-11T19:35:15.899+0530] {subprocess.py:93} INFO -   }, {
[2025-05-11T19:35:15.899+0530] {subprocess.py:93} INFO -     "name" : "passenger_count",
[2025-05-11T19:35:15.899+0530] {subprocess.py:93} INFO -     "type" : "short",
[2025-05-11T19:35:15.899+0530] {subprocess.py:93} INFO -     "nullable" : true,
[2025-05-11T19:35:15.899+0530] {subprocess.py:93} INFO -     "metadata" : { }
[2025-05-11T19:35:15.899+0530] {subprocess.py:93} INFO -   }, {
[2025-05-11T19:35:15.899+0530] {subprocess.py:93} INFO -     "name" : "trip_distance",
[2025-05-11T19:35:15.899+0530] {subprocess.py:93} INFO -     "type" : "double",
[2025-05-11T19:35:15.899+0530] {subprocess.py:93} INFO -     "nullable" : true,
[2025-05-11T19:35:15.899+0530] {subprocess.py:93} INFO -     "metadata" : { }
[2025-05-11T19:35:15.899+0530] {subprocess.py:93} INFO -   }, {
[2025-05-11T19:35:15.899+0530] {subprocess.py:93} INFO -     "name" : "RatecodeID",
[2025-05-11T19:35:15.899+0530] {subprocess.py:93} INFO -     "type" : "short",
[2025-05-11T19:35:15.900+0530] {subprocess.py:93} INFO -     "nullable" : true,
[2025-05-11T19:35:15.900+0530] {subprocess.py:93} INFO -     "metadata" : { }
[2025-05-11T19:35:15.900+0530] {subprocess.py:93} INFO -   }, {
[2025-05-11T19:35:15.900+0530] {subprocess.py:93} INFO -     "name" : "store_and_fwd_flag",
[2025-05-11T19:35:15.900+0530] {subprocess.py:93} INFO -     "type" : "string",
[2025-05-11T19:35:15.900+0530] {subprocess.py:93} INFO -     "nullable" : true,
[2025-05-11T19:35:15.900+0530] {subprocess.py:93} INFO -     "metadata" : { }
[2025-05-11T19:35:15.900+0530] {subprocess.py:93} INFO -   }, {
[2025-05-11T19:35:15.900+0530] {subprocess.py:93} INFO -     "name" : "PULocationID",
[2025-05-11T19:35:15.900+0530] {subprocess.py:93} INFO -     "type" : "integer",
[2025-05-11T19:35:15.900+0530] {subprocess.py:93} INFO -     "nullable" : true,
[2025-05-11T19:35:15.901+0530] {subprocess.py:93} INFO -     "metadata" : { }
[2025-05-11T19:35:15.901+0530] {subprocess.py:93} INFO -   }, {
[2025-05-11T19:35:15.901+0530] {subprocess.py:93} INFO -     "name" : "DOLocationID",
[2025-05-11T19:35:15.901+0530] {subprocess.py:93} INFO -     "type" : "integer",
[2025-05-11T19:35:15.901+0530] {subprocess.py:93} INFO -     "nullable" : true,
[2025-05-11T19:35:15.901+0530] {subprocess.py:93} INFO -     "metadata" : { }
[2025-05-11T19:35:15.901+0530] {subprocess.py:93} INFO -   }, {
[2025-05-11T19:35:15.901+0530] {subprocess.py:93} INFO -     "name" : "payment_type",
[2025-05-11T19:35:15.901+0530] {subprocess.py:93} INFO -     "type" : "short",
[2025-05-11T19:35:15.902+0530] {subprocess.py:93} INFO -     "nullable" : true,
[2025-05-11T19:35:15.902+0530] {subprocess.py:93} INFO -     "metadata" : { }
[2025-05-11T19:35:15.902+0530] {subprocess.py:93} INFO -   }, {
[2025-05-11T19:35:15.902+0530] {subprocess.py:93} INFO -     "name" : "fare_amount",
[2025-05-11T19:35:15.902+0530] {subprocess.py:93} INFO -     "type" : "double",
[2025-05-11T19:35:15.902+0530] {subprocess.py:93} INFO -     "nullable" : true,
[2025-05-11T19:35:15.902+0530] {subprocess.py:93} INFO -     "metadata" : { }
[2025-05-11T19:35:15.902+0530] {subprocess.py:93} INFO -   }, {
[2025-05-11T19:35:15.902+0530] {subprocess.py:93} INFO -     "name" : "extra",
[2025-05-11T19:35:15.902+0530] {subprocess.py:93} INFO -     "type" : "double",
[2025-05-11T19:35:15.902+0530] {subprocess.py:93} INFO -     "nullable" : true,
[2025-05-11T19:35:15.903+0530] {subprocess.py:93} INFO -     "metadata" : { }
[2025-05-11T19:35:15.903+0530] {subprocess.py:93} INFO -   }, {
[2025-05-11T19:35:15.903+0530] {subprocess.py:93} INFO -     "name" : "mta_tax",
[2025-05-11T19:35:15.903+0530] {subprocess.py:93} INFO -     "type" : "double",
[2025-05-11T19:35:15.903+0530] {subprocess.py:93} INFO -     "nullable" : true,
[2025-05-11T19:35:15.903+0530] {subprocess.py:93} INFO -     "metadata" : { }
[2025-05-11T19:35:15.903+0530] {subprocess.py:93} INFO -   }, {
[2025-05-11T19:35:15.903+0530] {subprocess.py:93} INFO -     "name" : "tip_amount",
[2025-05-11T19:35:15.903+0530] {subprocess.py:93} INFO -     "type" : "double",
[2025-05-11T19:35:15.903+0530] {subprocess.py:93} INFO -     "nullable" : true,
[2025-05-11T19:35:15.903+0530] {subprocess.py:93} INFO -     "metadata" : { }
[2025-05-11T19:35:15.903+0530] {subprocess.py:93} INFO -   }, {
[2025-05-11T19:35:15.903+0530] {subprocess.py:93} INFO -     "name" : "tolls_amount",
[2025-05-11T19:35:15.904+0530] {subprocess.py:93} INFO -     "type" : "double",
[2025-05-11T19:35:15.904+0530] {subprocess.py:93} INFO -     "nullable" : true,
[2025-05-11T19:35:15.904+0530] {subprocess.py:93} INFO -     "metadata" : { }
[2025-05-11T19:35:15.904+0530] {subprocess.py:93} INFO -   }, {
[2025-05-11T19:35:15.904+0530] {subprocess.py:93} INFO -     "name" : "improvement_surcharge",
[2025-05-11T19:35:15.904+0530] {subprocess.py:93} INFO -     "type" : "double",
[2025-05-11T19:35:15.904+0530] {subprocess.py:93} INFO -     "nullable" : true,
[2025-05-11T19:35:15.904+0530] {subprocess.py:93} INFO -     "metadata" : { }
[2025-05-11T19:35:15.904+0530] {subprocess.py:93} INFO -   }, {
[2025-05-11T19:35:15.905+0530] {subprocess.py:93} INFO -     "name" : "total_amount",
[2025-05-11T19:35:15.905+0530] {subprocess.py:93} INFO -     "type" : "double",
[2025-05-11T19:35:15.905+0530] {subprocess.py:93} INFO -     "nullable" : true,
[2025-05-11T19:35:15.905+0530] {subprocess.py:93} INFO -     "metadata" : { }
[2025-05-11T19:35:15.905+0530] {subprocess.py:93} INFO -   }, {
[2025-05-11T19:35:15.905+0530] {subprocess.py:93} INFO -     "name" : "congestion_surcharge",
[2025-05-11T19:35:15.905+0530] {subprocess.py:93} INFO -     "type" : "double",
[2025-05-11T19:35:15.905+0530] {subprocess.py:93} INFO -     "nullable" : true,
[2025-05-11T19:35:15.905+0530] {subprocess.py:93} INFO -     "metadata" : { }
[2025-05-11T19:35:15.905+0530] {subprocess.py:93} INFO -   }, {
[2025-05-11T19:35:15.905+0530] {subprocess.py:93} INFO -     "name" : "__null_dask_index__",
[2025-05-11T19:35:15.906+0530] {subprocess.py:93} INFO -     "type" : "long",
[2025-05-11T19:35:15.906+0530] {subprocess.py:93} INFO -     "nullable" : true,
[2025-05-11T19:35:15.906+0530] {subprocess.py:93} INFO -     "metadata" : { }
[2025-05-11T19:35:15.906+0530] {subprocess.py:93} INFO -   } ]
[2025-05-11T19:35:15.906+0530] {subprocess.py:93} INFO - }
[2025-05-11T19:35:15.906+0530] {subprocess.py:93} INFO - and corresponding Parquet message type:
[2025-05-11T19:35:15.906+0530] {subprocess.py:93} INFO - message spark_schema {
[2025-05-11T19:35:15.906+0530] {subprocess.py:93} INFO -   optional int32 VendorID (INTEGER(16,true));
[2025-05-11T19:35:15.906+0530] {subprocess.py:93} INFO -   optional int64 tpep_pickup_datetime (TIMESTAMP(MICROS,false));
[2025-05-11T19:35:15.906+0530] {subprocess.py:93} INFO -   optional int64 tpep_dropoff_datetime (TIMESTAMP(MICROS,false));
[2025-05-11T19:35:15.906+0530] {subprocess.py:93} INFO -   optional int32 passenger_count (INTEGER(16,true));
[2025-05-11T19:35:15.906+0530] {subprocess.py:93} INFO -   optional double trip_distance;
[2025-05-11T19:35:15.906+0530] {subprocess.py:93} INFO -   optional int32 RatecodeID (INTEGER(16,true));
[2025-05-11T19:35:15.907+0530] {subprocess.py:93} INFO -   optional binary store_and_fwd_flag (STRING);
[2025-05-11T19:35:15.907+0530] {subprocess.py:93} INFO -   optional int32 PULocationID;
[2025-05-11T19:35:15.907+0530] {subprocess.py:93} INFO -   optional int32 DOLocationID;
[2025-05-11T19:35:15.908+0530] {subprocess.py:93} INFO -   optional int32 payment_type (INTEGER(16,true));
[2025-05-11T19:35:15.908+0530] {subprocess.py:93} INFO -   optional double fare_amount;
[2025-05-11T19:35:15.908+0530] {subprocess.py:93} INFO -   optional double extra;
[2025-05-11T19:35:15.908+0530] {subprocess.py:93} INFO -   optional double mta_tax;
[2025-05-11T19:35:15.908+0530] {subprocess.py:93} INFO -   optional double tip_amount;
[2025-05-11T19:35:15.909+0530] {subprocess.py:93} INFO -   optional double tolls_amount;
[2025-05-11T19:35:15.909+0530] {subprocess.py:93} INFO -   optional double improvement_surcharge;
[2025-05-11T19:35:15.909+0530] {subprocess.py:93} INFO -   optional double total_amount;
[2025-05-11T19:35:15.909+0530] {subprocess.py:93} INFO -   optional double congestion_surcharge;
[2025-05-11T19:35:15.910+0530] {subprocess.py:93} INFO -   optional int64 __null_dask_index__;
[2025-05-11T19:35:15.910+0530] {subprocess.py:93} INFO - }
[2025-05-11T19:35:15.910+0530] {subprocess.py:93} INFO - 
[2025-05-11T19:35:15.910+0530] {subprocess.py:93} INFO - 
[2025-05-11T19:35:15.929+0530] {subprocess.py:93} INFO - 25/05/11 19:35:15 INFO CodecPool: Got brand-new compressor [.snappy]
[2025-05-11T19:35:16.144+0530] {subprocess.py:93} INFO - 25/05/11 19:35:16 INFO FileScanRDD: Reading File path: abfss://taxidata@tietoevryproject.dfs.core.windows.net/part.73.parquet, range: 0-3155749, partition values: [empty row]
[2025-05-11T19:35:22.026+0530] {subprocess.py:93} INFO - 25/05/11 19:35:22 INFO FileOutputCommitter: Saved output of task 'attempt_202505111935156389838967615534603_0001_m_000000_1' to file:/home/pranav_shirali/airflow-project/nyc_taxi_extracted.parquet/_temporary/0/task_202505111935156389838967615534603_0001_m_000000
[2025-05-11T19:35:22.028+0530] {subprocess.py:93} INFO - 25/05/11 19:35:22 INFO SparkHadoopMapRedUtil: attempt_202505111935156389838967615534603_0001_m_000000_1: Committed. Elapsed time: 2 ms.
[2025-05-11T19:35:22.051+0530] {subprocess.py:93} INFO - 25/05/11 19:35:22 INFO Executor: Finished task 0.0 in stage 1.0 (TID 1). 2821 bytes result sent to driver
[2025-05-11T19:35:22.055+0530] {subprocess.py:93} INFO - 25/05/11 19:35:22 INFO TaskSetManager: Finished task 0.0 in stage 1.0 (TID 1) in 6315 ms on 10.255.255.254 (executor driver) (1/1)
[2025-05-11T19:35:22.056+0530] {subprocess.py:93} INFO - 25/05/11 19:35:22 INFO TaskSchedulerImpl: Removed TaskSet 1.0, whose tasks have all completed, from pool
[2025-05-11T19:35:22.057+0530] {subprocess.py:93} INFO - 25/05/11 19:35:22 INFO DAGScheduler: ResultStage 1 (parquet at NativeMethodAccessorImpl.java:0) finished in 6.379 s
[2025-05-11T19:35:22.058+0530] {subprocess.py:93} INFO - 25/05/11 19:35:22 INFO DAGScheduler: Job 1 is finished. Cancelling potential speculative or zombie tasks for this job
[2025-05-11T19:35:22.058+0530] {subprocess.py:93} INFO - 25/05/11 19:35:22 INFO TaskSchedulerImpl: Killing all running tasks in stage 1: Stage finished
[2025-05-11T19:35:22.059+0530] {subprocess.py:93} INFO - 25/05/11 19:35:22 INFO DAGScheduler: Job 1 finished: parquet at NativeMethodAccessorImpl.java:0, took 6.387085 s
[2025-05-11T19:35:22.062+0530] {subprocess.py:93} INFO - 25/05/11 19:35:22 INFO FileFormatWriter: Start to commit write Job b9f479fe-131d-4c6b-bab7-4cc82deb375b.
[2025-05-11T19:35:22.088+0530] {subprocess.py:93} INFO - 25/05/11 19:35:22 INFO FileFormatWriter: Write Job b9f479fe-131d-4c6b-bab7-4cc82deb375b committed. Elapsed time: 24 ms.
[2025-05-11T19:35:22.093+0530] {subprocess.py:93} INFO - 25/05/11 19:35:22 INFO FileFormatWriter: Finished processing stats for write job b9f479fe-131d-4c6b-bab7-4cc82deb375b.
[2025-05-11T19:35:22.153+0530] {subprocess.py:93} INFO - 25/05/11 19:35:22 INFO SparkContext: Invoking stop() from shutdown hook
[2025-05-11T19:35:22.154+0530] {subprocess.py:93} INFO - 25/05/11 19:35:22 INFO SparkContext: SparkContext is stopping with exitCode 0.
[2025-05-11T19:35:22.171+0530] {subprocess.py:93} INFO - 25/05/11 19:35:22 INFO SparkUI: Stopped Spark web UI at http://10.255.255.254:4040
[2025-05-11T19:35:22.186+0530] {subprocess.py:93} INFO - 25/05/11 19:35:22 INFO MapOutputTrackerMasterEndpoint: MapOutputTrackerMasterEndpoint stopped!
[2025-05-11T19:35:22.203+0530] {subprocess.py:93} INFO - 25/05/11 19:35:22 INFO MemoryStore: MemoryStore cleared
[2025-05-11T19:35:22.204+0530] {subprocess.py:93} INFO - 25/05/11 19:35:22 INFO BlockManager: BlockManager stopped
[2025-05-11T19:35:22.209+0530] {subprocess.py:93} INFO - 25/05/11 19:35:22 INFO BlockManagerMaster: BlockManagerMaster stopped
[2025-05-11T19:35:22.212+0530] {subprocess.py:93} INFO - 25/05/11 19:35:22 INFO OutputCommitCoordinator$OutputCommitCoordinatorEndpoint: OutputCommitCoordinator stopped!
[2025-05-11T19:35:22.222+0530] {subprocess.py:93} INFO - 25/05/11 19:35:22 INFO SparkContext: Successfully stopped SparkContext
[2025-05-11T19:35:22.222+0530] {subprocess.py:93} INFO - 25/05/11 19:35:22 INFO ShutdownHookManager: Shutdown hook called
[2025-05-11T19:35:22.223+0530] {subprocess.py:93} INFO - 25/05/11 19:35:22 INFO ShutdownHookManager: Deleting directory /tmp/spark-d9e334ef-bc6d-4e9b-ab5c-ba3a17fd823f
[2025-05-11T19:35:22.228+0530] {subprocess.py:93} INFO - 25/05/11 19:35:22 INFO ShutdownHookManager: Deleting directory /tmp/spark-bfbd4c46-26b7-418f-ad2e-b7e6a80e7e45/pyspark-8e97370f-7872-436a-9168-82ab8ea88b54
[2025-05-11T19:35:22.233+0530] {subprocess.py:93} INFO - 25/05/11 19:35:22 INFO ShutdownHookManager: Deleting directory /tmp/spark-bfbd4c46-26b7-418f-ad2e-b7e6a80e7e45
[2025-05-11T19:35:22.311+0530] {subprocess.py:97} INFO - Command exited with return code 0
[2025-05-11T19:35:22.332+0530] {taskinstance.py:340} INFO - ::group::Post task execution logs
[2025-05-11T19:35:22.333+0530] {taskinstance.py:352} INFO - Marking task as SUCCESS. dag_id=nyc_taxi_etl, task_id=extract_from_azure, run_id=manual__2025-05-11T14:04:51.382639+00:00, execution_date=20250511T140451, start_date=20250511T140454, end_date=20250511T140522
[2025-05-11T19:35:22.369+0530] {local_task_job_runner.py:266} INFO - Task exited with return code 0
[2025-05-11T19:35:22.388+0530] {taskinstance.py:3900} INFO - 1 downstream tasks scheduled from follow-on schedule check
[2025-05-11T19:35:22.392+0530] {local_task_job_runner.py:245} INFO - ::endgroup::
