[2025-05-22T21:06:14.604+0530] {local_task_job_runner.py:123} INFO - ::group::Pre task execution logs
[2025-05-22T21:06:14.614+0530] {taskinstance.py:2612} INFO - Dependencies all met for dep_context=non-requeueable deps ti=<TaskInstance: nyc_taxi_etl.extract_from_azure manual__2025-05-22T15:36:11.316994+00:00 [queued]>
[2025-05-22T21:06:14.622+0530] {taskinstance.py:2612} INFO - Dependencies all met for dep_context=requeueable deps ti=<TaskInstance: nyc_taxi_etl.extract_from_azure manual__2025-05-22T15:36:11.316994+00:00 [queued]>
[2025-05-22T21:06:14.623+0530] {taskinstance.py:2865} INFO - Starting attempt 1 of 1
[2025-05-22T21:06:14.638+0530] {taskinstance.py:2888} INFO - Executing <Task(BashOperator): extract_from_azure> on 2025-05-22 15:36:11.316994+00:00
[2025-05-22T21:06:14.641+0530] {standard_task_runner.py:72} INFO - Started process 82939 to run task
[2025-05-22T21:06:14.645+0530] {standard_task_runner.py:104} INFO - Running: ['airflow', 'tasks', 'run', 'nyc_taxi_etl', 'extract_from_azure', 'manual__2025-05-22T15:36:11.316994+00:00', '--job-id', '150', '--raw', '--subdir', 'DAGS_FOLDER/nyc_taxi_etl.py', '--cfg-path', '/tmp/tmpztvgxwhp']
[2025-05-22T21:06:14.646+0530] {standard_task_runner.py:105} INFO - Job 150: Subtask extract_from_azure
[2025-05-22T21:06:14.677+0530] {task_command.py:467} INFO - Running <TaskInstance: nyc_taxi_etl.extract_from_azure manual__2025-05-22T15:36:11.316994+00:00 [running]> on host Voldemort.
[2025-05-22T21:06:14.741+0530] {taskinstance.py:3131} INFO - Exporting env vars: AIRFLOW_CTX_DAG_OWNER='airflow' AIRFLOW_CTX_DAG_ID='nyc_taxi_etl' AIRFLOW_CTX_TASK_ID='extract_from_azure' AIRFLOW_CTX_EXECUTION_DATE='2025-05-22T15:36:11.316994+00:00' AIRFLOW_CTX_TRY_NUMBER='1' AIRFLOW_CTX_DAG_RUN_ID='manual__2025-05-22T15:36:11.316994+00:00'
[2025-05-22T21:06:14.741+0530] {taskinstance.py:731} INFO - ::endgroup::
[2025-05-22T21:06:14.761+0530] {subprocess.py:63} INFO - Tmp dir root location: /tmp
[2025-05-22T21:06:14.763+0530] {subprocess.py:75} INFO - Running command: ['/usr/bin/bash', '-c', '/opt/spark/bin/spark-submit /home/pranav_shirali/airflow-project/scripts/ETL/extract.py']
[2025-05-22T21:06:14.768+0530] {subprocess.py:86} INFO - Output:
[2025-05-22T21:06:17.465+0530] {subprocess.py:93} INFO - 25/05/22 21:06:17 WARN Utils: Your hostname, Voldemort resolves to a loopback address: 127.0.1.1; using 10.255.255.254 instead (on interface lo)
[2025-05-22T21:06:17.468+0530] {subprocess.py:93} INFO - 25/05/22 21:06:17 WARN Utils: Set SPARK_LOCAL_IP if you need to bind to another address
[2025-05-22T21:06:18.733+0530] {subprocess.py:93} INFO - 25/05/22 21:06:18 INFO SparkContext: Running Spark version 3.5.5
[2025-05-22T21:06:18.733+0530] {subprocess.py:93} INFO - 25/05/22 21:06:18 INFO SparkContext: OS info Linux, 5.15.167.4-microsoft-standard-WSL2, amd64
[2025-05-22T21:06:18.734+0530] {subprocess.py:93} INFO - 25/05/22 21:06:18 INFO SparkContext: Java version 11.0.27
[2025-05-22T21:06:18.818+0530] {subprocess.py:93} INFO - 25/05/22 21:06:18 WARN NativeCodeLoader: Unable to load native-hadoop library for your platform... using builtin-java classes where applicable
[2025-05-22T21:06:18.926+0530] {subprocess.py:93} INFO - 25/05/22 21:06:18 INFO ResourceUtils: ==============================================================
[2025-05-22T21:06:18.926+0530] {subprocess.py:93} INFO - 25/05/22 21:06:18 INFO ResourceUtils: No custom resources configured for spark.driver.
[2025-05-22T21:06:18.927+0530] {subprocess.py:93} INFO - 25/05/22 21:06:18 INFO ResourceUtils: ==============================================================
[2025-05-22T21:06:18.927+0530] {subprocess.py:93} INFO - 25/05/22 21:06:18 INFO SparkContext: Submitted application: NYC Taxi Extract
[2025-05-22T21:06:18.950+0530] {subprocess.py:93} INFO - 25/05/22 21:06:18 INFO ResourceProfile: Default ResourceProfile created, executor resources: Map(cores -> name: cores, amount: 1, script: , vendor: , memory -> name: memory, amount: 1024, script: , vendor: , offHeap -> name: offHeap, amount: 0, script: , vendor: ), task resources: Map(cpus -> name: cpus, amount: 1.0)
[2025-05-22T21:06:18.961+0530] {subprocess.py:93} INFO - 25/05/22 21:06:18 INFO ResourceProfile: Limiting resource is cpu
[2025-05-22T21:06:18.962+0530] {subprocess.py:93} INFO - 25/05/22 21:06:18 INFO ResourceProfileManager: Added ResourceProfile id: 0
[2025-05-22T21:06:19.033+0530] {subprocess.py:93} INFO - 25/05/22 21:06:19 INFO SecurityManager: Changing view acls to: pranav_shirali
[2025-05-22T21:06:19.034+0530] {subprocess.py:93} INFO - 25/05/22 21:06:19 INFO SecurityManager: Changing modify acls to: pranav_shirali
[2025-05-22T21:06:19.034+0530] {subprocess.py:93} INFO - 25/05/22 21:06:19 INFO SecurityManager: Changing view acls groups to:
[2025-05-22T21:06:19.035+0530] {subprocess.py:93} INFO - 25/05/22 21:06:19 INFO SecurityManager: Changing modify acls groups to:
[2025-05-22T21:06:19.035+0530] {subprocess.py:93} INFO - 25/05/22 21:06:19 INFO SecurityManager: SecurityManager: authentication disabled; ui acls disabled; users with view permissions: pranav_shirali; groups with view permissions: EMPTY; users with modify permissions: pranav_shirali; groups with modify permissions: EMPTY
[2025-05-22T21:06:19.345+0530] {subprocess.py:93} INFO - 25/05/22 21:06:19 INFO Utils: Successfully started service 'sparkDriver' on port 35481.
[2025-05-22T21:06:19.406+0530] {subprocess.py:93} INFO - 25/05/22 21:06:19 INFO SparkEnv: Registering MapOutputTracker
[2025-05-22T21:06:19.447+0530] {subprocess.py:93} INFO - 25/05/22 21:06:19 INFO SparkEnv: Registering BlockManagerMaster
[2025-05-22T21:06:19.473+0530] {subprocess.py:93} INFO - 25/05/22 21:06:19 INFO BlockManagerMasterEndpoint: Using org.apache.spark.storage.DefaultTopologyMapper for getting topology information
[2025-05-22T21:06:19.474+0530] {subprocess.py:93} INFO - 25/05/22 21:06:19 INFO BlockManagerMasterEndpoint: BlockManagerMasterEndpoint up
[2025-05-22T21:06:19.480+0530] {subprocess.py:93} INFO - 25/05/22 21:06:19 INFO SparkEnv: Registering BlockManagerMasterHeartbeat
[2025-05-22T21:06:19.520+0530] {subprocess.py:93} INFO - 25/05/22 21:06:19 INFO DiskBlockManager: Created local directory at /tmp/blockmgr-dfc03f9a-5c6c-4ef3-8632-dea7e553fb0f
[2025-05-22T21:06:19.537+0530] {subprocess.py:93} INFO - 25/05/22 21:06:19 INFO MemoryStore: MemoryStore started with capacity 434.4 MiB
[2025-05-22T21:06:19.555+0530] {subprocess.py:93} INFO - 25/05/22 21:06:19 INFO SparkEnv: Registering OutputCommitCoordinator
[2025-05-22T21:06:19.762+0530] {subprocess.py:93} INFO - 25/05/22 21:06:19 INFO JettyUtils: Start Jetty 0.0.0.0:4040 for SparkUI
[2025-05-22T21:06:19.828+0530] {subprocess.py:93} INFO - 25/05/22 21:06:19 INFO Utils: Successfully started service 'SparkUI' on port 4040.
[2025-05-22T21:06:19.870+0530] {subprocess.py:93} INFO - 25/05/22 21:06:19 INFO SparkContext: Added JAR /opt/spark/jars/hadoop-azure-3.3.1.jar at spark://10.255.255.254:35481/jars/hadoop-azure-3.3.1.jar with timestamp 1747928178722
[2025-05-22T21:06:19.871+0530] {subprocess.py:93} INFO - 25/05/22 21:06:19 INFO SparkContext: Added JAR /opt/spark/jars/azure-storage-8.6.6.jar at spark://10.255.255.254:35481/jars/azure-storage-8.6.6.jar with timestamp 1747928178722
[2025-05-22T21:06:19.871+0530] {subprocess.py:93} INFO - 25/05/22 21:06:19 INFO SparkContext: Added JAR /opt/spark/jars/hadoop-azure-datalake-3.3.1.jar at spark://10.255.255.254:35481/jars/hadoop-azure-datalake-3.3.1.jar with timestamp 1747928178722
[2025-05-22T21:06:19.940+0530] {subprocess.py:93} INFO - 25/05/22 21:06:19 INFO Executor: Starting executor ID driver on host 10.255.255.254
[2025-05-22T21:06:19.940+0530] {subprocess.py:93} INFO - 25/05/22 21:06:19 INFO Executor: OS info Linux, 5.15.167.4-microsoft-standard-WSL2, amd64
[2025-05-22T21:06:19.940+0530] {subprocess.py:93} INFO - 25/05/22 21:06:19 INFO Executor: Java version 11.0.27
[2025-05-22T21:06:19.946+0530] {subprocess.py:93} INFO - 25/05/22 21:06:19 INFO Executor: Starting executor with user classpath (userClassPathFirst = false): ''
[2025-05-22T21:06:19.946+0530] {subprocess.py:93} INFO - 25/05/22 21:06:19 INFO Executor: Created or updated repl class loader org.apache.spark.util.MutableURLClassLoader@7a17c8a4 for default.
[2025-05-22T21:06:19.958+0530] {subprocess.py:93} INFO - 25/05/22 21:06:19 INFO Executor: Fetching spark://10.255.255.254:35481/jars/hadoop-azure-3.3.1.jar with timestamp 1747928178722
[2025-05-22T21:06:20.018+0530] {subprocess.py:93} INFO - 25/05/22 21:06:20 INFO TransportClientFactory: Successfully created connection to /10.255.255.254:35481 after 32 ms (0 ms spent in bootstraps)
[2025-05-22T21:06:20.024+0530] {subprocess.py:93} INFO - 25/05/22 21:06:20 INFO Utils: Fetching spark://10.255.255.254:35481/jars/hadoop-azure-3.3.1.jar to /tmp/spark-08352c83-61e3-411e-8cc0-20684bc3d4b4/userFiles-5dd92f45-5134-4141-8d03-9fb003ec6b9c/fetchFileTemp15767391941157219739.tmp
[2025-05-22T21:06:20.069+0530] {subprocess.py:93} INFO - 25/05/22 21:06:20 INFO Executor: Adding file:/tmp/spark-08352c83-61e3-411e-8cc0-20684bc3d4b4/userFiles-5dd92f45-5134-4141-8d03-9fb003ec6b9c/hadoop-azure-3.3.1.jar to class loader default
[2025-05-22T21:06:20.069+0530] {subprocess.py:93} INFO - 25/05/22 21:06:20 INFO Executor: Fetching spark://10.255.255.254:35481/jars/hadoop-azure-datalake-3.3.1.jar with timestamp 1747928178722
[2025-05-22T21:06:20.070+0530] {subprocess.py:93} INFO - 25/05/22 21:06:20 INFO Utils: Fetching spark://10.255.255.254:35481/jars/hadoop-azure-datalake-3.3.1.jar to /tmp/spark-08352c83-61e3-411e-8cc0-20684bc3d4b4/userFiles-5dd92f45-5134-4141-8d03-9fb003ec6b9c/fetchFileTemp17960976268386827082.tmp
[2025-05-22T21:06:20.075+0530] {subprocess.py:93} INFO - 25/05/22 21:06:20 INFO Executor: Adding file:/tmp/spark-08352c83-61e3-411e-8cc0-20684bc3d4b4/userFiles-5dd92f45-5134-4141-8d03-9fb003ec6b9c/hadoop-azure-datalake-3.3.1.jar to class loader default
[2025-05-22T21:06:20.075+0530] {subprocess.py:93} INFO - 25/05/22 21:06:20 INFO Executor: Fetching spark://10.255.255.254:35481/jars/azure-storage-8.6.6.jar with timestamp 1747928178722
[2025-05-22T21:06:20.076+0530] {subprocess.py:93} INFO - 25/05/22 21:06:20 INFO Utils: Fetching spark://10.255.255.254:35481/jars/azure-storage-8.6.6.jar to /tmp/spark-08352c83-61e3-411e-8cc0-20684bc3d4b4/userFiles-5dd92f45-5134-4141-8d03-9fb003ec6b9c/fetchFileTemp3564019692157004097.tmp
[2025-05-22T21:06:20.085+0530] {subprocess.py:93} INFO - 25/05/22 21:06:20 INFO Executor: Adding file:/tmp/spark-08352c83-61e3-411e-8cc0-20684bc3d4b4/userFiles-5dd92f45-5134-4141-8d03-9fb003ec6b9c/azure-storage-8.6.6.jar to class loader default
[2025-05-22T21:06:20.096+0530] {subprocess.py:93} INFO - 25/05/22 21:06:20 INFO Utils: Successfully started service 'org.apache.spark.network.netty.NettyBlockTransferService' on port 33567.
[2025-05-22T21:06:20.096+0530] {subprocess.py:93} INFO - 25/05/22 21:06:20 INFO NettyBlockTransferService: Server created on 10.255.255.254:33567
[2025-05-22T21:06:20.097+0530] {subprocess.py:93} INFO - 25/05/22 21:06:20 INFO BlockManager: Using org.apache.spark.storage.RandomBlockReplicationPolicy for block replication policy
[2025-05-22T21:06:20.106+0530] {subprocess.py:93} INFO - 25/05/22 21:06:20 INFO BlockManagerMaster: Registering BlockManager BlockManagerId(driver, 10.255.255.254, 33567, None)
[2025-05-22T21:06:20.109+0530] {subprocess.py:93} INFO - 25/05/22 21:06:20 INFO BlockManagerMasterEndpoint: Registering block manager 10.255.255.254:33567 with 434.4 MiB RAM, BlockManagerId(driver, 10.255.255.254, 33567, None)
[2025-05-22T21:06:20.111+0530] {subprocess.py:93} INFO - 25/05/22 21:06:20 INFO BlockManagerMaster: Registered BlockManager BlockManagerId(driver, 10.255.255.254, 33567, None)
[2025-05-22T21:06:20.112+0530] {subprocess.py:93} INFO - 25/05/22 21:06:20 INFO BlockManager: Initialized BlockManager: BlockManagerId(driver, 10.255.255.254, 33567, None)
[2025-05-22T21:06:20.843+0530] {subprocess.py:93} INFO - 25/05/22 21:06:20 INFO SharedState: Setting hive.metastore.warehouse.dir ('null') to the value of spark.sql.warehouse.dir.
[2025-05-22T21:06:20.852+0530] {subprocess.py:93} INFO - 25/05/22 21:06:20 INFO SharedState: Warehouse path is 'file:/tmp/airflowtmp44xsswvk/spark-warehouse'.
[2025-05-22T21:06:24.564+0530] {subprocess.py:93} INFO - 25/05/22 21:06:24 INFO InMemoryFileIndex: It took 472 ms to list leaf files for 1 paths.
[2025-05-22T21:06:25.020+0530] {subprocess.py:93} INFO - 25/05/22 21:06:25 INFO SparkContext: Starting job: parquet at NativeMethodAccessorImpl.java:0
[2025-05-22T21:06:25.036+0530] {subprocess.py:93} INFO - 25/05/22 21:06:25 INFO DAGScheduler: Got job 0 (parquet at NativeMethodAccessorImpl.java:0) with 1 output partitions
[2025-05-22T21:06:25.037+0530] {subprocess.py:93} INFO - 25/05/22 21:06:25 INFO DAGScheduler: Final stage: ResultStage 0 (parquet at NativeMethodAccessorImpl.java:0)
[2025-05-22T21:06:25.037+0530] {subprocess.py:93} INFO - 25/05/22 21:06:25 INFO DAGScheduler: Parents of final stage: List()
[2025-05-22T21:06:25.039+0530] {subprocess.py:93} INFO - 25/05/22 21:06:25 INFO DAGScheduler: Missing parents: List()
[2025-05-22T21:06:25.044+0530] {subprocess.py:93} INFO - 25/05/22 21:06:25 INFO DAGScheduler: Submitting ResultStage 0 (MapPartitionsRDD[1] at parquet at NativeMethodAccessorImpl.java:0), which has no missing parents
[2025-05-22T21:06:25.113+0530] {subprocess.py:93} INFO - 25/05/22 21:06:25 INFO MemoryStore: Block broadcast_0 stored as values in memory (estimated size 104.4 KiB, free 434.3 MiB)
[2025-05-22T21:06:25.157+0530] {subprocess.py:93} INFO - 25/05/22 21:06:25 INFO MemoryStore: Block broadcast_0_piece0 stored as bytes in memory (estimated size 37.8 KiB, free 434.3 MiB)
[2025-05-22T21:06:25.160+0530] {subprocess.py:93} INFO - 25/05/22 21:06:25 INFO BlockManagerInfo: Added broadcast_0_piece0 in memory on 10.255.255.254:33567 (size: 37.8 KiB, free: 434.4 MiB)
[2025-05-22T21:06:25.164+0530] {subprocess.py:93} INFO - 25/05/22 21:06:25 INFO SparkContext: Created broadcast 0 from broadcast at DAGScheduler.scala:1585
[2025-05-22T21:06:25.182+0530] {subprocess.py:93} INFO - 25/05/22 21:06:25 INFO DAGScheduler: Submitting 1 missing tasks from ResultStage 0 (MapPartitionsRDD[1] at parquet at NativeMethodAccessorImpl.java:0) (first 15 tasks are for partitions Vector(0))
[2025-05-22T21:06:25.183+0530] {subprocess.py:93} INFO - 25/05/22 21:06:25 INFO TaskSchedulerImpl: Adding task set 0.0 with 1 tasks resource profile 0
[2025-05-22T21:06:25.236+0530] {subprocess.py:93} INFO - 25/05/22 21:06:25 INFO TaskSetManager: Starting task 0.0 in stage 0.0 (TID 0) (10.255.255.254, executor driver, partition 0, PROCESS_LOCAL, 9523 bytes)
[2025-05-22T21:06:25.250+0530] {subprocess.py:93} INFO - 25/05/22 21:06:25 INFO Executor: Running task 0.0 in stage 0.0 (TID 0)
[2025-05-22T21:06:26.475+0530] {subprocess.py:93} INFO - 25/05/22 21:06:26 INFO Executor: Finished task 0.0 in stage 0.0 (TID 0). 2578 bytes result sent to driver
[2025-05-22T21:06:26.486+0530] {subprocess.py:93} INFO - 25/05/22 21:06:26 INFO TaskSetManager: Finished task 0.0 in stage 0.0 (TID 0) in 1275 ms on 10.255.255.254 (executor driver) (1/1)
[2025-05-22T21:06:26.487+0530] {subprocess.py:93} INFO - 25/05/22 21:06:26 INFO TaskSchedulerImpl: Removed TaskSet 0.0, whose tasks have all completed, from pool
[2025-05-22T21:06:26.491+0530] {subprocess.py:93} INFO - 25/05/22 21:06:26 INFO DAGScheduler: ResultStage 0 (parquet at NativeMethodAccessorImpl.java:0) finished in 1.434 s
[2025-05-22T21:06:26.494+0530] {subprocess.py:93} INFO - 25/05/22 21:06:26 INFO DAGScheduler: Job 0 is finished. Cancelling potential speculative or zombie tasks for this job
[2025-05-22T21:06:26.494+0530] {subprocess.py:93} INFO - 25/05/22 21:06:26 INFO TaskSchedulerImpl: Killing all running tasks in stage 0: Stage finished
[2025-05-22T21:06:26.496+0530] {subprocess.py:93} INFO - 25/05/22 21:06:26 INFO DAGScheduler: Job 0 finished: parquet at NativeMethodAccessorImpl.java:0, took 1.475163 s
[2025-05-22T21:06:26.631+0530] {subprocess.py:93} INFO - 25/05/22 21:06:26 INFO BlockManagerInfo: Removed broadcast_0_piece0 on 10.255.255.254:33567 in memory (size: 37.8 KiB, free: 434.4 MiB)
[2025-05-22T21:06:27.681+0530] {subprocess.py:93} INFO - 25/05/22 21:06:27 INFO FileSourceStrategy: Pushed Filters:
[2025-05-22T21:06:27.682+0530] {subprocess.py:93} INFO - 25/05/22 21:06:27 INFO FileSourceStrategy: Post-Scan Filters:
[2025-05-22T21:06:27.799+0530] {subprocess.py:93} INFO - 25/05/22 21:06:27 INFO ParquetUtils: Using default output committer for Parquet: org.apache.parquet.hadoop.ParquetOutputCommitter
[2025-05-22T21:06:27.835+0530] {subprocess.py:93} INFO - 25/05/22 21:06:27 INFO FileOutputCommitter: File Output Committer Algorithm version is 1
[2025-05-22T21:06:27.836+0530] {subprocess.py:93} INFO - 25/05/22 21:06:27 INFO FileOutputCommitter: FileOutputCommitter skip cleanup _temporary folders under output directory:false, ignore cleanup failures: false
[2025-05-22T21:06:27.836+0530] {subprocess.py:93} INFO - 25/05/22 21:06:27 INFO SQLHadoopMapReduceCommitProtocol: Using user defined output committer class org.apache.parquet.hadoop.ParquetOutputCommitter
[2025-05-22T21:06:27.837+0530] {subprocess.py:93} INFO - 25/05/22 21:06:27 INFO FileOutputCommitter: File Output Committer Algorithm version is 1
[2025-05-22T21:06:27.837+0530] {subprocess.py:93} INFO - 25/05/22 21:06:27 INFO FileOutputCommitter: FileOutputCommitter skip cleanup _temporary folders under output directory:false, ignore cleanup failures: false
[2025-05-22T21:06:27.837+0530] {subprocess.py:93} INFO - 25/05/22 21:06:27 INFO SQLHadoopMapReduceCommitProtocol: Using output committer class org.apache.parquet.hadoop.ParquetOutputCommitter
[2025-05-22T21:06:28.153+0530] {subprocess.py:93} INFO - 25/05/22 21:06:28 INFO CodeGenerator: Code generated in 232.653847 ms
[2025-05-22T21:06:28.186+0530] {subprocess.py:93} INFO - 25/05/22 21:06:28 INFO MemoryStore: Block broadcast_1 stored as values in memory (estimated size 204.9 KiB, free 434.2 MiB)
[2025-05-22T21:06:28.198+0530] {subprocess.py:93} INFO - 25/05/22 21:06:28 INFO MemoryStore: Block broadcast_1_piece0 stored as bytes in memory (estimated size 36.4 KiB, free 434.2 MiB)
[2025-05-22T21:06:28.199+0530] {subprocess.py:93} INFO - 25/05/22 21:06:28 INFO BlockManagerInfo: Added broadcast_1_piece0 in memory on 10.255.255.254:33567 (size: 36.4 KiB, free: 434.4 MiB)
[2025-05-22T21:06:28.200+0530] {subprocess.py:93} INFO - 25/05/22 21:06:28 INFO SparkContext: Created broadcast 1 from parquet at NativeMethodAccessorImpl.java:0
[2025-05-22T21:06:28.218+0530] {subprocess.py:93} INFO - 25/05/22 21:06:28 INFO FileSourceScanExec: Planning scan with bin packing, max size: 4194304 bytes, open cost is considered as scanning 4194304 bytes.
[2025-05-22T21:06:28.255+0530] {subprocess.py:93} INFO - 25/05/22 21:06:28 INFO SparkContext: Starting job: parquet at NativeMethodAccessorImpl.java:0
[2025-05-22T21:06:28.256+0530] {subprocess.py:93} INFO - 25/05/22 21:06:28 INFO DAGScheduler: Got job 1 (parquet at NativeMethodAccessorImpl.java:0) with 10 output partitions
[2025-05-22T21:06:28.256+0530] {subprocess.py:93} INFO - 25/05/22 21:06:28 INFO DAGScheduler: Final stage: ResultStage 1 (parquet at NativeMethodAccessorImpl.java:0)
[2025-05-22T21:06:28.257+0530] {subprocess.py:93} INFO - 25/05/22 21:06:28 INFO DAGScheduler: Parents of final stage: List()
[2025-05-22T21:06:28.258+0530] {subprocess.py:93} INFO - 25/05/22 21:06:28 INFO DAGScheduler: Missing parents: List()
[2025-05-22T21:06:28.259+0530] {subprocess.py:93} INFO - 25/05/22 21:06:28 INFO DAGScheduler: Submitting ResultStage 1 (MapPartitionsRDD[5] at parquet at NativeMethodAccessorImpl.java:0), which has no missing parents
[2025-05-22T21:06:28.310+0530] {subprocess.py:93} INFO - 25/05/22 21:06:28 INFO MemoryStore: Block broadcast_2 stored as values in memory (estimated size 230.5 KiB, free 433.9 MiB)
[2025-05-22T21:06:28.319+0530] {subprocess.py:93} INFO - 25/05/22 21:06:28 INFO MemoryStore: Block broadcast_2_piece0 stored as bytes in memory (estimated size 81.1 KiB, free 433.9 MiB)
[2025-05-22T21:06:28.321+0530] {subprocess.py:93} INFO - 25/05/22 21:06:28 INFO BlockManagerInfo: Added broadcast_2_piece0 in memory on 10.255.255.254:33567 (size: 81.1 KiB, free: 434.3 MiB)
[2025-05-22T21:06:28.321+0530] {subprocess.py:93} INFO - 25/05/22 21:06:28 INFO SparkContext: Created broadcast 2 from broadcast at DAGScheduler.scala:1585
[2025-05-22T21:06:28.323+0530] {subprocess.py:93} INFO - 25/05/22 21:06:28 INFO DAGScheduler: Submitting 10 missing tasks from ResultStage 1 (MapPartitionsRDD[5] at parquet at NativeMethodAccessorImpl.java:0) (first 15 tasks are for partitions Vector(0, 1, 2, 3, 4, 5, 6, 7, 8, 9))
[2025-05-22T21:06:28.323+0530] {subprocess.py:93} INFO - 25/05/22 21:06:28 INFO TaskSchedulerImpl: Adding task set 1.0 with 10 tasks resource profile 0
[2025-05-22T21:06:28.329+0530] {subprocess.py:93} INFO - 25/05/22 21:06:28 INFO TaskSetManager: Starting task 0.0 in stage 1.0 (TID 1) (10.255.255.254, executor driver, partition 0, PROCESS_LOCAL, 10028 bytes)
[2025-05-22T21:06:28.330+0530] {subprocess.py:93} INFO - 25/05/22 21:06:28 INFO TaskSetManager: Starting task 1.0 in stage 1.0 (TID 2) (10.255.255.254, executor driver, partition 1, PROCESS_LOCAL, 10028 bytes)
[2025-05-22T21:06:28.331+0530] {subprocess.py:93} INFO - 25/05/22 21:06:28 INFO TaskSetManager: Starting task 2.0 in stage 1.0 (TID 3) (10.255.255.254, executor driver, partition 2, PROCESS_LOCAL, 10028 bytes)
[2025-05-22T21:06:28.331+0530] {subprocess.py:93} INFO - 25/05/22 21:06:28 INFO TaskSetManager: Starting task 3.0 in stage 1.0 (TID 4) (10.255.255.254, executor driver, partition 3, PROCESS_LOCAL, 10028 bytes)
[2025-05-22T21:06:28.332+0530] {subprocess.py:93} INFO - 25/05/22 21:06:28 INFO TaskSetManager: Starting task 4.0 in stage 1.0 (TID 5) (10.255.255.254, executor driver, partition 4, PROCESS_LOCAL, 10028 bytes)
[2025-05-22T21:06:28.332+0530] {subprocess.py:93} INFO - 25/05/22 21:06:28 INFO TaskSetManager: Starting task 5.0 in stage 1.0 (TID 6) (10.255.255.254, executor driver, partition 5, PROCESS_LOCAL, 10028 bytes)
[2025-05-22T21:06:28.333+0530] {subprocess.py:93} INFO - 25/05/22 21:06:28 INFO TaskSetManager: Starting task 6.0 in stage 1.0 (TID 7) (10.255.255.254, executor driver, partition 6, PROCESS_LOCAL, 10028 bytes)
[2025-05-22T21:06:28.333+0530] {subprocess.py:93} INFO - 25/05/22 21:06:28 INFO TaskSetManager: Starting task 7.0 in stage 1.0 (TID 8) (10.255.255.254, executor driver, partition 7, PROCESS_LOCAL, 10028 bytes)
[2025-05-22T21:06:28.340+0530] {subprocess.py:93} INFO - 25/05/22 21:06:28 INFO TaskSetManager: Starting task 8.0 in stage 1.0 (TID 9) (10.255.255.254, executor driver, partition 8, PROCESS_LOCAL, 10028 bytes)
[2025-05-22T21:06:28.341+0530] {subprocess.py:93} INFO - 25/05/22 21:06:28 INFO TaskSetManager: Starting task 9.0 in stage 1.0 (TID 10) (10.255.255.254, executor driver, partition 9, PROCESS_LOCAL, 10028 bytes)
[2025-05-22T21:06:28.342+0530] {subprocess.py:93} INFO - 25/05/22 21:06:28 INFO Executor: Running task 0.0 in stage 1.0 (TID 1)
[2025-05-22T21:06:28.343+0530] {subprocess.py:93} INFO - 25/05/22 21:06:28 INFO Executor: Running task 1.0 in stage 1.0 (TID 2)
[2025-05-22T21:06:28.344+0530] {subprocess.py:93} INFO - 25/05/22 21:06:28 INFO Executor: Running task 2.0 in stage 1.0 (TID 3)
[2025-05-22T21:06:28.348+0530] {subprocess.py:93} INFO - 25/05/22 21:06:28 INFO Executor: Running task 3.0 in stage 1.0 (TID 4)
[2025-05-22T21:06:28.349+0530] {subprocess.py:93} INFO - 25/05/22 21:06:28 INFO Executor: Running task 7.0 in stage 1.0 (TID 8)
[2025-05-22T21:06:28.349+0530] {subprocess.py:93} INFO - 25/05/22 21:06:28 INFO Executor: Running task 6.0 in stage 1.0 (TID 7)
[2025-05-22T21:06:28.349+0530] {subprocess.py:93} INFO - 25/05/22 21:06:28 INFO Executor: Running task 5.0 in stage 1.0 (TID 6)
[2025-05-22T21:06:28.350+0530] {subprocess.py:93} INFO - 25/05/22 21:06:28 INFO Executor: Running task 8.0 in stage 1.0 (TID 9)
[2025-05-22T21:06:28.352+0530] {subprocess.py:93} INFO - 25/05/22 21:06:28 INFO Executor: Running task 9.0 in stage 1.0 (TID 10)
[2025-05-22T21:06:28.355+0530] {subprocess.py:93} INFO - 25/05/22 21:06:28 INFO Executor: Running task 4.0 in stage 1.0 (TID 5)
[2025-05-22T21:06:28.554+0530] {subprocess.py:93} INFO - 25/05/22 21:06:28 INFO CodeGenerator: Code generated in 46.322813 ms
[2025-05-22T21:06:28.567+0530] {subprocess.py:93} INFO - 25/05/22 21:06:28 INFO FileOutputCommitter: File Output Committer Algorithm version is 1
[2025-05-22T21:06:28.567+0530] {subprocess.py:93} INFO - 25/05/22 21:06:28 INFO FileOutputCommitter: FileOutputCommitter skip cleanup _temporary folders under output directory:false, ignore cleanup failures: false
[2025-05-22T21:06:28.568+0530] {subprocess.py:93} INFO - 25/05/22 21:06:28 INFO SQLHadoopMapReduceCommitProtocol: Using user defined output committer class org.apache.parquet.hadoop.ParquetOutputCommitter
[2025-05-22T21:06:28.568+0530] {subprocess.py:93} INFO - 25/05/22 21:06:28 INFO FileOutputCommitter: File Output Committer Algorithm version is 1
[2025-05-22T21:06:28.568+0530] {subprocess.py:93} INFO - 25/05/22 21:06:28 INFO FileOutputCommitter: FileOutputCommitter skip cleanup _temporary folders under output directory:false, ignore cleanup failures: false
[2025-05-22T21:06:28.569+0530] {subprocess.py:93} INFO - 25/05/22 21:06:28 INFO FileOutputCommitter: File Output Committer Algorithm version is 1
[2025-05-22T21:06:28.569+0530] {subprocess.py:93} INFO - 25/05/22 21:06:28 INFO FileOutputCommitter: FileOutputCommitter skip cleanup _temporary folders under output directory:false, ignore cleanup failures: false
[2025-05-22T21:06:28.569+0530] {subprocess.py:93} INFO - 25/05/22 21:06:28 INFO FileOutputCommitter: File Output Committer Algorithm version is 1
[2025-05-22T21:06:28.569+0530] {subprocess.py:93} INFO - 25/05/22 21:06:28 INFO FileOutputCommitter: FileOutputCommitter skip cleanup _temporary folders under output directory:false, ignore cleanup failures: false
[2025-05-22T21:06:28.570+0530] {subprocess.py:93} INFO - 25/05/22 21:06:28 INFO FileOutputCommitter: File Output Committer Algorithm version is 1
[2025-05-22T21:06:28.570+0530] {subprocess.py:93} INFO - 25/05/22 21:06:28 INFO FileOutputCommitter: FileOutputCommitter skip cleanup _temporary folders under output directory:false, ignore cleanup failures: false
[2025-05-22T21:06:28.570+0530] {subprocess.py:93} INFO - 25/05/22 21:06:28 INFO SQLHadoopMapReduceCommitProtocol: Using output committer class org.apache.parquet.hadoop.ParquetOutputCommitter
[2025-05-22T21:06:28.570+0530] {subprocess.py:93} INFO - 25/05/22 21:06:28 INFO SQLHadoopMapReduceCommitProtocol: Using user defined output committer class org.apache.parquet.hadoop.ParquetOutputCommitter
[2025-05-22T21:06:28.570+0530] {subprocess.py:93} INFO - 25/05/22 21:06:28 INFO SQLHadoopMapReduceCommitProtocol: Using user defined output committer class org.apache.parquet.hadoop.ParquetOutputCommitter
[2025-05-22T21:06:28.571+0530] {subprocess.py:93} INFO - 25/05/22 21:06:28 INFO FileOutputCommitter: File Output Committer Algorithm version is 1
[2025-05-22T21:06:28.571+0530] {subprocess.py:93} INFO - 25/05/22 21:06:28 INFO FileOutputCommitter: File Output Committer Algorithm version is 1
[2025-05-22T21:06:28.571+0530] {subprocess.py:93} INFO - 25/05/22 21:06:28 INFO FileOutputCommitter: FileOutputCommitter skip cleanup _temporary folders under output directory:false, ignore cleanup failures: false
[2025-05-22T21:06:28.571+0530] {subprocess.py:93} INFO - 25/05/22 21:06:28 INFO FileOutputCommitter: FileOutputCommitter skip cleanup _temporary folders under output directory:false, ignore cleanup failures: false
[2025-05-22T21:06:28.571+0530] {subprocess.py:93} INFO - 25/05/22 21:06:28 INFO SQLHadoopMapReduceCommitProtocol: Using output committer class org.apache.parquet.hadoop.ParquetOutputCommitter
[2025-05-22T21:06:28.571+0530] {subprocess.py:93} INFO - 25/05/22 21:06:28 INFO SQLHadoopMapReduceCommitProtocol: Using output committer class org.apache.parquet.hadoop.ParquetOutputCommitter
[2025-05-22T21:06:28.571+0530] {subprocess.py:93} INFO - 25/05/22 21:06:28 INFO FileScanRDD: Reading File path: abfss://nyc-taxi-data@tietoevryproject1.dfs.core.windows.net/part.0.parquet, range: 29360128-33554432, partition values: [empty row]
[2025-05-22T21:06:28.572+0530] {subprocess.py:93} INFO - 25/05/22 21:06:28 INFO FileScanRDD: Reading File path: abfss://nyc-taxi-data@tietoevryproject1.dfs.core.windows.net/part.0.parquet, range: 37748736-38266309, partition values: [empty row]
[2025-05-22T21:06:28.572+0530] {subprocess.py:93} INFO - 25/05/22 21:06:28 INFO FileScanRDD: Reading File path: abfss://nyc-taxi-data@tietoevryproject1.dfs.core.windows.net/part.0.parquet, range: 12582912-16777216, partition values: [empty row]
[2025-05-22T21:06:28.572+0530] {subprocess.py:93} INFO - 25/05/22 21:06:28 INFO FileOutputCommitter: File Output Committer Algorithm version is 1
[2025-05-22T21:06:28.572+0530] {subprocess.py:93} INFO - 25/05/22 21:06:28 INFO FileOutputCommitter: File Output Committer Algorithm version is 1
[2025-05-22T21:06:28.573+0530] {subprocess.py:93} INFO - 25/05/22 21:06:28 INFO FileOutputCommitter: File Output Committer Algorithm version is 1
[2025-05-22T21:06:28.573+0530] {subprocess.py:93} INFO - 25/05/22 21:06:28 INFO FileOutputCommitter: File Output Committer Algorithm version is 1
[2025-05-22T21:06:28.573+0530] {subprocess.py:93} INFO - 25/05/22 21:06:28 INFO FileOutputCommitter: File Output Committer Algorithm version is 1
[2025-05-22T21:06:28.573+0530] {subprocess.py:93} INFO - 25/05/22 21:06:28 INFO FileOutputCommitter: FileOutputCommitter skip cleanup _temporary folders under output directory:false, ignore cleanup failures: false
[2025-05-22T21:06:28.573+0530] {subprocess.py:93} INFO - 25/05/22 21:06:28 INFO FileOutputCommitter: FileOutputCommitter skip cleanup _temporary folders under output directory:false, ignore cleanup failures: false
[2025-05-22T21:06:28.573+0530] {subprocess.py:93} INFO - 25/05/22 21:06:28 INFO FileOutputCommitter: FileOutputCommitter skip cleanup _temporary folders under output directory:false, ignore cleanup failures: false
[2025-05-22T21:06:28.573+0530] {subprocess.py:93} INFO - 25/05/22 21:06:28 INFO FileOutputCommitter: FileOutputCommitter skip cleanup _temporary folders under output directory:false, ignore cleanup failures: false
[2025-05-22T21:06:28.573+0530] {subprocess.py:93} INFO - 25/05/22 21:06:28 INFO SQLHadoopMapReduceCommitProtocol: Using user defined output committer class org.apache.parquet.hadoop.ParquetOutputCommitter
[2025-05-22T21:06:28.573+0530] {subprocess.py:93} INFO - 25/05/22 21:06:28 INFO FileOutputCommitter: File Output Committer Algorithm version is 1
[2025-05-22T21:06:28.573+0530] {subprocess.py:93} INFO - 25/05/22 21:06:28 INFO SQLHadoopMapReduceCommitProtocol: Using user defined output committer class org.apache.parquet.hadoop.ParquetOutputCommitter
[2025-05-22T21:06:28.574+0530] {subprocess.py:93} INFO - 25/05/22 21:06:28 INFO SQLHadoopMapReduceCommitProtocol: Using user defined output committer class org.apache.parquet.hadoop.ParquetOutputCommitter
[2025-05-22T21:06:28.574+0530] {subprocess.py:93} INFO - 25/05/22 21:06:28 INFO FileOutputCommitter: FileOutputCommitter skip cleanup _temporary folders under output directory:false, ignore cleanup failures: false
[2025-05-22T21:06:28.574+0530] {subprocess.py:93} INFO - 25/05/22 21:06:28 INFO FileOutputCommitter: FileOutputCommitter skip cleanup _temporary folders under output directory:false, ignore cleanup failures: false
[2025-05-22T21:06:28.574+0530] {subprocess.py:93} INFO - 25/05/22 21:06:28 INFO FileOutputCommitter: File Output Committer Algorithm version is 1
[2025-05-22T21:06:28.574+0530] {subprocess.py:93} INFO - 25/05/22 21:06:28 INFO FileOutputCommitter: File Output Committer Algorithm version is 1
[2025-05-22T21:06:28.574+0530] {subprocess.py:93} INFO - 25/05/22 21:06:28 INFO SQLHadoopMapReduceCommitProtocol: Using user defined output committer class org.apache.parquet.hadoop.ParquetOutputCommitter
[2025-05-22T21:06:28.574+0530] {subprocess.py:93} INFO - 25/05/22 21:06:28 INFO FileOutputCommitter: FileOutputCommitter skip cleanup _temporary folders under output directory:false, ignore cleanup failures: false
[2025-05-22T21:06:28.574+0530] {subprocess.py:93} INFO - 25/05/22 21:06:28 INFO FileOutputCommitter: FileOutputCommitter skip cleanup _temporary folders under output directory:false, ignore cleanup failures: false
[2025-05-22T21:06:28.574+0530] {subprocess.py:93} INFO - 25/05/22 21:06:28 INFO FileOutputCommitter: File Output Committer Algorithm version is 1
[2025-05-22T21:06:28.575+0530] {subprocess.py:93} INFO - 25/05/22 21:06:28 INFO FileOutputCommitter: FileOutputCommitter skip cleanup _temporary folders under output directory:false, ignore cleanup failures: false
[2025-05-22T21:06:28.575+0530] {subprocess.py:93} INFO - 25/05/22 21:06:28 INFO SQLHadoopMapReduceCommitProtocol: Using user defined output committer class org.apache.parquet.hadoop.ParquetOutputCommitter
[2025-05-22T21:06:28.575+0530] {subprocess.py:93} INFO - 25/05/22 21:06:28 INFO FileOutputCommitter: File Output Committer Algorithm version is 1
[2025-05-22T21:06:28.575+0530] {subprocess.py:93} INFO - 25/05/22 21:06:28 INFO SQLHadoopMapReduceCommitProtocol: Using output committer class org.apache.parquet.hadoop.ParquetOutputCommitter
[2025-05-22T21:06:28.575+0530] {subprocess.py:93} INFO - 25/05/22 21:06:28 INFO FileOutputCommitter: FileOutputCommitter skip cleanup _temporary folders under output directory:false, ignore cleanup failures: false
[2025-05-22T21:06:28.575+0530] {subprocess.py:93} INFO - 25/05/22 21:06:28 INFO FileScanRDD: Reading File path: abfss://nyc-taxi-data@tietoevryproject1.dfs.core.windows.net/part.0.parquet, range: 25165824-29360128, partition values: [empty row]
[2025-05-22T21:06:28.575+0530] {subprocess.py:93} INFO - 25/05/22 21:06:28 INFO SQLHadoopMapReduceCommitProtocol: Using output committer class org.apache.parquet.hadoop.ParquetOutputCommitter
[2025-05-22T21:06:28.575+0530] {subprocess.py:93} INFO - 25/05/22 21:06:28 INFO SQLHadoopMapReduceCommitProtocol: Using output committer class org.apache.parquet.hadoop.ParquetOutputCommitter
[2025-05-22T21:06:28.576+0530] {subprocess.py:93} INFO - 25/05/22 21:06:28 INFO FileScanRDD: Reading File path: abfss://nyc-taxi-data@tietoevryproject1.dfs.core.windows.net/part.0.parquet, range: 4194304-8388608, partition values: [empty row]
[2025-05-22T21:06:28.576+0530] {subprocess.py:93} INFO - 25/05/22 21:06:28 INFO SQLHadoopMapReduceCommitProtocol: Using output committer class org.apache.parquet.hadoop.ParquetOutputCommitter
[2025-05-22T21:06:28.576+0530] {subprocess.py:93} INFO - 25/05/22 21:06:28 INFO SQLHadoopMapReduceCommitProtocol: Using user defined output committer class org.apache.parquet.hadoop.ParquetOutputCommitter
[2025-05-22T21:06:28.576+0530] {subprocess.py:93} INFO - 25/05/22 21:06:28 INFO FileOutputCommitter: File Output Committer Algorithm version is 1
[2025-05-22T21:06:28.576+0530] {subprocess.py:93} INFO - 25/05/22 21:06:28 INFO FileOutputCommitter: FileOutputCommitter skip cleanup _temporary folders under output directory:false, ignore cleanup failures: false
[2025-05-22T21:06:28.576+0530] {subprocess.py:93} INFO - 25/05/22 21:06:28 INFO SQLHadoopMapReduceCommitProtocol: Using output committer class org.apache.parquet.hadoop.ParquetOutputCommitter
[2025-05-22T21:06:28.576+0530] {subprocess.py:93} INFO - 25/05/22 21:06:28 INFO SQLHadoopMapReduceCommitProtocol: Using user defined output committer class org.apache.parquet.hadoop.ParquetOutputCommitter
[2025-05-22T21:06:28.576+0530] {subprocess.py:93} INFO - 25/05/22 21:06:28 INFO FileOutputCommitter: File Output Committer Algorithm version is 1
[2025-05-22T21:06:28.576+0530] {subprocess.py:93} INFO - 25/05/22 21:06:28 INFO FileScanRDD: Reading File path: abfss://nyc-taxi-data@tietoevryproject1.dfs.core.windows.net/part.0.parquet, range: 16777216-20971520, partition values: [empty row]
[2025-05-22T21:06:28.576+0530] {subprocess.py:93} INFO - 25/05/22 21:06:28 INFO FileOutputCommitter: FileOutputCommitter skip cleanup _temporary folders under output directory:false, ignore cleanup failures: false
[2025-05-22T21:06:28.576+0530] {subprocess.py:93} INFO - 25/05/22 21:06:28 INFO SQLHadoopMapReduceCommitProtocol: Using output committer class org.apache.parquet.hadoop.ParquetOutputCommitter
[2025-05-22T21:06:28.577+0530] {subprocess.py:93} INFO - 25/05/22 21:06:28 INFO FileOutputCommitter: File Output Committer Algorithm version is 1
[2025-05-22T21:06:28.577+0530] {subprocess.py:93} INFO - 25/05/22 21:06:28 INFO FileScanRDD: Reading File path: abfss://nyc-taxi-data@tietoevryproject1.dfs.core.windows.net/part.0.parquet, range: 20971520-25165824, partition values: [empty row]
[2025-05-22T21:06:28.577+0530] {subprocess.py:93} INFO - 25/05/22 21:06:28 INFO FileOutputCommitter: FileOutputCommitter skip cleanup _temporary folders under output directory:false, ignore cleanup failures: false
[2025-05-22T21:06:28.577+0530] {subprocess.py:93} INFO - 25/05/22 21:06:28 INFO SQLHadoopMapReduceCommitProtocol: Using output committer class org.apache.parquet.hadoop.ParquetOutputCommitter
[2025-05-22T21:06:28.577+0530] {subprocess.py:93} INFO - 25/05/22 21:06:28 INFO FileScanRDD: Reading File path: abfss://nyc-taxi-data@tietoevryproject1.dfs.core.windows.net/part.0.parquet, range: 8388608-12582912, partition values: [empty row]
[2025-05-22T21:06:28.577+0530] {subprocess.py:93} INFO - 25/05/22 21:06:28 INFO FileScanRDD: Reading File path: abfss://nyc-taxi-data@tietoevryproject1.dfs.core.windows.net/part.0.parquet, range: 33554432-37748736, partition values: [empty row]
[2025-05-22T21:06:28.578+0530] {subprocess.py:93} INFO - 25/05/22 21:06:28 INFO CodecConfig: Compression: SNAPPY
[2025-05-22T21:06:28.580+0530] {subprocess.py:93} INFO - 25/05/22 21:06:28 INFO CodecConfig: Compression: SNAPPY
[2025-05-22T21:06:28.606+0530] {subprocess.py:93} INFO - 25/05/22 21:06:28 INFO ParquetOutputFormat: ParquetRecordWriter [block size: 134217728b, row group padding size: 8388608b, validating: false]
[2025-05-22T21:06:28.633+0530] {subprocess.py:93} INFO - 25/05/22 21:06:28 INFO ParquetWriteSupport: Initialized Parquet WriteSupport with Catalyst schema:
[2025-05-22T21:06:28.633+0530] {subprocess.py:93} INFO - {
[2025-05-22T21:06:28.634+0530] {subprocess.py:93} INFO -   "type" : "struct",
[2025-05-22T21:06:28.634+0530] {subprocess.py:93} INFO -   "fields" : [ {
[2025-05-22T21:06:28.634+0530] {subprocess.py:93} INFO -     "name" : "VendorID",
[2025-05-22T21:06:28.634+0530] {subprocess.py:93} INFO -     "type" : "short",
[2025-05-22T21:06:28.635+0530] {subprocess.py:93} INFO -     "nullable" : true,
[2025-05-22T21:06:28.635+0530] {subprocess.py:93} INFO -     "metadata" : { }
[2025-05-22T21:06:28.635+0530] {subprocess.py:93} INFO -   }, {
[2025-05-22T21:06:28.635+0530] {subprocess.py:93} INFO -     "name" : "tpep_pickup_datetime",
[2025-05-22T21:06:28.635+0530] {subprocess.py:93} INFO -     "type" : "timestamp_ntz",
[2025-05-22T21:06:28.635+0530] {subprocess.py:93} INFO -     "nullable" : true,
[2025-05-22T21:06:28.635+0530] {subprocess.py:93} INFO -     "metadata" : { }
[2025-05-22T21:06:28.635+0530] {subprocess.py:93} INFO -   }, {
[2025-05-22T21:06:28.635+0530] {subprocess.py:93} INFO -     "name" : "tpep_dropoff_datetime",
[2025-05-22T21:06:28.635+0530] {subprocess.py:93} INFO -     "type" : "timestamp_ntz",
[2025-05-22T21:06:28.636+0530] {subprocess.py:93} INFO -     "nullable" : true,
[2025-05-22T21:06:28.636+0530] {subprocess.py:93} INFO -     "metadata" : { }
[2025-05-22T21:06:28.636+0530] {subprocess.py:93} INFO -   }, {
[2025-05-22T21:06:28.636+0530] {subprocess.py:93} INFO -     "name" : "passenger_count",
[2025-05-22T21:06:28.636+0530] {subprocess.py:93} INFO -     "type" : "short",
[2025-05-22T21:06:28.636+0530] {subprocess.py:93} INFO -     "nullable" : true,
[2025-05-22T21:06:28.636+0530] {subprocess.py:93} INFO -     "metadata" : { }
[2025-05-22T21:06:28.636+0530] {subprocess.py:93} INFO -   }, {
[2025-05-22T21:06:28.636+0530] {subprocess.py:93} INFO -     "name" : "trip_distance",
[2025-05-22T21:06:28.636+0530] {subprocess.py:93} INFO -     "type" : "double",
[2025-05-22T21:06:28.637+0530] {subprocess.py:93} INFO -     "nullable" : true,
[2025-05-22T21:06:28.637+0530] {subprocess.py:93} INFO -     "metadata" : { }
[2025-05-22T21:06:28.637+0530] {subprocess.py:93} INFO -   }, {
[2025-05-22T21:06:28.637+0530] {subprocess.py:93} INFO -     "name" : "RatecodeID",
[2025-05-22T21:06:28.637+0530] {subprocess.py:93} INFO -     "type" : "short",
[2025-05-22T21:06:28.637+0530] {subprocess.py:93} INFO -     "nullable" : true,
[2025-05-22T21:06:28.637+0530] {subprocess.py:93} INFO -     "metadata" : { }
[2025-05-22T21:06:28.637+0530] {subprocess.py:93} INFO -   }, {
[2025-05-22T21:06:28.637+0530] {subprocess.py:93} INFO -     "name" : "store_and_fwd_flag",
[2025-05-22T21:06:28.637+0530] {subprocess.py:93} INFO -     "type" : "string",
[2025-05-22T21:06:28.638+0530] {subprocess.py:93} INFO -     "nullable" : true,
[2025-05-22T21:06:28.638+0530] {subprocess.py:93} INFO -     "metadata" : { }
[2025-05-22T21:06:28.638+0530] {subprocess.py:93} INFO -   }, {
[2025-05-22T21:06:28.638+0530] {subprocess.py:93} INFO -     "name" : "PULocationID",
[2025-05-22T21:06:28.638+0530] {subprocess.py:93} INFO -     "type" : "integer",
[2025-05-22T21:06:28.639+0530] {subprocess.py:93} INFO -     "nullable" : true,
[2025-05-22T21:06:28.639+0530] {subprocess.py:93} INFO -     "metadata" : { }
[2025-05-22T21:06:28.639+0530] {subprocess.py:93} INFO -   }, {
[2025-05-22T21:06:28.639+0530] {subprocess.py:93} INFO -     "name" : "DOLocationID",
[2025-05-22T21:06:28.639+0530] {subprocess.py:93} INFO -     "type" : "integer",
[2025-05-22T21:06:28.639+0530] {subprocess.py:93} INFO -     "nullable" : true,
[2025-05-22T21:06:28.639+0530] {subprocess.py:93} INFO -     "metadata" : { }
[2025-05-22T21:06:28.639+0530] {subprocess.py:93} INFO -   }, {
[2025-05-22T21:06:28.640+0530] {subprocess.py:93} INFO -     "name" : "payment_type",
[2025-05-22T21:06:28.640+0530] {subprocess.py:93} INFO -     "type" : "short",
[2025-05-22T21:06:28.640+0530] {subprocess.py:93} INFO -     "nullable" : true,
[2025-05-22T21:06:28.640+0530] {subprocess.py:93} INFO -     "metadata" : { }
[2025-05-22T21:06:28.640+0530] {subprocess.py:93} INFO -   }, {
[2025-05-22T21:06:28.640+0530] {subprocess.py:93} INFO -     "name" : "fare_amount",
[2025-05-22T21:06:28.640+0530] {subprocess.py:93} INFO -     "type" : "double",
[2025-05-22T21:06:28.640+0530] {subprocess.py:93} INFO -     "nullable" : true,
[2025-05-22T21:06:28.641+0530] {subprocess.py:93} INFO -     "metadata" : { }
[2025-05-22T21:06:28.641+0530] {subprocess.py:93} INFO -   }, {
[2025-05-22T21:06:28.641+0530] {subprocess.py:93} INFO -     "name" : "extra",
[2025-05-22T21:06:28.641+0530] {subprocess.py:93} INFO -     "type" : "double",
[2025-05-22T21:06:28.641+0530] {subprocess.py:93} INFO -     "nullable" : true,
[2025-05-22T21:06:28.641+0530] {subprocess.py:93} INFO -     "metadata" : { }
[2025-05-22T21:06:28.641+0530] {subprocess.py:93} INFO -   }, {
[2025-05-22T21:06:28.641+0530] {subprocess.py:93} INFO -     "name" : "mta_tax",
[2025-05-22T21:06:28.641+0530] {subprocess.py:93} INFO -     "type" : "double",
[2025-05-22T21:06:28.642+0530] {subprocess.py:93} INFO -     "nullable" : true,
[2025-05-22T21:06:28.642+0530] {subprocess.py:93} INFO -     "metadata" : { }
[2025-05-22T21:06:28.642+0530] {subprocess.py:93} INFO -   }, {
[2025-05-22T21:06:28.642+0530] {subprocess.py:93} INFO -     "name" : "tip_amount",
[2025-05-22T21:06:28.642+0530] {subprocess.py:93} INFO -     "type" : "double",
[2025-05-22T21:06:28.642+0530] {subprocess.py:93} INFO -     "nullable" : true,
[2025-05-22T21:06:28.642+0530] {subprocess.py:93} INFO -     "metadata" : { }
[2025-05-22T21:06:28.643+0530] {subprocess.py:93} INFO -   }, {
[2025-05-22T21:06:28.643+0530] {subprocess.py:93} INFO -     "name" : "tolls_amount",
[2025-05-22T21:06:28.643+0530] {subprocess.py:93} INFO -     "type" : "double",
[2025-05-22T21:06:28.643+0530] {subprocess.py:93} INFO -     "nullable" : true,
[2025-05-22T21:06:28.643+0530] {subprocess.py:93} INFO -     "metadata" : { }
[2025-05-22T21:06:28.643+0530] {subprocess.py:93} INFO -   }, {
[2025-05-22T21:06:28.643+0530] {subprocess.py:93} INFO -     "name" : "improvement_surcharge",
[2025-05-22T21:06:28.643+0530] {subprocess.py:93} INFO -     "type" : "double",
[2025-05-22T21:06:28.643+0530] {subprocess.py:93} INFO -     "nullable" : true,
[2025-05-22T21:06:28.644+0530] {subprocess.py:93} INFO -     "metadata" : { }
[2025-05-22T21:06:28.644+0530] {subprocess.py:93} INFO -   }, {
[2025-05-22T21:06:28.644+0530] {subprocess.py:93} INFO -     "name" : "total_amount",
[2025-05-22T21:06:28.644+0530] {subprocess.py:93} INFO -     "type" : "double",
[2025-05-22T21:06:28.644+0530] {subprocess.py:93} INFO -     "nullable" : true,
[2025-05-22T21:06:28.644+0530] {subprocess.py:93} INFO -     "metadata" : { }
[2025-05-22T21:06:28.644+0530] {subprocess.py:93} INFO -   }, {
[2025-05-22T21:06:28.645+0530] {subprocess.py:93} INFO -     "name" : "congestion_surcharge",
[2025-05-22T21:06:28.645+0530] {subprocess.py:93} INFO -     "type" : "double",
[2025-05-22T21:06:28.645+0530] {subprocess.py:93} INFO -     "nullable" : true,
[2025-05-22T21:06:28.645+0530] {subprocess.py:93} INFO -     "metadata" : { }
[2025-05-22T21:06:28.645+0530] {subprocess.py:93} INFO -   }, {
[2025-05-22T21:06:28.645+0530] {subprocess.py:93} INFO -     "name" : "__null_dask_index__",
[2025-05-22T21:06:28.646+0530] {subprocess.py:93} INFO -     "type" : "long",
[2025-05-22T21:06:28.646+0530] {subprocess.py:93} INFO -     "nullable" : true,
[2025-05-22T21:06:28.646+0530] {subprocess.py:93} INFO -     "metadata" : { }
[2025-05-22T21:06:28.646+0530] {subprocess.py:93} INFO -   } ]
[2025-05-22T21:06:28.646+0530] {subprocess.py:93} INFO - }
[2025-05-22T21:06:28.646+0530] {subprocess.py:93} INFO - and corresponding Parquet message type:
[2025-05-22T21:06:28.646+0530] {subprocess.py:93} INFO - message spark_schema {
[2025-05-22T21:06:28.647+0530] {subprocess.py:93} INFO -   optional int32 VendorID (INTEGER(16,true));
[2025-05-22T21:06:28.647+0530] {subprocess.py:93} INFO -   optional int64 tpep_pickup_datetime (TIMESTAMP(MICROS,false));
[2025-05-22T21:06:28.647+0530] {subprocess.py:93} INFO -   optional int64 tpep_dropoff_datetime (TIMESTAMP(MICROS,false));
[2025-05-22T21:06:28.647+0530] {subprocess.py:93} INFO -   optional int32 passenger_count (INTEGER(16,true));
[2025-05-22T21:06:28.647+0530] {subprocess.py:93} INFO -   optional double trip_distance;
[2025-05-22T21:06:28.647+0530] {subprocess.py:93} INFO -   optional int32 RatecodeID (INTEGER(16,true));
[2025-05-22T21:06:28.647+0530] {subprocess.py:93} INFO -   optional binary store_and_fwd_flag (STRING);
[2025-05-22T21:06:28.648+0530] {subprocess.py:93} INFO -   optional int32 PULocationID;
[2025-05-22T21:06:28.648+0530] {subprocess.py:93} INFO -   optional int32 DOLocationID;
[2025-05-22T21:06:28.648+0530] {subprocess.py:93} INFO -   optional int32 payment_type (INTEGER(16,true));
[2025-05-22T21:06:28.648+0530] {subprocess.py:93} INFO -   optional double fare_amount;
[2025-05-22T21:06:28.648+0530] {subprocess.py:93} INFO -   optional double extra;
[2025-05-22T21:06:28.648+0530] {subprocess.py:93} INFO -   optional double mta_tax;
[2025-05-22T21:06:28.648+0530] {subprocess.py:93} INFO -   optional double tip_amount;
[2025-05-22T21:06:28.649+0530] {subprocess.py:93} INFO -   optional double tolls_amount;
[2025-05-22T21:06:28.649+0530] {subprocess.py:93} INFO -   optional double improvement_surcharge;
[2025-05-22T21:06:28.649+0530] {subprocess.py:93} INFO -   optional double total_amount;
[2025-05-22T21:06:28.649+0530] {subprocess.py:93} INFO -   optional double congestion_surcharge;
[2025-05-22T21:06:28.649+0530] {subprocess.py:93} INFO -   optional int64 __null_dask_index__;
[2025-05-22T21:06:28.649+0530] {subprocess.py:93} INFO - }
[2025-05-22T21:06:28.649+0530] {subprocess.py:93} INFO - 
[2025-05-22T21:06:28.649+0530] {subprocess.py:93} INFO - 
[2025-05-22T21:06:28.676+0530] {subprocess.py:93} INFO - 25/05/22 21:06:28 INFO CodecPool: Got brand-new compressor [.snappy]
[2025-05-22T21:06:28.969+0530] {subprocess.py:93} INFO - 25/05/22 21:06:28 INFO FileScanRDD: Reading File path: abfss://nyc-taxi-data@tietoevryproject1.dfs.core.windows.net/part.0.parquet, range: 0-4194304, partition values: [empty row]
[2025-05-22T21:06:30.081+0530] {subprocess.py:93} INFO - 25/05/22 21:06:30 INFO SparkHadoopMapRedUtil: No need to commit output of task because needsTaskCommit=false: attempt_202505222106284226996128182971121_0001_m_000006_7
[2025-05-22T21:06:30.096+0530] {subprocess.py:93} INFO - 25/05/22 21:06:30 INFO Executor: Finished task 6.0 in stage 1.0 (TID 7). 2692 bytes result sent to driver
[2025-05-22T21:06:30.098+0530] {subprocess.py:93} INFO - 25/05/22 21:06:30 INFO TaskSetManager: Finished task 6.0 in stage 1.0 (TID 7) in 1766 ms on 10.255.255.254 (executor driver) (1/10)
[2025-05-22T21:06:30.798+0530] {subprocess.py:93} INFO - 25/05/22 21:06:30 INFO SparkHadoopMapRedUtil: No need to commit output of task because needsTaskCommit=false: attempt_202505222106284226996128182971121_0001_m_000008_9
[2025-05-22T21:06:30.804+0530] {subprocess.py:93} INFO - 25/05/22 21:06:30 INFO Executor: Finished task 8.0 in stage 1.0 (TID 9). 2692 bytes result sent to driver
[2025-05-22T21:06:30.807+0530] {subprocess.py:93} INFO - 25/05/22 21:06:30 INFO TaskSetManager: Finished task 8.0 in stage 1.0 (TID 9) in 2473 ms on 10.255.255.254 (executor driver) (2/10)
[2025-05-22T21:06:30.814+0530] {subprocess.py:93} INFO - 25/05/22 21:06:30 INFO SparkHadoopMapRedUtil: No need to commit output of task because needsTaskCommit=false: attempt_202505222106284226996128182971121_0001_m_000001_2
[2025-05-22T21:06:30.817+0530] {subprocess.py:93} INFO - 25/05/22 21:06:30 INFO Executor: Finished task 1.0 in stage 1.0 (TID 2). 2649 bytes result sent to driver
[2025-05-22T21:06:30.819+0530] {subprocess.py:93} INFO - 25/05/22 21:06:30 INFO TaskSetManager: Finished task 1.0 in stage 1.0 (TID 2) in 2489 ms on 10.255.255.254 (executor driver) (3/10)
[2025-05-22T21:06:30.882+0530] {subprocess.py:93} INFO - 25/05/22 21:06:30 INFO SparkHadoopMapRedUtil: No need to commit output of task because needsTaskCommit=false: attempt_202505222106284226996128182971121_0001_m_000002_3
[2025-05-22T21:06:30.890+0530] {subprocess.py:93} INFO - 25/05/22 21:06:30 INFO Executor: Finished task 2.0 in stage 1.0 (TID 3). 2692 bytes result sent to driver
[2025-05-22T21:06:30.893+0530] {subprocess.py:93} INFO - 25/05/22 21:06:30 INFO TaskSetManager: Finished task 2.0 in stage 1.0 (TID 3) in 2562 ms on 10.255.255.254 (executor driver) (4/10)
[2025-05-22T21:06:30.906+0530] {subprocess.py:93} INFO - 25/05/22 21:06:30 INFO SparkHadoopMapRedUtil: No need to commit output of task because needsTaskCommit=false: attempt_202505222106284226996128182971121_0001_m_000007_8
[2025-05-22T21:06:30.913+0530] {subprocess.py:93} INFO - 25/05/22 21:06:30 INFO Executor: Finished task 7.0 in stage 1.0 (TID 8). 2692 bytes result sent to driver
[2025-05-22T21:06:30.915+0530] {subprocess.py:93} INFO - 25/05/22 21:06:30 INFO TaskSetManager: Finished task 7.0 in stage 1.0 (TID 8) in 2582 ms on 10.255.255.254 (executor driver) (5/10)
[2025-05-22T21:06:30.926+0530] {subprocess.py:93} INFO - 25/05/22 21:06:30 INFO SparkHadoopMapRedUtil: No need to commit output of task because needsTaskCommit=false: attempt_202505222106284226996128182971121_0001_m_000005_6
[2025-05-22T21:06:30.930+0530] {subprocess.py:93} INFO - 25/05/22 21:06:30 INFO SparkHadoopMapRedUtil: No need to commit output of task because needsTaskCommit=false: attempt_202505222106284226996128182971121_0001_m_000003_4
[2025-05-22T21:06:30.932+0530] {subprocess.py:93} INFO - 25/05/22 21:06:30 INFO Executor: Finished task 5.0 in stage 1.0 (TID 6). 2692 bytes result sent to driver
[2025-05-22T21:06:30.933+0530] {subprocess.py:93} INFO - 25/05/22 21:06:30 INFO Executor: Finished task 3.0 in stage 1.0 (TID 4). 2649 bytes result sent to driver
[2025-05-22T21:06:30.934+0530] {subprocess.py:93} INFO - 25/05/22 21:06:30 INFO TaskSetManager: Finished task 3.0 in stage 1.0 (TID 4) in 2603 ms on 10.255.255.254 (executor driver) (6/10)
[2025-05-22T21:06:30.934+0530] {subprocess.py:93} INFO - 25/05/22 21:06:30 INFO TaskSetManager: Finished task 5.0 in stage 1.0 (TID 6) in 2602 ms on 10.255.255.254 (executor driver) (7/10)
[2025-05-22T21:06:30.945+0530] {subprocess.py:93} INFO - 25/05/22 21:06:30 INFO SparkHadoopMapRedUtil: No need to commit output of task because needsTaskCommit=false: attempt_202505222106284226996128182971121_0001_m_000009_10
[2025-05-22T21:06:30.947+0530] {subprocess.py:93} INFO - 25/05/22 21:06:30 INFO Executor: Finished task 9.0 in stage 1.0 (TID 10). 2649 bytes result sent to driver
[2025-05-22T21:06:30.948+0530] {subprocess.py:93} INFO - 25/05/22 21:06:30 INFO TaskSetManager: Finished task 9.0 in stage 1.0 (TID 10) in 2608 ms on 10.255.255.254 (executor driver) (8/10)
[2025-05-22T21:06:31.172+0530] {subprocess.py:93} INFO - 25/05/22 21:06:31 INFO FileOutputCommitter: Saved output of task 'attempt_202505222106284226996128182971121_0001_m_000000_1' to file:/home/pranav_shirali/airflow-project/scripts/ETL/nyc_taxi_extracted.parquet/_temporary/0/task_202505222106284226996128182971121_0001_m_000000
[2025-05-22T21:06:31.173+0530] {subprocess.py:93} INFO - 25/05/22 21:06:31 INFO SparkHadoopMapRedUtil: attempt_202505222106284226996128182971121_0001_m_000000_1: Committed. Elapsed time: 0 ms.
[2025-05-22T21:06:31.178+0530] {subprocess.py:93} INFO - 25/05/22 21:06:31 INFO Executor: Finished task 0.0 in stage 1.0 (TID 1). 2735 bytes result sent to driver
[2025-05-22T21:06:31.180+0530] {subprocess.py:93} INFO - 25/05/22 21:06:31 INFO TaskSetManager: Finished task 0.0 in stage 1.0 (TID 1) in 2855 ms on 10.255.255.254 (executor driver) (9/10)
[2025-05-22T21:07:05.485+0530] {subprocess.py:93} INFO - 25/05/22 21:07:05 INFO CodecConfig: Compression: SNAPPY
[2025-05-22T21:07:05.487+0530] {subprocess.py:93} INFO - 25/05/22 21:07:05 INFO CodecConfig: Compression: SNAPPY
[2025-05-22T21:07:05.487+0530] {subprocess.py:93} INFO - 25/05/22 21:07:05 INFO ParquetOutputFormat: ParquetRecordWriter [block size: 134217728b, row group padding size: 8388608b, validating: false]
[2025-05-22T21:07:05.489+0530] {subprocess.py:93} INFO - 25/05/22 21:07:05 INFO ParquetWriteSupport: Initialized Parquet WriteSupport with Catalyst schema:
[2025-05-22T21:07:05.489+0530] {subprocess.py:93} INFO - {
[2025-05-22T21:07:05.490+0530] {subprocess.py:93} INFO -   "type" : "struct",
[2025-05-22T21:07:05.490+0530] {subprocess.py:93} INFO -   "fields" : [ {
[2025-05-22T21:07:05.490+0530] {subprocess.py:93} INFO -     "name" : "VendorID",
[2025-05-22T21:07:05.490+0530] {subprocess.py:93} INFO -     "type" : "short",
[2025-05-22T21:07:05.490+0530] {subprocess.py:93} INFO -     "nullable" : true,
[2025-05-22T21:07:05.490+0530] {subprocess.py:93} INFO -     "metadata" : { }
[2025-05-22T21:07:05.490+0530] {subprocess.py:93} INFO -   }, {
[2025-05-22T21:07:05.491+0530] {subprocess.py:93} INFO -     "name" : "tpep_pickup_datetime",
[2025-05-22T21:07:05.491+0530] {subprocess.py:93} INFO -     "type" : "timestamp_ntz",
[2025-05-22T21:07:05.491+0530] {subprocess.py:93} INFO -     "nullable" : true,
[2025-05-22T21:07:05.491+0530] {subprocess.py:93} INFO -     "metadata" : { }
[2025-05-22T21:07:05.491+0530] {subprocess.py:93} INFO -   }, {
[2025-05-22T21:07:05.491+0530] {subprocess.py:93} INFO -     "name" : "tpep_dropoff_datetime",
[2025-05-22T21:07:05.491+0530] {subprocess.py:93} INFO -     "type" : "timestamp_ntz",
[2025-05-22T21:07:05.491+0530] {subprocess.py:93} INFO -     "nullable" : true,
[2025-05-22T21:07:05.492+0530] {subprocess.py:93} INFO -     "metadata" : { }
[2025-05-22T21:07:05.492+0530] {subprocess.py:93} INFO -   }, {
[2025-05-22T21:07:05.492+0530] {subprocess.py:93} INFO -     "name" : "passenger_count",
[2025-05-22T21:07:05.492+0530] {subprocess.py:93} INFO -     "type" : "short",
[2025-05-22T21:07:05.492+0530] {subprocess.py:93} INFO -     "nullable" : true,
[2025-05-22T21:07:05.492+0530] {subprocess.py:93} INFO -     "metadata" : { }
[2025-05-22T21:07:05.492+0530] {subprocess.py:93} INFO -   }, {
[2025-05-22T21:07:05.492+0530] {subprocess.py:93} INFO -     "name" : "trip_distance",
[2025-05-22T21:07:05.492+0530] {subprocess.py:93} INFO -     "type" : "double",
[2025-05-22T21:07:05.493+0530] {subprocess.py:93} INFO -     "nullable" : true,
[2025-05-22T21:07:05.493+0530] {subprocess.py:93} INFO -     "metadata" : { }
[2025-05-22T21:07:05.493+0530] {subprocess.py:93} INFO -   }, {
[2025-05-22T21:07:05.493+0530] {subprocess.py:93} INFO -     "name" : "RatecodeID",
[2025-05-22T21:07:05.493+0530] {subprocess.py:93} INFO -     "type" : "short",
[2025-05-22T21:07:05.493+0530] {subprocess.py:93} INFO -     "nullable" : true,
[2025-05-22T21:07:05.493+0530] {subprocess.py:93} INFO -     "metadata" : { }
[2025-05-22T21:07:05.493+0530] {subprocess.py:93} INFO -   }, {
[2025-05-22T21:07:05.493+0530] {subprocess.py:93} INFO -     "name" : "store_and_fwd_flag",
[2025-05-22T21:07:05.493+0530] {subprocess.py:93} INFO -     "type" : "string",
[2025-05-22T21:07:05.494+0530] {subprocess.py:93} INFO -     "nullable" : true,
[2025-05-22T21:07:05.494+0530] {subprocess.py:93} INFO -     "metadata" : { }
[2025-05-22T21:07:05.494+0530] {subprocess.py:93} INFO -   }, {
[2025-05-22T21:07:05.494+0530] {subprocess.py:93} INFO -     "name" : "PULocationID",
[2025-05-22T21:07:05.494+0530] {subprocess.py:93} INFO -     "type" : "integer",
[2025-05-22T21:07:05.494+0530] {subprocess.py:93} INFO -     "nullable" : true,
[2025-05-22T21:07:05.494+0530] {subprocess.py:93} INFO -     "metadata" : { }
[2025-05-22T21:07:05.494+0530] {subprocess.py:93} INFO -   }, {
[2025-05-22T21:07:05.494+0530] {subprocess.py:93} INFO -     "name" : "DOLocationID",
[2025-05-22T21:07:05.495+0530] {subprocess.py:93} INFO -     "type" : "integer",
[2025-05-22T21:07:05.495+0530] {subprocess.py:93} INFO -     "nullable" : true,
[2025-05-22T21:07:05.495+0530] {subprocess.py:93} INFO -     "metadata" : { }
[2025-05-22T21:07:05.495+0530] {subprocess.py:93} INFO -   }, {
[2025-05-22T21:07:05.495+0530] {subprocess.py:93} INFO -     "name" : "payment_type",
[2025-05-22T21:07:05.495+0530] {subprocess.py:93} INFO -     "type" : "short",
[2025-05-22T21:07:05.495+0530] {subprocess.py:93} INFO -     "nullable" : true,
[2025-05-22T21:07:05.496+0530] {subprocess.py:93} INFO -     "metadata" : { }
[2025-05-22T21:07:05.496+0530] {subprocess.py:93} INFO -   }, {
[2025-05-22T21:07:05.496+0530] {subprocess.py:93} INFO -     "name" : "fare_amount",
[2025-05-22T21:07:05.496+0530] {subprocess.py:93} INFO -     "type" : "double",
[2025-05-22T21:07:05.496+0530] {subprocess.py:93} INFO -     "nullable" : true,
[2025-05-22T21:07:05.496+0530] {subprocess.py:93} INFO -     "metadata" : { }
[2025-05-22T21:07:05.496+0530] {subprocess.py:93} INFO -   }, {
[2025-05-22T21:07:05.496+0530] {subprocess.py:93} INFO -     "name" : "extra",
[2025-05-22T21:07:05.496+0530] {subprocess.py:93} INFO -     "type" : "double",
[2025-05-22T21:07:05.497+0530] {subprocess.py:93} INFO -     "nullable" : true,
[2025-05-22T21:07:05.497+0530] {subprocess.py:93} INFO -     "metadata" : { }
[2025-05-22T21:07:05.497+0530] {subprocess.py:93} INFO -   }, {
[2025-05-22T21:07:05.497+0530] {subprocess.py:93} INFO -     "name" : "mta_tax",
[2025-05-22T21:07:05.497+0530] {subprocess.py:93} INFO -     "type" : "double",
[2025-05-22T21:07:05.497+0530] {subprocess.py:93} INFO -     "nullable" : true,
[2025-05-22T21:07:05.497+0530] {subprocess.py:93} INFO -     "metadata" : { }
[2025-05-22T21:07:05.497+0530] {subprocess.py:93} INFO -   }, {
[2025-05-22T21:07:05.498+0530] {subprocess.py:93} INFO -     "name" : "tip_amount",
[2025-05-22T21:07:05.498+0530] {subprocess.py:93} INFO -     "type" : "double",
[2025-05-22T21:07:05.498+0530] {subprocess.py:93} INFO -     "nullable" : true,
[2025-05-22T21:07:05.498+0530] {subprocess.py:93} INFO -     "metadata" : { }
[2025-05-22T21:07:05.498+0530] {subprocess.py:93} INFO -   }, {
[2025-05-22T21:07:05.498+0530] {subprocess.py:93} INFO -     "name" : "tolls_amount",
[2025-05-22T21:07:05.498+0530] {subprocess.py:93} INFO -     "type" : "double",
[2025-05-22T21:07:05.498+0530] {subprocess.py:93} INFO -     "nullable" : true,
[2025-05-22T21:07:05.499+0530] {subprocess.py:93} INFO -     "metadata" : { }
[2025-05-22T21:07:05.499+0530] {subprocess.py:93} INFO -   }, {
[2025-05-22T21:07:05.499+0530] {subprocess.py:93} INFO -     "name" : "improvement_surcharge",
[2025-05-22T21:07:05.499+0530] {subprocess.py:93} INFO -     "type" : "double",
[2025-05-22T21:07:05.499+0530] {subprocess.py:93} INFO -     "nullable" : true,
[2025-05-22T21:07:05.499+0530] {subprocess.py:93} INFO -     "metadata" : { }
[2025-05-22T21:07:05.499+0530] {subprocess.py:93} INFO -   }, {
[2025-05-22T21:07:05.499+0530] {subprocess.py:93} INFO -     "name" : "total_amount",
[2025-05-22T21:07:05.499+0530] {subprocess.py:93} INFO -     "type" : "double",
[2025-05-22T21:07:05.499+0530] {subprocess.py:93} INFO -     "nullable" : true,
[2025-05-22T21:07:05.500+0530] {subprocess.py:93} INFO -     "metadata" : { }
[2025-05-22T21:07:05.500+0530] {subprocess.py:93} INFO -   }, {
[2025-05-22T21:07:05.500+0530] {subprocess.py:93} INFO -     "name" : "congestion_surcharge",
[2025-05-22T21:07:05.500+0530] {subprocess.py:93} INFO -     "type" : "double",
[2025-05-22T21:07:05.500+0530] {subprocess.py:93} INFO -     "nullable" : true,
[2025-05-22T21:07:05.500+0530] {subprocess.py:93} INFO -     "metadata" : { }
[2025-05-22T21:07:05.500+0530] {subprocess.py:93} INFO -   }, {
[2025-05-22T21:07:05.500+0530] {subprocess.py:93} INFO -     "name" : "__null_dask_index__",
[2025-05-22T21:07:05.500+0530] {subprocess.py:93} INFO -     "type" : "long",
[2025-05-22T21:07:05.500+0530] {subprocess.py:93} INFO -     "nullable" : true,
[2025-05-22T21:07:05.501+0530] {subprocess.py:93} INFO -     "metadata" : { }
[2025-05-22T21:07:05.501+0530] {subprocess.py:93} INFO -   } ]
[2025-05-22T21:07:05.501+0530] {subprocess.py:93} INFO - }
[2025-05-22T21:07:05.501+0530] {subprocess.py:93} INFO - and corresponding Parquet message type:
[2025-05-22T21:07:05.501+0530] {subprocess.py:93} INFO - message spark_schema {
[2025-05-22T21:07:05.501+0530] {subprocess.py:93} INFO -   optional int32 VendorID (INTEGER(16,true));
[2025-05-22T21:07:05.502+0530] {subprocess.py:93} INFO -   optional int64 tpep_pickup_datetime (TIMESTAMP(MICROS,false));
[2025-05-22T21:07:05.502+0530] {subprocess.py:93} INFO -   optional int64 tpep_dropoff_datetime (TIMESTAMP(MICROS,false));
[2025-05-22T21:07:05.502+0530] {subprocess.py:93} INFO -   optional int32 passenger_count (INTEGER(16,true));
[2025-05-22T21:07:05.502+0530] {subprocess.py:93} INFO -   optional double trip_distance;
[2025-05-22T21:07:05.502+0530] {subprocess.py:93} INFO -   optional int32 RatecodeID (INTEGER(16,true));
[2025-05-22T21:07:05.502+0530] {subprocess.py:93} INFO -   optional binary store_and_fwd_flag (STRING);
[2025-05-22T21:07:05.502+0530] {subprocess.py:93} INFO -   optional int32 PULocationID;
[2025-05-22T21:07:05.503+0530] {subprocess.py:93} INFO -   optional int32 DOLocationID;
[2025-05-22T21:07:05.503+0530] {subprocess.py:93} INFO -   optional int32 payment_type (INTEGER(16,true));
[2025-05-22T21:07:05.503+0530] {subprocess.py:93} INFO -   optional double fare_amount;
[2025-05-22T21:07:05.503+0530] {subprocess.py:93} INFO -   optional double extra;
[2025-05-22T21:07:05.503+0530] {subprocess.py:93} INFO -   optional double mta_tax;
[2025-05-22T21:07:05.503+0530] {subprocess.py:93} INFO -   optional double tip_amount;
[2025-05-22T21:07:05.503+0530] {subprocess.py:93} INFO -   optional double tolls_amount;
[2025-05-22T21:07:05.503+0530] {subprocess.py:93} INFO -   optional double improvement_surcharge;
[2025-05-22T21:07:05.503+0530] {subprocess.py:93} INFO -   optional double total_amount;
[2025-05-22T21:07:05.503+0530] {subprocess.py:93} INFO -   optional double congestion_surcharge;
[2025-05-22T21:07:05.504+0530] {subprocess.py:93} INFO -   optional int64 __null_dask_index__;
[2025-05-22T21:07:05.504+0530] {subprocess.py:93} INFO - }
[2025-05-22T21:07:05.504+0530] {subprocess.py:93} INFO - 
[2025-05-22T21:07:05.504+0530] {subprocess.py:93} INFO - 
[2025-05-22T21:07:08.239+0530] {subprocess.py:93} INFO - 25/05/22 21:07:08 INFO FileOutputCommitter: Saved output of task 'attempt_202505222106284226996128182971121_0001_m_000004_5' to file:/home/pranav_shirali/airflow-project/scripts/ETL/nyc_taxi_extracted.parquet/_temporary/0/task_202505222106284226996128182971121_0001_m_000004
[2025-05-22T21:07:08.239+0530] {subprocess.py:93} INFO - 25/05/22 21:07:08 INFO SparkHadoopMapRedUtil: attempt_202505222106284226996128182971121_0001_m_000004_5: Committed. Elapsed time: 0 ms.
[2025-05-22T21:07:08.245+0530] {subprocess.py:93} INFO - 25/05/22 21:07:08 INFO Executor: Finished task 4.0 in stage 1.0 (TID 5). 2821 bytes result sent to driver
[2025-05-22T21:07:08.246+0530] {subprocess.py:93} INFO - 25/05/22 21:07:08 INFO TaskSetManager: Finished task 4.0 in stage 1.0 (TID 5) in 39915 ms on 10.255.255.254 (executor driver) (10/10)
[2025-05-22T21:07:08.247+0530] {subprocess.py:93} INFO - 25/05/22 21:07:08 INFO TaskSchedulerImpl: Removed TaskSet 1.0, whose tasks have all completed, from pool
[2025-05-22T21:07:08.248+0530] {subprocess.py:93} INFO - 25/05/22 21:07:08 INFO DAGScheduler: ResultStage 1 (parquet at NativeMethodAccessorImpl.java:0) finished in 39.987 s
[2025-05-22T21:07:08.249+0530] {subprocess.py:93} INFO - 25/05/22 21:07:08 INFO DAGScheduler: Job 1 is finished. Cancelling potential speculative or zombie tasks for this job
[2025-05-22T21:07:08.249+0530] {subprocess.py:93} INFO - 25/05/22 21:07:08 INFO TaskSchedulerImpl: Killing all running tasks in stage 1: Stage finished
[2025-05-22T21:07:08.250+0530] {subprocess.py:93} INFO - 25/05/22 21:07:08 INFO DAGScheduler: Job 1 finished: parquet at NativeMethodAccessorImpl.java:0, took 39.994588 s
[2025-05-22T21:07:08.252+0530] {subprocess.py:93} INFO - 25/05/22 21:07:08 INFO FileFormatWriter: Start to commit write Job a9ac9162-b5d9-46a9-9d78-43f3387981f4.
[2025-05-22T21:07:08.274+0530] {subprocess.py:93} INFO - 25/05/22 21:07:08 INFO FileFormatWriter: Write Job a9ac9162-b5d9-46a9-9d78-43f3387981f4 committed. Elapsed time: 21 ms.
[2025-05-22T21:07:08.278+0530] {subprocess.py:93} INFO - 25/05/22 21:07:08 INFO FileFormatWriter: Finished processing stats for write job a9ac9162-b5d9-46a9-9d78-43f3387981f4.
[2025-05-22T21:07:08.330+0530] {subprocess.py:93} INFO - 25/05/22 21:07:08 INFO SparkContext: Invoking stop() from shutdown hook
[2025-05-22T21:07:08.331+0530] {subprocess.py:93} INFO - 25/05/22 21:07:08 INFO SparkContext: SparkContext is stopping with exitCode 0.
[2025-05-22T21:07:08.343+0530] {subprocess.py:93} INFO - 25/05/22 21:07:08 INFO SparkUI: Stopped Spark web UI at http://10.255.255.254:4040
[2025-05-22T21:07:08.353+0530] {subprocess.py:93} INFO - 25/05/22 21:07:08 INFO MapOutputTrackerMasterEndpoint: MapOutputTrackerMasterEndpoint stopped!
[2025-05-22T21:07:08.363+0530] {subprocess.py:93} INFO - 25/05/22 21:07:08 INFO MemoryStore: MemoryStore cleared
[2025-05-22T21:07:08.364+0530] {subprocess.py:93} INFO - 25/05/22 21:07:08 INFO BlockManager: BlockManager stopped
[2025-05-22T21:07:08.365+0530] {subprocess.py:93} INFO - 25/05/22 21:07:08 INFO BlockManagerMaster: BlockManagerMaster stopped
[2025-05-22T21:07:08.367+0530] {subprocess.py:93} INFO - 25/05/22 21:07:08 INFO OutputCommitCoordinator$OutputCommitCoordinatorEndpoint: OutputCommitCoordinator stopped!
[2025-05-22T21:07:08.375+0530] {subprocess.py:93} INFO - 25/05/22 21:07:08 INFO SparkContext: Successfully stopped SparkContext
[2025-05-22T21:07:08.375+0530] {subprocess.py:93} INFO - 25/05/22 21:07:08 INFO ShutdownHookManager: Shutdown hook called
[2025-05-22T21:07:08.376+0530] {subprocess.py:93} INFO - 25/05/22 21:07:08 INFO ShutdownHookManager: Deleting directory /tmp/spark-08352c83-61e3-411e-8cc0-20684bc3d4b4
[2025-05-22T21:07:08.380+0530] {subprocess.py:93} INFO - 25/05/22 21:07:08 INFO ShutdownHookManager: Deleting directory /tmp/spark-cd52d1a5-2160-4156-8af6-4d472d1dda03
[2025-05-22T21:07:08.383+0530] {subprocess.py:93} INFO - 25/05/22 21:07:08 INFO ShutdownHookManager: Deleting directory /tmp/spark-08352c83-61e3-411e-8cc0-20684bc3d4b4/pyspark-f241033a-c758-4dcd-9ed7-4126489e19a7
[2025-05-22T21:07:08.447+0530] {subprocess.py:97} INFO - Command exited with return code 0
[2025-05-22T21:07:08.465+0530] {taskinstance.py:340} INFO - ::group::Post task execution logs
[2025-05-22T21:07:08.465+0530] {taskinstance.py:352} INFO - Marking task as SUCCESS. dag_id=nyc_taxi_etl, task_id=extract_from_azure, run_id=manual__2025-05-22T15:36:11.316994+00:00, execution_date=20250522T153611, start_date=20250522T153614, end_date=20250522T153708
[2025-05-22T21:07:08.506+0530] {local_task_job_runner.py:266} INFO - Task exited with return code 0
[2025-05-22T21:07:08.523+0530] {taskinstance.py:3900} INFO - 1 downstream tasks scheduled from follow-on schedule check
[2025-05-22T21:07:08.527+0530] {local_task_job_runner.py:245} INFO - ::endgroup::
