[2025-05-23T21:32:27.576+0530] {local_task_job_runner.py:123} INFO - ::group::Pre task execution logs
[2025-05-23T21:32:27.584+0530] {taskinstance.py:2612} INFO - Dependencies all met for dep_context=non-requeueable deps ti=<TaskInstance: elt_sales_stream_transformation.transform_sales_stream manual__2025-05-23T16:02:23.270670+00:00 [queued]>
[2025-05-23T21:32:27.590+0530] {taskinstance.py:2612} INFO - Dependencies all met for dep_context=requeueable deps ti=<TaskInstance: elt_sales_stream_transformation.transform_sales_stream manual__2025-05-23T16:02:23.270670+00:00 [queued]>
[2025-05-23T21:32:27.590+0530] {taskinstance.py:2865} INFO - Starting attempt 1 of 1
[2025-05-23T21:32:27.603+0530] {taskinstance.py:2888} INFO - Executing <Task(SQLExecuteQueryOperator): transform_sales_stream> on 2025-05-23 16:02:23.270670+00:00
[2025-05-23T21:32:27.607+0530] {standard_task_runner.py:72} INFO - Started process 113827 to run task
[2025-05-23T21:32:27.610+0530] {standard_task_runner.py:104} INFO - Running: ['airflow', 'tasks', 'run', 'elt_sales_stream_transformation', 'transform_sales_stream', 'manual__2025-05-23T16:02:23.270670+00:00', '--job-id', '218', '--raw', '--subdir', 'DAGS_FOLDER/elt_transformation_dag.py', '--cfg-path', '/tmp/tmpewwvktgg']
[2025-05-23T21:32:27.611+0530] {standard_task_runner.py:105} INFO - Job 218: Subtask transform_sales_stream
[2025-05-23T21:32:27.636+0530] {task_command.py:467} INFO - Running <TaskInstance: elt_sales_stream_transformation.transform_sales_stream manual__2025-05-23T16:02:23.270670+00:00 [running]> on host Voldemort.
[2025-05-23T21:32:27.720+0530] {taskinstance.py:3131} INFO - Exporting env vars: AIRFLOW_CTX_DAG_OWNER='airflow' AIRFLOW_CTX_DAG_ID='elt_sales_stream_transformation' AIRFLOW_CTX_TASK_ID='transform_sales_stream' AIRFLOW_CTX_EXECUTION_DATE='2025-05-23T16:02:23.270670+00:00' AIRFLOW_CTX_TRY_NUMBER='1' AIRFLOW_CTX_DAG_RUN_ID='manual__2025-05-23T16:02:23.270670+00:00'
[2025-05-23T21:32:27.721+0530] {taskinstance.py:731} INFO - ::endgroup::
[2025-05-23T21:32:27.745+0530] {sql.py:306} INFO - Executing: 
        -- Create Region table
        CREATE OR REPLACE TABLE AIRFLOW_DB.ELT_TRANSFORMED.Region AS
        SELECT
            ROW_NUMBER() OVER (ORDER BY REGION) AS Region_id,
            REGION
        FROM (
            SELECT DISTINCT REGION
            FROM AIRFLOW_DB.ELT_TRANSFORMED."SALES DATA RAW"
        );

        -- Create Country table
        CREATE OR REPLACE TABLE AIRFLOW_DB.ELT_TRANSFORMED.Country AS
        SELECT
            ROW_NUMBER() OVER (ORDER BY COUNTRY) AS Country_id,
            COUNTRY
        FROM (
            SELECT DISTINCT COUNTRY
            FROM AIRFLOW_DB.ELT_TRANSFORMED."SALES DATA RAW"
        );

        -- Create Item table
        CREATE OR REPLACE TABLE AIRFLOW_DB.ELT_TRANSFORMED.Item AS
        SELECT
            ROW_NUMBER() OVER (ORDER BY ITEM_TYPE) AS Item_id,
            ITEM_TYPE AS Item_type
        FROM (
            SELECT DISTINCT ITEM_TYPE
            FROM AIRFLOW_DB.ELT_TRANSFORMED."SALES DATA RAW"
        );

        -- In Order_Priority table
        CREATE OR REPLACE TABLE AIRFLOW_DB.ELT_TRANSFORMED.Order_Priority AS
        SELECT
            ROW_NUMBER() OVER (ORDER BY ORDER_PRIORITY_FULL) AS OrderPriority_id,
            ORDER_PRIORITY_FULL AS ORDER_PRIORITY
        FROM (
            SELECT DISTINCT
                CASE 
                    WHEN "ORDER_PRIORITY" = 'H' THEN 'High'
                    WHEN "ORDER_PRIORITY" = 'L' THEN 'Low'
                    WHEN "ORDER_PRIORITY" = 'M' THEN 'Medium'
                    WHEN "ORDER_PRIORITY" = 'C' THEN 'Critical'
                    ELSE "ORDER_PRIORITY"
                END AS ORDER_PRIORITY_FULL
            FROM AIRFLOW_DB.ELT_TRANSFORMED."SALES DATA RAW"
        );


        -- Build Orders fact table
        CREATE OR REPLACE TABLE AIRFLOW_DB.ELT_TRANSFORMED.Orders AS
        SELECT
            s."SALES_CHANNEL",
            s."ORDER_DATE",
            s."ORDER_ID",
            s."SHIP_DATE",
            s."UNITS_SOLD",
            s."UNIT_PRICE",
            s."UNIT_COST",
            s."TOTAL_REVENUE",
            s."TOTAL_COST",
            s."TOTAL_PROFIT",
            r.Region_id,
            c.Country_id,
            i.Item_id,
            op.OrderPriority_id,
            DATEDIFF(
                'day',
                COALESCE(
                    TRY_TO_DATE(s."ORDER_DATE", 'M/D/YYYY'),
                    TRY_TO_DATE(s."ORDER_DATE", 'MM/DD/YYYY'),
                    TRY_TO_DATE(s."ORDER_DATE", 'YYYY-MM-DD')
                ),
                COALESCE(
                    TRY_TO_DATE(s."SHIP_DATE", 'M/D/YYYY'),
                    TRY_TO_DATE(s."SHIP_DATE", 'MM/DD/YYYY'),
                    TRY_TO_DATE(s."SHIP_DATE", 'YYYY-MM-DD')
                )
            ) AS SHIPMENT_LEAD_TIME
        FROM (
            SELECT
                *,
                CASE 
                    WHEN "ORDER_PRIORITY" = 'H' THEN 'High'
                    WHEN "ORDER_PRIORITY" = 'L' THEN 'Low'
                    WHEN "ORDER_PRIORITY" = 'M' THEN 'Medium'
                    WHEN "ORDER_PRIORITY" = 'C' THEN 'Critical'
                    ELSE "ORDER_PRIORITY"
                END AS ORDER_PRIORITY_FULL
            FROM AIRFLOW_DB.ELT_TRANSFORMED."SALES DATA RAW"
        ) s
        JOIN AIRFLOW_DB.ELT_TRANSFORMED.Region r ON r.Region = s.REGION
        JOIN AIRFLOW_DB.ELT_TRANSFORMED.Country c ON c.Country = s.COUNTRY
        JOIN AIRFLOW_DB.ELT_TRANSFORMED.Item i ON i.Item_type = s.ITEM_TYPE
        JOIN AIRFLOW_DB.ELT_TRANSFORMED.Order_Priority op ON op.ORDER_PRIORITY = s.ORDER_PRIORITY_FULL;
        
[2025-05-23T21:32:27.750+0530] {base.py:84} INFO - Retrieving connection 'snowflake_con'
[2025-05-23T21:32:27.858+0530] {base.py:84} INFO - Retrieving connection 'snowflake_con'
[2025-05-23T21:32:27.859+0530] {connection.py:486} INFO - Snowflake Connector for Python Version: 3.15.0, Python Version: 3.10.12, Platform: Linux-5.15.167.4-microsoft-standard-WSL2-x86_64-with-glibc2.35
[2025-05-23T21:32:27.860+0530] {connection.py:1391} INFO - Connecting to GLOBAL Snowflake domain
[2025-05-23T21:32:28.554+0530] {snowflake.py:521} INFO - Running statement: -- Create Region table
        CREATE OR REPLACE TABLE AIRFLOW_DB.ELT_TRANSFORMED.Region AS
        SELECT
            ROW_NUMBER() OVER (ORDER BY REGION) AS Region_id,
            REGION
        FROM (
            SELECT DISTINCT REGION
            FROM AIRFLOW_DB.ELT_TRANSFORMED."SALES DATA RAW"
        );, parameters: None
[2025-05-23T21:32:28.554+0530] {sql.py:814} INFO - Running statement: -- Create Region table
        CREATE OR REPLACE TABLE AIRFLOW_DB.ELT_TRANSFORMED.Region AS
        SELECT
            ROW_NUMBER() OVER (ORDER BY REGION) AS Region_id,
            REGION
        FROM (
            SELECT DISTINCT REGION
            FROM AIRFLOW_DB.ELT_TRANSFORMED."SALES DATA RAW"
        );, parameters: None
[2025-05-23T21:32:29.782+0530] {sql.py:823} INFO - Rows affected: 1
[2025-05-23T21:32:29.782+0530] {snowflake.py:534} INFO - Rows affected: 1
[2025-05-23T21:32:29.782+0530] {snowflake.py:535} INFO - Snowflake query id: 01bc8b22-0001-0b20-0000-000987f668dd
[2025-05-23T21:32:29.782+0530] {snowflake.py:521} INFO - Running statement: -- Create Country table
        CREATE OR REPLACE TABLE AIRFLOW_DB.ELT_TRANSFORMED.Country AS
        SELECT
            ROW_NUMBER() OVER (ORDER BY COUNTRY) AS Country_id,
            COUNTRY
        FROM (
            SELECT DISTINCT COUNTRY
            FROM AIRFLOW_DB.ELT_TRANSFORMED."SALES DATA RAW"
        );, parameters: None
[2025-05-23T21:32:29.783+0530] {sql.py:814} INFO - Running statement: -- Create Country table
        CREATE OR REPLACE TABLE AIRFLOW_DB.ELT_TRANSFORMED.Country AS
        SELECT
            ROW_NUMBER() OVER (ORDER BY COUNTRY) AS Country_id,
            COUNTRY
        FROM (
            SELECT DISTINCT COUNTRY
            FROM AIRFLOW_DB.ELT_TRANSFORMED."SALES DATA RAW"
        );, parameters: None
[2025-05-23T21:32:30.503+0530] {sql.py:823} INFO - Rows affected: 1
[2025-05-23T21:32:30.503+0530] {snowflake.py:534} INFO - Rows affected: 1
[2025-05-23T21:32:30.504+0530] {snowflake.py:535} INFO - Snowflake query id: 01bc8b22-0001-0b38-0000-000987f68a29
[2025-05-23T21:32:30.504+0530] {snowflake.py:521} INFO - Running statement: -- Create Item table
        CREATE OR REPLACE TABLE AIRFLOW_DB.ELT_TRANSFORMED.Item AS
        SELECT
            ROW_NUMBER() OVER (ORDER BY ITEM_TYPE) AS Item_id,
            ITEM_TYPE AS Item_type
        FROM (
            SELECT DISTINCT ITEM_TYPE
            FROM AIRFLOW_DB.ELT_TRANSFORMED."SALES DATA RAW"
        );, parameters: None
[2025-05-23T21:32:30.504+0530] {sql.py:814} INFO - Running statement: -- Create Item table
        CREATE OR REPLACE TABLE AIRFLOW_DB.ELT_TRANSFORMED.Item AS
        SELECT
            ROW_NUMBER() OVER (ORDER BY ITEM_TYPE) AS Item_id,
            ITEM_TYPE AS Item_type
        FROM (
            SELECT DISTINCT ITEM_TYPE
            FROM AIRFLOW_DB.ELT_TRANSFORMED."SALES DATA RAW"
        );, parameters: None
[2025-05-23T21:32:31.173+0530] {sql.py:823} INFO - Rows affected: 1
[2025-05-23T21:32:31.174+0530] {snowflake.py:534} INFO - Rows affected: 1
[2025-05-23T21:32:31.174+0530] {snowflake.py:535} INFO - Snowflake query id: 01bc8b22-0001-0adc-0000-000987f69611
[2025-05-23T21:32:31.174+0530] {snowflake.py:521} INFO - Running statement: -- In Order_Priority table
        CREATE OR REPLACE TABLE AIRFLOW_DB.ELT_TRANSFORMED.Order_Priority AS
        SELECT
            ROW_NUMBER() OVER (ORDER BY ORDER_PRIORITY_FULL) AS OrderPriority_id,
            ORDER_PRIORITY_FULL AS ORDER_PRIORITY
        FROM (
            SELECT DISTINCT
                CASE 
                    WHEN "ORDER_PRIORITY" = 'H' THEN 'High'
                    WHEN "ORDER_PRIORITY" = 'L' THEN 'Low'
                    WHEN "ORDER_PRIORITY" = 'M' THEN 'Medium'
                    WHEN "ORDER_PRIORITY" = 'C' THEN 'Critical'
                    ELSE "ORDER_PRIORITY"
                END AS ORDER_PRIORITY_FULL
            FROM AIRFLOW_DB.ELT_TRANSFORMED."SALES DATA RAW"
        );, parameters: None
[2025-05-23T21:32:31.175+0530] {sql.py:814} INFO - Running statement: -- In Order_Priority table
        CREATE OR REPLACE TABLE AIRFLOW_DB.ELT_TRANSFORMED.Order_Priority AS
        SELECT
            ROW_NUMBER() OVER (ORDER BY ORDER_PRIORITY_FULL) AS OrderPriority_id,
            ORDER_PRIORITY_FULL AS ORDER_PRIORITY
        FROM (
            SELECT DISTINCT
                CASE 
                    WHEN "ORDER_PRIORITY" = 'H' THEN 'High'
                    WHEN "ORDER_PRIORITY" = 'L' THEN 'Low'
                    WHEN "ORDER_PRIORITY" = 'M' THEN 'Medium'
                    WHEN "ORDER_PRIORITY" = 'C' THEN 'Critical'
                    ELSE "ORDER_PRIORITY"
                END AS ORDER_PRIORITY_FULL
            FROM AIRFLOW_DB.ELT_TRANSFORMED."SALES DATA RAW"
        );, parameters: None
[2025-05-23T21:32:31.565+0530] {sql.py:823} INFO - Rows affected: 1
[2025-05-23T21:32:31.566+0530] {snowflake.py:534} INFO - Rows affected: 1
[2025-05-23T21:32:31.566+0530] {snowflake.py:535} INFO - Snowflake query id: 01bc8b22-0001-0b38-0000-000987f68a2d
[2025-05-23T21:32:31.566+0530] {snowflake.py:521} INFO - Running statement: -- Build Orders fact table
        CREATE OR REPLACE TABLE AIRFLOW_DB.ELT_TRANSFORMED.Orders AS
        SELECT
            s."SALES_CHANNEL",
            s."ORDER_DATE",
            s."ORDER_ID",
            s."SHIP_DATE",
            s."UNITS_SOLD",
            s."UNIT_PRICE",
            s."UNIT_COST",
            s."TOTAL_REVENUE",
            s."TOTAL_COST",
            s."TOTAL_PROFIT",
            r.Region_id,
            c.Country_id,
            i.Item_id,
            op.OrderPriority_id,
            DATEDIFF(
                'day',
                COALESCE(
                    TRY_TO_DATE(s."ORDER_DATE", 'M/D/YYYY'),
                    TRY_TO_DATE(s."ORDER_DATE", 'MM/DD/YYYY'),
                    TRY_TO_DATE(s."ORDER_DATE", 'YYYY-MM-DD')
                ),
                COALESCE(
                    TRY_TO_DATE(s."SHIP_DATE", 'M/D/YYYY'),
                    TRY_TO_DATE(s."SHIP_DATE", 'MM/DD/YYYY'),
                    TRY_TO_DATE(s."SHIP_DATE", 'YYYY-MM-DD')
                )
            ) AS SHIPMENT_LEAD_TIME
        FROM (
            SELECT
                *,
                CASE 
                    WHEN "ORDER_PRIORITY" = 'H' THEN 'High'
                    WHEN "ORDER_PRIORITY" = 'L' THEN 'Low'
                    WHEN "ORDER_PRIORITY" = 'M' THEN 'Medium'
                    WHEN "ORDER_PRIORITY" = 'C' THEN 'Critical'
                    ELSE "ORDER_PRIORITY"
                END AS ORDER_PRIORITY_FULL
            FROM AIRFLOW_DB.ELT_TRANSFORMED."SALES DATA RAW"
        ) s
        JOIN AIRFLOW_DB.ELT_TRANSFORMED.Region r ON r.Region = s.REGION
        JOIN AIRFLOW_DB.ELT_TRANSFORMED.Country c ON c.Country = s.COUNTRY
        JOIN AIRFLOW_DB.ELT_TRANSFORMED.Item i ON i.Item_type = s.ITEM_TYPE
        JOIN AIRFLOW_DB.ELT_TRANSFORMED.Order_Priority op ON op.ORDER_PRIORITY = s.ORDER_PRIORITY_FULL;, parameters: None
[2025-05-23T21:32:31.566+0530] {sql.py:814} INFO - Running statement: -- Build Orders fact table
        CREATE OR REPLACE TABLE AIRFLOW_DB.ELT_TRANSFORMED.Orders AS
        SELECT
            s."SALES_CHANNEL",
            s."ORDER_DATE",
            s."ORDER_ID",
            s."SHIP_DATE",
            s."UNITS_SOLD",
            s."UNIT_PRICE",
            s."UNIT_COST",
            s."TOTAL_REVENUE",
            s."TOTAL_COST",
            s."TOTAL_PROFIT",
            r.Region_id,
            c.Country_id,
            i.Item_id,
            op.OrderPriority_id,
            DATEDIFF(
                'day',
                COALESCE(
                    TRY_TO_DATE(s."ORDER_DATE", 'M/D/YYYY'),
                    TRY_TO_DATE(s."ORDER_DATE", 'MM/DD/YYYY'),
                    TRY_TO_DATE(s."ORDER_DATE", 'YYYY-MM-DD')
                ),
                COALESCE(
                    TRY_TO_DATE(s."SHIP_DATE", 'M/D/YYYY'),
                    TRY_TO_DATE(s."SHIP_DATE", 'MM/DD/YYYY'),
                    TRY_TO_DATE(s."SHIP_DATE", 'YYYY-MM-DD')
                )
            ) AS SHIPMENT_LEAD_TIME
        FROM (
            SELECT
                *,
                CASE 
                    WHEN "ORDER_PRIORITY" = 'H' THEN 'High'
                    WHEN "ORDER_PRIORITY" = 'L' THEN 'Low'
                    WHEN "ORDER_PRIORITY" = 'M' THEN 'Medium'
                    WHEN "ORDER_PRIORITY" = 'C' THEN 'Critical'
                    ELSE "ORDER_PRIORITY"
                END AS ORDER_PRIORITY_FULL
            FROM AIRFLOW_DB.ELT_TRANSFORMED."SALES DATA RAW"
        ) s
        JOIN AIRFLOW_DB.ELT_TRANSFORMED.Region r ON r.Region = s.REGION
        JOIN AIRFLOW_DB.ELT_TRANSFORMED.Country c ON c.Country = s.COUNTRY
        JOIN AIRFLOW_DB.ELT_TRANSFORMED.Item i ON i.Item_type = s.ITEM_TYPE
        JOIN AIRFLOW_DB.ELT_TRANSFORMED.Order_Priority op ON op.ORDER_PRIORITY = s.ORDER_PRIORITY_FULL;, parameters: None
[2025-05-23T21:32:32.244+0530] {sql.py:823} INFO - Rows affected: 1
[2025-05-23T21:32:32.245+0530] {snowflake.py:534} INFO - Rows affected: 1
[2025-05-23T21:32:32.245+0530] {snowflake.py:535} INFO - Snowflake query id: 01bc8b22-0001-0adc-0000-000987f69615
[2025-05-23T21:32:32.445+0530] {taskinstance.py:340} INFO - ::group::Post task execution logs
[2025-05-23T21:32:32.445+0530] {taskinstance.py:352} INFO - Marking task as SUCCESS. dag_id=elt_sales_stream_transformation, task_id=transform_sales_stream, run_id=manual__2025-05-23T16:02:23.270670+00:00, execution_date=20250523T160223, start_date=20250523T160227, end_date=20250523T160232
[2025-05-23T21:32:32.476+0530] {local_task_job_runner.py:266} INFO - Task exited with return code 0
[2025-05-23T21:32:32.484+0530] {taskinstance.py:3900} INFO - 0 downstream tasks scheduled from follow-on schedule check
[2025-05-23T21:32:32.485+0530] {local_task_job_runner.py:245} INFO - ::endgroup::
