[2025-05-14T22:58:47.293+0530] {local_task_job_runner.py:123} INFO - ::group::Pre task execution logs
[2025-05-14T22:58:47.299+0530] {taskinstance.py:2612} INFO - Dependencies all met for dep_context=non-requeueable deps ti=<TaskInstance: nyc_taxi_etl.extract_from_azure manual__2025-05-14T17:28:44.512773+00:00 [queued]>
[2025-05-14T22:58:47.303+0530] {taskinstance.py:2612} INFO - Dependencies all met for dep_context=requeueable deps ti=<TaskInstance: nyc_taxi_etl.extract_from_azure manual__2025-05-14T17:28:44.512773+00:00 [queued]>
[2025-05-14T22:58:47.303+0530] {taskinstance.py:2865} INFO - Starting attempt 1 of 1
[2025-05-14T22:58:47.314+0530] {taskinstance.py:2888} INFO - Executing <Task(BashOperator): extract_from_azure> on 2025-05-14 17:28:44.512773+00:00
[2025-05-14T22:58:47.316+0530] {standard_task_runner.py:72} INFO - Started process 15796 to run task
[2025-05-14T22:58:47.318+0530] {standard_task_runner.py:104} INFO - Running: ['airflow', 'tasks', 'run', 'nyc_taxi_etl', 'extract_from_azure', 'manual__2025-05-14T17:28:44.512773+00:00', '--job-id', '52', '--raw', '--subdir', 'DAGS_FOLDER/nyc_taxi_etl.py', '--cfg-path', '/tmp/tmpimwbqe7y']
[2025-05-14T22:58:47.319+0530] {standard_task_runner.py:105} INFO - Job 52: Subtask extract_from_azure
[2025-05-14T22:58:47.345+0530] {task_command.py:467} INFO - Running <TaskInstance: nyc_taxi_etl.extract_from_azure manual__2025-05-14T17:28:44.512773+00:00 [running]> on host Voldemort.
[2025-05-14T22:58:47.398+0530] {taskinstance.py:3131} INFO - Exporting env vars: AIRFLOW_CTX_DAG_OWNER='airflow' AIRFLOW_CTX_DAG_ID='nyc_taxi_etl' AIRFLOW_CTX_TASK_ID='extract_from_azure' AIRFLOW_CTX_EXECUTION_DATE='2025-05-14T17:28:44.512773+00:00' AIRFLOW_CTX_TRY_NUMBER='1' AIRFLOW_CTX_DAG_RUN_ID='manual__2025-05-14T17:28:44.512773+00:00'
[2025-05-14T22:58:47.399+0530] {taskinstance.py:731} INFO - ::endgroup::
[2025-05-14T22:58:47.419+0530] {subprocess.py:63} INFO - Tmp dir root location: /tmp
[2025-05-14T22:58:47.419+0530] {subprocess.py:75} INFO - Running command: ['/usr/bin/bash', '-c', '/opt/spark/bin/spark-submit /home/pranav_shirali/airflow-project/scripts/extract.py']
[2025-05-14T22:58:47.423+0530] {subprocess.py:86} INFO - Output:
[2025-05-14T22:58:49.600+0530] {subprocess.py:93} INFO - 25/05/14 22:58:49 WARN Utils: Your hostname, Voldemort resolves to a loopback address: 127.0.1.1; using 10.255.255.254 instead (on interface lo)
[2025-05-14T22:58:49.603+0530] {subprocess.py:93} INFO - 25/05/14 22:58:49 WARN Utils: Set SPARK_LOCAL_IP if you need to bind to another address
[2025-05-14T22:58:50.522+0530] {subprocess.py:93} INFO - 25/05/14 22:58:50 INFO SparkContext: Running Spark version 3.5.5
[2025-05-14T22:58:50.522+0530] {subprocess.py:93} INFO - 25/05/14 22:58:50 INFO SparkContext: OS info Linux, 5.15.167.4-microsoft-standard-WSL2, amd64
[2025-05-14T22:58:50.523+0530] {subprocess.py:93} INFO - 25/05/14 22:58:50 INFO SparkContext: Java version 11.0.27
[2025-05-14T22:58:50.613+0530] {subprocess.py:93} INFO - 25/05/14 22:58:50 WARN NativeCodeLoader: Unable to load native-hadoop library for your platform... using builtin-java classes where applicable
[2025-05-14T22:58:50.723+0530] {subprocess.py:93} INFO - 25/05/14 22:58:50 INFO ResourceUtils: ==============================================================
[2025-05-14T22:58:50.723+0530] {subprocess.py:93} INFO - 25/05/14 22:58:50 INFO ResourceUtils: No custom resources configured for spark.driver.
[2025-05-14T22:58:50.723+0530] {subprocess.py:93} INFO - 25/05/14 22:58:50 INFO ResourceUtils: ==============================================================
[2025-05-14T22:58:50.724+0530] {subprocess.py:93} INFO - 25/05/14 22:58:50 INFO SparkContext: Submitted application: NYC Taxi Extract
[2025-05-14T22:58:50.749+0530] {subprocess.py:93} INFO - 25/05/14 22:58:50 INFO ResourceProfile: Default ResourceProfile created, executor resources: Map(cores -> name: cores, amount: 1, script: , vendor: , memory -> name: memory, amount: 1024, script: , vendor: , offHeap -> name: offHeap, amount: 0, script: , vendor: ), task resources: Map(cpus -> name: cpus, amount: 1.0)
[2025-05-14T22:58:50.761+0530] {subprocess.py:93} INFO - 25/05/14 22:58:50 INFO ResourceProfile: Limiting resource is cpu
[2025-05-14T22:58:50.762+0530] {subprocess.py:93} INFO - 25/05/14 22:58:50 INFO ResourceProfileManager: Added ResourceProfile id: 0
[2025-05-14T22:58:50.841+0530] {subprocess.py:93} INFO - 25/05/14 22:58:50 INFO SecurityManager: Changing view acls to: pranav_shirali
[2025-05-14T22:58:50.841+0530] {subprocess.py:93} INFO - 25/05/14 22:58:50 INFO SecurityManager: Changing modify acls to: pranav_shirali
[2025-05-14T22:58:50.842+0530] {subprocess.py:93} INFO - 25/05/14 22:58:50 INFO SecurityManager: Changing view acls groups to:
[2025-05-14T22:58:50.842+0530] {subprocess.py:93} INFO - 25/05/14 22:58:50 INFO SecurityManager: Changing modify acls groups to:
[2025-05-14T22:58:50.843+0530] {subprocess.py:93} INFO - 25/05/14 22:58:50 INFO SecurityManager: SecurityManager: authentication disabled; ui acls disabled; users with view permissions: pranav_shirali; groups with view permissions: EMPTY; users with modify permissions: pranav_shirali; groups with modify permissions: EMPTY
[2025-05-14T22:58:51.126+0530] {subprocess.py:93} INFO - 25/05/14 22:58:51 INFO Utils: Successfully started service 'sparkDriver' on port 35407.
[2025-05-14T22:58:51.166+0530] {subprocess.py:93} INFO - 25/05/14 22:58:51 INFO SparkEnv: Registering MapOutputTracker
[2025-05-14T22:58:51.203+0530] {subprocess.py:93} INFO - 25/05/14 22:58:51 INFO SparkEnv: Registering BlockManagerMaster
[2025-05-14T22:58:51.226+0530] {subprocess.py:93} INFO - 25/05/14 22:58:51 INFO BlockManagerMasterEndpoint: Using org.apache.spark.storage.DefaultTopologyMapper for getting topology information
[2025-05-14T22:58:51.227+0530] {subprocess.py:93} INFO - 25/05/14 22:58:51 INFO BlockManagerMasterEndpoint: BlockManagerMasterEndpoint up
[2025-05-14T22:58:51.231+0530] {subprocess.py:93} INFO - 25/05/14 22:58:51 INFO SparkEnv: Registering BlockManagerMasterHeartbeat
[2025-05-14T22:58:51.263+0530] {subprocess.py:93} INFO - 25/05/14 22:58:51 INFO DiskBlockManager: Created local directory at /tmp/blockmgr-45863704-c56f-4c1d-81fc-1ea33b0f74ad
[2025-05-14T22:58:51.280+0530] {subprocess.py:93} INFO - 25/05/14 22:58:51 INFO MemoryStore: MemoryStore started with capacity 434.4 MiB
[2025-05-14T22:58:51.298+0530] {subprocess.py:93} INFO - 25/05/14 22:58:51 INFO SparkEnv: Registering OutputCommitCoordinator
[2025-05-14T22:58:51.491+0530] {subprocess.py:93} INFO - 25/05/14 22:58:51 INFO JettyUtils: Start Jetty 0.0.0.0:4040 for SparkUI
[2025-05-14T22:58:51.574+0530] {subprocess.py:93} INFO - 25/05/14 22:58:51 INFO Utils: Successfully started service 'SparkUI' on port 4040.
[2025-05-14T22:58:51.629+0530] {subprocess.py:93} INFO - 25/05/14 22:58:51 INFO SparkContext: Added JAR /opt/spark/jars/hadoop-azure-3.3.1.jar at spark://10.255.255.254:35407/jars/hadoop-azure-3.3.1.jar with timestamp 1747243730513
[2025-05-14T22:58:51.630+0530] {subprocess.py:93} INFO - 25/05/14 22:58:51 INFO SparkContext: Added JAR /opt/spark/jars/azure-storage-8.6.6.jar at spark://10.255.255.254:35407/jars/azure-storage-8.6.6.jar with timestamp 1747243730513
[2025-05-14T22:58:51.630+0530] {subprocess.py:93} INFO - 25/05/14 22:58:51 INFO SparkContext: Added JAR /opt/spark/jars/hadoop-azure-datalake-3.3.1.jar at spark://10.255.255.254:35407/jars/hadoop-azure-datalake-3.3.1.jar with timestamp 1747243730513
[2025-05-14T22:58:51.704+0530] {subprocess.py:93} INFO - 25/05/14 22:58:51 INFO Executor: Starting executor ID driver on host 10.255.255.254
[2025-05-14T22:58:51.705+0530] {subprocess.py:93} INFO - 25/05/14 22:58:51 INFO Executor: OS info Linux, 5.15.167.4-microsoft-standard-WSL2, amd64
[2025-05-14T22:58:51.705+0530] {subprocess.py:93} INFO - 25/05/14 22:58:51 INFO Executor: Java version 11.0.27
[2025-05-14T22:58:51.712+0530] {subprocess.py:93} INFO - 25/05/14 22:58:51 INFO Executor: Starting executor with user classpath (userClassPathFirst = false): ''
[2025-05-14T22:58:51.713+0530] {subprocess.py:93} INFO - 25/05/14 22:58:51 INFO Executor: Created or updated repl class loader org.apache.spark.util.MutableURLClassLoader@4d117c6e for default.
[2025-05-14T22:58:51.724+0530] {subprocess.py:93} INFO - 25/05/14 22:58:51 INFO Executor: Fetching spark://10.255.255.254:35407/jars/azure-storage-8.6.6.jar with timestamp 1747243730513
[2025-05-14T22:58:51.784+0530] {subprocess.py:93} INFO - 25/05/14 22:58:51 INFO TransportClientFactory: Successfully created connection to /10.255.255.254:35407 after 32 ms (0 ms spent in bootstraps)
[2025-05-14T22:58:51.790+0530] {subprocess.py:93} INFO - 25/05/14 22:58:51 INFO Utils: Fetching spark://10.255.255.254:35407/jars/azure-storage-8.6.6.jar to /tmp/spark-fa8f16f0-b8ce-48a3-8979-c1e3bc70d7f6/userFiles-62f326c6-fe84-435a-a8bc-95138d69b57c/fetchFileTemp14771992049217613314.tmp
[2025-05-14T22:58:51.835+0530] {subprocess.py:93} INFO - 25/05/14 22:58:51 INFO Executor: Adding file:/tmp/spark-fa8f16f0-b8ce-48a3-8979-c1e3bc70d7f6/userFiles-62f326c6-fe84-435a-a8bc-95138d69b57c/azure-storage-8.6.6.jar to class loader default
[2025-05-14T22:58:51.836+0530] {subprocess.py:93} INFO - 25/05/14 22:58:51 INFO Executor: Fetching spark://10.255.255.254:35407/jars/hadoop-azure-datalake-3.3.1.jar with timestamp 1747243730513
[2025-05-14T22:58:51.837+0530] {subprocess.py:93} INFO - 25/05/14 22:58:51 INFO Utils: Fetching spark://10.255.255.254:35407/jars/hadoop-azure-datalake-3.3.1.jar to /tmp/spark-fa8f16f0-b8ce-48a3-8979-c1e3bc70d7f6/userFiles-62f326c6-fe84-435a-a8bc-95138d69b57c/fetchFileTemp9300454478213574176.tmp
[2025-05-14T22:58:51.842+0530] {subprocess.py:93} INFO - 25/05/14 22:58:51 INFO Executor: Adding file:/tmp/spark-fa8f16f0-b8ce-48a3-8979-c1e3bc70d7f6/userFiles-62f326c6-fe84-435a-a8bc-95138d69b57c/hadoop-azure-datalake-3.3.1.jar to class loader default
[2025-05-14T22:58:51.842+0530] {subprocess.py:93} INFO - 25/05/14 22:58:51 INFO Executor: Fetching spark://10.255.255.254:35407/jars/hadoop-azure-3.3.1.jar with timestamp 1747243730513
[2025-05-14T22:58:51.843+0530] {subprocess.py:93} INFO - 25/05/14 22:58:51 INFO Utils: Fetching spark://10.255.255.254:35407/jars/hadoop-azure-3.3.1.jar to /tmp/spark-fa8f16f0-b8ce-48a3-8979-c1e3bc70d7f6/userFiles-62f326c6-fe84-435a-a8bc-95138d69b57c/fetchFileTemp3261001082951101187.tmp
[2025-05-14T22:58:51.850+0530] {subprocess.py:93} INFO - 25/05/14 22:58:51 INFO Executor: Adding file:/tmp/spark-fa8f16f0-b8ce-48a3-8979-c1e3bc70d7f6/userFiles-62f326c6-fe84-435a-a8bc-95138d69b57c/hadoop-azure-3.3.1.jar to class loader default
[2025-05-14T22:58:51.863+0530] {subprocess.py:93} INFO - 25/05/14 22:58:51 INFO Utils: Successfully started service 'org.apache.spark.network.netty.NettyBlockTransferService' on port 46799.
[2025-05-14T22:58:51.863+0530] {subprocess.py:93} INFO - 25/05/14 22:58:51 INFO NettyBlockTransferService: Server created on 10.255.255.254:46799
[2025-05-14T22:58:51.865+0530] {subprocess.py:93} INFO - 25/05/14 22:58:51 INFO BlockManager: Using org.apache.spark.storage.RandomBlockReplicationPolicy for block replication policy
[2025-05-14T22:58:51.873+0530] {subprocess.py:93} INFO - 25/05/14 22:58:51 INFO BlockManagerMaster: Registering BlockManager BlockManagerId(driver, 10.255.255.254, 46799, None)
[2025-05-14T22:58:51.876+0530] {subprocess.py:93} INFO - 25/05/14 22:58:51 INFO BlockManagerMasterEndpoint: Registering block manager 10.255.255.254:46799 with 434.4 MiB RAM, BlockManagerId(driver, 10.255.255.254, 46799, None)
[2025-05-14T22:58:51.877+0530] {subprocess.py:93} INFO - 25/05/14 22:58:51 INFO BlockManagerMaster: Registered BlockManager BlockManagerId(driver, 10.255.255.254, 46799, None)
[2025-05-14T22:58:51.878+0530] {subprocess.py:93} INFO - 25/05/14 22:58:51 INFO BlockManager: Initialized BlockManager: BlockManagerId(driver, 10.255.255.254, 46799, None)
[2025-05-14T22:58:52.372+0530] {subprocess.py:93} INFO - 25/05/14 22:58:52 INFO SharedState: Setting hive.metastore.warehouse.dir ('null') to the value of spark.sql.warehouse.dir.
[2025-05-14T22:58:52.380+0530] {subprocess.py:93} INFO - 25/05/14 22:58:52 INFO SharedState: Warehouse path is 'file:/tmp/airflowtmpnqn95581/spark-warehouse'.
[2025-05-14T22:58:56.649+0530] {subprocess.py:93} INFO - 25/05/14 22:58:56 INFO InMemoryFileIndex: It took 295 ms to list leaf files for 1 paths.
[2025-05-14T22:59:00.123+0530] {subprocess.py:93} INFO - 25/05/14 22:59:00 INFO SparkContext: Starting job: parquet at NativeMethodAccessorImpl.java:0
[2025-05-14T22:59:00.143+0530] {subprocess.py:93} INFO - 25/05/14 22:59:00 INFO DAGScheduler: Got job 0 (parquet at NativeMethodAccessorImpl.java:0) with 1 output partitions
[2025-05-14T22:59:00.144+0530] {subprocess.py:93} INFO - 25/05/14 22:59:00 INFO DAGScheduler: Final stage: ResultStage 0 (parquet at NativeMethodAccessorImpl.java:0)
[2025-05-14T22:59:00.144+0530] {subprocess.py:93} INFO - 25/05/14 22:59:00 INFO DAGScheduler: Parents of final stage: List()
[2025-05-14T22:59:00.146+0530] {subprocess.py:93} INFO - 25/05/14 22:59:00 INFO DAGScheduler: Missing parents: List()
[2025-05-14T22:59:00.151+0530] {subprocess.py:93} INFO - 25/05/14 22:59:00 INFO DAGScheduler: Submitting ResultStage 0 (MapPartitionsRDD[1] at parquet at NativeMethodAccessorImpl.java:0), which has no missing parents
[2025-05-14T22:59:00.232+0530] {subprocess.py:93} INFO - 25/05/14 22:59:00 INFO MemoryStore: Block broadcast_0 stored as values in memory (estimated size 104.4 KiB, free 434.3 MiB)
[2025-05-14T22:59:00.273+0530] {subprocess.py:93} INFO - 25/05/14 22:59:00 INFO MemoryStore: Block broadcast_0_piece0 stored as bytes in memory (estimated size 37.8 KiB, free 434.3 MiB)
[2025-05-14T22:59:00.278+0530] {subprocess.py:93} INFO - 25/05/14 22:59:00 INFO BlockManagerInfo: Added broadcast_0_piece0 in memory on 10.255.255.254:46799 (size: 37.8 KiB, free: 434.4 MiB)
[2025-05-14T22:59:00.283+0530] {subprocess.py:93} INFO - 25/05/14 22:59:00 INFO SparkContext: Created broadcast 0 from broadcast at DAGScheduler.scala:1585
[2025-05-14T22:59:00.304+0530] {subprocess.py:93} INFO - 25/05/14 22:59:00 INFO DAGScheduler: Submitting 1 missing tasks from ResultStage 0 (MapPartitionsRDD[1] at parquet at NativeMethodAccessorImpl.java:0) (first 15 tasks are for partitions Vector(0))
[2025-05-14T22:59:00.305+0530] {subprocess.py:93} INFO - 25/05/14 22:59:00 INFO TaskSchedulerImpl: Adding task set 0.0 with 1 tasks resource profile 0
[2025-05-14T22:59:00.369+0530] {subprocess.py:93} INFO - 25/05/14 22:59:00 INFO TaskSetManager: Starting task 0.0 in stage 0.0 (TID 0) (10.255.255.254, executor driver, partition 0, PROCESS_LOCAL, 9518 bytes)
[2025-05-14T22:59:00.384+0530] {subprocess.py:93} INFO - 25/05/14 22:59:00 INFO Executor: Running task 0.0 in stage 0.0 (TID 0)
[2025-05-14T22:59:01.049+0530] {subprocess.py:93} INFO - 25/05/14 22:59:01 INFO Executor: Finished task 0.0 in stage 0.0 (TID 0). 2578 bytes result sent to driver
[2025-05-14T22:59:01.059+0530] {subprocess.py:93} INFO - 25/05/14 22:59:01 INFO TaskSetManager: Finished task 0.0 in stage 0.0 (TID 0) in 717 ms on 10.255.255.254 (executor driver) (1/1)
[2025-05-14T22:59:01.061+0530] {subprocess.py:93} INFO - 25/05/14 22:59:01 INFO TaskSchedulerImpl: Removed TaskSet 0.0, whose tasks have all completed, from pool
[2025-05-14T22:59:01.065+0530] {subprocess.py:93} INFO - 25/05/14 22:59:01 INFO DAGScheduler: ResultStage 0 (parquet at NativeMethodAccessorImpl.java:0) finished in 0.900 s
[2025-05-14T22:59:01.068+0530] {subprocess.py:93} INFO - 25/05/14 22:59:01 INFO DAGScheduler: Job 0 is finished. Cancelling potential speculative or zombie tasks for this job
[2025-05-14T22:59:01.068+0530] {subprocess.py:93} INFO - 25/05/14 22:59:01 INFO TaskSchedulerImpl: Killing all running tasks in stage 0: Stage finished
[2025-05-14T22:59:01.070+0530] {subprocess.py:93} INFO - 25/05/14 22:59:01 INFO DAGScheduler: Job 0 finished: parquet at NativeMethodAccessorImpl.java:0, took 0.946025 s
[2025-05-14T22:59:01.198+0530] {subprocess.py:93} INFO - 25/05/14 22:59:01 INFO BlockManagerInfo: Removed broadcast_0_piece0 on 10.255.255.254:46799 in memory (size: 37.8 KiB, free: 434.4 MiB)
[2025-05-14T22:59:02.295+0530] {subprocess.py:93} INFO - 25/05/14 22:59:02 INFO FileSourceStrategy: Pushed Filters:
[2025-05-14T22:59:02.296+0530] {subprocess.py:93} INFO - 25/05/14 22:59:02 INFO FileSourceStrategy: Post-Scan Filters:
[2025-05-14T22:59:02.395+0530] {subprocess.py:93} INFO - 25/05/14 22:59:02 INFO ParquetUtils: Using default output committer for Parquet: org.apache.parquet.hadoop.ParquetOutputCommitter
[2025-05-14T22:59:02.441+0530] {subprocess.py:93} INFO - 25/05/14 22:59:02 INFO FileOutputCommitter: File Output Committer Algorithm version is 1
[2025-05-14T22:59:02.442+0530] {subprocess.py:93} INFO - 25/05/14 22:59:02 INFO FileOutputCommitter: FileOutputCommitter skip cleanup _temporary folders under output directory:false, ignore cleanup failures: false
[2025-05-14T22:59:02.443+0530] {subprocess.py:93} INFO - 25/05/14 22:59:02 INFO SQLHadoopMapReduceCommitProtocol: Using user defined output committer class org.apache.parquet.hadoop.ParquetOutputCommitter
[2025-05-14T22:59:02.443+0530] {subprocess.py:93} INFO - 25/05/14 22:59:02 INFO FileOutputCommitter: File Output Committer Algorithm version is 1
[2025-05-14T22:59:02.443+0530] {subprocess.py:93} INFO - 25/05/14 22:59:02 INFO FileOutputCommitter: FileOutputCommitter skip cleanup _temporary folders under output directory:false, ignore cleanup failures: false
[2025-05-14T22:59:02.443+0530] {subprocess.py:93} INFO - 25/05/14 22:59:02 INFO SQLHadoopMapReduceCommitProtocol: Using output committer class org.apache.parquet.hadoop.ParquetOutputCommitter
[2025-05-14T22:59:02.725+0530] {subprocess.py:93} INFO - 25/05/14 22:59:02 INFO CodeGenerator: Code generated in 205.405425 ms
[2025-05-14T22:59:02.750+0530] {subprocess.py:93} INFO - 25/05/14 22:59:02 INFO MemoryStore: Block broadcast_1 stored as values in memory (estimated size 204.9 KiB, free 434.2 MiB)
[2025-05-14T22:59:02.765+0530] {subprocess.py:93} INFO - 25/05/14 22:59:02 INFO MemoryStore: Block broadcast_1_piece0 stored as bytes in memory (estimated size 36.4 KiB, free 434.2 MiB)
[2025-05-14T22:59:02.766+0530] {subprocess.py:93} INFO - 25/05/14 22:59:02 INFO BlockManagerInfo: Added broadcast_1_piece0 in memory on 10.255.255.254:46799 (size: 36.4 KiB, free: 434.4 MiB)
[2025-05-14T22:59:02.768+0530] {subprocess.py:93} INFO - 25/05/14 22:59:02 INFO SparkContext: Created broadcast 1 from parquet at NativeMethodAccessorImpl.java:0
[2025-05-14T22:59:02.788+0530] {subprocess.py:93} INFO - 25/05/14 22:59:02 INFO FileSourceScanExec: Planning scan with bin packing, max size: 4194304 bytes, open cost is considered as scanning 4194304 bytes.
[2025-05-14T22:59:02.831+0530] {subprocess.py:93} INFO - 25/05/14 22:59:02 INFO SparkContext: Starting job: parquet at NativeMethodAccessorImpl.java:0
[2025-05-14T22:59:02.833+0530] {subprocess.py:93} INFO - 25/05/14 22:59:02 INFO DAGScheduler: Got job 1 (parquet at NativeMethodAccessorImpl.java:0) with 1 output partitions
[2025-05-14T22:59:02.833+0530] {subprocess.py:93} INFO - 25/05/14 22:59:02 INFO DAGScheduler: Final stage: ResultStage 1 (parquet at NativeMethodAccessorImpl.java:0)
[2025-05-14T22:59:02.833+0530] {subprocess.py:93} INFO - 25/05/14 22:59:02 INFO DAGScheduler: Parents of final stage: List()
[2025-05-14T22:59:02.834+0530] {subprocess.py:93} INFO - 25/05/14 22:59:02 INFO DAGScheduler: Missing parents: List()
[2025-05-14T22:59:02.835+0530] {subprocess.py:93} INFO - 25/05/14 22:59:02 INFO DAGScheduler: Submitting ResultStage 1 (MapPartitionsRDD[5] at parquet at NativeMethodAccessorImpl.java:0), which has no missing parents
[2025-05-14T22:59:02.898+0530] {subprocess.py:93} INFO - 25/05/14 22:59:02 INFO MemoryStore: Block broadcast_2 stored as values in memory (estimated size 230.5 KiB, free 433.9 MiB)
[2025-05-14T22:59:02.907+0530] {subprocess.py:93} INFO - 25/05/14 22:59:02 INFO MemoryStore: Block broadcast_2_piece0 stored as bytes in memory (estimated size 81.0 KiB, free 433.9 MiB)
[2025-05-14T22:59:02.908+0530] {subprocess.py:93} INFO - 25/05/14 22:59:02 INFO BlockManagerInfo: Added broadcast_2_piece0 in memory on 10.255.255.254:46799 (size: 81.0 KiB, free: 434.3 MiB)
[2025-05-14T22:59:02.909+0530] {subprocess.py:93} INFO - 25/05/14 22:59:02 INFO SparkContext: Created broadcast 2 from broadcast at DAGScheduler.scala:1585
[2025-05-14T22:59:02.910+0530] {subprocess.py:93} INFO - 25/05/14 22:59:02 INFO DAGScheduler: Submitting 1 missing tasks from ResultStage 1 (MapPartitionsRDD[5] at parquet at NativeMethodAccessorImpl.java:0) (first 15 tasks are for partitions Vector(0))
[2025-05-14T22:59:02.910+0530] {subprocess.py:93} INFO - 25/05/14 22:59:02 INFO TaskSchedulerImpl: Adding task set 1.0 with 1 tasks resource profile 0
[2025-05-14T22:59:02.916+0530] {subprocess.py:93} INFO - 25/05/14 22:59:02 INFO TaskSetManager: Starting task 0.0 in stage 1.0 (TID 1) (10.255.255.254, executor driver, partition 0, PROCESS_LOCAL, 10023 bytes)
[2025-05-14T22:59:02.917+0530] {subprocess.py:93} INFO - 25/05/14 22:59:02 INFO Executor: Running task 0.0 in stage 1.0 (TID 1)
[2025-05-14T22:59:03.022+0530] {subprocess.py:93} INFO - 25/05/14 22:59:03 INFO CodeGenerator: Code generated in 35.059011 ms
[2025-05-14T22:59:03.028+0530] {subprocess.py:93} INFO - 25/05/14 22:59:03 INFO FileOutputCommitter: File Output Committer Algorithm version is 1
[2025-05-14T22:59:03.029+0530] {subprocess.py:93} INFO - 25/05/14 22:59:03 INFO FileOutputCommitter: FileOutputCommitter skip cleanup _temporary folders under output directory:false, ignore cleanup failures: false
[2025-05-14T22:59:03.029+0530] {subprocess.py:93} INFO - 25/05/14 22:59:03 INFO SQLHadoopMapReduceCommitProtocol: Using user defined output committer class org.apache.parquet.hadoop.ParquetOutputCommitter
[2025-05-14T22:59:03.030+0530] {subprocess.py:93} INFO - 25/05/14 22:59:03 INFO FileOutputCommitter: File Output Committer Algorithm version is 1
[2025-05-14T22:59:03.030+0530] {subprocess.py:93} INFO - 25/05/14 22:59:03 INFO FileOutputCommitter: FileOutputCommitter skip cleanup _temporary folders under output directory:false, ignore cleanup failures: false
[2025-05-14T22:59:03.030+0530] {subprocess.py:93} INFO - 25/05/14 22:59:03 INFO SQLHadoopMapReduceCommitProtocol: Using output committer class org.apache.parquet.hadoop.ParquetOutputCommitter
[2025-05-14T22:59:03.035+0530] {subprocess.py:93} INFO - 25/05/14 22:59:03 INFO CodecConfig: Compression: SNAPPY
[2025-05-14T22:59:03.038+0530] {subprocess.py:93} INFO - 25/05/14 22:59:03 INFO CodecConfig: Compression: SNAPPY
[2025-05-14T22:59:03.064+0530] {subprocess.py:93} INFO - 25/05/14 22:59:03 INFO ParquetOutputFormat: ParquetRecordWriter [block size: 134217728b, row group padding size: 8388608b, validating: false]
[2025-05-14T22:59:03.087+0530] {subprocess.py:93} INFO - 25/05/14 22:59:03 INFO ParquetWriteSupport: Initialized Parquet WriteSupport with Catalyst schema:
[2025-05-14T22:59:03.087+0530] {subprocess.py:93} INFO - {
[2025-05-14T22:59:03.088+0530] {subprocess.py:93} INFO -   "type" : "struct",
[2025-05-14T22:59:03.088+0530] {subprocess.py:93} INFO -   "fields" : [ {
[2025-05-14T22:59:03.088+0530] {subprocess.py:93} INFO -     "name" : "VendorID",
[2025-05-14T22:59:03.088+0530] {subprocess.py:93} INFO -     "type" : "short",
[2025-05-14T22:59:03.089+0530] {subprocess.py:93} INFO -     "nullable" : true,
[2025-05-14T22:59:03.089+0530] {subprocess.py:93} INFO -     "metadata" : { }
[2025-05-14T22:59:03.089+0530] {subprocess.py:93} INFO -   }, {
[2025-05-14T22:59:03.089+0530] {subprocess.py:93} INFO -     "name" : "tpep_pickup_datetime",
[2025-05-14T22:59:03.089+0530] {subprocess.py:93} INFO -     "type" : "timestamp_ntz",
[2025-05-14T22:59:03.089+0530] {subprocess.py:93} INFO -     "nullable" : true,
[2025-05-14T22:59:03.090+0530] {subprocess.py:93} INFO -     "metadata" : { }
[2025-05-14T22:59:03.090+0530] {subprocess.py:93} INFO -   }, {
[2025-05-14T22:59:03.090+0530] {subprocess.py:93} INFO -     "name" : "tpep_dropoff_datetime",
[2025-05-14T22:59:03.090+0530] {subprocess.py:93} INFO -     "type" : "timestamp_ntz",
[2025-05-14T22:59:03.090+0530] {subprocess.py:93} INFO -     "nullable" : true,
[2025-05-14T22:59:03.090+0530] {subprocess.py:93} INFO -     "metadata" : { }
[2025-05-14T22:59:03.090+0530] {subprocess.py:93} INFO -   }, {
[2025-05-14T22:59:03.090+0530] {subprocess.py:93} INFO -     "name" : "passenger_count",
[2025-05-14T22:59:03.090+0530] {subprocess.py:93} INFO -     "type" : "short",
[2025-05-14T22:59:03.090+0530] {subprocess.py:93} INFO -     "nullable" : true,
[2025-05-14T22:59:03.090+0530] {subprocess.py:93} INFO -     "metadata" : { }
[2025-05-14T22:59:03.090+0530] {subprocess.py:93} INFO -   }, {
[2025-05-14T22:59:03.090+0530] {subprocess.py:93} INFO -     "name" : "trip_distance",
[2025-05-14T22:59:03.091+0530] {subprocess.py:93} INFO -     "type" : "double",
[2025-05-14T22:59:03.091+0530] {subprocess.py:93} INFO -     "nullable" : true,
[2025-05-14T22:59:03.091+0530] {subprocess.py:93} INFO -     "metadata" : { }
[2025-05-14T22:59:03.091+0530] {subprocess.py:93} INFO -   }, {
[2025-05-14T22:59:03.091+0530] {subprocess.py:93} INFO -     "name" : "RatecodeID",
[2025-05-14T22:59:03.091+0530] {subprocess.py:93} INFO -     "type" : "short",
[2025-05-14T22:59:03.091+0530] {subprocess.py:93} INFO -     "nullable" : true,
[2025-05-14T22:59:03.091+0530] {subprocess.py:93} INFO -     "metadata" : { }
[2025-05-14T22:59:03.091+0530] {subprocess.py:93} INFO -   }, {
[2025-05-14T22:59:03.091+0530] {subprocess.py:93} INFO -     "name" : "store_and_fwd_flag",
[2025-05-14T22:59:03.091+0530] {subprocess.py:93} INFO -     "type" : "string",
[2025-05-14T22:59:03.092+0530] {subprocess.py:93} INFO -     "nullable" : true,
[2025-05-14T22:59:03.092+0530] {subprocess.py:93} INFO -     "metadata" : { }
[2025-05-14T22:59:03.092+0530] {subprocess.py:93} INFO -   }, {
[2025-05-14T22:59:03.092+0530] {subprocess.py:93} INFO -     "name" : "PULocationID",
[2025-05-14T22:59:03.092+0530] {subprocess.py:93} INFO -     "type" : "integer",
[2025-05-14T22:59:03.092+0530] {subprocess.py:93} INFO -     "nullable" : true,
[2025-05-14T22:59:03.092+0530] {subprocess.py:93} INFO -     "metadata" : { }
[2025-05-14T22:59:03.092+0530] {subprocess.py:93} INFO -   }, {
[2025-05-14T22:59:03.092+0530] {subprocess.py:93} INFO -     "name" : "DOLocationID",
[2025-05-14T22:59:03.092+0530] {subprocess.py:93} INFO -     "type" : "integer",
[2025-05-14T22:59:03.092+0530] {subprocess.py:93} INFO -     "nullable" : true,
[2025-05-14T22:59:03.092+0530] {subprocess.py:93} INFO -     "metadata" : { }
[2025-05-14T22:59:03.092+0530] {subprocess.py:93} INFO -   }, {
[2025-05-14T22:59:03.093+0530] {subprocess.py:93} INFO -     "name" : "payment_type",
[2025-05-14T22:59:03.093+0530] {subprocess.py:93} INFO -     "type" : "short",
[2025-05-14T22:59:03.093+0530] {subprocess.py:93} INFO -     "nullable" : true,
[2025-05-14T22:59:03.093+0530] {subprocess.py:93} INFO -     "metadata" : { }
[2025-05-14T22:59:03.093+0530] {subprocess.py:93} INFO -   }, {
[2025-05-14T22:59:03.093+0530] {subprocess.py:93} INFO -     "name" : "fare_amount",
[2025-05-14T22:59:03.093+0530] {subprocess.py:93} INFO -     "type" : "double",
[2025-05-14T22:59:03.093+0530] {subprocess.py:93} INFO -     "nullable" : true,
[2025-05-14T22:59:03.093+0530] {subprocess.py:93} INFO -     "metadata" : { }
[2025-05-14T22:59:03.093+0530] {subprocess.py:93} INFO -   }, {
[2025-05-14T22:59:03.093+0530] {subprocess.py:93} INFO -     "name" : "extra",
[2025-05-14T22:59:03.093+0530] {subprocess.py:93} INFO -     "type" : "double",
[2025-05-14T22:59:03.094+0530] {subprocess.py:93} INFO -     "nullable" : true,
[2025-05-14T22:59:03.094+0530] {subprocess.py:93} INFO -     "metadata" : { }
[2025-05-14T22:59:03.094+0530] {subprocess.py:93} INFO -   }, {
[2025-05-14T22:59:03.094+0530] {subprocess.py:93} INFO -     "name" : "mta_tax",
[2025-05-14T22:59:03.094+0530] {subprocess.py:93} INFO -     "type" : "double",
[2025-05-14T22:59:03.094+0530] {subprocess.py:93} INFO -     "nullable" : true,
[2025-05-14T22:59:03.094+0530] {subprocess.py:93} INFO -     "metadata" : { }
[2025-05-14T22:59:03.094+0530] {subprocess.py:93} INFO -   }, {
[2025-05-14T22:59:03.094+0530] {subprocess.py:93} INFO -     "name" : "tip_amount",
[2025-05-14T22:59:03.094+0530] {subprocess.py:93} INFO -     "type" : "double",
[2025-05-14T22:59:03.094+0530] {subprocess.py:93} INFO -     "nullable" : true,
[2025-05-14T22:59:03.094+0530] {subprocess.py:93} INFO -     "metadata" : { }
[2025-05-14T22:59:03.094+0530] {subprocess.py:93} INFO -   }, {
[2025-05-14T22:59:03.095+0530] {subprocess.py:93} INFO -     "name" : "tolls_amount",
[2025-05-14T22:59:03.095+0530] {subprocess.py:93} INFO -     "type" : "double",
[2025-05-14T22:59:03.095+0530] {subprocess.py:93} INFO -     "nullable" : true,
[2025-05-14T22:59:03.095+0530] {subprocess.py:93} INFO -     "metadata" : { }
[2025-05-14T22:59:03.095+0530] {subprocess.py:93} INFO -   }, {
[2025-05-14T22:59:03.095+0530] {subprocess.py:93} INFO -     "name" : "improvement_surcharge",
[2025-05-14T22:59:03.095+0530] {subprocess.py:93} INFO -     "type" : "double",
[2025-05-14T22:59:03.096+0530] {subprocess.py:93} INFO -     "nullable" : true,
[2025-05-14T22:59:03.096+0530] {subprocess.py:93} INFO -     "metadata" : { }
[2025-05-14T22:59:03.096+0530] {subprocess.py:93} INFO -   }, {
[2025-05-14T22:59:03.096+0530] {subprocess.py:93} INFO -     "name" : "total_amount",
[2025-05-14T22:59:03.096+0530] {subprocess.py:93} INFO -     "type" : "double",
[2025-05-14T22:59:03.096+0530] {subprocess.py:93} INFO -     "nullable" : true,
[2025-05-14T22:59:03.097+0530] {subprocess.py:93} INFO -     "metadata" : { }
[2025-05-14T22:59:03.097+0530] {subprocess.py:93} INFO -   }, {
[2025-05-14T22:59:03.097+0530] {subprocess.py:93} INFO -     "name" : "congestion_surcharge",
[2025-05-14T22:59:03.097+0530] {subprocess.py:93} INFO -     "type" : "double",
[2025-05-14T22:59:03.097+0530] {subprocess.py:93} INFO -     "nullable" : true,
[2025-05-14T22:59:03.097+0530] {subprocess.py:93} INFO -     "metadata" : { }
[2025-05-14T22:59:03.097+0530] {subprocess.py:93} INFO -   }, {
[2025-05-14T22:59:03.097+0530] {subprocess.py:93} INFO -     "name" : "__null_dask_index__",
[2025-05-14T22:59:03.097+0530] {subprocess.py:93} INFO -     "type" : "long",
[2025-05-14T22:59:03.097+0530] {subprocess.py:93} INFO -     "nullable" : true,
[2025-05-14T22:59:03.097+0530] {subprocess.py:93} INFO -     "metadata" : { }
[2025-05-14T22:59:03.097+0530] {subprocess.py:93} INFO -   } ]
[2025-05-14T22:59:03.097+0530] {subprocess.py:93} INFO - }
[2025-05-14T22:59:03.098+0530] {subprocess.py:93} INFO - and corresponding Parquet message type:
[2025-05-14T22:59:03.098+0530] {subprocess.py:93} INFO - message spark_schema {
[2025-05-14T22:59:03.098+0530] {subprocess.py:93} INFO -   optional int32 VendorID (INTEGER(16,true));
[2025-05-14T22:59:03.098+0530] {subprocess.py:93} INFO -   optional int64 tpep_pickup_datetime (TIMESTAMP(MICROS,false));
[2025-05-14T22:59:03.098+0530] {subprocess.py:93} INFO -   optional int64 tpep_dropoff_datetime (TIMESTAMP(MICROS,false));
[2025-05-14T22:59:03.098+0530] {subprocess.py:93} INFO -   optional int32 passenger_count (INTEGER(16,true));
[2025-05-14T22:59:03.098+0530] {subprocess.py:93} INFO -   optional double trip_distance;
[2025-05-14T22:59:03.098+0530] {subprocess.py:93} INFO -   optional int32 RatecodeID (INTEGER(16,true));
[2025-05-14T22:59:03.098+0530] {subprocess.py:93} INFO -   optional binary store_and_fwd_flag (STRING);
[2025-05-14T22:59:03.098+0530] {subprocess.py:93} INFO -   optional int32 PULocationID;
[2025-05-14T22:59:03.098+0530] {subprocess.py:93} INFO -   optional int32 DOLocationID;
[2025-05-14T22:59:03.098+0530] {subprocess.py:93} INFO -   optional int32 payment_type (INTEGER(16,true));
[2025-05-14T22:59:03.098+0530] {subprocess.py:93} INFO -   optional double fare_amount;
[2025-05-14T22:59:03.098+0530] {subprocess.py:93} INFO -   optional double extra;
[2025-05-14T22:59:03.098+0530] {subprocess.py:93} INFO -   optional double mta_tax;
[2025-05-14T22:59:03.098+0530] {subprocess.py:93} INFO -   optional double tip_amount;
[2025-05-14T22:59:03.099+0530] {subprocess.py:93} INFO -   optional double tolls_amount;
[2025-05-14T22:59:03.099+0530] {subprocess.py:93} INFO -   optional double improvement_surcharge;
[2025-05-14T22:59:03.099+0530] {subprocess.py:93} INFO -   optional double total_amount;
[2025-05-14T22:59:03.099+0530] {subprocess.py:93} INFO -   optional double congestion_surcharge;
[2025-05-14T22:59:03.099+0530] {subprocess.py:93} INFO -   optional int64 __null_dask_index__;
[2025-05-14T22:59:03.099+0530] {subprocess.py:93} INFO - }
[2025-05-14T22:59:03.099+0530] {subprocess.py:93} INFO - 
[2025-05-14T22:59:03.099+0530] {subprocess.py:93} INFO - 
[2025-05-14T22:59:03.126+0530] {subprocess.py:93} INFO - 25/05/14 22:59:03 INFO CodecPool: Got brand-new compressor [.snappy]
[2025-05-14T22:59:03.381+0530] {subprocess.py:93} INFO - 25/05/14 22:59:03 INFO FileScanRDD: Reading File path: abfss://taxidata@tietoevryproject.dfs.core.windows.net/part.73.parquet, range: 0-3155749, partition values: [empty row]
[2025-05-14T22:59:08.960+0530] {subprocess.py:93} INFO - 25/05/14 22:59:08 INFO FileOutputCommitter: Saved output of task 'attempt_202505142259022844889079288389812_0001_m_000000_1' to file:/home/pranav_shirali/airflow-project/nyc_taxi_extracted.parquet/_temporary/0/task_202505142259022844889079288389812_0001_m_000000
[2025-05-14T22:59:08.960+0530] {subprocess.py:93} INFO - 25/05/14 22:59:08 INFO SparkHadoopMapRedUtil: attempt_202505142259022844889079288389812_0001_m_000000_1: Committed. Elapsed time: 1 ms.
[2025-05-14T22:59:08.975+0530] {subprocess.py:93} INFO - 25/05/14 22:59:08 INFO Executor: Finished task 0.0 in stage 1.0 (TID 1). 2821 bytes result sent to driver
[2025-05-14T22:59:08.979+0530] {subprocess.py:93} INFO - 25/05/14 22:59:08 INFO TaskSetManager: Finished task 0.0 in stage 1.0 (TID 1) in 6066 ms on 10.255.255.254 (executor driver) (1/1)
[2025-05-14T22:59:08.979+0530] {subprocess.py:93} INFO - 25/05/14 22:59:08 INFO TaskSchedulerImpl: Removed TaskSet 1.0, whose tasks have all completed, from pool
[2025-05-14T22:59:08.980+0530] {subprocess.py:93} INFO - 25/05/14 22:59:08 INFO DAGScheduler: ResultStage 1 (parquet at NativeMethodAccessorImpl.java:0) finished in 6.142 s
[2025-05-14T22:59:08.980+0530] {subprocess.py:93} INFO - 25/05/14 22:59:08 INFO DAGScheduler: Job 1 is finished. Cancelling potential speculative or zombie tasks for this job
[2025-05-14T22:59:08.981+0530] {subprocess.py:93} INFO - 25/05/14 22:59:08 INFO TaskSchedulerImpl: Killing all running tasks in stage 1: Stage finished
[2025-05-14T22:59:08.981+0530] {subprocess.py:93} INFO - 25/05/14 22:59:08 INFO DAGScheduler: Job 1 finished: parquet at NativeMethodAccessorImpl.java:0, took 6.150045 s
[2025-05-14T22:59:08.984+0530] {subprocess.py:93} INFO - 25/05/14 22:59:08 INFO FileFormatWriter: Start to commit write Job 64cd368a-c1a6-45c4-a5af-6545d773e1c9.
[2025-05-14T22:59:09.004+0530] {subprocess.py:93} INFO - 25/05/14 22:59:09 INFO FileFormatWriter: Write Job 64cd368a-c1a6-45c4-a5af-6545d773e1c9 committed. Elapsed time: 19 ms.
[2025-05-14T22:59:09.007+0530] {subprocess.py:93} INFO - 25/05/14 22:59:09 INFO FileFormatWriter: Finished processing stats for write job 64cd368a-c1a6-45c4-a5af-6545d773e1c9.
[2025-05-14T22:59:09.046+0530] {subprocess.py:93} INFO - 25/05/14 22:59:09 INFO SparkContext: Invoking stop() from shutdown hook
[2025-05-14T22:59:09.047+0530] {subprocess.py:93} INFO - 25/05/14 22:59:09 INFO SparkContext: SparkContext is stopping with exitCode 0.
[2025-05-14T22:59:09.058+0530] {subprocess.py:93} INFO - 25/05/14 22:59:09 INFO SparkUI: Stopped Spark web UI at http://10.255.255.254:4040
[2025-05-14T22:59:09.069+0530] {subprocess.py:93} INFO - 25/05/14 22:59:09 INFO MapOutputTrackerMasterEndpoint: MapOutputTrackerMasterEndpoint stopped!
[2025-05-14T22:59:09.079+0530] {subprocess.py:93} INFO - 25/05/14 22:59:09 INFO MemoryStore: MemoryStore cleared
[2025-05-14T22:59:09.079+0530] {subprocess.py:93} INFO - 25/05/14 22:59:09 INFO BlockManager: BlockManager stopped
[2025-05-14T22:59:09.081+0530] {subprocess.py:93} INFO - 25/05/14 22:59:09 INFO BlockManagerMaster: BlockManagerMaster stopped
[2025-05-14T22:59:09.083+0530] {subprocess.py:93} INFO - 25/05/14 22:59:09 INFO OutputCommitCoordinator$OutputCommitCoordinatorEndpoint: OutputCommitCoordinator stopped!
[2025-05-14T22:59:09.090+0530] {subprocess.py:93} INFO - 25/05/14 22:59:09 INFO SparkContext: Successfully stopped SparkContext
[2025-05-14T22:59:09.090+0530] {subprocess.py:93} INFO - 25/05/14 22:59:09 INFO ShutdownHookManager: Shutdown hook called
[2025-05-14T22:59:09.090+0530] {subprocess.py:93} INFO - 25/05/14 22:59:09 INFO ShutdownHookManager: Deleting directory /tmp/spark-fa8f16f0-b8ce-48a3-8979-c1e3bc70d7f6/pyspark-3001c577-61d8-494f-80eb-e748ff61cc93
[2025-05-14T22:59:09.094+0530] {subprocess.py:93} INFO - 25/05/14 22:59:09 INFO ShutdownHookManager: Deleting directory /tmp/spark-e8180171-3ee9-46ae-b539-f4a437f36cc4
[2025-05-14T22:59:09.096+0530] {subprocess.py:93} INFO - 25/05/14 22:59:09 INFO ShutdownHookManager: Deleting directory /tmp/spark-fa8f16f0-b8ce-48a3-8979-c1e3bc70d7f6
[2025-05-14T22:59:09.149+0530] {subprocess.py:97} INFO - Command exited with return code 0
[2025-05-14T22:59:09.166+0530] {taskinstance.py:340} INFO - ::group::Post task execution logs
[2025-05-14T22:59:09.167+0530] {taskinstance.py:352} INFO - Marking task as SUCCESS. dag_id=nyc_taxi_etl, task_id=extract_from_azure, run_id=manual__2025-05-14T17:28:44.512773+00:00, execution_date=20250514T172844, start_date=20250514T172847, end_date=20250514T172909
[2025-05-14T22:59:09.204+0530] {local_task_job_runner.py:266} INFO - Task exited with return code 0
[2025-05-14T22:59:09.217+0530] {taskinstance.py:3900} INFO - 1 downstream tasks scheduled from follow-on schedule check
[2025-05-14T22:59:09.220+0530] {local_task_job_runner.py:245} INFO - ::endgroup::
