[2025-05-22T21:32:39.127+0530] {local_task_job_runner.py:123} INFO - ::group::Pre task execution logs
[2025-05-22T21:32:39.135+0530] {taskinstance.py:2612} INFO - Dependencies all met for dep_context=non-requeueable deps ti=<TaskInstance: nyc_taxi_etl.extract_from_azure manual__2025-05-22T16:02:36.302008+00:00 [queued]>
[2025-05-22T21:32:39.140+0530] {taskinstance.py:2612} INFO - Dependencies all met for dep_context=requeueable deps ti=<TaskInstance: nyc_taxi_etl.extract_from_azure manual__2025-05-22T16:02:36.302008+00:00 [queued]>
[2025-05-22T21:32:39.140+0530] {taskinstance.py:2865} INFO - Starting attempt 1 of 1
[2025-05-22T21:32:39.153+0530] {taskinstance.py:2888} INFO - Executing <Task(BashOperator): extract_from_azure> on 2025-05-22 16:02:36.302008+00:00
[2025-05-22T21:32:39.155+0530] {standard_task_runner.py:72} INFO - Started process 3634 to run task
[2025-05-22T21:32:39.158+0530] {standard_task_runner.py:104} INFO - Running: ['airflow', 'tasks', 'run', 'nyc_taxi_etl', 'extract_from_azure', 'manual__2025-05-22T16:02:36.302008+00:00', '--job-id', '158', '--raw', '--subdir', 'DAGS_FOLDER/nyc_taxi_etl.py', '--cfg-path', '/tmp/tmpne3b5yrw']
[2025-05-22T21:32:39.159+0530] {standard_task_runner.py:105} INFO - Job 158: Subtask extract_from_azure
[2025-05-22T21:32:39.193+0530] {task_command.py:467} INFO - Running <TaskInstance: nyc_taxi_etl.extract_from_azure manual__2025-05-22T16:02:36.302008+00:00 [running]> on host Voldemort.
[2025-05-22T21:32:39.254+0530] {taskinstance.py:3131} INFO - Exporting env vars: AIRFLOW_CTX_DAG_OWNER='airflow' AIRFLOW_CTX_DAG_ID='nyc_taxi_etl' AIRFLOW_CTX_TASK_ID='extract_from_azure' AIRFLOW_CTX_EXECUTION_DATE='2025-05-22T16:02:36.302008+00:00' AIRFLOW_CTX_TRY_NUMBER='1' AIRFLOW_CTX_DAG_RUN_ID='manual__2025-05-22T16:02:36.302008+00:00'
[2025-05-22T21:32:39.254+0530] {taskinstance.py:731} INFO - ::endgroup::
[2025-05-22T21:32:39.265+0530] {subprocess.py:63} INFO - Tmp dir root location: /tmp
[2025-05-22T21:32:39.266+0530] {subprocess.py:75} INFO - Running command: ['/usr/bin/bash', '-c', '/opt/spark/bin/spark-submit /home/pranav_shirali/airflow-project/scripts/ETL/extract.py']
[2025-05-22T21:32:39.271+0530] {subprocess.py:86} INFO - Output:
[2025-05-22T21:32:40.604+0530] {subprocess.py:93} INFO - 25/05/22 21:32:40 WARN Utils: Your hostname, Voldemort resolves to a loopback address: 127.0.1.1; using 10.255.255.254 instead (on interface lo)
[2025-05-22T21:32:40.607+0530] {subprocess.py:93} INFO - 25/05/22 21:32:40 WARN Utils: Set SPARK_LOCAL_IP if you need to bind to another address
[2025-05-22T21:32:41.393+0530] {subprocess.py:93} INFO - 25/05/22 21:32:41 INFO SparkContext: Running Spark version 3.5.5
[2025-05-22T21:32:41.393+0530] {subprocess.py:93} INFO - 25/05/22 21:32:41 INFO SparkContext: OS info Linux, 5.15.167.4-microsoft-standard-WSL2, amd64
[2025-05-22T21:32:41.393+0530] {subprocess.py:93} INFO - 25/05/22 21:32:41 INFO SparkContext: Java version 11.0.27
[2025-05-22T21:32:41.447+0530] {subprocess.py:93} INFO - 25/05/22 21:32:41 WARN NativeCodeLoader: Unable to load native-hadoop library for your platform... using builtin-java classes where applicable
[2025-05-22T21:32:41.524+0530] {subprocess.py:93} INFO - 25/05/22 21:32:41 INFO ResourceUtils: ==============================================================
[2025-05-22T21:32:41.524+0530] {subprocess.py:93} INFO - 25/05/22 21:32:41 INFO ResourceUtils: No custom resources configured for spark.driver.
[2025-05-22T21:32:41.524+0530] {subprocess.py:93} INFO - 25/05/22 21:32:41 INFO ResourceUtils: ==============================================================
[2025-05-22T21:32:41.524+0530] {subprocess.py:93} INFO - 25/05/22 21:32:41 INFO SparkContext: Submitted application: NYC Taxi Extract
[2025-05-22T21:32:41.542+0530] {subprocess.py:93} INFO - 25/05/22 21:32:41 INFO ResourceProfile: Default ResourceProfile created, executor resources: Map(cores -> name: cores, amount: 1, script: , vendor: , memory -> name: memory, amount: 1024, script: , vendor: , offHeap -> name: offHeap, amount: 0, script: , vendor: ), task resources: Map(cpus -> name: cpus, amount: 1.0)
[2025-05-22T21:32:41.554+0530] {subprocess.py:93} INFO - 25/05/22 21:32:41 INFO ResourceProfile: Limiting resource is cpu
[2025-05-22T21:32:41.555+0530] {subprocess.py:93} INFO - 25/05/22 21:32:41 INFO ResourceProfileManager: Added ResourceProfile id: 0
[2025-05-22T21:32:41.597+0530] {subprocess.py:93} INFO - 25/05/22 21:32:41 INFO SecurityManager: Changing view acls to: pranav_shirali
[2025-05-22T21:32:41.597+0530] {subprocess.py:93} INFO - 25/05/22 21:32:41 INFO SecurityManager: Changing modify acls to: pranav_shirali
[2025-05-22T21:32:41.597+0530] {subprocess.py:93} INFO - 25/05/22 21:32:41 INFO SecurityManager: Changing view acls groups to:
[2025-05-22T21:32:41.598+0530] {subprocess.py:93} INFO - 25/05/22 21:32:41 INFO SecurityManager: Changing modify acls groups to:
[2025-05-22T21:32:41.598+0530] {subprocess.py:93} INFO - 25/05/22 21:32:41 INFO SecurityManager: SecurityManager: authentication disabled; ui acls disabled; users with view permissions: pranav_shirali; groups with view permissions: EMPTY; users with modify permissions: pranav_shirali; groups with modify permissions: EMPTY
[2025-05-22T21:32:41.825+0530] {subprocess.py:93} INFO - 25/05/22 21:32:41 INFO Utils: Successfully started service 'sparkDriver' on port 46501.
[2025-05-22T21:32:41.849+0530] {subprocess.py:93} INFO - 25/05/22 21:32:41 INFO SparkEnv: Registering MapOutputTracker
[2025-05-22T21:32:41.876+0530] {subprocess.py:93} INFO - 25/05/22 21:32:41 INFO SparkEnv: Registering BlockManagerMaster
[2025-05-22T21:32:41.890+0530] {subprocess.py:93} INFO - 25/05/22 21:32:41 INFO BlockManagerMasterEndpoint: Using org.apache.spark.storage.DefaultTopologyMapper for getting topology information
[2025-05-22T21:32:41.891+0530] {subprocess.py:93} INFO - 25/05/22 21:32:41 INFO BlockManagerMasterEndpoint: BlockManagerMasterEndpoint up
[2025-05-22T21:32:41.894+0530] {subprocess.py:93} INFO - 25/05/22 21:32:41 INFO SparkEnv: Registering BlockManagerMasterHeartbeat
[2025-05-22T21:32:41.914+0530] {subprocess.py:93} INFO - 25/05/22 21:32:41 INFO DiskBlockManager: Created local directory at /tmp/blockmgr-e893dc10-4707-4dc3-8410-b6d47fdabb76
[2025-05-22T21:32:41.924+0530] {subprocess.py:93} INFO - 25/05/22 21:32:41 INFO MemoryStore: MemoryStore started with capacity 434.4 MiB
[2025-05-22T21:32:41.935+0530] {subprocess.py:93} INFO - 25/05/22 21:32:41 INFO SparkEnv: Registering OutputCommitCoordinator
[2025-05-22T21:32:42.082+0530] {subprocess.py:93} INFO - 25/05/22 21:32:42 INFO JettyUtils: Start Jetty 0.0.0.0:4040 for SparkUI
[2025-05-22T21:32:42.130+0530] {subprocess.py:93} INFO - 25/05/22 21:32:42 INFO Utils: Successfully started service 'SparkUI' on port 4040.
[2025-05-22T21:32:42.162+0530] {subprocess.py:93} INFO - 25/05/22 21:32:42 INFO SparkContext: Added JAR /opt/spark/jars/hadoop-azure-3.3.1.jar at spark://10.255.255.254:46501/jars/hadoop-azure-3.3.1.jar with timestamp 1747929761384
[2025-05-22T21:32:42.162+0530] {subprocess.py:93} INFO - 25/05/22 21:32:42 INFO SparkContext: Added JAR /opt/spark/jars/azure-storage-8.6.6.jar at spark://10.255.255.254:46501/jars/azure-storage-8.6.6.jar with timestamp 1747929761384
[2025-05-22T21:32:42.162+0530] {subprocess.py:93} INFO - 25/05/22 21:32:42 INFO SparkContext: Added JAR /opt/spark/jars/hadoop-azure-datalake-3.3.1.jar at spark://10.255.255.254:46501/jars/hadoop-azure-datalake-3.3.1.jar with timestamp 1747929761384
[2025-05-22T21:32:42.221+0530] {subprocess.py:93} INFO - 25/05/22 21:32:42 INFO Executor: Starting executor ID driver on host 10.255.255.254
[2025-05-22T21:32:42.221+0530] {subprocess.py:93} INFO - 25/05/22 21:32:42 INFO Executor: OS info Linux, 5.15.167.4-microsoft-standard-WSL2, amd64
[2025-05-22T21:32:42.221+0530] {subprocess.py:93} INFO - 25/05/22 21:32:42 INFO Executor: Java version 11.0.27
[2025-05-22T21:32:42.230+0530] {subprocess.py:93} INFO - 25/05/22 21:32:42 INFO Executor: Starting executor with user classpath (userClassPathFirst = false): ''
[2025-05-22T21:32:42.231+0530] {subprocess.py:93} INFO - 25/05/22 21:32:42 INFO Executor: Created or updated repl class loader org.apache.spark.util.MutableURLClassLoader@4d117c6e for default.
[2025-05-22T21:32:42.241+0530] {subprocess.py:93} INFO - 25/05/22 21:32:42 INFO Executor: Fetching spark://10.255.255.254:46501/jars/hadoop-azure-3.3.1.jar with timestamp 1747929761384
[2025-05-22T21:32:42.293+0530] {subprocess.py:93} INFO - 25/05/22 21:32:42 INFO TransportClientFactory: Successfully created connection to /10.255.255.254:46501 after 23 ms (0 ms spent in bootstraps)
[2025-05-22T21:32:42.299+0530] {subprocess.py:93} INFO - 25/05/22 21:32:42 INFO Utils: Fetching spark://10.255.255.254:46501/jars/hadoop-azure-3.3.1.jar to /tmp/spark-c468a868-14bd-4089-b205-41c463603754/userFiles-605db818-31b1-4269-8ba3-47f76d36c073/fetchFileTemp10050328832905254926.tmp
[2025-05-22T21:32:42.331+0530] {subprocess.py:93} INFO - 25/05/22 21:32:42 INFO Executor: Adding file:/tmp/spark-c468a868-14bd-4089-b205-41c463603754/userFiles-605db818-31b1-4269-8ba3-47f76d36c073/hadoop-azure-3.3.1.jar to class loader default
[2025-05-22T21:32:42.332+0530] {subprocess.py:93} INFO - 25/05/22 21:32:42 INFO Executor: Fetching spark://10.255.255.254:46501/jars/hadoop-azure-datalake-3.3.1.jar with timestamp 1747929761384
[2025-05-22T21:32:42.333+0530] {subprocess.py:93} INFO - 25/05/22 21:32:42 INFO Utils: Fetching spark://10.255.255.254:46501/jars/hadoop-azure-datalake-3.3.1.jar to /tmp/spark-c468a868-14bd-4089-b205-41c463603754/userFiles-605db818-31b1-4269-8ba3-47f76d36c073/fetchFileTemp18302740181855729270.tmp
[2025-05-22T21:32:42.337+0530] {subprocess.py:93} INFO - 25/05/22 21:32:42 INFO Executor: Adding file:/tmp/spark-c468a868-14bd-4089-b205-41c463603754/userFiles-605db818-31b1-4269-8ba3-47f76d36c073/hadoop-azure-datalake-3.3.1.jar to class loader default
[2025-05-22T21:32:42.338+0530] {subprocess.py:93} INFO - 25/05/22 21:32:42 INFO Executor: Fetching spark://10.255.255.254:46501/jars/azure-storage-8.6.6.jar with timestamp 1747929761384
[2025-05-22T21:32:42.339+0530] {subprocess.py:93} INFO - 25/05/22 21:32:42 INFO Utils: Fetching spark://10.255.255.254:46501/jars/azure-storage-8.6.6.jar to /tmp/spark-c468a868-14bd-4089-b205-41c463603754/userFiles-605db818-31b1-4269-8ba3-47f76d36c073/fetchFileTemp3933273123022304020.tmp
[2025-05-22T21:32:42.347+0530] {subprocess.py:93} INFO - 25/05/22 21:32:42 INFO Executor: Adding file:/tmp/spark-c468a868-14bd-4089-b205-41c463603754/userFiles-605db818-31b1-4269-8ba3-47f76d36c073/azure-storage-8.6.6.jar to class loader default
[2025-05-22T21:32:42.355+0530] {subprocess.py:93} INFO - 25/05/22 21:32:42 INFO Utils: Successfully started service 'org.apache.spark.network.netty.NettyBlockTransferService' on port 40281.
[2025-05-22T21:32:42.356+0530] {subprocess.py:93} INFO - 25/05/22 21:32:42 INFO NettyBlockTransferService: Server created on 10.255.255.254:40281
[2025-05-22T21:32:42.358+0530] {subprocess.py:93} INFO - 25/05/22 21:32:42 INFO BlockManager: Using org.apache.spark.storage.RandomBlockReplicationPolicy for block replication policy
[2025-05-22T21:32:42.362+0530] {subprocess.py:93} INFO - 25/05/22 21:32:42 INFO BlockManagerMaster: Registering BlockManager BlockManagerId(driver, 10.255.255.254, 40281, None)
[2025-05-22T21:32:42.366+0530] {subprocess.py:93} INFO - 25/05/22 21:32:42 INFO BlockManagerMasterEndpoint: Registering block manager 10.255.255.254:40281 with 434.4 MiB RAM, BlockManagerId(driver, 10.255.255.254, 40281, None)
[2025-05-22T21:32:42.370+0530] {subprocess.py:93} INFO - 25/05/22 21:32:42 INFO BlockManagerMaster: Registered BlockManager BlockManagerId(driver, 10.255.255.254, 40281, None)
[2025-05-22T21:32:42.372+0530] {subprocess.py:93} INFO - 25/05/22 21:32:42 INFO BlockManager: Initialized BlockManager: BlockManagerId(driver, 10.255.255.254, 40281, None)
[2025-05-22T21:32:42.805+0530] {subprocess.py:93} INFO - 25/05/22 21:32:42 INFO SharedState: Setting hive.metastore.warehouse.dir ('null') to the value of spark.sql.warehouse.dir.
[2025-05-22T21:32:42.813+0530] {subprocess.py:93} INFO - 25/05/22 21:32:42 INFO SharedState: Warehouse path is 'file:/tmp/airflowtmpq_dec6ah/spark-warehouse'.
[2025-05-22T21:32:45.700+0530] {subprocess.py:93} INFO - 25/05/22 21:32:45 INFO InMemoryFileIndex: It took 359 ms to list leaf files for 1 paths.
[2025-05-22T21:32:46.062+0530] {subprocess.py:93} INFO - 25/05/22 21:32:46 INFO SparkContext: Starting job: parquet at NativeMethodAccessorImpl.java:0
[2025-05-22T21:32:46.074+0530] {subprocess.py:93} INFO - 25/05/22 21:32:46 INFO DAGScheduler: Got job 0 (parquet at NativeMethodAccessorImpl.java:0) with 1 output partitions
[2025-05-22T21:32:46.074+0530] {subprocess.py:93} INFO - 25/05/22 21:32:46 INFO DAGScheduler: Final stage: ResultStage 0 (parquet at NativeMethodAccessorImpl.java:0)
[2025-05-22T21:32:46.074+0530] {subprocess.py:93} INFO - 25/05/22 21:32:46 INFO DAGScheduler: Parents of final stage: List()
[2025-05-22T21:32:46.075+0530] {subprocess.py:93} INFO - 25/05/22 21:32:46 INFO DAGScheduler: Missing parents: List()
[2025-05-22T21:32:46.079+0530] {subprocess.py:93} INFO - 25/05/22 21:32:46 INFO DAGScheduler: Submitting ResultStage 0 (MapPartitionsRDD[1] at parquet at NativeMethodAccessorImpl.java:0), which has no missing parents
[2025-05-22T21:32:46.124+0530] {subprocess.py:93} INFO - 25/05/22 21:32:46 INFO MemoryStore: Block broadcast_0 stored as values in memory (estimated size 104.4 KiB, free 434.3 MiB)
[2025-05-22T21:32:46.147+0530] {subprocess.py:93} INFO - 25/05/22 21:32:46 INFO MemoryStore: Block broadcast_0_piece0 stored as bytes in memory (estimated size 37.8 KiB, free 434.3 MiB)
[2025-05-22T21:32:46.149+0530] {subprocess.py:93} INFO - 25/05/22 21:32:46 INFO BlockManagerInfo: Added broadcast_0_piece0 in memory on 10.255.255.254:40281 (size: 37.8 KiB, free: 434.4 MiB)
[2025-05-22T21:32:46.153+0530] {subprocess.py:93} INFO - 25/05/22 21:32:46 INFO SparkContext: Created broadcast 0 from broadcast at DAGScheduler.scala:1585
[2025-05-22T21:32:46.169+0530] {subprocess.py:93} INFO - 25/05/22 21:32:46 INFO DAGScheduler: Submitting 1 missing tasks from ResultStage 0 (MapPartitionsRDD[1] at parquet at NativeMethodAccessorImpl.java:0) (first 15 tasks are for partitions Vector(0))
[2025-05-22T21:32:46.170+0530] {subprocess.py:93} INFO - 25/05/22 21:32:46 INFO TaskSchedulerImpl: Adding task set 0.0 with 1 tasks resource profile 0
[2025-05-22T21:32:46.217+0530] {subprocess.py:93} INFO - 25/05/22 21:32:46 INFO TaskSetManager: Starting task 0.0 in stage 0.0 (TID 0) (10.255.255.254, executor driver, partition 0, PROCESS_LOCAL, 9523 bytes)
[2025-05-22T21:32:46.230+0530] {subprocess.py:93} INFO - 25/05/22 21:32:46 INFO Executor: Running task 0.0 in stage 0.0 (TID 0)
[2025-05-22T21:32:47.210+0530] {subprocess.py:93} INFO - 25/05/22 21:32:47 INFO Executor: Finished task 0.0 in stage 0.0 (TID 0). 2578 bytes result sent to driver
[2025-05-22T21:32:47.223+0530] {subprocess.py:93} INFO - 25/05/22 21:32:47 INFO TaskSetManager: Finished task 0.0 in stage 0.0 (TID 0) in 1026 ms on 10.255.255.254 (executor driver) (1/1)
[2025-05-22T21:32:47.224+0530] {subprocess.py:93} INFO - 25/05/22 21:32:47 INFO TaskSchedulerImpl: Removed TaskSet 0.0, whose tasks have all completed, from pool
[2025-05-22T21:32:47.227+0530] {subprocess.py:93} INFO - 25/05/22 21:32:47 INFO DAGScheduler: ResultStage 0 (parquet at NativeMethodAccessorImpl.java:0) finished in 1.140 s
[2025-05-22T21:32:47.229+0530] {subprocess.py:93} INFO - 25/05/22 21:32:47 INFO DAGScheduler: Job 0 is finished. Cancelling potential speculative or zombie tasks for this job
[2025-05-22T21:32:47.230+0530] {subprocess.py:93} INFO - 25/05/22 21:32:47 INFO TaskSchedulerImpl: Killing all running tasks in stage 0: Stage finished
[2025-05-22T21:32:47.231+0530] {subprocess.py:93} INFO - 25/05/22 21:32:47 INFO DAGScheduler: Job 0 finished: parquet at NativeMethodAccessorImpl.java:0, took 1.168374 s
[2025-05-22T21:32:47.317+0530] {subprocess.py:93} INFO - 25/05/22 21:32:47 INFO BlockManagerInfo: Removed broadcast_0_piece0 on 10.255.255.254:40281 in memory (size: 37.8 KiB, free: 434.4 MiB)
[2025-05-22T21:32:48.115+0530] {subprocess.py:93} INFO - 25/05/22 21:32:48 INFO FileSourceStrategy: Pushed Filters:
[2025-05-22T21:32:48.116+0530] {subprocess.py:93} INFO - 25/05/22 21:32:48 INFO FileSourceStrategy: Post-Scan Filters:
[2025-05-22T21:32:48.214+0530] {subprocess.py:93} INFO - 25/05/22 21:32:48 INFO ParquetUtils: Using default output committer for Parquet: org.apache.parquet.hadoop.ParquetOutputCommitter
[2025-05-22T21:32:48.242+0530] {subprocess.py:93} INFO - 25/05/22 21:32:48 INFO FileOutputCommitter: File Output Committer Algorithm version is 1
[2025-05-22T21:32:48.243+0530] {subprocess.py:93} INFO - 25/05/22 21:32:48 INFO FileOutputCommitter: FileOutputCommitter skip cleanup _temporary folders under output directory:false, ignore cleanup failures: false
[2025-05-22T21:32:48.243+0530] {subprocess.py:93} INFO - 25/05/22 21:32:48 INFO SQLHadoopMapReduceCommitProtocol: Using user defined output committer class org.apache.parquet.hadoop.ParquetOutputCommitter
[2025-05-22T21:32:48.243+0530] {subprocess.py:93} INFO - 25/05/22 21:32:48 INFO FileOutputCommitter: File Output Committer Algorithm version is 1
[2025-05-22T21:32:48.244+0530] {subprocess.py:93} INFO - 25/05/22 21:32:48 INFO FileOutputCommitter: FileOutputCommitter skip cleanup _temporary folders under output directory:false, ignore cleanup failures: false
[2025-05-22T21:32:48.244+0530] {subprocess.py:93} INFO - 25/05/22 21:32:48 INFO SQLHadoopMapReduceCommitProtocol: Using output committer class org.apache.parquet.hadoop.ParquetOutputCommitter
[2025-05-22T21:32:48.480+0530] {subprocess.py:93} INFO - 25/05/22 21:32:48 INFO CodeGenerator: Code generated in 170.645861 ms
[2025-05-22T21:32:48.498+0530] {subprocess.py:93} INFO - 25/05/22 21:32:48 INFO MemoryStore: Block broadcast_1 stored as values in memory (estimated size 204.9 KiB, free 434.2 MiB)
[2025-05-22T21:32:48.517+0530] {subprocess.py:93} INFO - 25/05/22 21:32:48 INFO MemoryStore: Block broadcast_1_piece0 stored as bytes in memory (estimated size 36.4 KiB, free 434.2 MiB)
[2025-05-22T21:32:48.517+0530] {subprocess.py:93} INFO - 25/05/22 21:32:48 INFO BlockManagerInfo: Added broadcast_1_piece0 in memory on 10.255.255.254:40281 (size: 36.4 KiB, free: 434.4 MiB)
[2025-05-22T21:32:48.519+0530] {subprocess.py:93} INFO - 25/05/22 21:32:48 INFO SparkContext: Created broadcast 1 from parquet at NativeMethodAccessorImpl.java:0
[2025-05-22T21:32:48.537+0530] {subprocess.py:93} INFO - 25/05/22 21:32:48 INFO FileSourceScanExec: Planning scan with bin packing, max size: 4194304 bytes, open cost is considered as scanning 4194304 bytes.
[2025-05-22T21:32:48.571+0530] {subprocess.py:93} INFO - 25/05/22 21:32:48 INFO SparkContext: Starting job: parquet at NativeMethodAccessorImpl.java:0
[2025-05-22T21:32:48.572+0530] {subprocess.py:93} INFO - 25/05/22 21:32:48 INFO DAGScheduler: Got job 1 (parquet at NativeMethodAccessorImpl.java:0) with 10 output partitions
[2025-05-22T21:32:48.572+0530] {subprocess.py:93} INFO - 25/05/22 21:32:48 INFO DAGScheduler: Final stage: ResultStage 1 (parquet at NativeMethodAccessorImpl.java:0)
[2025-05-22T21:32:48.572+0530] {subprocess.py:93} INFO - 25/05/22 21:32:48 INFO DAGScheduler: Parents of final stage: List()
[2025-05-22T21:32:48.573+0530] {subprocess.py:93} INFO - 25/05/22 21:32:48 INFO DAGScheduler: Missing parents: List()
[2025-05-22T21:32:48.574+0530] {subprocess.py:93} INFO - 25/05/22 21:32:48 INFO DAGScheduler: Submitting ResultStage 1 (MapPartitionsRDD[5] at parquet at NativeMethodAccessorImpl.java:0), which has no missing parents
[2025-05-22T21:32:48.618+0530] {subprocess.py:93} INFO - 25/05/22 21:32:48 INFO MemoryStore: Block broadcast_2 stored as values in memory (estimated size 230.5 KiB, free 433.9 MiB)
[2025-05-22T21:32:48.624+0530] {subprocess.py:93} INFO - 25/05/22 21:32:48 INFO MemoryStore: Block broadcast_2_piece0 stored as bytes in memory (estimated size 81.1 KiB, free 433.9 MiB)
[2025-05-22T21:32:48.626+0530] {subprocess.py:93} INFO - 25/05/22 21:32:48 INFO BlockManagerInfo: Added broadcast_2_piece0 in memory on 10.255.255.254:40281 (size: 81.1 KiB, free: 434.3 MiB)
[2025-05-22T21:32:48.626+0530] {subprocess.py:93} INFO - 25/05/22 21:32:48 INFO SparkContext: Created broadcast 2 from broadcast at DAGScheduler.scala:1585
[2025-05-22T21:32:48.627+0530] {subprocess.py:93} INFO - 25/05/22 21:32:48 INFO DAGScheduler: Submitting 10 missing tasks from ResultStage 1 (MapPartitionsRDD[5] at parquet at NativeMethodAccessorImpl.java:0) (first 15 tasks are for partitions Vector(0, 1, 2, 3, 4, 5, 6, 7, 8, 9))
[2025-05-22T21:32:48.628+0530] {subprocess.py:93} INFO - 25/05/22 21:32:48 INFO TaskSchedulerImpl: Adding task set 1.0 with 10 tasks resource profile 0
[2025-05-22T21:32:48.632+0530] {subprocess.py:93} INFO - 25/05/22 21:32:48 INFO TaskSetManager: Starting task 0.0 in stage 1.0 (TID 1) (10.255.255.254, executor driver, partition 0, PROCESS_LOCAL, 10028 bytes)
[2025-05-22T21:32:48.633+0530] {subprocess.py:93} INFO - 25/05/22 21:32:48 INFO TaskSetManager: Starting task 1.0 in stage 1.0 (TID 2) (10.255.255.254, executor driver, partition 1, PROCESS_LOCAL, 10028 bytes)
[2025-05-22T21:32:48.634+0530] {subprocess.py:93} INFO - 25/05/22 21:32:48 INFO TaskSetManager: Starting task 2.0 in stage 1.0 (TID 3) (10.255.255.254, executor driver, partition 2, PROCESS_LOCAL, 10028 bytes)
[2025-05-22T21:32:48.635+0530] {subprocess.py:93} INFO - 25/05/22 21:32:48 INFO TaskSetManager: Starting task 3.0 in stage 1.0 (TID 4) (10.255.255.254, executor driver, partition 3, PROCESS_LOCAL, 10028 bytes)
[2025-05-22T21:32:48.635+0530] {subprocess.py:93} INFO - 25/05/22 21:32:48 INFO TaskSetManager: Starting task 4.0 in stage 1.0 (TID 5) (10.255.255.254, executor driver, partition 4, PROCESS_LOCAL, 10028 bytes)
[2025-05-22T21:32:48.635+0530] {subprocess.py:93} INFO - 25/05/22 21:32:48 INFO TaskSetManager: Starting task 5.0 in stage 1.0 (TID 6) (10.255.255.254, executor driver, partition 5, PROCESS_LOCAL, 10028 bytes)
[2025-05-22T21:32:48.635+0530] {subprocess.py:93} INFO - 25/05/22 21:32:48 INFO TaskSetManager: Starting task 6.0 in stage 1.0 (TID 7) (10.255.255.254, executor driver, partition 6, PROCESS_LOCAL, 10028 bytes)
[2025-05-22T21:32:48.635+0530] {subprocess.py:93} INFO - 25/05/22 21:32:48 INFO TaskSetManager: Starting task 7.0 in stage 1.0 (TID 8) (10.255.255.254, executor driver, partition 7, PROCESS_LOCAL, 10028 bytes)
[2025-05-22T21:32:48.635+0530] {subprocess.py:93} INFO - 25/05/22 21:32:48 INFO TaskSetManager: Starting task 8.0 in stage 1.0 (TID 9) (10.255.255.254, executor driver, partition 8, PROCESS_LOCAL, 10028 bytes)
[2025-05-22T21:32:48.636+0530] {subprocess.py:93} INFO - 25/05/22 21:32:48 INFO TaskSetManager: Starting task 9.0 in stage 1.0 (TID 10) (10.255.255.254, executor driver, partition 9, PROCESS_LOCAL, 10028 bytes)
[2025-05-22T21:32:48.636+0530] {subprocess.py:93} INFO - 25/05/22 21:32:48 INFO Executor: Running task 0.0 in stage 1.0 (TID 1)
[2025-05-22T21:32:48.643+0530] {subprocess.py:93} INFO - 25/05/22 21:32:48 INFO Executor: Running task 1.0 in stage 1.0 (TID 2)
[2025-05-22T21:32:48.644+0530] {subprocess.py:93} INFO - 25/05/22 21:32:48 INFO Executor: Running task 2.0 in stage 1.0 (TID 3)
[2025-05-22T21:32:48.644+0530] {subprocess.py:93} INFO - 25/05/22 21:32:48 INFO Executor: Running task 6.0 in stage 1.0 (TID 7)
[2025-05-22T21:32:48.644+0530] {subprocess.py:93} INFO - 25/05/22 21:32:48 INFO Executor: Running task 7.0 in stage 1.0 (TID 8)
[2025-05-22T21:32:48.644+0530] {subprocess.py:93} INFO - 25/05/22 21:32:48 INFO Executor: Running task 8.0 in stage 1.0 (TID 9)
[2025-05-22T21:32:48.644+0530] {subprocess.py:93} INFO - 25/05/22 21:32:48 INFO Executor: Running task 4.0 in stage 1.0 (TID 5)
[2025-05-22T21:32:48.644+0530] {subprocess.py:93} INFO - 25/05/22 21:32:48 INFO Executor: Running task 9.0 in stage 1.0 (TID 10)
[2025-05-22T21:32:48.644+0530] {subprocess.py:93} INFO - 25/05/22 21:32:48 INFO Executor: Running task 3.0 in stage 1.0 (TID 4)
[2025-05-22T21:32:48.647+0530] {subprocess.py:93} INFO - 25/05/22 21:32:48 INFO Executor: Running task 5.0 in stage 1.0 (TID 6)
[2025-05-22T21:32:48.816+0530] {subprocess.py:93} INFO - 25/05/22 21:32:48 INFO CodeGenerator: Code generated in 29.630455 ms
[2025-05-22T21:32:48.822+0530] {subprocess.py:93} INFO - 25/05/22 21:32:48 INFO FileOutputCommitter: File Output Committer Algorithm version is 1
[2025-05-22T21:32:48.822+0530] {subprocess.py:93} INFO - 25/05/22 21:32:48 INFO FileOutputCommitter: File Output Committer Algorithm version is 1
[2025-05-22T21:32:48.822+0530] {subprocess.py:93} INFO - 25/05/22 21:32:48 INFO FileOutputCommitter: File Output Committer Algorithm version is 1
[2025-05-22T21:32:48.823+0530] {subprocess.py:93} INFO - 25/05/22 21:32:48 INFO FileOutputCommitter: File Output Committer Algorithm version is 1
[2025-05-22T21:32:48.823+0530] {subprocess.py:93} INFO - 25/05/22 21:32:48 INFO FileOutputCommitter: File Output Committer Algorithm version is 1
[2025-05-22T21:32:48.823+0530] {subprocess.py:93} INFO - 25/05/22 21:32:48 INFO FileOutputCommitter: FileOutputCommitter skip cleanup _temporary folders under output directory:false, ignore cleanup failures: false
[2025-05-22T21:32:48.823+0530] {subprocess.py:93} INFO - 25/05/22 21:32:48 INFO FileOutputCommitter: FileOutputCommitter skip cleanup _temporary folders under output directory:false, ignore cleanup failures: false
[2025-05-22T21:32:48.823+0530] {subprocess.py:93} INFO - 25/05/22 21:32:48 INFO FileOutputCommitter: FileOutputCommitter skip cleanup _temporary folders under output directory:false, ignore cleanup failures: false
[2025-05-22T21:32:48.823+0530] {subprocess.py:93} INFO - 25/05/22 21:32:48 INFO FileOutputCommitter: File Output Committer Algorithm version is 1
[2025-05-22T21:32:48.823+0530] {subprocess.py:93} INFO - 25/05/22 21:32:48 INFO FileOutputCommitter: File Output Committer Algorithm version is 1
[2025-05-22T21:32:48.823+0530] {subprocess.py:93} INFO - 25/05/22 21:32:48 INFO FileOutputCommitter: FileOutputCommitter skip cleanup _temporary folders under output directory:false, ignore cleanup failures: false
[2025-05-22T21:32:48.824+0530] {subprocess.py:93} INFO - 25/05/22 21:32:48 INFO FileOutputCommitter: FileOutputCommitter skip cleanup _temporary folders under output directory:false, ignore cleanup failures: false
[2025-05-22T21:32:48.824+0530] {subprocess.py:93} INFO - 25/05/22 21:32:48 INFO SQLHadoopMapReduceCommitProtocol: Using user defined output committer class org.apache.parquet.hadoop.ParquetOutputCommitter
[2025-05-22T21:32:48.824+0530] {subprocess.py:93} INFO - 25/05/22 21:32:48 INFO SQLHadoopMapReduceCommitProtocol: Using user defined output committer class org.apache.parquet.hadoop.ParquetOutputCommitter
[2025-05-22T21:32:48.824+0530] {subprocess.py:93} INFO - 25/05/22 21:32:48 INFO FileOutputCommitter: File Output Committer Algorithm version is 1
[2025-05-22T21:32:48.824+0530] {subprocess.py:93} INFO - 25/05/22 21:32:48 INFO FileOutputCommitter: File Output Committer Algorithm version is 1
[2025-05-22T21:32:48.824+0530] {subprocess.py:93} INFO - 25/05/22 21:32:48 INFO FileOutputCommitter: FileOutputCommitter skip cleanup _temporary folders under output directory:false, ignore cleanup failures: false
[2025-05-22T21:32:48.824+0530] {subprocess.py:93} INFO - 25/05/22 21:32:48 INFO FileOutputCommitter: FileOutputCommitter skip cleanup _temporary folders under output directory:false, ignore cleanup failures: false
[2025-05-22T21:32:48.824+0530] {subprocess.py:93} INFO - 25/05/22 21:32:48 INFO FileOutputCommitter: File Output Committer Algorithm version is 1
[2025-05-22T21:32:48.824+0530] {subprocess.py:93} INFO - 25/05/22 21:32:48 INFO SQLHadoopMapReduceCommitProtocol: Using user defined output committer class org.apache.parquet.hadoop.ParquetOutputCommitter
[2025-05-22T21:32:48.825+0530] {subprocess.py:93} INFO - 25/05/22 21:32:48 INFO SQLHadoopMapReduceCommitProtocol: Using user defined output committer class org.apache.parquet.hadoop.ParquetOutputCommitter
[2025-05-22T21:32:48.825+0530] {subprocess.py:93} INFO - 25/05/22 21:32:48 INFO FileOutputCommitter: FileOutputCommitter skip cleanup _temporary folders under output directory:false, ignore cleanup failures: false
[2025-05-22T21:32:48.825+0530] {subprocess.py:93} INFO - 25/05/22 21:32:48 INFO FileOutputCommitter: File Output Committer Algorithm version is 1
[2025-05-22T21:32:48.825+0530] {subprocess.py:93} INFO - 25/05/22 21:32:48 INFO FileOutputCommitter: File Output Committer Algorithm version is 1
[2025-05-22T21:32:48.825+0530] {subprocess.py:93} INFO - 25/05/22 21:32:48 INFO FileOutputCommitter: FileOutputCommitter skip cleanup _temporary folders under output directory:false, ignore cleanup failures: false
[2025-05-22T21:32:48.825+0530] {subprocess.py:93} INFO - 25/05/22 21:32:48 INFO FileOutputCommitter: FileOutputCommitter skip cleanup _temporary folders under output directory:false, ignore cleanup failures: false
[2025-05-22T21:32:48.825+0530] {subprocess.py:93} INFO - 25/05/22 21:32:48 INFO SQLHadoopMapReduceCommitProtocol: Using output committer class org.apache.parquet.hadoop.ParquetOutputCommitter
[2025-05-22T21:32:48.826+0530] {subprocess.py:93} INFO - 25/05/22 21:32:48 INFO SQLHadoopMapReduceCommitProtocol: Using output committer class org.apache.parquet.hadoop.ParquetOutputCommitter
[2025-05-22T21:32:48.826+0530] {subprocess.py:93} INFO - 25/05/22 21:32:48 INFO SQLHadoopMapReduceCommitProtocol: Using user defined output committer class org.apache.parquet.hadoop.ParquetOutputCommitter
[2025-05-22T21:32:48.826+0530] {subprocess.py:93} INFO - 25/05/22 21:32:48 INFO FileOutputCommitter: File Output Committer Algorithm version is 1
[2025-05-22T21:32:48.826+0530] {subprocess.py:93} INFO - 25/05/22 21:32:48 INFO SQLHadoopMapReduceCommitProtocol: Using output committer class org.apache.parquet.hadoop.ParquetOutputCommitter
[2025-05-22T21:32:48.826+0530] {subprocess.py:93} INFO - 25/05/22 21:32:48 INFO FileOutputCommitter: FileOutputCommitter skip cleanup _temporary folders under output directory:false, ignore cleanup failures: false
[2025-05-22T21:32:48.826+0530] {subprocess.py:93} INFO - 25/05/22 21:32:48 INFO FileScanRDD: Reading File path: abfss://nyc-taxi-data@tietoevryproject1.dfs.core.windows.net/part.0.parquet, range: 16777216-20971520, partition values: [empty row]
[2025-05-22T21:32:48.826+0530] {subprocess.py:93} INFO - 25/05/22 21:32:48 INFO FileScanRDD: Reading File path: abfss://nyc-taxi-data@tietoevryproject1.dfs.core.windows.net/part.0.parquet, range: 20971520-25165824, partition values: [empty row]
[2025-05-22T21:32:48.826+0530] {subprocess.py:93} INFO - 25/05/22 21:32:48 INFO SQLHadoopMapReduceCommitProtocol: Using output committer class org.apache.parquet.hadoop.ParquetOutputCommitter
[2025-05-22T21:32:48.827+0530] {subprocess.py:93} INFO - 25/05/22 21:32:48 INFO FileOutputCommitter: File Output Committer Algorithm version is 1
[2025-05-22T21:32:48.827+0530] {subprocess.py:93} INFO - 25/05/22 21:32:48 INFO FileOutputCommitter: File Output Committer Algorithm version is 1
[2025-05-22T21:32:48.827+0530] {subprocess.py:93} INFO - 25/05/22 21:32:48 INFO FileOutputCommitter: FileOutputCommitter skip cleanup _temporary folders under output directory:false, ignore cleanup failures: false
[2025-05-22T21:32:48.827+0530] {subprocess.py:93} INFO - 25/05/22 21:32:48 INFO FileOutputCommitter: FileOutputCommitter skip cleanup _temporary folders under output directory:false, ignore cleanup failures: false
[2025-05-22T21:32:48.827+0530] {subprocess.py:93} INFO - 25/05/22 21:32:48 INFO FileScanRDD: Reading File path: abfss://nyc-taxi-data@tietoevryproject1.dfs.core.windows.net/part.0.parquet, range: 4194304-8388608, partition values: [empty row]
[2025-05-22T21:32:48.827+0530] {subprocess.py:93} INFO - 25/05/22 21:32:48 INFO SQLHadoopMapReduceCommitProtocol: Using output committer class org.apache.parquet.hadoop.ParquetOutputCommitter
[2025-05-22T21:32:48.827+0530] {subprocess.py:93} INFO - 25/05/22 21:32:48 INFO SQLHadoopMapReduceCommitProtocol: Using user defined output committer class org.apache.parquet.hadoop.ParquetOutputCommitter
[2025-05-22T21:32:48.827+0530] {subprocess.py:93} INFO - 25/05/22 21:32:48 INFO FileOutputCommitter: File Output Committer Algorithm version is 1
[2025-05-22T21:32:48.827+0530] {subprocess.py:93} INFO - 25/05/22 21:32:48 INFO FileScanRDD: Reading File path: abfss://nyc-taxi-data@tietoevryproject1.dfs.core.windows.net/part.0.parquet, range: 12582912-16777216, partition values: [empty row]
[2025-05-22T21:32:48.827+0530] {subprocess.py:93} INFO - 25/05/22 21:32:48 INFO FileOutputCommitter: FileOutputCommitter skip cleanup _temporary folders under output directory:false, ignore cleanup failures: false
[2025-05-22T21:32:48.827+0530] {subprocess.py:93} INFO - 25/05/22 21:32:48 INFO SQLHadoopMapReduceCommitProtocol: Using output committer class org.apache.parquet.hadoop.ParquetOutputCommitter
[2025-05-22T21:32:48.828+0530] {subprocess.py:93} INFO - 25/05/22 21:32:48 INFO SQLHadoopMapReduceCommitProtocol: Using user defined output committer class org.apache.parquet.hadoop.ParquetOutputCommitter
[2025-05-22T21:32:48.828+0530] {subprocess.py:93} INFO - 25/05/22 21:32:48 INFO FileScanRDD: Reading File path: abfss://nyc-taxi-data@tietoevryproject1.dfs.core.windows.net/part.0.parquet, range: 33554432-37748736, partition values: [empty row]
[2025-05-22T21:32:48.828+0530] {subprocess.py:93} INFO - 25/05/22 21:32:48 INFO FileOutputCommitter: File Output Committer Algorithm version is 1
[2025-05-22T21:32:48.828+0530] {subprocess.py:93} INFO - 25/05/22 21:32:48 INFO FileOutputCommitter: FileOutputCommitter skip cleanup _temporary folders under output directory:false, ignore cleanup failures: false
[2025-05-22T21:32:48.828+0530] {subprocess.py:93} INFO - 25/05/22 21:32:48 INFO FileOutputCommitter: FileOutputCommitter skip cleanup _temporary folders under output directory:false, ignore cleanup failures: false
[2025-05-22T21:32:48.828+0530] {subprocess.py:93} INFO - 25/05/22 21:32:48 INFO CodecConfig: Compression: SNAPPY
[2025-05-22T21:32:48.828+0530] {subprocess.py:93} INFO - 25/05/22 21:32:48 INFO SQLHadoopMapReduceCommitProtocol: Using output committer class org.apache.parquet.hadoop.ParquetOutputCommitter
[2025-05-22T21:32:48.828+0530] {subprocess.py:93} INFO - 25/05/22 21:32:48 INFO FileScanRDD: Reading File path: abfss://nyc-taxi-data@tietoevryproject1.dfs.core.windows.net/part.0.parquet, range: 29360128-33554432, partition values: [empty row]
[2025-05-22T21:32:48.828+0530] {subprocess.py:93} INFO - 25/05/22 21:32:48 INFO SQLHadoopMapReduceCommitProtocol: Using user defined output committer class org.apache.parquet.hadoop.ParquetOutputCommitter
[2025-05-22T21:32:48.829+0530] {subprocess.py:93} INFO - 25/05/22 21:32:48 INFO FileOutputCommitter: File Output Committer Algorithm version is 1
[2025-05-22T21:32:48.829+0530] {subprocess.py:93} INFO - 25/05/22 21:32:48 INFO FileOutputCommitter: FileOutputCommitter skip cleanup _temporary folders under output directory:false, ignore cleanup failures: false
[2025-05-22T21:32:48.829+0530] {subprocess.py:93} INFO - 25/05/22 21:32:48 INFO FileOutputCommitter: FileOutputCommitter skip cleanup _temporary folders under output directory:false, ignore cleanup failures: false
[2025-05-22T21:32:48.829+0530] {subprocess.py:93} INFO - 25/05/22 21:32:48 INFO SQLHadoopMapReduceCommitProtocol: Using output committer class org.apache.parquet.hadoop.ParquetOutputCommitter
[2025-05-22T21:32:48.829+0530] {subprocess.py:93} INFO - 25/05/22 21:32:48 INFO FileScanRDD: Reading File path: abfss://nyc-taxi-data@tietoevryproject1.dfs.core.windows.net/part.0.parquet, range: 37748736-38266309, partition values: [empty row]
[2025-05-22T21:32:48.829+0530] {subprocess.py:93} INFO - 25/05/22 21:32:48 INFO SQLHadoopMapReduceCommitProtocol: Using user defined output committer class org.apache.parquet.hadoop.ParquetOutputCommitter
[2025-05-22T21:32:48.829+0530] {subprocess.py:93} INFO - 25/05/22 21:32:48 INFO FileOutputCommitter: File Output Committer Algorithm version is 1
[2025-05-22T21:32:48.829+0530] {subprocess.py:93} INFO - 25/05/22 21:32:48 INFO FileOutputCommitter: FileOutputCommitter skip cleanup _temporary folders under output directory:false, ignore cleanup failures: false
[2025-05-22T21:32:48.829+0530] {subprocess.py:93} INFO - 25/05/22 21:32:48 INFO SQLHadoopMapReduceCommitProtocol: Using user defined output committer class org.apache.parquet.hadoop.ParquetOutputCommitter
[2025-05-22T21:32:48.829+0530] {subprocess.py:93} INFO - 25/05/22 21:32:48 INFO FileOutputCommitter: File Output Committer Algorithm version is 1
[2025-05-22T21:32:48.830+0530] {subprocess.py:93} INFO - 25/05/22 21:32:48 INFO SQLHadoopMapReduceCommitProtocol: Using output committer class org.apache.parquet.hadoop.ParquetOutputCommitter
[2025-05-22T21:32:48.830+0530] {subprocess.py:93} INFO - 25/05/22 21:32:48 INFO FileOutputCommitter: FileOutputCommitter skip cleanup _temporary folders under output directory:false, ignore cleanup failures: false
[2025-05-22T21:32:48.830+0530] {subprocess.py:93} INFO - 25/05/22 21:32:48 INFO FileScanRDD: Reading File path: abfss://nyc-taxi-data@tietoevryproject1.dfs.core.windows.net/part.0.parquet, range: 8388608-12582912, partition values: [empty row]
[2025-05-22T21:32:48.830+0530] {subprocess.py:93} INFO - 25/05/22 21:32:48 INFO SQLHadoopMapReduceCommitProtocol: Using output committer class org.apache.parquet.hadoop.ParquetOutputCommitter
[2025-05-22T21:32:48.830+0530] {subprocess.py:93} INFO - 25/05/22 21:32:48 INFO FileScanRDD: Reading File path: abfss://nyc-taxi-data@tietoevryproject1.dfs.core.windows.net/part.0.parquet, range: 25165824-29360128, partition values: [empty row]
[2025-05-22T21:32:48.830+0530] {subprocess.py:93} INFO - 25/05/22 21:32:48 INFO CodecConfig: Compression: SNAPPY
[2025-05-22T21:32:48.845+0530] {subprocess.py:93} INFO - 25/05/22 21:32:48 INFO ParquetOutputFormat: ParquetRecordWriter [block size: 134217728b, row group padding size: 8388608b, validating: false]
[2025-05-22T21:32:48.864+0530] {subprocess.py:93} INFO - 25/05/22 21:32:48 INFO ParquetWriteSupport: Initialized Parquet WriteSupport with Catalyst schema:
[2025-05-22T21:32:48.864+0530] {subprocess.py:93} INFO - {
[2025-05-22T21:32:48.864+0530] {subprocess.py:93} INFO -   "type" : "struct",
[2025-05-22T21:32:48.865+0530] {subprocess.py:93} INFO -   "fields" : [ {
[2025-05-22T21:32:48.865+0530] {subprocess.py:93} INFO -     "name" : "VendorID",
[2025-05-22T21:32:48.865+0530] {subprocess.py:93} INFO -     "type" : "short",
[2025-05-22T21:32:48.865+0530] {subprocess.py:93} INFO -     "nullable" : true,
[2025-05-22T21:32:48.865+0530] {subprocess.py:93} INFO -     "metadata" : { }
[2025-05-22T21:32:48.865+0530] {subprocess.py:93} INFO -   }, {
[2025-05-22T21:32:48.865+0530] {subprocess.py:93} INFO -     "name" : "tpep_pickup_datetime",
[2025-05-22T21:32:48.865+0530] {subprocess.py:93} INFO -     "type" : "timestamp_ntz",
[2025-05-22T21:32:48.865+0530] {subprocess.py:93} INFO -     "nullable" : true,
[2025-05-22T21:32:48.865+0530] {subprocess.py:93} INFO -     "metadata" : { }
[2025-05-22T21:32:48.865+0530] {subprocess.py:93} INFO -   }, {
[2025-05-22T21:32:48.866+0530] {subprocess.py:93} INFO -     "name" : "tpep_dropoff_datetime",
[2025-05-22T21:32:48.866+0530] {subprocess.py:93} INFO -     "type" : "timestamp_ntz",
[2025-05-22T21:32:48.866+0530] {subprocess.py:93} INFO -     "nullable" : true,
[2025-05-22T21:32:48.866+0530] {subprocess.py:93} INFO -     "metadata" : { }
[2025-05-22T21:32:48.866+0530] {subprocess.py:93} INFO -   }, {
[2025-05-22T21:32:48.866+0530] {subprocess.py:93} INFO -     "name" : "passenger_count",
[2025-05-22T21:32:48.866+0530] {subprocess.py:93} INFO -     "type" : "short",
[2025-05-22T21:32:48.866+0530] {subprocess.py:93} INFO -     "nullable" : true,
[2025-05-22T21:32:48.866+0530] {subprocess.py:93} INFO -     "metadata" : { }
[2025-05-22T21:32:48.866+0530] {subprocess.py:93} INFO -   }, {
[2025-05-22T21:32:48.866+0530] {subprocess.py:93} INFO -     "name" : "trip_distance",
[2025-05-22T21:32:48.866+0530] {subprocess.py:93} INFO -     "type" : "double",
[2025-05-22T21:32:48.866+0530] {subprocess.py:93} INFO -     "nullable" : true,
[2025-05-22T21:32:48.866+0530] {subprocess.py:93} INFO -     "metadata" : { }
[2025-05-22T21:32:48.866+0530] {subprocess.py:93} INFO -   }, {
[2025-05-22T21:32:48.866+0530] {subprocess.py:93} INFO -     "name" : "RatecodeID",
[2025-05-22T21:32:48.866+0530] {subprocess.py:93} INFO -     "type" : "short",
[2025-05-22T21:32:48.867+0530] {subprocess.py:93} INFO -     "nullable" : true,
[2025-05-22T21:32:48.867+0530] {subprocess.py:93} INFO -     "metadata" : { }
[2025-05-22T21:32:48.867+0530] {subprocess.py:93} INFO -   }, {
[2025-05-22T21:32:48.867+0530] {subprocess.py:93} INFO -     "name" : "store_and_fwd_flag",
[2025-05-22T21:32:48.867+0530] {subprocess.py:93} INFO -     "type" : "string",
[2025-05-22T21:32:48.867+0530] {subprocess.py:93} INFO -     "nullable" : true,
[2025-05-22T21:32:48.867+0530] {subprocess.py:93} INFO -     "metadata" : { }
[2025-05-22T21:32:48.867+0530] {subprocess.py:93} INFO -   }, {
[2025-05-22T21:32:48.867+0530] {subprocess.py:93} INFO -     "name" : "PULocationID",
[2025-05-22T21:32:48.867+0530] {subprocess.py:93} INFO -     "type" : "integer",
[2025-05-22T21:32:48.867+0530] {subprocess.py:93} INFO -     "nullable" : true,
[2025-05-22T21:32:48.867+0530] {subprocess.py:93} INFO -     "metadata" : { }
[2025-05-22T21:32:48.867+0530] {subprocess.py:93} INFO -   }, {
[2025-05-22T21:32:48.867+0530] {subprocess.py:93} INFO -     "name" : "DOLocationID",
[2025-05-22T21:32:48.867+0530] {subprocess.py:93} INFO -     "type" : "integer",
[2025-05-22T21:32:48.868+0530] {subprocess.py:93} INFO -     "nullable" : true,
[2025-05-22T21:32:48.868+0530] {subprocess.py:93} INFO -     "metadata" : { }
[2025-05-22T21:32:48.868+0530] {subprocess.py:93} INFO -   }, {
[2025-05-22T21:32:48.868+0530] {subprocess.py:93} INFO -     "name" : "payment_type",
[2025-05-22T21:32:48.868+0530] {subprocess.py:93} INFO -     "type" : "short",
[2025-05-22T21:32:48.868+0530] {subprocess.py:93} INFO -     "nullable" : true,
[2025-05-22T21:32:48.868+0530] {subprocess.py:93} INFO -     "metadata" : { }
[2025-05-22T21:32:48.868+0530] {subprocess.py:93} INFO -   }, {
[2025-05-22T21:32:48.868+0530] {subprocess.py:93} INFO -     "name" : "fare_amount",
[2025-05-22T21:32:48.868+0530] {subprocess.py:93} INFO -     "type" : "double",
[2025-05-22T21:32:48.868+0530] {subprocess.py:93} INFO -     "nullable" : true,
[2025-05-22T21:32:48.868+0530] {subprocess.py:93} INFO -     "metadata" : { }
[2025-05-22T21:32:48.868+0530] {subprocess.py:93} INFO -   }, {
[2025-05-22T21:32:48.868+0530] {subprocess.py:93} INFO -     "name" : "extra",
[2025-05-22T21:32:48.869+0530] {subprocess.py:93} INFO -     "type" : "double",
[2025-05-22T21:32:48.869+0530] {subprocess.py:93} INFO -     "nullable" : true,
[2025-05-22T21:32:48.869+0530] {subprocess.py:93} INFO -     "metadata" : { }
[2025-05-22T21:32:48.869+0530] {subprocess.py:93} INFO -   }, {
[2025-05-22T21:32:48.869+0530] {subprocess.py:93} INFO -     "name" : "mta_tax",
[2025-05-22T21:32:48.869+0530] {subprocess.py:93} INFO -     "type" : "double",
[2025-05-22T21:32:48.869+0530] {subprocess.py:93} INFO -     "nullable" : true,
[2025-05-22T21:32:48.869+0530] {subprocess.py:93} INFO -     "metadata" : { }
[2025-05-22T21:32:48.869+0530] {subprocess.py:93} INFO -   }, {
[2025-05-22T21:32:48.869+0530] {subprocess.py:93} INFO -     "name" : "tip_amount",
[2025-05-22T21:32:48.869+0530] {subprocess.py:93} INFO -     "type" : "double",
[2025-05-22T21:32:48.869+0530] {subprocess.py:93} INFO -     "nullable" : true,
[2025-05-22T21:32:48.869+0530] {subprocess.py:93} INFO -     "metadata" : { }
[2025-05-22T21:32:48.870+0530] {subprocess.py:93} INFO -   }, {
[2025-05-22T21:32:48.870+0530] {subprocess.py:93} INFO -     "name" : "tolls_amount",
[2025-05-22T21:32:48.870+0530] {subprocess.py:93} INFO -     "type" : "double",
[2025-05-22T21:32:48.870+0530] {subprocess.py:93} INFO -     "nullable" : true,
[2025-05-22T21:32:48.870+0530] {subprocess.py:93} INFO -     "metadata" : { }
[2025-05-22T21:32:48.870+0530] {subprocess.py:93} INFO -   }, {
[2025-05-22T21:32:48.870+0530] {subprocess.py:93} INFO -     "name" : "improvement_surcharge",
[2025-05-22T21:32:48.870+0530] {subprocess.py:93} INFO -     "type" : "double",
[2025-05-22T21:32:48.870+0530] {subprocess.py:93} INFO -     "nullable" : true,
[2025-05-22T21:32:48.870+0530] {subprocess.py:93} INFO -     "metadata" : { }
[2025-05-22T21:32:48.871+0530] {subprocess.py:93} INFO -   }, {
[2025-05-22T21:32:48.871+0530] {subprocess.py:93} INFO -     "name" : "total_amount",
[2025-05-22T21:32:48.871+0530] {subprocess.py:93} INFO -     "type" : "double",
[2025-05-22T21:32:48.871+0530] {subprocess.py:93} INFO -     "nullable" : true,
[2025-05-22T21:32:48.871+0530] {subprocess.py:93} INFO -     "metadata" : { }
[2025-05-22T21:32:48.871+0530] {subprocess.py:93} INFO -   }, {
[2025-05-22T21:32:48.871+0530] {subprocess.py:93} INFO -     "name" : "congestion_surcharge",
[2025-05-22T21:32:48.871+0530] {subprocess.py:93} INFO -     "type" : "double",
[2025-05-22T21:32:48.871+0530] {subprocess.py:93} INFO -     "nullable" : true,
[2025-05-22T21:32:48.871+0530] {subprocess.py:93} INFO -     "metadata" : { }
[2025-05-22T21:32:48.871+0530] {subprocess.py:93} INFO -   }, {
[2025-05-22T21:32:48.872+0530] {subprocess.py:93} INFO -     "name" : "__null_dask_index__",
[2025-05-22T21:32:48.872+0530] {subprocess.py:93} INFO -     "type" : "long",
[2025-05-22T21:32:48.872+0530] {subprocess.py:93} INFO -     "nullable" : true,
[2025-05-22T21:32:48.872+0530] {subprocess.py:93} INFO -     "metadata" : { }
[2025-05-22T21:32:48.872+0530] {subprocess.py:93} INFO -   } ]
[2025-05-22T21:32:48.872+0530] {subprocess.py:93} INFO - }
[2025-05-22T21:32:48.872+0530] {subprocess.py:93} INFO - and corresponding Parquet message type:
[2025-05-22T21:32:48.872+0530] {subprocess.py:93} INFO - message spark_schema {
[2025-05-22T21:32:48.872+0530] {subprocess.py:93} INFO -   optional int32 VendorID (INTEGER(16,true));
[2025-05-22T21:32:48.872+0530] {subprocess.py:93} INFO -   optional int64 tpep_pickup_datetime (TIMESTAMP(MICROS,false));
[2025-05-22T21:32:48.872+0530] {subprocess.py:93} INFO -   optional int64 tpep_dropoff_datetime (TIMESTAMP(MICROS,false));
[2025-05-22T21:32:48.872+0530] {subprocess.py:93} INFO -   optional int32 passenger_count (INTEGER(16,true));
[2025-05-22T21:32:48.872+0530] {subprocess.py:93} INFO -   optional double trip_distance;
[2025-05-22T21:32:48.872+0530] {subprocess.py:93} INFO -   optional int32 RatecodeID (INTEGER(16,true));
[2025-05-22T21:32:48.873+0530] {subprocess.py:93} INFO -   optional binary store_and_fwd_flag (STRING);
[2025-05-22T21:32:48.873+0530] {subprocess.py:93} INFO -   optional int32 PULocationID;
[2025-05-22T21:32:48.873+0530] {subprocess.py:93} INFO -   optional int32 DOLocationID;
[2025-05-22T21:32:48.873+0530] {subprocess.py:93} INFO -   optional int32 payment_type (INTEGER(16,true));
[2025-05-22T21:32:48.873+0530] {subprocess.py:93} INFO -   optional double fare_amount;
[2025-05-22T21:32:48.873+0530] {subprocess.py:93} INFO -   optional double extra;
[2025-05-22T21:32:48.873+0530] {subprocess.py:93} INFO -   optional double mta_tax;
[2025-05-22T21:32:48.873+0530] {subprocess.py:93} INFO -   optional double tip_amount;
[2025-05-22T21:32:48.873+0530] {subprocess.py:93} INFO -   optional double tolls_amount;
[2025-05-22T21:32:48.873+0530] {subprocess.py:93} INFO -   optional double improvement_surcharge;
[2025-05-22T21:32:48.873+0530] {subprocess.py:93} INFO -   optional double total_amount;
[2025-05-22T21:32:48.873+0530] {subprocess.py:93} INFO -   optional double congestion_surcharge;
[2025-05-22T21:32:48.873+0530] {subprocess.py:93} INFO -   optional int64 __null_dask_index__;
[2025-05-22T21:32:48.873+0530] {subprocess.py:93} INFO - }
[2025-05-22T21:32:48.874+0530] {subprocess.py:93} INFO - 
[2025-05-22T21:32:48.874+0530] {subprocess.py:93} INFO - 
[2025-05-22T21:32:48.892+0530] {subprocess.py:93} INFO - 25/05/22 21:32:48 INFO CodecPool: Got brand-new compressor [.snappy]
[2025-05-22T21:32:49.096+0530] {subprocess.py:93} INFO - 25/05/22 21:32:49 INFO FileScanRDD: Reading File path: abfss://nyc-taxi-data@tietoevryproject1.dfs.core.windows.net/part.0.parquet, range: 0-4194304, partition values: [empty row]
[2025-05-22T21:32:50.306+0530] {subprocess.py:93} INFO - 25/05/22 21:32:50 INFO SparkHadoopMapRedUtil: No need to commit output of task because needsTaskCommit=false: attempt_202505222132482673614402936781072_0001_m_000005_6
[2025-05-22T21:32:50.322+0530] {subprocess.py:93} INFO - 25/05/22 21:32:50 INFO Executor: Finished task 5.0 in stage 1.0 (TID 6). 2692 bytes result sent to driver
[2025-05-22T21:32:50.329+0530] {subprocess.py:93} INFO - 25/05/22 21:32:50 INFO TaskSetManager: Finished task 5.0 in stage 1.0 (TID 6) in 1695 ms on 10.255.255.254 (executor driver) (1/10)
[2025-05-22T21:32:50.933+0530] {subprocess.py:93} INFO - 25/05/22 21:32:50 INFO SparkHadoopMapRedUtil: No need to commit output of task because needsTaskCommit=false: attempt_202505222132482673614402936781072_0001_m_000009_10
[2025-05-22T21:32:50.933+0530] {subprocess.py:93} INFO - 25/05/22 21:32:50 INFO SparkHadoopMapRedUtil: No need to commit output of task because needsTaskCommit=false: attempt_202505222132482673614402936781072_0001_m_000002_3
[2025-05-22T21:32:50.942+0530] {subprocess.py:93} INFO - 25/05/22 21:32:50 INFO Executor: Finished task 9.0 in stage 1.0 (TID 10). 2692 bytes result sent to driver
[2025-05-22T21:32:50.943+0530] {subprocess.py:93} INFO - 25/05/22 21:32:50 INFO Executor: Finished task 2.0 in stage 1.0 (TID 3). 2649 bytes result sent to driver
[2025-05-22T21:32:50.946+0530] {subprocess.py:93} INFO - 25/05/22 21:32:50 INFO TaskSetManager: Finished task 2.0 in stage 1.0 (TID 3) in 2313 ms on 10.255.255.254 (executor driver) (2/10)
[2025-05-22T21:32:50.951+0530] {subprocess.py:93} INFO - 25/05/22 21:32:50 INFO SparkHadoopMapRedUtil: No need to commit output of task because needsTaskCommit=false: attempt_202505222132482673614402936781072_0001_m_000008_9
[2025-05-22T21:32:50.953+0530] {subprocess.py:93} INFO - 25/05/22 21:32:50 INFO TaskSetManager: Finished task 9.0 in stage 1.0 (TID 10) in 2318 ms on 10.255.255.254 (executor driver) (3/10)
[2025-05-22T21:32:50.956+0530] {subprocess.py:93} INFO - 25/05/22 21:32:50 INFO Executor: Finished task 8.0 in stage 1.0 (TID 9). 2649 bytes result sent to driver
[2025-05-22T21:32:50.958+0530] {subprocess.py:93} INFO - 25/05/22 21:32:50 INFO TaskSetManager: Finished task 8.0 in stage 1.0 (TID 9) in 2322 ms on 10.255.255.254 (executor driver) (4/10)
[2025-05-22T21:32:50.980+0530] {subprocess.py:93} INFO - 25/05/22 21:32:50 INFO SparkHadoopMapRedUtil: No need to commit output of task because needsTaskCommit=false: attempt_202505222132482673614402936781072_0001_m_000007_8
[2025-05-22T21:32:50.982+0530] {subprocess.py:93} INFO - 25/05/22 21:32:50 INFO Executor: Finished task 7.0 in stage 1.0 (TID 8). 2649 bytes result sent to driver
[2025-05-22T21:32:50.983+0530] {subprocess.py:93} INFO - 25/05/22 21:32:50 INFO TaskSetManager: Finished task 7.0 in stage 1.0 (TID 8) in 2348 ms on 10.255.255.254 (executor driver) (5/10)
[2025-05-22T21:32:51.013+0530] {subprocess.py:93} INFO - 25/05/22 21:32:51 INFO SparkHadoopMapRedUtil: No need to commit output of task because needsTaskCommit=false: attempt_202505222132482673614402936781072_0001_m_000006_7
[2025-05-22T21:32:51.019+0530] {subprocess.py:93} INFO - 25/05/22 21:32:51 INFO Executor: Finished task 6.0 in stage 1.0 (TID 7). 2649 bytes result sent to driver
[2025-05-22T21:32:51.021+0530] {subprocess.py:93} INFO - 25/05/22 21:32:51 INFO TaskSetManager: Finished task 6.0 in stage 1.0 (TID 7) in 2386 ms on 10.255.255.254 (executor driver) (6/10)
[2025-05-22T21:32:51.026+0530] {subprocess.py:93} INFO - 25/05/22 21:32:51 INFO SparkHadoopMapRedUtil: No need to commit output of task because needsTaskCommit=false: attempt_202505222132482673614402936781072_0001_m_000001_2
[2025-05-22T21:32:51.028+0530] {subprocess.py:93} INFO - 25/05/22 21:32:51 INFO Executor: Finished task 1.0 in stage 1.0 (TID 2). 2649 bytes result sent to driver
[2025-05-22T21:32:51.029+0530] {subprocess.py:93} INFO - 25/05/22 21:32:51 INFO TaskSetManager: Finished task 1.0 in stage 1.0 (TID 2) in 2397 ms on 10.255.255.254 (executor driver) (7/10)
[2025-05-22T21:32:51.043+0530] {subprocess.py:93} INFO - 25/05/22 21:32:51 INFO SparkHadoopMapRedUtil: No need to commit output of task because needsTaskCommit=false: attempt_202505222132482673614402936781072_0001_m_000003_4
[2025-05-22T21:32:51.044+0530] {subprocess.py:93} INFO - 25/05/22 21:32:51 INFO Executor: Finished task 3.0 in stage 1.0 (TID 4). 2649 bytes result sent to driver
[2025-05-22T21:32:51.046+0530] {subprocess.py:93} INFO - 25/05/22 21:32:51 INFO TaskSetManager: Finished task 3.0 in stage 1.0 (TID 4) in 2412 ms on 10.255.255.254 (executor driver) (8/10)
[2025-05-22T21:32:51.051+0530] {subprocess.py:93} INFO - 25/05/22 21:32:51 INFO FileOutputCommitter: Saved output of task 'attempt_202505222132482673614402936781072_0001_m_000000_1' to file:/home/pranav_shirali/airflow-project/scripts/ETL/nyc_taxi_extracted.parquet/_temporary/0/task_202505222132482673614402936781072_0001_m_000000
[2025-05-22T21:32:51.051+0530] {subprocess.py:93} INFO - 25/05/22 21:32:51 INFO SparkHadoopMapRedUtil: attempt_202505222132482673614402936781072_0001_m_000000_1: Committed. Elapsed time: 0 ms.
[2025-05-22T21:32:51.057+0530] {subprocess.py:93} INFO - 25/05/22 21:32:51 INFO Executor: Finished task 0.0 in stage 1.0 (TID 1). 2735 bytes result sent to driver
[2025-05-22T21:32:51.058+0530] {subprocess.py:93} INFO - 25/05/22 21:32:51 INFO TaskSetManager: Finished task 0.0 in stage 1.0 (TID 1) in 2428 ms on 10.255.255.254 (executor driver) (9/10)
[2025-05-22T21:33:25.584+0530] {subprocess.py:93} INFO - 25/05/22 21:33:25 INFO CodecConfig: Compression: SNAPPY
[2025-05-22T21:33:25.584+0530] {subprocess.py:93} INFO - 25/05/22 21:33:25 INFO CodecConfig: Compression: SNAPPY
[2025-05-22T21:33:25.587+0530] {subprocess.py:93} INFO - 25/05/22 21:33:25 INFO ParquetOutputFormat: ParquetRecordWriter [block size: 134217728b, row group padding size: 8388608b, validating: false]
[2025-05-22T21:33:25.590+0530] {subprocess.py:93} INFO - 25/05/22 21:33:25 INFO ParquetWriteSupport: Initialized Parquet WriteSupport with Catalyst schema:
[2025-05-22T21:33:25.590+0530] {subprocess.py:93} INFO - {
[2025-05-22T21:33:25.591+0530] {subprocess.py:93} INFO -   "type" : "struct",
[2025-05-22T21:33:25.591+0530] {subprocess.py:93} INFO -   "fields" : [ {
[2025-05-22T21:33:25.591+0530] {subprocess.py:93} INFO -     "name" : "VendorID",
[2025-05-22T21:33:25.591+0530] {subprocess.py:93} INFO -     "type" : "short",
[2025-05-22T21:33:25.591+0530] {subprocess.py:93} INFO -     "nullable" : true,
[2025-05-22T21:33:25.591+0530] {subprocess.py:93} INFO -     "metadata" : { }
[2025-05-22T21:33:25.592+0530] {subprocess.py:93} INFO -   }, {
[2025-05-22T21:33:25.592+0530] {subprocess.py:93} INFO -     "name" : "tpep_pickup_datetime",
[2025-05-22T21:33:25.592+0530] {subprocess.py:93} INFO -     "type" : "timestamp_ntz",
[2025-05-22T21:33:25.592+0530] {subprocess.py:93} INFO -     "nullable" : true,
[2025-05-22T21:33:25.592+0530] {subprocess.py:93} INFO -     "metadata" : { }
[2025-05-22T21:33:25.592+0530] {subprocess.py:93} INFO -   }, {
[2025-05-22T21:33:25.592+0530] {subprocess.py:93} INFO -     "name" : "tpep_dropoff_datetime",
[2025-05-22T21:33:25.592+0530] {subprocess.py:93} INFO -     "type" : "timestamp_ntz",
[2025-05-22T21:33:25.592+0530] {subprocess.py:93} INFO -     "nullable" : true,
[2025-05-22T21:33:25.592+0530] {subprocess.py:93} INFO -     "metadata" : { }
[2025-05-22T21:33:25.592+0530] {subprocess.py:93} INFO -   }, {
[2025-05-22T21:33:25.593+0530] {subprocess.py:93} INFO -     "name" : "passenger_count",
[2025-05-22T21:33:25.593+0530] {subprocess.py:93} INFO -     "type" : "short",
[2025-05-22T21:33:25.593+0530] {subprocess.py:93} INFO -     "nullable" : true,
[2025-05-22T21:33:25.593+0530] {subprocess.py:93} INFO -     "metadata" : { }
[2025-05-22T21:33:25.593+0530] {subprocess.py:93} INFO -   }, {
[2025-05-22T21:33:25.593+0530] {subprocess.py:93} INFO -     "name" : "trip_distance",
[2025-05-22T21:33:25.593+0530] {subprocess.py:93} INFO -     "type" : "double",
[2025-05-22T21:33:25.593+0530] {subprocess.py:93} INFO -     "nullable" : true,
[2025-05-22T21:33:25.593+0530] {subprocess.py:93} INFO -     "metadata" : { }
[2025-05-22T21:33:25.593+0530] {subprocess.py:93} INFO -   }, {
[2025-05-22T21:33:25.593+0530] {subprocess.py:93} INFO -     "name" : "RatecodeID",
[2025-05-22T21:33:25.594+0530] {subprocess.py:93} INFO -     "type" : "short",
[2025-05-22T21:33:25.594+0530] {subprocess.py:93} INFO -     "nullable" : true,
[2025-05-22T21:33:25.594+0530] {subprocess.py:93} INFO -     "metadata" : { }
[2025-05-22T21:33:25.594+0530] {subprocess.py:93} INFO -   }, {
[2025-05-22T21:33:25.594+0530] {subprocess.py:93} INFO -     "name" : "store_and_fwd_flag",
[2025-05-22T21:33:25.594+0530] {subprocess.py:93} INFO -     "type" : "string",
[2025-05-22T21:33:25.594+0530] {subprocess.py:93} INFO -     "nullable" : true,
[2025-05-22T21:33:25.594+0530] {subprocess.py:93} INFO -     "metadata" : { }
[2025-05-22T21:33:25.594+0530] {subprocess.py:93} INFO -   }, {
[2025-05-22T21:33:25.594+0530] {subprocess.py:93} INFO -     "name" : "PULocationID",
[2025-05-22T21:33:25.594+0530] {subprocess.py:93} INFO -     "type" : "integer",
[2025-05-22T21:33:25.595+0530] {subprocess.py:93} INFO -     "nullable" : true,
[2025-05-22T21:33:25.595+0530] {subprocess.py:93} INFO -     "metadata" : { }
[2025-05-22T21:33:25.595+0530] {subprocess.py:93} INFO -   }, {
[2025-05-22T21:33:25.595+0530] {subprocess.py:93} INFO -     "name" : "DOLocationID",
[2025-05-22T21:33:25.595+0530] {subprocess.py:93} INFO -     "type" : "integer",
[2025-05-22T21:33:25.595+0530] {subprocess.py:93} INFO -     "nullable" : true,
[2025-05-22T21:33:25.595+0530] {subprocess.py:93} INFO -     "metadata" : { }
[2025-05-22T21:33:25.595+0530] {subprocess.py:93} INFO -   }, {
[2025-05-22T21:33:25.595+0530] {subprocess.py:93} INFO -     "name" : "payment_type",
[2025-05-22T21:33:25.595+0530] {subprocess.py:93} INFO -     "type" : "short",
[2025-05-22T21:33:25.595+0530] {subprocess.py:93} INFO -     "nullable" : true,
[2025-05-22T21:33:25.595+0530] {subprocess.py:93} INFO -     "metadata" : { }
[2025-05-22T21:33:25.596+0530] {subprocess.py:93} INFO -   }, {
[2025-05-22T21:33:25.596+0530] {subprocess.py:93} INFO -     "name" : "fare_amount",
[2025-05-22T21:33:25.596+0530] {subprocess.py:93} INFO -     "type" : "double",
[2025-05-22T21:33:25.596+0530] {subprocess.py:93} INFO -     "nullable" : true,
[2025-05-22T21:33:25.596+0530] {subprocess.py:93} INFO -     "metadata" : { }
[2025-05-22T21:33:25.596+0530] {subprocess.py:93} INFO -   }, {
[2025-05-22T21:33:25.596+0530] {subprocess.py:93} INFO -     "name" : "extra",
[2025-05-22T21:33:25.596+0530] {subprocess.py:93} INFO -     "type" : "double",
[2025-05-22T21:33:25.596+0530] {subprocess.py:93} INFO -     "nullable" : true,
[2025-05-22T21:33:25.596+0530] {subprocess.py:93} INFO -     "metadata" : { }
[2025-05-22T21:33:25.596+0530] {subprocess.py:93} INFO -   }, {
[2025-05-22T21:33:25.597+0530] {subprocess.py:93} INFO -     "name" : "mta_tax",
[2025-05-22T21:33:25.597+0530] {subprocess.py:93} INFO -     "type" : "double",
[2025-05-22T21:33:25.601+0530] {subprocess.py:93} INFO -     "nullable" : true,
[2025-05-22T21:33:25.601+0530] {subprocess.py:93} INFO -     "metadata" : { }
[2025-05-22T21:33:25.601+0530] {subprocess.py:93} INFO -   }, {
[2025-05-22T21:33:25.601+0530] {subprocess.py:93} INFO -     "name" : "tip_amount",
[2025-05-22T21:33:25.602+0530] {subprocess.py:93} INFO -     "type" : "double",
[2025-05-22T21:33:25.602+0530] {subprocess.py:93} INFO -     "nullable" : true,
[2025-05-22T21:33:25.603+0530] {subprocess.py:93} INFO -     "metadata" : { }
[2025-05-22T21:33:25.603+0530] {subprocess.py:93} INFO -   }, {
[2025-05-22T21:33:25.603+0530] {subprocess.py:93} INFO -     "name" : "tolls_amount",
[2025-05-22T21:33:25.603+0530] {subprocess.py:93} INFO -     "type" : "double",
[2025-05-22T21:33:25.604+0530] {subprocess.py:93} INFO -     "nullable" : true,
[2025-05-22T21:33:25.604+0530] {subprocess.py:93} INFO -     "metadata" : { }
[2025-05-22T21:33:25.604+0530] {subprocess.py:93} INFO -   }, {
[2025-05-22T21:33:25.604+0530] {subprocess.py:93} INFO -     "name" : "improvement_surcharge",
[2025-05-22T21:33:25.605+0530] {subprocess.py:93} INFO -     "type" : "double",
[2025-05-22T21:33:25.605+0530] {subprocess.py:93} INFO -     "nullable" : true,
[2025-05-22T21:33:25.605+0530] {subprocess.py:93} INFO -     "metadata" : { }
[2025-05-22T21:33:25.605+0530] {subprocess.py:93} INFO -   }, {
[2025-05-22T21:33:25.605+0530] {subprocess.py:93} INFO -     "name" : "total_amount",
[2025-05-22T21:33:25.605+0530] {subprocess.py:93} INFO -     "type" : "double",
[2025-05-22T21:33:25.605+0530] {subprocess.py:93} INFO -     "nullable" : true,
[2025-05-22T21:33:25.605+0530] {subprocess.py:93} INFO -     "metadata" : { }
[2025-05-22T21:33:25.606+0530] {subprocess.py:93} INFO -   }, {
[2025-05-22T21:33:25.606+0530] {subprocess.py:93} INFO -     "name" : "congestion_surcharge",
[2025-05-22T21:33:25.606+0530] {subprocess.py:93} INFO -     "type" : "double",
[2025-05-22T21:33:25.606+0530] {subprocess.py:93} INFO -     "nullable" : true,
[2025-05-22T21:33:25.606+0530] {subprocess.py:93} INFO -     "metadata" : { }
[2025-05-22T21:33:25.606+0530] {subprocess.py:93} INFO -   }, {
[2025-05-22T21:33:25.606+0530] {subprocess.py:93} INFO -     "name" : "__null_dask_index__",
[2025-05-22T21:33:25.606+0530] {subprocess.py:93} INFO -     "type" : "long",
[2025-05-22T21:33:25.606+0530] {subprocess.py:93} INFO -     "nullable" : true,
[2025-05-22T21:33:25.607+0530] {subprocess.py:93} INFO -     "metadata" : { }
[2025-05-22T21:33:25.607+0530] {subprocess.py:93} INFO -   } ]
[2025-05-22T21:33:25.607+0530] {subprocess.py:93} INFO - }
[2025-05-22T21:33:25.607+0530] {subprocess.py:93} INFO - and corresponding Parquet message type:
[2025-05-22T21:33:25.607+0530] {subprocess.py:93} INFO - message spark_schema {
[2025-05-22T21:33:25.607+0530] {subprocess.py:93} INFO -   optional int32 VendorID (INTEGER(16,true));
[2025-05-22T21:33:25.607+0530] {subprocess.py:93} INFO -   optional int64 tpep_pickup_datetime (TIMESTAMP(MICROS,false));
[2025-05-22T21:33:25.607+0530] {subprocess.py:93} INFO -   optional int64 tpep_dropoff_datetime (TIMESTAMP(MICROS,false));
[2025-05-22T21:33:25.607+0530] {subprocess.py:93} INFO -   optional int32 passenger_count (INTEGER(16,true));
[2025-05-22T21:33:25.607+0530] {subprocess.py:93} INFO -   optional double trip_distance;
[2025-05-22T21:33:25.607+0530] {subprocess.py:93} INFO -   optional int32 RatecodeID (INTEGER(16,true));
[2025-05-22T21:33:25.608+0530] {subprocess.py:93} INFO -   optional binary store_and_fwd_flag (STRING);
[2025-05-22T21:33:25.608+0530] {subprocess.py:93} INFO -   optional int32 PULocationID;
[2025-05-22T21:33:25.608+0530] {subprocess.py:93} INFO -   optional int32 DOLocationID;
[2025-05-22T21:33:25.608+0530] {subprocess.py:93} INFO -   optional int32 payment_type (INTEGER(16,true));
[2025-05-22T21:33:25.608+0530] {subprocess.py:93} INFO -   optional double fare_amount;
[2025-05-22T21:33:25.608+0530] {subprocess.py:93} INFO -   optional double extra;
[2025-05-22T21:33:25.608+0530] {subprocess.py:93} INFO -   optional double mta_tax;
[2025-05-22T21:33:25.608+0530] {subprocess.py:93} INFO -   optional double tip_amount;
[2025-05-22T21:33:25.608+0530] {subprocess.py:93} INFO -   optional double tolls_amount;
[2025-05-22T21:33:25.608+0530] {subprocess.py:93} INFO -   optional double improvement_surcharge;
[2025-05-22T21:33:25.608+0530] {subprocess.py:93} INFO -   optional double total_amount;
[2025-05-22T21:33:25.609+0530] {subprocess.py:93} INFO -   optional double congestion_surcharge;
[2025-05-22T21:33:25.609+0530] {subprocess.py:93} INFO -   optional int64 __null_dask_index__;
[2025-05-22T21:33:25.609+0530] {subprocess.py:93} INFO - }
[2025-05-22T21:33:25.609+0530] {subprocess.py:93} INFO - 
[2025-05-22T21:33:25.609+0530] {subprocess.py:93} INFO - 
[2025-05-22T21:33:28.053+0530] {subprocess.py:93} INFO - 25/05/22 21:33:28 INFO FileOutputCommitter: Saved output of task 'attempt_202505222132482673614402936781072_0001_m_000004_5' to file:/home/pranav_shirali/airflow-project/scripts/ETL/nyc_taxi_extracted.parquet/_temporary/0/task_202505222132482673614402936781072_0001_m_000004
[2025-05-22T21:33:28.053+0530] {subprocess.py:93} INFO - 25/05/22 21:33:28 INFO SparkHadoopMapRedUtil: attempt_202505222132482673614402936781072_0001_m_000004_5: Committed. Elapsed time: 0 ms.
[2025-05-22T21:33:28.058+0530] {subprocess.py:93} INFO - 25/05/22 21:33:28 INFO Executor: Finished task 4.0 in stage 1.0 (TID 5). 2821 bytes result sent to driver
[2025-05-22T21:33:28.059+0530] {subprocess.py:93} INFO - 25/05/22 21:33:28 INFO TaskSetManager: Finished task 4.0 in stage 1.0 (TID 5) in 39425 ms on 10.255.255.254 (executor driver) (10/10)
[2025-05-22T21:33:28.059+0530] {subprocess.py:93} INFO - 25/05/22 21:33:28 INFO TaskSchedulerImpl: Removed TaskSet 1.0, whose tasks have all completed, from pool
[2025-05-22T21:33:28.060+0530] {subprocess.py:93} INFO - 25/05/22 21:33:28 INFO DAGScheduler: ResultStage 1 (parquet at NativeMethodAccessorImpl.java:0) finished in 39.482 s
[2025-05-22T21:33:28.060+0530] {subprocess.py:93} INFO - 25/05/22 21:33:28 INFO DAGScheduler: Job 1 is finished. Cancelling potential speculative or zombie tasks for this job
[2025-05-22T21:33:28.060+0530] {subprocess.py:93} INFO - 25/05/22 21:33:28 INFO TaskSchedulerImpl: Killing all running tasks in stage 1: Stage finished
[2025-05-22T21:33:28.060+0530] {subprocess.py:93} INFO - 25/05/22 21:33:28 INFO DAGScheduler: Job 1 finished: parquet at NativeMethodAccessorImpl.java:0, took 36.542738 s
[2025-05-22T21:33:28.062+0530] {subprocess.py:93} INFO - 25/05/22 21:33:28 INFO FileFormatWriter: Start to commit write Job 71ee67aa-302b-4ae7-8721-083b957eebf0.
[2025-05-22T21:33:28.079+0530] {subprocess.py:93} INFO - 25/05/22 21:33:28 INFO FileFormatWriter: Write Job 71ee67aa-302b-4ae7-8721-083b957eebf0 committed. Elapsed time: 15 ms.
[2025-05-22T21:33:28.082+0530] {subprocess.py:93} INFO - 25/05/22 21:33:28 INFO FileFormatWriter: Finished processing stats for write job 71ee67aa-302b-4ae7-8721-083b957eebf0.
[2025-05-22T21:33:28.119+0530] {subprocess.py:93} INFO - 25/05/22 21:33:28 INFO SparkContext: Invoking stop() from shutdown hook
[2025-05-22T21:33:28.119+0530] {subprocess.py:93} INFO - 25/05/22 21:33:28 INFO SparkContext: SparkContext is stopping with exitCode 0.
[2025-05-22T21:33:28.127+0530] {subprocess.py:93} INFO - 25/05/22 21:33:28 INFO SparkUI: Stopped Spark web UI at http://10.255.255.254:4040
[2025-05-22T21:33:28.136+0530] {subprocess.py:93} INFO - 25/05/22 21:33:28 INFO MapOutputTrackerMasterEndpoint: MapOutputTrackerMasterEndpoint stopped!
[2025-05-22T21:33:28.146+0530] {subprocess.py:93} INFO - 25/05/22 21:33:28 INFO MemoryStore: MemoryStore cleared
[2025-05-22T21:33:28.146+0530] {subprocess.py:93} INFO - 25/05/22 21:33:28 INFO BlockManager: BlockManager stopped
[2025-05-22T21:33:28.148+0530] {subprocess.py:93} INFO - 25/05/22 21:33:28 INFO BlockManagerMaster: BlockManagerMaster stopped
[2025-05-22T21:33:28.149+0530] {subprocess.py:93} INFO - 25/05/22 21:33:28 INFO OutputCommitCoordinator$OutputCommitCoordinatorEndpoint: OutputCommitCoordinator stopped!
[2025-05-22T21:33:28.156+0530] {subprocess.py:93} INFO - 25/05/22 21:33:28 INFO SparkContext: Successfully stopped SparkContext
[2025-05-22T21:33:28.156+0530] {subprocess.py:93} INFO - 25/05/22 21:33:28 INFO ShutdownHookManager: Shutdown hook called
[2025-05-22T21:33:28.157+0530] {subprocess.py:93} INFO - 25/05/22 21:33:28 INFO ShutdownHookManager: Deleting directory /tmp/spark-9938a9a4-b1eb-490d-b1a6-1a22954afd56
[2025-05-22T21:33:28.159+0530] {subprocess.py:93} INFO - 25/05/22 21:33:28 INFO ShutdownHookManager: Deleting directory /tmp/spark-c468a868-14bd-4089-b205-41c463603754/pyspark-f3bdc649-7344-44ef-bbb4-7b6383377a44
[2025-05-22T21:33:28.162+0530] {subprocess.py:93} INFO - 25/05/22 21:33:28 INFO ShutdownHookManager: Deleting directory /tmp/spark-c468a868-14bd-4089-b205-41c463603754
[2025-05-22T21:33:28.206+0530] {subprocess.py:97} INFO - Command exited with return code 0
[2025-05-22T21:33:28.241+0530] {taskinstance.py:340} INFO - ::group::Post task execution logs
[2025-05-22T21:33:28.242+0530] {taskinstance.py:352} INFO - Marking task as SUCCESS. dag_id=nyc_taxi_etl, task_id=extract_from_azure, run_id=manual__2025-05-22T16:02:36.302008+00:00, execution_date=20250522T160236, start_date=20250522T160239, end_date=20250522T160328
[2025-05-22T21:33:28.258+0530] {local_task_job_runner.py:266} INFO - Task exited with return code 0
[2025-05-22T21:33:28.270+0530] {taskinstance.py:3900} INFO - 1 downstream tasks scheduled from follow-on schedule check
[2025-05-22T21:33:28.274+0530] {local_task_job_runner.py:245} INFO - ::endgroup::
