[2025-05-11T19:50:40.425+0530] {local_task_job_runner.py:123} INFO - ::group::Pre task execution logs
[2025-05-11T19:50:40.434+0530] {taskinstance.py:2612} INFO - Dependencies all met for dep_context=non-requeueable deps ti=<TaskInstance: nyc_taxi_etl.extract_from_azure manual__2025-05-11T14:20:37.405293+00:00 [queued]>
[2025-05-11T19:50:40.439+0530] {taskinstance.py:2612} INFO - Dependencies all met for dep_context=requeueable deps ti=<TaskInstance: nyc_taxi_etl.extract_from_azure manual__2025-05-11T14:20:37.405293+00:00 [queued]>
[2025-05-11T19:50:40.439+0530] {taskinstance.py:2865} INFO - Starting attempt 1 of 1
[2025-05-11T19:50:40.449+0530] {taskinstance.py:2888} INFO - Executing <Task(BashOperator): extract_from_azure> on 2025-05-11 14:20:37.405293+00:00
[2025-05-11T19:50:40.452+0530] {standard_task_runner.py:72} INFO - Started process 1753 to run task
[2025-05-11T19:50:40.454+0530] {standard_task_runner.py:104} INFO - Running: ['airflow', 'tasks', 'run', 'nyc_taxi_etl', 'extract_from_azure', 'manual__2025-05-11T14:20:37.405293+00:00', '--job-id', '48', '--raw', '--subdir', 'DAGS_FOLDER/nyc_taxi_etl.py', '--cfg-path', '/tmp/tmpiuv0x_lp']
[2025-05-11T19:50:40.455+0530] {standard_task_runner.py:105} INFO - Job 48: Subtask extract_from_azure
[2025-05-11T19:50:40.481+0530] {task_command.py:467} INFO - Running <TaskInstance: nyc_taxi_etl.extract_from_azure manual__2025-05-11T14:20:37.405293+00:00 [running]> on host Voldemort.
[2025-05-11T19:50:40.534+0530] {taskinstance.py:3131} INFO - Exporting env vars: AIRFLOW_CTX_DAG_OWNER='airflow' AIRFLOW_CTX_DAG_ID='nyc_taxi_etl' AIRFLOW_CTX_TASK_ID='extract_from_azure' AIRFLOW_CTX_EXECUTION_DATE='2025-05-11T14:20:37.405293+00:00' AIRFLOW_CTX_TRY_NUMBER='1' AIRFLOW_CTX_DAG_RUN_ID='manual__2025-05-11T14:20:37.405293+00:00'
[2025-05-11T19:50:40.535+0530] {taskinstance.py:731} INFO - ::endgroup::
[2025-05-11T19:50:40.550+0530] {subprocess.py:63} INFO - Tmp dir root location: /tmp
[2025-05-11T19:50:40.551+0530] {subprocess.py:75} INFO - Running command: ['/usr/bin/bash', '-c', '/opt/spark/bin/spark-submit /home/pranav_shirali/airflow-project/scripts/extract.py']
[2025-05-11T19:50:40.556+0530] {subprocess.py:86} INFO - Output:
[2025-05-11T19:50:42.812+0530] {subprocess.py:93} INFO - 25/05/11 19:50:42 WARN Utils: Your hostname, Voldemort resolves to a loopback address: 127.0.1.1; using 10.255.255.254 instead (on interface lo)
[2025-05-11T19:50:42.815+0530] {subprocess.py:93} INFO - 25/05/11 19:50:42 WARN Utils: Set SPARK_LOCAL_IP if you need to bind to another address
[2025-05-11T19:50:53.703+0530] {subprocess.py:93} INFO - 25/05/11 19:50:53 INFO SparkContext: Running Spark version 3.5.5
[2025-05-11T19:50:53.704+0530] {subprocess.py:93} INFO - 25/05/11 19:50:53 INFO SparkContext: OS info Linux, 5.15.167.4-microsoft-standard-WSL2, amd64
[2025-05-11T19:50:53.704+0530] {subprocess.py:93} INFO - 25/05/11 19:50:53 INFO SparkContext: Java version 11.0.27
[2025-05-11T19:50:53.785+0530] {subprocess.py:93} INFO - 25/05/11 19:50:53 WARN NativeCodeLoader: Unable to load native-hadoop library for your platform... using builtin-java classes where applicable
[2025-05-11T19:50:53.897+0530] {subprocess.py:93} INFO - 25/05/11 19:50:53 INFO ResourceUtils: ==============================================================
[2025-05-11T19:50:53.897+0530] {subprocess.py:93} INFO - 25/05/11 19:50:53 INFO ResourceUtils: No custom resources configured for spark.driver.
[2025-05-11T19:50:53.897+0530] {subprocess.py:93} INFO - 25/05/11 19:50:53 INFO ResourceUtils: ==============================================================
[2025-05-11T19:50:53.898+0530] {subprocess.py:93} INFO - 25/05/11 19:50:53 INFO SparkContext: Submitted application: NYC Taxi Extract
[2025-05-11T19:50:53.923+0530] {subprocess.py:93} INFO - 25/05/11 19:50:53 INFO ResourceProfile: Default ResourceProfile created, executor resources: Map(cores -> name: cores, amount: 1, script: , vendor: , memory -> name: memory, amount: 1024, script: , vendor: , offHeap -> name: offHeap, amount: 0, script: , vendor: ), task resources: Map(cpus -> name: cpus, amount: 1.0)
[2025-05-11T19:50:53.932+0530] {subprocess.py:93} INFO - 25/05/11 19:50:53 INFO ResourceProfile: Limiting resource is cpu
[2025-05-11T19:50:53.932+0530] {subprocess.py:93} INFO - 25/05/11 19:50:53 INFO ResourceProfileManager: Added ResourceProfile id: 0
[2025-05-11T19:50:53.998+0530] {subprocess.py:93} INFO - 25/05/11 19:50:53 INFO SecurityManager: Changing view acls to: pranav_shirali
[2025-05-11T19:50:53.998+0530] {subprocess.py:93} INFO - 25/05/11 19:50:53 INFO SecurityManager: Changing modify acls to: pranav_shirali
[2025-05-11T19:50:53.999+0530] {subprocess.py:93} INFO - 25/05/11 19:50:53 INFO SecurityManager: Changing view acls groups to:
[2025-05-11T19:50:53.999+0530] {subprocess.py:93} INFO - 25/05/11 19:50:53 INFO SecurityManager: Changing modify acls groups to:
[2025-05-11T19:50:53.999+0530] {subprocess.py:93} INFO - 25/05/11 19:50:53 INFO SecurityManager: SecurityManager: authentication disabled; ui acls disabled; users with view permissions: pranav_shirali; groups with view permissions: EMPTY; users with modify permissions: pranav_shirali; groups with modify permissions: EMPTY
[2025-05-11T19:50:54.273+0530] {subprocess.py:93} INFO - 25/05/11 19:50:54 INFO Utils: Successfully started service 'sparkDriver' on port 43891.
[2025-05-11T19:50:54.322+0530] {subprocess.py:93} INFO - 25/05/11 19:50:54 INFO SparkEnv: Registering MapOutputTracker
[2025-05-11T19:50:54.362+0530] {subprocess.py:93} INFO - 25/05/11 19:50:54 INFO SparkEnv: Registering BlockManagerMaster
[2025-05-11T19:50:54.383+0530] {subprocess.py:93} INFO - 25/05/11 19:50:54 INFO BlockManagerMasterEndpoint: Using org.apache.spark.storage.DefaultTopologyMapper for getting topology information
[2025-05-11T19:50:54.384+0530] {subprocess.py:93} INFO - 25/05/11 19:50:54 INFO BlockManagerMasterEndpoint: BlockManagerMasterEndpoint up
[2025-05-11T19:50:54.389+0530] {subprocess.py:93} INFO - 25/05/11 19:50:54 INFO SparkEnv: Registering BlockManagerMasterHeartbeat
[2025-05-11T19:50:54.420+0530] {subprocess.py:93} INFO - 25/05/11 19:50:54 INFO DiskBlockManager: Created local directory at /tmp/blockmgr-5c0bddd0-5c51-4b3e-8025-6689833284da
[2025-05-11T19:50:54.435+0530] {subprocess.py:93} INFO - 25/05/11 19:50:54 INFO MemoryStore: MemoryStore started with capacity 434.4 MiB
[2025-05-11T19:50:54.447+0530] {subprocess.py:93} INFO - 25/05/11 19:50:54 INFO SparkEnv: Registering OutputCommitCoordinator
[2025-05-11T19:50:54.613+0530] {subprocess.py:93} INFO - 25/05/11 19:50:54 INFO JettyUtils: Start Jetty 0.0.0.0:4040 for SparkUI
[2025-05-11T19:50:54.670+0530] {subprocess.py:93} INFO - 25/05/11 19:50:54 INFO Utils: Successfully started service 'SparkUI' on port 4040.
[2025-05-11T19:50:54.706+0530] {subprocess.py:93} INFO - 25/05/11 19:50:54 INFO SparkContext: Added JAR /opt/spark/jars/hadoop-azure-3.3.1.jar at spark://10.255.255.254:43891/jars/hadoop-azure-3.3.1.jar with timestamp 1746973253693
[2025-05-11T19:50:54.706+0530] {subprocess.py:93} INFO - 25/05/11 19:50:54 INFO SparkContext: Added JAR /opt/spark/jars/azure-storage-8.6.6.jar at spark://10.255.255.254:43891/jars/azure-storage-8.6.6.jar with timestamp 1746973253693
[2025-05-11T19:50:54.707+0530] {subprocess.py:93} INFO - 25/05/11 19:50:54 INFO SparkContext: Added JAR /opt/spark/jars/hadoop-azure-datalake-3.3.1.jar at spark://10.255.255.254:43891/jars/hadoop-azure-datalake-3.3.1.jar with timestamp 1746973253693
[2025-05-11T19:50:54.770+0530] {subprocess.py:93} INFO - 25/05/11 19:50:54 INFO Executor: Starting executor ID driver on host 10.255.255.254
[2025-05-11T19:50:54.770+0530] {subprocess.py:93} INFO - 25/05/11 19:50:54 INFO Executor: OS info Linux, 5.15.167.4-microsoft-standard-WSL2, amd64
[2025-05-11T19:50:54.770+0530] {subprocess.py:93} INFO - 25/05/11 19:50:54 INFO Executor: Java version 11.0.27
[2025-05-11T19:50:54.776+0530] {subprocess.py:93} INFO - 25/05/11 19:50:54 INFO Executor: Starting executor with user classpath (userClassPathFirst = false): ''
[2025-05-11T19:50:54.776+0530] {subprocess.py:93} INFO - 25/05/11 19:50:54 INFO Executor: Created or updated repl class loader org.apache.spark.util.MutableURLClassLoader@354fc915 for default.
[2025-05-11T19:50:54.787+0530] {subprocess.py:93} INFO - 25/05/11 19:50:54 INFO Executor: Fetching spark://10.255.255.254:43891/jars/hadoop-azure-3.3.1.jar with timestamp 1746973253693
[2025-05-11T19:50:54.840+0530] {subprocess.py:93} INFO - 25/05/11 19:50:54 INFO TransportClientFactory: Successfully created connection to /10.255.255.254:43891 after 28 ms (0 ms spent in bootstraps)
[2025-05-11T19:50:54.847+0530] {subprocess.py:93} INFO - 25/05/11 19:50:54 INFO Utils: Fetching spark://10.255.255.254:43891/jars/hadoop-azure-3.3.1.jar to /tmp/spark-84800bed-e2da-4d51-a671-ac46ac0ad0b9/userFiles-2915e14e-bbdd-43da-851b-5fd62810c811/fetchFileTemp17267160247085562840.tmp
[2025-05-11T19:50:54.883+0530] {subprocess.py:93} INFO - 25/05/11 19:50:54 INFO Executor: Adding file:/tmp/spark-84800bed-e2da-4d51-a671-ac46ac0ad0b9/userFiles-2915e14e-bbdd-43da-851b-5fd62810c811/hadoop-azure-3.3.1.jar to class loader default
[2025-05-11T19:50:54.884+0530] {subprocess.py:93} INFO - 25/05/11 19:50:54 INFO Executor: Fetching spark://10.255.255.254:43891/jars/azure-storage-8.6.6.jar with timestamp 1746973253693
[2025-05-11T19:50:54.884+0530] {subprocess.py:93} INFO - 25/05/11 19:50:54 INFO Utils: Fetching spark://10.255.255.254:43891/jars/azure-storage-8.6.6.jar to /tmp/spark-84800bed-e2da-4d51-a671-ac46ac0ad0b9/userFiles-2915e14e-bbdd-43da-851b-5fd62810c811/fetchFileTemp18351066487743197676.tmp
[2025-05-11T19:50:54.895+0530] {subprocess.py:93} INFO - 25/05/11 19:50:54 INFO Executor: Adding file:/tmp/spark-84800bed-e2da-4d51-a671-ac46ac0ad0b9/userFiles-2915e14e-bbdd-43da-851b-5fd62810c811/azure-storage-8.6.6.jar to class loader default
[2025-05-11T19:50:54.895+0530] {subprocess.py:93} INFO - 25/05/11 19:50:54 INFO Executor: Fetching spark://10.255.255.254:43891/jars/hadoop-azure-datalake-3.3.1.jar with timestamp 1746973253693
[2025-05-11T19:50:54.896+0530] {subprocess.py:93} INFO - 25/05/11 19:50:54 INFO Utils: Fetching spark://10.255.255.254:43891/jars/hadoop-azure-datalake-3.3.1.jar to /tmp/spark-84800bed-e2da-4d51-a671-ac46ac0ad0b9/userFiles-2915e14e-bbdd-43da-851b-5fd62810c811/fetchFileTemp10065646489965440913.tmp
[2025-05-11T19:50:54.901+0530] {subprocess.py:93} INFO - 25/05/11 19:50:54 INFO Executor: Adding file:/tmp/spark-84800bed-e2da-4d51-a671-ac46ac0ad0b9/userFiles-2915e14e-bbdd-43da-851b-5fd62810c811/hadoop-azure-datalake-3.3.1.jar to class loader default
[2025-05-11T19:50:54.910+0530] {subprocess.py:93} INFO - 25/05/11 19:50:54 INFO Utils: Successfully started service 'org.apache.spark.network.netty.NettyBlockTransferService' on port 40103.
[2025-05-11T19:50:54.911+0530] {subprocess.py:93} INFO - 25/05/11 19:50:54 INFO NettyBlockTransferService: Server created on 10.255.255.254:40103
[2025-05-11T19:50:54.912+0530] {subprocess.py:93} INFO - 25/05/11 19:50:54 INFO BlockManager: Using org.apache.spark.storage.RandomBlockReplicationPolicy for block replication policy
[2025-05-11T19:50:54.919+0530] {subprocess.py:93} INFO - 25/05/11 19:50:54 INFO BlockManagerMaster: Registering BlockManager BlockManagerId(driver, 10.255.255.254, 40103, None)
[2025-05-11T19:50:54.923+0530] {subprocess.py:93} INFO - 25/05/11 19:50:54 INFO BlockManagerMasterEndpoint: Registering block manager 10.255.255.254:40103 with 434.4 MiB RAM, BlockManagerId(driver, 10.255.255.254, 40103, None)
[2025-05-11T19:50:54.925+0530] {subprocess.py:93} INFO - 25/05/11 19:50:54 INFO BlockManagerMaster: Registered BlockManager BlockManagerId(driver, 10.255.255.254, 40103, None)
[2025-05-11T19:50:54.926+0530] {subprocess.py:93} INFO - 25/05/11 19:50:54 INFO BlockManager: Initialized BlockManager: BlockManagerId(driver, 10.255.255.254, 40103, None)
[2025-05-11T19:50:55.463+0530] {subprocess.py:93} INFO - 25/05/11 19:50:55 INFO SharedState: Setting hive.metastore.warehouse.dir ('null') to the value of spark.sql.warehouse.dir.
[2025-05-11T19:50:55.476+0530] {subprocess.py:93} INFO - 25/05/11 19:50:55 INFO SharedState: Warehouse path is 'file:/tmp/airflowtmp9r8fn8ue/spark-warehouse'.
[2025-05-11T19:51:02.970+0530] {subprocess.py:93} INFO - 25/05/11 19:51:02 INFO InMemoryFileIndex: It took 305 ms to list leaf files for 1 paths.
[2025-05-11T19:51:03.438+0530] {subprocess.py:93} INFO - 25/05/11 19:51:03 INFO SparkContext: Starting job: parquet at NativeMethodAccessorImpl.java:0
[2025-05-11T19:51:03.456+0530] {subprocess.py:93} INFO - 25/05/11 19:51:03 INFO DAGScheduler: Got job 0 (parquet at NativeMethodAccessorImpl.java:0) with 1 output partitions
[2025-05-11T19:51:03.457+0530] {subprocess.py:93} INFO - 25/05/11 19:51:03 INFO DAGScheduler: Final stage: ResultStage 0 (parquet at NativeMethodAccessorImpl.java:0)
[2025-05-11T19:51:03.458+0530] {subprocess.py:93} INFO - 25/05/11 19:51:03 INFO DAGScheduler: Parents of final stage: List()
[2025-05-11T19:51:03.459+0530] {subprocess.py:93} INFO - 25/05/11 19:51:03 INFO DAGScheduler: Missing parents: List()
[2025-05-11T19:51:03.466+0530] {subprocess.py:93} INFO - 25/05/11 19:51:03 INFO DAGScheduler: Submitting ResultStage 0 (MapPartitionsRDD[1] at parquet at NativeMethodAccessorImpl.java:0), which has no missing parents
[2025-05-11T19:51:03.546+0530] {subprocess.py:93} INFO - 25/05/11 19:51:03 INFO MemoryStore: Block broadcast_0 stored as values in memory (estimated size 104.4 KiB, free 434.3 MiB)
[2025-05-11T19:51:03.587+0530] {subprocess.py:93} INFO - 25/05/11 19:51:03 INFO MemoryStore: Block broadcast_0_piece0 stored as bytes in memory (estimated size 37.8 KiB, free 434.3 MiB)
[2025-05-11T19:51:03.591+0530] {subprocess.py:93} INFO - 25/05/11 19:51:03 INFO BlockManagerInfo: Added broadcast_0_piece0 in memory on 10.255.255.254:40103 (size: 37.8 KiB, free: 434.4 MiB)
[2025-05-11T19:51:03.595+0530] {subprocess.py:93} INFO - 25/05/11 19:51:03 INFO SparkContext: Created broadcast 0 from broadcast at DAGScheduler.scala:1585
[2025-05-11T19:51:03.616+0530] {subprocess.py:93} INFO - 25/05/11 19:51:03 INFO DAGScheduler: Submitting 1 missing tasks from ResultStage 0 (MapPartitionsRDD[1] at parquet at NativeMethodAccessorImpl.java:0) (first 15 tasks are for partitions Vector(0))
[2025-05-11T19:51:03.617+0530] {subprocess.py:93} INFO - 25/05/11 19:51:03 INFO TaskSchedulerImpl: Adding task set 0.0 with 1 tasks resource profile 0
[2025-05-11T19:51:03.681+0530] {subprocess.py:93} INFO - 25/05/11 19:51:03 INFO TaskSetManager: Starting task 0.0 in stage 0.0 (TID 0) (10.255.255.254, executor driver, partition 0, PROCESS_LOCAL, 9518 bytes)
[2025-05-11T19:51:03.699+0530] {subprocess.py:93} INFO - 25/05/11 19:51:03 INFO Executor: Running task 0.0 in stage 0.0 (TID 0)
[2025-05-11T19:51:04.485+0530] {subprocess.py:93} INFO - 25/05/11 19:51:04 INFO Executor: Finished task 0.0 in stage 0.0 (TID 0). 2578 bytes result sent to driver
[2025-05-11T19:51:04.496+0530] {subprocess.py:93} INFO - 25/05/11 19:51:04 INFO TaskSetManager: Finished task 0.0 in stage 0.0 (TID 0) in 843 ms on 10.255.255.254 (executor driver) (1/1)
[2025-05-11T19:51:04.497+0530] {subprocess.py:93} INFO - 25/05/11 19:51:04 INFO TaskSchedulerImpl: Removed TaskSet 0.0, whose tasks have all completed, from pool
[2025-05-11T19:51:04.501+0530] {subprocess.py:93} INFO - 25/05/11 19:51:04 INFO DAGScheduler: ResultStage 0 (parquet at NativeMethodAccessorImpl.java:0) finished in 1.022 s
[2025-05-11T19:51:04.504+0530] {subprocess.py:93} INFO - 25/05/11 19:51:04 INFO DAGScheduler: Job 0 is finished. Cancelling potential speculative or zombie tasks for this job
[2025-05-11T19:51:04.504+0530] {subprocess.py:93} INFO - 25/05/11 19:51:04 INFO TaskSchedulerImpl: Killing all running tasks in stage 0: Stage finished
[2025-05-11T19:51:04.506+0530] {subprocess.py:93} INFO - 25/05/11 19:51:04 INFO DAGScheduler: Job 0 finished: parquet at NativeMethodAccessorImpl.java:0, took 1.067947 s
[2025-05-11T19:51:04.634+0530] {subprocess.py:93} INFO - 25/05/11 19:51:04 INFO BlockManagerInfo: Removed broadcast_0_piece0 on 10.255.255.254:40103 in memory (size: 37.8 KiB, free: 434.4 MiB)
[2025-05-11T19:51:05.734+0530] {subprocess.py:93} INFO - 25/05/11 19:51:05 INFO FileSourceStrategy: Pushed Filters:
[2025-05-11T19:51:05.735+0530] {subprocess.py:93} INFO - 25/05/11 19:51:05 INFO FileSourceStrategy: Post-Scan Filters:
[2025-05-11T19:51:05.853+0530] {subprocess.py:93} INFO - 25/05/11 19:51:05 INFO ParquetUtils: Using default output committer for Parquet: org.apache.parquet.hadoop.ParquetOutputCommitter
[2025-05-11T19:51:05.888+0530] {subprocess.py:93} INFO - 25/05/11 19:51:05 INFO FileOutputCommitter: File Output Committer Algorithm version is 1
[2025-05-11T19:51:05.889+0530] {subprocess.py:93} INFO - 25/05/11 19:51:05 INFO FileOutputCommitter: FileOutputCommitter skip cleanup _temporary folders under output directory:false, ignore cleanup failures: false
[2025-05-11T19:51:05.889+0530] {subprocess.py:93} INFO - 25/05/11 19:51:05 INFO SQLHadoopMapReduceCommitProtocol: Using user defined output committer class org.apache.parquet.hadoop.ParquetOutputCommitter
[2025-05-11T19:51:05.890+0530] {subprocess.py:93} INFO - 25/05/11 19:51:05 INFO FileOutputCommitter: File Output Committer Algorithm version is 1
[2025-05-11T19:51:05.890+0530] {subprocess.py:93} INFO - 25/05/11 19:51:05 INFO FileOutputCommitter: FileOutputCommitter skip cleanup _temporary folders under output directory:false, ignore cleanup failures: false
[2025-05-11T19:51:05.890+0530] {subprocess.py:93} INFO - 25/05/11 19:51:05 INFO SQLHadoopMapReduceCommitProtocol: Using output committer class org.apache.parquet.hadoop.ParquetOutputCommitter
[2025-05-11T19:51:06.259+0530] {subprocess.py:93} INFO - 25/05/11 19:51:06 INFO CodeGenerator: Code generated in 257.681349 ms
[2025-05-11T19:51:06.288+0530] {subprocess.py:93} INFO - 25/05/11 19:51:06 INFO MemoryStore: Block broadcast_1 stored as values in memory (estimated size 204.9 KiB, free 434.2 MiB)
[2025-05-11T19:51:06.310+0530] {subprocess.py:93} INFO - 25/05/11 19:51:06 INFO MemoryStore: Block broadcast_1_piece0 stored as bytes in memory (estimated size 36.4 KiB, free 434.2 MiB)
[2025-05-11T19:51:06.312+0530] {subprocess.py:93} INFO - 25/05/11 19:51:06 INFO BlockManagerInfo: Added broadcast_1_piece0 in memory on 10.255.255.254:40103 (size: 36.4 KiB, free: 434.4 MiB)
[2025-05-11T19:51:06.314+0530] {subprocess.py:93} INFO - 25/05/11 19:51:06 INFO SparkContext: Created broadcast 1 from parquet at NativeMethodAccessorImpl.java:0
[2025-05-11T19:51:06.339+0530] {subprocess.py:93} INFO - 25/05/11 19:51:06 INFO FileSourceScanExec: Planning scan with bin packing, max size: 4194304 bytes, open cost is considered as scanning 4194304 bytes.
[2025-05-11T19:51:06.398+0530] {subprocess.py:93} INFO - 25/05/11 19:51:06 INFO SparkContext: Starting job: parquet at NativeMethodAccessorImpl.java:0
[2025-05-11T19:51:06.399+0530] {subprocess.py:93} INFO - 25/05/11 19:51:06 INFO DAGScheduler: Got job 1 (parquet at NativeMethodAccessorImpl.java:0) with 1 output partitions
[2025-05-11T19:51:06.400+0530] {subprocess.py:93} INFO - 25/05/11 19:51:06 INFO DAGScheduler: Final stage: ResultStage 1 (parquet at NativeMethodAccessorImpl.java:0)
[2025-05-11T19:51:06.400+0530] {subprocess.py:93} INFO - 25/05/11 19:51:06 INFO DAGScheduler: Parents of final stage: List()
[2025-05-11T19:51:06.401+0530] {subprocess.py:93} INFO - 25/05/11 19:51:06 INFO DAGScheduler: Missing parents: List()
[2025-05-11T19:51:06.402+0530] {subprocess.py:93} INFO - 25/05/11 19:51:06 INFO DAGScheduler: Submitting ResultStage 1 (MapPartitionsRDD[5] at parquet at NativeMethodAccessorImpl.java:0), which has no missing parents
[2025-05-11T19:51:06.466+0530] {subprocess.py:93} INFO - 25/05/11 19:51:06 INFO MemoryStore: Block broadcast_2 stored as values in memory (estimated size 230.5 KiB, free 433.9 MiB)
[2025-05-11T19:51:06.475+0530] {subprocess.py:93} INFO - 25/05/11 19:51:06 INFO MemoryStore: Block broadcast_2_piece0 stored as bytes in memory (estimated size 81.0 KiB, free 433.9 MiB)
[2025-05-11T19:51:06.476+0530] {subprocess.py:93} INFO - 25/05/11 19:51:06 INFO BlockManagerInfo: Added broadcast_2_piece0 in memory on 10.255.255.254:40103 (size: 81.0 KiB, free: 434.3 MiB)
[2025-05-11T19:51:06.478+0530] {subprocess.py:93} INFO - 25/05/11 19:51:06 INFO SparkContext: Created broadcast 2 from broadcast at DAGScheduler.scala:1585
[2025-05-11T19:51:06.479+0530] {subprocess.py:93} INFO - 25/05/11 19:51:06 INFO DAGScheduler: Submitting 1 missing tasks from ResultStage 1 (MapPartitionsRDD[5] at parquet at NativeMethodAccessorImpl.java:0) (first 15 tasks are for partitions Vector(0))
[2025-05-11T19:51:06.479+0530] {subprocess.py:93} INFO - 25/05/11 19:51:06 INFO TaskSchedulerImpl: Adding task set 1.0 with 1 tasks resource profile 0
[2025-05-11T19:51:06.486+0530] {subprocess.py:93} INFO - 25/05/11 19:51:06 INFO TaskSetManager: Starting task 0.0 in stage 1.0 (TID 1) (10.255.255.254, executor driver, partition 0, PROCESS_LOCAL, 10023 bytes)
[2025-05-11T19:51:06.487+0530] {subprocess.py:93} INFO - 25/05/11 19:51:06 INFO Executor: Running task 0.0 in stage 1.0 (TID 1)
[2025-05-11T19:51:06.601+0530] {subprocess.py:93} INFO - 25/05/11 19:51:06 INFO CodeGenerator: Code generated in 42.059703 ms
[2025-05-11T19:51:06.609+0530] {subprocess.py:93} INFO - 25/05/11 19:51:06 INFO FileOutputCommitter: File Output Committer Algorithm version is 1
[2025-05-11T19:51:06.610+0530] {subprocess.py:93} INFO - 25/05/11 19:51:06 INFO FileOutputCommitter: FileOutputCommitter skip cleanup _temporary folders under output directory:false, ignore cleanup failures: false
[2025-05-11T19:51:06.610+0530] {subprocess.py:93} INFO - 25/05/11 19:51:06 INFO SQLHadoopMapReduceCommitProtocol: Using user defined output committer class org.apache.parquet.hadoop.ParquetOutputCommitter
[2025-05-11T19:51:06.611+0530] {subprocess.py:93} INFO - 25/05/11 19:51:06 INFO FileOutputCommitter: File Output Committer Algorithm version is 1
[2025-05-11T19:51:06.611+0530] {subprocess.py:93} INFO - 25/05/11 19:51:06 INFO FileOutputCommitter: FileOutputCommitter skip cleanup _temporary folders under output directory:false, ignore cleanup failures: false
[2025-05-11T19:51:06.611+0530] {subprocess.py:93} INFO - 25/05/11 19:51:06 INFO SQLHadoopMapReduceCommitProtocol: Using output committer class org.apache.parquet.hadoop.ParquetOutputCommitter
[2025-05-11T19:51:06.616+0530] {subprocess.py:93} INFO - 25/05/11 19:51:06 INFO CodecConfig: Compression: SNAPPY
[2025-05-11T19:51:06.620+0530] {subprocess.py:93} INFO - 25/05/11 19:51:06 INFO CodecConfig: Compression: SNAPPY
[2025-05-11T19:51:06.642+0530] {subprocess.py:93} INFO - 25/05/11 19:51:06 INFO ParquetOutputFormat: ParquetRecordWriter [block size: 134217728b, row group padding size: 8388608b, validating: false]
[2025-05-11T19:51:06.665+0530] {subprocess.py:93} INFO - 25/05/11 19:51:06 INFO ParquetWriteSupport: Initialized Parquet WriteSupport with Catalyst schema:
[2025-05-11T19:51:06.666+0530] {subprocess.py:93} INFO - {
[2025-05-11T19:51:06.666+0530] {subprocess.py:93} INFO -   "type" : "struct",
[2025-05-11T19:51:06.666+0530] {subprocess.py:93} INFO -   "fields" : [ {
[2025-05-11T19:51:06.666+0530] {subprocess.py:93} INFO -     "name" : "VendorID",
[2025-05-11T19:51:06.666+0530] {subprocess.py:93} INFO -     "type" : "short",
[2025-05-11T19:51:06.666+0530] {subprocess.py:93} INFO -     "nullable" : true,
[2025-05-11T19:51:06.667+0530] {subprocess.py:93} INFO -     "metadata" : { }
[2025-05-11T19:51:06.667+0530] {subprocess.py:93} INFO -   }, {
[2025-05-11T19:51:06.667+0530] {subprocess.py:93} INFO -     "name" : "tpep_pickup_datetime",
[2025-05-11T19:51:06.667+0530] {subprocess.py:93} INFO -     "type" : "timestamp_ntz",
[2025-05-11T19:51:06.667+0530] {subprocess.py:93} INFO -     "nullable" : true,
[2025-05-11T19:51:06.667+0530] {subprocess.py:93} INFO -     "metadata" : { }
[2025-05-11T19:51:06.667+0530] {subprocess.py:93} INFO -   }, {
[2025-05-11T19:51:06.667+0530] {subprocess.py:93} INFO -     "name" : "tpep_dropoff_datetime",
[2025-05-11T19:51:06.667+0530] {subprocess.py:93} INFO -     "type" : "timestamp_ntz",
[2025-05-11T19:51:06.667+0530] {subprocess.py:93} INFO -     "nullable" : true,
[2025-05-11T19:51:06.668+0530] {subprocess.py:93} INFO -     "metadata" : { }
[2025-05-11T19:51:06.668+0530] {subprocess.py:93} INFO -   }, {
[2025-05-11T19:51:06.668+0530] {subprocess.py:93} INFO -     "name" : "passenger_count",
[2025-05-11T19:51:06.668+0530] {subprocess.py:93} INFO -     "type" : "short",
[2025-05-11T19:51:06.668+0530] {subprocess.py:93} INFO -     "nullable" : true,
[2025-05-11T19:51:06.668+0530] {subprocess.py:93} INFO -     "metadata" : { }
[2025-05-11T19:51:06.668+0530] {subprocess.py:93} INFO -   }, {
[2025-05-11T19:51:06.668+0530] {subprocess.py:93} INFO -     "name" : "trip_distance",
[2025-05-11T19:51:06.668+0530] {subprocess.py:93} INFO -     "type" : "double",
[2025-05-11T19:51:06.668+0530] {subprocess.py:93} INFO -     "nullable" : true,
[2025-05-11T19:51:06.669+0530] {subprocess.py:93} INFO -     "metadata" : { }
[2025-05-11T19:51:06.669+0530] {subprocess.py:93} INFO -   }, {
[2025-05-11T19:51:06.669+0530] {subprocess.py:93} INFO -     "name" : "RatecodeID",
[2025-05-11T19:51:06.669+0530] {subprocess.py:93} INFO -     "type" : "short",
[2025-05-11T19:51:06.669+0530] {subprocess.py:93} INFO -     "nullable" : true,
[2025-05-11T19:51:06.669+0530] {subprocess.py:93} INFO -     "metadata" : { }
[2025-05-11T19:51:06.669+0530] {subprocess.py:93} INFO -   }, {
[2025-05-11T19:51:06.669+0530] {subprocess.py:93} INFO -     "name" : "store_and_fwd_flag",
[2025-05-11T19:51:06.669+0530] {subprocess.py:93} INFO -     "type" : "string",
[2025-05-11T19:51:06.669+0530] {subprocess.py:93} INFO -     "nullable" : true,
[2025-05-11T19:51:06.669+0530] {subprocess.py:93} INFO -     "metadata" : { }
[2025-05-11T19:51:06.670+0530] {subprocess.py:93} INFO -   }, {
[2025-05-11T19:51:06.670+0530] {subprocess.py:93} INFO -     "name" : "PULocationID",
[2025-05-11T19:51:06.670+0530] {subprocess.py:93} INFO -     "type" : "integer",
[2025-05-11T19:51:06.670+0530] {subprocess.py:93} INFO -     "nullable" : true,
[2025-05-11T19:51:06.670+0530] {subprocess.py:93} INFO -     "metadata" : { }
[2025-05-11T19:51:06.670+0530] {subprocess.py:93} INFO -   }, {
[2025-05-11T19:51:06.670+0530] {subprocess.py:93} INFO -     "name" : "DOLocationID",
[2025-05-11T19:51:06.670+0530] {subprocess.py:93} INFO -     "type" : "integer",
[2025-05-11T19:51:06.670+0530] {subprocess.py:93} INFO -     "nullable" : true,
[2025-05-11T19:51:06.670+0530] {subprocess.py:93} INFO -     "metadata" : { }
[2025-05-11T19:51:06.670+0530] {subprocess.py:93} INFO -   }, {
[2025-05-11T19:51:06.671+0530] {subprocess.py:93} INFO -     "name" : "payment_type",
[2025-05-11T19:51:06.671+0530] {subprocess.py:93} INFO -     "type" : "short",
[2025-05-11T19:51:06.671+0530] {subprocess.py:93} INFO -     "nullable" : true,
[2025-05-11T19:51:06.671+0530] {subprocess.py:93} INFO -     "metadata" : { }
[2025-05-11T19:51:06.671+0530] {subprocess.py:93} INFO -   }, {
[2025-05-11T19:51:06.671+0530] {subprocess.py:93} INFO -     "name" : "fare_amount",
[2025-05-11T19:51:06.671+0530] {subprocess.py:93} INFO -     "type" : "double",
[2025-05-11T19:51:06.671+0530] {subprocess.py:93} INFO -     "nullable" : true,
[2025-05-11T19:51:06.671+0530] {subprocess.py:93} INFO -     "metadata" : { }
[2025-05-11T19:51:06.671+0530] {subprocess.py:93} INFO -   }, {
[2025-05-11T19:51:06.671+0530] {subprocess.py:93} INFO -     "name" : "extra",
[2025-05-11T19:51:06.671+0530] {subprocess.py:93} INFO -     "type" : "double",
[2025-05-11T19:51:06.672+0530] {subprocess.py:93} INFO -     "nullable" : true,
[2025-05-11T19:51:06.672+0530] {subprocess.py:93} INFO -     "metadata" : { }
[2025-05-11T19:51:06.672+0530] {subprocess.py:93} INFO -   }, {
[2025-05-11T19:51:06.672+0530] {subprocess.py:93} INFO -     "name" : "mta_tax",
[2025-05-11T19:51:06.672+0530] {subprocess.py:93} INFO -     "type" : "double",
[2025-05-11T19:51:06.672+0530] {subprocess.py:93} INFO -     "nullable" : true,
[2025-05-11T19:51:06.672+0530] {subprocess.py:93} INFO -     "metadata" : { }
[2025-05-11T19:51:06.672+0530] {subprocess.py:93} INFO -   }, {
[2025-05-11T19:51:06.672+0530] {subprocess.py:93} INFO -     "name" : "tip_amount",
[2025-05-11T19:51:06.673+0530] {subprocess.py:93} INFO -     "type" : "double",
[2025-05-11T19:51:06.673+0530] {subprocess.py:93} INFO -     "nullable" : true,
[2025-05-11T19:51:06.673+0530] {subprocess.py:93} INFO -     "metadata" : { }
[2025-05-11T19:51:06.673+0530] {subprocess.py:93} INFO -   }, {
[2025-05-11T19:51:06.673+0530] {subprocess.py:93} INFO -     "name" : "tolls_amount",
[2025-05-11T19:51:06.673+0530] {subprocess.py:93} INFO -     "type" : "double",
[2025-05-11T19:51:06.673+0530] {subprocess.py:93} INFO -     "nullable" : true,
[2025-05-11T19:51:06.673+0530] {subprocess.py:93} INFO -     "metadata" : { }
[2025-05-11T19:51:06.673+0530] {subprocess.py:93} INFO -   }, {
[2025-05-11T19:51:06.673+0530] {subprocess.py:93} INFO -     "name" : "improvement_surcharge",
[2025-05-11T19:51:06.674+0530] {subprocess.py:93} INFO -     "type" : "double",
[2025-05-11T19:51:06.674+0530] {subprocess.py:93} INFO -     "nullable" : true,
[2025-05-11T19:51:06.674+0530] {subprocess.py:93} INFO -     "metadata" : { }
[2025-05-11T19:51:06.674+0530] {subprocess.py:93} INFO -   }, {
[2025-05-11T19:51:06.674+0530] {subprocess.py:93} INFO -     "name" : "total_amount",
[2025-05-11T19:51:06.674+0530] {subprocess.py:93} INFO -     "type" : "double",
[2025-05-11T19:51:06.674+0530] {subprocess.py:93} INFO -     "nullable" : true,
[2025-05-11T19:51:06.674+0530] {subprocess.py:93} INFO -     "metadata" : { }
[2025-05-11T19:51:06.674+0530] {subprocess.py:93} INFO -   }, {
[2025-05-11T19:51:06.674+0530] {subprocess.py:93} INFO -     "name" : "congestion_surcharge",
[2025-05-11T19:51:06.674+0530] {subprocess.py:93} INFO -     "type" : "double",
[2025-05-11T19:51:06.674+0530] {subprocess.py:93} INFO -     "nullable" : true,
[2025-05-11T19:51:06.675+0530] {subprocess.py:93} INFO -     "metadata" : { }
[2025-05-11T19:51:06.675+0530] {subprocess.py:93} INFO -   }, {
[2025-05-11T19:51:06.675+0530] {subprocess.py:93} INFO -     "name" : "__null_dask_index__",
[2025-05-11T19:51:06.675+0530] {subprocess.py:93} INFO -     "type" : "long",
[2025-05-11T19:51:06.675+0530] {subprocess.py:93} INFO -     "nullable" : true,
[2025-05-11T19:51:06.675+0530] {subprocess.py:93} INFO -     "metadata" : { }
[2025-05-11T19:51:06.675+0530] {subprocess.py:93} INFO -   } ]
[2025-05-11T19:51:06.675+0530] {subprocess.py:93} INFO - }
[2025-05-11T19:51:06.675+0530] {subprocess.py:93} INFO - and corresponding Parquet message type:
[2025-05-11T19:51:06.676+0530] {subprocess.py:93} INFO - message spark_schema {
[2025-05-11T19:51:06.676+0530] {subprocess.py:93} INFO -   optional int32 VendorID (INTEGER(16,true));
[2025-05-11T19:51:06.676+0530] {subprocess.py:93} INFO -   optional int64 tpep_pickup_datetime (TIMESTAMP(MICROS,false));
[2025-05-11T19:51:06.676+0530] {subprocess.py:93} INFO -   optional int64 tpep_dropoff_datetime (TIMESTAMP(MICROS,false));
[2025-05-11T19:51:06.676+0530] {subprocess.py:93} INFO -   optional int32 passenger_count (INTEGER(16,true));
[2025-05-11T19:51:06.676+0530] {subprocess.py:93} INFO -   optional double trip_distance;
[2025-05-11T19:51:06.676+0530] {subprocess.py:93} INFO -   optional int32 RatecodeID (INTEGER(16,true));
[2025-05-11T19:51:06.676+0530] {subprocess.py:93} INFO -   optional binary store_and_fwd_flag (STRING);
[2025-05-11T19:51:06.676+0530] {subprocess.py:93} INFO -   optional int32 PULocationID;
[2025-05-11T19:51:06.676+0530] {subprocess.py:93} INFO -   optional int32 DOLocationID;
[2025-05-11T19:51:06.676+0530] {subprocess.py:93} INFO -   optional int32 payment_type (INTEGER(16,true));
[2025-05-11T19:51:06.677+0530] {subprocess.py:93} INFO -   optional double fare_amount;
[2025-05-11T19:51:06.677+0530] {subprocess.py:93} INFO -   optional double extra;
[2025-05-11T19:51:06.677+0530] {subprocess.py:93} INFO -   optional double mta_tax;
[2025-05-11T19:51:06.677+0530] {subprocess.py:93} INFO -   optional double tip_amount;
[2025-05-11T19:51:06.677+0530] {subprocess.py:93} INFO -   optional double tolls_amount;
[2025-05-11T19:51:06.677+0530] {subprocess.py:93} INFO -   optional double improvement_surcharge;
[2025-05-11T19:51:06.677+0530] {subprocess.py:93} INFO -   optional double total_amount;
[2025-05-11T19:51:06.677+0530] {subprocess.py:93} INFO -   optional double congestion_surcharge;
[2025-05-11T19:51:06.677+0530] {subprocess.py:93} INFO -   optional int64 __null_dask_index__;
[2025-05-11T19:51:06.677+0530] {subprocess.py:93} INFO - }
[2025-05-11T19:51:06.678+0530] {subprocess.py:93} INFO - 
[2025-05-11T19:51:06.678+0530] {subprocess.py:93} INFO - 
[2025-05-11T19:51:06.702+0530] {subprocess.py:93} INFO - 25/05/11 19:51:06 INFO CodecPool: Got brand-new compressor [.snappy]
[2025-05-11T19:51:06.977+0530] {subprocess.py:93} INFO - 25/05/11 19:51:06 INFO FileScanRDD: Reading File path: abfss://taxidata@tietoevryproject.dfs.core.windows.net/part.73.parquet, range: 0-3155749, partition values: [empty row]
[2025-05-11T19:51:13.134+0530] {subprocess.py:93} INFO - 25/05/11 19:51:13 INFO FileOutputCommitter: Saved output of task 'attempt_202505111951064897255907556296844_0001_m_000000_1' to file:/home/pranav_shirali/airflow-project/nyc_taxi_extracted.parquet/_temporary/0/task_202505111951064897255907556296844_0001_m_000000
[2025-05-11T19:51:13.135+0530] {subprocess.py:93} INFO - 25/05/11 19:51:13 INFO SparkHadoopMapRedUtil: attempt_202505111951064897255907556296844_0001_m_000000_1: Committed. Elapsed time: 1 ms.
[2025-05-11T19:51:13.150+0530] {subprocess.py:93} INFO - 25/05/11 19:51:13 INFO Executor: Finished task 0.0 in stage 1.0 (TID 1). 2821 bytes result sent to driver
[2025-05-11T19:51:13.154+0530] {subprocess.py:93} INFO - 25/05/11 19:51:13 INFO TaskSetManager: Finished task 0.0 in stage 1.0 (TID 1) in 6672 ms on 10.255.255.254 (executor driver) (1/1)
[2025-05-11T19:51:13.154+0530] {subprocess.py:93} INFO - 25/05/11 19:51:13 INFO TaskSchedulerImpl: Removed TaskSet 1.0, whose tasks have all completed, from pool
[2025-05-11T19:51:13.155+0530] {subprocess.py:93} INFO - 25/05/11 19:51:13 INFO DAGScheduler: ResultStage 1 (parquet at NativeMethodAccessorImpl.java:0) finished in 6.750 s
[2025-05-11T19:51:13.157+0530] {subprocess.py:93} INFO - 25/05/11 19:51:13 INFO DAGScheduler: Job 1 is finished. Cancelling potential speculative or zombie tasks for this job
[2025-05-11T19:51:13.158+0530] {subprocess.py:93} INFO - 25/05/11 19:51:13 INFO TaskSchedulerImpl: Killing all running tasks in stage 1: Stage finished
[2025-05-11T19:51:13.159+0530] {subprocess.py:93} INFO - 25/05/11 19:51:13 INFO DAGScheduler: Job 1 finished: parquet at NativeMethodAccessorImpl.java:0, took 6.760312 s
[2025-05-11T19:51:13.162+0530] {subprocess.py:93} INFO - 25/05/11 19:51:13 INFO FileFormatWriter: Start to commit write Job de99c587-17c9-4c83-9df4-3424191fa293.
[2025-05-11T19:51:13.187+0530] {subprocess.py:93} INFO - 25/05/11 19:51:13 INFO FileFormatWriter: Write Job de99c587-17c9-4c83-9df4-3424191fa293 committed. Elapsed time: 24 ms.
[2025-05-11T19:51:13.190+0530] {subprocess.py:93} INFO - 25/05/11 19:51:13 INFO FileFormatWriter: Finished processing stats for write job de99c587-17c9-4c83-9df4-3424191fa293.
[2025-05-11T19:51:13.235+0530] {subprocess.py:93} INFO - 25/05/11 19:51:13 INFO SparkContext: Invoking stop() from shutdown hook
[2025-05-11T19:51:13.236+0530] {subprocess.py:93} INFO - 25/05/11 19:51:13 INFO SparkContext: SparkContext is stopping with exitCode 0.
[2025-05-11T19:51:13.248+0530] {subprocess.py:93} INFO - 25/05/11 19:51:13 INFO SparkUI: Stopped Spark web UI at http://10.255.255.254:4040
[2025-05-11T19:51:13.260+0530] {subprocess.py:93} INFO - 25/05/11 19:51:13 INFO MapOutputTrackerMasterEndpoint: MapOutputTrackerMasterEndpoint stopped!
[2025-05-11T19:51:13.272+0530] {subprocess.py:93} INFO - 25/05/11 19:51:13 INFO MemoryStore: MemoryStore cleared
[2025-05-11T19:51:13.272+0530] {subprocess.py:93} INFO - 25/05/11 19:51:13 INFO BlockManager: BlockManager stopped
[2025-05-11T19:51:13.274+0530] {subprocess.py:93} INFO - 25/05/11 19:51:13 INFO BlockManagerMaster: BlockManagerMaster stopped
[2025-05-11T19:51:13.277+0530] {subprocess.py:93} INFO - 25/05/11 19:51:13 INFO OutputCommitCoordinator$OutputCommitCoordinatorEndpoint: OutputCommitCoordinator stopped!
[2025-05-11T19:51:13.284+0530] {subprocess.py:93} INFO - 25/05/11 19:51:13 INFO SparkContext: Successfully stopped SparkContext
[2025-05-11T19:51:13.285+0530] {subprocess.py:93} INFO - 25/05/11 19:51:13 INFO ShutdownHookManager: Shutdown hook called
[2025-05-11T19:51:13.285+0530] {subprocess.py:93} INFO - 25/05/11 19:51:13 INFO ShutdownHookManager: Deleting directory /tmp/spark-84800bed-e2da-4d51-a671-ac46ac0ad0b9
[2025-05-11T19:51:13.289+0530] {subprocess.py:93} INFO - 25/05/11 19:51:13 INFO ShutdownHookManager: Deleting directory /tmp/spark-cc26e783-7e31-4783-8724-63d6bbfb9da8
[2025-05-11T19:51:13.291+0530] {subprocess.py:93} INFO - 25/05/11 19:51:13 INFO ShutdownHookManager: Deleting directory /tmp/spark-84800bed-e2da-4d51-a671-ac46ac0ad0b9/pyspark-c4f44624-1bae-432f-97a2-ffeb25bc82bd
[2025-05-11T19:51:13.348+0530] {subprocess.py:97} INFO - Command exited with return code 0
[2025-05-11T19:51:13.364+0530] {taskinstance.py:340} INFO - ::group::Post task execution logs
[2025-05-11T19:51:13.365+0530] {taskinstance.py:352} INFO - Marking task as SUCCESS. dag_id=nyc_taxi_etl, task_id=extract_from_azure, run_id=manual__2025-05-11T14:20:37.405293+00:00, execution_date=20250511T142037, start_date=20250511T142040, end_date=20250511T142113
[2025-05-11T19:51:13.390+0530] {local_task_job_runner.py:266} INFO - Task exited with return code 0
[2025-05-11T19:51:13.408+0530] {taskinstance.py:3900} INFO - 1 downstream tasks scheduled from follow-on schedule check
[2025-05-11T19:51:13.411+0530] {local_task_job_runner.py:245} INFO - ::endgroup::
