[2025-05-14T23:35:11.691+0530] {local_task_job_runner.py:123} INFO - ::group::Pre task execution logs
[2025-05-14T23:35:11.698+0530] {taskinstance.py:2612} INFO - Dependencies all met for dep_context=non-requeueable deps ti=<TaskInstance: nyc_taxi_etl.load_to_snowflake manual__2025-05-14T18:04:36.240563+00:00 [queued]>
[2025-05-14T23:35:11.702+0530] {taskinstance.py:2612} INFO - Dependencies all met for dep_context=requeueable deps ti=<TaskInstance: nyc_taxi_etl.load_to_snowflake manual__2025-05-14T18:04:36.240563+00:00 [queued]>
[2025-05-14T23:35:11.702+0530] {taskinstance.py:2865} INFO - Starting attempt 1 of 1
[2025-05-14T23:35:11.711+0530] {taskinstance.py:2888} INFO - Executing <Task(BashOperator): load_to_snowflake> on 2025-05-14 18:04:36.240563+00:00
[2025-05-14T23:35:11.713+0530] {standard_task_runner.py:72} INFO - Started process 28352 to run task
[2025-05-14T23:35:11.715+0530] {standard_task_runner.py:104} INFO - Running: ['airflow', 'tasks', 'run', 'nyc_taxi_etl', 'load_to_snowflake', 'manual__2025-05-14T18:04:36.240563+00:00', '--job-id', '62', '--raw', '--subdir', 'DAGS_FOLDER/nyc_taxi_etl.py', '--cfg-path', '/tmp/tmpvz_nvxoe']
[2025-05-14T23:35:11.716+0530] {standard_task_runner.py:105} INFO - Job 62: Subtask load_to_snowflake
[2025-05-14T23:35:11.737+0530] {task_command.py:467} INFO - Running <TaskInstance: nyc_taxi_etl.load_to_snowflake manual__2025-05-14T18:04:36.240563+00:00 [running]> on host Voldemort.
[2025-05-14T23:35:11.777+0530] {taskinstance.py:3131} INFO - Exporting env vars: AIRFLOW_CTX_DAG_OWNER='airflow' AIRFLOW_CTX_DAG_ID='nyc_taxi_etl' AIRFLOW_CTX_TASK_ID='load_to_snowflake' AIRFLOW_CTX_EXECUTION_DATE='2025-05-14T18:04:36.240563+00:00' AIRFLOW_CTX_TRY_NUMBER='1' AIRFLOW_CTX_DAG_RUN_ID='manual__2025-05-14T18:04:36.240563+00:00'
[2025-05-14T23:35:11.778+0530] {taskinstance.py:731} INFO - ::endgroup::
[2025-05-14T23:35:11.785+0530] {subprocess.py:63} INFO - Tmp dir root location: /tmp
[2025-05-14T23:35:11.785+0530] {subprocess.py:75} INFO - Running command: ['/usr/bin/bash', '-c', '/opt/spark/bin/spark-submit /home/pranav_shirali/airflow-project/scripts/load.py']
[2025-05-14T23:35:11.789+0530] {subprocess.py:86} INFO - Output:
[2025-05-14T23:35:13.090+0530] {subprocess.py:93} INFO - 25/05/14 23:35:13 WARN Utils: Your hostname, Voldemort resolves to a loopback address: 127.0.1.1; using 10.255.255.254 instead (on interface lo)
[2025-05-14T23:35:13.093+0530] {subprocess.py:93} INFO - 25/05/14 23:35:13 WARN Utils: Set SPARK_LOCAL_IP if you need to bind to another address
[2025-05-14T23:35:13.805+0530] {subprocess.py:93} INFO - 25/05/14 23:35:13 INFO SparkContext: Running Spark version 3.5.5
[2025-05-14T23:35:13.805+0530] {subprocess.py:93} INFO - 25/05/14 23:35:13 INFO SparkContext: OS info Linux, 5.15.167.4-microsoft-standard-WSL2, amd64
[2025-05-14T23:35:13.806+0530] {subprocess.py:93} INFO - 25/05/14 23:35:13 INFO SparkContext: Java version 11.0.27
[2025-05-14T23:35:13.856+0530] {subprocess.py:93} INFO - 25/05/14 23:35:13 WARN NativeCodeLoader: Unable to load native-hadoop library for your platform... using builtin-java classes where applicable
[2025-05-14T23:35:13.922+0530] {subprocess.py:93} INFO - 25/05/14 23:35:13 INFO ResourceUtils: ==============================================================
[2025-05-14T23:35:13.923+0530] {subprocess.py:93} INFO - 25/05/14 23:35:13 INFO ResourceUtils: No custom resources configured for spark.driver.
[2025-05-14T23:35:13.923+0530] {subprocess.py:93} INFO - 25/05/14 23:35:13 INFO ResourceUtils: ==============================================================
[2025-05-14T23:35:13.923+0530] {subprocess.py:93} INFO - 25/05/14 23:35:13 INFO SparkContext: Submitted application: NYC Taxi Load to Snowflake
[2025-05-14T23:35:13.941+0530] {subprocess.py:93} INFO - 25/05/14 23:35:13 INFO ResourceProfile: Default ResourceProfile created, executor resources: Map(cores -> name: cores, amount: 1, script: , vendor: , memory -> name: memory, amount: 1024, script: , vendor: , offHeap -> name: offHeap, amount: 0, script: , vendor: ), task resources: Map(cpus -> name: cpus, amount: 1.0)
[2025-05-14T23:35:13.952+0530] {subprocess.py:93} INFO - 25/05/14 23:35:13 INFO ResourceProfile: Limiting resource is cpu
[2025-05-14T23:35:13.953+0530] {subprocess.py:93} INFO - 25/05/14 23:35:13 INFO ResourceProfileManager: Added ResourceProfile id: 0
[2025-05-14T23:35:13.993+0530] {subprocess.py:93} INFO - 25/05/14 23:35:13 INFO SecurityManager: Changing view acls to: pranav_shirali
[2025-05-14T23:35:13.994+0530] {subprocess.py:93} INFO - 25/05/14 23:35:13 INFO SecurityManager: Changing modify acls to: pranav_shirali
[2025-05-14T23:35:13.994+0530] {subprocess.py:93} INFO - 25/05/14 23:35:13 INFO SecurityManager: Changing view acls groups to:
[2025-05-14T23:35:13.994+0530] {subprocess.py:93} INFO - 25/05/14 23:35:13 INFO SecurityManager: Changing modify acls groups to:
[2025-05-14T23:35:13.995+0530] {subprocess.py:93} INFO - 25/05/14 23:35:13 INFO SecurityManager: SecurityManager: authentication disabled; ui acls disabled; users with view permissions: pranav_shirali; groups with view permissions: EMPTY; users with modify permissions: pranav_shirali; groups with modify permissions: EMPTY
[2025-05-14T23:35:14.196+0530] {subprocess.py:93} INFO - 25/05/14 23:35:14 INFO Utils: Successfully started service 'sparkDriver' on port 32983.
[2025-05-14T23:35:14.219+0530] {subprocess.py:93} INFO - 25/05/14 23:35:14 INFO SparkEnv: Registering MapOutputTracker
[2025-05-14T23:35:14.242+0530] {subprocess.py:93} INFO - 25/05/14 23:35:14 INFO SparkEnv: Registering BlockManagerMaster
[2025-05-14T23:35:14.253+0530] {subprocess.py:93} INFO - 25/05/14 23:35:14 INFO BlockManagerMasterEndpoint: Using org.apache.spark.storage.DefaultTopologyMapper for getting topology information
[2025-05-14T23:35:14.253+0530] {subprocess.py:93} INFO - 25/05/14 23:35:14 INFO BlockManagerMasterEndpoint: BlockManagerMasterEndpoint up
[2025-05-14T23:35:14.256+0530] {subprocess.py:93} INFO - 25/05/14 23:35:14 INFO SparkEnv: Registering BlockManagerMasterHeartbeat
[2025-05-14T23:35:14.272+0530] {subprocess.py:93} INFO - 25/05/14 23:35:14 INFO DiskBlockManager: Created local directory at /tmp/blockmgr-5ca49b42-18e3-4b66-a62e-452357948d72
[2025-05-14T23:35:14.282+0530] {subprocess.py:93} INFO - 25/05/14 23:35:14 INFO MemoryStore: MemoryStore started with capacity 434.4 MiB
[2025-05-14T23:35:14.292+0530] {subprocess.py:93} INFO - 25/05/14 23:35:14 INFO SparkEnv: Registering OutputCommitCoordinator
[2025-05-14T23:35:14.402+0530] {subprocess.py:93} INFO - 25/05/14 23:35:14 INFO JettyUtils: Start Jetty 0.0.0.0:4040 for SparkUI
[2025-05-14T23:35:14.444+0530] {subprocess.py:93} INFO - 25/05/14 23:35:14 INFO Utils: Successfully started service 'SparkUI' on port 4040.
[2025-05-14T23:35:14.514+0530] {subprocess.py:93} INFO - 25/05/14 23:35:14 INFO Executor: Starting executor ID driver on host 10.255.255.254
[2025-05-14T23:35:14.515+0530] {subprocess.py:93} INFO - 25/05/14 23:35:14 INFO Executor: OS info Linux, 5.15.167.4-microsoft-standard-WSL2, amd64
[2025-05-14T23:35:14.515+0530] {subprocess.py:93} INFO - 25/05/14 23:35:14 INFO Executor: Java version 11.0.27
[2025-05-14T23:35:14.521+0530] {subprocess.py:93} INFO - 25/05/14 23:35:14 INFO Executor: Starting executor with user classpath (userClassPathFirst = false): ''
[2025-05-14T23:35:14.521+0530] {subprocess.py:93} INFO - 25/05/14 23:35:14 INFO Executor: Created or updated repl class loader org.apache.spark.util.MutableURLClassLoader@2336918f for default.
[2025-05-14T23:35:14.540+0530] {subprocess.py:93} INFO - 25/05/14 23:35:14 INFO Utils: Successfully started service 'org.apache.spark.network.netty.NettyBlockTransferService' on port 41745.
[2025-05-14T23:35:14.540+0530] {subprocess.py:93} INFO - 25/05/14 23:35:14 INFO NettyBlockTransferService: Server created on 10.255.255.254:41745
[2025-05-14T23:35:14.542+0530] {subprocess.py:93} INFO - 25/05/14 23:35:14 INFO BlockManager: Using org.apache.spark.storage.RandomBlockReplicationPolicy for block replication policy
[2025-05-14T23:35:14.546+0530] {subprocess.py:93} INFO - 25/05/14 23:35:14 INFO BlockManagerMaster: Registering BlockManager BlockManagerId(driver, 10.255.255.254, 41745, None)
[2025-05-14T23:35:14.549+0530] {subprocess.py:93} INFO - 25/05/14 23:35:14 INFO BlockManagerMasterEndpoint: Registering block manager 10.255.255.254:41745 with 434.4 MiB RAM, BlockManagerId(driver, 10.255.255.254, 41745, None)
[2025-05-14T23:35:14.551+0530] {subprocess.py:93} INFO - 25/05/14 23:35:14 INFO BlockManagerMaster: Registered BlockManager BlockManagerId(driver, 10.255.255.254, 41745, None)
[2025-05-14T23:35:14.552+0530] {subprocess.py:93} INFO - 25/05/14 23:35:14 INFO BlockManager: Initialized BlockManager: BlockManagerId(driver, 10.255.255.254, 41745, None)
[2025-05-14T23:35:14.939+0530] {subprocess.py:93} INFO - 25/05/14 23:35:14 INFO SharedState: Setting hive.metastore.warehouse.dir ('null') to the value of spark.sql.warehouse.dir.
[2025-05-14T23:35:14.947+0530] {subprocess.py:93} INFO - 25/05/14 23:35:14 INFO SharedState: Warehouse path is 'file:/tmp/airflowtmpt31gwoew/spark-warehouse'.
[2025-05-14T23:35:15.842+0530] {subprocess.py:93} INFO - 25/05/14 23:35:15 INFO InMemoryFileIndex: It took 45 ms to list leaf files for 1 paths.
[2025-05-14T23:35:16.218+0530] {subprocess.py:93} INFO - 25/05/14 23:35:16 INFO SparkContext: Starting job: parquet at NativeMethodAccessorImpl.java:0
[2025-05-14T23:35:16.231+0530] {subprocess.py:93} INFO - 25/05/14 23:35:16 INFO DAGScheduler: Got job 0 (parquet at NativeMethodAccessorImpl.java:0) with 1 output partitions
[2025-05-14T23:35:16.231+0530] {subprocess.py:93} INFO - 25/05/14 23:35:16 INFO DAGScheduler: Final stage: ResultStage 0 (parquet at NativeMethodAccessorImpl.java:0)
[2025-05-14T23:35:16.231+0530] {subprocess.py:93} INFO - 25/05/14 23:35:16 INFO DAGScheduler: Parents of final stage: List()
[2025-05-14T23:35:16.232+0530] {subprocess.py:93} INFO - 25/05/14 23:35:16 INFO DAGScheduler: Missing parents: List()
[2025-05-14T23:35:16.235+0530] {subprocess.py:93} INFO - 25/05/14 23:35:16 INFO DAGScheduler: Submitting ResultStage 0 (MapPartitionsRDD[1] at parquet at NativeMethodAccessorImpl.java:0), which has no missing parents
[2025-05-14T23:35:16.289+0530] {subprocess.py:93} INFO - 25/05/14 23:35:16 INFO MemoryStore: Block broadcast_0 stored as values in memory (estimated size 103.3 KiB, free 434.3 MiB)
[2025-05-14T23:35:16.317+0530] {subprocess.py:93} INFO - 25/05/14 23:35:16 INFO MemoryStore: Block broadcast_0_piece0 stored as bytes in memory (estimated size 37.2 KiB, free 434.3 MiB)
[2025-05-14T23:35:16.319+0530] {subprocess.py:93} INFO - 25/05/14 23:35:16 INFO BlockManagerInfo: Added broadcast_0_piece0 in memory on 10.255.255.254:41745 (size: 37.2 KiB, free: 434.4 MiB)
[2025-05-14T23:35:16.322+0530] {subprocess.py:93} INFO - 25/05/14 23:35:16 INFO SparkContext: Created broadcast 0 from broadcast at DAGScheduler.scala:1585
[2025-05-14T23:35:16.336+0530] {subprocess.py:93} INFO - 25/05/14 23:35:16 INFO DAGScheduler: Submitting 1 missing tasks from ResultStage 0 (MapPartitionsRDD[1] at parquet at NativeMethodAccessorImpl.java:0) (first 15 tasks are for partitions Vector(0))
[2025-05-14T23:35:16.337+0530] {subprocess.py:93} INFO - 25/05/14 23:35:16 INFO TaskSchedulerImpl: Adding task set 0.0 with 1 tasks resource profile 0
[2025-05-14T23:35:16.380+0530] {subprocess.py:93} INFO - 25/05/14 23:35:16 INFO TaskSetManager: Starting task 0.0 in stage 0.0 (TID 0) (10.255.255.254, executor driver, partition 0, PROCESS_LOCAL, 9225 bytes)
[2025-05-14T23:35:16.392+0530] {subprocess.py:93} INFO - 25/05/14 23:35:16 INFO Executor: Running task 0.0 in stage 0.0 (TID 0)
[2025-05-14T23:35:16.668+0530] {subprocess.py:93} INFO - 25/05/14 23:35:16 INFO Executor: Finished task 0.0 in stage 0.0 (TID 0). 2398 bytes result sent to driver
[2025-05-14T23:35:16.676+0530] {subprocess.py:93} INFO - 25/05/14 23:35:16 INFO TaskSetManager: Finished task 0.0 in stage 0.0 (TID 0) in 313 ms on 10.255.255.254 (executor driver) (1/1)
[2025-05-14T23:35:16.677+0530] {subprocess.py:93} INFO - 25/05/14 23:35:16 INFO TaskSchedulerImpl: Removed TaskSet 0.0, whose tasks have all completed, from pool
[2025-05-14T23:35:16.681+0530] {subprocess.py:93} INFO - 25/05/14 23:35:16 INFO DAGScheduler: ResultStage 0 (parquet at NativeMethodAccessorImpl.java:0) finished in 0.436 s
[2025-05-14T23:35:16.684+0530] {subprocess.py:93} INFO - 25/05/14 23:35:16 INFO DAGScheduler: Job 0 is finished. Cancelling potential speculative or zombie tasks for this job
[2025-05-14T23:35:16.684+0530] {subprocess.py:93} INFO - 25/05/14 23:35:16 INFO TaskSchedulerImpl: Killing all running tasks in stage 0: Stage finished
[2025-05-14T23:35:16.686+0530] {subprocess.py:93} INFO - 25/05/14 23:35:16 INFO DAGScheduler: Job 0 finished: parquet at NativeMethodAccessorImpl.java:0, took 0.467275 s
[2025-05-14T23:35:16.942+0530] {subprocess.py:93} INFO - 25/05/14 23:35:16 INFO BlockManagerInfo: Removed broadcast_0_piece0 on 10.255.255.254:41745 in memory (size: 37.2 KiB, free: 434.4 MiB)
[2025-05-14T23:35:17.596+0530] {subprocess.py:93} INFO - 25/05/14 23:35:17 WARN SnowflakeConnectorUtils$: Query pushdown is not supported because you are using Spark 3.5.5 with a connector designed to support Spark 3.3. Either use the version of Spark supported by the connector or install a version of the connector that supports your version of Spark.
[2025-05-14T23:35:17.654+0530] {subprocess.py:93} INFO - 25/05/14 23:35:17 INFO FileSourceStrategy: Pushed Filters:
[2025-05-14T23:35:17.655+0530] {subprocess.py:93} INFO - 25/05/14 23:35:17 INFO FileSourceStrategy: Post-Scan Filters:
[2025-05-14T23:35:17.886+0530] {subprocess.py:93} INFO - 25/05/14 23:35:17 INFO CodeGenerator: Code generated in 163.619239 ms
[2025-05-14T23:35:17.915+0530] {subprocess.py:93} INFO - 25/05/14 23:35:17 INFO MemoryStore: Block broadcast_1 stored as values in memory (estimated size 202.6 KiB, free 434.2 MiB)
[2025-05-14T23:35:17.922+0530] {subprocess.py:93} INFO - 25/05/14 23:35:17 INFO MemoryStore: Block broadcast_1_piece0 stored as bytes in memory (estimated size 35.5 KiB, free 434.2 MiB)
[2025-05-14T23:35:17.922+0530] {subprocess.py:93} INFO - 25/05/14 23:35:17 INFO BlockManagerInfo: Added broadcast_1_piece0 in memory on 10.255.255.254:41745 (size: 35.5 KiB, free: 434.4 MiB)
[2025-05-14T23:35:17.923+0530] {subprocess.py:93} INFO - 25/05/14 23:35:17 INFO SparkContext: Created broadcast 1 from rdd at SnowflakeWriter.scala:87
[2025-05-14T23:35:17.935+0530] {subprocess.py:93} INFO - 25/05/14 23:35:17 INFO FileSourceScanExec: Planning scan with bin packing, max size: 4194304 bytes, open cost is considered as scanning 4194304 bytes.
[2025-05-14T23:35:18.001+0530] {subprocess.py:93} INFO - 25/05/14 23:35:18 WARN DefaultJDBCWrapper$: JDBC 3.13.30 is being used. But the certified JDBC version 3.13.22 is recommended.
[2025-05-14T23:35:19.106+0530] {subprocess.py:93} INFO - 25/05/14 23:35:19 INFO SparkConnectorContext$: Spark Connector system config: {
[2025-05-14T23:35:19.106+0530] {subprocess.py:93} INFO -   "spark_connector_version" : "2.11.0",
[2025-05-14T23:35:19.106+0530] {subprocess.py:93} INFO -   "spark_version" : "3.5.5",
[2025-05-14T23:35:19.106+0530] {subprocess.py:93} INFO -   "application_name" : "NYC Taxi Load to Snowflake",
[2025-05-14T23:35:19.106+0530] {subprocess.py:93} INFO -   "scala_version" : "2.12.18",
[2025-05-14T23:35:19.107+0530] {subprocess.py:93} INFO -   "java_version" : "11.0.27",
[2025-05-14T23:35:19.107+0530] {subprocess.py:93} INFO -   "jdbc_version" : "3.13.30",
[2025-05-14T23:35:19.107+0530] {subprocess.py:93} INFO -   "certified_jdbc_version" : "3.13.22",
[2025-05-14T23:35:19.107+0530] {subprocess.py:93} INFO -   "os_name" : "Linux",
[2025-05-14T23:35:19.107+0530] {subprocess.py:93} INFO -   "max_memory_in_mb" : 1024,
[2025-05-14T23:35:19.107+0530] {subprocess.py:93} INFO -   "total_memory_in_mb" : 122,
[2025-05-14T23:35:19.107+0530] {subprocess.py:93} INFO -   "free_memory_in_mb" : 45,
[2025-05-14T23:35:19.107+0530] {subprocess.py:93} INFO -   "cpu_cores" : 12,
[2025-05-14T23:35:19.107+0530] {subprocess.py:93} INFO -   "spark_application_id" : "local-1747245914487",
[2025-05-14T23:35:19.107+0530] {subprocess.py:93} INFO -   "spark_language" : "Scala",
[2025-05-14T23:35:19.107+0530] {subprocess.py:93} INFO -   "is_pyspark" : false,
[2025-05-14T23:35:19.107+0530] {subprocess.py:93} INFO -   "spark_config" : {
[2025-05-14T23:35:19.108+0530] {subprocess.py:93} INFO -     "spark.app.id" : "local-1747245914487",
[2025-05-14T23:35:19.108+0530] {subprocess.py:93} INFO -     "spark.driver.extraJavaOptions" : "-Djava.net.preferIPv6Addresses=false -XX:+IgnoreUnrecognizedVMOptions --add-opens=java.base/java.lang=ALL-UNNAMED --add-opens=java.base/java.lang.invoke=ALL-UNNAMED --add-opens=java.base/java.lang.reflect=ALL-UNNAMED --add-opens=java.base/java.io=ALL-UNNAMED --add-opens=java.base/java.net=ALL-UNNAMED --add-opens=java.base/java.nio=ALL-UNNAMED --add-opens=java.base/java.util=ALL-UNNAMED --add-opens=java.base/java.util.concurrent=ALL-UNNAMED --add-opens=java.base/java.util.concurrent.atomic=ALL-UNNAMED --add-opens=java.base/jdk.internal.ref=ALL-UNNAMED --add-opens=java.base/sun.nio.ch=ALL-UNNAMED --add-opens=java.base/sun.nio.cs=ALL-UNNAMED --add-opens=java.base/sun.security.action=ALL-UNNAMED --add-opens=java.base/sun.util.calendar=ALL-UNNAMED --add-opens=java.security.jgss/sun.security.krb5=ALL-UNNAMED -Djdk.reflect.useDirectMethodHandle=false",
[2025-05-14T23:35:19.108+0530] {subprocess.py:93} INFO -     "spark.sql.warehouse.dir" : "N/A",
[2025-05-14T23:35:19.108+0530] {subprocess.py:93} INFO -     "spark.app.submitTime" : "N/A",
[2025-05-14T23:35:19.108+0530] {subprocess.py:93} INFO -     "spark.executor.id" : "driver",
[2025-05-14T23:35:19.108+0530] {subprocess.py:93} INFO -     "spark.app.name" : "NYC Taxi Load to Snowflake",
[2025-05-14T23:35:19.108+0530] {subprocess.py:93} INFO -     "spark.driver.host" : "10.255.255.254",
[2025-05-14T23:35:19.108+0530] {subprocess.py:93} INFO -     "spark.driver.port" : "N/A",
[2025-05-14T23:35:19.108+0530] {subprocess.py:93} INFO -     "spark.app.startTime" : "N/A",
[2025-05-14T23:35:19.108+0530] {subprocess.py:93} INFO -     "spark.rdd.compress" : "N/A",
[2025-05-14T23:35:19.108+0530] {subprocess.py:93} INFO -     "spark.executor.extraJavaOptions" : "-Djava.net.preferIPv6Addresses=false -XX:+IgnoreUnrecognizedVMOptions --add-opens=java.base/java.lang=ALL-UNNAMED --add-opens=java.base/java.lang.invoke=ALL-UNNAMED --add-opens=java.base/java.lang.reflect=ALL-UNNAMED --add-opens=java.base/java.io=ALL-UNNAMED --add-opens=java.base/java.net=ALL-UNNAMED --add-opens=java.base/java.nio=ALL-UNNAMED --add-opens=java.base/java.util=ALL-UNNAMED --add-opens=java.base/java.util.concurrent=ALL-UNNAMED --add-opens=java.base/java.util.concurrent.atomic=ALL-UNNAMED --add-opens=java.base/jdk.internal.ref=ALL-UNNAMED --add-opens=java.base/sun.nio.ch=ALL-UNNAMED --add-opens=java.base/sun.nio.cs=ALL-UNNAMED --add-opens=java.base/sun.security.action=ALL-UNNAMED --add-opens=java.base/sun.util.calendar=ALL-UNNAMED --add-opens=java.security.jgss/sun.security.krb5=ALL-UNNAMED -Djdk.reflect.useDirectMethodHandle=false",
[2025-05-14T23:35:19.108+0530] {subprocess.py:93} INFO -     "spark.serializer.objectStreamReset" : "N/A",
[2025-05-14T23:35:19.108+0530] {subprocess.py:93} INFO -     "spark.master" : "local[*]",
[2025-05-14T23:35:19.109+0530] {subprocess.py:93} INFO -     "spark.submit.pyFiles" : "N/A",
[2025-05-14T23:35:19.109+0530] {subprocess.py:93} INFO -     "spark.submit.deployMode" : "client"
[2025-05-14T23:35:19.109+0530] {subprocess.py:93} INFO -   },
[2025-05-14T23:35:19.109+0530] {subprocess.py:93} INFO -   "libraries" : [ "py4j", "py4j.commands", "py4j.reflection" ],
[2025-05-14T23:35:19.109+0530] {subprocess.py:93} INFO -   "dependencies" : [ ],
[2025-05-14T23:35:19.109+0530] {subprocess.py:93} INFO -   "cluster_node_count" : 1,
[2025-05-14T23:35:19.109+0530] {subprocess.py:93} INFO -   "spark_default_parallelism" : 12,
[2025-05-14T23:35:19.109+0530] {subprocess.py:93} INFO -   "deploy_mode" : "client"
[2025-05-14T23:35:19.109+0530] {subprocess.py:93} INFO - }
[2025-05-14T23:35:19.114+0530] {subprocess.py:93} INFO - 25/05/14 23:35:19 INFO SnowflakeSQLStatement: Spark Connector Master: execute query with bind variable: alter session set timezone = 'Asia/Calcutta' , timestamp_ntz_output_format = 'YYYY-MM-DD HH24:MI:SS.FF3', timestamp_ltz_output_format = 'TZHTZM YYYY-MM-DD HH24:MI:SS.FF3', timestamp_tz_output_format = 'TZHTZM YYYY-MM-DD HH24:MI:SS.FF3' ;
[2025-05-14T23:35:19.524+0530] {subprocess.py:93} INFO - 25/05/14 23:35:19 INFO SnowflakeSQLStatement: Spark Connector Master: execute query with bind variable: create  temporary stage if not exists identifier(?)
[2025-05-14T23:35:20.200+0530] {subprocess.py:93} INFO - 25/05/14 23:35:20 INFO CloudStorageOperations$: Spark Connector Master: Begin to process and upload data for 1 partitions: directory=ZWI4GVSEfl CSV true
[2025-05-14T23:35:20.268+0530] {subprocess.py:93} INFO - 25/05/14 23:35:20 INFO SparkContext: Starting job: collect at CloudStorageOperations.scala:805
[2025-05-14T23:35:20.270+0530] {subprocess.py:93} INFO - 25/05/14 23:35:20 INFO DAGScheduler: Got job 1 (collect at CloudStorageOperations.scala:805) with 1 output partitions
[2025-05-14T23:35:20.270+0530] {subprocess.py:93} INFO - 25/05/14 23:35:20 INFO DAGScheduler: Final stage: ResultStage 1 (collect at CloudStorageOperations.scala:805)
[2025-05-14T23:35:20.270+0530] {subprocess.py:93} INFO - 25/05/14 23:35:20 INFO DAGScheduler: Parents of final stage: List()
[2025-05-14T23:35:20.270+0530] {subprocess.py:93} INFO - 25/05/14 23:35:20 INFO DAGScheduler: Missing parents: List()
[2025-05-14T23:35:20.272+0530] {subprocess.py:93} INFO - 25/05/14 23:35:20 INFO DAGScheduler: Submitting ResultStage 1 (MapPartitionsRDD[9] at mapPartitionsWithIndex at CloudStorageOperations.scala:788), which has no missing parents
[2025-05-14T23:35:20.280+0530] {subprocess.py:93} INFO - 25/05/14 23:35:20 INFO MemoryStore: Block broadcast_2 stored as values in memory (estimated size 43.1 KiB, free 434.1 MiB)
[2025-05-14T23:35:20.289+0530] {subprocess.py:93} INFO - 25/05/14 23:35:20 INFO MemoryStore: Block broadcast_2_piece0 stored as bytes in memory (estimated size 18.1 KiB, free 434.1 MiB)
[2025-05-14T23:35:20.291+0530] {subprocess.py:93} INFO - 25/05/14 23:35:20 INFO BlockManagerInfo: Added broadcast_2_piece0 in memory on 10.255.255.254:41745 (size: 18.1 KiB, free: 434.3 MiB)
[2025-05-14T23:35:20.292+0530] {subprocess.py:93} INFO - 25/05/14 23:35:20 INFO SparkContext: Created broadcast 2 from broadcast at DAGScheduler.scala:1585
[2025-05-14T23:35:20.295+0530] {subprocess.py:93} INFO - 25/05/14 23:35:20 INFO DAGScheduler: Submitting 1 missing tasks from ResultStage 1 (MapPartitionsRDD[9] at mapPartitionsWithIndex at CloudStorageOperations.scala:788) (first 15 tasks are for partitions Vector(0))
[2025-05-14T23:35:20.296+0530] {subprocess.py:93} INFO - 25/05/14 23:35:20 INFO TaskSchedulerImpl: Adding task set 1.0 with 1 tasks resource profile 0
[2025-05-14T23:35:20.303+0530] {subprocess.py:93} INFO - 25/05/14 23:35:20 INFO TaskSetManager: Starting task 0.0 in stage 1.0 (TID 1) (10.255.255.254, executor driver, partition 0, PROCESS_LOCAL, 9695 bytes)
[2025-05-14T23:35:20.305+0530] {subprocess.py:93} INFO - 25/05/14 23:35:20 INFO Executor: Running task 0.0 in stage 1.0 (TID 1)
[2025-05-14T23:35:20.408+0530] {subprocess.py:93} INFO - 25/05/14 23:35:20 INFO CodeGenerator: Code generated in 29.558798 ms
[2025-05-14T23:35:21.192+0530] {subprocess.py:93} INFO - 25/05/14 23:35:21 INFO CodeGenerator: Code generated in 30.02033 ms
[2025-05-14T23:35:21.199+0530] {subprocess.py:93} INFO - 25/05/14 23:35:21 INFO CloudStorageOperations$: Spark Connector Worker: Start writing partition ID:0 as 0.CSV.gz TaskInfo: {  "task_partition_id" : 0,  "task_attempt_id" : 1,  "task_attempt_number" : 0,  "task_stage_attempt_number" : 0,  "task_stage_id" : 1,  "thread_id" : 71}
[2025-05-14T23:35:21.200+0530] {subprocess.py:93} INFO - 25/05/14 23:35:21 INFO FileScanRDD: Reading File path: file:///home/pranav_shirali/airflow-project/nyc_taxi_trip.parquet/part-00000-26def109-9ab6-4629-a4ff-f5870c4cc971-c000.snappy.parquet, range: 0-1834519, partition values: [empty row]
[2025-05-14T23:35:21.309+0530] {subprocess.py:93} INFO - 25/05/14 23:35:21 INFO CodecPool: Got brand-new decompressor [.snappy]
[2025-05-14T23:35:28.186+0530] {subprocess.py:93} INFO - 25/05/14 23:35:28 INFO CloudStorageOperations$: Spark Connector Worker: Finish uploading file ZWI4GVSEfl/0.CSV.gz without AWS multiple parts API because the data size is less than the buffer size: bufferSize=8.00 MB compressedSize=1.44 MB
[2025-05-14T23:35:28.188+0530] {subprocess.py:93} INFO - 25/05/14 23:35:28 INFO CloudStorageOperations$: Spark Connector Worker: Finish writing partition ID:0 0.CSV.gz write row count is 95008. Uncompressed data size is 8.05 MB. read_and_upload_time: 6.99 seconds
[2025-05-14T23:35:28.193+0530] {subprocess.py:93} INFO - 25/05/14 23:35:28 INFO Executor: Finished task 0.0 in stage 1.0 (TID 1). 1948 bytes result sent to driver
[2025-05-14T23:35:28.195+0530] {subprocess.py:93} INFO - 25/05/14 23:35:28 INFO TaskSetManager: Finished task 0.0 in stage 1.0 (TID 1) in 7897 ms on 10.255.255.254 (executor driver) (1/1)
[2025-05-14T23:35:28.195+0530] {subprocess.py:93} INFO - 25/05/14 23:35:28 INFO TaskSchedulerImpl: Removed TaskSet 1.0, whose tasks have all completed, from pool
[2025-05-14T23:35:28.196+0530] {subprocess.py:93} INFO - 25/05/14 23:35:28 INFO DAGScheduler: ResultStage 1 (collect at CloudStorageOperations.scala:805) finished in 7.922 s
[2025-05-14T23:35:28.197+0530] {subprocess.py:93} INFO - 25/05/14 23:35:28 INFO DAGScheduler: Job 1 is finished. Cancelling potential speculative or zombie tasks for this job
[2025-05-14T23:35:28.197+0530] {subprocess.py:93} INFO - 25/05/14 23:35:28 INFO TaskSchedulerImpl: Killing all running tasks in stage 1: Stage finished
[2025-05-14T23:35:28.197+0530] {subprocess.py:93} INFO - 25/05/14 23:35:28 INFO DAGScheduler: Job 1 finished: collect at CloudStorageOperations.scala:805, took 7.929235 s
[2025-05-14T23:35:28.200+0530] {subprocess.py:93} INFO - 25/05/14 23:35:28 INFO StageWriter$: writeToTableWithStagingTable: check table existence with "AIRFLOW_DB"."PUBLIC".nyc_taxi_trip for nyc_taxi_trip
[2025-05-14T23:35:28.200+0530] {subprocess.py:93} INFO - 25/05/14 23:35:28 INFO SnowflakeSQLStatement: Spark Connector Master: execute query with bind variable: desc table identifier(?)
[2025-05-14T23:35:28.303+0530] {subprocess.py:93} INFO - 25/05/14 23:35:28 INFO SnowflakeSQLStatement: Spark Connector Master: execute query with bind variable: create   table if not exists identifier(?) ("TRIP_ID" INTEGER ,"VENDORID" INTEGER ,"TPEP_PICKUP_DATETIME" STRING ,"TPEP_DROPOFF_DATETIME" STRING ,"PASSENGER_COUNT" INTEGER ,"TRIP_DISTANCE" DOUBLE ,"RATECODEID" INTEGER ,"STORE_AND_FWD_FLAG" STRING ,"PULOCATIONID" INTEGER ,"DOLOCATIONID" INTEGER ,"MONTH" INTEGER ,"DISTANCE_LENGTH" STRING ,"CAR_UTILIZATION" STRING )
[2025-05-14T23:35:28.537+0530] {subprocess.py:93} INFO - 25/05/14 23:35:28 INFO StageWriter$: Begin to write at 2025-05-14T23:35:28.526796 (India Standard Time)
[2025-05-14T23:35:28.538+0530] {subprocess.py:93} INFO - 25/05/14 23:35:28 INFO StageWriter$: Total file count is 1, non-empty files count is 1, total file size is 8.05 MB, total row count is 92.78 KB.
[2025-05-14T23:35:28.539+0530] {subprocess.py:93} INFO - 25/05/14 23:35:28 INFO StageWriter$: Now executing below command to write into table:
[2025-05-14T23:35:28.540+0530] {subprocess.py:93} INFO - copy into nyc_taxi_trip_staging_1879021242 FROM @spark_connector_load_stage_zRJ1Cp3uyE/ZWI4GVSEfl/
[2025-05-14T23:35:28.540+0530] {subprocess.py:93} INFO - FILE_FORMAT = (
[2025-05-14T23:35:28.540+0530] {subprocess.py:93} INFO -     TYPE=CSV
[2025-05-14T23:35:28.540+0530] {subprocess.py:93} INFO -     FIELD_DELIMITER='|'
[2025-05-14T23:35:28.540+0530] {subprocess.py:93} INFO -     NULL_IF=()
[2025-05-14T23:35:28.540+0530] {subprocess.py:93} INFO -     FIELD_OPTIONALLY_ENCLOSED_BY='"'
[2025-05-14T23:35:28.540+0530] {subprocess.py:93} INFO -     TIMESTAMP_FORMAT='TZHTZM YYYY-MM-DD HH24:MI:SS.FF9'
[2025-05-14T23:35:28.540+0530] {subprocess.py:93} INFO -     DATE_FORMAT='TZHTZM YYYY-MM-DD HH24:MI:SS.FF9'
[2025-05-14T23:35:28.540+0530] {subprocess.py:93} INFO -     BINARY_FORMAT=BASE64
[2025-05-14T23:35:28.540+0530] {subprocess.py:93} INFO -   )
[2025-05-14T23:35:28.541+0530] {subprocess.py:93} INFO - 
[2025-05-14T23:35:28.541+0530] {subprocess.py:93} INFO - 25/05/14 23:35:28 INFO SnowflakeSQLStatement: Spark Connector Master: execute query with bind variable: copy into nyc_taxi_trip_staging_1879021242 FROM @spark_connector_load_stage_zRJ1Cp3uyE/ZWI4GVSEfl/
[2025-05-14T23:35:28.541+0530] {subprocess.py:93} INFO - FILE_FORMAT = (
[2025-05-14T23:35:28.541+0530] {subprocess.py:93} INFO -     TYPE=CSV
[2025-05-14T23:35:28.541+0530] {subprocess.py:93} INFO -     FIELD_DELIMITER='|'
[2025-05-14T23:35:28.541+0530] {subprocess.py:93} INFO -     NULL_IF=()
[2025-05-14T23:35:28.541+0530] {subprocess.py:93} INFO -     FIELD_OPTIONALLY_ENCLOSED_BY='"'
[2025-05-14T23:35:28.541+0530] {subprocess.py:93} INFO -     TIMESTAMP_FORMAT='TZHTZM YYYY-MM-DD HH24:MI:SS.FF9'
[2025-05-14T23:35:28.541+0530] {subprocess.py:93} INFO -     DATE_FORMAT='TZHTZM YYYY-MM-DD HH24:MI:SS.FF9'
[2025-05-14T23:35:28.541+0530] {subprocess.py:93} INFO -     BINARY_FORMAT=BASE64
[2025-05-14T23:35:28.541+0530] {subprocess.py:93} INFO -   )
[2025-05-14T23:35:28.541+0530] {subprocess.py:93} INFO - 
[2025-05-14T23:35:28.644+0530] {subprocess.py:93} INFO - 25/05/14 23:35:28 INFO SparkConnectorContext$: Spark connector register listener for: local-1747245914487
[2025-05-14T23:35:28.645+0530] {subprocess.py:93} INFO - 25/05/14 23:35:28 INFO SparkConnectorContext$: Add running query for local-1747245914487 session: 3722800342986798 queryId: 01bc58fd-3201-9ed0-000d-39de00038172
[2025-05-14T23:35:28.646+0530] {subprocess.py:93} INFO - 25/05/14 23:35:28 INFO StageWriter$: The query ID for async writing into table command is: 01bc58fd-3201-9ed0-000d-39de00038172; The query ID URL is:
[2025-05-14T23:35:28.646+0530] {subprocess.py:93} INFO - https://AVCUDFK-TL56570.snowflakecomputing.com/console#/monitoring/queries/detail?queryId=01bc58fd-3201-9ed0-000d-39de00038172
[2025-05-14T23:35:30.354+0530] {subprocess.py:93} INFO - 25/05/14 23:35:30 INFO SparkConnectorContext$: Remove running query for local-1747245914487 session: 3722800342986798 queryId: 01bc58fd-3201-9ed0-000d-39de00038172
[2025-05-14T23:35:30.355+0530] {subprocess.py:93} INFO - 25/05/14 23:35:30 INFO StageWriter$: First COPY command is done in 1.83 seconds at 2025-05-14T23:35:30.354740, queryID is 01bc58fd-3201-9ed0-000d-39de00038172
[2025-05-14T23:35:30.358+0530] {subprocess.py:93} INFO - 25/05/14 23:35:30 INFO StageWriter$: Succeed to write in 1.83 seconds at 2025-05-14T23:35:30.358178
[2025-05-14T23:35:30.359+0530] {subprocess.py:93} INFO - 25/05/14 23:35:30 INFO SnowflakeSQLStatement: Spark Connector Master: execute query with bind variable: alter table identifier(?) swap with identifier(?)
[2025-05-14T23:35:30.493+0530] {subprocess.py:93} INFO - 25/05/14 23:35:30 INFO SnowflakeSQLStatement: Spark Connector Master: execute query with bind variable: drop table identifier(?)
[2025-05-14T23:35:30.654+0530] {subprocess.py:93} INFO - 25/05/14 23:35:30 INFO StageWriter$: Spark Connector Master: Total job time is 10.62 seconds including read & upload time: 8.16 seconds and COPY time: 2.45 seconds.
[2025-05-14T23:35:30.817+0530] {subprocess.py:93} INFO - 25/05/14 23:35:30 WARN SnowflakeConnectorUtils$: Query pushdown is not supported because you are using Spark 3.5.5 with a connector designed to support Spark 3.3. Either use the version of Spark supported by the connector or install a version of the connector that supports your version of Spark.
[2025-05-14T23:35:30.821+0530] {subprocess.py:93} INFO - 25/05/14 23:35:30 WARN DefaultJDBCWrapper$: JDBC 3.13.30 is being used. But the certified JDBC version 3.13.22 is recommended.
[2025-05-14T23:35:31.082+0530] {subprocess.py:93} INFO - 25/05/14 23:35:31 INFO SnowflakeSQLStatement: Spark Connector Master: execute query with bind variable: select * from nyc_taxi_trip where 1 = 0
[2025-05-14T23:35:34.523+0530] {subprocess.py:93} INFO - 25/05/14 23:35:34 INFO InMemoryFileIndex: It took 2 ms to list leaf files for 1 paths.
[2025-05-14T23:35:34.553+0530] {subprocess.py:93} INFO - 25/05/14 23:35:34 INFO SparkContext: Starting job: parquet at NativeMethodAccessorImpl.java:0
[2025-05-14T23:35:34.554+0530] {subprocess.py:93} INFO - 25/05/14 23:35:34 INFO DAGScheduler: Got job 2 (parquet at NativeMethodAccessorImpl.java:0) with 1 output partitions
[2025-05-14T23:35:34.555+0530] {subprocess.py:93} INFO - 25/05/14 23:35:34 INFO DAGScheduler: Final stage: ResultStage 2 (parquet at NativeMethodAccessorImpl.java:0)
[2025-05-14T23:35:34.555+0530] {subprocess.py:93} INFO - 25/05/14 23:35:34 INFO DAGScheduler: Parents of final stage: List()
[2025-05-14T23:35:34.555+0530] {subprocess.py:93} INFO - 25/05/14 23:35:34 INFO DAGScheduler: Missing parents: List()
[2025-05-14T23:35:34.556+0530] {subprocess.py:93} INFO - 25/05/14 23:35:34 INFO DAGScheduler: Submitting ResultStage 2 (MapPartitionsRDD[11] at parquet at NativeMethodAccessorImpl.java:0), which has no missing parents
[2025-05-14T23:35:34.567+0530] {subprocess.py:93} INFO - 25/05/14 23:35:34 INFO MemoryStore: Block broadcast_3 stored as values in memory (estimated size 103.3 KiB, free 434.0 MiB)
[2025-05-14T23:35:34.575+0530] {subprocess.py:93} INFO - 25/05/14 23:35:34 INFO MemoryStore: Block broadcast_3_piece0 stored as bytes in memory (estimated size 37.2 KiB, free 434.0 MiB)
[2025-05-14T23:35:34.575+0530] {subprocess.py:93} INFO - 25/05/14 23:35:34 INFO BlockManagerInfo: Added broadcast_3_piece0 in memory on 10.255.255.254:41745 (size: 37.2 KiB, free: 434.3 MiB)
[2025-05-14T23:35:34.576+0530] {subprocess.py:93} INFO - 25/05/14 23:35:34 INFO SparkContext: Created broadcast 3 from broadcast at DAGScheduler.scala:1585
[2025-05-14T23:35:34.577+0530] {subprocess.py:93} INFO - 25/05/14 23:35:34 INFO DAGScheduler: Submitting 1 missing tasks from ResultStage 2 (MapPartitionsRDD[11] at parquet at NativeMethodAccessorImpl.java:0) (first 15 tasks are for partitions Vector(0))
[2025-05-14T23:35:34.578+0530] {subprocess.py:93} INFO - 25/05/14 23:35:34 INFO TaskSchedulerImpl: Adding task set 2.0 with 1 tasks resource profile 0
[2025-05-14T23:35:34.579+0530] {subprocess.py:93} INFO - 25/05/14 23:35:34 INFO TaskSetManager: Starting task 0.0 in stage 2.0 (TID 2) (10.255.255.254, executor driver, partition 0, PROCESS_LOCAL, 9228 bytes)
[2025-05-14T23:35:34.579+0530] {subprocess.py:93} INFO - 25/05/14 23:35:34 INFO Executor: Running task 0.0 in stage 2.0 (TID 2)
[2025-05-14T23:35:34.593+0530] {subprocess.py:93} INFO - 25/05/14 23:35:34 INFO Executor: Finished task 0.0 in stage 2.0 (TID 2). 2151 bytes result sent to driver
[2025-05-14T23:35:34.595+0530] {subprocess.py:93} INFO - 25/05/14 23:35:34 INFO TaskSetManager: Finished task 0.0 in stage 2.0 (TID 2) in 16 ms on 10.255.255.254 (executor driver) (1/1)
[2025-05-14T23:35:34.595+0530] {subprocess.py:93} INFO - 25/05/14 23:35:34 INFO TaskSchedulerImpl: Removed TaskSet 2.0, whose tasks have all completed, from pool
[2025-05-14T23:35:34.595+0530] {subprocess.py:93} INFO - 25/05/14 23:35:34 INFO DAGScheduler: ResultStage 2 (parquet at NativeMethodAccessorImpl.java:0) finished in 0.039 s
[2025-05-14T23:35:34.596+0530] {subprocess.py:93} INFO - 25/05/14 23:35:34 INFO DAGScheduler: Job 2 is finished. Cancelling potential speculative or zombie tasks for this job
[2025-05-14T23:35:34.596+0530] {subprocess.py:93} INFO - 25/05/14 23:35:34 INFO TaskSchedulerImpl: Killing all running tasks in stage 2: Stage finished
[2025-05-14T23:35:34.596+0530] {subprocess.py:93} INFO - 25/05/14 23:35:34 INFO DAGScheduler: Job 2 finished: parquet at NativeMethodAccessorImpl.java:0, took 0.042536 s
[2025-05-14T23:35:34.620+0530] {subprocess.py:93} INFO - 25/05/14 23:35:34 INFO BlockManagerInfo: Removed broadcast_3_piece0 on 10.255.255.254:41745 in memory (size: 37.2 KiB, free: 434.3 MiB)
[2025-05-14T23:35:34.634+0530] {subprocess.py:93} INFO - 25/05/14 23:35:34 WARN SnowflakeConnectorUtils$: Query pushdown is not supported because you are using Spark 3.5.5 with a connector designed to support Spark 3.3. Either use the version of Spark supported by the connector or install a version of the connector that supports your version of Spark.
[2025-05-14T23:35:34.649+0530] {subprocess.py:93} INFO - 25/05/14 23:35:34 INFO FileSourceStrategy: Pushed Filters:
[2025-05-14T23:35:34.649+0530] {subprocess.py:93} INFO - 25/05/14 23:35:34 INFO FileSourceStrategy: Post-Scan Filters:
[2025-05-14T23:35:34.671+0530] {subprocess.py:93} INFO - 25/05/14 23:35:34 INFO CodeGenerator: Code generated in 16.833799 ms
[2025-05-14T23:35:34.676+0530] {subprocess.py:93} INFO - 25/05/14 23:35:34 INFO MemoryStore: Block broadcast_4 stored as values in memory (estimated size 202.4 KiB, free 433.9 MiB)
[2025-05-14T23:35:34.687+0530] {subprocess.py:93} INFO - 25/05/14 23:35:34 INFO MemoryStore: Block broadcast_4_piece0 stored as bytes in memory (estimated size 35.3 KiB, free 433.9 MiB)
[2025-05-14T23:35:34.689+0530] {subprocess.py:93} INFO - 25/05/14 23:35:34 INFO BlockManagerInfo: Added broadcast_4_piece0 in memory on 10.255.255.254:41745 (size: 35.3 KiB, free: 434.3 MiB)
[2025-05-14T23:35:34.690+0530] {subprocess.py:93} INFO - 25/05/14 23:35:34 INFO SparkContext: Created broadcast 4 from rdd at SnowflakeWriter.scala:87
[2025-05-14T23:35:34.691+0530] {subprocess.py:93} INFO - 25/05/14 23:35:34 INFO FileSourceScanExec: Planning scan with bin packing, max size: 4194304 bytes, open cost is considered as scanning 4194304 bytes.
[2025-05-14T23:35:34.720+0530] {subprocess.py:93} INFO - 25/05/14 23:35:34 WARN DefaultJDBCWrapper$: JDBC 3.13.30 is being used. But the certified JDBC version 3.13.22 is recommended.
[2025-05-14T23:35:34.723+0530] {subprocess.py:93} INFO - 25/05/14 23:35:34 INFO BlockManagerInfo: Removed broadcast_2_piece0 on 10.255.255.254:41745 in memory (size: 18.1 KiB, free: 434.3 MiB)
[2025-05-14T23:35:34.727+0530] {subprocess.py:93} INFO - 25/05/14 23:35:34 INFO BlockManagerInfo: Removed broadcast_1_piece0 on 10.255.255.254:41745 in memory (size: 35.5 KiB, free: 434.4 MiB)
[2025-05-14T23:35:34.947+0530] {subprocess.py:93} INFO - 25/05/14 23:35:34 INFO SnowflakeSQLStatement: Spark Connector Master: execute query with bind variable: alter session set timezone = 'Asia/Calcutta' , timestamp_ntz_output_format = 'YYYY-MM-DD HH24:MI:SS.FF3', timestamp_ltz_output_format = 'TZHTZM YYYY-MM-DD HH24:MI:SS.FF3', timestamp_tz_output_format = 'TZHTZM YYYY-MM-DD HH24:MI:SS.FF3' ;
[2025-05-14T23:35:35.064+0530] {subprocess.py:93} INFO - 25/05/14 23:35:35 INFO SnowflakeSQLStatement: Spark Connector Master: execute query with bind variable: create  temporary stage if not exists identifier(?)
[2025-05-14T23:35:35.560+0530] {subprocess.py:93} INFO - 25/05/14 23:35:35 INFO CloudStorageOperations$: Spark Connector Master: Begin to process and upload data for 1 partitions: directory=VPgBsQ4FbB CSV true
[2025-05-14T23:35:35.587+0530] {subprocess.py:93} INFO - 25/05/14 23:35:35 INFO SparkContext: Starting job: collect at CloudStorageOperations.scala:805
[2025-05-14T23:35:35.589+0530] {subprocess.py:93} INFO - 25/05/14 23:35:35 INFO DAGScheduler: Got job 3 (collect at CloudStorageOperations.scala:805) with 1 output partitions
[2025-05-14T23:35:35.589+0530] {subprocess.py:93} INFO - 25/05/14 23:35:35 INFO DAGScheduler: Final stage: ResultStage 3 (collect at CloudStorageOperations.scala:805)
[2025-05-14T23:35:35.589+0530] {subprocess.py:93} INFO - 25/05/14 23:35:35 INFO DAGScheduler: Parents of final stage: List()
[2025-05-14T23:35:35.589+0530] {subprocess.py:93} INFO - 25/05/14 23:35:35 INFO DAGScheduler: Missing parents: List()
[2025-05-14T23:35:35.590+0530] {subprocess.py:93} INFO - 25/05/14 23:35:35 INFO DAGScheduler: Submitting ResultStage 3 (MapPartitionsRDD[19] at mapPartitionsWithIndex at CloudStorageOperations.scala:788), which has no missing parents
[2025-05-14T23:35:35.593+0530] {subprocess.py:93} INFO - 25/05/14 23:35:35 INFO MemoryStore: Block broadcast_5 stored as values in memory (estimated size 34.8 KiB, free 434.1 MiB)
[2025-05-14T23:35:35.594+0530] {subprocess.py:93} INFO - 25/05/14 23:35:35 INFO MemoryStore: Block broadcast_5_piece0 stored as bytes in memory (estimated size 14.1 KiB, free 434.1 MiB)
[2025-05-14T23:35:35.595+0530] {subprocess.py:93} INFO - 25/05/14 23:35:35 INFO BlockManagerInfo: Added broadcast_5_piece0 in memory on 10.255.255.254:41745 (size: 14.1 KiB, free: 434.4 MiB)
[2025-05-14T23:35:35.596+0530] {subprocess.py:93} INFO - 25/05/14 23:35:35 INFO SparkContext: Created broadcast 5 from broadcast at DAGScheduler.scala:1585
[2025-05-14T23:35:35.596+0530] {subprocess.py:93} INFO - 25/05/14 23:35:35 INFO DAGScheduler: Submitting 1 missing tasks from ResultStage 3 (MapPartitionsRDD[19] at mapPartitionsWithIndex at CloudStorageOperations.scala:788) (first 15 tasks are for partitions Vector(0))
[2025-05-14T23:35:35.597+0530] {subprocess.py:93} INFO - 25/05/14 23:35:35 INFO TaskSchedulerImpl: Adding task set 3.0 with 1 tasks resource profile 0
[2025-05-14T23:35:35.598+0530] {subprocess.py:93} INFO - 25/05/14 23:35:35 INFO TaskSetManager: Starting task 0.0 in stage 3.0 (TID 3) (10.255.255.254, executor driver, partition 0, PROCESS_LOCAL, 9698 bytes)
[2025-05-14T23:35:35.599+0530] {subprocess.py:93} INFO - 25/05/14 23:35:35 INFO Executor: Running task 0.0 in stage 3.0 (TID 3)
[2025-05-14T23:35:35.626+0530] {subprocess.py:93} INFO - 25/05/14 23:35:35 INFO CodeGenerator: Code generated in 20.286141 ms
[2025-05-14T23:35:35.657+0530] {subprocess.py:93} INFO - 25/05/14 23:35:35 INFO CodeGenerator: Code generated in 17.940416 ms
[2025-05-14T23:35:35.659+0530] {subprocess.py:93} INFO - 25/05/14 23:35:35 INFO CloudStorageOperations$: Spark Connector Worker: Start writing partition ID:0 as 0.CSV.gz TaskInfo: {  "task_partition_id" : 0,  "task_attempt_id" : 3,  "task_attempt_number" : 0,  "task_stage_attempt_number" : 0,  "task_stage_id" : 3,  "thread_id" : 71}
[2025-05-14T23:35:35.659+0530] {subprocess.py:93} INFO - 25/05/14 23:35:35 INFO FileScanRDD: Reading File path: file:///home/pranav_shirali/airflow-project/nyc_taxi_payment.parquet/part-00000-39211259-4244-4678-bb94-983904331bc2-c000.snappy.parquet, range: 0-1434156, partition values: [empty row]
[2025-05-14T23:35:41.751+0530] {subprocess.py:93} INFO - 25/05/14 23:35:41 INFO CloudStorageOperations$: Spark Connector Worker: Finish uploading file VPgBsQ4FbB/0.CSV.gz without AWS multiple parts API because the data size is less than the buffer size: bufferSize=8.00 MB compressedSize=1.11 MB
[2025-05-14T23:35:41.751+0530] {subprocess.py:93} INFO - 25/05/14 23:35:41 INFO CloudStorageOperations$: Spark Connector Worker: Finish writing partition ID:0 0.CSV.gz write row count is 95008. Uncompressed data size is 5.68 MB. read_and_upload_time: 6.09 seconds
[2025-05-14T23:35:41.753+0530] {subprocess.py:93} INFO - 25/05/14 23:35:41 INFO Executor: Finished task 0.0 in stage 3.0 (TID 3). 1948 bytes result sent to driver
[2025-05-14T23:35:41.755+0530] {subprocess.py:93} INFO - 25/05/14 23:35:41 INFO TaskSetManager: Finished task 0.0 in stage 3.0 (TID 3) in 6157 ms on 10.255.255.254 (executor driver) (1/1)
[2025-05-14T23:35:41.755+0530] {subprocess.py:93} INFO - 25/05/14 23:35:41 INFO TaskSchedulerImpl: Removed TaskSet 3.0, whose tasks have all completed, from pool
[2025-05-14T23:35:41.756+0530] {subprocess.py:93} INFO - 25/05/14 23:35:41 INFO DAGScheduler: ResultStage 3 (collect at CloudStorageOperations.scala:805) finished in 6.165 s
[2025-05-14T23:35:41.757+0530] {subprocess.py:93} INFO - 25/05/14 23:35:41 INFO DAGScheduler: Job 3 is finished. Cancelling potential speculative or zombie tasks for this job
[2025-05-14T23:35:41.757+0530] {subprocess.py:93} INFO - 25/05/14 23:35:41 INFO TaskSchedulerImpl: Killing all running tasks in stage 3: Stage finished
[2025-05-14T23:35:41.757+0530] {subprocess.py:93} INFO - 25/05/14 23:35:41 INFO DAGScheduler: Job 3 finished: collect at CloudStorageOperations.scala:805, took 6.170204 s
[2025-05-14T23:35:41.759+0530] {subprocess.py:93} INFO - 25/05/14 23:35:41 INFO StageWriter$: writeToTableWithStagingTable: check table existence with "AIRFLOW_DB"."PUBLIC".nyc_taxi_payment for nyc_taxi_payment
[2025-05-14T23:35:41.759+0530] {subprocess.py:93} INFO - 25/05/14 23:35:41 INFO SnowflakeSQLStatement: Spark Connector Master: execute query with bind variable: desc table identifier(?)
[2025-05-14T23:35:41.897+0530] {subprocess.py:93} INFO - 25/05/14 23:35:41 INFO SnowflakeSQLStatement: Spark Connector Master: execute query with bind variable: create   table if not exists identifier(?) ("PAYMENT_ID" INTEGER ,"TRIP_ID" INTEGER ,"PAYMENT_TYPE" INTEGER ,"FARE_AMOUNT" DOUBLE ,"EXTRA" DOUBLE ,"MTA_TAX" DOUBLE ,"TIP_AMOUNT" DOUBLE ,"TOLLS_AMOUNT" DOUBLE ,"IMPROVEMENT_SURCHARGE" DOUBLE ,"TOTAL_AMOUNT" DOUBLE ,"TRIP_AMT_INR" DOUBLE ,"CONGESTION_SURCHARGE" DOUBLE )
[2025-05-14T23:35:42.123+0530] {subprocess.py:93} INFO - 25/05/14 23:35:42 INFO StageWriter$: Begin to write at 2025-05-14T23:35:42.123114 (India Standard Time)
[2025-05-14T23:35:42.123+0530] {subprocess.py:93} INFO - 25/05/14 23:35:42 INFO StageWriter$: Total file count is 1, non-empty files count is 1, total file size is 5.68 MB, total row count is 92.78 KB.
[2025-05-14T23:35:42.124+0530] {subprocess.py:93} INFO - 25/05/14 23:35:42 INFO StageWriter$: Now executing below command to write into table:
[2025-05-14T23:35:42.124+0530] {subprocess.py:93} INFO - copy into nyc_taxi_payment_staging_1941432399 FROM @spark_connector_load_stage_7g4MGMNy9x/VPgBsQ4FbB/
[2025-05-14T23:35:42.124+0530] {subprocess.py:93} INFO - FILE_FORMAT = (
[2025-05-14T23:35:42.124+0530] {subprocess.py:93} INFO -     TYPE=CSV
[2025-05-14T23:35:42.124+0530] {subprocess.py:93} INFO -     FIELD_DELIMITER='|'
[2025-05-14T23:35:42.124+0530] {subprocess.py:93} INFO -     NULL_IF=()
[2025-05-14T23:35:42.125+0530] {subprocess.py:93} INFO -     FIELD_OPTIONALLY_ENCLOSED_BY='"'
[2025-05-14T23:35:42.125+0530] {subprocess.py:93} INFO -     TIMESTAMP_FORMAT='TZHTZM YYYY-MM-DD HH24:MI:SS.FF9'
[2025-05-14T23:35:42.125+0530] {subprocess.py:93} INFO -     DATE_FORMAT='TZHTZM YYYY-MM-DD HH24:MI:SS.FF9'
[2025-05-14T23:35:42.125+0530] {subprocess.py:93} INFO -     BINARY_FORMAT=BASE64
[2025-05-14T23:35:42.125+0530] {subprocess.py:93} INFO -   )
[2025-05-14T23:35:42.125+0530] {subprocess.py:93} INFO - 
[2025-05-14T23:35:42.125+0530] {subprocess.py:93} INFO - 25/05/14 23:35:42 INFO SnowflakeSQLStatement: Spark Connector Master: execute query with bind variable: copy into nyc_taxi_payment_staging_1941432399 FROM @spark_connector_load_stage_7g4MGMNy9x/VPgBsQ4FbB/
[2025-05-14T23:35:42.125+0530] {subprocess.py:93} INFO - FILE_FORMAT = (
[2025-05-14T23:35:42.125+0530] {subprocess.py:93} INFO -     TYPE=CSV
[2025-05-14T23:35:42.125+0530] {subprocess.py:93} INFO -     FIELD_DELIMITER='|'
[2025-05-14T23:35:42.126+0530] {subprocess.py:93} INFO -     NULL_IF=()
[2025-05-14T23:35:42.126+0530] {subprocess.py:93} INFO -     FIELD_OPTIONALLY_ENCLOSED_BY='"'
[2025-05-14T23:35:42.126+0530] {subprocess.py:93} INFO -     TIMESTAMP_FORMAT='TZHTZM YYYY-MM-DD HH24:MI:SS.FF9'
[2025-05-14T23:35:42.126+0530] {subprocess.py:93} INFO -     DATE_FORMAT='TZHTZM YYYY-MM-DD HH24:MI:SS.FF9'
[2025-05-14T23:35:42.126+0530] {subprocess.py:93} INFO -     BINARY_FORMAT=BASE64
[2025-05-14T23:35:42.126+0530] {subprocess.py:93} INFO -   )
[2025-05-14T23:35:42.126+0530] {subprocess.py:93} INFO - 
[2025-05-14T23:35:42.226+0530] {subprocess.py:93} INFO - 25/05/14 23:35:42 INFO SparkConnectorContext$: Add running query for local-1747245914487 session: 3722800342983210 queryId: 01bc58fd-3201-9d79-000d-39de0003720a
[2025-05-14T23:35:42.226+0530] {subprocess.py:93} INFO - 25/05/14 23:35:42 INFO StageWriter$: The query ID for async writing into table command is: 01bc58fd-3201-9d79-000d-39de0003720a; The query ID URL is:
[2025-05-14T23:35:42.226+0530] {subprocess.py:93} INFO - https://AVCUDFK-TL56570.snowflakecomputing.com/console#/monitoring/queries/detail?queryId=01bc58fd-3201-9d79-000d-39de0003720a
[2025-05-14T23:35:44.145+0530] {subprocess.py:93} INFO - 25/05/14 23:35:44 INFO SparkConnectorContext$: Remove running query for local-1747245914487 session: 3722800342983210 queryId: 01bc58fd-3201-9d79-000d-39de0003720a
[2025-05-14T23:35:44.146+0530] {subprocess.py:93} INFO - 25/05/14 23:35:44 INFO StageWriter$: First COPY command is done in 2.02 seconds at 2025-05-14T23:35:44.145992, queryID is 01bc58fd-3201-9d79-000d-39de0003720a
[2025-05-14T23:35:44.147+0530] {subprocess.py:93} INFO - 25/05/14 23:35:44 INFO StageWriter$: Succeed to write in 2.02 seconds at 2025-05-14T23:35:44.146943
[2025-05-14T23:35:44.148+0530] {subprocess.py:93} INFO - 25/05/14 23:35:44 INFO SnowflakeSQLStatement: Spark Connector Master: execute query with bind variable: alter table identifier(?) swap with identifier(?)
[2025-05-14T23:35:44.285+0530] {subprocess.py:93} INFO - 25/05/14 23:35:44 INFO SnowflakeSQLStatement: Spark Connector Master: execute query with bind variable: drop table identifier(?)
[2025-05-14T23:35:44.437+0530] {subprocess.py:93} INFO - 25/05/14 23:35:44 INFO StageWriter$: Spark Connector Master: Total job time is 9.04 seconds including read & upload time: 6.37 seconds and COPY time: 2.68 seconds.
[2025-05-14T23:35:44.633+0530] {subprocess.py:93} INFO - 25/05/14 23:35:44 WARN SnowflakeConnectorUtils$: Query pushdown is not supported because you are using Spark 3.5.5 with a connector designed to support Spark 3.3. Either use the version of Spark supported by the connector or install a version of the connector that supports your version of Spark.
[2025-05-14T23:35:44.634+0530] {subprocess.py:93} INFO - 25/05/14 23:35:44 WARN DefaultJDBCWrapper$: JDBC 3.13.30 is being used. But the certified JDBC version 3.13.22 is recommended.
[2025-05-14T23:35:44.829+0530] {subprocess.py:93} INFO - 25/05/14 23:35:44 INFO SnowflakeSQLStatement: Spark Connector Master: execute query with bind variable: select * from nyc_taxi_payment where 1 = 0
[2025-05-14T23:35:46.154+0530] {subprocess.py:93} INFO - 25/05/14 23:35:46 INFO SparkContext: Invoking stop() from shutdown hook
[2025-05-14T23:35:46.155+0530] {subprocess.py:93} INFO - 25/05/14 23:35:46 INFO SparkContext: SparkContext is stopping with exitCode 0.
[2025-05-14T23:35:46.156+0530] {subprocess.py:93} INFO - 25/05/14 23:35:46 WARN SparkConnectorContext$: Finish cancelling all queries for local-1747245914487
[2025-05-14T23:35:46.165+0530] {subprocess.py:93} INFO - 25/05/14 23:35:46 INFO SparkUI: Stopped Spark web UI at http://10.255.255.254:4040
[2025-05-14T23:35:46.179+0530] {subprocess.py:93} INFO - 25/05/14 23:35:46 INFO MapOutputTrackerMasterEndpoint: MapOutputTrackerMasterEndpoint stopped!
[2025-05-14T23:35:46.191+0530] {subprocess.py:93} INFO - 25/05/14 23:35:46 INFO MemoryStore: MemoryStore cleared
[2025-05-14T23:35:46.192+0530] {subprocess.py:93} INFO - 25/05/14 23:35:46 INFO BlockManager: BlockManager stopped
[2025-05-14T23:35:46.193+0530] {subprocess.py:93} INFO - 25/05/14 23:35:46 INFO BlockManagerMaster: BlockManagerMaster stopped
[2025-05-14T23:35:46.196+0530] {subprocess.py:93} INFO - 25/05/14 23:35:46 INFO OutputCommitCoordinator$OutputCommitCoordinatorEndpoint: OutputCommitCoordinator stopped!
[2025-05-14T23:35:46.203+0530] {subprocess.py:93} INFO - 25/05/14 23:35:46 INFO SparkContext: Successfully stopped SparkContext
[2025-05-14T23:35:46.203+0530] {subprocess.py:93} INFO - 25/05/14 23:35:46 INFO ShutdownHookManager: Shutdown hook called
[2025-05-14T23:35:46.204+0530] {subprocess.py:93} INFO - 25/05/14 23:35:46 INFO ShutdownHookManager: Deleting directory /tmp/spark-e278e613-d8bb-49b3-9773-42124840803c
[2025-05-14T23:35:46.206+0530] {subprocess.py:93} INFO - 25/05/14 23:35:46 INFO ShutdownHookManager: Deleting directory /tmp/spark-b8b7dd6c-783a-45c1-923f-cd97c06c73a7/pyspark-9bcb99ab-443f-4379-85cd-6cd0deddc931
[2025-05-14T23:35:46.209+0530] {subprocess.py:93} INFO - 25/05/14 23:35:46 INFO ShutdownHookManager: Deleting directory /tmp/spark-b8b7dd6c-783a-45c1-923f-cd97c06c73a7
[2025-05-14T23:35:46.259+0530] {subprocess.py:97} INFO - Command exited with return code 0
[2025-05-14T23:35:46.275+0530] {taskinstance.py:340} INFO - ::group::Post task execution logs
[2025-05-14T23:35:46.275+0530] {taskinstance.py:352} INFO - Marking task as SUCCESS. dag_id=nyc_taxi_etl, task_id=load_to_snowflake, run_id=manual__2025-05-14T18:04:36.240563+00:00, execution_date=20250514T180436, start_date=20250514T180511, end_date=20250514T180546
[2025-05-14T23:35:46.306+0530] {local_task_job_runner.py:266} INFO - Task exited with return code 0
[2025-05-14T23:35:46.313+0530] {taskinstance.py:3900} INFO - 0 downstream tasks scheduled from follow-on schedule check
[2025-05-14T23:35:46.313+0530] {local_task_job_runner.py:245} INFO - ::endgroup::
