[2025-03-28T15:41:38.235+0530] {local_task_job_runner.py:123} INFO - ::group::Pre task execution logs
[2025-03-28T15:41:38.242+0530] {taskinstance.py:2612} INFO - Dependencies all met for dep_context=non-requeueable deps ti=<TaskInstance: example_params_trigger_ui.get_names manual__2025-03-28T10:11:32+00:00 [queued]>
[2025-03-28T15:41:38.246+0530] {taskinstance.py:2612} INFO - Dependencies all met for dep_context=requeueable deps ti=<TaskInstance: example_params_trigger_ui.get_names manual__2025-03-28T10:11:32+00:00 [queued]>
[2025-03-28T15:41:38.246+0530] {taskinstance.py:2865} INFO - Starting attempt 1 of 1
[2025-03-28T15:41:38.256+0530] {taskinstance.py:2888} INFO - Executing <Task(_PythonDecoratedOperator): get_names> on 2025-03-28 10:11:32+00:00
[2025-03-28T15:41:38.258+0530] {standard_task_runner.py:72} INFO - Started process 629 to run task
[2025-03-28T15:41:38.260+0530] {standard_task_runner.py:104} INFO - Running: ['airflow', 'tasks', 'run', 'example_params_trigger_ui', 'get_names', 'manual__2025-03-28T10:11:32+00:00', '--job-id', '4', '--raw', '--subdir', '/home/pranav_shirali/airflow-project/airflow-env/lib/python3.10/site-packages/airflow/example_dags/example_params_trigger_ui.py', '--cfg-path', '/tmp/tmpw51l955m']
[2025-03-28T15:41:38.260+0530] {standard_task_runner.py:105} INFO - Job 4: Subtask get_names
[2025-03-28T15:41:38.286+0530] {task_command.py:467} INFO - Running <TaskInstance: example_params_trigger_ui.get_names manual__2025-03-28T10:11:32+00:00 [running]> on host Voldemort.
[2025-03-28T15:41:38.327+0530] {taskinstance.py:3131} INFO - Exporting env vars: AIRFLOW_CTX_DAG_OWNER='airflow' AIRFLOW_CTX_DAG_ID='example_params_trigger_ui' AIRFLOW_CTX_TASK_ID='get_names' AIRFLOW_CTX_EXECUTION_DATE='2025-03-28T10:11:32+00:00' AIRFLOW_CTX_TRY_NUMBER='1' AIRFLOW_CTX_DAG_RUN_ID='manual__2025-03-28T10:11:32+00:00'
[2025-03-28T15:41:38.328+0530] {logging_mixin.py:190} INFO - Task instance is in running state
[2025-03-28T15:41:38.328+0530] {logging_mixin.py:190} INFO -  Previous state of the Task instance: queued
[2025-03-28T15:41:38.328+0530] {logging_mixin.py:190} INFO - Current task name:get_names state:running start_date:2025-03-28 10:11:38.242878+00:00
[2025-03-28T15:41:38.328+0530] {logging_mixin.py:190} INFO - Dag name:example_params_trigger_ui and current dag run status:running
[2025-03-28T15:41:38.328+0530] {taskinstance.py:731} INFO - ::endgroup::
[2025-03-28T15:41:38.329+0530] {python.py:240} INFO - Done. Returned value was: ['Linda', 'Martha', 'Thomas']
[2025-03-28T15:41:38.342+0530] {taskinstance.py:340} INFO - ::group::Post task execution logs
[2025-03-28T15:41:38.342+0530] {taskinstance.py:352} INFO - Marking task as SUCCESS. dag_id=example_params_trigger_ui, task_id=get_names, run_id=manual__2025-03-28T10:11:32+00:00, execution_date=20250328T101132, start_date=20250328T101138, end_date=20250328T101138
[2025-03-28T15:41:38.349+0530] {logging_mixin.py:190} INFO - Task instance in success state
[2025-03-28T15:41:38.349+0530] {logging_mixin.py:190} INFO -  Previous state of the Task instance: running
[2025-03-28T15:41:38.350+0530] {logging_mixin.py:190} INFO - Dag name:example_params_trigger_ui queued_at:2025-03-28 10:11:34.306675+00:00
[2025-03-28T15:41:38.350+0530] {logging_mixin.py:190} INFO - Task hostname:Voldemort. operator:_PythonDecoratedOperator
[2025-03-28T15:41:38.392+0530] {local_task_job_runner.py:266} INFO - Task exited with return code 0
[2025-03-28T15:41:38.460+0530] {taskinstance.py:3900} INFO - 9 downstream tasks scheduled from follow-on schedule check
[2025-03-28T15:41:38.464+0530] {local_task_job_runner.py:245} INFO - ::endgroup::
