[2025-04-16T21:29:31.088+0530] {local_task_job_runner.py:123} INFO - ::group::Pre task execution logs
[2025-04-16T21:29:31.096+0530] {taskinstance.py:2612} INFO - Dependencies all met for dep_context=non-requeueable deps ti=<TaskInstance: check_dag.create_file manual__2025-04-16T15:59:27.545650+00:00 [queued]>
[2025-04-16T21:29:31.101+0530] {taskinstance.py:2612} INFO - Dependencies all met for dep_context=requeueable deps ti=<TaskInstance: check_dag.create_file manual__2025-04-16T15:59:27.545650+00:00 [queued]>
[2025-04-16T21:29:31.101+0530] {taskinstance.py:2865} INFO - Starting attempt 1 of 1
[2025-04-16T21:29:33.474+0530] {taskinstance.py:2888} INFO - Executing <Task(BashOperator): create_file> on 2025-04-16 15:59:27.545650+00:00
[2025-04-16T21:29:33.477+0530] {standard_task_runner.py:72} INFO - Started process 1138 to run task
[2025-04-16T21:29:33.479+0530] {standard_task_runner.py:104} INFO - Running: ['airflow', 'tasks', 'run', 'check_dag', 'create_file', 'manual__2025-04-16T15:59:27.545650+00:00', '--job-id', '29', '--raw', '--subdir', 'DAGS_FOLDER/check_dag.py', '--cfg-path', '/tmp/tmpc8j01k1n']
[2025-04-16T21:29:33.481+0530] {standard_task_runner.py:105} INFO - Job 29: Subtask create_file
[2025-04-16T21:29:33.510+0530] {task_command.py:467} INFO - Running <TaskInstance: check_dag.create_file manual__2025-04-16T15:59:27.545650+00:00 [running]> on host Voldemort.
[2025-04-16T21:29:33.562+0530] {taskinstance.py:3131} INFO - Exporting env vars: AIRFLOW_CTX_DAG_OWNER='airflow' AIRFLOW_CTX_DAG_ID='check_dag' AIRFLOW_CTX_TASK_ID='create_file' AIRFLOW_CTX_EXECUTION_DATE='2025-04-16T15:59:27.545650+00:00' AIRFLOW_CTX_TRY_NUMBER='1' AIRFLOW_CTX_DAG_RUN_ID='manual__2025-04-16T15:59:27.545650+00:00'
[2025-04-16T21:29:33.563+0530] {taskinstance.py:731} INFO - ::endgroup::
[2025-04-16T21:29:33.584+0530] {subprocess.py:63} INFO - Tmp dir root location: /tmp
[2025-04-16T21:29:33.585+0530] {subprocess.py:75} INFO - Running command: ['/usr/bin/bash', '-c', 'echo "Hi there!" >/tmp/dummy']
[2025-04-16T21:29:33.590+0530] {subprocess.py:86} INFO - Output:
[2025-04-16T21:29:33.592+0530] {subprocess.py:97} INFO - Command exited with return code 0
[2025-04-16T21:29:33.607+0530] {taskinstance.py:340} INFO - ::group::Post task execution logs
[2025-04-16T21:29:33.608+0530] {taskinstance.py:352} INFO - Marking task as SUCCESS. dag_id=check_dag, task_id=create_file, run_id=manual__2025-04-16T15:59:27.545650+00:00, execution_date=20250416T155927, start_date=20250416T155931, end_date=20250416T155933
[2025-04-16T21:29:33.652+0530] {local_task_job_runner.py:266} INFO - Task exited with return code 0
[2025-04-16T21:29:33.668+0530] {taskinstance.py:3900} INFO - 1 downstream tasks scheduled from follow-on schedule check
[2025-04-16T21:29:33.673+0530] {local_task_job_runner.py:245} INFO - ::endgroup::
