[2025-03-28T15:41:44.714+0530] {local_task_job_runner.py:123} INFO - ::group::Pre task execution logs
[2025-03-28T15:41:44.734+0530] {taskinstance.py:2612} INFO - Dependencies all met for dep_context=non-requeueable deps ti=<TaskInstance: example_params_trigger_ui.generate_french_greeting manual__2025-03-28T10:11:32+00:00 map_index=0 [queued]>
[2025-03-28T15:41:44.746+0530] {taskinstance.py:2612} INFO - Dependencies all met for dep_context=requeueable deps ti=<TaskInstance: example_params_trigger_ui.generate_french_greeting manual__2025-03-28T10:11:32+00:00 map_index=0 [queued]>
[2025-03-28T15:41:44.746+0530] {taskinstance.py:2865} INFO - Starting attempt 1 of 1
[2025-03-28T15:41:44.758+0530] {taskinstance.py:2888} INFO - Executing <Mapped(_PythonDecoratedOperator): generate_french_greeting> on 2025-03-28 10:11:32+00:00
[2025-03-28T15:41:44.761+0530] {standard_task_runner.py:72} INFO - Started process 639 to run task
[2025-03-28T15:41:44.763+0530] {standard_task_runner.py:104} INFO - Running: ['airflow', 'tasks', 'run', 'example_params_trigger_ui', 'generate_french_greeting', 'manual__2025-03-28T10:11:32+00:00', '--job-id', '7', '--raw', '--subdir', '/home/pranav_shirali/airflow-project/airflow-env/lib/python3.10/site-packages/airflow/example_dags/example_params_trigger_ui.py', '--cfg-path', '/tmp/tmpqwmcbh9n', '--map-index', '0']
[2025-03-28T15:41:44.763+0530] {standard_task_runner.py:105} INFO - Job 7: Subtask generate_french_greeting
[2025-03-28T15:41:44.795+0530] {task_command.py:467} INFO - Running <TaskInstance: example_params_trigger_ui.generate_french_greeting manual__2025-03-28T10:11:32+00:00 map_index=0 [running]> on host Voldemort.
[2025-03-28T15:41:44.855+0530] {taskinstance.py:3131} INFO - Exporting env vars: AIRFLOW_CTX_DAG_OWNER='airflow' AIRFLOW_CTX_DAG_ID='example_params_trigger_ui' AIRFLOW_CTX_TASK_ID='generate_french_greeting' AIRFLOW_CTX_EXECUTION_DATE='2025-03-28T10:11:32+00:00' AIRFLOW_CTX_TRY_NUMBER='1' AIRFLOW_CTX_DAG_RUN_ID='manual__2025-03-28T10:11:32+00:00'
[2025-03-28T15:41:44.856+0530] {logging_mixin.py:190} INFO - Task instance is in running state
[2025-03-28T15:41:44.856+0530] {logging_mixin.py:190} INFO -  Previous state of the Task instance: queued
[2025-03-28T15:41:44.857+0530] {logging_mixin.py:190} INFO - Current task name:generate_french_greeting state:running start_date:2025-03-28 10:11:44.734660+00:00
[2025-03-28T15:41:44.857+0530] {logging_mixin.py:190} INFO - Dag name:example_params_trigger_ui and current dag run status:running
[2025-03-28T15:41:44.857+0530] {taskinstance.py:731} INFO - ::endgroup::
[2025-03-28T15:41:44.857+0530] {python.py:240} INFO - Done. Returned value was: Bonjour Linda!
[2025-03-28T15:41:44.869+0530] {taskinstance.py:340} INFO - ::group::Post task execution logs
[2025-03-28T15:41:44.869+0530] {taskinstance.py:352} INFO - Marking task as SUCCESS. dag_id=example_params_trigger_ui, task_id=generate_french_greeting, run_id=manual__2025-03-28T10:11:32+00:00, map_index=0, execution_date=20250328T101132, start_date=20250328T101144, end_date=20250328T101144
[2025-03-28T15:41:44.878+0530] {logging_mixin.py:190} INFO - Task instance in success state
[2025-03-28T15:41:44.878+0530] {logging_mixin.py:190} INFO -  Previous state of the Task instance: running
[2025-03-28T15:41:44.879+0530] {logging_mixin.py:190} INFO - Dag name:example_params_trigger_ui queued_at:2025-03-28 10:11:34.306675+00:00
[2025-03-28T15:41:44.879+0530] {logging_mixin.py:190} INFO - Task hostname:Voldemort. operator:_PythonDecoratedOperator
[2025-03-28T15:41:44.896+0530] {local_task_job_runner.py:266} INFO - Task exited with return code 0
[2025-03-28T15:41:44.914+0530] {taskinstance.py:3900} INFO - 0 downstream tasks scheduled from follow-on schedule check
[2025-03-28T15:41:44.914+0530] {local_task_job_runner.py:245} INFO - ::endgroup::
