[2025-05-14T22:59:10.818+0530] {local_task_job_runner.py:123} INFO - ::group::Pre task execution logs
[2025-05-14T22:59:10.824+0530] {taskinstance.py:2612} INFO - Dependencies all met for dep_context=non-requeueable deps ti=<TaskInstance: nyc_taxi_etl.transform_data manual__2025-05-14T17:28:44.512773+00:00 [queued]>
[2025-05-14T22:59:10.828+0530] {taskinstance.py:2612} INFO - Dependencies all met for dep_context=requeueable deps ti=<TaskInstance: nyc_taxi_etl.transform_data manual__2025-05-14T17:28:44.512773+00:00 [queued]>
[2025-05-14T22:59:10.828+0530] {taskinstance.py:2865} INFO - Starting attempt 1 of 1
[2025-05-14T22:59:10.838+0530] {taskinstance.py:2888} INFO - Executing <Task(BashOperator): transform_data> on 2025-05-14 17:28:44.512773+00:00
[2025-05-14T22:59:10.840+0530] {standard_task_runner.py:72} INFO - Started process 16258 to run task
[2025-05-14T22:59:10.842+0530] {standard_task_runner.py:104} INFO - Running: ['airflow', 'tasks', 'run', 'nyc_taxi_etl', 'transform_data', 'manual__2025-05-14T17:28:44.512773+00:00', '--job-id', '53', '--raw', '--subdir', 'DAGS_FOLDER/nyc_taxi_etl.py', '--cfg-path', '/tmp/tmpg0ksvzcu']
[2025-05-14T22:59:10.843+0530] {standard_task_runner.py:105} INFO - Job 53: Subtask transform_data
[2025-05-14T22:59:10.866+0530] {task_command.py:467} INFO - Running <TaskInstance: nyc_taxi_etl.transform_data manual__2025-05-14T17:28:44.512773+00:00 [running]> on host Voldemort.
[2025-05-14T22:59:10.905+0530] {taskinstance.py:3131} INFO - Exporting env vars: AIRFLOW_CTX_DAG_OWNER='airflow' AIRFLOW_CTX_DAG_ID='nyc_taxi_etl' AIRFLOW_CTX_TASK_ID='transform_data' AIRFLOW_CTX_EXECUTION_DATE='2025-05-14T17:28:44.512773+00:00' AIRFLOW_CTX_TRY_NUMBER='1' AIRFLOW_CTX_DAG_RUN_ID='manual__2025-05-14T17:28:44.512773+00:00'
[2025-05-14T22:59:10.905+0530] {taskinstance.py:731} INFO - ::endgroup::
[2025-05-14T22:59:10.913+0530] {subprocess.py:63} INFO - Tmp dir root location: /tmp
[2025-05-14T22:59:10.914+0530] {subprocess.py:75} INFO - Running command: ['/usr/bin/bash', '-c', '/opt/spark/bin/spark-submit /home/pranav_shirali/airflow-project/scripts/transform.py']
[2025-05-14T22:59:10.917+0530] {subprocess.py:86} INFO - Output:
[2025-05-14T22:59:12.164+0530] {subprocess.py:93} INFO - 25/05/14 22:59:12 WARN Utils: Your hostname, Voldemort resolves to a loopback address: 127.0.1.1; using 10.255.255.254 instead (on interface lo)
[2025-05-14T22:59:12.166+0530] {subprocess.py:93} INFO - 25/05/14 22:59:12 WARN Utils: Set SPARK_LOCAL_IP if you need to bind to another address
[2025-05-14T22:59:12.913+0530] {subprocess.py:93} INFO - 25/05/14 22:59:12 INFO SparkContext: Running Spark version 3.5.5
[2025-05-14T22:59:12.913+0530] {subprocess.py:93} INFO - 25/05/14 22:59:12 INFO SparkContext: OS info Linux, 5.15.167.4-microsoft-standard-WSL2, amd64
[2025-05-14T22:59:12.914+0530] {subprocess.py:93} INFO - 25/05/14 22:59:12 INFO SparkContext: Java version 11.0.27
[2025-05-14T22:59:12.964+0530] {subprocess.py:93} INFO - 25/05/14 22:59:12 WARN NativeCodeLoader: Unable to load native-hadoop library for your platform... using builtin-java classes where applicable
[2025-05-14T22:59:13.036+0530] {subprocess.py:93} INFO - 25/05/14 22:59:13 INFO ResourceUtils: ==============================================================
[2025-05-14T22:59:13.036+0530] {subprocess.py:93} INFO - 25/05/14 22:59:13 INFO ResourceUtils: No custom resources configured for spark.driver.
[2025-05-14T22:59:13.036+0530] {subprocess.py:93} INFO - 25/05/14 22:59:13 INFO ResourceUtils: ==============================================================
[2025-05-14T22:59:13.037+0530] {subprocess.py:93} INFO - 25/05/14 22:59:13 INFO SparkContext: Submitted application: NYC Taxi Transform
[2025-05-14T22:59:13.053+0530] {subprocess.py:93} INFO - 25/05/14 22:59:13 INFO ResourceProfile: Default ResourceProfile created, executor resources: Map(cores -> name: cores, amount: 1, script: , vendor: , memory -> name: memory, amount: 1024, script: , vendor: , offHeap -> name: offHeap, amount: 0, script: , vendor: ), task resources: Map(cpus -> name: cpus, amount: 1.0)
[2025-05-14T22:59:13.065+0530] {subprocess.py:93} INFO - 25/05/14 22:59:13 INFO ResourceProfile: Limiting resource is cpu
[2025-05-14T22:59:13.066+0530] {subprocess.py:93} INFO - 25/05/14 22:59:13 INFO ResourceProfileManager: Added ResourceProfile id: 0
[2025-05-14T22:59:13.108+0530] {subprocess.py:93} INFO - 25/05/14 22:59:13 INFO SecurityManager: Changing view acls to: pranav_shirali
[2025-05-14T22:59:13.109+0530] {subprocess.py:93} INFO - 25/05/14 22:59:13 INFO SecurityManager: Changing modify acls to: pranav_shirali
[2025-05-14T22:59:13.109+0530] {subprocess.py:93} INFO - 25/05/14 22:59:13 INFO SecurityManager: Changing view acls groups to:
[2025-05-14T22:59:13.109+0530] {subprocess.py:93} INFO - 25/05/14 22:59:13 INFO SecurityManager: Changing modify acls groups to:
[2025-05-14T22:59:13.109+0530] {subprocess.py:93} INFO - 25/05/14 22:59:13 INFO SecurityManager: SecurityManager: authentication disabled; ui acls disabled; users with view permissions: pranav_shirali; groups with view permissions: EMPTY; users with modify permissions: pranav_shirali; groups with modify permissions: EMPTY
[2025-05-14T22:59:13.301+0530] {subprocess.py:93} INFO - 25/05/14 22:59:13 INFO Utils: Successfully started service 'sparkDriver' on port 45149.
[2025-05-14T22:59:13.322+0530] {subprocess.py:93} INFO - 25/05/14 22:59:13 INFO SparkEnv: Registering MapOutputTracker
[2025-05-14T22:59:13.345+0530] {subprocess.py:93} INFO - 25/05/14 22:59:13 INFO SparkEnv: Registering BlockManagerMaster
[2025-05-14T22:59:13.357+0530] {subprocess.py:93} INFO - 25/05/14 22:59:13 INFO BlockManagerMasterEndpoint: Using org.apache.spark.storage.DefaultTopologyMapper for getting topology information
[2025-05-14T22:59:13.357+0530] {subprocess.py:93} INFO - 25/05/14 22:59:13 INFO BlockManagerMasterEndpoint: BlockManagerMasterEndpoint up
[2025-05-14T22:59:13.360+0530] {subprocess.py:93} INFO - 25/05/14 22:59:13 INFO SparkEnv: Registering BlockManagerMasterHeartbeat
[2025-05-14T22:59:13.381+0530] {subprocess.py:93} INFO - 25/05/14 22:59:13 INFO DiskBlockManager: Created local directory at /tmp/blockmgr-e630b958-0ca7-47a8-ad58-ade47e4ab7b1
[2025-05-14T22:59:13.390+0530] {subprocess.py:93} INFO - 25/05/14 22:59:13 INFO MemoryStore: MemoryStore started with capacity 434.4 MiB
[2025-05-14T22:59:13.401+0530] {subprocess.py:93} INFO - 25/05/14 22:59:13 INFO SparkEnv: Registering OutputCommitCoordinator
[2025-05-14T22:59:13.510+0530] {subprocess.py:93} INFO - 25/05/14 22:59:13 INFO JettyUtils: Start Jetty 0.0.0.0:4040 for SparkUI
[2025-05-14T22:59:13.551+0530] {subprocess.py:93} INFO - 25/05/14 22:59:13 INFO Utils: Successfully started service 'SparkUI' on port 4040.
[2025-05-14T22:59:13.624+0530] {subprocess.py:93} INFO - 25/05/14 22:59:13 INFO Executor: Starting executor ID driver on host 10.255.255.254
[2025-05-14T22:59:13.624+0530] {subprocess.py:93} INFO - 25/05/14 22:59:13 INFO Executor: OS info Linux, 5.15.167.4-microsoft-standard-WSL2, amd64
[2025-05-14T22:59:13.625+0530] {subprocess.py:93} INFO - 25/05/14 22:59:13 INFO Executor: Java version 11.0.27
[2025-05-14T22:59:13.631+0530] {subprocess.py:93} INFO - 25/05/14 22:59:13 INFO Executor: Starting executor with user classpath (userClassPathFirst = false): ''
[2025-05-14T22:59:13.631+0530] {subprocess.py:93} INFO - 25/05/14 22:59:13 INFO Executor: Created or updated repl class loader org.apache.spark.util.MutableURLClassLoader@68dc0dbb for default.
[2025-05-14T22:59:13.652+0530] {subprocess.py:93} INFO - 25/05/14 22:59:13 INFO Utils: Successfully started service 'org.apache.spark.network.netty.NettyBlockTransferService' on port 43575.
[2025-05-14T22:59:13.653+0530] {subprocess.py:93} INFO - 25/05/14 22:59:13 INFO NettyBlockTransferService: Server created on 10.255.255.254:43575
[2025-05-14T22:59:13.654+0530] {subprocess.py:93} INFO - 25/05/14 22:59:13 INFO BlockManager: Using org.apache.spark.storage.RandomBlockReplicationPolicy for block replication policy
[2025-05-14T22:59:13.659+0530] {subprocess.py:93} INFO - 25/05/14 22:59:13 INFO BlockManagerMaster: Registering BlockManager BlockManagerId(driver, 10.255.255.254, 43575, None)
[2025-05-14T22:59:13.661+0530] {subprocess.py:93} INFO - 25/05/14 22:59:13 INFO BlockManagerMasterEndpoint: Registering block manager 10.255.255.254:43575 with 434.4 MiB RAM, BlockManagerId(driver, 10.255.255.254, 43575, None)
[2025-05-14T22:59:13.663+0530] {subprocess.py:93} INFO - 25/05/14 22:59:13 INFO BlockManagerMaster: Registered BlockManager BlockManagerId(driver, 10.255.255.254, 43575, None)
[2025-05-14T22:59:13.663+0530] {subprocess.py:93} INFO - 25/05/14 22:59:13 INFO BlockManager: Initialized BlockManager: BlockManagerId(driver, 10.255.255.254, 43575, None)
[2025-05-14T22:59:14.127+0530] {subprocess.py:93} INFO - 25/05/14 22:59:14 INFO SharedState: Setting hive.metastore.warehouse.dir ('null') to the value of spark.sql.warehouse.dir.
[2025-05-14T22:59:14.135+0530] {subprocess.py:93} INFO - 25/05/14 22:59:14 INFO SharedState: Warehouse path is 'file:/tmp/airflowtmpb8shf5am/spark-warehouse'.
[2025-05-14T22:59:15.164+0530] {subprocess.py:93} INFO - 25/05/14 22:59:15 INFO InMemoryFileIndex: It took 49 ms to list leaf files for 1 paths.
[2025-05-14T22:59:15.583+0530] {subprocess.py:93} INFO - 25/05/14 22:59:15 INFO SparkContext: Starting job: parquet at NativeMethodAccessorImpl.java:0
[2025-05-14T22:59:15.598+0530] {subprocess.py:93} INFO - 25/05/14 22:59:15 INFO DAGScheduler: Got job 0 (parquet at NativeMethodAccessorImpl.java:0) with 1 output partitions
[2025-05-14T22:59:15.599+0530] {subprocess.py:93} INFO - 25/05/14 22:59:15 INFO DAGScheduler: Final stage: ResultStage 0 (parquet at NativeMethodAccessorImpl.java:0)
[2025-05-14T22:59:15.599+0530] {subprocess.py:93} INFO - 25/05/14 22:59:15 INFO DAGScheduler: Parents of final stage: List()
[2025-05-14T22:59:15.601+0530] {subprocess.py:93} INFO - 25/05/14 22:59:15 INFO DAGScheduler: Missing parents: List()
[2025-05-14T22:59:15.605+0530] {subprocess.py:93} INFO - 25/05/14 22:59:15 INFO DAGScheduler: Submitting ResultStage 0 (MapPartitionsRDD[1] at parquet at NativeMethodAccessorImpl.java:0), which has no missing parents
[2025-05-14T22:59:15.667+0530] {subprocess.py:93} INFO - 25/05/14 22:59:15 INFO MemoryStore: Block broadcast_0 stored as values in memory (estimated size 103.2 KiB, free 434.3 MiB)
[2025-05-14T22:59:15.700+0530] {subprocess.py:93} INFO - 25/05/14 22:59:15 INFO MemoryStore: Block broadcast_0_piece0 stored as bytes in memory (estimated size 37.2 KiB, free 434.3 MiB)
[2025-05-14T22:59:15.704+0530] {subprocess.py:93} INFO - 25/05/14 22:59:15 INFO BlockManagerInfo: Added broadcast_0_piece0 in memory on 10.255.255.254:43575 (size: 37.2 KiB, free: 434.4 MiB)
[2025-05-14T22:59:15.707+0530] {subprocess.py:93} INFO - 25/05/14 22:59:15 INFO SparkContext: Created broadcast 0 from broadcast at DAGScheduler.scala:1585
[2025-05-14T22:59:15.724+0530] {subprocess.py:93} INFO - 25/05/14 22:59:15 INFO DAGScheduler: Submitting 1 missing tasks from ResultStage 0 (MapPartitionsRDD[1] at parquet at NativeMethodAccessorImpl.java:0) (first 15 tasks are for partitions Vector(0))
[2025-05-14T22:59:15.725+0530] {subprocess.py:93} INFO - 25/05/14 22:59:15 INFO TaskSchedulerImpl: Adding task set 0.0 with 1 tasks resource profile 0
[2025-05-14T22:59:15.777+0530] {subprocess.py:93} INFO - 25/05/14 22:59:15 INFO TaskSetManager: Starting task 0.0 in stage 0.0 (TID 0) (10.255.255.254, executor driver, partition 0, PROCESS_LOCAL, 9230 bytes)
[2025-05-14T22:59:15.789+0530] {subprocess.py:93} INFO - 25/05/14 22:59:15 INFO Executor: Running task 0.0 in stage 0.0 (TID 0)
[2025-05-14T22:59:16.124+0530] {subprocess.py:93} INFO - 25/05/14 22:59:16 INFO Executor: Finished task 0.0 in stage 0.0 (TID 0). 2776 bytes result sent to driver
[2025-05-14T22:59:16.133+0530] {subprocess.py:93} INFO - 25/05/14 22:59:16 INFO TaskSetManager: Finished task 0.0 in stage 0.0 (TID 0) in 377 ms on 10.255.255.254 (executor driver) (1/1)
[2025-05-14T22:59:16.134+0530] {subprocess.py:93} INFO - 25/05/14 22:59:16 INFO TaskSchedulerImpl: Removed TaskSet 0.0, whose tasks have all completed, from pool
[2025-05-14T22:59:16.138+0530] {subprocess.py:93} INFO - 25/05/14 22:59:16 INFO DAGScheduler: ResultStage 0 (parquet at NativeMethodAccessorImpl.java:0) finished in 0.522 s
[2025-05-14T22:59:16.141+0530] {subprocess.py:93} INFO - 25/05/14 22:59:16 INFO DAGScheduler: Job 0 is finished. Cancelling potential speculative or zombie tasks for this job
[2025-05-14T22:59:16.141+0530] {subprocess.py:93} INFO - 25/05/14 22:59:16 INFO TaskSchedulerImpl: Killing all running tasks in stage 0: Stage finished
[2025-05-14T22:59:16.143+0530] {subprocess.py:93} INFO - 25/05/14 22:59:16 INFO DAGScheduler: Job 0 finished: parquet at NativeMethodAccessorImpl.java:0, took 0.559224 s
[2025-05-14T22:59:16.479+0530] {subprocess.py:93} INFO - 25/05/14 22:59:16 INFO BlockManagerInfo: Removed broadcast_0_piece0 on 10.255.255.254:43575 in memory (size: 37.2 KiB, free: 434.4 MiB)
[2025-05-14T22:59:18.372+0530] {subprocess.py:93} INFO - Traceback (most recent call last):
[2025-05-14T22:59:18.373+0530] {subprocess.py:93} INFO -   File "/home/pranav_shirali/airflow-project/scripts/transform.py", line 76, in <module>
[2025-05-14T22:59:18.373+0530] {subprocess.py:93} INFO -     payment_df = payment_df.withColumn("Payment_id", row_number().over(window))
[2025-05-14T22:59:18.373+0530] {subprocess.py:93} INFO -   File "/opt/spark/python/lib/pyspark.zip/pyspark/sql/dataframe.py", line 5176, in withColumn
[2025-05-14T22:59:18.373+0530] {subprocess.py:93} INFO -   File "/opt/spark/python/lib/py4j-0.10.9.7-src.zip/py4j/java_gateway.py", line 1322, in __call__
[2025-05-14T22:59:18.373+0530] {subprocess.py:93} INFO -   File "/opt/spark/python/lib/pyspark.zip/pyspark/errors/exceptions/captured.py", line 185, in deco
[2025-05-14T22:59:18.378+0530] {subprocess.py:93} INFO - pyspark.errors.exceptions.captured.AnalysisException: [UNRESOLVED_COLUMN.WITH_SUGGESTION] A column or function parameter with name `tpep_pickup_datetime` cannot be resolved. Did you mean one of the following? [`Trip_id`, `tip_amount`, `trip_amt_INR`, `payment_type`, `extra`].;
[2025-05-14T22:59:18.378+0530] {subprocess.py:93} INFO - 'Project [Trip_id#201, payment_type#9, fare_amount#10, extra#11, mta_tax#12, tip_amount#13, tolls_amount#14, improvement_surcharge#15, total_amount#16, trip_amt_INR#105, congestion_surcharge#17, row_number() windowspecdefinition('tpep_pickup_datetime ASC NULLS FIRST, 'VendorID ASC NULLS FIRST, specifiedwindowframe(RowFrame, unboundedpreceding$(), currentrow$())) AS Payment_id#238]
[2025-05-14T22:59:18.379+0530] {subprocess.py:93} INFO - +- Project [Trip_id#201, payment_type#9, fare_amount#10, extra#11, mta_tax#12, tip_amount#13, tolls_amount#14, improvement_surcharge#15, total_amount#16, trip_amt_INR#105, congestion_surcharge#17]
[2025-05-14T22:59:18.379+0530] {subprocess.py:93} INFO -    +- Project [VendorID#0, tpep_pickup_datetime#129, tpep_dropoff_datetime#153, passenger_count#3, trip_distance#4, RatecodeID#5, store_and_fwd_flag#6, PULocationID#7, DOLocationID#8, payment_type#9, fare_amount#10, extra#11, mta_tax#12, tip_amount#13, tolls_amount#14, improvement_surcharge#15, total_amount#16, congestion_surcharge#17, __null_dask_index__#18L, Month#38, Car_utilization#60, Distance_Length#82, trip_amt_INR#105, Trip_id#201]
[2025-05-14T22:59:18.379+0530] {subprocess.py:93} INFO -       +- Project [VendorID#0, tpep_pickup_datetime#129, tpep_dropoff_datetime#153, passenger_count#3, trip_distance#4, RatecodeID#5, store_and_fwd_flag#6, PULocationID#7, DOLocationID#8, payment_type#9, fare_amount#10, extra#11, mta_tax#12, tip_amount#13, tolls_amount#14, improvement_surcharge#15, total_amount#16, congestion_surcharge#17, __null_dask_index__#18L, Month#38, Car_utilization#60, Distance_Length#82, trip_amt_INR#105, Trip_id#201, Trip_id#201]
[2025-05-14T22:59:18.379+0530] {subprocess.py:93} INFO -          +- Window [row_number() windowspecdefinition(tpep_pickup_datetime#129 ASC NULLS FIRST, VendorID#0 ASC NULLS FIRST, specifiedwindowframe(RowFrame, unboundedpreceding$(), currentrow$())) AS Trip_id#201], [tpep_pickup_datetime#129 ASC NULLS FIRST, VendorID#0 ASC NULLS FIRST]
[2025-05-14T22:59:18.379+0530] {subprocess.py:93} INFO -             +- Project [VendorID#0, tpep_pickup_datetime#129, tpep_dropoff_datetime#153, passenger_count#3, trip_distance#4, RatecodeID#5, store_and_fwd_flag#6, PULocationID#7, DOLocationID#8, payment_type#9, fare_amount#10, extra#11, mta_tax#12, tip_amount#13, tolls_amount#14, improvement_surcharge#15, total_amount#16, congestion_surcharge#17, __null_dask_index__#18L, Month#38, Car_utilization#60, Distance_Length#82, trip_amt_INR#105]
[2025-05-14T22:59:18.379+0530] {subprocess.py:93} INFO -                +- Project [VendorID#0, tpep_pickup_datetime#129, cast(tpep_dropoff_datetime#2 as string) AS tpep_dropoff_datetime#153, passenger_count#3, trip_distance#4, RatecodeID#5, store_and_fwd_flag#6, PULocationID#7, DOLocationID#8, payment_type#9, fare_amount#10, extra#11, mta_tax#12, tip_amount#13, tolls_amount#14, improvement_surcharge#15, total_amount#16, congestion_surcharge#17, __null_dask_index__#18L, Month#38, Car_utilization#60, Distance_Length#82, trip_amt_INR#105]
[2025-05-14T22:59:18.379+0530] {subprocess.py:93} INFO -                   +- Project [VendorID#0, cast(tpep_pickup_datetime#1 as string) AS tpep_pickup_datetime#129, tpep_dropoff_datetime#2, passenger_count#3, trip_distance#4, RatecodeID#5, store_and_fwd_flag#6, PULocationID#7, DOLocationID#8, payment_type#9, fare_amount#10, extra#11, mta_tax#12, tip_amount#13, tolls_amount#14, improvement_surcharge#15, total_amount#16, congestion_surcharge#17, __null_dask_index__#18L, Month#38, Car_utilization#60, Distance_Length#82, trip_amt_INR#105]
[2025-05-14T22:59:18.380+0530] {subprocess.py:93} INFO -                      +- Project [VendorID#0, tpep_pickup_datetime#1, tpep_dropoff_datetime#2, passenger_count#3, trip_distance#4, RatecodeID#5, store_and_fwd_flag#6, PULocationID#7, DOLocationID#8, payment_type#9, fare_amount#10, extra#11, mta_tax#12, tip_amount#13, tolls_amount#14, improvement_surcharge#15, total_amount#16, congestion_surcharge#17, __null_dask_index__#18L, Month#38, Car_utilization#60, Distance_Length#82, (total_amount#16 * 85.26) AS trip_amt_INR#105]
[2025-05-14T22:59:18.380+0530] {subprocess.py:93} INFO -                         +- Project [VendorID#0, tpep_pickup_datetime#1, tpep_dropoff_datetime#2, passenger_count#3, trip_distance#4, RatecodeID#5, store_and_fwd_flag#6, PULocationID#7, DOLocationID#8, payment_type#9, fare_amount#10, extra#11, mta_tax#12, tip_amount#13, tolls_amount#14, improvement_surcharge#15, total_amount#16, congestion_surcharge#17, __null_dask_index__#18L, Month#38, Car_utilization#60, CASE WHEN ((trip_distance#4 >= cast(1 as double)) AND (trip_distance#4 < cast(5 as double))) THEN Short WHEN ((trip_distance#4 >= cast(5 as double)) AND (trip_distance#4 < cast(10 as double))) THEN Medium WHEN (trip_distance#4 >= cast(10 as double)) THEN Long ELSE Unknown END AS Distance_Length#82]
[2025-05-14T22:59:18.380+0530] {subprocess.py:93} INFO -                            +- Project [VendorID#0, tpep_pickup_datetime#1, tpep_dropoff_datetime#2, passenger_count#3, trip_distance#4, RatecodeID#5, store_and_fwd_flag#6, PULocationID#7, DOLocationID#8, payment_type#9, fare_amount#10, extra#11, mta_tax#12, tip_amount#13, tolls_amount#14, improvement_surcharge#15, total_amount#16, congestion_surcharge#17, __null_dask_index__#18L, Month#38, CASE WHEN ((cast(passenger_count#3 as int) = 1) OR (cast(passenger_count#3 as int) = 2)) THEN Low WHEN ((cast(passenger_count#3 as int) = 3) OR (cast(passenger_count#3 as int) = 4)) THEN Medium WHEN (cast(passenger_count#3 as int) > 4) THEN Full ELSE Unknown END AS Car_utilization#60]
[2025-05-14T22:59:18.380+0530] {subprocess.py:93} INFO -                               +- Project [VendorID#0, tpep_pickup_datetime#1, tpep_dropoff_datetime#2, passenger_count#3, trip_distance#4, RatecodeID#5, store_and_fwd_flag#6, PULocationID#7, DOLocationID#8, payment_type#9, fare_amount#10, extra#11, mta_tax#12, tip_amount#13, tolls_amount#14, improvement_surcharge#15, total_amount#16, congestion_surcharge#17, __null_dask_index__#18L, month(cast(tpep_pickup_datetime#1 as date)) AS Month#38]
[2025-05-14T22:59:18.380+0530] {subprocess.py:93} INFO -                                  +- Relation [VendorID#0,tpep_pickup_datetime#1,tpep_dropoff_datetime#2,passenger_count#3,trip_distance#4,RatecodeID#5,store_and_fwd_flag#6,PULocationID#7,DOLocationID#8,payment_type#9,fare_amount#10,extra#11,mta_tax#12,tip_amount#13,tolls_amount#14,improvement_surcharge#15,total_amount#16,congestion_surcharge#17,__null_dask_index__#18L] parquet
[2025-05-14T22:59:18.380+0530] {subprocess.py:93} INFO - 
[2025-05-14T22:59:18.418+0530] {subprocess.py:93} INFO - 25/05/14 22:59:18 INFO SparkContext: Invoking stop() from shutdown hook
[2025-05-14T22:59:18.419+0530] {subprocess.py:93} INFO - 25/05/14 22:59:18 INFO SparkContext: SparkContext is stopping with exitCode 0.
[2025-05-14T22:59:18.428+0530] {subprocess.py:93} INFO - 25/05/14 22:59:18 INFO SparkUI: Stopped Spark web UI at http://10.255.255.254:4040
[2025-05-14T22:59:18.437+0530] {subprocess.py:93} INFO - 25/05/14 22:59:18 INFO MapOutputTrackerMasterEndpoint: MapOutputTrackerMasterEndpoint stopped!
[2025-05-14T22:59:18.447+0530] {subprocess.py:93} INFO - 25/05/14 22:59:18 INFO MemoryStore: MemoryStore cleared
[2025-05-14T22:59:18.447+0530] {subprocess.py:93} INFO - 25/05/14 22:59:18 INFO BlockManager: BlockManager stopped
[2025-05-14T22:59:18.449+0530] {subprocess.py:93} INFO - 25/05/14 22:59:18 INFO BlockManagerMaster: BlockManagerMaster stopped
[2025-05-14T22:59:18.452+0530] {subprocess.py:93} INFO - 25/05/14 22:59:18 INFO OutputCommitCoordinator$OutputCommitCoordinatorEndpoint: OutputCommitCoordinator stopped!
[2025-05-14T22:59:18.458+0530] {subprocess.py:93} INFO - 25/05/14 22:59:18 INFO SparkContext: Successfully stopped SparkContext
[2025-05-14T22:59:18.458+0530] {subprocess.py:93} INFO - 25/05/14 22:59:18 INFO ShutdownHookManager: Shutdown hook called
[2025-05-14T22:59:18.459+0530] {subprocess.py:93} INFO - 25/05/14 22:59:18 INFO ShutdownHookManager: Deleting directory /tmp/spark-d9d4f68b-14f3-42a0-8e9d-d1ad1791a1d2/pyspark-cb31ab54-4cb1-4a0f-a808-6acced243780
[2025-05-14T22:59:18.462+0530] {subprocess.py:93} INFO - 25/05/14 22:59:18 INFO ShutdownHookManager: Deleting directory /tmp/spark-d9d4f68b-14f3-42a0-8e9d-d1ad1791a1d2
[2025-05-14T22:59:18.465+0530] {subprocess.py:93} INFO - 25/05/14 22:59:18 INFO ShutdownHookManager: Deleting directory /tmp/spark-67ac1ef3-0557-4b8d-b4a4-07630981a429
[2025-05-14T22:59:18.494+0530] {subprocess.py:97} INFO - Command exited with return code 1
[2025-05-14T22:59:18.503+0530] {taskinstance.py:3310} ERROR - Task failed with exception
Traceback (most recent call last):
  File "/home/pranav_shirali/airflow-project/airflow-env/lib/python3.10/site-packages/airflow/models/taskinstance.py", line 767, in _execute_task
    result = _execute_callable(context=context, **execute_callable_kwargs)
  File "/home/pranav_shirali/airflow-project/airflow-env/lib/python3.10/site-packages/airflow/models/taskinstance.py", line 733, in _execute_callable
    return ExecutionCallableRunner(
  File "/home/pranav_shirali/airflow-project/airflow-env/lib/python3.10/site-packages/airflow/utils/operator_helpers.py", line 252, in run
    return self.func(*args, **kwargs)
  File "/home/pranav_shirali/airflow-project/airflow-env/lib/python3.10/site-packages/airflow/models/baseoperator.py", line 406, in wrapper
    return func(self, *args, **kwargs)
  File "/home/pranav_shirali/airflow-project/airflow-env/lib/python3.10/site-packages/airflow/operators/bash.py", line 249, in execute
    raise AirflowException(
airflow.exceptions.AirflowException: Bash command failed. The command returned a non-zero exit code 1.
[2025-05-14T22:59:18.507+0530] {taskinstance.py:1225} INFO - Marking task as FAILED. dag_id=nyc_taxi_etl, task_id=transform_data, run_id=manual__2025-05-14T17:28:44.512773+00:00, execution_date=20250514T172844, start_date=20250514T172910, end_date=20250514T172918
[2025-05-14T22:59:18.519+0530] {taskinstance.py:340} INFO - ::group::Post task execution logs
[2025-05-14T22:59:18.519+0530] {standard_task_runner.py:124} ERROR - Failed to execute job 53 for task transform_data (Bash command failed. The command returned a non-zero exit code 1.; 16258)
Traceback (most recent call last):
  File "/home/pranav_shirali/airflow-project/airflow-env/lib/python3.10/site-packages/airflow/task/task_runner/standard_task_runner.py", line 117, in _start_by_fork
    ret = args.func(args, dag=self.dag)
  File "/home/pranav_shirali/airflow-project/airflow-env/lib/python3.10/site-packages/airflow/cli/cli_config.py", line 49, in command
    return func(*args, **kwargs)
  File "/home/pranav_shirali/airflow-project/airflow-env/lib/python3.10/site-packages/airflow/utils/cli.py", line 115, in wrapper
    return f(*args, **kwargs)
  File "/home/pranav_shirali/airflow-project/airflow-env/lib/python3.10/site-packages/airflow/cli/commands/task_command.py", line 483, in task_run
    task_return_code = _run_task_by_selected_method(args, _dag, ti)
  File "/home/pranav_shirali/airflow-project/airflow-env/lib/python3.10/site-packages/airflow/cli/commands/task_command.py", line 256, in _run_task_by_selected_method
    return _run_raw_task(args, ti)
  File "/home/pranav_shirali/airflow-project/airflow-env/lib/python3.10/site-packages/airflow/cli/commands/task_command.py", line 341, in _run_raw_task
    return ti._run_raw_task(
  File "/home/pranav_shirali/airflow-project/airflow-env/lib/python3.10/site-packages/airflow/utils/session.py", line 97, in wrapper
    return func(*args, session=session, **kwargs)
  File "/home/pranav_shirali/airflow-project/airflow-env/lib/python3.10/site-packages/airflow/models/taskinstance.py", line 3004, in _run_raw_task
    return _run_raw_task(
  File "/home/pranav_shirali/airflow-project/airflow-env/lib/python3.10/site-packages/airflow/models/taskinstance.py", line 273, in _run_raw_task
    TaskInstance._execute_task_with_callbacks(
  File "/home/pranav_shirali/airflow-project/airflow-env/lib/python3.10/site-packages/airflow/models/taskinstance.py", line 3158, in _execute_task_with_callbacks
    result = self._execute_task(context, task_orig)
  File "/home/pranav_shirali/airflow-project/airflow-env/lib/python3.10/site-packages/airflow/models/taskinstance.py", line 3182, in _execute_task
    return _execute_task(self, context, task_orig)
  File "/home/pranav_shirali/airflow-project/airflow-env/lib/python3.10/site-packages/airflow/models/taskinstance.py", line 767, in _execute_task
    result = _execute_callable(context=context, **execute_callable_kwargs)
  File "/home/pranav_shirali/airflow-project/airflow-env/lib/python3.10/site-packages/airflow/models/taskinstance.py", line 733, in _execute_callable
    return ExecutionCallableRunner(
  File "/home/pranav_shirali/airflow-project/airflow-env/lib/python3.10/site-packages/airflow/utils/operator_helpers.py", line 252, in run
    return self.func(*args, **kwargs)
  File "/home/pranav_shirali/airflow-project/airflow-env/lib/python3.10/site-packages/airflow/models/baseoperator.py", line 406, in wrapper
    return func(self, *args, **kwargs)
  File "/home/pranav_shirali/airflow-project/airflow-env/lib/python3.10/site-packages/airflow/operators/bash.py", line 249, in execute
    raise AirflowException(
airflow.exceptions.AirflowException: Bash command failed. The command returned a non-zero exit code 1.
[2025-05-14T22:59:18.542+0530] {local_task_job_runner.py:266} INFO - Task exited with return code 1
[2025-05-14T22:59:18.557+0530] {taskinstance.py:3900} INFO - 0 downstream tasks scheduled from follow-on schedule check
[2025-05-14T22:59:18.561+0530] {local_task_job_runner.py:245} INFO - ::endgroup::
