[2025-05-14T23:04:02.841+0530] {local_task_job_runner.py:123} INFO - ::group::Pre task execution logs
[2025-05-14T23:04:02.850+0530] {taskinstance.py:2612} INFO - Dependencies all met for dep_context=non-requeueable deps ti=<TaskInstance: nyc_taxi_etl.transform_data manual__2025-05-14T17:28:44.512773+00:00 [queued]>
[2025-05-14T23:04:02.856+0530] {taskinstance.py:2612} INFO - Dependencies all met for dep_context=requeueable deps ti=<TaskInstance: nyc_taxi_etl.transform_data manual__2025-05-14T17:28:44.512773+00:00 [queued]>
[2025-05-14T23:04:02.856+0530] {taskinstance.py:2865} INFO - Starting attempt 2 of 2
[2025-05-14T23:04:02.869+0530] {taskinstance.py:2888} INFO - Executing <Task(BashOperator): transform_data> on 2025-05-14 17:28:44.512773+00:00
[2025-05-14T23:04:02.872+0530] {standard_task_runner.py:72} INFO - Started process 18100 to run task
[2025-05-14T23:04:02.874+0530] {standard_task_runner.py:104} INFO - Running: ['airflow', 'tasks', 'run', 'nyc_taxi_etl', 'transform_data', 'manual__2025-05-14T17:28:44.512773+00:00', '--job-id', '55', '--raw', '--subdir', 'DAGS_FOLDER/nyc_taxi_etl.py', '--cfg-path', '/tmp/tmpwj88u0no']
[2025-05-14T23:04:02.875+0530] {standard_task_runner.py:105} INFO - Job 55: Subtask transform_data
[2025-05-14T23:04:02.900+0530] {task_command.py:467} INFO - Running <TaskInstance: nyc_taxi_etl.transform_data manual__2025-05-14T17:28:44.512773+00:00 [running]> on host Voldemort.
[2025-05-14T23:04:02.943+0530] {taskinstance.py:3131} INFO - Exporting env vars: AIRFLOW_CTX_DAG_OWNER='airflow' AIRFLOW_CTX_DAG_ID='nyc_taxi_etl' AIRFLOW_CTX_TASK_ID='transform_data' AIRFLOW_CTX_EXECUTION_DATE='2025-05-14T17:28:44.512773+00:00' AIRFLOW_CTX_TRY_NUMBER='2' AIRFLOW_CTX_DAG_RUN_ID='manual__2025-05-14T17:28:44.512773+00:00'
[2025-05-14T23:04:02.943+0530] {taskinstance.py:731} INFO - ::endgroup::
[2025-05-14T23:04:02.951+0530] {subprocess.py:63} INFO - Tmp dir root location: /tmp
[2025-05-14T23:04:02.951+0530] {subprocess.py:75} INFO - Running command: ['/usr/bin/bash', '-c', '/opt/spark/bin/spark-submit /home/pranav_shirali/airflow-project/scripts/transform.py']
[2025-05-14T23:04:02.956+0530] {subprocess.py:86} INFO - Output:
[2025-05-14T23:04:04.302+0530] {subprocess.py:93} INFO - 25/05/14 23:04:04 WARN Utils: Your hostname, Voldemort resolves to a loopback address: 127.0.1.1; using 10.255.255.254 instead (on interface lo)
[2025-05-14T23:04:04.305+0530] {subprocess.py:93} INFO - 25/05/14 23:04:04 WARN Utils: Set SPARK_LOCAL_IP if you need to bind to another address
[2025-05-14T23:04:05.129+0530] {subprocess.py:93} INFO - 25/05/14 23:04:05 INFO SparkContext: Running Spark version 3.5.5
[2025-05-14T23:04:05.129+0530] {subprocess.py:93} INFO - 25/05/14 23:04:05 INFO SparkContext: OS info Linux, 5.15.167.4-microsoft-standard-WSL2, amd64
[2025-05-14T23:04:05.130+0530] {subprocess.py:93} INFO - 25/05/14 23:04:05 INFO SparkContext: Java version 11.0.27
[2025-05-14T23:04:05.186+0530] {subprocess.py:93} INFO - 25/05/14 23:04:05 WARN NativeCodeLoader: Unable to load native-hadoop library for your platform... using builtin-java classes where applicable
[2025-05-14T23:04:05.268+0530] {subprocess.py:93} INFO - 25/05/14 23:04:05 INFO ResourceUtils: ==============================================================
[2025-05-14T23:04:05.269+0530] {subprocess.py:93} INFO - 25/05/14 23:04:05 INFO ResourceUtils: No custom resources configured for spark.driver.
[2025-05-14T23:04:05.269+0530] {subprocess.py:93} INFO - 25/05/14 23:04:05 INFO ResourceUtils: ==============================================================
[2025-05-14T23:04:05.269+0530] {subprocess.py:93} INFO - 25/05/14 23:04:05 INFO SparkContext: Submitted application: NYC Taxi Transform
[2025-05-14T23:04:05.288+0530] {subprocess.py:93} INFO - 25/05/14 23:04:05 INFO ResourceProfile: Default ResourceProfile created, executor resources: Map(cores -> name: cores, amount: 1, script: , vendor: , memory -> name: memory, amount: 1024, script: , vendor: , offHeap -> name: offHeap, amount: 0, script: , vendor: ), task resources: Map(cpus -> name: cpus, amount: 1.0)
[2025-05-14T23:04:05.298+0530] {subprocess.py:93} INFO - 25/05/14 23:04:05 INFO ResourceProfile: Limiting resource is cpu
[2025-05-14T23:04:05.298+0530] {subprocess.py:93} INFO - 25/05/14 23:04:05 INFO ResourceProfileManager: Added ResourceProfile id: 0
[2025-05-14T23:04:05.340+0530] {subprocess.py:93} INFO - 25/05/14 23:04:05 INFO SecurityManager: Changing view acls to: pranav_shirali
[2025-05-14T23:04:05.341+0530] {subprocess.py:93} INFO - 25/05/14 23:04:05 INFO SecurityManager: Changing modify acls to: pranav_shirali
[2025-05-14T23:04:05.341+0530] {subprocess.py:93} INFO - 25/05/14 23:04:05 INFO SecurityManager: Changing view acls groups to:
[2025-05-14T23:04:05.342+0530] {subprocess.py:93} INFO - 25/05/14 23:04:05 INFO SecurityManager: Changing modify acls groups to:
[2025-05-14T23:04:05.342+0530] {subprocess.py:93} INFO - 25/05/14 23:04:05 INFO SecurityManager: SecurityManager: authentication disabled; ui acls disabled; users with view permissions: pranav_shirali; groups with view permissions: EMPTY; users with modify permissions: pranav_shirali; groups with modify permissions: EMPTY
[2025-05-14T23:04:05.568+0530] {subprocess.py:93} INFO - 25/05/14 23:04:05 INFO Utils: Successfully started service 'sparkDriver' on port 38077.
[2025-05-14T23:04:05.599+0530] {subprocess.py:93} INFO - 25/05/14 23:04:05 INFO SparkEnv: Registering MapOutputTracker
[2025-05-14T23:04:05.630+0530] {subprocess.py:93} INFO - 25/05/14 23:04:05 INFO SparkEnv: Registering BlockManagerMaster
[2025-05-14T23:04:05.643+0530] {subprocess.py:93} INFO - 25/05/14 23:04:05 INFO BlockManagerMasterEndpoint: Using org.apache.spark.storage.DefaultTopologyMapper for getting topology information
[2025-05-14T23:04:05.643+0530] {subprocess.py:93} INFO - 25/05/14 23:04:05 INFO BlockManagerMasterEndpoint: BlockManagerMasterEndpoint up
[2025-05-14T23:04:05.646+0530] {subprocess.py:93} INFO - 25/05/14 23:04:05 INFO SparkEnv: Registering BlockManagerMasterHeartbeat
[2025-05-14T23:04:05.666+0530] {subprocess.py:93} INFO - 25/05/14 23:04:05 INFO DiskBlockManager: Created local directory at /tmp/blockmgr-5f1a0635-b0ec-42ac-be1c-ad4334037f07
[2025-05-14T23:04:05.678+0530] {subprocess.py:93} INFO - 25/05/14 23:04:05 INFO MemoryStore: MemoryStore started with capacity 434.4 MiB
[2025-05-14T23:04:05.690+0530] {subprocess.py:93} INFO - 25/05/14 23:04:05 INFO SparkEnv: Registering OutputCommitCoordinator
[2025-05-14T23:04:05.806+0530] {subprocess.py:93} INFO - 25/05/14 23:04:05 INFO JettyUtils: Start Jetty 0.0.0.0:4040 for SparkUI
[2025-05-14T23:04:05.852+0530] {subprocess.py:93} INFO - 25/05/14 23:04:05 INFO Utils: Successfully started service 'SparkUI' on port 4040.
[2025-05-14T23:04:05.926+0530] {subprocess.py:93} INFO - 25/05/14 23:04:05 INFO Executor: Starting executor ID driver on host 10.255.255.254
[2025-05-14T23:04:05.926+0530] {subprocess.py:93} INFO - 25/05/14 23:04:05 INFO Executor: OS info Linux, 5.15.167.4-microsoft-standard-WSL2, amd64
[2025-05-14T23:04:05.926+0530] {subprocess.py:93} INFO - 25/05/14 23:04:05 INFO Executor: Java version 11.0.27
[2025-05-14T23:04:05.933+0530] {subprocess.py:93} INFO - 25/05/14 23:04:05 INFO Executor: Starting executor with user classpath (userClassPathFirst = false): ''
[2025-05-14T23:04:05.934+0530] {subprocess.py:93} INFO - 25/05/14 23:04:05 INFO Executor: Created or updated repl class loader org.apache.spark.util.MutableURLClassLoader@43afbe74 for default.
[2025-05-14T23:04:05.951+0530] {subprocess.py:93} INFO - 25/05/14 23:04:05 INFO Utils: Successfully started service 'org.apache.spark.network.netty.NettyBlockTransferService' on port 40683.
[2025-05-14T23:04:05.952+0530] {subprocess.py:93} INFO - 25/05/14 23:04:05 INFO NettyBlockTransferService: Server created on 10.255.255.254:40683
[2025-05-14T23:04:05.954+0530] {subprocess.py:93} INFO - 25/05/14 23:04:05 INFO BlockManager: Using org.apache.spark.storage.RandomBlockReplicationPolicy for block replication policy
[2025-05-14T23:04:05.958+0530] {subprocess.py:93} INFO - 25/05/14 23:04:05 INFO BlockManagerMaster: Registering BlockManager BlockManagerId(driver, 10.255.255.254, 40683, None)
[2025-05-14T23:04:05.961+0530] {subprocess.py:93} INFO - 25/05/14 23:04:05 INFO BlockManagerMasterEndpoint: Registering block manager 10.255.255.254:40683 with 434.4 MiB RAM, BlockManagerId(driver, 10.255.255.254, 40683, None)
[2025-05-14T23:04:05.963+0530] {subprocess.py:93} INFO - 25/05/14 23:04:05 INFO BlockManagerMaster: Registered BlockManager BlockManagerId(driver, 10.255.255.254, 40683, None)
[2025-05-14T23:04:05.964+0530] {subprocess.py:93} INFO - 25/05/14 23:04:05 INFO BlockManager: Initialized BlockManager: BlockManagerId(driver, 10.255.255.254, 40683, None)
[2025-05-14T23:04:06.335+0530] {subprocess.py:93} INFO - 25/05/14 23:04:06 INFO SharedState: Setting hive.metastore.warehouse.dir ('null') to the value of spark.sql.warehouse.dir.
[2025-05-14T23:04:06.343+0530] {subprocess.py:93} INFO - 25/05/14 23:04:06 INFO SharedState: Warehouse path is 'file:/tmp/airflowtmp_vqfye_q/spark-warehouse'.
[2025-05-14T23:04:07.419+0530] {subprocess.py:93} INFO - 25/05/14 23:04:07 INFO InMemoryFileIndex: It took 49 ms to list leaf files for 1 paths.
[2025-05-14T23:04:07.836+0530] {subprocess.py:93} INFO - 25/05/14 23:04:07 INFO SparkContext: Starting job: parquet at NativeMethodAccessorImpl.java:0
[2025-05-14T23:04:07.852+0530] {subprocess.py:93} INFO - 25/05/14 23:04:07 INFO DAGScheduler: Got job 0 (parquet at NativeMethodAccessorImpl.java:0) with 1 output partitions
[2025-05-14T23:04:07.853+0530] {subprocess.py:93} INFO - 25/05/14 23:04:07 INFO DAGScheduler: Final stage: ResultStage 0 (parquet at NativeMethodAccessorImpl.java:0)
[2025-05-14T23:04:07.853+0530] {subprocess.py:93} INFO - 25/05/14 23:04:07 INFO DAGScheduler: Parents of final stage: List()
[2025-05-14T23:04:07.854+0530] {subprocess.py:93} INFO - 25/05/14 23:04:07 INFO DAGScheduler: Missing parents: List()
[2025-05-14T23:04:07.859+0530] {subprocess.py:93} INFO - 25/05/14 23:04:07 INFO DAGScheduler: Submitting ResultStage 0 (MapPartitionsRDD[1] at parquet at NativeMethodAccessorImpl.java:0), which has no missing parents
[2025-05-14T23:04:07.924+0530] {subprocess.py:93} INFO - 25/05/14 23:04:07 INFO MemoryStore: Block broadcast_0 stored as values in memory (estimated size 103.2 KiB, free 434.3 MiB)
[2025-05-14T23:04:07.950+0530] {subprocess.py:93} INFO - 25/05/14 23:04:07 INFO MemoryStore: Block broadcast_0_piece0 stored as bytes in memory (estimated size 37.2 KiB, free 434.3 MiB)
[2025-05-14T23:04:07.954+0530] {subprocess.py:93} INFO - 25/05/14 23:04:07 INFO BlockManagerInfo: Added broadcast_0_piece0 in memory on 10.255.255.254:40683 (size: 37.2 KiB, free: 434.4 MiB)
[2025-05-14T23:04:07.959+0530] {subprocess.py:93} INFO - 25/05/14 23:04:07 INFO SparkContext: Created broadcast 0 from broadcast at DAGScheduler.scala:1585
[2025-05-14T23:04:07.974+0530] {subprocess.py:93} INFO - 25/05/14 23:04:07 INFO DAGScheduler: Submitting 1 missing tasks from ResultStage 0 (MapPartitionsRDD[1] at parquet at NativeMethodAccessorImpl.java:0) (first 15 tasks are for partitions Vector(0))
[2025-05-14T23:04:07.975+0530] {subprocess.py:93} INFO - 25/05/14 23:04:07 INFO TaskSchedulerImpl: Adding task set 0.0 with 1 tasks resource profile 0
[2025-05-14T23:04:08.030+0530] {subprocess.py:93} INFO - 25/05/14 23:04:08 INFO TaskSetManager: Starting task 0.0 in stage 0.0 (TID 0) (10.255.255.254, executor driver, partition 0, PROCESS_LOCAL, 9230 bytes)
[2025-05-14T23:04:08.043+0530] {subprocess.py:93} INFO - 25/05/14 23:04:08 INFO Executor: Running task 0.0 in stage 0.0 (TID 0)
[2025-05-14T23:04:08.353+0530] {subprocess.py:93} INFO - 25/05/14 23:04:08 INFO Executor: Finished task 0.0 in stage 0.0 (TID 0). 2776 bytes result sent to driver
[2025-05-14T23:04:08.365+0530] {subprocess.py:93} INFO - 25/05/14 23:04:08 INFO TaskSetManager: Finished task 0.0 in stage 0.0 (TID 0) in 362 ms on 10.255.255.254 (executor driver) (1/1)
[2025-05-14T23:04:08.367+0530] {subprocess.py:93} INFO - 25/05/14 23:04:08 INFO TaskSchedulerImpl: Removed TaskSet 0.0, whose tasks have all completed, from pool
[2025-05-14T23:04:08.370+0530] {subprocess.py:93} INFO - 25/05/14 23:04:08 INFO DAGScheduler: ResultStage 0 (parquet at NativeMethodAccessorImpl.java:0) finished in 0.498 s
[2025-05-14T23:04:08.373+0530] {subprocess.py:93} INFO - 25/05/14 23:04:08 INFO DAGScheduler: Job 0 is finished. Cancelling potential speculative or zombie tasks for this job
[2025-05-14T23:04:08.373+0530] {subprocess.py:93} INFO - 25/05/14 23:04:08 INFO TaskSchedulerImpl: Killing all running tasks in stage 0: Stage finished
[2025-05-14T23:04:08.374+0530] {subprocess.py:93} INFO - 25/05/14 23:04:08 INFO DAGScheduler: Job 0 finished: parquet at NativeMethodAccessorImpl.java:0, took 0.538158 s
[2025-05-14T23:04:08.785+0530] {subprocess.py:93} INFO - 25/05/14 23:04:08 INFO BlockManagerInfo: Removed broadcast_0_piece0 on 10.255.255.254:40683 in memory (size: 37.2 KiB, free: 434.4 MiB)
[2025-05-14T23:04:10.686+0530] {subprocess.py:93} INFO - 25/05/14 23:04:10 INFO FileSourceStrategy: Pushed Filters:
[2025-05-14T23:04:10.687+0530] {subprocess.py:93} INFO - 25/05/14 23:04:10 INFO FileSourceStrategy: Post-Scan Filters:
[2025-05-14T23:04:10.703+0530] {subprocess.py:93} INFO - 25/05/14 23:04:10 WARN WindowExec: No Partition Defined for Window operation! Moving all data to a single partition, this can cause serious performance degradation.
[2025-05-14T23:04:10.738+0530] {subprocess.py:93} INFO - 25/05/14 23:04:10 WARN WindowExec: No Partition Defined for Window operation! Moving all data to a single partition, this can cause serious performance degradation.
[2025-05-14T23:04:10.757+0530] {subprocess.py:93} INFO - 25/05/14 23:04:10 WARN WindowExec: No Partition Defined for Window operation! Moving all data to a single partition, this can cause serious performance degradation.
[2025-05-14T23:04:11.156+0530] {subprocess.py:93} INFO - 25/05/14 23:04:11 INFO CodeGenerator: Code generated in 221.487878 ms
[2025-05-14T23:04:11.171+0530] {subprocess.py:93} INFO - 25/05/14 23:04:11 INFO MemoryStore: Block broadcast_1 stored as values in memory (estimated size 202.0 KiB, free 434.2 MiB)
[2025-05-14T23:04:11.180+0530] {subprocess.py:93} INFO - 25/05/14 23:04:11 INFO MemoryStore: Block broadcast_1_piece0 stored as bytes in memory (estimated size 35.3 KiB, free 434.2 MiB)
[2025-05-14T23:04:11.180+0530] {subprocess.py:93} INFO - 25/05/14 23:04:11 INFO BlockManagerInfo: Added broadcast_1_piece0 in memory on 10.255.255.254:40683 (size: 35.3 KiB, free: 434.4 MiB)
[2025-05-14T23:04:11.182+0530] {subprocess.py:93} INFO - 25/05/14 23:04:11 INFO SparkContext: Created broadcast 1 from parquet at NativeMethodAccessorImpl.java:0
[2025-05-14T23:04:11.194+0530] {subprocess.py:93} INFO - 25/05/14 23:04:11 INFO FileSourceScanExec: Planning scan with bin packing, max size: 4194304 bytes, open cost is considered as scanning 4194304 bytes.
[2025-05-14T23:04:11.260+0530] {subprocess.py:93} INFO - 25/05/14 23:04:11 INFO DAGScheduler: Registering RDD 5 (parquet at NativeMethodAccessorImpl.java:0) as input to shuffle 0
[2025-05-14T23:04:11.264+0530] {subprocess.py:93} INFO - 25/05/14 23:04:11 INFO DAGScheduler: Got map stage job 1 (parquet at NativeMethodAccessorImpl.java:0) with 1 output partitions
[2025-05-14T23:04:11.264+0530] {subprocess.py:93} INFO - 25/05/14 23:04:11 INFO DAGScheduler: Final stage: ShuffleMapStage 1 (parquet at NativeMethodAccessorImpl.java:0)
[2025-05-14T23:04:11.264+0530] {subprocess.py:93} INFO - 25/05/14 23:04:11 INFO DAGScheduler: Parents of final stage: List()
[2025-05-14T23:04:11.266+0530] {subprocess.py:93} INFO - 25/05/14 23:04:11 INFO DAGScheduler: Missing parents: List()
[2025-05-14T23:04:11.267+0530] {subprocess.py:93} INFO - 25/05/14 23:04:11 INFO DAGScheduler: Submitting ShuffleMapStage 1 (MapPartitionsRDD[5] at parquet at NativeMethodAccessorImpl.java:0), which has no missing parents
[2025-05-14T23:04:11.313+0530] {subprocess.py:93} INFO - 25/05/14 23:04:11 INFO MemoryStore: Block broadcast_2 stored as values in memory (estimated size 30.5 KiB, free 434.1 MiB)
[2025-05-14T23:04:11.317+0530] {subprocess.py:93} INFO - 25/05/14 23:04:11 INFO MemoryStore: Block broadcast_2_piece0 stored as bytes in memory (estimated size 11.2 KiB, free 434.1 MiB)
[2025-05-14T23:04:11.318+0530] {subprocess.py:93} INFO - 25/05/14 23:04:11 INFO BlockManagerInfo: Added broadcast_2_piece0 in memory on 10.255.255.254:40683 (size: 11.2 KiB, free: 434.4 MiB)
[2025-05-14T23:04:11.318+0530] {subprocess.py:93} INFO - 25/05/14 23:04:11 INFO SparkContext: Created broadcast 2 from broadcast at DAGScheduler.scala:1585
[2025-05-14T23:04:11.321+0530] {subprocess.py:93} INFO - 25/05/14 23:04:11 INFO DAGScheduler: Submitting 1 missing tasks from ShuffleMapStage 1 (MapPartitionsRDD[5] at parquet at NativeMethodAccessorImpl.java:0) (first 15 tasks are for partitions Vector(0))
[2025-05-14T23:04:11.321+0530] {subprocess.py:93} INFO - 25/05/14 23:04:11 INFO TaskSchedulerImpl: Adding task set 1.0 with 1 tasks resource profile 0
[2025-05-14T23:04:11.328+0530] {subprocess.py:93} INFO - 25/05/14 23:04:11 INFO TaskSetManager: Starting task 0.0 in stage 1.0 (TID 1) (10.255.255.254, executor driver, partition 0, PROCESS_LOCAL, 9689 bytes)
[2025-05-14T23:04:11.329+0530] {subprocess.py:93} INFO - 25/05/14 23:04:11 INFO Executor: Running task 0.0 in stage 1.0 (TID 1)
[2025-05-14T23:04:11.420+0530] {subprocess.py:93} INFO - 25/05/14 23:04:11 INFO CodeGenerator: Code generated in 45.044641 ms
[2025-05-14T23:04:11.433+0530] {subprocess.py:93} INFO - 25/05/14 23:04:11 INFO FileScanRDD: Reading File path: file:///home/pranav_shirali/airflow-project/nyc_taxi_extracted.parquet/part-00000-84f5165f-69ef-40e0-83cb-91f084ec2732-c000.snappy.parquet, range: 0-2227654, partition values: [empty row]
[2025-05-14T23:04:11.544+0530] {subprocess.py:93} INFO - 25/05/14 23:04:11 INFO CodecPool: Got brand-new decompressor [.snappy]
[2025-05-14T23:04:12.045+0530] {subprocess.py:93} INFO - 25/05/14 23:04:12 INFO Executor: Finished task 0.0 in stage 1.0 (TID 1). 2083 bytes result sent to driver
[2025-05-14T23:04:12.048+0530] {subprocess.py:93} INFO - 25/05/14 23:04:12 INFO TaskSetManager: Finished task 0.0 in stage 1.0 (TID 1) in 726 ms on 10.255.255.254 (executor driver) (1/1)
[2025-05-14T23:04:12.048+0530] {subprocess.py:93} INFO - 25/05/14 23:04:12 INFO TaskSchedulerImpl: Removed TaskSet 1.0, whose tasks have all completed, from pool
[2025-05-14T23:04:12.050+0530] {subprocess.py:93} INFO - 25/05/14 23:04:12 INFO DAGScheduler: ShuffleMapStage 1 (parquet at NativeMethodAccessorImpl.java:0) finished in 0.779 s
[2025-05-14T23:04:12.050+0530] {subprocess.py:93} INFO - 25/05/14 23:04:12 INFO DAGScheduler: looking for newly runnable stages
[2025-05-14T23:04:12.051+0530] {subprocess.py:93} INFO - 25/05/14 23:04:12 INFO DAGScheduler: running: Set()
[2025-05-14T23:04:12.052+0530] {subprocess.py:93} INFO - 25/05/14 23:04:12 INFO DAGScheduler: waiting: Set()
[2025-05-14T23:04:12.052+0530] {subprocess.py:93} INFO - 25/05/14 23:04:12 INFO DAGScheduler: failed: Set()
[2025-05-14T23:04:12.069+0530] {subprocess.py:93} INFO - 25/05/14 23:04:12 WARN WindowExec: No Partition Defined for Window operation! Moving all data to a single partition, this can cause serious performance degradation.
[2025-05-14T23:04:12.071+0530] {subprocess.py:93} INFO - 25/05/14 23:04:12 WARN WindowExec: No Partition Defined for Window operation! Moving all data to a single partition, this can cause serious performance degradation.
[2025-05-14T23:04:12.111+0530] {subprocess.py:93} INFO - 25/05/14 23:04:12 INFO ParquetUtils: Using default output committer for Parquet: org.apache.parquet.hadoop.ParquetOutputCommitter
[2025-05-14T23:04:12.125+0530] {subprocess.py:93} INFO - 25/05/14 23:04:12 INFO FileOutputCommitter: File Output Committer Algorithm version is 1
[2025-05-14T23:04:12.125+0530] {subprocess.py:93} INFO - 25/05/14 23:04:12 INFO FileOutputCommitter: FileOutputCommitter skip cleanup _temporary folders under output directory:false, ignore cleanup failures: false
[2025-05-14T23:04:12.126+0530] {subprocess.py:93} INFO - 25/05/14 23:04:12 INFO SQLHadoopMapReduceCommitProtocol: Using user defined output committer class org.apache.parquet.hadoop.ParquetOutputCommitter
[2025-05-14T23:04:12.126+0530] {subprocess.py:93} INFO - 25/05/14 23:04:12 INFO FileOutputCommitter: File Output Committer Algorithm version is 1
[2025-05-14T23:04:12.126+0530] {subprocess.py:93} INFO - 25/05/14 23:04:12 INFO FileOutputCommitter: FileOutputCommitter skip cleanup _temporary folders under output directory:false, ignore cleanup failures: false
[2025-05-14T23:04:12.127+0530] {subprocess.py:93} INFO - 25/05/14 23:04:12 INFO SQLHadoopMapReduceCommitProtocol: Using output committer class org.apache.parquet.hadoop.ParquetOutputCommitter
[2025-05-14T23:04:12.162+0530] {subprocess.py:93} INFO - 25/05/14 23:04:12 INFO CodeGenerator: Code generated in 13.689121 ms
[2025-05-14T23:04:12.187+0530] {subprocess.py:93} INFO - 25/05/14 23:04:12 INFO CodeGenerator: Code generated in 14.691706 ms
[2025-05-14T23:04:12.260+0530] {subprocess.py:93} INFO - 25/05/14 23:04:12 INFO SparkContext: Starting job: parquet at NativeMethodAccessorImpl.java:0
[2025-05-14T23:04:12.263+0530] {subprocess.py:93} INFO - 25/05/14 23:04:12 INFO DAGScheduler: Got job 2 (parquet at NativeMethodAccessorImpl.java:0) with 1 output partitions
[2025-05-14T23:04:12.263+0530] {subprocess.py:93} INFO - 25/05/14 23:04:12 INFO DAGScheduler: Final stage: ResultStage 3 (parquet at NativeMethodAccessorImpl.java:0)
[2025-05-14T23:04:12.263+0530] {subprocess.py:93} INFO - 25/05/14 23:04:12 INFO DAGScheduler: Parents of final stage: List(ShuffleMapStage 2)
[2025-05-14T23:04:12.264+0530] {subprocess.py:93} INFO - 25/05/14 23:04:12 INFO DAGScheduler: Missing parents: List()
[2025-05-14T23:04:12.265+0530] {subprocess.py:93} INFO - 25/05/14 23:04:12 INFO DAGScheduler: Submitting ResultStage 3 (MapPartitionsRDD[10] at parquet at NativeMethodAccessorImpl.java:0), which has no missing parents
[2025-05-14T23:04:12.290+0530] {subprocess.py:93} INFO - 25/05/14 23:04:12 INFO MemoryStore: Block broadcast_3 stored as values in memory (estimated size 248.0 KiB, free 433.9 MiB)
[2025-05-14T23:04:12.294+0530] {subprocess.py:93} INFO - 25/05/14 23:04:12 INFO MemoryStore: Block broadcast_3_piece0 stored as bytes in memory (estimated size 91.5 KiB, free 433.8 MiB)
[2025-05-14T23:04:12.294+0530] {subprocess.py:93} INFO - 25/05/14 23:04:12 INFO BlockManagerInfo: Added broadcast_3_piece0 in memory on 10.255.255.254:40683 (size: 91.5 KiB, free: 434.3 MiB)
[2025-05-14T23:04:12.295+0530] {subprocess.py:93} INFO - 25/05/14 23:04:12 INFO SparkContext: Created broadcast 3 from broadcast at DAGScheduler.scala:1585
[2025-05-14T23:04:12.296+0530] {subprocess.py:93} INFO - 25/05/14 23:04:12 INFO DAGScheduler: Submitting 1 missing tasks from ResultStage 3 (MapPartitionsRDD[10] at parquet at NativeMethodAccessorImpl.java:0) (first 15 tasks are for partitions Vector(0))
[2025-05-14T23:04:12.296+0530] {subprocess.py:93} INFO - 25/05/14 23:04:12 INFO TaskSchedulerImpl: Adding task set 3.0 with 1 tasks resource profile 0
[2025-05-14T23:04:12.301+0530] {subprocess.py:93} INFO - 25/05/14 23:04:12 INFO TaskSetManager: Starting task 0.0 in stage 3.0 (TID 2) (10.255.255.254, executor driver, partition 0, NODE_LOCAL, 8999 bytes)
[2025-05-14T23:04:12.302+0530] {subprocess.py:93} INFO - 25/05/14 23:04:12 INFO Executor: Running task 0.0 in stage 3.0 (TID 2)
[2025-05-14T23:04:12.374+0530] {subprocess.py:93} INFO - 25/05/14 23:04:12 INFO ShuffleBlockFetcherIterator: Getting 1 (3.6 MiB) non-empty blocks including 1 (3.6 MiB) local and 0 (0.0 B) host-local and 0 (0.0 B) push-merged-local and 0 (0.0 B) remote blocks
[2025-05-14T23:04:12.376+0530] {subprocess.py:93} INFO - 25/05/14 23:04:12 INFO ShuffleBlockFetcherIterator: Started 0 remote fetches in 9 ms
[2025-05-14T23:04:12.390+0530] {subprocess.py:93} INFO - 25/05/14 23:04:12 INFO CodeGenerator: Code generated in 10.985448 ms
[2025-05-14T23:04:12.415+0530] {subprocess.py:93} INFO - 25/05/14 23:04:12 INFO CodeGenerator: Code generated in 14.855972 ms
[2025-05-14T23:04:12.441+0530] {subprocess.py:93} INFO - 25/05/14 23:04:12 INFO CodeGenerator: Code generated in 15.088442 ms
[2025-05-14T23:04:12.474+0530] {subprocess.py:93} INFO - 25/05/14 23:04:12 INFO CodeGenerator: Code generated in 11.622119 ms
[2025-05-14T23:04:12.481+0530] {subprocess.py:93} INFO - 25/05/14 23:04:12 INFO CodeGenerator: Code generated in 5.459381 ms
[2025-05-14T23:04:12.529+0530] {subprocess.py:93} INFO - 25/05/14 23:04:12 INFO BlockManagerInfo: Removed broadcast_2_piece0 on 10.255.255.254:40683 in memory (size: 11.2 KiB, free: 434.3 MiB)
[2025-05-14T23:04:12.721+0530] {subprocess.py:93} INFO - 25/05/14 23:04:12 INFO CodeGenerator: Code generated in 5.370047 ms
[2025-05-14T23:04:12.730+0530] {subprocess.py:93} INFO - 25/05/14 23:04:12 INFO CodeGenerator: Code generated in 5.623574 ms
[2025-05-14T23:04:12.737+0530] {subprocess.py:93} INFO - 25/05/14 23:04:12 INFO CodeGenerator: Code generated in 4.663925 ms
[2025-05-14T23:04:12.749+0530] {subprocess.py:93} INFO - 25/05/14 23:04:12 INFO CodeGenerator: Code generated in 10.223813 ms
[2025-05-14T23:04:12.752+0530] {subprocess.py:93} INFO - 25/05/14 23:04:12 INFO FileOutputCommitter: File Output Committer Algorithm version is 1
[2025-05-14T23:04:12.752+0530] {subprocess.py:93} INFO - 25/05/14 23:04:12 INFO FileOutputCommitter: FileOutputCommitter skip cleanup _temporary folders under output directory:false, ignore cleanup failures: false
[2025-05-14T23:04:12.752+0530] {subprocess.py:93} INFO - 25/05/14 23:04:12 INFO SQLHadoopMapReduceCommitProtocol: Using user defined output committer class org.apache.parquet.hadoop.ParquetOutputCommitter
[2025-05-14T23:04:12.753+0530] {subprocess.py:93} INFO - 25/05/14 23:04:12 INFO FileOutputCommitter: File Output Committer Algorithm version is 1
[2025-05-14T23:04:12.753+0530] {subprocess.py:93} INFO - 25/05/14 23:04:12 INFO FileOutputCommitter: FileOutputCommitter skip cleanup _temporary folders under output directory:false, ignore cleanup failures: false
[2025-05-14T23:04:12.753+0530] {subprocess.py:93} INFO - 25/05/14 23:04:12 INFO SQLHadoopMapReduceCommitProtocol: Using output committer class org.apache.parquet.hadoop.ParquetOutputCommitter
[2025-05-14T23:04:12.759+0530] {subprocess.py:93} INFO - 25/05/14 23:04:12 INFO CodecConfig: Compression: SNAPPY
[2025-05-14T23:04:12.761+0530] {subprocess.py:93} INFO - 25/05/14 23:04:12 INFO CodecConfig: Compression: SNAPPY
[2025-05-14T23:04:12.775+0530] {subprocess.py:93} INFO - 25/05/14 23:04:12 INFO ParquetOutputFormat: ParquetRecordWriter [block size: 134217728b, row group padding size: 8388608b, validating: false]
[2025-05-14T23:04:12.783+0530] {subprocess.py:93} INFO - 25/05/14 23:04:12 INFO ParquetWriteSupport: Initialized Parquet WriteSupport with Catalyst schema:
[2025-05-14T23:04:12.784+0530] {subprocess.py:93} INFO - {
[2025-05-14T23:04:12.784+0530] {subprocess.py:93} INFO -   "type" : "struct",
[2025-05-14T23:04:12.784+0530] {subprocess.py:93} INFO -   "fields" : [ {
[2025-05-14T23:04:12.784+0530] {subprocess.py:93} INFO -     "name" : "Trip_id",
[2025-05-14T23:04:12.784+0530] {subprocess.py:93} INFO -     "type" : "integer",
[2025-05-14T23:04:12.785+0530] {subprocess.py:93} INFO -     "nullable" : false,
[2025-05-14T23:04:12.785+0530] {subprocess.py:93} INFO -     "metadata" : { }
[2025-05-14T23:04:12.785+0530] {subprocess.py:93} INFO -   }, {
[2025-05-14T23:04:12.785+0530] {subprocess.py:93} INFO -     "name" : "VendorID",
[2025-05-14T23:04:12.785+0530] {subprocess.py:93} INFO -     "type" : "short",
[2025-05-14T23:04:12.785+0530] {subprocess.py:93} INFO -     "nullable" : true,
[2025-05-14T23:04:12.785+0530] {subprocess.py:93} INFO -     "metadata" : { }
[2025-05-14T23:04:12.786+0530] {subprocess.py:93} INFO -   }, {
[2025-05-14T23:04:12.786+0530] {subprocess.py:93} INFO -     "name" : "tpep_pickup_datetime",
[2025-05-14T23:04:12.786+0530] {subprocess.py:93} INFO -     "type" : "string",
[2025-05-14T23:04:12.786+0530] {subprocess.py:93} INFO -     "nullable" : true,
[2025-05-14T23:04:12.786+0530] {subprocess.py:93} INFO -     "metadata" : { }
[2025-05-14T23:04:12.786+0530] {subprocess.py:93} INFO -   }, {
[2025-05-14T23:04:12.786+0530] {subprocess.py:93} INFO -     "name" : "tpep_dropoff_datetime",
[2025-05-14T23:04:12.786+0530] {subprocess.py:93} INFO -     "type" : "string",
[2025-05-14T23:04:12.786+0530] {subprocess.py:93} INFO -     "nullable" : true,
[2025-05-14T23:04:12.786+0530] {subprocess.py:93} INFO -     "metadata" : { }
[2025-05-14T23:04:12.787+0530] {subprocess.py:93} INFO -   }, {
[2025-05-14T23:04:12.787+0530] {subprocess.py:93} INFO -     "name" : "passenger_count",
[2025-05-14T23:04:12.787+0530] {subprocess.py:93} INFO -     "type" : "short",
[2025-05-14T23:04:12.787+0530] {subprocess.py:93} INFO -     "nullable" : true,
[2025-05-14T23:04:12.787+0530] {subprocess.py:93} INFO -     "metadata" : { }
[2025-05-14T23:04:12.787+0530] {subprocess.py:93} INFO -   }, {
[2025-05-14T23:04:12.787+0530] {subprocess.py:93} INFO -     "name" : "trip_distance",
[2025-05-14T23:04:12.787+0530] {subprocess.py:93} INFO -     "type" : "double",
[2025-05-14T23:04:12.787+0530] {subprocess.py:93} INFO -     "nullable" : true,
[2025-05-14T23:04:12.788+0530] {subprocess.py:93} INFO -     "metadata" : { }
[2025-05-14T23:04:12.788+0530] {subprocess.py:93} INFO -   }, {
[2025-05-14T23:04:12.788+0530] {subprocess.py:93} INFO -     "name" : "RatecodeID",
[2025-05-14T23:04:12.788+0530] {subprocess.py:93} INFO -     "type" : "short",
[2025-05-14T23:04:12.788+0530] {subprocess.py:93} INFO -     "nullable" : true,
[2025-05-14T23:04:12.788+0530] {subprocess.py:93} INFO -     "metadata" : { }
[2025-05-14T23:04:12.788+0530] {subprocess.py:93} INFO -   }, {
[2025-05-14T23:04:12.788+0530] {subprocess.py:93} INFO -     "name" : "store_and_fwd_flag",
[2025-05-14T23:04:12.788+0530] {subprocess.py:93} INFO -     "type" : "string",
[2025-05-14T23:04:12.789+0530] {subprocess.py:93} INFO -     "nullable" : true,
[2025-05-14T23:04:12.789+0530] {subprocess.py:93} INFO -     "metadata" : { }
[2025-05-14T23:04:12.789+0530] {subprocess.py:93} INFO -   }, {
[2025-05-14T23:04:12.789+0530] {subprocess.py:93} INFO -     "name" : "PULocationID",
[2025-05-14T23:04:12.789+0530] {subprocess.py:93} INFO -     "type" : "integer",
[2025-05-14T23:04:12.789+0530] {subprocess.py:93} INFO -     "nullable" : true,
[2025-05-14T23:04:12.789+0530] {subprocess.py:93} INFO -     "metadata" : { }
[2025-05-14T23:04:12.789+0530] {subprocess.py:93} INFO -   }, {
[2025-05-14T23:04:12.789+0530] {subprocess.py:93} INFO -     "name" : "DOLocationID",
[2025-05-14T23:04:12.789+0530] {subprocess.py:93} INFO -     "type" : "integer",
[2025-05-14T23:04:12.789+0530] {subprocess.py:93} INFO -     "nullable" : true,
[2025-05-14T23:04:12.790+0530] {subprocess.py:93} INFO -     "metadata" : { }
[2025-05-14T23:04:12.790+0530] {subprocess.py:93} INFO -   }, {
[2025-05-14T23:04:12.790+0530] {subprocess.py:93} INFO -     "name" : "Month",
[2025-05-14T23:04:12.790+0530] {subprocess.py:93} INFO -     "type" : "integer",
[2025-05-14T23:04:12.790+0530] {subprocess.py:93} INFO -     "nullable" : true,
[2025-05-14T23:04:12.790+0530] {subprocess.py:93} INFO -     "metadata" : { }
[2025-05-14T23:04:12.790+0530] {subprocess.py:93} INFO -   }, {
[2025-05-14T23:04:12.790+0530] {subprocess.py:93} INFO -     "name" : "Distance_Length",
[2025-05-14T23:04:12.790+0530] {subprocess.py:93} INFO -     "type" : "string",
[2025-05-14T23:04:12.791+0530] {subprocess.py:93} INFO -     "nullable" : false,
[2025-05-14T23:04:12.791+0530] {subprocess.py:93} INFO -     "metadata" : { }
[2025-05-14T23:04:12.791+0530] {subprocess.py:93} INFO -   }, {
[2025-05-14T23:04:12.791+0530] {subprocess.py:93} INFO -     "name" : "Car_utilization",
[2025-05-14T23:04:12.791+0530] {subprocess.py:93} INFO -     "type" : "string",
[2025-05-14T23:04:12.791+0530] {subprocess.py:93} INFO -     "nullable" : false,
[2025-05-14T23:04:12.791+0530] {subprocess.py:93} INFO -     "metadata" : { }
[2025-05-14T23:04:12.791+0530] {subprocess.py:93} INFO -   } ]
[2025-05-14T23:04:12.791+0530] {subprocess.py:93} INFO - }
[2025-05-14T23:04:12.791+0530] {subprocess.py:93} INFO - and corresponding Parquet message type:
[2025-05-14T23:04:12.792+0530] {subprocess.py:93} INFO - message spark_schema {
[2025-05-14T23:04:12.792+0530] {subprocess.py:93} INFO -   required int32 Trip_id;
[2025-05-14T23:04:12.792+0530] {subprocess.py:93} INFO -   optional int32 VendorID (INTEGER(16,true));
[2025-05-14T23:04:12.792+0530] {subprocess.py:93} INFO -   optional binary tpep_pickup_datetime (STRING);
[2025-05-14T23:04:12.792+0530] {subprocess.py:93} INFO -   optional binary tpep_dropoff_datetime (STRING);
[2025-05-14T23:04:12.792+0530] {subprocess.py:93} INFO -   optional int32 passenger_count (INTEGER(16,true));
[2025-05-14T23:04:12.792+0530] {subprocess.py:93} INFO -   optional double trip_distance;
[2025-05-14T23:04:12.792+0530] {subprocess.py:93} INFO -   optional int32 RatecodeID (INTEGER(16,true));
[2025-05-14T23:04:12.792+0530] {subprocess.py:93} INFO -   optional binary store_and_fwd_flag (STRING);
[2025-05-14T23:04:12.792+0530] {subprocess.py:93} INFO -   optional int32 PULocationID;
[2025-05-14T23:04:12.793+0530] {subprocess.py:93} INFO -   optional int32 DOLocationID;
[2025-05-14T23:04:12.793+0530] {subprocess.py:93} INFO -   optional int32 Month;
[2025-05-14T23:04:12.793+0530] {subprocess.py:93} INFO -   required binary Distance_Length (STRING);
[2025-05-14T23:04:12.793+0530] {subprocess.py:93} INFO -   required binary Car_utilization (STRING);
[2025-05-14T23:04:12.793+0530] {subprocess.py:93} INFO - }
[2025-05-14T23:04:12.793+0530] {subprocess.py:93} INFO - 
[2025-05-14T23:04:12.793+0530] {subprocess.py:93} INFO - 
[2025-05-14T23:04:12.807+0530] {subprocess.py:93} INFO - 25/05/14 23:04:12 INFO CodecPool: Got brand-new compressor [.snappy]
[2025-05-14T23:04:12.884+0530] {subprocess.py:93} INFO - 25/05/14 23:04:12 INFO ExternalAppendOnlyUnsafeRowArray: Reached spill threshold of 4096 rows, switching to org.apache.spark.util.collection.unsafe.sort.UnsafeExternalSorter
[2025-05-14T23:04:13.580+0530] {subprocess.py:93} INFO - 25/05/14 23:04:13 INFO FileOutputCommitter: Saved output of task 'attempt_202505142304127975152109137692154_0003_m_000000_2' to file:/home/pranav_shirali/airflow-project/nyc_taxi_trip.parquet/_temporary/0/task_202505142304127975152109137692154_0003_m_000000
[2025-05-14T23:04:13.581+0530] {subprocess.py:93} INFO - 25/05/14 23:04:13 INFO SparkHadoopMapRedUtil: attempt_202505142304127975152109137692154_0003_m_000000_2: Committed. Elapsed time: 1 ms.
[2025-05-14T23:04:13.598+0530] {subprocess.py:93} INFO - 25/05/14 23:04:13 INFO Executor: Finished task 0.0 in stage 3.0 (TID 2). 5915 bytes result sent to driver
[2025-05-14T23:04:13.603+0530] {subprocess.py:93} INFO - 25/05/14 23:04:13 INFO TaskSetManager: Finished task 0.0 in stage 3.0 (TID 2) in 1304 ms on 10.255.255.254 (executor driver) (1/1)
[2025-05-14T23:04:13.604+0530] {subprocess.py:93} INFO - 25/05/14 23:04:13 INFO TaskSchedulerImpl: Removed TaskSet 3.0, whose tasks have all completed, from pool
[2025-05-14T23:04:13.605+0530] {subprocess.py:93} INFO - 25/05/14 23:04:13 INFO DAGScheduler: ResultStage 3 (parquet at NativeMethodAccessorImpl.java:0) finished in 1.333 s
[2025-05-14T23:04:13.606+0530] {subprocess.py:93} INFO - 25/05/14 23:04:13 INFO DAGScheduler: Job 2 is finished. Cancelling potential speculative or zombie tasks for this job
[2025-05-14T23:04:13.606+0530] {subprocess.py:93} INFO - 25/05/14 23:04:13 INFO TaskSchedulerImpl: Killing all running tasks in stage 3: Stage finished
[2025-05-14T23:04:13.607+0530] {subprocess.py:93} INFO - 25/05/14 23:04:13 INFO DAGScheduler: Job 2 finished: parquet at NativeMethodAccessorImpl.java:0, took 1.346875 s
[2025-05-14T23:04:13.610+0530] {subprocess.py:93} INFO - 25/05/14 23:04:13 INFO FileFormatWriter: Start to commit write Job 240962ac-8e40-44b7-8bf1-e9a4456c1c45.
[2025-05-14T23:04:13.640+0530] {subprocess.py:93} INFO - 25/05/14 23:04:13 INFO FileFormatWriter: Write Job 240962ac-8e40-44b7-8bf1-e9a4456c1c45 committed. Elapsed time: 28 ms.
[2025-05-14T23:04:13.644+0530] {subprocess.py:93} INFO - 25/05/14 23:04:13 INFO FileFormatWriter: Finished processing stats for write job 240962ac-8e40-44b7-8bf1-e9a4456c1c45.
[2025-05-14T23:04:13.697+0530] {subprocess.py:93} INFO - 25/05/14 23:04:13 INFO FileSourceStrategy: Pushed Filters:
[2025-05-14T23:04:13.697+0530] {subprocess.py:93} INFO - 25/05/14 23:04:13 INFO FileSourceStrategy: Post-Scan Filters:
[2025-05-14T23:04:13.698+0530] {subprocess.py:93} INFO - 25/05/14 23:04:13 WARN WindowExec: No Partition Defined for Window operation! Moving all data to a single partition, this can cause serious performance degradation.
[2025-05-14T23:04:13.699+0530] {subprocess.py:93} INFO - 25/05/14 23:04:13 WARN WindowExec: No Partition Defined for Window operation! Moving all data to a single partition, this can cause serious performance degradation.
[2025-05-14T23:04:13.702+0530] {subprocess.py:93} INFO - 25/05/14 23:04:13 WARN WindowExec: No Partition Defined for Window operation! Moving all data to a single partition, this can cause serious performance degradation.
[2025-05-14T23:04:13.747+0530] {subprocess.py:93} INFO - 25/05/14 23:04:13 INFO CodeGenerator: Code generated in 21.845163 ms
[2025-05-14T23:04:13.754+0530] {subprocess.py:93} INFO - 25/05/14 23:04:13 INFO MemoryStore: Block broadcast_4 stored as values in memory (estimated size 202.3 KiB, free 433.6 MiB)
[2025-05-14T23:04:13.761+0530] {subprocess.py:93} INFO - 25/05/14 23:04:13 INFO MemoryStore: Block broadcast_4_piece0 stored as bytes in memory (estimated size 35.2 KiB, free 433.6 MiB)
[2025-05-14T23:04:13.762+0530] {subprocess.py:93} INFO - 25/05/14 23:04:13 INFO BlockManagerInfo: Added broadcast_4_piece0 in memory on 10.255.255.254:40683 (size: 35.2 KiB, free: 434.2 MiB)
[2025-05-14T23:04:13.764+0530] {subprocess.py:93} INFO - 25/05/14 23:04:13 INFO SparkContext: Created broadcast 4 from parquet at NativeMethodAccessorImpl.java:0
[2025-05-14T23:04:13.766+0530] {subprocess.py:93} INFO - 25/05/14 23:04:13 INFO FileSourceScanExec: Planning scan with bin packing, max size: 4194304 bytes, open cost is considered as scanning 4194304 bytes.
[2025-05-14T23:04:13.773+0530] {subprocess.py:93} INFO - 25/05/14 23:04:13 INFO DAGScheduler: Registering RDD 14 (parquet at NativeMethodAccessorImpl.java:0) as input to shuffle 1
[2025-05-14T23:04:13.774+0530] {subprocess.py:93} INFO - 25/05/14 23:04:13 INFO DAGScheduler: Got map stage job 3 (parquet at NativeMethodAccessorImpl.java:0) with 1 output partitions
[2025-05-14T23:04:13.774+0530] {subprocess.py:93} INFO - 25/05/14 23:04:13 INFO DAGScheduler: Final stage: ShuffleMapStage 4 (parquet at NativeMethodAccessorImpl.java:0)
[2025-05-14T23:04:13.774+0530] {subprocess.py:93} INFO - 25/05/14 23:04:13 INFO DAGScheduler: Parents of final stage: List()
[2025-05-14T23:04:13.775+0530] {subprocess.py:93} INFO - 25/05/14 23:04:13 INFO DAGScheduler: Missing parents: List()
[2025-05-14T23:04:13.777+0530] {subprocess.py:93} INFO - 25/05/14 23:04:13 INFO DAGScheduler: Submitting ShuffleMapStage 4 (MapPartitionsRDD[14] at parquet at NativeMethodAccessorImpl.java:0), which has no missing parents
[2025-05-14T23:04:13.780+0530] {subprocess.py:93} INFO - 25/05/14 23:04:13 INFO MemoryStore: Block broadcast_5 stored as values in memory (estimated size 25.3 KiB, free 433.6 MiB)
[2025-05-14T23:04:13.782+0530] {subprocess.py:93} INFO - 25/05/14 23:04:13 INFO MemoryStore: Block broadcast_5_piece0 stored as bytes in memory (estimated size 9.7 KiB, free 433.6 MiB)
[2025-05-14T23:04:13.784+0530] {subprocess.py:93} INFO - 25/05/14 23:04:13 INFO BlockManagerInfo: Added broadcast_5_piece0 in memory on 10.255.255.254:40683 (size: 9.7 KiB, free: 434.2 MiB)
[2025-05-14T23:04:13.785+0530] {subprocess.py:93} INFO - 25/05/14 23:04:13 INFO SparkContext: Created broadcast 5 from broadcast at DAGScheduler.scala:1585
[2025-05-14T23:04:13.786+0530] {subprocess.py:93} INFO - 25/05/14 23:04:13 INFO DAGScheduler: Submitting 1 missing tasks from ShuffleMapStage 4 (MapPartitionsRDD[14] at parquet at NativeMethodAccessorImpl.java:0) (first 15 tasks are for partitions Vector(0))
[2025-05-14T23:04:13.786+0530] {subprocess.py:93} INFO - 25/05/14 23:04:13 INFO TaskSchedulerImpl: Adding task set 4.0 with 1 tasks resource profile 0
[2025-05-14T23:04:13.788+0530] {subprocess.py:93} INFO - 25/05/14 23:04:13 INFO TaskSetManager: Starting task 0.0 in stage 4.0 (TID 3) (10.255.255.254, executor driver, partition 0, PROCESS_LOCAL, 9689 bytes)
[2025-05-14T23:04:13.790+0530] {subprocess.py:93} INFO - 25/05/14 23:04:13 INFO Executor: Running task 0.0 in stage 4.0 (TID 3)
[2025-05-14T23:04:13.819+0530] {subprocess.py:93} INFO - 25/05/14 23:04:13 INFO CodeGenerator: Code generated in 21.128535 ms
[2025-05-14T23:04:13.822+0530] {subprocess.py:93} INFO - 25/05/14 23:04:13 INFO FileScanRDD: Reading File path: file:///home/pranav_shirali/airflow-project/nyc_taxi_extracted.parquet/part-00000-84f5165f-69ef-40e0-83cb-91f084ec2732-c000.snappy.parquet, range: 0-2227654, partition values: [empty row]
[2025-05-14T23:04:13.991+0530] {subprocess.py:93} INFO - 25/05/14 23:04:13 INFO BlockManagerInfo: Removed broadcast_1_piece0 on 10.255.255.254:40683 in memory (size: 35.3 KiB, free: 434.3 MiB)
[2025-05-14T23:04:14.004+0530] {subprocess.py:93} INFO - 25/05/14 23:04:14 INFO BlockManagerInfo: Removed broadcast_3_piece0 on 10.255.255.254:40683 in memory (size: 91.5 KiB, free: 434.4 MiB)
[2025-05-14T23:04:14.067+0530] {subprocess.py:93} INFO - 25/05/14 23:04:14 INFO Executor: Finished task 0.0 in stage 4.0 (TID 3). 2040 bytes result sent to driver
[2025-05-14T23:04:14.070+0530] {subprocess.py:93} INFO - 25/05/14 23:04:14 INFO TaskSetManager: Finished task 0.0 in stage 4.0 (TID 3) in 283 ms on 10.255.255.254 (executor driver) (1/1)
[2025-05-14T23:04:14.071+0530] {subprocess.py:93} INFO - 25/05/14 23:04:14 INFO TaskSchedulerImpl: Removed TaskSet 4.0, whose tasks have all completed, from pool
[2025-05-14T23:04:14.072+0530] {subprocess.py:93} INFO - 25/05/14 23:04:14 INFO DAGScheduler: ShuffleMapStage 4 (parquet at NativeMethodAccessorImpl.java:0) finished in 0.293 s
[2025-05-14T23:04:14.072+0530] {subprocess.py:93} INFO - 25/05/14 23:04:14 INFO DAGScheduler: looking for newly runnable stages
[2025-05-14T23:04:14.072+0530] {subprocess.py:93} INFO - 25/05/14 23:04:14 INFO DAGScheduler: running: Set()
[2025-05-14T23:04:14.072+0530] {subprocess.py:93} INFO - 25/05/14 23:04:14 INFO DAGScheduler: waiting: Set()
[2025-05-14T23:04:14.073+0530] {subprocess.py:93} INFO - 25/05/14 23:04:14 INFO DAGScheduler: failed: Set()
[2025-05-14T23:04:14.079+0530] {subprocess.py:93} INFO - 25/05/14 23:04:14 WARN WindowExec: No Partition Defined for Window operation! Moving all data to a single partition, this can cause serious performance degradation.
[2025-05-14T23:04:14.079+0530] {subprocess.py:93} INFO - 25/05/14 23:04:14 WARN WindowExec: No Partition Defined for Window operation! Moving all data to a single partition, this can cause serious performance degradation.
[2025-05-14T23:04:14.091+0530] {subprocess.py:93} INFO - 25/05/14 23:04:14 INFO ParquetUtils: Using default output committer for Parquet: org.apache.parquet.hadoop.ParquetOutputCommitter
[2025-05-14T23:04:14.092+0530] {subprocess.py:93} INFO - 25/05/14 23:04:14 INFO FileOutputCommitter: File Output Committer Algorithm version is 1
[2025-05-14T23:04:14.093+0530] {subprocess.py:93} INFO - 25/05/14 23:04:14 INFO FileOutputCommitter: FileOutputCommitter skip cleanup _temporary folders under output directory:false, ignore cleanup failures: false
[2025-05-14T23:04:14.093+0530] {subprocess.py:93} INFO - 25/05/14 23:04:14 INFO SQLHadoopMapReduceCommitProtocol: Using user defined output committer class org.apache.parquet.hadoop.ParquetOutputCommitter
[2025-05-14T23:04:14.094+0530] {subprocess.py:93} INFO - 25/05/14 23:04:14 INFO FileOutputCommitter: File Output Committer Algorithm version is 1
[2025-05-14T23:04:14.094+0530] {subprocess.py:93} INFO - 25/05/14 23:04:14 INFO FileOutputCommitter: FileOutputCommitter skip cleanup _temporary folders under output directory:false, ignore cleanup failures: false
[2025-05-14T23:04:14.094+0530] {subprocess.py:93} INFO - 25/05/14 23:04:14 INFO SQLHadoopMapReduceCommitProtocol: Using output committer class org.apache.parquet.hadoop.ParquetOutputCommitter
[2025-05-14T23:04:14.124+0530] {subprocess.py:93} INFO - 25/05/14 23:04:14 INFO CodeGenerator: Code generated in 11.418998 ms
[2025-05-14T23:04:14.144+0530] {subprocess.py:93} INFO - 25/05/14 23:04:14 INFO SparkContext: Starting job: parquet at NativeMethodAccessorImpl.java:0
[2025-05-14T23:04:14.147+0530] {subprocess.py:93} INFO - 25/05/14 23:04:14 INFO DAGScheduler: Got job 4 (parquet at NativeMethodAccessorImpl.java:0) with 1 output partitions
[2025-05-14T23:04:14.147+0530] {subprocess.py:93} INFO - 25/05/14 23:04:14 INFO DAGScheduler: Final stage: ResultStage 6 (parquet at NativeMethodAccessorImpl.java:0)
[2025-05-14T23:04:14.147+0530] {subprocess.py:93} INFO - 25/05/14 23:04:14 INFO DAGScheduler: Parents of final stage: List(ShuffleMapStage 5)
[2025-05-14T23:04:14.148+0530] {subprocess.py:93} INFO - 25/05/14 23:04:14 INFO DAGScheduler: Missing parents: List()
[2025-05-14T23:04:14.149+0530] {subprocess.py:93} INFO - 25/05/14 23:04:14 INFO DAGScheduler: Submitting ResultStage 6 (MapPartitionsRDD[19] at parquet at NativeMethodAccessorImpl.java:0), which has no missing parents
[2025-05-14T23:04:14.167+0530] {subprocess.py:93} INFO - 25/05/14 23:04:14 INFO MemoryStore: Block broadcast_6 stored as values in memory (estimated size 245.3 KiB, free 433.9 MiB)
[2025-05-14T23:04:14.168+0530] {subprocess.py:93} INFO - 25/05/14 23:04:14 INFO MemoryStore: Block broadcast_6_piece0 stored as bytes in memory (estimated size 90.3 KiB, free 433.8 MiB)
[2025-05-14T23:04:14.169+0530] {subprocess.py:93} INFO - 25/05/14 23:04:14 INFO BlockManagerInfo: Added broadcast_6_piece0 in memory on 10.255.255.254:40683 (size: 90.3 KiB, free: 434.3 MiB)
[2025-05-14T23:04:14.170+0530] {subprocess.py:93} INFO - 25/05/14 23:04:14 INFO SparkContext: Created broadcast 6 from broadcast at DAGScheduler.scala:1585
[2025-05-14T23:04:14.171+0530] {subprocess.py:93} INFO - 25/05/14 23:04:14 INFO DAGScheduler: Submitting 1 missing tasks from ResultStage 6 (MapPartitionsRDD[19] at parquet at NativeMethodAccessorImpl.java:0) (first 15 tasks are for partitions Vector(0))
[2025-05-14T23:04:14.171+0530] {subprocess.py:93} INFO - 25/05/14 23:04:14 INFO TaskSchedulerImpl: Adding task set 6.0 with 1 tasks resource profile 0
[2025-05-14T23:04:14.173+0530] {subprocess.py:93} INFO - 25/05/14 23:04:14 INFO TaskSetManager: Starting task 0.0 in stage 6.0 (TID 4) (10.255.255.254, executor driver, partition 0, NODE_LOCAL, 8999 bytes)
[2025-05-14T23:04:14.174+0530] {subprocess.py:93} INFO - 25/05/14 23:04:14 INFO Executor: Running task 0.0 in stage 6.0 (TID 4)
[2025-05-14T23:04:14.193+0530] {subprocess.py:93} INFO - 25/05/14 23:04:14 INFO ShuffleBlockFetcherIterator: Getting 1 (3.3 MiB) non-empty blocks including 1 (3.3 MiB) local and 0 (0.0 B) host-local and 0 (0.0 B) push-merged-local and 0 (0.0 B) remote blocks
[2025-05-14T23:04:14.193+0530] {subprocess.py:93} INFO - 25/05/14 23:04:14 INFO ShuffleBlockFetcherIterator: Started 0 remote fetches in 0 ms
[2025-05-14T23:04:14.214+0530] {subprocess.py:93} INFO - 25/05/14 23:04:14 INFO CodeGenerator: Code generated in 10.409912 ms
[2025-05-14T23:04:14.264+0530] {subprocess.py:93} INFO - 25/05/14 23:04:14 INFO BlockManagerInfo: Removed broadcast_5_piece0 on 10.255.255.254:40683 in memory (size: 9.7 KiB, free: 434.3 MiB)
[2025-05-14T23:04:14.329+0530] {subprocess.py:93} INFO - 25/05/14 23:04:14 INFO CodeGenerator: Code generated in 4.321172 ms
[2025-05-14T23:04:14.339+0530] {subprocess.py:93} INFO - 25/05/14 23:04:14 INFO CodeGenerator: Code generated in 5.779448 ms
[2025-05-14T23:04:14.346+0530] {subprocess.py:93} INFO - 25/05/14 23:04:14 INFO CodeGenerator: Code generated in 4.54477 ms
[2025-05-14T23:04:14.354+0530] {subprocess.py:93} INFO - 25/05/14 23:04:14 INFO CodeGenerator: Code generated in 7.634267 ms
[2025-05-14T23:04:14.357+0530] {subprocess.py:93} INFO - 25/05/14 23:04:14 INFO FileOutputCommitter: File Output Committer Algorithm version is 1
[2025-05-14T23:04:14.357+0530] {subprocess.py:93} INFO - 25/05/14 23:04:14 INFO FileOutputCommitter: FileOutputCommitter skip cleanup _temporary folders under output directory:false, ignore cleanup failures: false
[2025-05-14T23:04:14.357+0530] {subprocess.py:93} INFO - 25/05/14 23:04:14 INFO SQLHadoopMapReduceCommitProtocol: Using user defined output committer class org.apache.parquet.hadoop.ParquetOutputCommitter
[2025-05-14T23:04:14.358+0530] {subprocess.py:93} INFO - 25/05/14 23:04:14 INFO FileOutputCommitter: File Output Committer Algorithm version is 1
[2025-05-14T23:04:14.358+0530] {subprocess.py:93} INFO - 25/05/14 23:04:14 INFO FileOutputCommitter: FileOutputCommitter skip cleanup _temporary folders under output directory:false, ignore cleanup failures: false
[2025-05-14T23:04:14.358+0530] {subprocess.py:93} INFO - 25/05/14 23:04:14 INFO SQLHadoopMapReduceCommitProtocol: Using output committer class org.apache.parquet.hadoop.ParquetOutputCommitter
[2025-05-14T23:04:14.358+0530] {subprocess.py:93} INFO - 25/05/14 23:04:14 INFO CodecConfig: Compression: SNAPPY
[2025-05-14T23:04:14.358+0530] {subprocess.py:93} INFO - 25/05/14 23:04:14 INFO CodecConfig: Compression: SNAPPY
[2025-05-14T23:04:14.360+0530] {subprocess.py:93} INFO - 25/05/14 23:04:14 INFO ParquetOutputFormat: ParquetRecordWriter [block size: 134217728b, row group padding size: 8388608b, validating: false]
[2025-05-14T23:04:14.362+0530] {subprocess.py:93} INFO - 25/05/14 23:04:14 INFO ParquetWriteSupport: Initialized Parquet WriteSupport with Catalyst schema:
[2025-05-14T23:04:14.362+0530] {subprocess.py:93} INFO - {
[2025-05-14T23:04:14.363+0530] {subprocess.py:93} INFO -   "type" : "struct",
[2025-05-14T23:04:14.363+0530] {subprocess.py:93} INFO -   "fields" : [ {
[2025-05-14T23:04:14.363+0530] {subprocess.py:93} INFO -     "name" : "Payment_id",
[2025-05-14T23:04:14.363+0530] {subprocess.py:93} INFO -     "type" : "integer",
[2025-05-14T23:04:14.363+0530] {subprocess.py:93} INFO -     "nullable" : false,
[2025-05-14T23:04:14.363+0530] {subprocess.py:93} INFO -     "metadata" : { }
[2025-05-14T23:04:14.363+0530] {subprocess.py:93} INFO -   }, {
[2025-05-14T23:04:14.364+0530] {subprocess.py:93} INFO -     "name" : "Trip_id",
[2025-05-14T23:04:14.364+0530] {subprocess.py:93} INFO -     "type" : "integer",
[2025-05-14T23:04:14.364+0530] {subprocess.py:93} INFO -     "nullable" : false,
[2025-05-14T23:04:14.364+0530] {subprocess.py:93} INFO -     "metadata" : { }
[2025-05-14T23:04:14.364+0530] {subprocess.py:93} INFO -   }, {
[2025-05-14T23:04:14.364+0530] {subprocess.py:93} INFO -     "name" : "payment_type",
[2025-05-14T23:04:14.364+0530] {subprocess.py:93} INFO -     "type" : "short",
[2025-05-14T23:04:14.364+0530] {subprocess.py:93} INFO -     "nullable" : true,
[2025-05-14T23:04:14.364+0530] {subprocess.py:93} INFO -     "metadata" : { }
[2025-05-14T23:04:14.364+0530] {subprocess.py:93} INFO -   }, {
[2025-05-14T23:04:14.365+0530] {subprocess.py:93} INFO -     "name" : "fare_amount",
[2025-05-14T23:04:14.365+0530] {subprocess.py:93} INFO -     "type" : "double",
[2025-05-14T23:04:14.365+0530] {subprocess.py:93} INFO -     "nullable" : true,
[2025-05-14T23:04:14.365+0530] {subprocess.py:93} INFO -     "metadata" : { }
[2025-05-14T23:04:14.365+0530] {subprocess.py:93} INFO -   }, {
[2025-05-14T23:04:14.365+0530] {subprocess.py:93} INFO -     "name" : "extra",
[2025-05-14T23:04:14.365+0530] {subprocess.py:93} INFO -     "type" : "double",
[2025-05-14T23:04:14.365+0530] {subprocess.py:93} INFO -     "nullable" : true,
[2025-05-14T23:04:14.365+0530] {subprocess.py:93} INFO -     "metadata" : { }
[2025-05-14T23:04:14.365+0530] {subprocess.py:93} INFO -   }, {
[2025-05-14T23:04:14.365+0530] {subprocess.py:93} INFO -     "name" : "mta_tax",
[2025-05-14T23:04:14.365+0530] {subprocess.py:93} INFO -     "type" : "double",
[2025-05-14T23:04:14.365+0530] {subprocess.py:93} INFO -     "nullable" : true,
[2025-05-14T23:04:14.366+0530] {subprocess.py:93} INFO -     "metadata" : { }
[2025-05-14T23:04:14.366+0530] {subprocess.py:93} INFO -   }, {
[2025-05-14T23:04:14.366+0530] {subprocess.py:93} INFO -     "name" : "tip_amount",
[2025-05-14T23:04:14.366+0530] {subprocess.py:93} INFO -     "type" : "double",
[2025-05-14T23:04:14.366+0530] {subprocess.py:93} INFO -     "nullable" : true,
[2025-05-14T23:04:14.366+0530] {subprocess.py:93} INFO -     "metadata" : { }
[2025-05-14T23:04:14.366+0530] {subprocess.py:93} INFO -   }, {
[2025-05-14T23:04:14.366+0530] {subprocess.py:93} INFO -     "name" : "tolls_amount",
[2025-05-14T23:04:14.366+0530] {subprocess.py:93} INFO -     "type" : "double",
[2025-05-14T23:04:14.366+0530] {subprocess.py:93} INFO -     "nullable" : true,
[2025-05-14T23:04:14.366+0530] {subprocess.py:93} INFO -     "metadata" : { }
[2025-05-14T23:04:14.366+0530] {subprocess.py:93} INFO -   }, {
[2025-05-14T23:04:14.366+0530] {subprocess.py:93} INFO -     "name" : "improvement_surcharge",
[2025-05-14T23:04:14.367+0530] {subprocess.py:93} INFO -     "type" : "double",
[2025-05-14T23:04:14.367+0530] {subprocess.py:93} INFO -     "nullable" : true,
[2025-05-14T23:04:14.367+0530] {subprocess.py:93} INFO -     "metadata" : { }
[2025-05-14T23:04:14.367+0530] {subprocess.py:93} INFO -   }, {
[2025-05-14T23:04:14.367+0530] {subprocess.py:93} INFO -     "name" : "total_amount",
[2025-05-14T23:04:14.367+0530] {subprocess.py:93} INFO -     "type" : "double",
[2025-05-14T23:04:14.367+0530] {subprocess.py:93} INFO -     "nullable" : true,
[2025-05-14T23:04:14.367+0530] {subprocess.py:93} INFO -     "metadata" : { }
[2025-05-14T23:04:14.367+0530] {subprocess.py:93} INFO -   }, {
[2025-05-14T23:04:14.368+0530] {subprocess.py:93} INFO -     "name" : "trip_amt_INR",
[2025-05-14T23:04:14.368+0530] {subprocess.py:93} INFO -     "type" : "double",
[2025-05-14T23:04:14.368+0530] {subprocess.py:93} INFO -     "nullable" : true,
[2025-05-14T23:04:14.368+0530] {subprocess.py:93} INFO -     "metadata" : { }
[2025-05-14T23:04:14.368+0530] {subprocess.py:93} INFO -   }, {
[2025-05-14T23:04:14.368+0530] {subprocess.py:93} INFO -     "name" : "congestion_surcharge",
[2025-05-14T23:04:14.369+0530] {subprocess.py:93} INFO -     "type" : "double",
[2025-05-14T23:04:14.369+0530] {subprocess.py:93} INFO -     "nullable" : true,
[2025-05-14T23:04:14.369+0530] {subprocess.py:93} INFO -     "metadata" : { }
[2025-05-14T23:04:14.369+0530] {subprocess.py:93} INFO -   } ]
[2025-05-14T23:04:14.369+0530] {subprocess.py:93} INFO - }
[2025-05-14T23:04:14.369+0530] {subprocess.py:93} INFO - and corresponding Parquet message type:
[2025-05-14T23:04:14.369+0530] {subprocess.py:93} INFO - message spark_schema {
[2025-05-14T23:04:14.369+0530] {subprocess.py:93} INFO -   required int32 Payment_id;
[2025-05-14T23:04:14.370+0530] {subprocess.py:93} INFO -   required int32 Trip_id;
[2025-05-14T23:04:14.370+0530] {subprocess.py:93} INFO -   optional int32 payment_type (INTEGER(16,true));
[2025-05-14T23:04:14.370+0530] {subprocess.py:93} INFO -   optional double fare_amount;
[2025-05-14T23:04:14.370+0530] {subprocess.py:93} INFO -   optional double extra;
[2025-05-14T23:04:14.370+0530] {subprocess.py:93} INFO -   optional double mta_tax;
[2025-05-14T23:04:14.370+0530] {subprocess.py:93} INFO -   optional double tip_amount;
[2025-05-14T23:04:14.370+0530] {subprocess.py:93} INFO -   optional double tolls_amount;
[2025-05-14T23:04:14.370+0530] {subprocess.py:93} INFO -   optional double improvement_surcharge;
[2025-05-14T23:04:14.370+0530] {subprocess.py:93} INFO -   optional double total_amount;
[2025-05-14T23:04:14.370+0530] {subprocess.py:93} INFO -   optional double trip_amt_INR;
[2025-05-14T23:04:14.370+0530] {subprocess.py:93} INFO -   optional double congestion_surcharge;
[2025-05-14T23:04:14.371+0530] {subprocess.py:93} INFO - }
[2025-05-14T23:04:14.371+0530] {subprocess.py:93} INFO - 
[2025-05-14T23:04:14.371+0530] {subprocess.py:93} INFO - 
[2025-05-14T23:04:14.386+0530] {subprocess.py:93} INFO - 25/05/14 23:04:14 INFO ExternalAppendOnlyUnsafeRowArray: Reached spill threshold of 4096 rows, switching to org.apache.spark.util.collection.unsafe.sort.UnsafeExternalSorter
[2025-05-14T23:04:17.309+0530] {subprocess.py:93} INFO - 25/05/14 23:04:17 INFO FileOutputCommitter: Saved output of task 'attempt_20250514230414483090892375993905_0006_m_000000_4' to file:/home/pranav_shirali/airflow-project/nyc_taxi_payment.parquet/_temporary/0/task_20250514230414483090892375993905_0006_m_000000
[2025-05-14T23:04:17.309+0530] {subprocess.py:93} INFO - 25/05/14 23:04:17 INFO SparkHadoopMapRedUtil: attempt_20250514230414483090892375993905_0006_m_000000_4: Committed. Elapsed time: 0 ms.
[2025-05-14T23:04:17.311+0530] {subprocess.py:93} INFO - 25/05/14 23:04:17 INFO Executor: Finished task 0.0 in stage 6.0 (TID 4). 5872 bytes result sent to driver
[2025-05-14T23:04:17.314+0530] {subprocess.py:93} INFO - 25/05/14 23:04:17 INFO TaskSetManager: Finished task 0.0 in stage 6.0 (TID 4) in 3140 ms on 10.255.255.254 (executor driver) (1/1)
[2025-05-14T23:04:17.314+0530] {subprocess.py:93} INFO - 25/05/14 23:04:17 INFO TaskSchedulerImpl: Removed TaskSet 6.0, whose tasks have all completed, from pool
[2025-05-14T23:04:17.315+0530] {subprocess.py:93} INFO - 25/05/14 23:04:17 INFO DAGScheduler: ResultStage 6 (parquet at NativeMethodAccessorImpl.java:0) finished in 3.165 s
[2025-05-14T23:04:17.315+0530] {subprocess.py:93} INFO - 25/05/14 23:04:17 INFO DAGScheduler: Job 4 is finished. Cancelling potential speculative or zombie tasks for this job
[2025-05-14T23:04:17.316+0530] {subprocess.py:93} INFO - 25/05/14 23:04:17 INFO TaskSchedulerImpl: Killing all running tasks in stage 6: Stage finished
[2025-05-14T23:04:17.316+0530] {subprocess.py:93} INFO - 25/05/14 23:04:17 INFO DAGScheduler: Job 4 finished: parquet at NativeMethodAccessorImpl.java:0, took 0.538690 s
[2025-05-14T23:04:17.317+0530] {subprocess.py:93} INFO - 25/05/14 23:04:17 INFO FileFormatWriter: Start to commit write Job 4728606f-b2be-4386-b33e-1795ffc3a860.
[2025-05-14T23:04:17.327+0530] {subprocess.py:93} INFO - 25/05/14 23:04:17 INFO FileFormatWriter: Write Job 4728606f-b2be-4386-b33e-1795ffc3a860 committed. Elapsed time: 9 ms.
[2025-05-14T23:04:17.327+0530] {subprocess.py:93} INFO - 25/05/14 23:04:17 INFO FileFormatWriter: Finished processing stats for write job 4728606f-b2be-4386-b33e-1795ffc3a860.
[2025-05-14T23:04:17.387+0530] {subprocess.py:93} INFO - 25/05/14 23:04:17 INFO SparkContext: Invoking stop() from shutdown hook
[2025-05-14T23:04:17.388+0530] {subprocess.py:93} INFO - 25/05/14 23:04:17 INFO SparkContext: SparkContext is stopping with exitCode 0.
[2025-05-14T23:04:17.396+0530] {subprocess.py:93} INFO - 25/05/14 23:04:17 INFO SparkUI: Stopped Spark web UI at http://10.255.255.254:4040
[2025-05-14T23:04:17.406+0530] {subprocess.py:93} INFO - 25/05/14 23:04:17 INFO MapOutputTrackerMasterEndpoint: MapOutputTrackerMasterEndpoint stopped!
[2025-05-14T23:04:17.419+0530] {subprocess.py:93} INFO - 25/05/14 23:04:17 INFO MemoryStore: MemoryStore cleared
[2025-05-14T23:04:17.420+0530] {subprocess.py:93} INFO - 25/05/14 23:04:17 INFO BlockManager: BlockManager stopped
[2025-05-14T23:04:17.422+0530] {subprocess.py:93} INFO - 25/05/14 23:04:17 INFO BlockManagerMaster: BlockManagerMaster stopped
[2025-05-14T23:04:17.424+0530] {subprocess.py:93} INFO - 25/05/14 23:04:17 INFO OutputCommitCoordinator$OutputCommitCoordinatorEndpoint: OutputCommitCoordinator stopped!
[2025-05-14T23:04:17.432+0530] {subprocess.py:93} INFO - 25/05/14 23:04:17 INFO SparkContext: Successfully stopped SparkContext
[2025-05-14T23:04:17.432+0530] {subprocess.py:93} INFO - 25/05/14 23:04:17 INFO ShutdownHookManager: Shutdown hook called
[2025-05-14T23:04:17.433+0530] {subprocess.py:93} INFO - 25/05/14 23:04:17 INFO ShutdownHookManager: Deleting directory /tmp/spark-11458357-d2ae-4996-acae-15a5fd7be443/pyspark-3bf00a47-84dd-4e47-b672-16dd41c15a58
[2025-05-14T23:04:17.436+0530] {subprocess.py:93} INFO - 25/05/14 23:04:17 INFO ShutdownHookManager: Deleting directory /tmp/spark-11458357-d2ae-4996-acae-15a5fd7be443
[2025-05-14T23:04:17.438+0530] {subprocess.py:93} INFO - 25/05/14 23:04:17 INFO ShutdownHookManager: Deleting directory /tmp/spark-0e7369ea-1d5b-41af-b529-9ef00dbe0200
[2025-05-14T23:04:17.484+0530] {subprocess.py:97} INFO - Command exited with return code 0
[2025-05-14T23:04:17.498+0530] {taskinstance.py:340} INFO - ::group::Post task execution logs
[2025-05-14T23:04:17.498+0530] {taskinstance.py:352} INFO - Marking task as SUCCESS. dag_id=nyc_taxi_etl, task_id=transform_data, run_id=manual__2025-05-14T17:28:44.512773+00:00, execution_date=20250514T172844, start_date=20250514T173402, end_date=20250514T173417
[2025-05-14T23:04:17.526+0530] {local_task_job_runner.py:266} INFO - Task exited with return code 0
[2025-05-14T23:04:17.536+0530] {taskinstance.py:3900} INFO - 1 downstream tasks scheduled from follow-on schedule check
[2025-05-14T23:04:17.539+0530] {local_task_job_runner.py:245} INFO - ::endgroup::
