[2025-05-15T00:35:51.160+0530] {local_task_job_runner.py:123} INFO - ::group::Pre task execution logs
[2025-05-15T00:35:51.167+0530] {taskinstance.py:2612} INFO - Dependencies all met for dep_context=non-requeueable deps ti=<TaskInstance: nyc_taxi_etl.transform_data manual__2025-05-14T19:03:41.185611+00:00 [queued]>
[2025-05-15T00:35:51.171+0530] {taskinstance.py:2612} INFO - Dependencies all met for dep_context=requeueable deps ti=<TaskInstance: nyc_taxi_etl.transform_data manual__2025-05-14T19:03:41.185611+00:00 [queued]>
[2025-05-15T00:35:51.171+0530] {taskinstance.py:2865} INFO - Starting attempt 1 of 1
[2025-05-15T00:35:51.182+0530] {taskinstance.py:2888} INFO - Executing <Task(BashOperator): transform_data> on 2025-05-14 19:03:41.185611+00:00
[2025-05-15T00:35:51.183+0530] {standard_task_runner.py:72} INFO - Started process 41954 to run task
[2025-05-15T00:35:51.186+0530] {standard_task_runner.py:104} INFO - Running: ['airflow', 'tasks', 'run', 'nyc_taxi_etl', 'transform_data', 'manual__2025-05-14T19:03:41.185611+00:00', '--job-id', '64', '--raw', '--subdir', 'DAGS_FOLDER/nyc_taxi_etl.py', '--cfg-path', '/tmp/tmp6ppxu65d']
[2025-05-15T00:35:51.187+0530] {standard_task_runner.py:105} INFO - Job 64: Subtask transform_data
[2025-05-15T00:35:51.222+0530] {task_command.py:467} INFO - Running <TaskInstance: nyc_taxi_etl.transform_data manual__2025-05-14T19:03:41.185611+00:00 [running]> on host Voldemort.
[2025-05-15T00:35:51.292+0530] {taskinstance.py:3131} INFO - Exporting env vars: AIRFLOW_CTX_DAG_OWNER='airflow' AIRFLOW_CTX_DAG_ID='nyc_taxi_etl' AIRFLOW_CTX_TASK_ID='transform_data' AIRFLOW_CTX_EXECUTION_DATE='2025-05-14T19:03:41.185611+00:00' AIRFLOW_CTX_TRY_NUMBER='1' AIRFLOW_CTX_DAG_RUN_ID='manual__2025-05-14T19:03:41.185611+00:00'
[2025-05-15T00:35:51.292+0530] {taskinstance.py:731} INFO - ::endgroup::
[2025-05-15T00:35:51.304+0530] {subprocess.py:63} INFO - Tmp dir root location: /tmp
[2025-05-15T00:35:51.306+0530] {subprocess.py:75} INFO - Running command: ['/usr/bin/bash', '-c', '/opt/spark/bin/spark-submit /home/pranav_shirali/airflow-project/scripts/transform.py']
[2025-05-15T00:35:51.312+0530] {subprocess.py:86} INFO - Output:
[2025-05-15T00:35:52.829+0530] {subprocess.py:93} INFO - 25/05/15 00:35:52 WARN Utils: Your hostname, Voldemort resolves to a loopback address: 127.0.1.1; using 10.255.255.254 instead (on interface lo)
[2025-05-15T00:35:52.832+0530] {subprocess.py:93} INFO - 25/05/15 00:35:52 WARN Utils: Set SPARK_LOCAL_IP if you need to bind to another address
[2025-05-15T00:35:53.772+0530] {subprocess.py:93} INFO - 25/05/15 00:35:53 INFO SparkContext: Running Spark version 3.5.5
[2025-05-15T00:35:53.772+0530] {subprocess.py:93} INFO - 25/05/15 00:35:53 INFO SparkContext: OS info Linux, 5.15.167.4-microsoft-standard-WSL2, amd64
[2025-05-15T00:35:53.773+0530] {subprocess.py:93} INFO - 25/05/15 00:35:53 INFO SparkContext: Java version 11.0.27
[2025-05-15T00:35:53.836+0530] {subprocess.py:93} INFO - 25/05/15 00:35:53 WARN NativeCodeLoader: Unable to load native-hadoop library for your platform... using builtin-java classes where applicable
[2025-05-15T00:35:53.908+0530] {subprocess.py:93} INFO - 25/05/15 00:35:53 INFO ResourceUtils: ==============================================================
[2025-05-15T00:35:53.908+0530] {subprocess.py:93} INFO - 25/05/15 00:35:53 INFO ResourceUtils: No custom resources configured for spark.driver.
[2025-05-15T00:35:53.909+0530] {subprocess.py:93} INFO - 25/05/15 00:35:53 INFO ResourceUtils: ==============================================================
[2025-05-15T00:35:53.909+0530] {subprocess.py:93} INFO - 25/05/15 00:35:53 INFO SparkContext: Submitted application: NYC Taxi Transform
[2025-05-15T00:35:53.927+0530] {subprocess.py:93} INFO - 25/05/15 00:35:53 INFO ResourceProfile: Default ResourceProfile created, executor resources: Map(cores -> name: cores, amount: 1, script: , vendor: , memory -> name: memory, amount: 1024, script: , vendor: , offHeap -> name: offHeap, amount: 0, script: , vendor: ), task resources: Map(cpus -> name: cpus, amount: 1.0)
[2025-05-15T00:35:53.936+0530] {subprocess.py:93} INFO - 25/05/15 00:35:53 INFO ResourceProfile: Limiting resource is cpu
[2025-05-15T00:35:53.937+0530] {subprocess.py:93} INFO - 25/05/15 00:35:53 INFO ResourceProfileManager: Added ResourceProfile id: 0
[2025-05-15T00:35:53.984+0530] {subprocess.py:93} INFO - 25/05/15 00:35:53 INFO SecurityManager: Changing view acls to: pranav_shirali
[2025-05-15T00:35:53.984+0530] {subprocess.py:93} INFO - 25/05/15 00:35:53 INFO SecurityManager: Changing modify acls to: pranav_shirali
[2025-05-15T00:35:53.985+0530] {subprocess.py:93} INFO - 25/05/15 00:35:53 INFO SecurityManager: Changing view acls groups to:
[2025-05-15T00:35:53.985+0530] {subprocess.py:93} INFO - 25/05/15 00:35:53 INFO SecurityManager: Changing modify acls groups to:
[2025-05-15T00:35:53.985+0530] {subprocess.py:93} INFO - 25/05/15 00:35:53 INFO SecurityManager: SecurityManager: authentication disabled; ui acls disabled; users with view permissions: pranav_shirali; groups with view permissions: EMPTY; users with modify permissions: pranav_shirali; groups with modify permissions: EMPTY
[2025-05-15T00:35:54.252+0530] {subprocess.py:93} INFO - 25/05/15 00:35:54 INFO Utils: Successfully started service 'sparkDriver' on port 35911.
[2025-05-15T00:35:54.283+0530] {subprocess.py:93} INFO - 25/05/15 00:35:54 INFO SparkEnv: Registering MapOutputTracker
[2025-05-15T00:35:54.319+0530] {subprocess.py:93} INFO - 25/05/15 00:35:54 INFO SparkEnv: Registering BlockManagerMaster
[2025-05-15T00:35:54.336+0530] {subprocess.py:93} INFO - 25/05/15 00:35:54 INFO BlockManagerMasterEndpoint: Using org.apache.spark.storage.DefaultTopologyMapper for getting topology information
[2025-05-15T00:35:54.336+0530] {subprocess.py:93} INFO - 25/05/15 00:35:54 INFO BlockManagerMasterEndpoint: BlockManagerMasterEndpoint up
[2025-05-15T00:35:54.341+0530] {subprocess.py:93} INFO - 25/05/15 00:35:54 INFO SparkEnv: Registering BlockManagerMasterHeartbeat
[2025-05-15T00:35:54.367+0530] {subprocess.py:93} INFO - 25/05/15 00:35:54 INFO DiskBlockManager: Created local directory at /tmp/blockmgr-39902d98-c358-45ff-b77b-9999d6ba8f8d
[2025-05-15T00:35:54.378+0530] {subprocess.py:93} INFO - 25/05/15 00:35:54 INFO MemoryStore: MemoryStore started with capacity 434.4 MiB
[2025-05-15T00:35:54.395+0530] {subprocess.py:93} INFO - 25/05/15 00:35:54 INFO SparkEnv: Registering OutputCommitCoordinator
[2025-05-15T00:35:54.595+0530] {subprocess.py:93} INFO - 25/05/15 00:35:54 INFO JettyUtils: Start Jetty 0.0.0.0:4040 for SparkUI
[2025-05-15T00:35:54.652+0530] {subprocess.py:93} INFO - 25/05/15 00:35:54 INFO Utils: Successfully started service 'SparkUI' on port 4040.
[2025-05-15T00:35:54.788+0530] {subprocess.py:93} INFO - 25/05/15 00:35:54 INFO Executor: Starting executor ID driver on host 10.255.255.254
[2025-05-15T00:35:54.789+0530] {subprocess.py:93} INFO - 25/05/15 00:35:54 INFO Executor: OS info Linux, 5.15.167.4-microsoft-standard-WSL2, amd64
[2025-05-15T00:35:54.790+0530] {subprocess.py:93} INFO - 25/05/15 00:35:54 INFO Executor: Java version 11.0.27
[2025-05-15T00:35:54.800+0530] {subprocess.py:93} INFO - 25/05/15 00:35:54 INFO Executor: Starting executor with user classpath (userClassPathFirst = false): ''
[2025-05-15T00:35:54.801+0530] {subprocess.py:93} INFO - 25/05/15 00:35:54 INFO Executor: Created or updated repl class loader org.apache.spark.util.MutableURLClassLoader@6939df2d for default.
[2025-05-15T00:35:54.835+0530] {subprocess.py:93} INFO - 25/05/15 00:35:54 INFO Utils: Successfully started service 'org.apache.spark.network.netty.NettyBlockTransferService' on port 46805.
[2025-05-15T00:35:54.835+0530] {subprocess.py:93} INFO - 25/05/15 00:35:54 INFO NettyBlockTransferService: Server created on 10.255.255.254:46805
[2025-05-15T00:35:54.838+0530] {subprocess.py:93} INFO - 25/05/15 00:35:54 INFO BlockManager: Using org.apache.spark.storage.RandomBlockReplicationPolicy for block replication policy
[2025-05-15T00:35:54.846+0530] {subprocess.py:93} INFO - 25/05/15 00:35:54 INFO BlockManagerMaster: Registering BlockManager BlockManagerId(driver, 10.255.255.254, 46805, None)
[2025-05-15T00:35:54.851+0530] {subprocess.py:93} INFO - 25/05/15 00:35:54 INFO BlockManagerMasterEndpoint: Registering block manager 10.255.255.254:46805 with 434.4 MiB RAM, BlockManagerId(driver, 10.255.255.254, 46805, None)
[2025-05-15T00:35:54.854+0530] {subprocess.py:93} INFO - 25/05/15 00:35:54 INFO BlockManagerMaster: Registered BlockManager BlockManagerId(driver, 10.255.255.254, 46805, None)
[2025-05-15T00:35:54.855+0530] {subprocess.py:93} INFO - 25/05/15 00:35:54 INFO BlockManager: Initialized BlockManager: BlockManagerId(driver, 10.255.255.254, 46805, None)
[2025-05-15T00:35:55.369+0530] {subprocess.py:93} INFO - 25/05/15 00:35:55 INFO SharedState: Setting hive.metastore.warehouse.dir ('null') to the value of spark.sql.warehouse.dir.
[2025-05-15T00:35:55.383+0530] {subprocess.py:93} INFO - 25/05/15 00:35:55 INFO SharedState: Warehouse path is 'file:/tmp/airflowtmpy2oc9pxn/spark-warehouse'.
[2025-05-15T00:35:56.392+0530] {subprocess.py:93} INFO - 25/05/15 00:35:56 INFO InMemoryFileIndex: It took 54 ms to list leaf files for 1 paths.
[2025-05-15T00:35:56.932+0530] {subprocess.py:93} INFO - 25/05/15 00:35:56 INFO SparkContext: Starting job: parquet at NativeMethodAccessorImpl.java:0
[2025-05-15T00:35:56.947+0530] {subprocess.py:93} INFO - 25/05/15 00:35:56 INFO DAGScheduler: Got job 0 (parquet at NativeMethodAccessorImpl.java:0) with 1 output partitions
[2025-05-15T00:35:56.948+0530] {subprocess.py:93} INFO - 25/05/15 00:35:56 INFO DAGScheduler: Final stage: ResultStage 0 (parquet at NativeMethodAccessorImpl.java:0)
[2025-05-15T00:35:56.948+0530] {subprocess.py:93} INFO - 25/05/15 00:35:56 INFO DAGScheduler: Parents of final stage: List()
[2025-05-15T00:35:56.949+0530] {subprocess.py:93} INFO - 25/05/15 00:35:56 INFO DAGScheduler: Missing parents: List()
[2025-05-15T00:35:56.955+0530] {subprocess.py:93} INFO - 25/05/15 00:35:56 INFO DAGScheduler: Submitting ResultStage 0 (MapPartitionsRDD[1] at parquet at NativeMethodAccessorImpl.java:0), which has no missing parents
[2025-05-15T00:35:57.018+0530] {subprocess.py:93} INFO - 25/05/15 00:35:57 INFO MemoryStore: Block broadcast_0 stored as values in memory (estimated size 103.2 KiB, free 434.3 MiB)
[2025-05-15T00:35:57.068+0530] {subprocess.py:93} INFO - 25/05/15 00:35:57 INFO MemoryStore: Block broadcast_0_piece0 stored as bytes in memory (estimated size 37.2 KiB, free 434.3 MiB)
[2025-05-15T00:35:57.073+0530] {subprocess.py:93} INFO - 25/05/15 00:35:57 INFO BlockManagerInfo: Added broadcast_0_piece0 in memory on 10.255.255.254:46805 (size: 37.2 KiB, free: 434.4 MiB)
[2025-05-15T00:35:57.078+0530] {subprocess.py:93} INFO - 25/05/15 00:35:57 INFO SparkContext: Created broadcast 0 from broadcast at DAGScheduler.scala:1585
[2025-05-15T00:35:57.104+0530] {subprocess.py:93} INFO - 25/05/15 00:35:57 INFO DAGScheduler: Submitting 1 missing tasks from ResultStage 0 (MapPartitionsRDD[1] at parquet at NativeMethodAccessorImpl.java:0) (first 15 tasks are for partitions Vector(0))
[2025-05-15T00:35:57.106+0530] {subprocess.py:93} INFO - 25/05/15 00:35:57 INFO TaskSchedulerImpl: Adding task set 0.0 with 1 tasks resource profile 0
[2025-05-15T00:35:57.159+0530] {subprocess.py:93} INFO - 25/05/15 00:35:57 INFO TaskSetManager: Starting task 0.0 in stage 0.0 (TID 0) (10.255.255.254, executor driver, partition 0, PROCESS_LOCAL, 9230 bytes)
[2025-05-15T00:35:57.172+0530] {subprocess.py:93} INFO - 25/05/15 00:35:57 INFO Executor: Running task 0.0 in stage 0.0 (TID 0)
[2025-05-15T00:35:57.525+0530] {subprocess.py:93} INFO - 25/05/15 00:35:57 INFO Executor: Finished task 0.0 in stage 0.0 (TID 0). 2733 bytes result sent to driver
[2025-05-15T00:35:57.536+0530] {subprocess.py:93} INFO - 25/05/15 00:35:57 INFO TaskSetManager: Finished task 0.0 in stage 0.0 (TID 0) in 397 ms on 10.255.255.254 (executor driver) (1/1)
[2025-05-15T00:35:57.537+0530] {subprocess.py:93} INFO - 25/05/15 00:35:57 INFO TaskSchedulerImpl: Removed TaskSet 0.0, whose tasks have all completed, from pool
[2025-05-15T00:35:57.542+0530] {subprocess.py:93} INFO - 25/05/15 00:35:57 INFO DAGScheduler: ResultStage 0 (parquet at NativeMethodAccessorImpl.java:0) finished in 0.577 s
[2025-05-15T00:35:57.544+0530] {subprocess.py:93} INFO - 25/05/15 00:35:57 INFO DAGScheduler: Job 0 is finished. Cancelling potential speculative or zombie tasks for this job
[2025-05-15T00:35:57.545+0530] {subprocess.py:93} INFO - 25/05/15 00:35:57 INFO TaskSchedulerImpl: Killing all running tasks in stage 0: Stage finished
[2025-05-15T00:35:57.550+0530] {subprocess.py:93} INFO - 25/05/15 00:35:57 INFO DAGScheduler: Job 0 finished: parquet at NativeMethodAccessorImpl.java:0, took 0.614441 s
[2025-05-15T00:35:57.568+0530] {subprocess.py:93} INFO - 25/05/15 00:35:57 INFO BlockManagerInfo: Removed broadcast_0_piece0 on 10.255.255.254:46805 in memory (size: 37.2 KiB, free: 434.4 MiB)
[2025-05-15T00:36:03.899+0530] {subprocess.py:93} INFO - 25/05/15 00:36:03 INFO FileSourceStrategy: Pushed Filters:
[2025-05-15T00:36:03.900+0530] {subprocess.py:93} INFO - 25/05/15 00:36:03 INFO FileSourceStrategy: Post-Scan Filters:
[2025-05-15T00:36:03.919+0530] {subprocess.py:93} INFO - 25/05/15 00:36:03 WARN WindowExec: No Partition Defined for Window operation! Moving all data to a single partition, this can cause serious performance degradation.
[2025-05-15T00:36:03.952+0530] {subprocess.py:93} INFO - 25/05/15 00:36:03 WARN WindowExec: No Partition Defined for Window operation! Moving all data to a single partition, this can cause serious performance degradation.
[2025-05-15T00:36:03.971+0530] {subprocess.py:93} INFO - 25/05/15 00:36:03 WARN WindowExec: No Partition Defined for Window operation! Moving all data to a single partition, this can cause serious performance degradation.
[2025-05-15T00:36:04.397+0530] {subprocess.py:93} INFO - 25/05/15 00:36:04 INFO CodeGenerator: Code generated in 237.657842 ms
[2025-05-15T00:36:04.413+0530] {subprocess.py:93} INFO - 25/05/15 00:36:04 INFO MemoryStore: Block broadcast_1 stored as values in memory (estimated size 202.0 KiB, free 434.2 MiB)
[2025-05-15T00:36:04.430+0530] {subprocess.py:93} INFO - 25/05/15 00:36:04 INFO MemoryStore: Block broadcast_1_piece0 stored as bytes in memory (estimated size 35.3 KiB, free 434.2 MiB)
[2025-05-15T00:36:04.431+0530] {subprocess.py:93} INFO - 25/05/15 00:36:04 INFO BlockManagerInfo: Added broadcast_1_piece0 in memory on 10.255.255.254:46805 (size: 35.3 KiB, free: 434.4 MiB)
[2025-05-15T00:36:04.433+0530] {subprocess.py:93} INFO - 25/05/15 00:36:04 INFO SparkContext: Created broadcast 1 from parquet at NativeMethodAccessorImpl.java:0
[2025-05-15T00:36:04.464+0530] {subprocess.py:93} INFO - 25/05/15 00:36:04 INFO FileSourceScanExec: Planning scan with bin packing, max size: 4194304 bytes, open cost is considered as scanning 4194304 bytes.
[2025-05-15T00:36:04.524+0530] {subprocess.py:93} INFO - 25/05/15 00:36:04 INFO DAGScheduler: Registering RDD 5 (parquet at NativeMethodAccessorImpl.java:0) as input to shuffle 0
[2025-05-15T00:36:04.528+0530] {subprocess.py:93} INFO - 25/05/15 00:36:04 INFO DAGScheduler: Got map stage job 1 (parquet at NativeMethodAccessorImpl.java:0) with 8 output partitions
[2025-05-15T00:36:04.528+0530] {subprocess.py:93} INFO - 25/05/15 00:36:04 INFO DAGScheduler: Final stage: ShuffleMapStage 1 (parquet at NativeMethodAccessorImpl.java:0)
[2025-05-15T00:36:04.529+0530] {subprocess.py:93} INFO - 25/05/15 00:36:04 INFO DAGScheduler: Parents of final stage: List()
[2025-05-15T00:36:04.530+0530] {subprocess.py:93} INFO - 25/05/15 00:36:04 INFO DAGScheduler: Missing parents: List()
[2025-05-15T00:36:04.532+0530] {subprocess.py:93} INFO - 25/05/15 00:36:04 INFO DAGScheduler: Submitting ShuffleMapStage 1 (MapPartitionsRDD[5] at parquet at NativeMethodAccessorImpl.java:0), which has no missing parents
[2025-05-15T00:36:04.569+0530] {subprocess.py:93} INFO - 25/05/15 00:36:04 INFO MemoryStore: Block broadcast_2 stored as values in memory (estimated size 29.8 KiB, free 434.1 MiB)
[2025-05-15T00:36:04.576+0530] {subprocess.py:93} INFO - 25/05/15 00:36:04 INFO MemoryStore: Block broadcast_2_piece0 stored as bytes in memory (estimated size 10.8 KiB, free 434.1 MiB)
[2025-05-15T00:36:04.577+0530] {subprocess.py:93} INFO - 25/05/15 00:36:04 INFO BlockManagerInfo: Added broadcast_2_piece0 in memory on 10.255.255.254:46805 (size: 10.8 KiB, free: 434.4 MiB)
[2025-05-15T00:36:04.578+0530] {subprocess.py:93} INFO - 25/05/15 00:36:04 INFO SparkContext: Created broadcast 2 from broadcast at DAGScheduler.scala:1585
[2025-05-15T00:36:04.581+0530] {subprocess.py:93} INFO - 25/05/15 00:36:04 INFO DAGScheduler: Submitting 8 missing tasks from ShuffleMapStage 1 (MapPartitionsRDD[5] at parquet at NativeMethodAccessorImpl.java:0) (first 15 tasks are for partitions Vector(0, 1, 2, 3, 4, 5, 6, 7))
[2025-05-15T00:36:04.581+0530] {subprocess.py:93} INFO - 25/05/15 00:36:04 INFO TaskSchedulerImpl: Adding task set 1.0 with 8 tasks resource profile 0
[2025-05-15T00:36:04.587+0530] {subprocess.py:93} INFO - 25/05/15 00:36:04 INFO TaskSetManager: Starting task 0.0 in stage 1.0 (TID 1) (10.255.255.254, executor driver, partition 0, PROCESS_LOCAL, 9689 bytes)
[2025-05-15T00:36:04.588+0530] {subprocess.py:93} INFO - 25/05/15 00:36:04 INFO TaskSetManager: Starting task 1.0 in stage 1.0 (TID 2) (10.255.255.254, executor driver, partition 1, PROCESS_LOCAL, 9689 bytes)
[2025-05-15T00:36:04.588+0530] {subprocess.py:93} INFO - 25/05/15 00:36:04 INFO TaskSetManager: Starting task 2.0 in stage 1.0 (TID 3) (10.255.255.254, executor driver, partition 2, PROCESS_LOCAL, 9689 bytes)
[2025-05-15T00:36:04.596+0530] {subprocess.py:93} INFO - 25/05/15 00:36:04 INFO TaskSetManager: Starting task 3.0 in stage 1.0 (TID 4) (10.255.255.254, executor driver, partition 3, PROCESS_LOCAL, 9689 bytes)
[2025-05-15T00:36:04.596+0530] {subprocess.py:93} INFO - 25/05/15 00:36:04 INFO TaskSetManager: Starting task 4.0 in stage 1.0 (TID 5) (10.255.255.254, executor driver, partition 4, PROCESS_LOCAL, 9689 bytes)
[2025-05-15T00:36:04.597+0530] {subprocess.py:93} INFO - 25/05/15 00:36:04 INFO TaskSetManager: Starting task 5.0 in stage 1.0 (TID 6) (10.255.255.254, executor driver, partition 5, PROCESS_LOCAL, 9689 bytes)
[2025-05-15T00:36:04.597+0530] {subprocess.py:93} INFO - 25/05/15 00:36:04 INFO TaskSetManager: Starting task 6.0 in stage 1.0 (TID 7) (10.255.255.254, executor driver, partition 6, PROCESS_LOCAL, 9689 bytes)
[2025-05-15T00:36:04.598+0530] {subprocess.py:93} INFO - 25/05/15 00:36:04 INFO TaskSetManager: Starting task 7.0 in stage 1.0 (TID 8) (10.255.255.254, executor driver, partition 7, PROCESS_LOCAL, 9689 bytes)
[2025-05-15T00:36:04.599+0530] {subprocess.py:93} INFO - 25/05/15 00:36:04 INFO Executor: Running task 0.0 in stage 1.0 (TID 1)
[2025-05-15T00:36:04.600+0530] {subprocess.py:93} INFO - 25/05/15 00:36:04 INFO Executor: Running task 1.0 in stage 1.0 (TID 2)
[2025-05-15T00:36:04.601+0530] {subprocess.py:93} INFO - 25/05/15 00:36:04 INFO Executor: Running task 2.0 in stage 1.0 (TID 3)
[2025-05-15T00:36:04.603+0530] {subprocess.py:93} INFO - 25/05/15 00:36:04 INFO Executor: Running task 4.0 in stage 1.0 (TID 5)
[2025-05-15T00:36:04.603+0530] {subprocess.py:93} INFO - 25/05/15 00:36:04 INFO Executor: Running task 5.0 in stage 1.0 (TID 6)
[2025-05-15T00:36:04.607+0530] {subprocess.py:93} INFO - 25/05/15 00:36:04 INFO Executor: Running task 3.0 in stage 1.0 (TID 4)
[2025-05-15T00:36:04.607+0530] {subprocess.py:93} INFO - 25/05/15 00:36:04 INFO Executor: Running task 6.0 in stage 1.0 (TID 7)
[2025-05-15T00:36:04.607+0530] {subprocess.py:93} INFO - 25/05/15 00:36:04 INFO Executor: Running task 7.0 in stage 1.0 (TID 8)
[2025-05-15T00:36:04.723+0530] {subprocess.py:93} INFO - 25/05/15 00:36:04 INFO CodeGenerator: Code generated in 39.109697 ms
[2025-05-15T00:36:04.738+0530] {subprocess.py:93} INFO - 25/05/15 00:36:04 INFO FileScanRDD: Reading File path: file:///home/pranav_shirali/airflow-project/nyc_taxi_extracted.parquet/part-00004-b76e382d-fe10-45eb-9dcc-26d4f13438d7-c000.snappy.parquet, range: 0-4194304, partition values: [empty row]
[2025-05-15T00:36:04.738+0530] {subprocess.py:93} INFO - 25/05/15 00:36:04 INFO FileScanRDD: Reading File path: file:///home/pranav_shirali/airflow-project/nyc_taxi_extracted.parquet/part-00004-b76e382d-fe10-45eb-9dcc-26d4f13438d7-c000.snappy.parquet, range: 20971520-25165824, partition values: [empty row]
[2025-05-15T00:36:04.739+0530] {subprocess.py:93} INFO - 25/05/15 00:36:04 INFO FileScanRDD: Reading File path: file:///home/pranav_shirali/airflow-project/nyc_taxi_extracted.parquet/part-00004-b76e382d-fe10-45eb-9dcc-26d4f13438d7-c000.snappy.parquet, range: 12582912-16777216, partition values: [empty row]
[2025-05-15T00:36:04.739+0530] {subprocess.py:93} INFO - 25/05/15 00:36:04 INFO FileScanRDD: Reading File path: file:///home/pranav_shirali/airflow-project/nyc_taxi_extracted.parquet/part-00000-b76e382d-fe10-45eb-9dcc-26d4f13438d7-c000.snappy.parquet, range: 0-2111, partition values: [empty row]
[2025-05-15T00:36:04.740+0530] {subprocess.py:93} INFO - 25/05/15 00:36:04 INFO FileScanRDD: Reading File path: file:///home/pranav_shirali/airflow-project/nyc_taxi_extracted.parquet/part-00004-b76e382d-fe10-45eb-9dcc-26d4f13438d7-c000.snappy.parquet, range: 25165824-26828538, partition values: [empty row]
[2025-05-15T00:36:04.741+0530] {subprocess.py:93} INFO - 25/05/15 00:36:04 INFO FileScanRDD: Reading File path: file:///home/pranav_shirali/airflow-project/nyc_taxi_extracted.parquet/part-00004-b76e382d-fe10-45eb-9dcc-26d4f13438d7-c000.snappy.parquet, range: 8388608-12582912, partition values: [empty row]
[2025-05-15T00:36:04.741+0530] {subprocess.py:93} INFO - 25/05/15 00:36:04 INFO FileScanRDD: Reading File path: file:///home/pranav_shirali/airflow-project/nyc_taxi_extracted.parquet/part-00004-b76e382d-fe10-45eb-9dcc-26d4f13438d7-c000.snappy.parquet, range: 16777216-20971520, partition values: [empty row]
[2025-05-15T00:36:04.742+0530] {subprocess.py:93} INFO - 25/05/15 00:36:04 INFO FileScanRDD: Reading File path: file:///home/pranav_shirali/airflow-project/nyc_taxi_extracted.parquet/part-00004-b76e382d-fe10-45eb-9dcc-26d4f13438d7-c000.snappy.parquet, range: 4194304-8388608, partition values: [empty row]
[2025-05-15T00:36:04.843+0530] {subprocess.py:93} INFO - 25/05/15 00:36:04 INFO Executor: Finished task 2.0 in stage 1.0 (TID 3). 1911 bytes result sent to driver
[2025-05-15T00:36:04.844+0530] {subprocess.py:93} INFO - 25/05/15 00:36:04 INFO Executor: Finished task 7.0 in stage 1.0 (TID 8). 1868 bytes result sent to driver
[2025-05-15T00:36:04.844+0530] {subprocess.py:93} INFO - 25/05/15 00:36:04 INFO Executor: Finished task 4.0 in stage 1.0 (TID 5). 1868 bytes result sent to driver
[2025-05-15T00:36:04.845+0530] {subprocess.py:93} INFO - 25/05/15 00:36:04 INFO Executor: Finished task 1.0 in stage 1.0 (TID 2). 1911 bytes result sent to driver
[2025-05-15T00:36:04.845+0530] {subprocess.py:93} INFO - 25/05/15 00:36:04 INFO Executor: Finished task 5.0 in stage 1.0 (TID 6). 1911 bytes result sent to driver
[2025-05-15T00:36:04.845+0530] {subprocess.py:93} INFO - 25/05/15 00:36:04 INFO Executor: Finished task 0.0 in stage 1.0 (TID 1). 1868 bytes result sent to driver
[2025-05-15T00:36:04.846+0530] {subprocess.py:93} INFO - 25/05/15 00:36:04 INFO Executor: Finished task 6.0 in stage 1.0 (TID 7). 1911 bytes result sent to driver
[2025-05-15T00:36:04.847+0530] {subprocess.py:93} INFO - 25/05/15 00:36:04 INFO TaskSetManager: Finished task 2.0 in stage 1.0 (TID 3) in 258 ms on 10.255.255.254 (executor driver) (1/8)
[2025-05-15T00:36:04.848+0530] {subprocess.py:93} INFO - 25/05/15 00:36:04 INFO TaskSetManager: Finished task 4.0 in stage 1.0 (TID 5) in 251 ms on 10.255.255.254 (executor driver) (2/8)
[2025-05-15T00:36:04.848+0530] {subprocess.py:93} INFO - 25/05/15 00:36:04 INFO TaskSetManager: Finished task 5.0 in stage 1.0 (TID 6) in 251 ms on 10.255.255.254 (executor driver) (3/8)
[2025-05-15T00:36:04.854+0530] {subprocess.py:93} INFO - 25/05/15 00:36:04 INFO TaskSetManager: Finished task 6.0 in stage 1.0 (TID 7) in 250 ms on 10.255.255.254 (executor driver) (4/8)
[2025-05-15T00:36:04.856+0530] {subprocess.py:93} INFO - 25/05/15 00:36:04 INFO TaskSetManager: Finished task 1.0 in stage 1.0 (TID 2) in 268 ms on 10.255.255.254 (executor driver) (5/8)
[2025-05-15T00:36:04.856+0530] {subprocess.py:93} INFO - 25/05/15 00:36:04 INFO TaskSetManager: Finished task 7.0 in stage 1.0 (TID 8) in 258 ms on 10.255.255.254 (executor driver) (6/8)
[2025-05-15T00:36:04.856+0530] {subprocess.py:93} INFO - 25/05/15 00:36:04 INFO TaskSetManager: Finished task 0.0 in stage 1.0 (TID 1) in 274 ms on 10.255.255.254 (executor driver) (7/8)
[2025-05-15T00:36:04.878+0530] {subprocess.py:93} INFO - 25/05/15 00:36:04 INFO CodecPool: Got brand-new decompressor [.snappy]
[2025-05-15T00:36:06.227+0530] {subprocess.py:93} INFO - 25/05/15 00:36:06 INFO Executor: Finished task 3.0 in stage 1.0 (TID 4). 2040 bytes result sent to driver
[2025-05-15T00:36:06.228+0530] {subprocess.py:93} INFO - 25/05/15 00:36:06 INFO TaskSetManager: Finished task 3.0 in stage 1.0 (TID 4) in 1633 ms on 10.255.255.254 (executor driver) (8/8)
[2025-05-15T00:36:06.228+0530] {subprocess.py:93} INFO - 25/05/15 00:36:06 INFO TaskSchedulerImpl: Removed TaskSet 1.0, whose tasks have all completed, from pool
[2025-05-15T00:36:06.229+0530] {subprocess.py:93} INFO - 25/05/15 00:36:06 INFO DAGScheduler: ShuffleMapStage 1 (parquet at NativeMethodAccessorImpl.java:0) finished in 1.694 s
[2025-05-15T00:36:06.230+0530] {subprocess.py:93} INFO - 25/05/15 00:36:06 INFO DAGScheduler: looking for newly runnable stages
[2025-05-15T00:36:06.230+0530] {subprocess.py:93} INFO - 25/05/15 00:36:06 INFO DAGScheduler: running: Set()
[2025-05-15T00:36:06.230+0530] {subprocess.py:93} INFO - 25/05/15 00:36:06 INFO DAGScheduler: waiting: Set()
[2025-05-15T00:36:06.231+0530] {subprocess.py:93} INFO - 25/05/15 00:36:06 INFO DAGScheduler: failed: Set()
[2025-05-15T00:36:06.243+0530] {subprocess.py:93} INFO - 25/05/15 00:36:06 WARN WindowExec: No Partition Defined for Window operation! Moving all data to a single partition, this can cause serious performance degradation.
[2025-05-15T00:36:06.244+0530] {subprocess.py:93} INFO - 25/05/15 00:36:06 WARN WindowExec: No Partition Defined for Window operation! Moving all data to a single partition, this can cause serious performance degradation.
[2025-05-15T00:36:06.279+0530] {subprocess.py:93} INFO - 25/05/15 00:36:06 INFO ParquetUtils: Using default output committer for Parquet: org.apache.parquet.hadoop.ParquetOutputCommitter
[2025-05-15T00:36:06.291+0530] {subprocess.py:93} INFO - 25/05/15 00:36:06 INFO FileOutputCommitter: File Output Committer Algorithm version is 1
[2025-05-15T00:36:06.291+0530] {subprocess.py:93} INFO - 25/05/15 00:36:06 INFO FileOutputCommitter: FileOutputCommitter skip cleanup _temporary folders under output directory:false, ignore cleanup failures: false
[2025-05-15T00:36:06.292+0530] {subprocess.py:93} INFO - 25/05/15 00:36:06 INFO SQLHadoopMapReduceCommitProtocol: Using user defined output committer class org.apache.parquet.hadoop.ParquetOutputCommitter
[2025-05-15T00:36:06.292+0530] {subprocess.py:93} INFO - 25/05/15 00:36:06 INFO FileOutputCommitter: File Output Committer Algorithm version is 1
[2025-05-15T00:36:06.292+0530] {subprocess.py:93} INFO - 25/05/15 00:36:06 INFO FileOutputCommitter: FileOutputCommitter skip cleanup _temporary folders under output directory:false, ignore cleanup failures: false
[2025-05-15T00:36:06.293+0530] {subprocess.py:93} INFO - 25/05/15 00:36:06 INFO SQLHadoopMapReduceCommitProtocol: Using output committer class org.apache.parquet.hadoop.ParquetOutputCommitter
[2025-05-15T00:36:06.335+0530] {subprocess.py:93} INFO - 25/05/15 00:36:06 INFO CodeGenerator: Code generated in 16.497154 ms
[2025-05-15T00:36:06.358+0530] {subprocess.py:93} INFO - 25/05/15 00:36:06 INFO CodeGenerator: Code generated in 12.602532 ms
[2025-05-15T00:36:06.437+0530] {subprocess.py:93} INFO - 25/05/15 00:36:06 INFO SparkContext: Starting job: parquet at NativeMethodAccessorImpl.java:0
[2025-05-15T00:36:06.439+0530] {subprocess.py:93} INFO - 25/05/15 00:36:06 INFO DAGScheduler: Got job 2 (parquet at NativeMethodAccessorImpl.java:0) with 1 output partitions
[2025-05-15T00:36:06.439+0530] {subprocess.py:93} INFO - 25/05/15 00:36:06 INFO DAGScheduler: Final stage: ResultStage 3 (parquet at NativeMethodAccessorImpl.java:0)
[2025-05-15T00:36:06.439+0530] {subprocess.py:93} INFO - 25/05/15 00:36:06 INFO DAGScheduler: Parents of final stage: List(ShuffleMapStage 2)
[2025-05-15T00:36:06.440+0530] {subprocess.py:93} INFO - 25/05/15 00:36:06 INFO DAGScheduler: Missing parents: List()
[2025-05-15T00:36:06.441+0530] {subprocess.py:93} INFO - 25/05/15 00:36:06 INFO DAGScheduler: Submitting ResultStage 3 (MapPartitionsRDD[10] at parquet at NativeMethodAccessorImpl.java:0), which has no missing parents
[2025-05-15T00:36:06.466+0530] {subprocess.py:93} INFO - 25/05/15 00:36:06 INFO MemoryStore: Block broadcast_3 stored as values in memory (estimated size 250.4 KiB, free 433.9 MiB)
[2025-05-15T00:36:06.471+0530] {subprocess.py:93} INFO - 25/05/15 00:36:06 INFO MemoryStore: Block broadcast_3_piece0 stored as bytes in memory (estimated size 92.3 KiB, free 433.8 MiB)
[2025-05-15T00:36:06.472+0530] {subprocess.py:93} INFO - 25/05/15 00:36:06 INFO BlockManagerInfo: Added broadcast_3_piece0 in memory on 10.255.255.254:46805 (size: 92.3 KiB, free: 434.3 MiB)
[2025-05-15T00:36:06.472+0530] {subprocess.py:93} INFO - 25/05/15 00:36:06 INFO SparkContext: Created broadcast 3 from broadcast at DAGScheduler.scala:1585
[2025-05-15T00:36:06.473+0530] {subprocess.py:93} INFO - 25/05/15 00:36:06 INFO DAGScheduler: Submitting 1 missing tasks from ResultStage 3 (MapPartitionsRDD[10] at parquet at NativeMethodAccessorImpl.java:0) (first 15 tasks are for partitions Vector(0))
[2025-05-15T00:36:06.473+0530] {subprocess.py:93} INFO - 25/05/15 00:36:06 INFO TaskSchedulerImpl: Adding task set 3.0 with 1 tasks resource profile 0
[2025-05-15T00:36:06.478+0530] {subprocess.py:93} INFO - 25/05/15 00:36:06 INFO TaskSetManager: Starting task 0.0 in stage 3.0 (TID 9) (10.255.255.254, executor driver, partition 0, NODE_LOCAL, 8999 bytes)
[2025-05-15T00:36:06.478+0530] {subprocess.py:93} INFO - 25/05/15 00:36:06 INFO Executor: Running task 0.0 in stage 3.0 (TID 9)
[2025-05-15T00:36:06.499+0530] {subprocess.py:93} INFO - 25/05/15 00:36:06 INFO BlockManagerInfo: Removed broadcast_2_piece0 on 10.255.255.254:46805 in memory (size: 10.8 KiB, free: 434.3 MiB)
[2025-05-15T00:36:06.548+0530] {subprocess.py:93} INFO - 25/05/15 00:36:06 INFO ShuffleBlockFetcherIterator: Getting 1 (43.4 MiB) non-empty blocks including 1 (43.4 MiB) local and 0 (0.0 B) host-local and 0 (0.0 B) push-merged-local and 0 (0.0 B) remote blocks
[2025-05-15T00:36:06.549+0530] {subprocess.py:93} INFO - 25/05/15 00:36:06 INFO ShuffleBlockFetcherIterator: Started 0 remote fetches in 7 ms
[2025-05-15T00:36:06.560+0530] {subprocess.py:93} INFO - 25/05/15 00:36:06 INFO CodeGenerator: Code generated in 8.249448 ms
[2025-05-15T00:36:06.585+0530] {subprocess.py:93} INFO - 25/05/15 00:36:06 INFO CodeGenerator: Code generated in 14.968896 ms
[2025-05-15T00:36:06.604+0530] {subprocess.py:93} INFO - 25/05/15 00:36:06 INFO CodeGenerator: Code generated in 7.78402 ms
[2025-05-15T00:36:06.635+0530] {subprocess.py:93} INFO - 25/05/15 00:36:06 INFO CodeGenerator: Code generated in 11.087347 ms
[2025-05-15T00:36:06.642+0530] {subprocess.py:93} INFO - 25/05/15 00:36:06 INFO CodeGenerator: Code generated in 5.059706 ms
[2025-05-15T00:36:07.916+0530] {subprocess.py:93} INFO - 25/05/15 00:36:07 INFO CodeGenerator: Code generated in 6.44093 ms
[2025-05-15T00:36:07.928+0530] {subprocess.py:93} INFO - 25/05/15 00:36:07 INFO CodeGenerator: Code generated in 7.307352 ms
[2025-05-15T00:36:07.940+0530] {subprocess.py:93} INFO - 25/05/15 00:36:07 INFO CodeGenerator: Code generated in 7.464418 ms
[2025-05-15T00:36:07.964+0530] {subprocess.py:93} INFO - 25/05/15 00:36:07 INFO CodeGenerator: Code generated in 21.485319 ms
[2025-05-15T00:36:07.972+0530] {subprocess.py:93} INFO - 25/05/15 00:36:07 INFO FileOutputCommitter: File Output Committer Algorithm version is 1
[2025-05-15T00:36:07.973+0530] {subprocess.py:93} INFO - 25/05/15 00:36:07 INFO FileOutputCommitter: FileOutputCommitter skip cleanup _temporary folders under output directory:false, ignore cleanup failures: false
[2025-05-15T00:36:07.974+0530] {subprocess.py:93} INFO - 25/05/15 00:36:07 INFO SQLHadoopMapReduceCommitProtocol: Using user defined output committer class org.apache.parquet.hadoop.ParquetOutputCommitter
[2025-05-15T00:36:07.974+0530] {subprocess.py:93} INFO - 25/05/15 00:36:07 INFO FileOutputCommitter: File Output Committer Algorithm version is 1
[2025-05-15T00:36:07.974+0530] {subprocess.py:93} INFO - 25/05/15 00:36:07 INFO FileOutputCommitter: FileOutputCommitter skip cleanup _temporary folders under output directory:false, ignore cleanup failures: false
[2025-05-15T00:36:07.974+0530] {subprocess.py:93} INFO - 25/05/15 00:36:07 INFO SQLHadoopMapReduceCommitProtocol: Using output committer class org.apache.parquet.hadoop.ParquetOutputCommitter
[2025-05-15T00:36:07.982+0530] {subprocess.py:93} INFO - 25/05/15 00:36:07 INFO CodecConfig: Compression: SNAPPY
[2025-05-15T00:36:07.986+0530] {subprocess.py:93} INFO - 25/05/15 00:36:07 INFO CodecConfig: Compression: SNAPPY
[2025-05-15T00:36:08.024+0530] {subprocess.py:93} INFO - 25/05/15 00:36:08 INFO ParquetOutputFormat: ParquetRecordWriter [block size: 134217728b, row group padding size: 8388608b, validating: false]
[2025-05-15T00:36:08.036+0530] {subprocess.py:93} INFO - 25/05/15 00:36:08 INFO ParquetWriteSupport: Initialized Parquet WriteSupport with Catalyst schema:
[2025-05-15T00:36:08.036+0530] {subprocess.py:93} INFO - {
[2025-05-15T00:36:08.036+0530] {subprocess.py:93} INFO -   "type" : "struct",
[2025-05-15T00:36:08.037+0530] {subprocess.py:93} INFO -   "fields" : [ {
[2025-05-15T00:36:08.037+0530] {subprocess.py:93} INFO -     "name" : "Trip_id",
[2025-05-15T00:36:08.037+0530] {subprocess.py:93} INFO -     "type" : "integer",
[2025-05-15T00:36:08.037+0530] {subprocess.py:93} INFO -     "nullable" : false,
[2025-05-15T00:36:08.038+0530] {subprocess.py:93} INFO -     "metadata" : { }
[2025-05-15T00:36:08.038+0530] {subprocess.py:93} INFO -   }, {
[2025-05-15T00:36:08.038+0530] {subprocess.py:93} INFO -     "name" : "VendorID",
[2025-05-15T00:36:08.038+0530] {subprocess.py:93} INFO -     "type" : "integer",
[2025-05-15T00:36:08.038+0530] {subprocess.py:93} INFO -     "nullable" : true,
[2025-05-15T00:36:08.039+0530] {subprocess.py:93} INFO -     "metadata" : { }
[2025-05-15T00:36:08.039+0530] {subprocess.py:93} INFO -   }, {
[2025-05-15T00:36:08.039+0530] {subprocess.py:93} INFO -     "name" : "tpep_pickup_datetime",
[2025-05-15T00:36:08.039+0530] {subprocess.py:93} INFO -     "type" : "string",
[2025-05-15T00:36:08.039+0530] {subprocess.py:93} INFO -     "nullable" : true,
[2025-05-15T00:36:08.039+0530] {subprocess.py:93} INFO -     "metadata" : { }
[2025-05-15T00:36:08.039+0530] {subprocess.py:93} INFO -   }, {
[2025-05-15T00:36:08.040+0530] {subprocess.py:93} INFO -     "name" : "tpep_dropoff_datetime",
[2025-05-15T00:36:08.040+0530] {subprocess.py:93} INFO -     "type" : "string",
[2025-05-15T00:36:08.040+0530] {subprocess.py:93} INFO -     "nullable" : true,
[2025-05-15T00:36:08.040+0530] {subprocess.py:93} INFO -     "metadata" : { }
[2025-05-15T00:36:08.040+0530] {subprocess.py:93} INFO -   }, {
[2025-05-15T00:36:08.040+0530] {subprocess.py:93} INFO -     "name" : "passenger_count",
[2025-05-15T00:36:08.040+0530] {subprocess.py:93} INFO -     "type" : "integer",
[2025-05-15T00:36:08.040+0530] {subprocess.py:93} INFO -     "nullable" : true,
[2025-05-15T00:36:08.040+0530] {subprocess.py:93} INFO -     "metadata" : { }
[2025-05-15T00:36:08.041+0530] {subprocess.py:93} INFO -   }, {
[2025-05-15T00:36:08.041+0530] {subprocess.py:93} INFO -     "name" : "trip_distance",
[2025-05-15T00:36:08.041+0530] {subprocess.py:93} INFO -     "type" : "double",
[2025-05-15T00:36:08.041+0530] {subprocess.py:93} INFO -     "nullable" : true,
[2025-05-15T00:36:08.041+0530] {subprocess.py:93} INFO -     "metadata" : { }
[2025-05-15T00:36:08.041+0530] {subprocess.py:93} INFO -   }, {
[2025-05-15T00:36:08.041+0530] {subprocess.py:93} INFO -     "name" : "RatecodeID",
[2025-05-15T00:36:08.041+0530] {subprocess.py:93} INFO -     "type" : "integer",
[2025-05-15T00:36:08.041+0530] {subprocess.py:93} INFO -     "nullable" : true,
[2025-05-15T00:36:08.041+0530] {subprocess.py:93} INFO -     "metadata" : { }
[2025-05-15T00:36:08.041+0530] {subprocess.py:93} INFO -   }, {
[2025-05-15T00:36:08.041+0530] {subprocess.py:93} INFO -     "name" : "store_and_fwd_flag",
[2025-05-15T00:36:08.041+0530] {subprocess.py:93} INFO -     "type" : "string",
[2025-05-15T00:36:08.042+0530] {subprocess.py:93} INFO -     "nullable" : true,
[2025-05-15T00:36:08.042+0530] {subprocess.py:93} INFO -     "metadata" : { }
[2025-05-15T00:36:08.042+0530] {subprocess.py:93} INFO -   }, {
[2025-05-15T00:36:08.042+0530] {subprocess.py:93} INFO -     "name" : "PULocationID",
[2025-05-15T00:36:08.042+0530] {subprocess.py:93} INFO -     "type" : "long",
[2025-05-15T00:36:08.042+0530] {subprocess.py:93} INFO -     "nullable" : true,
[2025-05-15T00:36:08.042+0530] {subprocess.py:93} INFO -     "metadata" : { }
[2025-05-15T00:36:08.042+0530] {subprocess.py:93} INFO -   }, {
[2025-05-15T00:36:08.042+0530] {subprocess.py:93} INFO -     "name" : "DOLocationID",
[2025-05-15T00:36:08.042+0530] {subprocess.py:93} INFO -     "type" : "long",
[2025-05-15T00:36:08.042+0530] {subprocess.py:93} INFO -     "nullable" : true,
[2025-05-15T00:36:08.043+0530] {subprocess.py:93} INFO -     "metadata" : { }
[2025-05-15T00:36:08.043+0530] {subprocess.py:93} INFO -   }, {
[2025-05-15T00:36:08.043+0530] {subprocess.py:93} INFO -     "name" : "Month",
[2025-05-15T00:36:08.043+0530] {subprocess.py:93} INFO -     "type" : "integer",
[2025-05-15T00:36:08.043+0530] {subprocess.py:93} INFO -     "nullable" : true,
[2025-05-15T00:36:08.043+0530] {subprocess.py:93} INFO -     "metadata" : { }
[2025-05-15T00:36:08.043+0530] {subprocess.py:93} INFO -   }, {
[2025-05-15T00:36:08.043+0530] {subprocess.py:93} INFO -     "name" : "Distance_Length",
[2025-05-15T00:36:08.043+0530] {subprocess.py:93} INFO -     "type" : "string",
[2025-05-15T00:36:08.044+0530] {subprocess.py:93} INFO -     "nullable" : false,
[2025-05-15T00:36:08.044+0530] {subprocess.py:93} INFO -     "metadata" : { }
[2025-05-15T00:36:08.044+0530] {subprocess.py:93} INFO -   }, {
[2025-05-15T00:36:08.044+0530] {subprocess.py:93} INFO -     "name" : "Car_utilization",
[2025-05-15T00:36:08.044+0530] {subprocess.py:93} INFO -     "type" : "string",
[2025-05-15T00:36:08.044+0530] {subprocess.py:93} INFO -     "nullable" : false,
[2025-05-15T00:36:08.044+0530] {subprocess.py:93} INFO -     "metadata" : { }
[2025-05-15T00:36:08.044+0530] {subprocess.py:93} INFO -   } ]
[2025-05-15T00:36:08.044+0530] {subprocess.py:93} INFO - }
[2025-05-15T00:36:08.044+0530] {subprocess.py:93} INFO - and corresponding Parquet message type:
[2025-05-15T00:36:08.044+0530] {subprocess.py:93} INFO - message spark_schema {
[2025-05-15T00:36:08.045+0530] {subprocess.py:93} INFO -   required int32 Trip_id;
[2025-05-15T00:36:08.045+0530] {subprocess.py:93} INFO -   optional int32 VendorID;
[2025-05-15T00:36:08.045+0530] {subprocess.py:93} INFO -   optional binary tpep_pickup_datetime (STRING);
[2025-05-15T00:36:08.045+0530] {subprocess.py:93} INFO -   optional binary tpep_dropoff_datetime (STRING);
[2025-05-15T00:36:08.045+0530] {subprocess.py:93} INFO -   optional int32 passenger_count;
[2025-05-15T00:36:08.045+0530] {subprocess.py:93} INFO -   optional double trip_distance;
[2025-05-15T00:36:08.045+0530] {subprocess.py:93} INFO -   optional int32 RatecodeID;
[2025-05-15T00:36:08.045+0530] {subprocess.py:93} INFO -   optional binary store_and_fwd_flag (STRING);
[2025-05-15T00:36:08.046+0530] {subprocess.py:93} INFO -   optional int64 PULocationID;
[2025-05-15T00:36:08.046+0530] {subprocess.py:93} INFO -   optional int64 DOLocationID;
[2025-05-15T00:36:08.046+0530] {subprocess.py:93} INFO -   optional int32 Month;
[2025-05-15T00:36:08.046+0530] {subprocess.py:93} INFO -   required binary Distance_Length (STRING);
[2025-05-15T00:36:08.046+0530] {subprocess.py:93} INFO -   required binary Car_utilization (STRING);
[2025-05-15T00:36:08.046+0530] {subprocess.py:93} INFO - }
[2025-05-15T00:36:08.046+0530] {subprocess.py:93} INFO - 
[2025-05-15T00:36:08.046+0530] {subprocess.py:93} INFO - 
[2025-05-15T00:36:08.072+0530] {subprocess.py:93} INFO - 25/05/15 00:36:08 INFO CodecPool: Got brand-new compressor [.snappy]
[2025-05-15T00:36:08.219+0530] {subprocess.py:93} INFO - 25/05/15 00:36:08 INFO ExternalAppendOnlyUnsafeRowArray: Reached spill threshold of 4096 rows, switching to org.apache.spark.util.collection.unsafe.sort.UnsafeExternalSorter
[2025-05-15T00:36:12.384+0530] {subprocess.py:93} INFO - 25/05/15 00:36:12 INFO FileOutputCommitter: Saved output of task 'attempt_202505150036061183258907876445685_0003_m_000000_9' to file:/home/pranav_shirali/airflow-project/nyc_taxi_trip.parquet/_temporary/0/task_202505150036061183258907876445685_0003_m_000000
[2025-05-15T00:36:12.385+0530] {subprocess.py:93} INFO - 25/05/15 00:36:12 INFO SparkHadoopMapRedUtil: attempt_202505150036061183258907876445685_0003_m_000000_9: Committed. Elapsed time: 1 ms.
[2025-05-15T00:36:12.406+0530] {subprocess.py:93} INFO - 25/05/15 00:36:12 INFO Executor: Finished task 0.0 in stage 3.0 (TID 9). 5915 bytes result sent to driver
[2025-05-15T00:36:12.410+0530] {subprocess.py:93} INFO - 25/05/15 00:36:12 INFO TaskSetManager: Finished task 0.0 in stage 3.0 (TID 9) in 5934 ms on 10.255.255.254 (executor driver) (1/1)
[2025-05-15T00:36:12.410+0530] {subprocess.py:93} INFO - 25/05/15 00:36:12 INFO TaskSchedulerImpl: Removed TaskSet 3.0, whose tasks have all completed, from pool
[2025-05-15T00:36:12.411+0530] {subprocess.py:93} INFO - 25/05/15 00:36:12 INFO DAGScheduler: ResultStage 3 (parquet at NativeMethodAccessorImpl.java:0) finished in 5.966 s
[2025-05-15T00:36:12.412+0530] {subprocess.py:93} INFO - 25/05/15 00:36:12 INFO DAGScheduler: Job 2 is finished. Cancelling potential speculative or zombie tasks for this job
[2025-05-15T00:36:12.412+0530] {subprocess.py:93} INFO - 25/05/15 00:36:12 INFO TaskSchedulerImpl: Killing all running tasks in stage 3: Stage finished
[2025-05-15T00:36:12.413+0530] {subprocess.py:93} INFO - 25/05/15 00:36:12 INFO DAGScheduler: Job 2 finished: parquet at NativeMethodAccessorImpl.java:0, took 5.975580 s
[2025-05-15T00:36:12.430+0530] {subprocess.py:93} INFO - 25/05/15 00:36:12 INFO FileFormatWriter: Start to commit write Job 25f756eb-78c3-4b6f-9666-d768fe077fe5.
[2025-05-15T00:36:12.473+0530] {subprocess.py:93} INFO - 25/05/15 00:36:12 INFO FileFormatWriter: Write Job 25f756eb-78c3-4b6f-9666-d768fe077fe5 committed. Elapsed time: 41 ms.
[2025-05-15T00:36:12.480+0530] {subprocess.py:93} INFO - 25/05/15 00:36:12 INFO FileFormatWriter: Finished processing stats for write job 25f756eb-78c3-4b6f-9666-d768fe077fe5.
[2025-05-15T00:36:12.540+0530] {subprocess.py:93} INFO - 25/05/15 00:36:12 INFO FileSourceStrategy: Pushed Filters:
[2025-05-15T00:36:12.541+0530] {subprocess.py:93} INFO - 25/05/15 00:36:12 INFO FileSourceStrategy: Post-Scan Filters:
[2025-05-15T00:36:12.542+0530] {subprocess.py:93} INFO - 25/05/15 00:36:12 WARN WindowExec: No Partition Defined for Window operation! Moving all data to a single partition, this can cause serious performance degradation.
[2025-05-15T00:36:12.544+0530] {subprocess.py:93} INFO - 25/05/15 00:36:12 WARN WindowExec: No Partition Defined for Window operation! Moving all data to a single partition, this can cause serious performance degradation.
[2025-05-15T00:36:12.547+0530] {subprocess.py:93} INFO - 25/05/15 00:36:12 WARN WindowExec: No Partition Defined for Window operation! Moving all data to a single partition, this can cause serious performance degradation.
[2025-05-15T00:36:12.592+0530] {subprocess.py:93} INFO - 25/05/15 00:36:12 INFO CodeGenerator: Code generated in 20.702674 ms
[2025-05-15T00:36:12.605+0530] {subprocess.py:93} INFO - 25/05/15 00:36:12 INFO MemoryStore: Block broadcast_4 stored as values in memory (estimated size 202.3 KiB, free 433.6 MiB)
[2025-05-15T00:36:12.631+0530] {subprocess.py:93} INFO - 25/05/15 00:36:12 INFO MemoryStore: Block broadcast_4_piece0 stored as bytes in memory (estimated size 35.2 KiB, free 433.6 MiB)
[2025-05-15T00:36:12.632+0530] {subprocess.py:93} INFO - 25/05/15 00:36:12 INFO BlockManagerInfo: Added broadcast_4_piece0 in memory on 10.255.255.254:46805 (size: 35.2 KiB, free: 434.2 MiB)
[2025-05-15T00:36:12.633+0530] {subprocess.py:93} INFO - 25/05/15 00:36:12 INFO SparkContext: Created broadcast 4 from parquet at NativeMethodAccessorImpl.java:0
[2025-05-15T00:36:12.645+0530] {subprocess.py:93} INFO - 25/05/15 00:36:12 INFO FileSourceScanExec: Planning scan with bin packing, max size: 4194304 bytes, open cost is considered as scanning 4194304 bytes.
[2025-05-15T00:36:12.665+0530] {subprocess.py:93} INFO - 25/05/15 00:36:12 INFO DAGScheduler: Registering RDD 14 (parquet at NativeMethodAccessorImpl.java:0) as input to shuffle 1
[2025-05-15T00:36:12.666+0530] {subprocess.py:93} INFO - 25/05/15 00:36:12 INFO DAGScheduler: Got map stage job 3 (parquet at NativeMethodAccessorImpl.java:0) with 8 output partitions
[2025-05-15T00:36:12.666+0530] {subprocess.py:93} INFO - 25/05/15 00:36:12 INFO DAGScheduler: Final stage: ShuffleMapStage 4 (parquet at NativeMethodAccessorImpl.java:0)
[2025-05-15T00:36:12.666+0530] {subprocess.py:93} INFO - 25/05/15 00:36:12 INFO DAGScheduler: Parents of final stage: List()
[2025-05-15T00:36:12.668+0530] {subprocess.py:93} INFO - 25/05/15 00:36:12 INFO DAGScheduler: Missing parents: List()
[2025-05-15T00:36:12.687+0530] {subprocess.py:93} INFO - 25/05/15 00:36:12 INFO DAGScheduler: Submitting ShuffleMapStage 4 (MapPartitionsRDD[14] at parquet at NativeMethodAccessorImpl.java:0), which has no missing parents
[2025-05-15T00:36:12.691+0530] {subprocess.py:93} INFO - 25/05/15 00:36:12 INFO BlockManagerInfo: Removed broadcast_3_piece0 on 10.255.255.254:46805 in memory (size: 92.3 KiB, free: 434.3 MiB)
[2025-05-15T00:36:12.697+0530] {subprocess.py:93} INFO - 25/05/15 00:36:12 INFO MemoryStore: Block broadcast_5 stored as values in memory (estimated size 24.5 KiB, free 433.9 MiB)
[2025-05-15T00:36:12.699+0530] {subprocess.py:93} INFO - 25/05/15 00:36:12 INFO MemoryStore: Block broadcast_5_piece0 stored as bytes in memory (estimated size 9.2 KiB, free 433.9 MiB)
[2025-05-15T00:36:12.700+0530] {subprocess.py:93} INFO - 25/05/15 00:36:12 INFO BlockManagerInfo: Added broadcast_5_piece0 in memory on 10.255.255.254:46805 (size: 9.2 KiB, free: 434.3 MiB)
[2025-05-15T00:36:12.700+0530] {subprocess.py:93} INFO - 25/05/15 00:36:12 INFO SparkContext: Created broadcast 5 from broadcast at DAGScheduler.scala:1585
[2025-05-15T00:36:12.701+0530] {subprocess.py:93} INFO - 25/05/15 00:36:12 INFO DAGScheduler: Submitting 8 missing tasks from ShuffleMapStage 4 (MapPartitionsRDD[14] at parquet at NativeMethodAccessorImpl.java:0) (first 15 tasks are for partitions Vector(0, 1, 2, 3, 4, 5, 6, 7))
[2025-05-15T00:36:12.702+0530] {subprocess.py:93} INFO - 25/05/15 00:36:12 INFO TaskSchedulerImpl: Adding task set 4.0 with 8 tasks resource profile 0
[2025-05-15T00:36:12.708+0530] {subprocess.py:93} INFO - 25/05/15 00:36:12 INFO TaskSetManager: Starting task 0.0 in stage 4.0 (TID 10) (10.255.255.254, executor driver, partition 0, PROCESS_LOCAL, 9689 bytes)
[2025-05-15T00:36:12.709+0530] {subprocess.py:93} INFO - 25/05/15 00:36:12 INFO TaskSetManager: Starting task 1.0 in stage 4.0 (TID 11) (10.255.255.254, executor driver, partition 1, PROCESS_LOCAL, 9689 bytes)
[2025-05-15T00:36:12.711+0530] {subprocess.py:93} INFO - 25/05/15 00:36:12 INFO TaskSetManager: Starting task 2.0 in stage 4.0 (TID 12) (10.255.255.254, executor driver, partition 2, PROCESS_LOCAL, 9689 bytes)
[2025-05-15T00:36:12.711+0530] {subprocess.py:93} INFO - 25/05/15 00:36:12 INFO TaskSetManager: Starting task 3.0 in stage 4.0 (TID 13) (10.255.255.254, executor driver, partition 3, PROCESS_LOCAL, 9689 bytes)
[2025-05-15T00:36:12.712+0530] {subprocess.py:93} INFO - 25/05/15 00:36:12 INFO TaskSetManager: Starting task 4.0 in stage 4.0 (TID 14) (10.255.255.254, executor driver, partition 4, PROCESS_LOCAL, 9689 bytes)
[2025-05-15T00:36:12.713+0530] {subprocess.py:93} INFO - 25/05/15 00:36:12 INFO TaskSetManager: Starting task 5.0 in stage 4.0 (TID 15) (10.255.255.254, executor driver, partition 5, PROCESS_LOCAL, 9689 bytes)
[2025-05-15T00:36:12.713+0530] {subprocess.py:93} INFO - 25/05/15 00:36:12 INFO TaskSetManager: Starting task 6.0 in stage 4.0 (TID 16) (10.255.255.254, executor driver, partition 6, PROCESS_LOCAL, 9689 bytes)
[2025-05-15T00:36:12.714+0530] {subprocess.py:93} INFO - 25/05/15 00:36:12 INFO TaskSetManager: Starting task 7.0 in stage 4.0 (TID 17) (10.255.255.254, executor driver, partition 7, PROCESS_LOCAL, 9689 bytes)
[2025-05-15T00:36:12.715+0530] {subprocess.py:93} INFO - 25/05/15 00:36:12 INFO Executor: Running task 1.0 in stage 4.0 (TID 11)
[2025-05-15T00:36:12.715+0530] {subprocess.py:93} INFO - 25/05/15 00:36:12 INFO Executor: Running task 2.0 in stage 4.0 (TID 12)
[2025-05-15T00:36:12.716+0530] {subprocess.py:93} INFO - 25/05/15 00:36:12 INFO Executor: Running task 4.0 in stage 4.0 (TID 14)
[2025-05-15T00:36:12.716+0530] {subprocess.py:93} INFO - 25/05/15 00:36:12 INFO Executor: Running task 3.0 in stage 4.0 (TID 13)
[2025-05-15T00:36:12.716+0530] {subprocess.py:93} INFO - 25/05/15 00:36:12 INFO Executor: Running task 5.0 in stage 4.0 (TID 15)
[2025-05-15T00:36:12.716+0530] {subprocess.py:93} INFO - 25/05/15 00:36:12 INFO Executor: Running task 7.0 in stage 4.0 (TID 17)
[2025-05-15T00:36:12.716+0530] {subprocess.py:93} INFO - 25/05/15 00:36:12 INFO Executor: Running task 0.0 in stage 4.0 (TID 10)
[2025-05-15T00:36:12.717+0530] {subprocess.py:93} INFO - 25/05/15 00:36:12 INFO Executor: Running task 6.0 in stage 4.0 (TID 16)
[2025-05-15T00:36:12.750+0530] {subprocess.py:93} INFO - 25/05/15 00:36:12 INFO CodeGenerator: Code generated in 27.391487 ms
[2025-05-15T00:36:12.752+0530] {subprocess.py:93} INFO - 25/05/15 00:36:12 INFO FileScanRDD: Reading File path: file:///home/pranav_shirali/airflow-project/nyc_taxi_extracted.parquet/part-00004-b76e382d-fe10-45eb-9dcc-26d4f13438d7-c000.snappy.parquet, range: 12582912-16777216, partition values: [empty row]
[2025-05-15T00:36:12.753+0530] {subprocess.py:93} INFO - 25/05/15 00:36:12 INFO FileScanRDD: Reading File path: file:///home/pranav_shirali/airflow-project/nyc_taxi_extracted.parquet/part-00004-b76e382d-fe10-45eb-9dcc-26d4f13438d7-c000.snappy.parquet, range: 4194304-8388608, partition values: [empty row]
[2025-05-15T00:36:12.753+0530] {subprocess.py:93} INFO - 25/05/15 00:36:12 INFO FileScanRDD: Reading File path: file:///home/pranav_shirali/airflow-project/nyc_taxi_extracted.parquet/part-00004-b76e382d-fe10-45eb-9dcc-26d4f13438d7-c000.snappy.parquet, range: 0-4194304, partition values: [empty row]
[2025-05-15T00:36:12.754+0530] {subprocess.py:93} INFO - 25/05/15 00:36:12 INFO FileScanRDD: Reading File path: file:///home/pranav_shirali/airflow-project/nyc_taxi_extracted.parquet/part-00004-b76e382d-fe10-45eb-9dcc-26d4f13438d7-c000.snappy.parquet, range: 25165824-26828538, partition values: [empty row]
[2025-05-15T00:36:12.754+0530] {subprocess.py:93} INFO - 25/05/15 00:36:12 INFO FileScanRDD: Reading File path: file:///home/pranav_shirali/airflow-project/nyc_taxi_extracted.parquet/part-00000-b76e382d-fe10-45eb-9dcc-26d4f13438d7-c000.snappy.parquet, range: 0-2111, partition values: [empty row]
[2025-05-15T00:36:12.755+0530] {subprocess.py:93} INFO - 25/05/15 00:36:12 INFO FileScanRDD: Reading File path: file:///home/pranav_shirali/airflow-project/nyc_taxi_extracted.parquet/part-00004-b76e382d-fe10-45eb-9dcc-26d4f13438d7-c000.snappy.parquet, range: 16777216-20971520, partition values: [empty row]
[2025-05-15T00:36:12.755+0530] {subprocess.py:93} INFO - 25/05/15 00:36:12 INFO FileScanRDD: Reading File path: file:///home/pranav_shirali/airflow-project/nyc_taxi_extracted.parquet/part-00004-b76e382d-fe10-45eb-9dcc-26d4f13438d7-c000.snappy.parquet, range: 20971520-25165824, partition values: [empty row]
[2025-05-15T00:36:12.757+0530] {subprocess.py:93} INFO - 25/05/15 00:36:12 INFO FileScanRDD: Reading File path: file:///home/pranav_shirali/airflow-project/nyc_taxi_extracted.parquet/part-00004-b76e382d-fe10-45eb-9dcc-26d4f13438d7-c000.snappy.parquet, range: 8388608-12582912, partition values: [empty row]
[2025-05-15T00:36:12.775+0530] {subprocess.py:93} INFO - 25/05/15 00:36:12 INFO Executor: Finished task 0.0 in stage 4.0 (TID 10). 1911 bytes result sent to driver
[2025-05-15T00:36:12.776+0530] {subprocess.py:93} INFO - 25/05/15 00:36:12 INFO Executor: Finished task 6.0 in stage 4.0 (TID 16). 1911 bytes result sent to driver
[2025-05-15T00:36:12.779+0530] {subprocess.py:93} INFO - 25/05/15 00:36:12 INFO TaskSetManager: Finished task 0.0 in stage 4.0 (TID 10) in 71 ms on 10.255.255.254 (executor driver) (1/8)
[2025-05-15T00:36:12.780+0530] {subprocess.py:93} INFO - 25/05/15 00:36:12 INFO Executor: Finished task 1.0 in stage 4.0 (TID 11). 1868 bytes result sent to driver
[2025-05-15T00:36:12.781+0530] {subprocess.py:93} INFO - 25/05/15 00:36:12 INFO Executor: Finished task 7.0 in stage 4.0 (TID 17). 1868 bytes result sent to driver
[2025-05-15T00:36:12.783+0530] {subprocess.py:93} INFO - 25/05/15 00:36:12 INFO Executor: Finished task 2.0 in stage 4.0 (TID 12). 1868 bytes result sent to driver
[2025-05-15T00:36:12.783+0530] {subprocess.py:93} INFO - 25/05/15 00:36:12 INFO Executor: Finished task 5.0 in stage 4.0 (TID 15). 1868 bytes result sent to driver
[2025-05-15T00:36:12.784+0530] {subprocess.py:93} INFO - 25/05/15 00:36:12 INFO TaskSetManager: Finished task 1.0 in stage 4.0 (TID 11) in 76 ms on 10.255.255.254 (executor driver) (2/8)
[2025-05-15T00:36:12.786+0530] {subprocess.py:93} INFO - 25/05/15 00:36:12 INFO TaskSetManager: Finished task 7.0 in stage 4.0 (TID 17) in 73 ms on 10.255.255.254 (executor driver) (3/8)
[2025-05-15T00:36:12.787+0530] {subprocess.py:93} INFO - 25/05/15 00:36:12 INFO Executor: Finished task 4.0 in stage 4.0 (TID 14). 1868 bytes result sent to driver
[2025-05-15T00:36:12.787+0530] {subprocess.py:93} INFO - 25/05/15 00:36:12 INFO TaskSetManager: Finished task 2.0 in stage 4.0 (TID 12) in 77 ms on 10.255.255.254 (executor driver) (4/8)
[2025-05-15T00:36:12.787+0530] {subprocess.py:93} INFO - 25/05/15 00:36:12 INFO TaskSetManager: Finished task 5.0 in stage 4.0 (TID 15) in 75 ms on 10.255.255.254 (executor driver) (5/8)
[2025-05-15T00:36:12.789+0530] {subprocess.py:93} INFO - 25/05/15 00:36:12 INFO TaskSetManager: Finished task 4.0 in stage 4.0 (TID 14) in 77 ms on 10.255.255.254 (executor driver) (6/8)
[2025-05-15T00:36:12.790+0530] {subprocess.py:93} INFO - 25/05/15 00:36:12 INFO TaskSetManager: Finished task 6.0 in stage 4.0 (TID 16) in 76 ms on 10.255.255.254 (executor driver) (7/8)
[2025-05-15T00:36:12.823+0530] {subprocess.py:93} INFO - 25/05/15 00:36:12 INFO BlockManagerInfo: Removed broadcast_1_piece0 on 10.255.255.254:46805 in memory (size: 35.3 KiB, free: 434.4 MiB)
[2025-05-15T00:36:13.422+0530] {subprocess.py:93} INFO - 25/05/15 00:36:13 INFO Executor: Finished task 3.0 in stage 4.0 (TID 13). 2083 bytes result sent to driver
[2025-05-15T00:36:13.424+0530] {subprocess.py:93} INFO - 25/05/15 00:36:13 INFO TaskSetManager: Finished task 3.0 in stage 4.0 (TID 13) in 713 ms on 10.255.255.254 (executor driver) (8/8)
[2025-05-15T00:36:13.424+0530] {subprocess.py:93} INFO - 25/05/15 00:36:13 INFO TaskSchedulerImpl: Removed TaskSet 4.0, whose tasks have all completed, from pool
[2025-05-15T00:36:13.425+0530] {subprocess.py:93} INFO - 25/05/15 00:36:13 INFO DAGScheduler: ShuffleMapStage 4 (parquet at NativeMethodAccessorImpl.java:0) finished in 0.733 s
[2025-05-15T00:36:13.425+0530] {subprocess.py:93} INFO - 25/05/15 00:36:13 INFO DAGScheduler: looking for newly runnable stages
[2025-05-15T00:36:13.425+0530] {subprocess.py:93} INFO - 25/05/15 00:36:13 INFO DAGScheduler: running: Set()
[2025-05-15T00:36:13.425+0530] {subprocess.py:93} INFO - 25/05/15 00:36:13 INFO DAGScheduler: waiting: Set()
[2025-05-15T00:36:13.426+0530] {subprocess.py:93} INFO - 25/05/15 00:36:13 INFO DAGScheduler: failed: Set()
[2025-05-15T00:36:13.430+0530] {subprocess.py:93} INFO - 25/05/15 00:36:13 WARN WindowExec: No Partition Defined for Window operation! Moving all data to a single partition, this can cause serious performance degradation.
[2025-05-15T00:36:13.431+0530] {subprocess.py:93} INFO - 25/05/15 00:36:13 WARN WindowExec: No Partition Defined for Window operation! Moving all data to a single partition, this can cause serious performance degradation.
[2025-05-15T00:36:13.454+0530] {subprocess.py:93} INFO - 25/05/15 00:36:13 INFO ParquetUtils: Using default output committer for Parquet: org.apache.parquet.hadoop.ParquetOutputCommitter
[2025-05-15T00:36:13.456+0530] {subprocess.py:93} INFO - 25/05/15 00:36:13 INFO FileOutputCommitter: File Output Committer Algorithm version is 1
[2025-05-15T00:36:13.456+0530] {subprocess.py:93} INFO - 25/05/15 00:36:13 INFO FileOutputCommitter: FileOutputCommitter skip cleanup _temporary folders under output directory:false, ignore cleanup failures: false
[2025-05-15T00:36:13.457+0530] {subprocess.py:93} INFO - 25/05/15 00:36:13 INFO SQLHadoopMapReduceCommitProtocol: Using user defined output committer class org.apache.parquet.hadoop.ParquetOutputCommitter
[2025-05-15T00:36:13.457+0530] {subprocess.py:93} INFO - 25/05/15 00:36:13 INFO FileOutputCommitter: File Output Committer Algorithm version is 1
[2025-05-15T00:36:13.457+0530] {subprocess.py:93} INFO - 25/05/15 00:36:13 INFO FileOutputCommitter: FileOutputCommitter skip cleanup _temporary folders under output directory:false, ignore cleanup failures: false
[2025-05-15T00:36:13.457+0530] {subprocess.py:93} INFO - 25/05/15 00:36:13 INFO SQLHadoopMapReduceCommitProtocol: Using output committer class org.apache.parquet.hadoop.ParquetOutputCommitter
[2025-05-15T00:36:13.478+0530] {subprocess.py:93} INFO - 25/05/15 00:36:13 INFO CodeGenerator: Code generated in 6.995155 ms
[2025-05-15T00:36:13.495+0530] {subprocess.py:93} INFO - 25/05/15 00:36:13 INFO SparkContext: Starting job: parquet at NativeMethodAccessorImpl.java:0
[2025-05-15T00:36:13.496+0530] {subprocess.py:93} INFO - 25/05/15 00:36:13 INFO DAGScheduler: Got job 4 (parquet at NativeMethodAccessorImpl.java:0) with 1 output partitions
[2025-05-15T00:36:13.497+0530] {subprocess.py:93} INFO - 25/05/15 00:36:13 INFO DAGScheduler: Final stage: ResultStage 6 (parquet at NativeMethodAccessorImpl.java:0)
[2025-05-15T00:36:13.497+0530] {subprocess.py:93} INFO - 25/05/15 00:36:13 INFO DAGScheduler: Parents of final stage: List(ShuffleMapStage 5)
[2025-05-15T00:36:13.498+0530] {subprocess.py:93} INFO - 25/05/15 00:36:13 INFO DAGScheduler: Missing parents: List()
[2025-05-15T00:36:13.499+0530] {subprocess.py:93} INFO - 25/05/15 00:36:13 INFO DAGScheduler: Submitting ResultStage 6 (MapPartitionsRDD[19] at parquet at NativeMethodAccessorImpl.java:0), which has no missing parents
[2025-05-15T00:36:13.518+0530] {subprocess.py:93} INFO - 25/05/15 00:36:13 INFO MemoryStore: Block broadcast_6 stored as values in memory (estimated size 245.7 KiB, free 433.9 MiB)
[2025-05-15T00:36:13.525+0530] {subprocess.py:93} INFO - 25/05/15 00:36:13 INFO MemoryStore: Block broadcast_6_piece0 stored as bytes in memory (estimated size 90.4 KiB, free 433.8 MiB)
[2025-05-15T00:36:13.525+0530] {subprocess.py:93} INFO - 25/05/15 00:36:13 INFO BlockManagerInfo: Removed broadcast_5_piece0 on 10.255.255.254:46805 in memory (size: 9.2 KiB, free: 434.4 MiB)
[2025-05-15T00:36:13.527+0530] {subprocess.py:93} INFO - 25/05/15 00:36:13 INFO BlockManagerInfo: Added broadcast_6_piece0 in memory on 10.255.255.254:46805 (size: 90.4 KiB, free: 434.3 MiB)
[2025-05-15T00:36:13.527+0530] {subprocess.py:93} INFO - 25/05/15 00:36:13 INFO SparkContext: Created broadcast 6 from broadcast at DAGScheduler.scala:1585
[2025-05-15T00:36:13.527+0530] {subprocess.py:93} INFO - 25/05/15 00:36:13 INFO DAGScheduler: Submitting 1 missing tasks from ResultStage 6 (MapPartitionsRDD[19] at parquet at NativeMethodAccessorImpl.java:0) (first 15 tasks are for partitions Vector(0))
[2025-05-15T00:36:13.527+0530] {subprocess.py:93} INFO - 25/05/15 00:36:13 INFO TaskSchedulerImpl: Adding task set 6.0 with 1 tasks resource profile 0
[2025-05-15T00:36:13.528+0530] {subprocess.py:93} INFO - 25/05/15 00:36:13 INFO TaskSetManager: Starting task 0.0 in stage 6.0 (TID 18) (10.255.255.254, executor driver, partition 0, NODE_LOCAL, 8999 bytes)
[2025-05-15T00:36:13.529+0530] {subprocess.py:93} INFO - 25/05/15 00:36:13 INFO Executor: Running task 0.0 in stage 6.0 (TID 18)
[2025-05-15T00:36:13.555+0530] {subprocess.py:93} INFO - 25/05/15 00:36:13 INFO ShuffleBlockFetcherIterator: Getting 1 (39.4 MiB) non-empty blocks including 1 (39.4 MiB) local and 0 (0.0 B) host-local and 0 (0.0 B) push-merged-local and 0 (0.0 B) remote blocks
[2025-05-15T00:36:13.556+0530] {subprocess.py:93} INFO - 25/05/15 00:36:13 INFO ShuffleBlockFetcherIterator: Started 0 remote fetches in 1 ms
[2025-05-15T00:36:13.577+0530] {subprocess.py:93} INFO - 25/05/15 00:36:13 INFO CodeGenerator: Code generated in 9.534 ms
[2025-05-15T00:36:14.333+0530] {subprocess.py:93} INFO - 25/05/15 00:36:14 INFO CodeGenerator: Code generated in 6.737957 ms
[2025-05-15T00:36:14.343+0530] {subprocess.py:93} INFO - 25/05/15 00:36:14 INFO CodeGenerator: Code generated in 5.501835 ms
[2025-05-15T00:36:14.351+0530] {subprocess.py:93} INFO - 25/05/15 00:36:14 INFO CodeGenerator: Code generated in 5.483069 ms
[2025-05-15T00:36:14.362+0530] {subprocess.py:93} INFO - 25/05/15 00:36:14 INFO CodeGenerator: Code generated in 8.897027 ms
[2025-05-15T00:36:14.364+0530] {subprocess.py:93} INFO - 25/05/15 00:36:14 INFO FileOutputCommitter: File Output Committer Algorithm version is 1
[2025-05-15T00:36:14.364+0530] {subprocess.py:93} INFO - 25/05/15 00:36:14 INFO FileOutputCommitter: FileOutputCommitter skip cleanup _temporary folders under output directory:false, ignore cleanup failures: false
[2025-05-15T00:36:14.365+0530] {subprocess.py:93} INFO - 25/05/15 00:36:14 INFO SQLHadoopMapReduceCommitProtocol: Using user defined output committer class org.apache.parquet.hadoop.ParquetOutputCommitter
[2025-05-15T00:36:14.366+0530] {subprocess.py:93} INFO - 25/05/15 00:36:14 INFO FileOutputCommitter: File Output Committer Algorithm version is 1
[2025-05-15T00:36:14.366+0530] {subprocess.py:93} INFO - 25/05/15 00:36:14 INFO FileOutputCommitter: FileOutputCommitter skip cleanup _temporary folders under output directory:false, ignore cleanup failures: false
[2025-05-15T00:36:14.367+0530] {subprocess.py:93} INFO - 25/05/15 00:36:14 INFO SQLHadoopMapReduceCommitProtocol: Using output committer class org.apache.parquet.hadoop.ParquetOutputCommitter
[2025-05-15T00:36:14.367+0530] {subprocess.py:93} INFO - 25/05/15 00:36:14 INFO CodecConfig: Compression: SNAPPY
[2025-05-15T00:36:14.367+0530] {subprocess.py:93} INFO - 25/05/15 00:36:14 INFO CodecConfig: Compression: SNAPPY
[2025-05-15T00:36:14.369+0530] {subprocess.py:93} INFO - 25/05/15 00:36:14 INFO ParquetOutputFormat: ParquetRecordWriter [block size: 134217728b, row group padding size: 8388608b, validating: false]
[2025-05-15T00:36:14.371+0530] {subprocess.py:93} INFO - 25/05/15 00:36:14 INFO ParquetWriteSupport: Initialized Parquet WriteSupport with Catalyst schema:
[2025-05-15T00:36:14.372+0530] {subprocess.py:93} INFO - {
[2025-05-15T00:36:14.372+0530] {subprocess.py:93} INFO -   "type" : "struct",
[2025-05-15T00:36:14.372+0530] {subprocess.py:93} INFO -   "fields" : [ {
[2025-05-15T00:36:14.372+0530] {subprocess.py:93} INFO -     "name" : "Payment_id",
[2025-05-15T00:36:14.372+0530] {subprocess.py:93} INFO -     "type" : "integer",
[2025-05-15T00:36:14.372+0530] {subprocess.py:93} INFO -     "nullable" : false,
[2025-05-15T00:36:14.372+0530] {subprocess.py:93} INFO -     "metadata" : { }
[2025-05-15T00:36:14.373+0530] {subprocess.py:93} INFO -   }, {
[2025-05-15T00:36:14.373+0530] {subprocess.py:93} INFO -     "name" : "Trip_id",
[2025-05-15T00:36:14.373+0530] {subprocess.py:93} INFO -     "type" : "integer",
[2025-05-15T00:36:14.373+0530] {subprocess.py:93} INFO -     "nullable" : false,
[2025-05-15T00:36:14.373+0530] {subprocess.py:93} INFO -     "metadata" : { }
[2025-05-15T00:36:14.373+0530] {subprocess.py:93} INFO -   }, {
[2025-05-15T00:36:14.373+0530] {subprocess.py:93} INFO -     "name" : "payment_type",
[2025-05-15T00:36:14.373+0530] {subprocess.py:93} INFO -     "type" : "integer",
[2025-05-15T00:36:14.373+0530] {subprocess.py:93} INFO -     "nullable" : true,
[2025-05-15T00:36:14.373+0530] {subprocess.py:93} INFO -     "metadata" : { }
[2025-05-15T00:36:14.373+0530] {subprocess.py:93} INFO -   }, {
[2025-05-15T00:36:14.373+0530] {subprocess.py:93} INFO -     "name" : "fare_amount",
[2025-05-15T00:36:14.374+0530] {subprocess.py:93} INFO -     "type" : "double",
[2025-05-15T00:36:14.374+0530] {subprocess.py:93} INFO -     "nullable" : true,
[2025-05-15T00:36:14.374+0530] {subprocess.py:93} INFO -     "metadata" : { }
[2025-05-15T00:36:14.374+0530] {subprocess.py:93} INFO -   }, {
[2025-05-15T00:36:14.374+0530] {subprocess.py:93} INFO -     "name" : "extra",
[2025-05-15T00:36:14.374+0530] {subprocess.py:93} INFO -     "type" : "double",
[2025-05-15T00:36:14.374+0530] {subprocess.py:93} INFO -     "nullable" : true,
[2025-05-15T00:36:14.374+0530] {subprocess.py:93} INFO -     "metadata" : { }
[2025-05-15T00:36:14.374+0530] {subprocess.py:93} INFO -   }, {
[2025-05-15T00:36:14.374+0530] {subprocess.py:93} INFO -     "name" : "mta_tax",
[2025-05-15T00:36:14.375+0530] {subprocess.py:93} INFO -     "type" : "double",
[2025-05-15T00:36:14.375+0530] {subprocess.py:93} INFO -     "nullable" : true,
[2025-05-15T00:36:14.375+0530] {subprocess.py:93} INFO -     "metadata" : { }
[2025-05-15T00:36:14.375+0530] {subprocess.py:93} INFO -   }, {
[2025-05-15T00:36:14.375+0530] {subprocess.py:93} INFO -     "name" : "tip_amount",
[2025-05-15T00:36:14.375+0530] {subprocess.py:93} INFO -     "type" : "double",
[2025-05-15T00:36:14.375+0530] {subprocess.py:93} INFO -     "nullable" : true,
[2025-05-15T00:36:14.376+0530] {subprocess.py:93} INFO -     "metadata" : { }
[2025-05-15T00:36:14.376+0530] {subprocess.py:93} INFO -   }, {
[2025-05-15T00:36:14.376+0530] {subprocess.py:93} INFO -     "name" : "tolls_amount",
[2025-05-15T00:36:14.376+0530] {subprocess.py:93} INFO -     "type" : "double",
[2025-05-15T00:36:14.376+0530] {subprocess.py:93} INFO -     "nullable" : true,
[2025-05-15T00:36:14.376+0530] {subprocess.py:93} INFO -     "metadata" : { }
[2025-05-15T00:36:14.376+0530] {subprocess.py:93} INFO -   }, {
[2025-05-15T00:36:14.376+0530] {subprocess.py:93} INFO -     "name" : "improvement_surcharge",
[2025-05-15T00:36:14.376+0530] {subprocess.py:93} INFO -     "type" : "double",
[2025-05-15T00:36:14.377+0530] {subprocess.py:93} INFO -     "nullable" : true,
[2025-05-15T00:36:14.377+0530] {subprocess.py:93} INFO -     "metadata" : { }
[2025-05-15T00:36:14.377+0530] {subprocess.py:93} INFO -   }, {
[2025-05-15T00:36:14.377+0530] {subprocess.py:93} INFO -     "name" : "total_amount",
[2025-05-15T00:36:14.377+0530] {subprocess.py:93} INFO -     "type" : "double",
[2025-05-15T00:36:14.377+0530] {subprocess.py:93} INFO -     "nullable" : true,
[2025-05-15T00:36:14.377+0530] {subprocess.py:93} INFO -     "metadata" : { }
[2025-05-15T00:36:14.377+0530] {subprocess.py:93} INFO -   }, {
[2025-05-15T00:36:14.377+0530] {subprocess.py:93} INFO -     "name" : "trip_amt_INR",
[2025-05-15T00:36:14.377+0530] {subprocess.py:93} INFO -     "type" : "double",
[2025-05-15T00:36:14.377+0530] {subprocess.py:93} INFO -     "nullable" : true,
[2025-05-15T00:36:14.377+0530] {subprocess.py:93} INFO -     "metadata" : { }
[2025-05-15T00:36:14.377+0530] {subprocess.py:93} INFO -   }, {
[2025-05-15T00:36:14.378+0530] {subprocess.py:93} INFO -     "name" : "congestion_surcharge",
[2025-05-15T00:36:14.378+0530] {subprocess.py:93} INFO -     "type" : "double",
[2025-05-15T00:36:14.378+0530] {subprocess.py:93} INFO -     "nullable" : true,
[2025-05-15T00:36:14.378+0530] {subprocess.py:93} INFO -     "metadata" : { }
[2025-05-15T00:36:14.378+0530] {subprocess.py:93} INFO -   } ]
[2025-05-15T00:36:14.378+0530] {subprocess.py:93} INFO - }
[2025-05-15T00:36:14.378+0530] {subprocess.py:93} INFO - and corresponding Parquet message type:
[2025-05-15T00:36:14.378+0530] {subprocess.py:93} INFO - message spark_schema {
[2025-05-15T00:36:14.378+0530] {subprocess.py:93} INFO -   required int32 Payment_id;
[2025-05-15T00:36:14.379+0530] {subprocess.py:93} INFO -   required int32 Trip_id;
[2025-05-15T00:36:14.379+0530] {subprocess.py:93} INFO -   optional int32 payment_type;
[2025-05-15T00:36:14.381+0530] {subprocess.py:93} INFO -   optional double fare_amount;
[2025-05-15T00:36:14.381+0530] {subprocess.py:93} INFO -   optional double extra;
[2025-05-15T00:36:14.381+0530] {subprocess.py:93} INFO -   optional double mta_tax;
[2025-05-15T00:36:14.381+0530] {subprocess.py:93} INFO -   optional double tip_amount;
[2025-05-15T00:36:14.381+0530] {subprocess.py:93} INFO -   optional double tolls_amount;
[2025-05-15T00:36:14.382+0530] {subprocess.py:93} INFO -   optional double improvement_surcharge;
[2025-05-15T00:36:14.382+0530] {subprocess.py:93} INFO -   optional double total_amount;
[2025-05-15T00:36:14.382+0530] {subprocess.py:93} INFO -   optional double trip_amt_INR;
[2025-05-15T00:36:14.382+0530] {subprocess.py:93} INFO -   optional double congestion_surcharge;
[2025-05-15T00:36:14.382+0530] {subprocess.py:93} INFO - }
[2025-05-15T00:36:14.382+0530] {subprocess.py:93} INFO - 
[2025-05-15T00:36:14.382+0530] {subprocess.py:93} INFO - 
[2025-05-15T00:36:14.398+0530] {subprocess.py:93} INFO - 25/05/15 00:36:14 INFO ExternalAppendOnlyUnsafeRowArray: Reached spill threshold of 4096 rows, switching to org.apache.spark.util.collection.unsafe.sort.UnsafeExternalSorter
[2025-05-15T00:36:15.931+0530] {subprocess.py:93} INFO - 25/05/15 00:36:15 INFO FileOutputCommitter: Saved output of task 'attempt_202505150036135676682325140174236_0006_m_000000_18' to file:/home/pranav_shirali/airflow-project/nyc_taxi_payment.parquet/_temporary/0/task_202505150036135676682325140174236_0006_m_000000
[2025-05-15T00:36:15.931+0530] {subprocess.py:93} INFO - 25/05/15 00:36:15 INFO SparkHadoopMapRedUtil: attempt_202505150036135676682325140174236_0006_m_000000_18: Committed. Elapsed time: 1 ms.
[2025-05-15T00:36:15.941+0530] {subprocess.py:93} INFO - 25/05/15 00:36:15 INFO Executor: Finished task 0.0 in stage 6.0 (TID 18). 5915 bytes result sent to driver
[2025-05-15T00:36:15.944+0530] {subprocess.py:93} INFO - 25/05/15 00:36:15 INFO TaskSetManager: Finished task 0.0 in stage 6.0 (TID 18) in 2415 ms on 10.255.255.254 (executor driver) (1/1)
[2025-05-15T00:36:15.944+0530] {subprocess.py:93} INFO - 25/05/15 00:36:15 INFO TaskSchedulerImpl: Removed TaskSet 6.0, whose tasks have all completed, from pool
[2025-05-15T00:36:15.947+0530] {subprocess.py:93} INFO - 25/05/15 00:36:15 INFO DAGScheduler: ResultStage 6 (parquet at NativeMethodAccessorImpl.java:0) finished in 2.445 s
[2025-05-15T00:36:15.947+0530] {subprocess.py:93} INFO - 25/05/15 00:36:15 INFO DAGScheduler: Job 4 is finished. Cancelling potential speculative or zombie tasks for this job
[2025-05-15T00:36:15.947+0530] {subprocess.py:93} INFO - 25/05/15 00:36:15 INFO TaskSchedulerImpl: Killing all running tasks in stage 6: Stage finished
[2025-05-15T00:36:15.947+0530] {subprocess.py:93} INFO - 25/05/15 00:36:15 INFO DAGScheduler: Job 4 finished: parquet at NativeMethodAccessorImpl.java:0, took 2.452037 s
[2025-05-15T00:36:15.948+0530] {subprocess.py:93} INFO - 25/05/15 00:36:15 INFO FileFormatWriter: Start to commit write Job 9cdbf55c-e4bf-4d7e-aa66-0f3d92fbcfc9.
[2025-05-15T00:36:15.962+0530] {subprocess.py:93} INFO - 25/05/15 00:36:15 INFO FileFormatWriter: Write Job 9cdbf55c-e4bf-4d7e-aa66-0f3d92fbcfc9 committed. Elapsed time: 14 ms.
[2025-05-15T00:36:15.963+0530] {subprocess.py:93} INFO - 25/05/15 00:36:15 INFO FileFormatWriter: Finished processing stats for write job 9cdbf55c-e4bf-4d7e-aa66-0f3d92fbcfc9.
[2025-05-15T00:36:16.016+0530] {subprocess.py:93} INFO - 25/05/15 00:36:16 INFO SparkContext: Invoking stop() from shutdown hook
[2025-05-15T00:36:16.017+0530] {subprocess.py:93} INFO - 25/05/15 00:36:16 INFO SparkContext: SparkContext is stopping with exitCode 0.
[2025-05-15T00:36:16.025+0530] {subprocess.py:93} INFO - 25/05/15 00:36:16 INFO SparkUI: Stopped Spark web UI at http://10.255.255.254:4040
[2025-05-15T00:36:16.036+0530] {subprocess.py:93} INFO - 25/05/15 00:36:16 INFO MapOutputTrackerMasterEndpoint: MapOutputTrackerMasterEndpoint stopped!
[2025-05-15T00:36:16.053+0530] {subprocess.py:93} INFO - 25/05/15 00:36:16 INFO MemoryStore: MemoryStore cleared
[2025-05-15T00:36:16.054+0530] {subprocess.py:93} INFO - 25/05/15 00:36:16 INFO BlockManager: BlockManager stopped
[2025-05-15T00:36:16.055+0530] {subprocess.py:93} INFO - 25/05/15 00:36:16 INFO BlockManagerMaster: BlockManagerMaster stopped
[2025-05-15T00:36:16.058+0530] {subprocess.py:93} INFO - 25/05/15 00:36:16 INFO OutputCommitCoordinator$OutputCommitCoordinatorEndpoint: OutputCommitCoordinator stopped!
[2025-05-15T00:36:16.064+0530] {subprocess.py:93} INFO - 25/05/15 00:36:16 INFO SparkContext: Successfully stopped SparkContext
[2025-05-15T00:36:16.064+0530] {subprocess.py:93} INFO - 25/05/15 00:36:16 INFO ShutdownHookManager: Shutdown hook called
[2025-05-15T00:36:16.064+0530] {subprocess.py:93} INFO - 25/05/15 00:36:16 INFO ShutdownHookManager: Deleting directory /tmp/spark-4a511f25-77d1-47e7-b5d4-4a27029aa51c
[2025-05-15T00:36:16.067+0530] {subprocess.py:93} INFO - 25/05/15 00:36:16 INFO ShutdownHookManager: Deleting directory /tmp/spark-79b22b91-dc77-4a07-922c-1fada4c44869
[2025-05-15T00:36:16.069+0530] {subprocess.py:93} INFO - 25/05/15 00:36:16 INFO ShutdownHookManager: Deleting directory /tmp/spark-4a511f25-77d1-47e7-b5d4-4a27029aa51c/pyspark-17b16156-0dbd-43f5-9ccc-ca5b464a96bd
[2025-05-15T00:36:16.125+0530] {subprocess.py:97} INFO - Command exited with return code 0
[2025-05-15T00:36:16.142+0530] {taskinstance.py:340} INFO - ::group::Post task execution logs
[2025-05-15T00:36:16.142+0530] {taskinstance.py:352} INFO - Marking task as SUCCESS. dag_id=nyc_taxi_etl, task_id=transform_data, run_id=manual__2025-05-14T19:03:41.185611+00:00, execution_date=20250514T190341, start_date=20250514T190551, end_date=20250514T190616
[2025-05-15T00:36:16.185+0530] {local_task_job_runner.py:266} INFO - Task exited with return code 0
[2025-05-15T00:36:16.194+0530] {taskinstance.py:3900} INFO - 1 downstream tasks scheduled from follow-on schedule check
[2025-05-15T00:36:16.198+0530] {local_task_job_runner.py:245} INFO - ::endgroup::
