[2025-05-22T21:11:01.782+0530] {local_task_job_runner.py:123} INFO - ::group::Pre task execution logs
[2025-05-22T21:11:01.790+0530] {taskinstance.py:2612} INFO - Dependencies all met for dep_context=non-requeueable deps ti=<TaskInstance: nyc_taxi_etl.extract_from_azure manual__2025-05-22T15:40:59.783356+00:00 [queued]>
[2025-05-22T21:11:01.794+0530] {taskinstance.py:2612} INFO - Dependencies all met for dep_context=requeueable deps ti=<TaskInstance: nyc_taxi_etl.extract_from_azure manual__2025-05-22T15:40:59.783356+00:00 [queued]>
[2025-05-22T21:11:01.795+0530] {taskinstance.py:2865} INFO - Starting attempt 1 of 1
[2025-05-22T21:11:01.810+0530] {taskinstance.py:2888} INFO - Executing <Task(BashOperator): extract_from_azure> on 2025-05-22 15:40:59.783356+00:00
[2025-05-22T21:11:01.812+0530] {standard_task_runner.py:72} INFO - Started process 84633 to run task
[2025-05-22T21:11:01.815+0530] {standard_task_runner.py:104} INFO - Running: ['airflow', 'tasks', 'run', 'nyc_taxi_etl', 'extract_from_azure', 'manual__2025-05-22T15:40:59.783356+00:00', '--job-id', '153', '--raw', '--subdir', 'DAGS_FOLDER/nyc_taxi_etl.py', '--cfg-path', '/tmp/tmpj_b6oogk']
[2025-05-22T21:11:01.816+0530] {standard_task_runner.py:105} INFO - Job 153: Subtask extract_from_azure
[2025-05-22T21:11:01.844+0530] {task_command.py:467} INFO - Running <TaskInstance: nyc_taxi_etl.extract_from_azure manual__2025-05-22T15:40:59.783356+00:00 [running]> on host Voldemort.
[2025-05-22T21:11:01.899+0530] {taskinstance.py:3131} INFO - Exporting env vars: AIRFLOW_CTX_DAG_OWNER='airflow' AIRFLOW_CTX_DAG_ID='nyc_taxi_etl' AIRFLOW_CTX_TASK_ID='extract_from_azure' AIRFLOW_CTX_EXECUTION_DATE='2025-05-22T15:40:59.783356+00:00' AIRFLOW_CTX_TRY_NUMBER='1' AIRFLOW_CTX_DAG_RUN_ID='manual__2025-05-22T15:40:59.783356+00:00'
[2025-05-22T21:11:01.899+0530] {taskinstance.py:731} INFO - ::endgroup::
[2025-05-22T21:11:01.910+0530] {subprocess.py:63} INFO - Tmp dir root location: /tmp
[2025-05-22T21:11:01.911+0530] {subprocess.py:75} INFO - Running command: ['/usr/bin/bash', '-c', '/opt/spark/bin/spark-submit /home/pranav_shirali/airflow-project/scripts/ETL/extract.py']
[2025-05-22T21:11:01.916+0530] {subprocess.py:86} INFO - Output:
[2025-05-22T21:11:03.370+0530] {subprocess.py:93} INFO - 25/05/22 21:11:03 WARN Utils: Your hostname, Voldemort resolves to a loopback address: 127.0.1.1; using 10.255.255.254 instead (on interface lo)
[2025-05-22T21:11:03.373+0530] {subprocess.py:93} INFO - 25/05/22 21:11:03 WARN Utils: Set SPARK_LOCAL_IP if you need to bind to another address
[2025-05-22T21:11:04.296+0530] {subprocess.py:93} INFO - 25/05/22 21:11:04 INFO SparkContext: Running Spark version 3.5.5
[2025-05-22T21:11:04.297+0530] {subprocess.py:93} INFO - 25/05/22 21:11:04 INFO SparkContext: OS info Linux, 5.15.167.4-microsoft-standard-WSL2, amd64
[2025-05-22T21:11:04.297+0530] {subprocess.py:93} INFO - 25/05/22 21:11:04 INFO SparkContext: Java version 11.0.27
[2025-05-22T21:11:04.362+0530] {subprocess.py:93} INFO - 25/05/22 21:11:04 WARN NativeCodeLoader: Unable to load native-hadoop library for your platform... using builtin-java classes where applicable
[2025-05-22T21:11:04.440+0530] {subprocess.py:93} INFO - 25/05/22 21:11:04 INFO ResourceUtils: ==============================================================
[2025-05-22T21:11:04.441+0530] {subprocess.py:93} INFO - 25/05/22 21:11:04 INFO ResourceUtils: No custom resources configured for spark.driver.
[2025-05-22T21:11:04.441+0530] {subprocess.py:93} INFO - 25/05/22 21:11:04 INFO ResourceUtils: ==============================================================
[2025-05-22T21:11:04.441+0530] {subprocess.py:93} INFO - 25/05/22 21:11:04 INFO SparkContext: Submitted application: NYC Taxi Extract
[2025-05-22T21:11:04.460+0530] {subprocess.py:93} INFO - 25/05/22 21:11:04 INFO ResourceProfile: Default ResourceProfile created, executor resources: Map(cores -> name: cores, amount: 1, script: , vendor: , memory -> name: memory, amount: 1024, script: , vendor: , offHeap -> name: offHeap, amount: 0, script: , vendor: ), task resources: Map(cpus -> name: cpus, amount: 1.0)
[2025-05-22T21:11:04.470+0530] {subprocess.py:93} INFO - 25/05/22 21:11:04 INFO ResourceProfile: Limiting resource is cpu
[2025-05-22T21:11:04.470+0530] {subprocess.py:93} INFO - 25/05/22 21:11:04 INFO ResourceProfileManager: Added ResourceProfile id: 0
[2025-05-22T21:11:04.513+0530] {subprocess.py:93} INFO - 25/05/22 21:11:04 INFO SecurityManager: Changing view acls to: pranav_shirali
[2025-05-22T21:11:04.514+0530] {subprocess.py:93} INFO - 25/05/22 21:11:04 INFO SecurityManager: Changing modify acls to: pranav_shirali
[2025-05-22T21:11:04.514+0530] {subprocess.py:93} INFO - 25/05/22 21:11:04 INFO SecurityManager: Changing view acls groups to:
[2025-05-22T21:11:04.514+0530] {subprocess.py:93} INFO - 25/05/22 21:11:04 INFO SecurityManager: Changing modify acls groups to:
[2025-05-22T21:11:04.515+0530] {subprocess.py:93} INFO - 25/05/22 21:11:04 INFO SecurityManager: SecurityManager: authentication disabled; ui acls disabled; users with view permissions: pranav_shirali; groups with view permissions: EMPTY; users with modify permissions: pranav_shirali; groups with modify permissions: EMPTY
[2025-05-22T21:11:04.714+0530] {subprocess.py:93} INFO - 25/05/22 21:11:04 INFO Utils: Successfully started service 'sparkDriver' on port 40369.
[2025-05-22T21:11:04.736+0530] {subprocess.py:93} INFO - 25/05/22 21:11:04 INFO SparkEnv: Registering MapOutputTracker
[2025-05-22T21:11:04.763+0530] {subprocess.py:93} INFO - 25/05/22 21:11:04 INFO SparkEnv: Registering BlockManagerMaster
[2025-05-22T21:11:04.776+0530] {subprocess.py:93} INFO - 25/05/22 21:11:04 INFO BlockManagerMasterEndpoint: Using org.apache.spark.storage.DefaultTopologyMapper for getting topology information
[2025-05-22T21:11:04.777+0530] {subprocess.py:93} INFO - 25/05/22 21:11:04 INFO BlockManagerMasterEndpoint: BlockManagerMasterEndpoint up
[2025-05-22T21:11:04.780+0530] {subprocess.py:93} INFO - 25/05/22 21:11:04 INFO SparkEnv: Registering BlockManagerMasterHeartbeat
[2025-05-22T21:11:04.801+0530] {subprocess.py:93} INFO - 25/05/22 21:11:04 INFO DiskBlockManager: Created local directory at /tmp/blockmgr-45132635-da19-4319-a618-4373ff81ef58
[2025-05-22T21:11:04.812+0530] {subprocess.py:93} INFO - 25/05/22 21:11:04 INFO MemoryStore: MemoryStore started with capacity 434.4 MiB
[2025-05-22T21:11:04.823+0530] {subprocess.py:93} INFO - 25/05/22 21:11:04 INFO SparkEnv: Registering OutputCommitCoordinator
[2025-05-22T21:11:04.934+0530] {subprocess.py:93} INFO - 25/05/22 21:11:04 INFO JettyUtils: Start Jetty 0.0.0.0:4040 for SparkUI
[2025-05-22T21:11:04.978+0530] {subprocess.py:93} INFO - 25/05/22 21:11:04 INFO Utils: Successfully started service 'SparkUI' on port 4040.
[2025-05-22T21:11:05.008+0530] {subprocess.py:93} INFO - 25/05/22 21:11:05 INFO SparkContext: Added JAR /opt/spark/jars/hadoop-azure-3.3.1.jar at spark://10.255.255.254:40369/jars/hadoop-azure-3.3.1.jar with timestamp 1747928464289
[2025-05-22T21:11:05.008+0530] {subprocess.py:93} INFO - 25/05/22 21:11:05 INFO SparkContext: Added JAR /opt/spark/jars/azure-storage-8.6.6.jar at spark://10.255.255.254:40369/jars/azure-storage-8.6.6.jar with timestamp 1747928464289
[2025-05-22T21:11:05.009+0530] {subprocess.py:93} INFO - 25/05/22 21:11:05 INFO SparkContext: Added JAR /opt/spark/jars/hadoop-azure-datalake-3.3.1.jar at spark://10.255.255.254:40369/jars/hadoop-azure-datalake-3.3.1.jar with timestamp 1747928464289
[2025-05-22T21:11:05.060+0530] {subprocess.py:93} INFO - 25/05/22 21:11:05 INFO Executor: Starting executor ID driver on host 10.255.255.254
[2025-05-22T21:11:05.060+0530] {subprocess.py:93} INFO - 25/05/22 21:11:05 INFO Executor: OS info Linux, 5.15.167.4-microsoft-standard-WSL2, amd64
[2025-05-22T21:11:05.060+0530] {subprocess.py:93} INFO - 25/05/22 21:11:05 INFO Executor: Java version 11.0.27
[2025-05-22T21:11:05.066+0530] {subprocess.py:93} INFO - 25/05/22 21:11:05 INFO Executor: Starting executor with user classpath (userClassPathFirst = false): ''
[2025-05-22T21:11:05.066+0530] {subprocess.py:93} INFO - 25/05/22 21:11:05 INFO Executor: Created or updated repl class loader org.apache.spark.util.MutableURLClassLoader@47d57e91 for default.
[2025-05-22T21:11:05.077+0530] {subprocess.py:93} INFO - 25/05/22 21:11:05 INFO Executor: Fetching spark://10.255.255.254:40369/jars/hadoop-azure-3.3.1.jar with timestamp 1747928464289
[2025-05-22T21:11:05.120+0530] {subprocess.py:93} INFO - 25/05/22 21:11:05 INFO TransportClientFactory: Successfully created connection to /10.255.255.254:40369 after 21 ms (0 ms spent in bootstraps)
[2025-05-22T21:11:05.126+0530] {subprocess.py:93} INFO - 25/05/22 21:11:05 INFO Utils: Fetching spark://10.255.255.254:40369/jars/hadoop-azure-3.3.1.jar to /tmp/spark-aab68660-afd6-4259-9b15-59c3d7239a1b/userFiles-69e0ff57-1a69-4d59-a13c-53fd0e01c7e5/fetchFileTemp6778402300105739222.tmp
[2025-05-22T21:11:05.151+0530] {subprocess.py:93} INFO - 25/05/22 21:11:05 INFO Executor: Adding file:/tmp/spark-aab68660-afd6-4259-9b15-59c3d7239a1b/userFiles-69e0ff57-1a69-4d59-a13c-53fd0e01c7e5/hadoop-azure-3.3.1.jar to class loader default
[2025-05-22T21:11:05.152+0530] {subprocess.py:93} INFO - 25/05/22 21:11:05 INFO Executor: Fetching spark://10.255.255.254:40369/jars/azure-storage-8.6.6.jar with timestamp 1747928464289
[2025-05-22T21:11:05.153+0530] {subprocess.py:93} INFO - 25/05/22 21:11:05 INFO Utils: Fetching spark://10.255.255.254:40369/jars/azure-storage-8.6.6.jar to /tmp/spark-aab68660-afd6-4259-9b15-59c3d7239a1b/userFiles-69e0ff57-1a69-4d59-a13c-53fd0e01c7e5/fetchFileTemp9543496690979001561.tmp
[2025-05-22T21:11:05.162+0530] {subprocess.py:93} INFO - 25/05/22 21:11:05 INFO Executor: Adding file:/tmp/spark-aab68660-afd6-4259-9b15-59c3d7239a1b/userFiles-69e0ff57-1a69-4d59-a13c-53fd0e01c7e5/azure-storage-8.6.6.jar to class loader default
[2025-05-22T21:11:05.162+0530] {subprocess.py:93} INFO - 25/05/22 21:11:05 INFO Executor: Fetching spark://10.255.255.254:40369/jars/hadoop-azure-datalake-3.3.1.jar with timestamp 1747928464289
[2025-05-22T21:11:05.162+0530] {subprocess.py:93} INFO - 25/05/22 21:11:05 INFO Utils: Fetching spark://10.255.255.254:40369/jars/hadoop-azure-datalake-3.3.1.jar to /tmp/spark-aab68660-afd6-4259-9b15-59c3d7239a1b/userFiles-69e0ff57-1a69-4d59-a13c-53fd0e01c7e5/fetchFileTemp17261672696151087300.tmp
[2025-05-22T21:11:05.167+0530] {subprocess.py:93} INFO - 25/05/22 21:11:05 INFO Executor: Adding file:/tmp/spark-aab68660-afd6-4259-9b15-59c3d7239a1b/userFiles-69e0ff57-1a69-4d59-a13c-53fd0e01c7e5/hadoop-azure-datalake-3.3.1.jar to class loader default
[2025-05-22T21:11:05.175+0530] {subprocess.py:93} INFO - 25/05/22 21:11:05 INFO Utils: Successfully started service 'org.apache.spark.network.netty.NettyBlockTransferService' on port 33853.
[2025-05-22T21:11:05.175+0530] {subprocess.py:93} INFO - 25/05/22 21:11:05 INFO NettyBlockTransferService: Server created on 10.255.255.254:33853
[2025-05-22T21:11:05.177+0530] {subprocess.py:93} INFO - 25/05/22 21:11:05 INFO BlockManager: Using org.apache.spark.storage.RandomBlockReplicationPolicy for block replication policy
[2025-05-22T21:11:05.181+0530] {subprocess.py:93} INFO - 25/05/22 21:11:05 INFO BlockManagerMaster: Registering BlockManager BlockManagerId(driver, 10.255.255.254, 33853, None)
[2025-05-22T21:11:05.184+0530] {subprocess.py:93} INFO - 25/05/22 21:11:05 INFO BlockManagerMasterEndpoint: Registering block manager 10.255.255.254:33853 with 434.4 MiB RAM, BlockManagerId(driver, 10.255.255.254, 33853, None)
[2025-05-22T21:11:05.186+0530] {subprocess.py:93} INFO - 25/05/22 21:11:05 INFO BlockManagerMaster: Registered BlockManager BlockManagerId(driver, 10.255.255.254, 33853, None)
[2025-05-22T21:11:05.186+0530] {subprocess.py:93} INFO - 25/05/22 21:11:05 INFO BlockManager: Initialized BlockManager: BlockManagerId(driver, 10.255.255.254, 33853, None)
[2025-05-22T21:11:05.556+0530] {subprocess.py:93} INFO - 25/05/22 21:11:05 INFO SharedState: Setting hive.metastore.warehouse.dir ('null') to the value of spark.sql.warehouse.dir.
[2025-05-22T21:11:05.563+0530] {subprocess.py:93} INFO - 25/05/22 21:11:05 INFO SharedState: Warehouse path is 'file:/tmp/airflowtmp15ry6ydh/spark-warehouse'.
[2025-05-22T21:11:08.712+0530] {subprocess.py:93} INFO - 25/05/22 21:11:08 INFO InMemoryFileIndex: It took 442 ms to list leaf files for 1 paths.
[2025-05-22T21:11:09.117+0530] {subprocess.py:93} INFO - 25/05/22 21:11:09 INFO SparkContext: Starting job: parquet at NativeMethodAccessorImpl.java:0
[2025-05-22T21:11:09.131+0530] {subprocess.py:93} INFO - 25/05/22 21:11:09 INFO DAGScheduler: Got job 0 (parquet at NativeMethodAccessorImpl.java:0) with 1 output partitions
[2025-05-22T21:11:09.132+0530] {subprocess.py:93} INFO - 25/05/22 21:11:09 INFO DAGScheduler: Final stage: ResultStage 0 (parquet at NativeMethodAccessorImpl.java:0)
[2025-05-22T21:11:09.132+0530] {subprocess.py:93} INFO - 25/05/22 21:11:09 INFO DAGScheduler: Parents of final stage: List()
[2025-05-22T21:11:09.133+0530] {subprocess.py:93} INFO - 25/05/22 21:11:09 INFO DAGScheduler: Missing parents: List()
[2025-05-22T21:11:09.137+0530] {subprocess.py:93} INFO - 25/05/22 21:11:09 INFO DAGScheduler: Submitting ResultStage 0 (MapPartitionsRDD[1] at parquet at NativeMethodAccessorImpl.java:0), which has no missing parents
[2025-05-22T21:11:09.191+0530] {subprocess.py:93} INFO - 25/05/22 21:11:09 INFO MemoryStore: Block broadcast_0 stored as values in memory (estimated size 104.4 KiB, free 434.3 MiB)
[2025-05-22T21:11:09.216+0530] {subprocess.py:93} INFO - 25/05/22 21:11:09 INFO MemoryStore: Block broadcast_0_piece0 stored as bytes in memory (estimated size 37.8 KiB, free 434.3 MiB)
[2025-05-22T21:11:09.219+0530] {subprocess.py:93} INFO - 25/05/22 21:11:09 INFO BlockManagerInfo: Added broadcast_0_piece0 in memory on 10.255.255.254:33853 (size: 37.8 KiB, free: 434.4 MiB)
[2025-05-22T21:11:09.223+0530] {subprocess.py:93} INFO - 25/05/22 21:11:09 INFO SparkContext: Created broadcast 0 from broadcast at DAGScheduler.scala:1585
[2025-05-22T21:11:09.238+0530] {subprocess.py:93} INFO - 25/05/22 21:11:09 INFO DAGScheduler: Submitting 1 missing tasks from ResultStage 0 (MapPartitionsRDD[1] at parquet at NativeMethodAccessorImpl.java:0) (first 15 tasks are for partitions Vector(0))
[2025-05-22T21:11:09.239+0530] {subprocess.py:93} INFO - 25/05/22 21:11:09 INFO TaskSchedulerImpl: Adding task set 0.0 with 1 tasks resource profile 0
[2025-05-22T21:11:09.286+0530] {subprocess.py:93} INFO - 25/05/22 21:11:09 INFO TaskSetManager: Starting task 0.0 in stage 0.0 (TID 0) (10.255.255.254, executor driver, partition 0, PROCESS_LOCAL, 9523 bytes)
[2025-05-22T21:11:09.298+0530] {subprocess.py:93} INFO - 25/05/22 21:11:09 INFO Executor: Running task 0.0 in stage 0.0 (TID 0)
[2025-05-22T21:11:10.384+0530] {subprocess.py:93} INFO - 25/05/22 21:11:10 INFO Executor: Finished task 0.0 in stage 0.0 (TID 0). 2578 bytes result sent to driver
[2025-05-22T21:11:10.393+0530] {subprocess.py:93} INFO - 25/05/22 21:11:10 INFO TaskSetManager: Finished task 0.0 in stage 0.0 (TID 0) in 1125 ms on 10.255.255.254 (executor driver) (1/1)
[2025-05-22T21:11:10.394+0530] {subprocess.py:93} INFO - 25/05/22 21:11:10 INFO TaskSchedulerImpl: Removed TaskSet 0.0, whose tasks have all completed, from pool
[2025-05-22T21:11:10.398+0530] {subprocess.py:93} INFO - 25/05/22 21:11:10 INFO DAGScheduler: ResultStage 0 (parquet at NativeMethodAccessorImpl.java:0) finished in 1.250 s
[2025-05-22T21:11:10.400+0530] {subprocess.py:93} INFO - 25/05/22 21:11:10 INFO DAGScheduler: Job 0 is finished. Cancelling potential speculative or zombie tasks for this job
[2025-05-22T21:11:10.400+0530] {subprocess.py:93} INFO - 25/05/22 21:11:10 INFO TaskSchedulerImpl: Killing all running tasks in stage 0: Stage finished
[2025-05-22T21:11:10.402+0530] {subprocess.py:93} INFO - 25/05/22 21:11:10 INFO DAGScheduler: Job 0 finished: parquet at NativeMethodAccessorImpl.java:0, took 1.284684 s
[2025-05-22T21:11:10.501+0530] {subprocess.py:93} INFO - 25/05/22 21:11:10 INFO BlockManagerInfo: Removed broadcast_0_piece0 on 10.255.255.254:33853 in memory (size: 37.8 KiB, free: 434.4 MiB)
[2025-05-22T21:11:11.357+0530] {subprocess.py:93} INFO - 25/05/22 21:11:11 INFO FileSourceStrategy: Pushed Filters:
[2025-05-22T21:11:11.358+0530] {subprocess.py:93} INFO - 25/05/22 21:11:11 INFO FileSourceStrategy: Post-Scan Filters:
[2025-05-22T21:11:11.451+0530] {subprocess.py:93} INFO - 25/05/22 21:11:11 INFO ParquetUtils: Using default output committer for Parquet: org.apache.parquet.hadoop.ParquetOutputCommitter
[2025-05-22T21:11:11.478+0530] {subprocess.py:93} INFO - 25/05/22 21:11:11 INFO FileOutputCommitter: File Output Committer Algorithm version is 1
[2025-05-22T21:11:11.478+0530] {subprocess.py:93} INFO - 25/05/22 21:11:11 INFO FileOutputCommitter: FileOutputCommitter skip cleanup _temporary folders under output directory:false, ignore cleanup failures: false
[2025-05-22T21:11:11.479+0530] {subprocess.py:93} INFO - 25/05/22 21:11:11 INFO SQLHadoopMapReduceCommitProtocol: Using user defined output committer class org.apache.parquet.hadoop.ParquetOutputCommitter
[2025-05-22T21:11:11.479+0530] {subprocess.py:93} INFO - 25/05/22 21:11:11 INFO FileOutputCommitter: File Output Committer Algorithm version is 1
[2025-05-22T21:11:11.479+0530] {subprocess.py:93} INFO - 25/05/22 21:11:11 INFO FileOutputCommitter: FileOutputCommitter skip cleanup _temporary folders under output directory:false, ignore cleanup failures: false
[2025-05-22T21:11:11.480+0530] {subprocess.py:93} INFO - 25/05/22 21:11:11 INFO SQLHadoopMapReduceCommitProtocol: Using output committer class org.apache.parquet.hadoop.ParquetOutputCommitter
[2025-05-22T21:11:11.756+0530] {subprocess.py:93} INFO - 25/05/22 21:11:11 INFO CodeGenerator: Code generated in 202.289729 ms
[2025-05-22T21:11:11.776+0530] {subprocess.py:93} INFO - 25/05/22 21:11:11 INFO MemoryStore: Block broadcast_1 stored as values in memory (estimated size 204.9 KiB, free 434.2 MiB)
[2025-05-22T21:11:11.791+0530] {subprocess.py:93} INFO - 25/05/22 21:11:11 INFO MemoryStore: Block broadcast_1_piece0 stored as bytes in memory (estimated size 36.4 KiB, free 434.2 MiB)
[2025-05-22T21:11:11.792+0530] {subprocess.py:93} INFO - 25/05/22 21:11:11 INFO BlockManagerInfo: Added broadcast_1_piece0 in memory on 10.255.255.254:33853 (size: 36.4 KiB, free: 434.4 MiB)
[2025-05-22T21:11:11.793+0530] {subprocess.py:93} INFO - 25/05/22 21:11:11 INFO SparkContext: Created broadcast 1 from parquet at NativeMethodAccessorImpl.java:0
[2025-05-22T21:11:11.812+0530] {subprocess.py:93} INFO - 25/05/22 21:11:11 INFO FileSourceScanExec: Planning scan with bin packing, max size: 4194304 bytes, open cost is considered as scanning 4194304 bytes.
[2025-05-22T21:11:11.845+0530] {subprocess.py:93} INFO - 25/05/22 21:11:11 INFO SparkContext: Starting job: parquet at NativeMethodAccessorImpl.java:0
[2025-05-22T21:11:11.846+0530] {subprocess.py:93} INFO - 25/05/22 21:11:11 INFO DAGScheduler: Got job 1 (parquet at NativeMethodAccessorImpl.java:0) with 10 output partitions
[2025-05-22T21:11:11.846+0530] {subprocess.py:93} INFO - 25/05/22 21:11:11 INFO DAGScheduler: Final stage: ResultStage 1 (parquet at NativeMethodAccessorImpl.java:0)
[2025-05-22T21:11:11.847+0530] {subprocess.py:93} INFO - 25/05/22 21:11:11 INFO DAGScheduler: Parents of final stage: List()
[2025-05-22T21:11:11.848+0530] {subprocess.py:93} INFO - 25/05/22 21:11:11 INFO DAGScheduler: Missing parents: List()
[2025-05-22T21:11:11.849+0530] {subprocess.py:93} INFO - 25/05/22 21:11:11 INFO DAGScheduler: Submitting ResultStage 1 (MapPartitionsRDD[5] at parquet at NativeMethodAccessorImpl.java:0), which has no missing parents
[2025-05-22T21:11:11.899+0530] {subprocess.py:93} INFO - 25/05/22 21:11:11 INFO MemoryStore: Block broadcast_2 stored as values in memory (estimated size 230.5 KiB, free 433.9 MiB)
[2025-05-22T21:11:11.906+0530] {subprocess.py:93} INFO - 25/05/22 21:11:11 INFO MemoryStore: Block broadcast_2_piece0 stored as bytes in memory (estimated size 81.2 KiB, free 433.9 MiB)
[2025-05-22T21:11:11.908+0530] {subprocess.py:93} INFO - 25/05/22 21:11:11 INFO BlockManagerInfo: Added broadcast_2_piece0 in memory on 10.255.255.254:33853 (size: 81.2 KiB, free: 434.3 MiB)
[2025-05-22T21:11:11.908+0530] {subprocess.py:93} INFO - 25/05/22 21:11:11 INFO SparkContext: Created broadcast 2 from broadcast at DAGScheduler.scala:1585
[2025-05-22T21:11:11.910+0530] {subprocess.py:93} INFO - 25/05/22 21:11:11 INFO DAGScheduler: Submitting 10 missing tasks from ResultStage 1 (MapPartitionsRDD[5] at parquet at NativeMethodAccessorImpl.java:0) (first 15 tasks are for partitions Vector(0, 1, 2, 3, 4, 5, 6, 7, 8, 9))
[2025-05-22T21:11:11.911+0530] {subprocess.py:93} INFO - 25/05/22 21:11:11 INFO TaskSchedulerImpl: Adding task set 1.0 with 10 tasks resource profile 0
[2025-05-22T21:11:11.916+0530] {subprocess.py:93} INFO - 25/05/22 21:11:11 INFO TaskSetManager: Starting task 0.0 in stage 1.0 (TID 1) (10.255.255.254, executor driver, partition 0, PROCESS_LOCAL, 10028 bytes)
[2025-05-22T21:11:11.917+0530] {subprocess.py:93} INFO - 25/05/22 21:11:11 INFO TaskSetManager: Starting task 1.0 in stage 1.0 (TID 2) (10.255.255.254, executor driver, partition 1, PROCESS_LOCAL, 10028 bytes)
[2025-05-22T21:11:11.918+0530] {subprocess.py:93} INFO - 25/05/22 21:11:11 INFO TaskSetManager: Starting task 2.0 in stage 1.0 (TID 3) (10.255.255.254, executor driver, partition 2, PROCESS_LOCAL, 10028 bytes)
[2025-05-22T21:11:11.918+0530] {subprocess.py:93} INFO - 25/05/22 21:11:11 INFO TaskSetManager: Starting task 3.0 in stage 1.0 (TID 4) (10.255.255.254, executor driver, partition 3, PROCESS_LOCAL, 10028 bytes)
[2025-05-22T21:11:11.919+0530] {subprocess.py:93} INFO - 25/05/22 21:11:11 INFO TaskSetManager: Starting task 4.0 in stage 1.0 (TID 5) (10.255.255.254, executor driver, partition 4, PROCESS_LOCAL, 10028 bytes)
[2025-05-22T21:11:11.919+0530] {subprocess.py:93} INFO - 25/05/22 21:11:11 INFO TaskSetManager: Starting task 5.0 in stage 1.0 (TID 6) (10.255.255.254, executor driver, partition 5, PROCESS_LOCAL, 10028 bytes)
[2025-05-22T21:11:11.920+0530] {subprocess.py:93} INFO - 25/05/22 21:11:11 INFO TaskSetManager: Starting task 6.0 in stage 1.0 (TID 7) (10.255.255.254, executor driver, partition 6, PROCESS_LOCAL, 10028 bytes)
[2025-05-22T21:11:11.925+0530] {subprocess.py:93} INFO - 25/05/22 21:11:11 INFO TaskSetManager: Starting task 7.0 in stage 1.0 (TID 8) (10.255.255.254, executor driver, partition 7, PROCESS_LOCAL, 10028 bytes)
[2025-05-22T21:11:11.926+0530] {subprocess.py:93} INFO - 25/05/22 21:11:11 INFO TaskSetManager: Starting task 8.0 in stage 1.0 (TID 9) (10.255.255.254, executor driver, partition 8, PROCESS_LOCAL, 10028 bytes)
[2025-05-22T21:11:11.926+0530] {subprocess.py:93} INFO - 25/05/22 21:11:11 INFO TaskSetManager: Starting task 9.0 in stage 1.0 (TID 10) (10.255.255.254, executor driver, partition 9, PROCESS_LOCAL, 10028 bytes)
[2025-05-22T21:11:11.927+0530] {subprocess.py:93} INFO - 25/05/22 21:11:11 INFO Executor: Running task 0.0 in stage 1.0 (TID 1)
[2025-05-22T21:11:11.928+0530] {subprocess.py:93} INFO - 25/05/22 21:11:11 INFO Executor: Running task 1.0 in stage 1.0 (TID 2)
[2025-05-22T21:11:11.929+0530] {subprocess.py:93} INFO - 25/05/22 21:11:11 INFO Executor: Running task 3.0 in stage 1.0 (TID 4)
[2025-05-22T21:11:11.929+0530] {subprocess.py:93} INFO - 25/05/22 21:11:11 INFO Executor: Running task 2.0 in stage 1.0 (TID 3)
[2025-05-22T21:11:11.929+0530] {subprocess.py:93} INFO - 25/05/22 21:11:11 INFO Executor: Running task 4.0 in stage 1.0 (TID 5)
[2025-05-22T21:11:11.930+0530] {subprocess.py:93} INFO - 25/05/22 21:11:11 INFO Executor: Running task 7.0 in stage 1.0 (TID 8)
[2025-05-22T21:11:11.930+0530] {subprocess.py:93} INFO - 25/05/22 21:11:11 INFO Executor: Running task 6.0 in stage 1.0 (TID 7)
[2025-05-22T21:11:11.931+0530] {subprocess.py:93} INFO - 25/05/22 21:11:11 INFO Executor: Running task 5.0 in stage 1.0 (TID 6)
[2025-05-22T21:11:11.932+0530] {subprocess.py:93} INFO - 25/05/22 21:11:11 INFO Executor: Running task 8.0 in stage 1.0 (TID 9)
[2025-05-22T21:11:11.935+0530] {subprocess.py:93} INFO - 25/05/22 21:11:11 INFO Executor: Running task 9.0 in stage 1.0 (TID 10)
[2025-05-22T21:11:12.091+0530] {subprocess.py:93} INFO - 25/05/22 21:11:12 INFO CodeGenerator: Code generated in 38.357139 ms
[2025-05-22T21:11:12.104+0530] {subprocess.py:93} INFO - 25/05/22 21:11:12 INFO FileOutputCommitter: File Output Committer Algorithm version is 1
[2025-05-22T21:11:12.105+0530] {subprocess.py:93} INFO - 25/05/22 21:11:12 INFO FileOutputCommitter: File Output Committer Algorithm version is 1
[2025-05-22T21:11:12.105+0530] {subprocess.py:93} INFO - 25/05/22 21:11:12 INFO FileOutputCommitter: File Output Committer Algorithm version is 1
[2025-05-22T21:11:12.106+0530] {subprocess.py:93} INFO - 25/05/22 21:11:12 INFO FileOutputCommitter: FileOutputCommitter skip cleanup _temporary folders under output directory:false, ignore cleanup failures: false
[2025-05-22T21:11:12.106+0530] {subprocess.py:93} INFO - 25/05/22 21:11:12 INFO FileOutputCommitter: FileOutputCommitter skip cleanup _temporary folders under output directory:false, ignore cleanup failures: false
[2025-05-22T21:11:12.106+0530] {subprocess.py:93} INFO - 25/05/22 21:11:12 INFO FileOutputCommitter: FileOutputCommitter skip cleanup _temporary folders under output directory:false, ignore cleanup failures: false
[2025-05-22T21:11:12.106+0530] {subprocess.py:93} INFO - 25/05/22 21:11:12 INFO SQLHadoopMapReduceCommitProtocol: Using user defined output committer class org.apache.parquet.hadoop.ParquetOutputCommitter
[2025-05-22T21:11:12.106+0530] {subprocess.py:93} INFO - 25/05/22 21:11:12 INFO FileOutputCommitter: File Output Committer Algorithm version is 1
[2025-05-22T21:11:12.106+0530] {subprocess.py:93} INFO - 25/05/22 21:11:12 INFO SQLHadoopMapReduceCommitProtocol: Using user defined output committer class org.apache.parquet.hadoop.ParquetOutputCommitter
[2025-05-22T21:11:12.107+0530] {subprocess.py:93} INFO - 25/05/22 21:11:12 INFO FileOutputCommitter: File Output Committer Algorithm version is 1
[2025-05-22T21:11:12.107+0530] {subprocess.py:93} INFO - 25/05/22 21:11:12 INFO FileOutputCommitter: FileOutputCommitter skip cleanup _temporary folders under output directory:false, ignore cleanup failures: false
[2025-05-22T21:11:12.107+0530] {subprocess.py:93} INFO - 25/05/22 21:11:12 INFO FileOutputCommitter: FileOutputCommitter skip cleanup _temporary folders under output directory:false, ignore cleanup failures: false
[2025-05-22T21:11:12.107+0530] {subprocess.py:93} INFO - 25/05/22 21:11:12 INFO FileOutputCommitter: File Output Committer Algorithm version is 1
[2025-05-22T21:11:12.107+0530] {subprocess.py:93} INFO - 25/05/22 21:11:12 INFO FileOutputCommitter: FileOutputCommitter skip cleanup _temporary folders under output directory:false, ignore cleanup failures: false
[2025-05-22T21:11:12.107+0530] {subprocess.py:93} INFO - 25/05/22 21:11:12 INFO SQLHadoopMapReduceCommitProtocol: Using output committer class org.apache.parquet.hadoop.ParquetOutputCommitter
[2025-05-22T21:11:12.107+0530] {subprocess.py:93} INFO - 25/05/22 21:11:12 INFO SQLHadoopMapReduceCommitProtocol: Using output committer class org.apache.parquet.hadoop.ParquetOutputCommitter
[2025-05-22T21:11:12.107+0530] {subprocess.py:93} INFO - 25/05/22 21:11:12 INFO FileOutputCommitter: File Output Committer Algorithm version is 1
[2025-05-22T21:11:12.107+0530] {subprocess.py:93} INFO - 25/05/22 21:11:12 INFO FileOutputCommitter: FileOutputCommitter skip cleanup _temporary folders under output directory:false, ignore cleanup failures: false
[2025-05-22T21:11:12.108+0530] {subprocess.py:93} INFO - 25/05/22 21:11:12 INFO FileScanRDD: Reading File path: abfss://nyc-taxi-data@tietoevryproject1.dfs.core.windows.net/part.0.parquet, range: 4194304-8388608, partition values: [empty row]
[2025-05-22T21:11:12.108+0530] {subprocess.py:93} INFO - 25/05/22 21:11:12 INFO SQLHadoopMapReduceCommitProtocol: Using user defined output committer class org.apache.parquet.hadoop.ParquetOutputCommitter
[2025-05-22T21:11:12.109+0530] {subprocess.py:93} INFO - 25/05/22 21:11:12 INFO FileOutputCommitter: File Output Committer Algorithm version is 1
[2025-05-22T21:11:12.109+0530] {subprocess.py:93} INFO - 25/05/22 21:11:12 INFO FileOutputCommitter: File Output Committer Algorithm version is 1
[2025-05-22T21:11:12.109+0530] {subprocess.py:93} INFO - 25/05/22 21:11:12 INFO SQLHadoopMapReduceCommitProtocol: Using user defined output committer class org.apache.parquet.hadoop.ParquetOutputCommitter
[2025-05-22T21:11:12.109+0530] {subprocess.py:93} INFO - 25/05/22 21:11:12 INFO FileOutputCommitter: FileOutputCommitter skip cleanup _temporary folders under output directory:false, ignore cleanup failures: false
[2025-05-22T21:11:12.109+0530] {subprocess.py:93} INFO - 25/05/22 21:11:12 INFO FileOutputCommitter: File Output Committer Algorithm version is 1
[2025-05-22T21:11:12.109+0530] {subprocess.py:93} INFO - 25/05/22 21:11:12 INFO FileOutputCommitter: File Output Committer Algorithm version is 1
[2025-05-22T21:11:12.109+0530] {subprocess.py:93} INFO - 25/05/22 21:11:12 INFO FileOutputCommitter: FileOutputCommitter skip cleanup _temporary folders under output directory:false, ignore cleanup failures: false
[2025-05-22T21:11:12.109+0530] {subprocess.py:93} INFO - 25/05/22 21:11:12 INFO FileOutputCommitter: FileOutputCommitter skip cleanup _temporary folders under output directory:false, ignore cleanup failures: false
[2025-05-22T21:11:12.109+0530] {subprocess.py:93} INFO - 25/05/22 21:11:12 INFO SQLHadoopMapReduceCommitProtocol: Using output committer class org.apache.parquet.hadoop.ParquetOutputCommitter
[2025-05-22T21:11:12.110+0530] {subprocess.py:93} INFO - 25/05/22 21:11:12 INFO SQLHadoopMapReduceCommitProtocol: Using output committer class org.apache.parquet.hadoop.ParquetOutputCommitter
[2025-05-22T21:11:12.110+0530] {subprocess.py:93} INFO - 25/05/22 21:11:12 INFO FileScanRDD: Reading File path: abfss://nyc-taxi-data@tietoevryproject1.dfs.core.windows.net/part.0.parquet, range: 33554432-37748736, partition values: [empty row]
[2025-05-22T21:11:12.110+0530] {subprocess.py:93} INFO - 25/05/22 21:11:12 INFO FileOutputCommitter: File Output Committer Algorithm version is 1
[2025-05-22T21:11:12.110+0530] {subprocess.py:93} INFO - 25/05/22 21:11:12 INFO FileOutputCommitter: FileOutputCommitter skip cleanup _temporary folders under output directory:false, ignore cleanup failures: false
[2025-05-22T21:11:12.110+0530] {subprocess.py:93} INFO - 25/05/22 21:11:12 INFO FileOutputCommitter: File Output Committer Algorithm version is 1
[2025-05-22T21:11:12.110+0530] {subprocess.py:93} INFO - 25/05/22 21:11:12 INFO FileOutputCommitter: FileOutputCommitter skip cleanup _temporary folders under output directory:false, ignore cleanup failures: false
[2025-05-22T21:11:12.110+0530] {subprocess.py:93} INFO - 25/05/22 21:11:12 INFO FileScanRDD: Reading File path: abfss://nyc-taxi-data@tietoevryproject1.dfs.core.windows.net/part.0.parquet, range: 12582912-16777216, partition values: [empty row]
[2025-05-22T21:11:12.111+0530] {subprocess.py:93} INFO - 25/05/22 21:11:12 INFO SQLHadoopMapReduceCommitProtocol: Using user defined output committer class org.apache.parquet.hadoop.ParquetOutputCommitter
[2025-05-22T21:11:12.111+0530] {subprocess.py:93} INFO - 25/05/22 21:11:12 INFO FileOutputCommitter: File Output Committer Algorithm version is 1
[2025-05-22T21:11:12.112+0530] {subprocess.py:93} INFO - 25/05/22 21:11:12 INFO FileOutputCommitter: FileOutputCommitter skip cleanup _temporary folders under output directory:false, ignore cleanup failures: false
[2025-05-22T21:11:12.112+0530] {subprocess.py:93} INFO - 25/05/22 21:11:12 INFO SQLHadoopMapReduceCommitProtocol: Using user defined output committer class org.apache.parquet.hadoop.ParquetOutputCommitter
[2025-05-22T21:11:12.113+0530] {subprocess.py:93} INFO - 25/05/22 21:11:12 INFO FileOutputCommitter: File Output Committer Algorithm version is 1
[2025-05-22T21:11:12.113+0530] {subprocess.py:93} INFO - 25/05/22 21:11:12 INFO FileOutputCommitter: FileOutputCommitter skip cleanup _temporary folders under output directory:false, ignore cleanup failures: false
[2025-05-22T21:11:12.113+0530] {subprocess.py:93} INFO - 25/05/22 21:11:12 INFO SQLHadoopMapReduceCommitProtocol: Using output committer class org.apache.parquet.hadoop.ParquetOutputCommitter
[2025-05-22T21:11:12.113+0530] {subprocess.py:93} INFO - 25/05/22 21:11:12 INFO FileScanRDD: Reading File path: abfss://nyc-taxi-data@tietoevryproject1.dfs.core.windows.net/part.0.parquet, range: 16777216-20971520, partition values: [empty row]
[2025-05-22T21:11:12.114+0530] {subprocess.py:93} INFO - 25/05/22 21:11:12 INFO CodecConfig: Compression: SNAPPY
[2025-05-22T21:11:12.115+0530] {subprocess.py:93} INFO - 25/05/22 21:11:12 INFO SQLHadoopMapReduceCommitProtocol: Using user defined output committer class org.apache.parquet.hadoop.ParquetOutputCommitter
[2025-05-22T21:11:12.115+0530] {subprocess.py:93} INFO - 25/05/22 21:11:12 INFO SQLHadoopMapReduceCommitProtocol: Using user defined output committer class org.apache.parquet.hadoop.ParquetOutputCommitter
[2025-05-22T21:11:12.115+0530] {subprocess.py:93} INFO - 25/05/22 21:11:12 INFO FileOutputCommitter: File Output Committer Algorithm version is 1
[2025-05-22T21:11:12.115+0530] {subprocess.py:93} INFO - 25/05/22 21:11:12 INFO FileOutputCommitter: File Output Committer Algorithm version is 1
[2025-05-22T21:11:12.115+0530] {subprocess.py:93} INFO - 25/05/22 21:11:12 INFO FileOutputCommitter: FileOutputCommitter skip cleanup _temporary folders under output directory:false, ignore cleanup failures: false
[2025-05-22T21:11:12.115+0530] {subprocess.py:93} INFO - 25/05/22 21:11:12 INFO FileOutputCommitter: FileOutputCommitter skip cleanup _temporary folders under output directory:false, ignore cleanup failures: false
[2025-05-22T21:11:12.115+0530] {subprocess.py:93} INFO - 25/05/22 21:11:12 INFO SQLHadoopMapReduceCommitProtocol: Using output committer class org.apache.parquet.hadoop.ParquetOutputCommitter
[2025-05-22T21:11:12.115+0530] {subprocess.py:93} INFO - 25/05/22 21:11:12 INFO SQLHadoopMapReduceCommitProtocol: Using output committer class org.apache.parquet.hadoop.ParquetOutputCommitter
[2025-05-22T21:11:12.116+0530] {subprocess.py:93} INFO - 25/05/22 21:11:12 INFO FileScanRDD: Reading File path: abfss://nyc-taxi-data@tietoevryproject1.dfs.core.windows.net/part.0.parquet, range: 20971520-25165824, partition values: [empty row]
[2025-05-22T21:11:12.116+0530] {subprocess.py:93} INFO - 25/05/22 21:11:12 INFO FileScanRDD: Reading File path: abfss://nyc-taxi-data@tietoevryproject1.dfs.core.windows.net/part.0.parquet, range: 29360128-33554432, partition values: [empty row]
[2025-05-22T21:11:12.117+0530] {subprocess.py:93} INFO - 25/05/22 21:11:12 INFO CodecConfig: Compression: SNAPPY
[2025-05-22T21:11:12.118+0530] {subprocess.py:93} INFO - 25/05/22 21:11:12 INFO FileOutputCommitter: FileOutputCommitter skip cleanup _temporary folders under output directory:false, ignore cleanup failures: false
[2025-05-22T21:11:12.122+0530] {subprocess.py:93} INFO - 25/05/22 21:11:12 INFO SQLHadoopMapReduceCommitProtocol: Using user defined output committer class org.apache.parquet.hadoop.ParquetOutputCommitter
[2025-05-22T21:11:12.123+0530] {subprocess.py:93} INFO - 25/05/22 21:11:12 INFO FileOutputCommitter: File Output Committer Algorithm version is 1
[2025-05-22T21:11:12.123+0530] {subprocess.py:93} INFO - 25/05/22 21:11:12 INFO FileOutputCommitter: FileOutputCommitter skip cleanup _temporary folders under output directory:false, ignore cleanup failures: false
[2025-05-22T21:11:12.123+0530] {subprocess.py:93} INFO - 25/05/22 21:11:12 INFO SQLHadoopMapReduceCommitProtocol: Using user defined output committer class org.apache.parquet.hadoop.ParquetOutputCommitter
[2025-05-22T21:11:12.123+0530] {subprocess.py:93} INFO - 25/05/22 21:11:12 INFO SQLHadoopMapReduceCommitProtocol: Using output committer class org.apache.parquet.hadoop.ParquetOutputCommitter
[2025-05-22T21:11:12.124+0530] {subprocess.py:93} INFO - 25/05/22 21:11:12 INFO FileOutputCommitter: File Output Committer Algorithm version is 1
[2025-05-22T21:11:12.124+0530] {subprocess.py:93} INFO - 25/05/22 21:11:12 INFO FileOutputCommitter: FileOutputCommitter skip cleanup _temporary folders under output directory:false, ignore cleanup failures: false
[2025-05-22T21:11:12.124+0530] {subprocess.py:93} INFO - 25/05/22 21:11:12 INFO FileScanRDD: Reading File path: abfss://nyc-taxi-data@tietoevryproject1.dfs.core.windows.net/part.0.parquet, range: 8388608-12582912, partition values: [empty row]
[2025-05-22T21:11:12.124+0530] {subprocess.py:93} INFO - 25/05/22 21:11:12 INFO SQLHadoopMapReduceCommitProtocol: Using output committer class org.apache.parquet.hadoop.ParquetOutputCommitter
[2025-05-22T21:11:12.124+0530] {subprocess.py:93} INFO - 25/05/22 21:11:12 INFO FileScanRDD: Reading File path: abfss://nyc-taxi-data@tietoevryproject1.dfs.core.windows.net/part.0.parquet, range: 25165824-29360128, partition values: [empty row]
[2025-05-22T21:11:12.124+0530] {subprocess.py:93} INFO - 25/05/22 21:11:12 INFO FileOutputCommitter: File Output Committer Algorithm version is 1
[2025-05-22T21:11:12.124+0530] {subprocess.py:93} INFO - 25/05/22 21:11:12 INFO FileOutputCommitter: FileOutputCommitter skip cleanup _temporary folders under output directory:false, ignore cleanup failures: false
[2025-05-22T21:11:12.131+0530] {subprocess.py:93} INFO - 25/05/22 21:11:12 INFO SQLHadoopMapReduceCommitProtocol: Using output committer class org.apache.parquet.hadoop.ParquetOutputCommitter
[2025-05-22T21:11:12.131+0530] {subprocess.py:93} INFO - 25/05/22 21:11:12 INFO FileScanRDD: Reading File path: abfss://nyc-taxi-data@tietoevryproject1.dfs.core.windows.net/part.0.parquet, range: 37748736-38266309, partition values: [empty row]
[2025-05-22T21:11:12.146+0530] {subprocess.py:93} INFO - 25/05/22 21:11:12 INFO ParquetOutputFormat: ParquetRecordWriter [block size: 134217728b, row group padding size: 8388608b, validating: false]
[2025-05-22T21:11:12.165+0530] {subprocess.py:93} INFO - 25/05/22 21:11:12 INFO ParquetWriteSupport: Initialized Parquet WriteSupport with Catalyst schema:
[2025-05-22T21:11:12.165+0530] {subprocess.py:93} INFO - {
[2025-05-22T21:11:12.165+0530] {subprocess.py:93} INFO -   "type" : "struct",
[2025-05-22T21:11:12.166+0530] {subprocess.py:93} INFO -   "fields" : [ {
[2025-05-22T21:11:12.166+0530] {subprocess.py:93} INFO -     "name" : "VendorID",
[2025-05-22T21:11:12.166+0530] {subprocess.py:93} INFO -     "type" : "short",
[2025-05-22T21:11:12.166+0530] {subprocess.py:93} INFO -     "nullable" : true,
[2025-05-22T21:11:12.166+0530] {subprocess.py:93} INFO -     "metadata" : { }
[2025-05-22T21:11:12.166+0530] {subprocess.py:93} INFO -   }, {
[2025-05-22T21:11:12.166+0530] {subprocess.py:93} INFO -     "name" : "tpep_pickup_datetime",
[2025-05-22T21:11:12.167+0530] {subprocess.py:93} INFO -     "type" : "timestamp_ntz",
[2025-05-22T21:11:12.167+0530] {subprocess.py:93} INFO -     "nullable" : true,
[2025-05-22T21:11:12.167+0530] {subprocess.py:93} INFO -     "metadata" : { }
[2025-05-22T21:11:12.167+0530] {subprocess.py:93} INFO -   }, {
[2025-05-22T21:11:12.167+0530] {subprocess.py:93} INFO -     "name" : "tpep_dropoff_datetime",
[2025-05-22T21:11:12.167+0530] {subprocess.py:93} INFO -     "type" : "timestamp_ntz",
[2025-05-22T21:11:12.167+0530] {subprocess.py:93} INFO -     "nullable" : true,
[2025-05-22T21:11:12.167+0530] {subprocess.py:93} INFO -     "metadata" : { }
[2025-05-22T21:11:12.167+0530] {subprocess.py:93} INFO -   }, {
[2025-05-22T21:11:12.167+0530] {subprocess.py:93} INFO -     "name" : "passenger_count",
[2025-05-22T21:11:12.168+0530] {subprocess.py:93} INFO -     "type" : "short",
[2025-05-22T21:11:12.168+0530] {subprocess.py:93} INFO -     "nullable" : true,
[2025-05-22T21:11:12.168+0530] {subprocess.py:93} INFO -     "metadata" : { }
[2025-05-22T21:11:12.168+0530] {subprocess.py:93} INFO -   }, {
[2025-05-22T21:11:12.168+0530] {subprocess.py:93} INFO -     "name" : "trip_distance",
[2025-05-22T21:11:12.168+0530] {subprocess.py:93} INFO -     "type" : "double",
[2025-05-22T21:11:12.168+0530] {subprocess.py:93} INFO -     "nullable" : true,
[2025-05-22T21:11:12.168+0530] {subprocess.py:93} INFO -     "metadata" : { }
[2025-05-22T21:11:12.168+0530] {subprocess.py:93} INFO -   }, {
[2025-05-22T21:11:12.168+0530] {subprocess.py:93} INFO -     "name" : "RatecodeID",
[2025-05-22T21:11:12.168+0530] {subprocess.py:93} INFO -     "type" : "short",
[2025-05-22T21:11:12.168+0530] {subprocess.py:93} INFO -     "nullable" : true,
[2025-05-22T21:11:12.168+0530] {subprocess.py:93} INFO -     "metadata" : { }
[2025-05-22T21:11:12.169+0530] {subprocess.py:93} INFO -   }, {
[2025-05-22T21:11:12.169+0530] {subprocess.py:93} INFO -     "name" : "store_and_fwd_flag",
[2025-05-22T21:11:12.169+0530] {subprocess.py:93} INFO -     "type" : "string",
[2025-05-22T21:11:12.169+0530] {subprocess.py:93} INFO -     "nullable" : true,
[2025-05-22T21:11:12.169+0530] {subprocess.py:93} INFO -     "metadata" : { }
[2025-05-22T21:11:12.169+0530] {subprocess.py:93} INFO -   }, {
[2025-05-22T21:11:12.169+0530] {subprocess.py:93} INFO -     "name" : "PULocationID",
[2025-05-22T21:11:12.169+0530] {subprocess.py:93} INFO -     "type" : "integer",
[2025-05-22T21:11:12.169+0530] {subprocess.py:93} INFO -     "nullable" : true,
[2025-05-22T21:11:12.169+0530] {subprocess.py:93} INFO -     "metadata" : { }
[2025-05-22T21:11:12.169+0530] {subprocess.py:93} INFO -   }, {
[2025-05-22T21:11:12.169+0530] {subprocess.py:93} INFO -     "name" : "DOLocationID",
[2025-05-22T21:11:12.169+0530] {subprocess.py:93} INFO -     "type" : "integer",
[2025-05-22T21:11:12.169+0530] {subprocess.py:93} INFO -     "nullable" : true,
[2025-05-22T21:11:12.170+0530] {subprocess.py:93} INFO -     "metadata" : { }
[2025-05-22T21:11:12.170+0530] {subprocess.py:93} INFO -   }, {
[2025-05-22T21:11:12.170+0530] {subprocess.py:93} INFO -     "name" : "payment_type",
[2025-05-22T21:11:12.170+0530] {subprocess.py:93} INFO -     "type" : "short",
[2025-05-22T21:11:12.170+0530] {subprocess.py:93} INFO -     "nullable" : true,
[2025-05-22T21:11:12.170+0530] {subprocess.py:93} INFO -     "metadata" : { }
[2025-05-22T21:11:12.170+0530] {subprocess.py:93} INFO -   }, {
[2025-05-22T21:11:12.170+0530] {subprocess.py:93} INFO -     "name" : "fare_amount",
[2025-05-22T21:11:12.170+0530] {subprocess.py:93} INFO -     "type" : "double",
[2025-05-22T21:11:12.170+0530] {subprocess.py:93} INFO -     "nullable" : true,
[2025-05-22T21:11:12.170+0530] {subprocess.py:93} INFO -     "metadata" : { }
[2025-05-22T21:11:12.170+0530] {subprocess.py:93} INFO -   }, {
[2025-05-22T21:11:12.170+0530] {subprocess.py:93} INFO -     "name" : "extra",
[2025-05-22T21:11:12.170+0530] {subprocess.py:93} INFO -     "type" : "double",
[2025-05-22T21:11:12.171+0530] {subprocess.py:93} INFO -     "nullable" : true,
[2025-05-22T21:11:12.171+0530] {subprocess.py:93} INFO -     "metadata" : { }
[2025-05-22T21:11:12.171+0530] {subprocess.py:93} INFO -   }, {
[2025-05-22T21:11:12.171+0530] {subprocess.py:93} INFO -     "name" : "mta_tax",
[2025-05-22T21:11:12.171+0530] {subprocess.py:93} INFO -     "type" : "double",
[2025-05-22T21:11:12.171+0530] {subprocess.py:93} INFO -     "nullable" : true,
[2025-05-22T21:11:12.171+0530] {subprocess.py:93} INFO -     "metadata" : { }
[2025-05-22T21:11:12.171+0530] {subprocess.py:93} INFO -   }, {
[2025-05-22T21:11:12.171+0530] {subprocess.py:93} INFO -     "name" : "tip_amount",
[2025-05-22T21:11:12.172+0530] {subprocess.py:93} INFO -     "type" : "double",
[2025-05-22T21:11:12.172+0530] {subprocess.py:93} INFO -     "nullable" : true,
[2025-05-22T21:11:12.172+0530] {subprocess.py:93} INFO -     "metadata" : { }
[2025-05-22T21:11:12.172+0530] {subprocess.py:93} INFO -   }, {
[2025-05-22T21:11:12.172+0530] {subprocess.py:93} INFO -     "name" : "tolls_amount",
[2025-05-22T21:11:12.172+0530] {subprocess.py:93} INFO -     "type" : "double",
[2025-05-22T21:11:12.172+0530] {subprocess.py:93} INFO -     "nullable" : true,
[2025-05-22T21:11:12.172+0530] {subprocess.py:93} INFO -     "metadata" : { }
[2025-05-22T21:11:12.172+0530] {subprocess.py:93} INFO -   }, {
[2025-05-22T21:11:12.172+0530] {subprocess.py:93} INFO -     "name" : "improvement_surcharge",
[2025-05-22T21:11:12.172+0530] {subprocess.py:93} INFO -     "type" : "double",
[2025-05-22T21:11:12.173+0530] {subprocess.py:93} INFO -     "nullable" : true,
[2025-05-22T21:11:12.173+0530] {subprocess.py:93} INFO -     "metadata" : { }
[2025-05-22T21:11:12.173+0530] {subprocess.py:93} INFO -   }, {
[2025-05-22T21:11:12.173+0530] {subprocess.py:93} INFO -     "name" : "total_amount",
[2025-05-22T21:11:12.173+0530] {subprocess.py:93} INFO -     "type" : "double",
[2025-05-22T21:11:12.173+0530] {subprocess.py:93} INFO -     "nullable" : true,
[2025-05-22T21:11:12.173+0530] {subprocess.py:93} INFO -     "metadata" : { }
[2025-05-22T21:11:12.173+0530] {subprocess.py:93} INFO -   }, {
[2025-05-22T21:11:12.173+0530] {subprocess.py:93} INFO -     "name" : "congestion_surcharge",
[2025-05-22T21:11:12.173+0530] {subprocess.py:93} INFO -     "type" : "double",
[2025-05-22T21:11:12.173+0530] {subprocess.py:93} INFO -     "nullable" : true,
[2025-05-22T21:11:12.173+0530] {subprocess.py:93} INFO -     "metadata" : { }
[2025-05-22T21:11:12.173+0530] {subprocess.py:93} INFO -   }, {
[2025-05-22T21:11:12.174+0530] {subprocess.py:93} INFO -     "name" : "__null_dask_index__",
[2025-05-22T21:11:12.174+0530] {subprocess.py:93} INFO -     "type" : "long",
[2025-05-22T21:11:12.174+0530] {subprocess.py:93} INFO -     "nullable" : true,
[2025-05-22T21:11:12.174+0530] {subprocess.py:93} INFO -     "metadata" : { }
[2025-05-22T21:11:12.174+0530] {subprocess.py:93} INFO -   } ]
[2025-05-22T21:11:12.174+0530] {subprocess.py:93} INFO - }
[2025-05-22T21:11:12.174+0530] {subprocess.py:93} INFO - and corresponding Parquet message type:
[2025-05-22T21:11:12.174+0530] {subprocess.py:93} INFO - message spark_schema {
[2025-05-22T21:11:12.174+0530] {subprocess.py:93} INFO -   optional int32 VendorID (INTEGER(16,true));
[2025-05-22T21:11:12.174+0530] {subprocess.py:93} INFO -   optional int64 tpep_pickup_datetime (TIMESTAMP(MICROS,false));
[2025-05-22T21:11:12.174+0530] {subprocess.py:93} INFO -   optional int64 tpep_dropoff_datetime (TIMESTAMP(MICROS,false));
[2025-05-22T21:11:12.174+0530] {subprocess.py:93} INFO -   optional int32 passenger_count (INTEGER(16,true));
[2025-05-22T21:11:12.174+0530] {subprocess.py:93} INFO -   optional double trip_distance;
[2025-05-22T21:11:12.174+0530] {subprocess.py:93} INFO -   optional int32 RatecodeID (INTEGER(16,true));
[2025-05-22T21:11:12.175+0530] {subprocess.py:93} INFO -   optional binary store_and_fwd_flag (STRING);
[2025-05-22T21:11:12.175+0530] {subprocess.py:93} INFO -   optional int32 PULocationID;
[2025-05-22T21:11:12.175+0530] {subprocess.py:93} INFO -   optional int32 DOLocationID;
[2025-05-22T21:11:12.175+0530] {subprocess.py:93} INFO -   optional int32 payment_type (INTEGER(16,true));
[2025-05-22T21:11:12.175+0530] {subprocess.py:93} INFO -   optional double fare_amount;
[2025-05-22T21:11:12.175+0530] {subprocess.py:93} INFO -   optional double extra;
[2025-05-22T21:11:12.175+0530] {subprocess.py:93} INFO -   optional double mta_tax;
[2025-05-22T21:11:12.175+0530] {subprocess.py:93} INFO -   optional double tip_amount;
[2025-05-22T21:11:12.175+0530] {subprocess.py:93} INFO -   optional double tolls_amount;
[2025-05-22T21:11:12.175+0530] {subprocess.py:93} INFO -   optional double improvement_surcharge;
[2025-05-22T21:11:12.175+0530] {subprocess.py:93} INFO -   optional double total_amount;
[2025-05-22T21:11:12.176+0530] {subprocess.py:93} INFO -   optional double congestion_surcharge;
[2025-05-22T21:11:12.176+0530] {subprocess.py:93} INFO -   optional int64 __null_dask_index__;
[2025-05-22T21:11:12.176+0530] {subprocess.py:93} INFO - }
[2025-05-22T21:11:12.176+0530] {subprocess.py:93} INFO - 
[2025-05-22T21:11:12.176+0530] {subprocess.py:93} INFO - 
[2025-05-22T21:11:12.193+0530] {subprocess.py:93} INFO - 25/05/22 21:11:12 INFO CodecPool: Got brand-new compressor [.snappy]
[2025-05-22T21:11:12.392+0530] {subprocess.py:93} INFO - 25/05/22 21:11:12 INFO FileScanRDD: Reading File path: abfss://nyc-taxi-data@tietoevryproject1.dfs.core.windows.net/part.0.parquet, range: 0-4194304, partition values: [empty row]
[2025-05-22T21:11:13.792+0530] {subprocess.py:93} INFO - 25/05/22 21:11:13 INFO SparkHadoopMapRedUtil: No need to commit output of task because needsTaskCommit=false: attempt_202505222111114118993524926630395_0001_m_000001_2
[2025-05-22T21:11:13.805+0530] {subprocess.py:93} INFO - 25/05/22 21:11:13 INFO Executor: Finished task 1.0 in stage 1.0 (TID 2). 2692 bytes result sent to driver
[2025-05-22T21:11:13.807+0530] {subprocess.py:93} INFO - 25/05/22 21:11:13 INFO TaskSetManager: Finished task 1.0 in stage 1.0 (TID 2) in 1891 ms on 10.255.255.254 (executor driver) (1/10)
[2025-05-22T21:11:14.363+0530] {subprocess.py:93} INFO - 25/05/22 21:11:14 INFO SparkHadoopMapRedUtil: No need to commit output of task because needsTaskCommit=false: attempt_202505222111114118993524926630395_0001_m_000003_4
[2025-05-22T21:11:14.371+0530] {subprocess.py:93} INFO - 25/05/22 21:11:14 INFO Executor: Finished task 3.0 in stage 1.0 (TID 4). 2692 bytes result sent to driver
[2025-05-22T21:11:14.376+0530] {subprocess.py:93} INFO - 25/05/22 21:11:14 INFO TaskSetManager: Finished task 3.0 in stage 1.0 (TID 4) in 2456 ms on 10.255.255.254 (executor driver) (2/10)
[2025-05-22T21:11:14.383+0530] {subprocess.py:93} INFO - 25/05/22 21:11:14 INFO SparkHadoopMapRedUtil: No need to commit output of task because needsTaskCommit=false: attempt_202505222111114118993524926630395_0001_m_000008_9
[2025-05-22T21:11:14.384+0530] {subprocess.py:93} INFO - 25/05/22 21:11:14 INFO SparkHadoopMapRedUtil: No need to commit output of task because needsTaskCommit=false: attempt_202505222111114118993524926630395_0001_m_000005_6
[2025-05-22T21:11:14.385+0530] {subprocess.py:93} INFO - 25/05/22 21:11:14 INFO Executor: Finished task 5.0 in stage 1.0 (TID 6). 2649 bytes result sent to driver
[2025-05-22T21:11:14.386+0530] {subprocess.py:93} INFO - 25/05/22 21:11:14 INFO Executor: Finished task 8.0 in stage 1.0 (TID 9). 2649 bytes result sent to driver
[2025-05-22T21:11:14.387+0530] {subprocess.py:93} INFO - 25/05/22 21:11:14 INFO TaskSetManager: Finished task 8.0 in stage 1.0 (TID 9) in 2462 ms on 10.255.255.254 (executor driver) (3/10)
[2025-05-22T21:11:14.387+0530] {subprocess.py:93} INFO - 25/05/22 21:11:14 INFO TaskSetManager: Finished task 5.0 in stage 1.0 (TID 6) in 2468 ms on 10.255.255.254 (executor driver) (4/10)
[2025-05-22T21:11:14.480+0530] {subprocess.py:93} INFO - 25/05/22 21:11:14 INFO SparkHadoopMapRedUtil: No need to commit output of task because needsTaskCommit=false: attempt_202505222111114118993524926630395_0001_m_000006_7
[2025-05-22T21:11:14.486+0530] {subprocess.py:93} INFO - 25/05/22 21:11:14 INFO Executor: Finished task 6.0 in stage 1.0 (TID 7). 2692 bytes result sent to driver
[2025-05-22T21:11:14.488+0530] {subprocess.py:93} INFO - 25/05/22 21:11:14 INFO TaskSetManager: Finished task 6.0 in stage 1.0 (TID 7) in 2568 ms on 10.255.255.254 (executor driver) (5/10)
[2025-05-22T21:11:14.497+0530] {subprocess.py:93} INFO - 25/05/22 21:11:14 INFO SparkHadoopMapRedUtil: No need to commit output of task because needsTaskCommit=false: attempt_202505222111114118993524926630395_0001_m_000007_8
[2025-05-22T21:11:14.500+0530] {subprocess.py:93} INFO - 25/05/22 21:11:14 INFO Executor: Finished task 7.0 in stage 1.0 (TID 8). 2649 bytes result sent to driver
[2025-05-22T21:11:14.502+0530] {subprocess.py:93} INFO - 25/05/22 21:11:14 INFO TaskSetManager: Finished task 7.0 in stage 1.0 (TID 8) in 2581 ms on 10.255.255.254 (executor driver) (6/10)
[2025-05-22T21:11:14.524+0530] {subprocess.py:93} INFO - 25/05/22 21:11:14 INFO SparkHadoopMapRedUtil: No need to commit output of task because needsTaskCommit=false: attempt_202505222111114118993524926630395_0001_m_000002_3
[2025-05-22T21:11:14.529+0530] {subprocess.py:93} INFO - 25/05/22 21:11:14 INFO Executor: Finished task 2.0 in stage 1.0 (TID 3). 2692 bytes result sent to driver
[2025-05-22T21:11:14.530+0530] {subprocess.py:93} INFO - 25/05/22 21:11:14 INFO TaskSetManager: Finished task 2.0 in stage 1.0 (TID 3) in 2613 ms on 10.255.255.254 (executor driver) (7/10)
[2025-05-22T21:11:14.536+0530] {subprocess.py:93} INFO - 25/05/22 21:11:14 INFO SparkHadoopMapRedUtil: No need to commit output of task because needsTaskCommit=false: attempt_202505222111114118993524926630395_0001_m_000009_10
[2025-05-22T21:11:14.537+0530] {subprocess.py:93} INFO - 25/05/22 21:11:14 INFO Executor: Finished task 9.0 in stage 1.0 (TID 10). 2649 bytes result sent to driver
[2025-05-22T21:11:14.538+0530] {subprocess.py:93} INFO - 25/05/22 21:11:14 INFO TaskSetManager: Finished task 9.0 in stage 1.0 (TID 10) in 2612 ms on 10.255.255.254 (executor driver) (8/10)
[2025-05-22T21:11:14.808+0530] {subprocess.py:93} INFO - 25/05/22 21:11:14 INFO FileOutputCommitter: Saved output of task 'attempt_202505222111114118993524926630395_0001_m_000000_1' to file:/home/pranav_shirali/airflow-project/scripts/ETL/nyc_taxi_extracted.parquet/_temporary/0/task_202505222111114118993524926630395_0001_m_000000
[2025-05-22T21:11:14.808+0530] {subprocess.py:93} INFO - 25/05/22 21:11:14 INFO SparkHadoopMapRedUtil: attempt_202505222111114118993524926630395_0001_m_000000_1: Committed. Elapsed time: 0 ms.
[2025-05-22T21:11:14.831+0530] {subprocess.py:93} INFO - 25/05/22 21:11:14 INFO Executor: Finished task 0.0 in stage 1.0 (TID 1). 2735 bytes result sent to driver
[2025-05-22T21:11:14.832+0530] {subprocess.py:93} INFO - 25/05/22 21:11:14 INFO TaskSetManager: Finished task 0.0 in stage 1.0 (TID 1) in 2919 ms on 10.255.255.254 (executor driver) (9/10)
[2025-05-22T21:11:54.297+0530] {subprocess.py:93} INFO - 25/05/22 21:11:54 INFO CodecConfig: Compression: SNAPPY
[2025-05-22T21:11:54.298+0530] {subprocess.py:93} INFO - 25/05/22 21:11:54 INFO CodecConfig: Compression: SNAPPY
[2025-05-22T21:11:54.299+0530] {subprocess.py:93} INFO - 25/05/22 21:11:54 INFO ParquetOutputFormat: ParquetRecordWriter [block size: 134217728b, row group padding size: 8388608b, validating: false]
[2025-05-22T21:11:54.301+0530] {subprocess.py:93} INFO - 25/05/22 21:11:54 INFO ParquetWriteSupport: Initialized Parquet WriteSupport with Catalyst schema:
[2025-05-22T21:11:54.301+0530] {subprocess.py:93} INFO - {
[2025-05-22T21:11:54.301+0530] {subprocess.py:93} INFO -   "type" : "struct",
[2025-05-22T21:11:54.301+0530] {subprocess.py:93} INFO -   "fields" : [ {
[2025-05-22T21:11:54.302+0530] {subprocess.py:93} INFO -     "name" : "VendorID",
[2025-05-22T21:11:54.302+0530] {subprocess.py:93} INFO -     "type" : "short",
[2025-05-22T21:11:54.302+0530] {subprocess.py:93} INFO -     "nullable" : true,
[2025-05-22T21:11:54.302+0530] {subprocess.py:93} INFO -     "metadata" : { }
[2025-05-22T21:11:54.302+0530] {subprocess.py:93} INFO -   }, {
[2025-05-22T21:11:54.302+0530] {subprocess.py:93} INFO -     "name" : "tpep_pickup_datetime",
[2025-05-22T21:11:54.302+0530] {subprocess.py:93} INFO -     "type" : "timestamp_ntz",
[2025-05-22T21:11:54.302+0530] {subprocess.py:93} INFO -     "nullable" : true,
[2025-05-22T21:11:54.302+0530] {subprocess.py:93} INFO -     "metadata" : { }
[2025-05-22T21:11:54.302+0530] {subprocess.py:93} INFO -   }, {
[2025-05-22T21:11:54.302+0530] {subprocess.py:93} INFO -     "name" : "tpep_dropoff_datetime",
[2025-05-22T21:11:54.302+0530] {subprocess.py:93} INFO -     "type" : "timestamp_ntz",
[2025-05-22T21:11:54.302+0530] {subprocess.py:93} INFO -     "nullable" : true,
[2025-05-22T21:11:54.302+0530] {subprocess.py:93} INFO -     "metadata" : { }
[2025-05-22T21:11:54.302+0530] {subprocess.py:93} INFO -   }, {
[2025-05-22T21:11:54.303+0530] {subprocess.py:93} INFO -     "name" : "passenger_count",
[2025-05-22T21:11:54.303+0530] {subprocess.py:93} INFO -     "type" : "short",
[2025-05-22T21:11:54.303+0530] {subprocess.py:93} INFO -     "nullable" : true,
[2025-05-22T21:11:54.303+0530] {subprocess.py:93} INFO -     "metadata" : { }
[2025-05-22T21:11:54.303+0530] {subprocess.py:93} INFO -   }, {
[2025-05-22T21:11:54.303+0530] {subprocess.py:93} INFO -     "name" : "trip_distance",
[2025-05-22T21:11:54.303+0530] {subprocess.py:93} INFO -     "type" : "double",
[2025-05-22T21:11:54.303+0530] {subprocess.py:93} INFO -     "nullable" : true,
[2025-05-22T21:11:54.303+0530] {subprocess.py:93} INFO -     "metadata" : { }
[2025-05-22T21:11:54.303+0530] {subprocess.py:93} INFO -   }, {
[2025-05-22T21:11:54.303+0530] {subprocess.py:93} INFO -     "name" : "RatecodeID",
[2025-05-22T21:11:54.303+0530] {subprocess.py:93} INFO -     "type" : "short",
[2025-05-22T21:11:54.303+0530] {subprocess.py:93} INFO -     "nullable" : true,
[2025-05-22T21:11:54.303+0530] {subprocess.py:93} INFO -     "metadata" : { }
[2025-05-22T21:11:54.303+0530] {subprocess.py:93} INFO -   }, {
[2025-05-22T21:11:54.303+0530] {subprocess.py:93} INFO -     "name" : "store_and_fwd_flag",
[2025-05-22T21:11:54.304+0530] {subprocess.py:93} INFO -     "type" : "string",
[2025-05-22T21:11:54.304+0530] {subprocess.py:93} INFO -     "nullable" : true,
[2025-05-22T21:11:54.304+0530] {subprocess.py:93} INFO -     "metadata" : { }
[2025-05-22T21:11:54.304+0530] {subprocess.py:93} INFO -   }, {
[2025-05-22T21:11:54.304+0530] {subprocess.py:93} INFO -     "name" : "PULocationID",
[2025-05-22T21:11:54.304+0530] {subprocess.py:93} INFO -     "type" : "integer",
[2025-05-22T21:11:54.304+0530] {subprocess.py:93} INFO -     "nullable" : true,
[2025-05-22T21:11:54.304+0530] {subprocess.py:93} INFO -     "metadata" : { }
[2025-05-22T21:11:54.304+0530] {subprocess.py:93} INFO -   }, {
[2025-05-22T21:11:54.304+0530] {subprocess.py:93} INFO -     "name" : "DOLocationID",
[2025-05-22T21:11:54.304+0530] {subprocess.py:93} INFO -     "type" : "integer",
[2025-05-22T21:11:54.304+0530] {subprocess.py:93} INFO -     "nullable" : true,
[2025-05-22T21:11:54.304+0530] {subprocess.py:93} INFO -     "metadata" : { }
[2025-05-22T21:11:54.305+0530] {subprocess.py:93} INFO -   }, {
[2025-05-22T21:11:54.305+0530] {subprocess.py:93} INFO -     "name" : "payment_type",
[2025-05-22T21:11:54.305+0530] {subprocess.py:93} INFO -     "type" : "short",
[2025-05-22T21:11:54.305+0530] {subprocess.py:93} INFO -     "nullable" : true,
[2025-05-22T21:11:54.305+0530] {subprocess.py:93} INFO -     "metadata" : { }
[2025-05-22T21:11:54.305+0530] {subprocess.py:93} INFO -   }, {
[2025-05-22T21:11:54.305+0530] {subprocess.py:93} INFO -     "name" : "fare_amount",
[2025-05-22T21:11:54.305+0530] {subprocess.py:93} INFO -     "type" : "double",
[2025-05-22T21:11:54.305+0530] {subprocess.py:93} INFO -     "nullable" : true,
[2025-05-22T21:11:54.305+0530] {subprocess.py:93} INFO -     "metadata" : { }
[2025-05-22T21:11:54.305+0530] {subprocess.py:93} INFO -   }, {
[2025-05-22T21:11:54.305+0530] {subprocess.py:93} INFO -     "name" : "extra",
[2025-05-22T21:11:54.306+0530] {subprocess.py:93} INFO -     "type" : "double",
[2025-05-22T21:11:54.306+0530] {subprocess.py:93} INFO -     "nullable" : true,
[2025-05-22T21:11:54.306+0530] {subprocess.py:93} INFO -     "metadata" : { }
[2025-05-22T21:11:54.306+0530] {subprocess.py:93} INFO -   }, {
[2025-05-22T21:11:54.306+0530] {subprocess.py:93} INFO -     "name" : "mta_tax",
[2025-05-22T21:11:54.306+0530] {subprocess.py:93} INFO -     "type" : "double",
[2025-05-22T21:11:54.306+0530] {subprocess.py:93} INFO -     "nullable" : true,
[2025-05-22T21:11:54.306+0530] {subprocess.py:93} INFO -     "metadata" : { }
[2025-05-22T21:11:54.306+0530] {subprocess.py:93} INFO -   }, {
[2025-05-22T21:11:54.306+0530] {subprocess.py:93} INFO -     "name" : "tip_amount",
[2025-05-22T21:11:54.306+0530] {subprocess.py:93} INFO -     "type" : "double",
[2025-05-22T21:11:54.306+0530] {subprocess.py:93} INFO -     "nullable" : true,
[2025-05-22T21:11:54.307+0530] {subprocess.py:93} INFO -     "metadata" : { }
[2025-05-22T21:11:54.307+0530] {subprocess.py:93} INFO -   }, {
[2025-05-22T21:11:54.307+0530] {subprocess.py:93} INFO -     "name" : "tolls_amount",
[2025-05-22T21:11:54.307+0530] {subprocess.py:93} INFO -     "type" : "double",
[2025-05-22T21:11:54.307+0530] {subprocess.py:93} INFO -     "nullable" : true,
[2025-05-22T21:11:54.307+0530] {subprocess.py:93} INFO -     "metadata" : { }
[2025-05-22T21:11:54.307+0530] {subprocess.py:93} INFO -   }, {
[2025-05-22T21:11:54.307+0530] {subprocess.py:93} INFO -     "name" : "improvement_surcharge",
[2025-05-22T21:11:54.307+0530] {subprocess.py:93} INFO -     "type" : "double",
[2025-05-22T21:11:54.307+0530] {subprocess.py:93} INFO -     "nullable" : true,
[2025-05-22T21:11:54.307+0530] {subprocess.py:93} INFO -     "metadata" : { }
[2025-05-22T21:11:54.308+0530] {subprocess.py:93} INFO -   }, {
[2025-05-22T21:11:54.308+0530] {subprocess.py:93} INFO -     "name" : "total_amount",
[2025-05-22T21:11:54.308+0530] {subprocess.py:93} INFO -     "type" : "double",
[2025-05-22T21:11:54.308+0530] {subprocess.py:93} INFO -     "nullable" : true,
[2025-05-22T21:11:54.308+0530] {subprocess.py:93} INFO -     "metadata" : { }
[2025-05-22T21:11:54.308+0530] {subprocess.py:93} INFO -   }, {
[2025-05-22T21:11:54.308+0530] {subprocess.py:93} INFO -     "name" : "congestion_surcharge",
[2025-05-22T21:11:54.308+0530] {subprocess.py:93} INFO -     "type" : "double",
[2025-05-22T21:11:54.308+0530] {subprocess.py:93} INFO -     "nullable" : true,
[2025-05-22T21:11:54.308+0530] {subprocess.py:93} INFO -     "metadata" : { }
[2025-05-22T21:11:54.308+0530] {subprocess.py:93} INFO -   }, {
[2025-05-22T21:11:54.308+0530] {subprocess.py:93} INFO -     "name" : "__null_dask_index__",
[2025-05-22T21:11:54.308+0530] {subprocess.py:93} INFO -     "type" : "long",
[2025-05-22T21:11:54.308+0530] {subprocess.py:93} INFO -     "nullable" : true,
[2025-05-22T21:11:54.308+0530] {subprocess.py:93} INFO -     "metadata" : { }
[2025-05-22T21:11:54.309+0530] {subprocess.py:93} INFO -   } ]
[2025-05-22T21:11:54.309+0530] {subprocess.py:93} INFO - }
[2025-05-22T21:11:54.309+0530] {subprocess.py:93} INFO - and corresponding Parquet message type:
[2025-05-22T21:11:54.309+0530] {subprocess.py:93} INFO - message spark_schema {
[2025-05-22T21:11:54.309+0530] {subprocess.py:93} INFO -   optional int32 VendorID (INTEGER(16,true));
[2025-05-22T21:11:54.309+0530] {subprocess.py:93} INFO -   optional int64 tpep_pickup_datetime (TIMESTAMP(MICROS,false));
[2025-05-22T21:11:54.309+0530] {subprocess.py:93} INFO -   optional int64 tpep_dropoff_datetime (TIMESTAMP(MICROS,false));
[2025-05-22T21:11:54.309+0530] {subprocess.py:93} INFO -   optional int32 passenger_count (INTEGER(16,true));
[2025-05-22T21:11:54.309+0530] {subprocess.py:93} INFO -   optional double trip_distance;
[2025-05-22T21:11:54.309+0530] {subprocess.py:93} INFO -   optional int32 RatecodeID (INTEGER(16,true));
[2025-05-22T21:11:54.309+0530] {subprocess.py:93} INFO -   optional binary store_and_fwd_flag (STRING);
[2025-05-22T21:11:54.309+0530] {subprocess.py:93} INFO -   optional int32 PULocationID;
[2025-05-22T21:11:54.309+0530] {subprocess.py:93} INFO -   optional int32 DOLocationID;
[2025-05-22T21:11:54.309+0530] {subprocess.py:93} INFO -   optional int32 payment_type (INTEGER(16,true));
[2025-05-22T21:11:54.309+0530] {subprocess.py:93} INFO -   optional double fare_amount;
[2025-05-22T21:11:54.309+0530] {subprocess.py:93} INFO -   optional double extra;
[2025-05-22T21:11:54.310+0530] {subprocess.py:93} INFO -   optional double mta_tax;
[2025-05-22T21:11:54.310+0530] {subprocess.py:93} INFO -   optional double tip_amount;
[2025-05-22T21:11:54.310+0530] {subprocess.py:93} INFO -   optional double tolls_amount;
[2025-05-22T21:11:54.310+0530] {subprocess.py:93} INFO -   optional double improvement_surcharge;
[2025-05-22T21:11:54.310+0530] {subprocess.py:93} INFO -   optional double total_amount;
[2025-05-22T21:11:54.310+0530] {subprocess.py:93} INFO -   optional double congestion_surcharge;
[2025-05-22T21:11:54.310+0530] {subprocess.py:93} INFO -   optional int64 __null_dask_index__;
[2025-05-22T21:11:54.310+0530] {subprocess.py:93} INFO - }
[2025-05-22T21:11:54.310+0530] {subprocess.py:93} INFO - 
[2025-05-22T21:11:54.310+0530] {subprocess.py:93} INFO - 
[2025-05-22T21:11:56.862+0530] {subprocess.py:93} INFO - 25/05/22 21:11:56 INFO FileOutputCommitter: Saved output of task 'attempt_202505222111114118993524926630395_0001_m_000004_5' to file:/home/pranav_shirali/airflow-project/scripts/ETL/nyc_taxi_extracted.parquet/_temporary/0/task_202505222111114118993524926630395_0001_m_000004
[2025-05-22T21:11:56.863+0530] {subprocess.py:93} INFO - 25/05/22 21:11:56 INFO SparkHadoopMapRedUtil: attempt_202505222111114118993524926630395_0001_m_000004_5: Committed. Elapsed time: 0 ms.
[2025-05-22T21:11:56.864+0530] {subprocess.py:93} INFO - 25/05/22 21:11:56 INFO Executor: Finished task 4.0 in stage 1.0 (TID 5). 2778 bytes result sent to driver
[2025-05-22T21:11:56.865+0530] {subprocess.py:93} INFO - 25/05/22 21:11:56 INFO TaskSetManager: Finished task 4.0 in stage 1.0 (TID 5) in 44947 ms on 10.255.255.254 (executor driver) (10/10)
[2025-05-22T21:11:56.866+0530] {subprocess.py:93} INFO - 25/05/22 21:11:56 INFO TaskSchedulerImpl: Removed TaskSet 1.0, whose tasks have all completed, from pool
[2025-05-22T21:11:56.867+0530] {subprocess.py:93} INFO - 25/05/22 21:11:56 INFO DAGScheduler: ResultStage 1 (parquet at NativeMethodAccessorImpl.java:0) finished in 45.013 s
[2025-05-22T21:11:56.867+0530] {subprocess.py:93} INFO - 25/05/22 21:11:56 INFO DAGScheduler: Job 1 is finished. Cancelling potential speculative or zombie tasks for this job
[2025-05-22T21:11:56.867+0530] {subprocess.py:93} INFO - 25/05/22 21:11:56 INFO TaskSchedulerImpl: Killing all running tasks in stage 1: Stage finished
[2025-05-22T21:11:56.867+0530] {subprocess.py:93} INFO - 25/05/22 21:11:56 INFO DAGScheduler: Job 1 finished: parquet at NativeMethodAccessorImpl.java:0, took 45.022519 s
[2025-05-22T21:11:56.869+0530] {subprocess.py:93} INFO - 25/05/22 21:11:56 INFO FileFormatWriter: Start to commit write Job b421dc90-0ffb-46eb-914f-0974f74c5bdc.
[2025-05-22T21:11:56.881+0530] {subprocess.py:93} INFO - 25/05/22 21:11:56 INFO FileFormatWriter: Write Job b421dc90-0ffb-46eb-914f-0974f74c5bdc committed. Elapsed time: 11 ms.
[2025-05-22T21:11:56.884+0530] {subprocess.py:93} INFO - 25/05/22 21:11:56 INFO FileFormatWriter: Finished processing stats for write job b421dc90-0ffb-46eb-914f-0974f74c5bdc.
[2025-05-22T21:11:56.932+0530] {subprocess.py:93} INFO - 25/05/22 21:11:56 INFO SparkContext: Invoking stop() from shutdown hook
[2025-05-22T21:11:56.932+0530] {subprocess.py:93} INFO - 25/05/22 21:11:56 INFO SparkContext: SparkContext is stopping with exitCode 0.
[2025-05-22T21:11:56.942+0530] {subprocess.py:93} INFO - 25/05/22 21:11:56 INFO SparkUI: Stopped Spark web UI at http://10.255.255.254:4040
[2025-05-22T21:11:56.953+0530] {subprocess.py:93} INFO - 25/05/22 21:11:56 INFO MapOutputTrackerMasterEndpoint: MapOutputTrackerMasterEndpoint stopped!
[2025-05-22T21:11:56.966+0530] {subprocess.py:93} INFO - 25/05/22 21:11:56 INFO MemoryStore: MemoryStore cleared
[2025-05-22T21:11:56.967+0530] {subprocess.py:93} INFO - 25/05/22 21:11:56 INFO BlockManager: BlockManager stopped
[2025-05-22T21:11:56.968+0530] {subprocess.py:93} INFO - 25/05/22 21:11:56 INFO BlockManagerMaster: BlockManagerMaster stopped
[2025-05-22T21:11:56.970+0530] {subprocess.py:93} INFO - 25/05/22 21:11:56 INFO OutputCommitCoordinator$OutputCommitCoordinatorEndpoint: OutputCommitCoordinator stopped!
[2025-05-22T21:11:56.980+0530] {subprocess.py:93} INFO - 25/05/22 21:11:56 INFO SparkContext: Successfully stopped SparkContext
[2025-05-22T21:11:56.981+0530] {subprocess.py:93} INFO - 25/05/22 21:11:56 INFO ShutdownHookManager: Shutdown hook called
[2025-05-22T21:11:56.981+0530] {subprocess.py:93} INFO - 25/05/22 21:11:56 INFO ShutdownHookManager: Deleting directory /tmp/spark-aab68660-afd6-4259-9b15-59c3d7239a1b/pyspark-33a5a02e-ea2f-406a-8e26-f9d4f30ef3aa
[2025-05-22T21:11:56.985+0530] {subprocess.py:93} INFO - 25/05/22 21:11:56 INFO ShutdownHookManager: Deleting directory /tmp/spark-aab68660-afd6-4259-9b15-59c3d7239a1b
[2025-05-22T21:11:56.988+0530] {subprocess.py:93} INFO - 25/05/22 21:11:56 INFO ShutdownHookManager: Deleting directory /tmp/spark-84c5e4f5-8515-470e-8906-17bed5f3bdde
[2025-05-22T21:11:57.068+0530] {subprocess.py:97} INFO - Command exited with return code 0
[2025-05-22T21:11:57.083+0530] {taskinstance.py:340} INFO - ::group::Post task execution logs
[2025-05-22T21:11:57.083+0530] {taskinstance.py:352} INFO - Marking task as SUCCESS. dag_id=nyc_taxi_etl, task_id=extract_from_azure, run_id=manual__2025-05-22T15:40:59.783356+00:00, execution_date=20250522T154059, start_date=20250522T154101, end_date=20250522T154157
[2025-05-22T21:11:57.098+0530] {local_task_job_runner.py:266} INFO - Task exited with return code 0
[2025-05-22T21:11:57.109+0530] {taskinstance.py:3900} INFO - 1 downstream tasks scheduled from follow-on schedule check
[2025-05-22T21:11:57.113+0530] {local_task_job_runner.py:245} INFO - ::endgroup::
