[2025-05-14T23:34:54.689+0530] {local_task_job_runner.py:123} INFO - ::group::Pre task execution logs
[2025-05-14T23:34:54.695+0530] {taskinstance.py:2612} INFO - Dependencies all met for dep_context=non-requeueable deps ti=<TaskInstance: nyc_taxi_etl.transform_data manual__2025-05-14T18:04:36.240563+00:00 [queued]>
[2025-05-14T23:34:54.699+0530] {taskinstance.py:2612} INFO - Dependencies all met for dep_context=requeueable deps ti=<TaskInstance: nyc_taxi_etl.transform_data manual__2025-05-14T18:04:36.240563+00:00 [queued]>
[2025-05-14T23:34:54.699+0530] {taskinstance.py:2865} INFO - Starting attempt 1 of 1
[2025-05-14T23:34:54.708+0530] {taskinstance.py:2888} INFO - Executing <Task(BashOperator): transform_data> on 2025-05-14 18:04:36.240563+00:00
[2025-05-14T23:34:54.710+0530] {standard_task_runner.py:72} INFO - Started process 27978 to run task
[2025-05-14T23:34:54.713+0530] {standard_task_runner.py:104} INFO - Running: ['airflow', 'tasks', 'run', 'nyc_taxi_etl', 'transform_data', 'manual__2025-05-14T18:04:36.240563+00:00', '--job-id', '61', '--raw', '--subdir', 'DAGS_FOLDER/nyc_taxi_etl.py', '--cfg-path', '/tmp/tmpcziivisj']
[2025-05-14T23:34:54.714+0530] {standard_task_runner.py:105} INFO - Job 61: Subtask transform_data
[2025-05-14T23:34:54.740+0530] {task_command.py:467} INFO - Running <TaskInstance: nyc_taxi_etl.transform_data manual__2025-05-14T18:04:36.240563+00:00 [running]> on host Voldemort.
[2025-05-14T23:34:54.840+0530] {taskinstance.py:3131} INFO - Exporting env vars: AIRFLOW_CTX_DAG_OWNER='airflow' AIRFLOW_CTX_DAG_ID='nyc_taxi_etl' AIRFLOW_CTX_TASK_ID='transform_data' AIRFLOW_CTX_EXECUTION_DATE='2025-05-14T18:04:36.240563+00:00' AIRFLOW_CTX_TRY_NUMBER='1' AIRFLOW_CTX_DAG_RUN_ID='manual__2025-05-14T18:04:36.240563+00:00'
[2025-05-14T23:34:54.841+0530] {taskinstance.py:731} INFO - ::endgroup::
[2025-05-14T23:34:54.850+0530] {subprocess.py:63} INFO - Tmp dir root location: /tmp
[2025-05-14T23:34:54.850+0530] {subprocess.py:75} INFO - Running command: ['/usr/bin/bash', '-c', '/opt/spark/bin/spark-submit /home/pranav_shirali/airflow-project/scripts/transform.py']
[2025-05-14T23:34:54.854+0530] {subprocess.py:86} INFO - Output:
[2025-05-14T23:34:59.595+0530] {subprocess.py:93} INFO - 25/05/14 23:34:59 WARN Utils: Your hostname, Voldemort resolves to a loopback address: 127.0.1.1; using 10.255.255.254 instead (on interface lo)
[2025-05-14T23:34:59.599+0530] {subprocess.py:93} INFO - 25/05/14 23:34:59 WARN Utils: Set SPARK_LOCAL_IP if you need to bind to another address
[2025-05-14T23:35:00.418+0530] {subprocess.py:93} INFO - 25/05/14 23:35:00 INFO SparkContext: Running Spark version 3.5.5
[2025-05-14T23:35:00.418+0530] {subprocess.py:93} INFO - 25/05/14 23:35:00 INFO SparkContext: OS info Linux, 5.15.167.4-microsoft-standard-WSL2, amd64
[2025-05-14T23:35:00.419+0530] {subprocess.py:93} INFO - 25/05/14 23:35:00 INFO SparkContext: Java version 11.0.27
[2025-05-14T23:35:00.504+0530] {subprocess.py:93} INFO - 25/05/14 23:35:00 WARN NativeCodeLoader: Unable to load native-hadoop library for your platform... using builtin-java classes where applicable
[2025-05-14T23:35:00.583+0530] {subprocess.py:93} INFO - 25/05/14 23:35:00 INFO ResourceUtils: ==============================================================
[2025-05-14T23:35:00.583+0530] {subprocess.py:93} INFO - 25/05/14 23:35:00 INFO ResourceUtils: No custom resources configured for spark.driver.
[2025-05-14T23:35:00.584+0530] {subprocess.py:93} INFO - 25/05/14 23:35:00 INFO ResourceUtils: ==============================================================
[2025-05-14T23:35:00.584+0530] {subprocess.py:93} INFO - 25/05/14 23:35:00 INFO SparkContext: Submitted application: NYC Taxi Transform
[2025-05-14T23:35:00.602+0530] {subprocess.py:93} INFO - 25/05/14 23:35:00 INFO ResourceProfile: Default ResourceProfile created, executor resources: Map(cores -> name: cores, amount: 1, script: , vendor: , memory -> name: memory, amount: 1024, script: , vendor: , offHeap -> name: offHeap, amount: 0, script: , vendor: ), task resources: Map(cpus -> name: cpus, amount: 1.0)
[2025-05-14T23:35:00.610+0530] {subprocess.py:93} INFO - 25/05/14 23:35:00 INFO ResourceProfile: Limiting resource is cpu
[2025-05-14T23:35:00.611+0530] {subprocess.py:93} INFO - 25/05/14 23:35:00 INFO ResourceProfileManager: Added ResourceProfile id: 0
[2025-05-14T23:35:00.654+0530] {subprocess.py:93} INFO - 25/05/14 23:35:00 INFO SecurityManager: Changing view acls to: pranav_shirali
[2025-05-14T23:35:00.655+0530] {subprocess.py:93} INFO - 25/05/14 23:35:00 INFO SecurityManager: Changing modify acls to: pranav_shirali
[2025-05-14T23:35:00.655+0530] {subprocess.py:93} INFO - 25/05/14 23:35:00 INFO SecurityManager: Changing view acls groups to:
[2025-05-14T23:35:00.656+0530] {subprocess.py:93} INFO - 25/05/14 23:35:00 INFO SecurityManager: Changing modify acls groups to:
[2025-05-14T23:35:00.656+0530] {subprocess.py:93} INFO - 25/05/14 23:35:00 INFO SecurityManager: SecurityManager: authentication disabled; ui acls disabled; users with view permissions: pranav_shirali; groups with view permissions: EMPTY; users with modify permissions: pranav_shirali; groups with modify permissions: EMPTY
[2025-05-14T23:35:00.883+0530] {subprocess.py:93} INFO - 25/05/14 23:35:00 INFO Utils: Successfully started service 'sparkDriver' on port 34915.
[2025-05-14T23:35:00.907+0530] {subprocess.py:93} INFO - 25/05/14 23:35:00 INFO SparkEnv: Registering MapOutputTracker
[2025-05-14T23:35:00.938+0530] {subprocess.py:93} INFO - 25/05/14 23:35:00 INFO SparkEnv: Registering BlockManagerMaster
[2025-05-14T23:35:00.951+0530] {subprocess.py:93} INFO - 25/05/14 23:35:00 INFO BlockManagerMasterEndpoint: Using org.apache.spark.storage.DefaultTopologyMapper for getting topology information
[2025-05-14T23:35:00.952+0530] {subprocess.py:93} INFO - 25/05/14 23:35:00 INFO BlockManagerMasterEndpoint: BlockManagerMasterEndpoint up
[2025-05-14T23:35:00.955+0530] {subprocess.py:93} INFO - 25/05/14 23:35:00 INFO SparkEnv: Registering BlockManagerMasterHeartbeat
[2025-05-14T23:35:00.974+0530] {subprocess.py:93} INFO - 25/05/14 23:35:00 INFO DiskBlockManager: Created local directory at /tmp/blockmgr-956b132f-67ea-46d6-8bf9-f80e531706b3
[2025-05-14T23:35:00.985+0530] {subprocess.py:93} INFO - 25/05/14 23:35:00 INFO MemoryStore: MemoryStore started with capacity 434.4 MiB
[2025-05-14T23:35:00.998+0530] {subprocess.py:93} INFO - 25/05/14 23:35:00 INFO SparkEnv: Registering OutputCommitCoordinator
[2025-05-14T23:35:01.110+0530] {subprocess.py:93} INFO - 25/05/14 23:35:01 INFO JettyUtils: Start Jetty 0.0.0.0:4040 for SparkUI
[2025-05-14T23:35:01.151+0530] {subprocess.py:93} INFO - 25/05/14 23:35:01 INFO Utils: Successfully started service 'SparkUI' on port 4040.
[2025-05-14T23:35:01.221+0530] {subprocess.py:93} INFO - 25/05/14 23:35:01 INFO Executor: Starting executor ID driver on host 10.255.255.254
[2025-05-14T23:35:01.221+0530] {subprocess.py:93} INFO - 25/05/14 23:35:01 INFO Executor: OS info Linux, 5.15.167.4-microsoft-standard-WSL2, amd64
[2025-05-14T23:35:01.221+0530] {subprocess.py:93} INFO - 25/05/14 23:35:01 INFO Executor: Java version 11.0.27
[2025-05-14T23:35:01.226+0530] {subprocess.py:93} INFO - 25/05/14 23:35:01 INFO Executor: Starting executor with user classpath (userClassPathFirst = false): ''
[2025-05-14T23:35:01.226+0530] {subprocess.py:93} INFO - 25/05/14 23:35:01 INFO Executor: Created or updated repl class loader org.apache.spark.util.MutableURLClassLoader@58c4ad31 for default.
[2025-05-14T23:35:01.244+0530] {subprocess.py:93} INFO - 25/05/14 23:35:01 INFO Utils: Successfully started service 'org.apache.spark.network.netty.NettyBlockTransferService' on port 41339.
[2025-05-14T23:35:01.244+0530] {subprocess.py:93} INFO - 25/05/14 23:35:01 INFO NettyBlockTransferService: Server created on 10.255.255.254:41339
[2025-05-14T23:35:01.246+0530] {subprocess.py:93} INFO - 25/05/14 23:35:01 INFO BlockManager: Using org.apache.spark.storage.RandomBlockReplicationPolicy for block replication policy
[2025-05-14T23:35:01.250+0530] {subprocess.py:93} INFO - 25/05/14 23:35:01 INFO BlockManagerMaster: Registering BlockManager BlockManagerId(driver, 10.255.255.254, 41339, None)
[2025-05-14T23:35:01.252+0530] {subprocess.py:93} INFO - 25/05/14 23:35:01 INFO BlockManagerMasterEndpoint: Registering block manager 10.255.255.254:41339 with 434.4 MiB RAM, BlockManagerId(driver, 10.255.255.254, 41339, None)
[2025-05-14T23:35:01.254+0530] {subprocess.py:93} INFO - 25/05/14 23:35:01 INFO BlockManagerMaster: Registered BlockManager BlockManagerId(driver, 10.255.255.254, 41339, None)
[2025-05-14T23:35:01.255+0530] {subprocess.py:93} INFO - 25/05/14 23:35:01 INFO BlockManager: Initialized BlockManager: BlockManagerId(driver, 10.255.255.254, 41339, None)
[2025-05-14T23:35:01.616+0530] {subprocess.py:93} INFO - 25/05/14 23:35:01 INFO SharedState: Setting hive.metastore.warehouse.dir ('null') to the value of spark.sql.warehouse.dir.
[2025-05-14T23:35:01.623+0530] {subprocess.py:93} INFO - 25/05/14 23:35:01 INFO SharedState: Warehouse path is 'file:/tmp/airflowtmp__zc0duu/spark-warehouse'.
[2025-05-14T23:35:02.788+0530] {subprocess.py:93} INFO - 25/05/14 23:35:02 INFO InMemoryFileIndex: It took 73 ms to list leaf files for 1 paths.
[2025-05-14T23:35:03.242+0530] {subprocess.py:93} INFO - 25/05/14 23:35:03 INFO SparkContext: Starting job: parquet at NativeMethodAccessorImpl.java:0
[2025-05-14T23:35:03.260+0530] {subprocess.py:93} INFO - 25/05/14 23:35:03 INFO DAGScheduler: Got job 0 (parquet at NativeMethodAccessorImpl.java:0) with 1 output partitions
[2025-05-14T23:35:03.261+0530] {subprocess.py:93} INFO - 25/05/14 23:35:03 INFO DAGScheduler: Final stage: ResultStage 0 (parquet at NativeMethodAccessorImpl.java:0)
[2025-05-14T23:35:03.261+0530] {subprocess.py:93} INFO - 25/05/14 23:35:03 INFO DAGScheduler: Parents of final stage: List()
[2025-05-14T23:35:03.263+0530] {subprocess.py:93} INFO - 25/05/14 23:35:03 INFO DAGScheduler: Missing parents: List()
[2025-05-14T23:35:03.267+0530] {subprocess.py:93} INFO - 25/05/14 23:35:03 INFO DAGScheduler: Submitting ResultStage 0 (MapPartitionsRDD[1] at parquet at NativeMethodAccessorImpl.java:0), which has no missing parents
[2025-05-14T23:35:03.324+0530] {subprocess.py:93} INFO - 25/05/14 23:35:03 INFO MemoryStore: Block broadcast_0 stored as values in memory (estimated size 103.2 KiB, free 434.3 MiB)
[2025-05-14T23:35:03.353+0530] {subprocess.py:93} INFO - 25/05/14 23:35:03 INFO MemoryStore: Block broadcast_0_piece0 stored as bytes in memory (estimated size 37.2 KiB, free 434.3 MiB)
[2025-05-14T23:35:03.356+0530] {subprocess.py:93} INFO - 25/05/14 23:35:03 INFO BlockManagerInfo: Added broadcast_0_piece0 in memory on 10.255.255.254:41339 (size: 37.2 KiB, free: 434.4 MiB)
[2025-05-14T23:35:03.360+0530] {subprocess.py:93} INFO - 25/05/14 23:35:03 INFO SparkContext: Created broadcast 0 from broadcast at DAGScheduler.scala:1585
[2025-05-14T23:35:03.375+0530] {subprocess.py:93} INFO - 25/05/14 23:35:03 INFO DAGScheduler: Submitting 1 missing tasks from ResultStage 0 (MapPartitionsRDD[1] at parquet at NativeMethodAccessorImpl.java:0) (first 15 tasks are for partitions Vector(0))
[2025-05-14T23:35:03.376+0530] {subprocess.py:93} INFO - 25/05/14 23:35:03 INFO TaskSchedulerImpl: Adding task set 0.0 with 1 tasks resource profile 0
[2025-05-14T23:35:03.431+0530] {subprocess.py:93} INFO - 25/05/14 23:35:03 INFO TaskSetManager: Starting task 0.0 in stage 0.0 (TID 0) (10.255.255.254, executor driver, partition 0, PROCESS_LOCAL, 9230 bytes)
[2025-05-14T23:35:03.445+0530] {subprocess.py:93} INFO - 25/05/14 23:35:03 INFO Executor: Running task 0.0 in stage 0.0 (TID 0)
[2025-05-14T23:35:03.783+0530] {subprocess.py:93} INFO - 25/05/14 23:35:03 INFO Executor: Finished task 0.0 in stage 0.0 (TID 0). 2776 bytes result sent to driver
[2025-05-14T23:35:03.792+0530] {subprocess.py:93} INFO - 25/05/14 23:35:03 INFO TaskSetManager: Finished task 0.0 in stage 0.0 (TID 0) in 381 ms on 10.255.255.254 (executor driver) (1/1)
[2025-05-14T23:35:03.793+0530] {subprocess.py:93} INFO - 25/05/14 23:35:03 INFO TaskSchedulerImpl: Removed TaskSet 0.0, whose tasks have all completed, from pool
[2025-05-14T23:35:03.797+0530] {subprocess.py:93} INFO - 25/05/14 23:35:03 INFO DAGScheduler: ResultStage 0 (parquet at NativeMethodAccessorImpl.java:0) finished in 0.519 s
[2025-05-14T23:35:03.799+0530] {subprocess.py:93} INFO - 25/05/14 23:35:03 INFO DAGScheduler: Job 0 is finished. Cancelling potential speculative or zombie tasks for this job
[2025-05-14T23:35:03.799+0530] {subprocess.py:93} INFO - 25/05/14 23:35:03 INFO TaskSchedulerImpl: Killing all running tasks in stage 0: Stage finished
[2025-05-14T23:35:03.802+0530] {subprocess.py:93} INFO - 25/05/14 23:35:03 INFO DAGScheduler: Job 0 finished: parquet at NativeMethodAccessorImpl.java:0, took 0.558673 s
[2025-05-14T23:35:04.076+0530] {subprocess.py:93} INFO - 25/05/14 23:35:04 INFO BlockManagerInfo: Removed broadcast_0_piece0 on 10.255.255.254:41339 in memory (size: 37.2 KiB, free: 434.4 MiB)
[2025-05-14T23:35:06.344+0530] {subprocess.py:93} INFO - 25/05/14 23:35:06 INFO FileSourceStrategy: Pushed Filters:
[2025-05-14T23:35:06.345+0530] {subprocess.py:93} INFO - 25/05/14 23:35:06 INFO FileSourceStrategy: Post-Scan Filters:
[2025-05-14T23:35:06.361+0530] {subprocess.py:93} INFO - 25/05/14 23:35:06 WARN WindowExec: No Partition Defined for Window operation! Moving all data to a single partition, this can cause serious performance degradation.
[2025-05-14T23:35:06.410+0530] {subprocess.py:93} INFO - 25/05/14 23:35:06 WARN WindowExec: No Partition Defined for Window operation! Moving all data to a single partition, this can cause serious performance degradation.
[2025-05-14T23:35:06.432+0530] {subprocess.py:93} INFO - 25/05/14 23:35:06 WARN WindowExec: No Partition Defined for Window operation! Moving all data to a single partition, this can cause serious performance degradation.
[2025-05-14T23:35:06.841+0530] {subprocess.py:93} INFO - 25/05/14 23:35:06 INFO CodeGenerator: Code generated in 218.493845 ms
[2025-05-14T23:35:06.853+0530] {subprocess.py:93} INFO - 25/05/14 23:35:06 INFO MemoryStore: Block broadcast_1 stored as values in memory (estimated size 202.0 KiB, free 434.2 MiB)
[2025-05-14T23:35:06.861+0530] {subprocess.py:93} INFO - 25/05/14 23:35:06 INFO MemoryStore: Block broadcast_1_piece0 stored as bytes in memory (estimated size 35.3 KiB, free 434.2 MiB)
[2025-05-14T23:35:06.861+0530] {subprocess.py:93} INFO - 25/05/14 23:35:06 INFO BlockManagerInfo: Added broadcast_1_piece0 in memory on 10.255.255.254:41339 (size: 35.3 KiB, free: 434.4 MiB)
[2025-05-14T23:35:06.863+0530] {subprocess.py:93} INFO - 25/05/14 23:35:06 INFO SparkContext: Created broadcast 1 from parquet at NativeMethodAccessorImpl.java:0
[2025-05-14T23:35:06.874+0530] {subprocess.py:93} INFO - 25/05/14 23:35:06 INFO FileSourceScanExec: Planning scan with bin packing, max size: 4194304 bytes, open cost is considered as scanning 4194304 bytes.
[2025-05-14T23:35:06.921+0530] {subprocess.py:93} INFO - 25/05/14 23:35:06 INFO DAGScheduler: Registering RDD 5 (parquet at NativeMethodAccessorImpl.java:0) as input to shuffle 0
[2025-05-14T23:35:06.924+0530] {subprocess.py:93} INFO - 25/05/14 23:35:06 INFO DAGScheduler: Got map stage job 1 (parquet at NativeMethodAccessorImpl.java:0) with 1 output partitions
[2025-05-14T23:35:06.925+0530] {subprocess.py:93} INFO - 25/05/14 23:35:06 INFO DAGScheduler: Final stage: ShuffleMapStage 1 (parquet at NativeMethodAccessorImpl.java:0)
[2025-05-14T23:35:06.925+0530] {subprocess.py:93} INFO - 25/05/14 23:35:06 INFO DAGScheduler: Parents of final stage: List()
[2025-05-14T23:35:06.926+0530] {subprocess.py:93} INFO - 25/05/14 23:35:06 INFO DAGScheduler: Missing parents: List()
[2025-05-14T23:35:06.928+0530] {subprocess.py:93} INFO - 25/05/14 23:35:06 INFO DAGScheduler: Submitting ShuffleMapStage 1 (MapPartitionsRDD[5] at parquet at NativeMethodAccessorImpl.java:0), which has no missing parents
[2025-05-14T23:35:06.969+0530] {subprocess.py:93} INFO - 25/05/14 23:35:06 INFO MemoryStore: Block broadcast_2 stored as values in memory (estimated size 29.8 KiB, free 434.1 MiB)
[2025-05-14T23:35:06.971+0530] {subprocess.py:93} INFO - 25/05/14 23:35:06 INFO MemoryStore: Block broadcast_2_piece0 stored as bytes in memory (estimated size 10.8 KiB, free 434.1 MiB)
[2025-05-14T23:35:06.972+0530] {subprocess.py:93} INFO - 25/05/14 23:35:06 INFO BlockManagerInfo: Added broadcast_2_piece0 in memory on 10.255.255.254:41339 (size: 10.8 KiB, free: 434.4 MiB)
[2025-05-14T23:35:06.972+0530] {subprocess.py:93} INFO - 25/05/14 23:35:06 INFO SparkContext: Created broadcast 2 from broadcast at DAGScheduler.scala:1585
[2025-05-14T23:35:06.974+0530] {subprocess.py:93} INFO - 25/05/14 23:35:06 INFO DAGScheduler: Submitting 1 missing tasks from ShuffleMapStage 1 (MapPartitionsRDD[5] at parquet at NativeMethodAccessorImpl.java:0) (first 15 tasks are for partitions Vector(0))
[2025-05-14T23:35:06.974+0530] {subprocess.py:93} INFO - 25/05/14 23:35:06 INFO TaskSchedulerImpl: Adding task set 1.0 with 1 tasks resource profile 0
[2025-05-14T23:35:06.980+0530] {subprocess.py:93} INFO - 25/05/14 23:35:06 INFO TaskSetManager: Starting task 0.0 in stage 1.0 (TID 1) (10.255.255.254, executor driver, partition 0, PROCESS_LOCAL, 9689 bytes)
[2025-05-14T23:35:06.981+0530] {subprocess.py:93} INFO - 25/05/14 23:35:06 INFO Executor: Running task 0.0 in stage 1.0 (TID 1)
[2025-05-14T23:35:07.073+0530] {subprocess.py:93} INFO - 25/05/14 23:35:07 INFO CodeGenerator: Code generated in 34.21088 ms
[2025-05-14T23:35:07.085+0530] {subprocess.py:93} INFO - 25/05/14 23:35:07 INFO FileScanRDD: Reading File path: file:///home/pranav_shirali/airflow-project/nyc_taxi_extracted.parquet/part-00000-c327d3c9-f355-4167-a94b-d304d579fe51-c000.snappy.parquet, range: 0-2227654, partition values: [empty row]
[2025-05-14T23:35:07.192+0530] {subprocess.py:93} INFO - 25/05/14 23:35:07 INFO CodecPool: Got brand-new decompressor [.snappy]
[2025-05-14T23:35:07.588+0530] {subprocess.py:93} INFO - 25/05/14 23:35:07 INFO Executor: Finished task 0.0 in stage 1.0 (TID 1). 2083 bytes result sent to driver
[2025-05-14T23:35:07.591+0530] {subprocess.py:93} INFO - 25/05/14 23:35:07 INFO TaskSetManager: Finished task 0.0 in stage 1.0 (TID 1) in 615 ms on 10.255.255.254 (executor driver) (1/1)
[2025-05-14T23:35:07.591+0530] {subprocess.py:93} INFO - 25/05/14 23:35:07 INFO TaskSchedulerImpl: Removed TaskSet 1.0, whose tasks have all completed, from pool
[2025-05-14T23:35:07.592+0530] {subprocess.py:93} INFO - 25/05/14 23:35:07 INFO DAGScheduler: ShuffleMapStage 1 (parquet at NativeMethodAccessorImpl.java:0) finished in 0.661 s
[2025-05-14T23:35:07.593+0530] {subprocess.py:93} INFO - 25/05/14 23:35:07 INFO DAGScheduler: looking for newly runnable stages
[2025-05-14T23:35:07.594+0530] {subprocess.py:93} INFO - 25/05/14 23:35:07 INFO DAGScheduler: running: Set()
[2025-05-14T23:35:07.594+0530] {subprocess.py:93} INFO - 25/05/14 23:35:07 INFO DAGScheduler: waiting: Set()
[2025-05-14T23:35:07.594+0530] {subprocess.py:93} INFO - 25/05/14 23:35:07 INFO DAGScheduler: failed: Set()
[2025-05-14T23:35:07.609+0530] {subprocess.py:93} INFO - 25/05/14 23:35:07 WARN WindowExec: No Partition Defined for Window operation! Moving all data to a single partition, this can cause serious performance degradation.
[2025-05-14T23:35:07.610+0530] {subprocess.py:93} INFO - 25/05/14 23:35:07 WARN WindowExec: No Partition Defined for Window operation! Moving all data to a single partition, this can cause serious performance degradation.
[2025-05-14T23:35:07.647+0530] {subprocess.py:93} INFO - 25/05/14 23:35:07 INFO ParquetUtils: Using default output committer for Parquet: org.apache.parquet.hadoop.ParquetOutputCommitter
[2025-05-14T23:35:07.657+0530] {subprocess.py:93} INFO - 25/05/14 23:35:07 INFO FileOutputCommitter: File Output Committer Algorithm version is 1
[2025-05-14T23:35:07.658+0530] {subprocess.py:93} INFO - 25/05/14 23:35:07 INFO FileOutputCommitter: FileOutputCommitter skip cleanup _temporary folders under output directory:false, ignore cleanup failures: false
[2025-05-14T23:35:07.658+0530] {subprocess.py:93} INFO - 25/05/14 23:35:07 INFO SQLHadoopMapReduceCommitProtocol: Using user defined output committer class org.apache.parquet.hadoop.ParquetOutputCommitter
[2025-05-14T23:35:07.658+0530] {subprocess.py:93} INFO - 25/05/14 23:35:07 INFO FileOutputCommitter: File Output Committer Algorithm version is 1
[2025-05-14T23:35:07.659+0530] {subprocess.py:93} INFO - 25/05/14 23:35:07 INFO FileOutputCommitter: FileOutputCommitter skip cleanup _temporary folders under output directory:false, ignore cleanup failures: false
[2025-05-14T23:35:07.659+0530] {subprocess.py:93} INFO - 25/05/14 23:35:07 INFO SQLHadoopMapReduceCommitProtocol: Using output committer class org.apache.parquet.hadoop.ParquetOutputCommitter
[2025-05-14T23:35:07.697+0530] {subprocess.py:93} INFO - 25/05/14 23:35:07 INFO CodeGenerator: Code generated in 15.264049 ms
[2025-05-14T23:35:07.719+0530] {subprocess.py:93} INFO - 25/05/14 23:35:07 INFO CodeGenerator: Code generated in 12.028199 ms
[2025-05-14T23:35:07.806+0530] {subprocess.py:93} INFO - 25/05/14 23:35:07 INFO SparkContext: Starting job: parquet at NativeMethodAccessorImpl.java:0
[2025-05-14T23:35:07.808+0530] {subprocess.py:93} INFO - 25/05/14 23:35:07 INFO DAGScheduler: Got job 2 (parquet at NativeMethodAccessorImpl.java:0) with 1 output partitions
[2025-05-14T23:35:07.809+0530] {subprocess.py:93} INFO - 25/05/14 23:35:07 INFO DAGScheduler: Final stage: ResultStage 3 (parquet at NativeMethodAccessorImpl.java:0)
[2025-05-14T23:35:07.809+0530] {subprocess.py:93} INFO - 25/05/14 23:35:07 INFO DAGScheduler: Parents of final stage: List(ShuffleMapStage 2)
[2025-05-14T23:35:07.810+0530] {subprocess.py:93} INFO - 25/05/14 23:35:07 INFO DAGScheduler: Missing parents: List()
[2025-05-14T23:35:07.811+0530] {subprocess.py:93} INFO - 25/05/14 23:35:07 INFO DAGScheduler: Submitting ResultStage 3 (MapPartitionsRDD[10] at parquet at NativeMethodAccessorImpl.java:0), which has no missing parents
[2025-05-14T23:35:07.836+0530] {subprocess.py:93} INFO - 25/05/14 23:35:07 INFO MemoryStore: Block broadcast_3 stored as values in memory (estimated size 250.4 KiB, free 433.9 MiB)
[2025-05-14T23:35:07.837+0530] {subprocess.py:93} INFO - 25/05/14 23:35:07 INFO MemoryStore: Block broadcast_3_piece0 stored as bytes in memory (estimated size 92.3 KiB, free 433.8 MiB)
[2025-05-14T23:35:07.838+0530] {subprocess.py:93} INFO - 25/05/14 23:35:07 INFO BlockManagerInfo: Added broadcast_3_piece0 in memory on 10.255.255.254:41339 (size: 92.3 KiB, free: 434.3 MiB)
[2025-05-14T23:35:07.838+0530] {subprocess.py:93} INFO - 25/05/14 23:35:07 INFO SparkContext: Created broadcast 3 from broadcast at DAGScheduler.scala:1585
[2025-05-14T23:35:07.839+0530] {subprocess.py:93} INFO - 25/05/14 23:35:07 INFO DAGScheduler: Submitting 1 missing tasks from ResultStage 3 (MapPartitionsRDD[10] at parquet at NativeMethodAccessorImpl.java:0) (first 15 tasks are for partitions Vector(0))
[2025-05-14T23:35:07.839+0530] {subprocess.py:93} INFO - 25/05/14 23:35:07 INFO TaskSchedulerImpl: Adding task set 3.0 with 1 tasks resource profile 0
[2025-05-14T23:35:07.845+0530] {subprocess.py:93} INFO - 25/05/14 23:35:07 INFO TaskSetManager: Starting task 0.0 in stage 3.0 (TID 2) (10.255.255.254, executor driver, partition 0, NODE_LOCAL, 8999 bytes)
[2025-05-14T23:35:07.846+0530] {subprocess.py:93} INFO - 25/05/14 23:35:07 INFO Executor: Running task 0.0 in stage 3.0 (TID 2)
[2025-05-14T23:35:07.915+0530] {subprocess.py:93} INFO - 25/05/14 23:35:07 INFO ShuffleBlockFetcherIterator: Getting 1 (3.3 MiB) non-empty blocks including 1 (3.3 MiB) local and 0 (0.0 B) host-local and 0 (0.0 B) push-merged-local and 0 (0.0 B) remote blocks
[2025-05-14T23:35:07.917+0530] {subprocess.py:93} INFO - 25/05/14 23:35:07 INFO ShuffleBlockFetcherIterator: Started 0 remote fetches in 8 ms
[2025-05-14T23:35:07.932+0530] {subprocess.py:93} INFO - 25/05/14 23:35:07 INFO CodeGenerator: Code generated in 11.491115 ms
[2025-05-14T23:35:07.958+0530] {subprocess.py:93} INFO - 25/05/14 23:35:07 INFO CodeGenerator: Code generated in 15.178256 ms
[2025-05-14T23:35:07.978+0530] {subprocess.py:93} INFO - 25/05/14 23:35:07 INFO CodeGenerator: Code generated in 8.975055 ms
[2025-05-14T23:35:08.010+0530] {subprocess.py:93} INFO - 25/05/14 23:35:08 INFO CodeGenerator: Code generated in 11.518367 ms
[2025-05-14T23:35:08.018+0530] {subprocess.py:93} INFO - 25/05/14 23:35:08 INFO CodeGenerator: Code generated in 4.965845 ms
[2025-05-14T23:35:08.088+0530] {subprocess.py:93} INFO - 25/05/14 23:35:08 INFO BlockManagerInfo: Removed broadcast_2_piece0 on 10.255.255.254:41339 in memory (size: 10.8 KiB, free: 434.3 MiB)
[2025-05-14T23:35:08.208+0530] {subprocess.py:93} INFO - 25/05/14 23:35:08 INFO CodeGenerator: Code generated in 8.493282 ms
[2025-05-14T23:35:08.221+0530] {subprocess.py:93} INFO - 25/05/14 23:35:08 INFO CodeGenerator: Code generated in 7.068578 ms
[2025-05-14T23:35:08.228+0530] {subprocess.py:93} INFO - 25/05/14 23:35:08 INFO CodeGenerator: Code generated in 5.180889 ms
[2025-05-14T23:35:08.240+0530] {subprocess.py:93} INFO - 25/05/14 23:35:08 INFO CodeGenerator: Code generated in 10.259548 ms
[2025-05-14T23:35:08.242+0530] {subprocess.py:93} INFO - 25/05/14 23:35:08 INFO FileOutputCommitter: File Output Committer Algorithm version is 1
[2025-05-14T23:35:08.243+0530] {subprocess.py:93} INFO - 25/05/14 23:35:08 INFO FileOutputCommitter: FileOutputCommitter skip cleanup _temporary folders under output directory:false, ignore cleanup failures: false
[2025-05-14T23:35:08.243+0530] {subprocess.py:93} INFO - 25/05/14 23:35:08 INFO SQLHadoopMapReduceCommitProtocol: Using user defined output committer class org.apache.parquet.hadoop.ParquetOutputCommitter
[2025-05-14T23:35:08.243+0530] {subprocess.py:93} INFO - 25/05/14 23:35:08 INFO FileOutputCommitter: File Output Committer Algorithm version is 1
[2025-05-14T23:35:08.243+0530] {subprocess.py:93} INFO - 25/05/14 23:35:08 INFO FileOutputCommitter: FileOutputCommitter skip cleanup _temporary folders under output directory:false, ignore cleanup failures: false
[2025-05-14T23:35:08.244+0530] {subprocess.py:93} INFO - 25/05/14 23:35:08 INFO SQLHadoopMapReduceCommitProtocol: Using output committer class org.apache.parquet.hadoop.ParquetOutputCommitter
[2025-05-14T23:35:08.248+0530] {subprocess.py:93} INFO - 25/05/14 23:35:08 INFO CodecConfig: Compression: SNAPPY
[2025-05-14T23:35:08.251+0530] {subprocess.py:93} INFO - 25/05/14 23:35:08 INFO CodecConfig: Compression: SNAPPY
[2025-05-14T23:35:08.269+0530] {subprocess.py:93} INFO - 25/05/14 23:35:08 INFO ParquetOutputFormat: ParquetRecordWriter [block size: 134217728b, row group padding size: 8388608b, validating: false]
[2025-05-14T23:35:08.281+0530] {subprocess.py:93} INFO - 25/05/14 23:35:08 INFO ParquetWriteSupport: Initialized Parquet WriteSupport with Catalyst schema:
[2025-05-14T23:35:08.281+0530] {subprocess.py:93} INFO - {
[2025-05-14T23:35:08.282+0530] {subprocess.py:93} INFO -   "type" : "struct",
[2025-05-14T23:35:08.282+0530] {subprocess.py:93} INFO -   "fields" : [ {
[2025-05-14T23:35:08.282+0530] {subprocess.py:93} INFO -     "name" : "Trip_id",
[2025-05-14T23:35:08.282+0530] {subprocess.py:93} INFO -     "type" : "integer",
[2025-05-14T23:35:08.282+0530] {subprocess.py:93} INFO -     "nullable" : false,
[2025-05-14T23:35:08.282+0530] {subprocess.py:93} INFO -     "metadata" : { }
[2025-05-14T23:35:08.282+0530] {subprocess.py:93} INFO -   }, {
[2025-05-14T23:35:08.282+0530] {subprocess.py:93} INFO -     "name" : "VendorID",
[2025-05-14T23:35:08.283+0530] {subprocess.py:93} INFO -     "type" : "integer",
[2025-05-14T23:35:08.283+0530] {subprocess.py:93} INFO -     "nullable" : true,
[2025-05-14T23:35:08.283+0530] {subprocess.py:93} INFO -     "metadata" : { }
[2025-05-14T23:35:08.283+0530] {subprocess.py:93} INFO -   }, {
[2025-05-14T23:35:08.283+0530] {subprocess.py:93} INFO -     "name" : "tpep_pickup_datetime",
[2025-05-14T23:35:08.283+0530] {subprocess.py:93} INFO -     "type" : "string",
[2025-05-14T23:35:08.283+0530] {subprocess.py:93} INFO -     "nullable" : true,
[2025-05-14T23:35:08.283+0530] {subprocess.py:93} INFO -     "metadata" : { }
[2025-05-14T23:35:08.283+0530] {subprocess.py:93} INFO -   }, {
[2025-05-14T23:35:08.283+0530] {subprocess.py:93} INFO -     "name" : "tpep_dropoff_datetime",
[2025-05-14T23:35:08.283+0530] {subprocess.py:93} INFO -     "type" : "string",
[2025-05-14T23:35:08.283+0530] {subprocess.py:93} INFO -     "nullable" : true,
[2025-05-14T23:35:08.284+0530] {subprocess.py:93} INFO -     "metadata" : { }
[2025-05-14T23:35:08.284+0530] {subprocess.py:93} INFO -   }, {
[2025-05-14T23:35:08.284+0530] {subprocess.py:93} INFO -     "name" : "passenger_count",
[2025-05-14T23:35:08.284+0530] {subprocess.py:93} INFO -     "type" : "integer",
[2025-05-14T23:35:08.284+0530] {subprocess.py:93} INFO -     "nullable" : true,
[2025-05-14T23:35:08.284+0530] {subprocess.py:93} INFO -     "metadata" : { }
[2025-05-14T23:35:08.284+0530] {subprocess.py:93} INFO -   }, {
[2025-05-14T23:35:08.284+0530] {subprocess.py:93} INFO -     "name" : "trip_distance",
[2025-05-14T23:35:08.284+0530] {subprocess.py:93} INFO -     "type" : "double",
[2025-05-14T23:35:08.284+0530] {subprocess.py:93} INFO -     "nullable" : true,
[2025-05-14T23:35:08.284+0530] {subprocess.py:93} INFO -     "metadata" : { }
[2025-05-14T23:35:08.284+0530] {subprocess.py:93} INFO -   }, {
[2025-05-14T23:35:08.285+0530] {subprocess.py:93} INFO -     "name" : "RatecodeID",
[2025-05-14T23:35:08.285+0530] {subprocess.py:93} INFO -     "type" : "integer",
[2025-05-14T23:35:08.285+0530] {subprocess.py:93} INFO -     "nullable" : true,
[2025-05-14T23:35:08.285+0530] {subprocess.py:93} INFO -     "metadata" : { }
[2025-05-14T23:35:08.285+0530] {subprocess.py:93} INFO -   }, {
[2025-05-14T23:35:08.285+0530] {subprocess.py:93} INFO -     "name" : "store_and_fwd_flag",
[2025-05-14T23:35:08.285+0530] {subprocess.py:93} INFO -     "type" : "string",
[2025-05-14T23:35:08.285+0530] {subprocess.py:93} INFO -     "nullable" : true,
[2025-05-14T23:35:08.285+0530] {subprocess.py:93} INFO -     "metadata" : { }
[2025-05-14T23:35:08.285+0530] {subprocess.py:93} INFO -   }, {
[2025-05-14T23:35:08.285+0530] {subprocess.py:93} INFO -     "name" : "PULocationID",
[2025-05-14T23:35:08.286+0530] {subprocess.py:93} INFO -     "type" : "long",
[2025-05-14T23:35:08.286+0530] {subprocess.py:93} INFO -     "nullable" : true,
[2025-05-14T23:35:08.286+0530] {subprocess.py:93} INFO -     "metadata" : { }
[2025-05-14T23:35:08.286+0530] {subprocess.py:93} INFO -   }, {
[2025-05-14T23:35:08.286+0530] {subprocess.py:93} INFO -     "name" : "DOLocationID",
[2025-05-14T23:35:08.286+0530] {subprocess.py:93} INFO -     "type" : "long",
[2025-05-14T23:35:08.286+0530] {subprocess.py:93} INFO -     "nullable" : true,
[2025-05-14T23:35:08.286+0530] {subprocess.py:93} INFO -     "metadata" : { }
[2025-05-14T23:35:08.286+0530] {subprocess.py:93} INFO -   }, {
[2025-05-14T23:35:08.286+0530] {subprocess.py:93} INFO -     "name" : "Month",
[2025-05-14T23:35:08.286+0530] {subprocess.py:93} INFO -     "type" : "integer",
[2025-05-14T23:35:08.286+0530] {subprocess.py:93} INFO -     "nullable" : true,
[2025-05-14T23:35:08.286+0530] {subprocess.py:93} INFO -     "metadata" : { }
[2025-05-14T23:35:08.287+0530] {subprocess.py:93} INFO -   }, {
[2025-05-14T23:35:08.287+0530] {subprocess.py:93} INFO -     "name" : "Distance_Length",
[2025-05-14T23:35:08.287+0530] {subprocess.py:93} INFO -     "type" : "string",
[2025-05-14T23:35:08.287+0530] {subprocess.py:93} INFO -     "nullable" : false,
[2025-05-14T23:35:08.287+0530] {subprocess.py:93} INFO -     "metadata" : { }
[2025-05-14T23:35:08.287+0530] {subprocess.py:93} INFO -   }, {
[2025-05-14T23:35:08.287+0530] {subprocess.py:93} INFO -     "name" : "Car_utilization",
[2025-05-14T23:35:08.287+0530] {subprocess.py:93} INFO -     "type" : "string",
[2025-05-14T23:35:08.287+0530] {subprocess.py:93} INFO -     "nullable" : false,
[2025-05-14T23:35:08.287+0530] {subprocess.py:93} INFO -     "metadata" : { }
[2025-05-14T23:35:08.287+0530] {subprocess.py:93} INFO -   } ]
[2025-05-14T23:35:08.287+0530] {subprocess.py:93} INFO - }
[2025-05-14T23:35:08.288+0530] {subprocess.py:93} INFO - and corresponding Parquet message type:
[2025-05-14T23:35:08.288+0530] {subprocess.py:93} INFO - message spark_schema {
[2025-05-14T23:35:08.288+0530] {subprocess.py:93} INFO -   required int32 Trip_id;
[2025-05-14T23:35:08.288+0530] {subprocess.py:93} INFO -   optional int32 VendorID;
[2025-05-14T23:35:08.288+0530] {subprocess.py:93} INFO -   optional binary tpep_pickup_datetime (STRING);
[2025-05-14T23:35:08.288+0530] {subprocess.py:93} INFO -   optional binary tpep_dropoff_datetime (STRING);
[2025-05-14T23:35:08.288+0530] {subprocess.py:93} INFO -   optional int32 passenger_count;
[2025-05-14T23:35:08.288+0530] {subprocess.py:93} INFO -   optional double trip_distance;
[2025-05-14T23:35:08.288+0530] {subprocess.py:93} INFO -   optional int32 RatecodeID;
[2025-05-14T23:35:08.289+0530] {subprocess.py:93} INFO -   optional binary store_and_fwd_flag (STRING);
[2025-05-14T23:35:08.289+0530] {subprocess.py:93} INFO -   optional int64 PULocationID;
[2025-05-14T23:35:08.289+0530] {subprocess.py:93} INFO -   optional int64 DOLocationID;
[2025-05-14T23:35:08.289+0530] {subprocess.py:93} INFO -   optional int32 Month;
[2025-05-14T23:35:08.289+0530] {subprocess.py:93} INFO -   required binary Distance_Length (STRING);
[2025-05-14T23:35:08.289+0530] {subprocess.py:93} INFO -   required binary Car_utilization (STRING);
[2025-05-14T23:35:08.289+0530] {subprocess.py:93} INFO - }
[2025-05-14T23:35:08.289+0530] {subprocess.py:93} INFO - 
[2025-05-14T23:35:08.289+0530] {subprocess.py:93} INFO - 
[2025-05-14T23:35:08.308+0530] {subprocess.py:93} INFO - 25/05/14 23:35:08 INFO CodecPool: Got brand-new compressor [.snappy]
[2025-05-14T23:35:08.397+0530] {subprocess.py:93} INFO - 25/05/14 23:35:08 INFO ExternalAppendOnlyUnsafeRowArray: Reached spill threshold of 4096 rows, switching to org.apache.spark.util.collection.unsafe.sort.UnsafeExternalSorter
[2025-05-14T23:35:09.264+0530] {subprocess.py:93} INFO - 25/05/14 23:35:09 INFO FileOutputCommitter: Saved output of task 'attempt_202505142335077857108375765471500_0003_m_000000_2' to file:/home/pranav_shirali/airflow-project/nyc_taxi_trip.parquet/_temporary/0/task_202505142335077857108375765471500_0003_m_000000
[2025-05-14T23:35:09.265+0530] {subprocess.py:93} INFO - 25/05/14 23:35:09 INFO SparkHadoopMapRedUtil: attempt_202505142335077857108375765471500_0003_m_000000_2: Committed. Elapsed time: 0 ms.
[2025-05-14T23:35:09.273+0530] {subprocess.py:93} INFO - 25/05/14 23:35:09 INFO Executor: Finished task 0.0 in stage 3.0 (TID 2). 5915 bytes result sent to driver
[2025-05-14T23:35:09.276+0530] {subprocess.py:93} INFO - 25/05/14 23:35:09 INFO TaskSetManager: Finished task 0.0 in stage 3.0 (TID 2) in 1433 ms on 10.255.255.254 (executor driver) (1/1)
[2025-05-14T23:35:09.276+0530] {subprocess.py:93} INFO - 25/05/14 23:35:09 INFO TaskSchedulerImpl: Removed TaskSet 3.0, whose tasks have all completed, from pool
[2025-05-14T23:35:09.277+0530] {subprocess.py:93} INFO - 25/05/14 23:35:09 INFO DAGScheduler: ResultStage 3 (parquet at NativeMethodAccessorImpl.java:0) finished in 1.461 s
[2025-05-14T23:35:09.277+0530] {subprocess.py:93} INFO - 25/05/14 23:35:09 INFO DAGScheduler: Job 2 is finished. Cancelling potential speculative or zombie tasks for this job
[2025-05-14T23:35:09.278+0530] {subprocess.py:93} INFO - 25/05/14 23:35:09 INFO TaskSchedulerImpl: Killing all running tasks in stage 3: Stage finished
[2025-05-14T23:35:09.278+0530] {subprocess.py:93} INFO - 25/05/14 23:35:09 INFO DAGScheduler: Job 2 finished: parquet at NativeMethodAccessorImpl.java:0, took 1.471775 s
[2025-05-14T23:35:09.280+0530] {subprocess.py:93} INFO - 25/05/14 23:35:09 INFO FileFormatWriter: Start to commit write Job 5e9fddd2-3c93-404b-91ea-3cf5278cc158.
[2025-05-14T23:35:09.300+0530] {subprocess.py:93} INFO - 25/05/14 23:35:09 INFO FileFormatWriter: Write Job 5e9fddd2-3c93-404b-91ea-3cf5278cc158 committed. Elapsed time: 18 ms.
[2025-05-14T23:35:09.303+0530] {subprocess.py:93} INFO - 25/05/14 23:35:09 INFO FileFormatWriter: Finished processing stats for write job 5e9fddd2-3c93-404b-91ea-3cf5278cc158.
[2025-05-14T23:35:09.344+0530] {subprocess.py:93} INFO - 25/05/14 23:35:09 INFO FileSourceStrategy: Pushed Filters:
[2025-05-14T23:35:09.344+0530] {subprocess.py:93} INFO - 25/05/14 23:35:09 INFO FileSourceStrategy: Post-Scan Filters:
[2025-05-14T23:35:09.345+0530] {subprocess.py:93} INFO - 25/05/14 23:35:09 WARN WindowExec: No Partition Defined for Window operation! Moving all data to a single partition, this can cause serious performance degradation.
[2025-05-14T23:35:09.346+0530] {subprocess.py:93} INFO - 25/05/14 23:35:09 WARN WindowExec: No Partition Defined for Window operation! Moving all data to a single partition, this can cause serious performance degradation.
[2025-05-14T23:35:09.349+0530] {subprocess.py:93} INFO - 25/05/14 23:35:09 WARN WindowExec: No Partition Defined for Window operation! Moving all data to a single partition, this can cause serious performance degradation.
[2025-05-14T23:35:09.380+0530] {subprocess.py:93} INFO - 25/05/14 23:35:09 INFO CodeGenerator: Code generated in 15.015972 ms
[2025-05-14T23:35:09.387+0530] {subprocess.py:93} INFO - 25/05/14 23:35:09 INFO MemoryStore: Block broadcast_4 stored as values in memory (estimated size 202.3 KiB, free 433.6 MiB)
[2025-05-14T23:35:09.393+0530] {subprocess.py:93} INFO - 25/05/14 23:35:09 INFO MemoryStore: Block broadcast_4_piece0 stored as bytes in memory (estimated size 35.2 KiB, free 433.6 MiB)
[2025-05-14T23:35:09.393+0530] {subprocess.py:93} INFO - 25/05/14 23:35:09 INFO BlockManagerInfo: Added broadcast_4_piece0 in memory on 10.255.255.254:41339 (size: 35.2 KiB, free: 434.2 MiB)
[2025-05-14T23:35:09.394+0530] {subprocess.py:93} INFO - 25/05/14 23:35:09 INFO SparkContext: Created broadcast 4 from parquet at NativeMethodAccessorImpl.java:0
[2025-05-14T23:35:09.395+0530] {subprocess.py:93} INFO - 25/05/14 23:35:09 INFO FileSourceScanExec: Planning scan with bin packing, max size: 4194304 bytes, open cost is considered as scanning 4194304 bytes.
[2025-05-14T23:35:09.401+0530] {subprocess.py:93} INFO - 25/05/14 23:35:09 INFO DAGScheduler: Registering RDD 14 (parquet at NativeMethodAccessorImpl.java:0) as input to shuffle 1
[2025-05-14T23:35:09.402+0530] {subprocess.py:93} INFO - 25/05/14 23:35:09 INFO DAGScheduler: Got map stage job 3 (parquet at NativeMethodAccessorImpl.java:0) with 1 output partitions
[2025-05-14T23:35:09.402+0530] {subprocess.py:93} INFO - 25/05/14 23:35:09 INFO DAGScheduler: Final stage: ShuffleMapStage 4 (parquet at NativeMethodAccessorImpl.java:0)
[2025-05-14T23:35:09.402+0530] {subprocess.py:93} INFO - 25/05/14 23:35:09 INFO DAGScheduler: Parents of final stage: List()
[2025-05-14T23:35:09.403+0530] {subprocess.py:93} INFO - 25/05/14 23:35:09 INFO DAGScheduler: Missing parents: List()
[2025-05-14T23:35:09.404+0530] {subprocess.py:93} INFO - 25/05/14 23:35:09 INFO DAGScheduler: Submitting ShuffleMapStage 4 (MapPartitionsRDD[14] at parquet at NativeMethodAccessorImpl.java:0), which has no missing parents
[2025-05-14T23:35:09.406+0530] {subprocess.py:93} INFO - 25/05/14 23:35:09 INFO MemoryStore: Block broadcast_5 stored as values in memory (estimated size 24.5 KiB, free 433.6 MiB)
[2025-05-14T23:35:09.407+0530] {subprocess.py:93} INFO - 25/05/14 23:35:09 INFO MemoryStore: Block broadcast_5_piece0 stored as bytes in memory (estimated size 9.2 KiB, free 433.6 MiB)
[2025-05-14T23:35:09.408+0530] {subprocess.py:93} INFO - 25/05/14 23:35:09 INFO BlockManagerInfo: Added broadcast_5_piece0 in memory on 10.255.255.254:41339 (size: 9.2 KiB, free: 434.2 MiB)
[2025-05-14T23:35:09.408+0530] {subprocess.py:93} INFO - 25/05/14 23:35:09 INFO SparkContext: Created broadcast 5 from broadcast at DAGScheduler.scala:1585
[2025-05-14T23:35:09.409+0530] {subprocess.py:93} INFO - 25/05/14 23:35:09 INFO DAGScheduler: Submitting 1 missing tasks from ShuffleMapStage 4 (MapPartitionsRDD[14] at parquet at NativeMethodAccessorImpl.java:0) (first 15 tasks are for partitions Vector(0))
[2025-05-14T23:35:09.409+0530] {subprocess.py:93} INFO - 25/05/14 23:35:09 INFO TaskSchedulerImpl: Adding task set 4.0 with 1 tasks resource profile 0
[2025-05-14T23:35:09.411+0530] {subprocess.py:93} INFO - 25/05/14 23:35:09 INFO TaskSetManager: Starting task 0.0 in stage 4.0 (TID 3) (10.255.255.254, executor driver, partition 0, PROCESS_LOCAL, 9689 bytes)
[2025-05-14T23:35:09.412+0530] {subprocess.py:93} INFO - 25/05/14 23:35:09 INFO Executor: Running task 0.0 in stage 4.0 (TID 3)
[2025-05-14T23:35:09.429+0530] {subprocess.py:93} INFO - 25/05/14 23:35:09 INFO CodeGenerator: Code generated in 12.759088 ms
[2025-05-14T23:35:09.431+0530] {subprocess.py:93} INFO - 25/05/14 23:35:09 INFO FileScanRDD: Reading File path: file:///home/pranav_shirali/airflow-project/nyc_taxi_extracted.parquet/part-00000-c327d3c9-f355-4167-a94b-d304d579fe51-c000.snappy.parquet, range: 0-2227654, partition values: [empty row]
[2025-05-14T23:35:09.550+0530] {subprocess.py:93} INFO - 25/05/14 23:35:09 INFO Executor: Finished task 0.0 in stage 4.0 (TID 3). 2083 bytes result sent to driver
[2025-05-14T23:35:09.553+0530] {subprocess.py:93} INFO - 25/05/14 23:35:09 INFO TaskSetManager: Finished task 0.0 in stage 4.0 (TID 3) in 142 ms on 10.255.255.254 (executor driver) (1/1)
[2025-05-14T23:35:09.553+0530] {subprocess.py:93} INFO - 25/05/14 23:35:09 INFO TaskSchedulerImpl: Removed TaskSet 4.0, whose tasks have all completed, from pool
[2025-05-14T23:35:09.554+0530] {subprocess.py:93} INFO - 25/05/14 23:35:09 INFO DAGScheduler: ShuffleMapStage 4 (parquet at NativeMethodAccessorImpl.java:0) finished in 0.149 s
[2025-05-14T23:35:09.554+0530] {subprocess.py:93} INFO - 25/05/14 23:35:09 INFO DAGScheduler: looking for newly runnable stages
[2025-05-14T23:35:09.554+0530] {subprocess.py:93} INFO - 25/05/14 23:35:09 INFO DAGScheduler: running: Set()
[2025-05-14T23:35:09.554+0530] {subprocess.py:93} INFO - 25/05/14 23:35:09 INFO DAGScheduler: waiting: Set()
[2025-05-14T23:35:09.554+0530] {subprocess.py:93} INFO - 25/05/14 23:35:09 INFO DAGScheduler: failed: Set()
[2025-05-14T23:35:09.559+0530] {subprocess.py:93} INFO - 25/05/14 23:35:09 WARN WindowExec: No Partition Defined for Window operation! Moving all data to a single partition, this can cause serious performance degradation.
[2025-05-14T23:35:09.560+0530] {subprocess.py:93} INFO - 25/05/14 23:35:09 WARN WindowExec: No Partition Defined for Window operation! Moving all data to a single partition, this can cause serious performance degradation.
[2025-05-14T23:35:09.580+0530] {subprocess.py:93} INFO - 25/05/14 23:35:09 INFO ParquetUtils: Using default output committer for Parquet: org.apache.parquet.hadoop.ParquetOutputCommitter
[2025-05-14T23:35:09.582+0530] {subprocess.py:93} INFO - 25/05/14 23:35:09 INFO BlockManagerInfo: Removed broadcast_1_piece0 on 10.255.255.254:41339 in memory (size: 35.3 KiB, free: 434.3 MiB)
[2025-05-14T23:35:09.583+0530] {subprocess.py:93} INFO - 25/05/14 23:35:09 INFO FileOutputCommitter: File Output Committer Algorithm version is 1
[2025-05-14T23:35:09.583+0530] {subprocess.py:93} INFO - 25/05/14 23:35:09 INFO FileOutputCommitter: FileOutputCommitter skip cleanup _temporary folders under output directory:false, ignore cleanup failures: false
[2025-05-14T23:35:09.583+0530] {subprocess.py:93} INFO - 25/05/14 23:35:09 INFO SQLHadoopMapReduceCommitProtocol: Using user defined output committer class org.apache.parquet.hadoop.ParquetOutputCommitter
[2025-05-14T23:35:09.583+0530] {subprocess.py:93} INFO - 25/05/14 23:35:09 INFO FileOutputCommitter: File Output Committer Algorithm version is 1
[2025-05-14T23:35:09.583+0530] {subprocess.py:93} INFO - 25/05/14 23:35:09 INFO FileOutputCommitter: FileOutputCommitter skip cleanup _temporary folders under output directory:false, ignore cleanup failures: false
[2025-05-14T23:35:09.584+0530] {subprocess.py:93} INFO - 25/05/14 23:35:09 INFO SQLHadoopMapReduceCommitProtocol: Using output committer class org.apache.parquet.hadoop.ParquetOutputCommitter
[2025-05-14T23:35:09.586+0530] {subprocess.py:93} INFO - 25/05/14 23:35:09 INFO BlockManagerInfo: Removed broadcast_3_piece0 on 10.255.255.254:41339 in memory (size: 92.3 KiB, free: 434.4 MiB)
[2025-05-14T23:35:09.608+0530] {subprocess.py:93} INFO - 25/05/14 23:35:09 INFO CodeGenerator: Code generated in 7.88443 ms
[2025-05-14T23:35:09.627+0530] {subprocess.py:93} INFO - 25/05/14 23:35:09 INFO SparkContext: Starting job: parquet at NativeMethodAccessorImpl.java:0
[2025-05-14T23:35:09.628+0530] {subprocess.py:93} INFO - 25/05/14 23:35:09 INFO DAGScheduler: Got job 4 (parquet at NativeMethodAccessorImpl.java:0) with 1 output partitions
[2025-05-14T23:35:09.628+0530] {subprocess.py:93} INFO - 25/05/14 23:35:09 INFO DAGScheduler: Final stage: ResultStage 6 (parquet at NativeMethodAccessorImpl.java:0)
[2025-05-14T23:35:09.629+0530] {subprocess.py:93} INFO - 25/05/14 23:35:09 INFO DAGScheduler: Parents of final stage: List(ShuffleMapStage 5)
[2025-05-14T23:35:09.630+0530] {subprocess.py:93} INFO - 25/05/14 23:35:09 INFO DAGScheduler: Missing parents: List()
[2025-05-14T23:35:09.631+0530] {subprocess.py:93} INFO - 25/05/14 23:35:09 INFO DAGScheduler: Submitting ResultStage 6 (MapPartitionsRDD[19] at parquet at NativeMethodAccessorImpl.java:0), which has no missing parents
[2025-05-14T23:35:09.649+0530] {subprocess.py:93} INFO - 25/05/14 23:35:09 INFO MemoryStore: Block broadcast_6 stored as values in memory (estimated size 245.6 KiB, free 433.9 MiB)
[2025-05-14T23:35:09.651+0530] {subprocess.py:93} INFO - 25/05/14 23:35:09 INFO MemoryStore: Block broadcast_6_piece0 stored as bytes in memory (estimated size 90.4 KiB, free 433.8 MiB)
[2025-05-14T23:35:09.652+0530] {subprocess.py:93} INFO - 25/05/14 23:35:09 INFO BlockManagerInfo: Added broadcast_6_piece0 in memory on 10.255.255.254:41339 (size: 90.4 KiB, free: 434.3 MiB)
[2025-05-14T23:35:09.652+0530] {subprocess.py:93} INFO - 25/05/14 23:35:09 INFO SparkContext: Created broadcast 6 from broadcast at DAGScheduler.scala:1585
[2025-05-14T23:35:09.653+0530] {subprocess.py:93} INFO - 25/05/14 23:35:09 INFO DAGScheduler: Submitting 1 missing tasks from ResultStage 6 (MapPartitionsRDD[19] at parquet at NativeMethodAccessorImpl.java:0) (first 15 tasks are for partitions Vector(0))
[2025-05-14T23:35:09.653+0530] {subprocess.py:93} INFO - 25/05/14 23:35:09 INFO TaskSchedulerImpl: Adding task set 6.0 with 1 tasks resource profile 0
[2025-05-14T23:35:09.654+0530] {subprocess.py:93} INFO - 25/05/14 23:35:09 INFO TaskSetManager: Starting task 0.0 in stage 6.0 (TID 4) (10.255.255.254, executor driver, partition 0, NODE_LOCAL, 8999 bytes)
[2025-05-14T23:35:09.655+0530] {subprocess.py:93} INFO - 25/05/14 23:35:09 INFO Executor: Running task 0.0 in stage 6.0 (TID 4)
[2025-05-14T23:35:09.673+0530] {subprocess.py:93} INFO - 25/05/14 23:35:09 INFO ShuffleBlockFetcherIterator: Getting 1 (3.3 MiB) non-empty blocks including 1 (3.3 MiB) local and 0 (0.0 B) host-local and 0 (0.0 B) push-merged-local and 0 (0.0 B) remote blocks
[2025-05-14T23:35:09.673+0530] {subprocess.py:93} INFO - 25/05/14 23:35:09 INFO ShuffleBlockFetcherIterator: Started 0 remote fetches in 0 ms
[2025-05-14T23:35:09.690+0530] {subprocess.py:93} INFO - 25/05/14 23:35:09 INFO CodeGenerator: Code generated in 9.226083 ms
[2025-05-14T23:35:09.753+0530] {subprocess.py:93} INFO - 25/05/14 23:35:09 INFO CodeGenerator: Code generated in 4.646189 ms
[2025-05-14T23:35:09.762+0530] {subprocess.py:93} INFO - 25/05/14 23:35:09 INFO CodeGenerator: Code generated in 4.913699 ms
[2025-05-14T23:35:09.768+0530] {subprocess.py:93} INFO - 25/05/14 23:35:09 INFO CodeGenerator: Code generated in 4.393182 ms
[2025-05-14T23:35:09.776+0530] {subprocess.py:93} INFO - 25/05/14 23:35:09 INFO CodeGenerator: Code generated in 6.470622 ms
[2025-05-14T23:35:09.778+0530] {subprocess.py:93} INFO - 25/05/14 23:35:09 INFO FileOutputCommitter: File Output Committer Algorithm version is 1
[2025-05-14T23:35:09.778+0530] {subprocess.py:93} INFO - 25/05/14 23:35:09 INFO FileOutputCommitter: FileOutputCommitter skip cleanup _temporary folders under output directory:false, ignore cleanup failures: false
[2025-05-14T23:35:09.778+0530] {subprocess.py:93} INFO - 25/05/14 23:35:09 INFO SQLHadoopMapReduceCommitProtocol: Using user defined output committer class org.apache.parquet.hadoop.ParquetOutputCommitter
[2025-05-14T23:35:09.778+0530] {subprocess.py:93} INFO - 25/05/14 23:35:09 INFO FileOutputCommitter: File Output Committer Algorithm version is 1
[2025-05-14T23:35:09.778+0530] {subprocess.py:93} INFO - 25/05/14 23:35:09 INFO FileOutputCommitter: FileOutputCommitter skip cleanup _temporary folders under output directory:false, ignore cleanup failures: false
[2025-05-14T23:35:09.778+0530] {subprocess.py:93} INFO - 25/05/14 23:35:09 INFO SQLHadoopMapReduceCommitProtocol: Using output committer class org.apache.parquet.hadoop.ParquetOutputCommitter
[2025-05-14T23:35:09.779+0530] {subprocess.py:93} INFO - 25/05/14 23:35:09 INFO CodecConfig: Compression: SNAPPY
[2025-05-14T23:35:09.779+0530] {subprocess.py:93} INFO - 25/05/14 23:35:09 INFO CodecConfig: Compression: SNAPPY
[2025-05-14T23:35:09.780+0530] {subprocess.py:93} INFO - 25/05/14 23:35:09 INFO ParquetOutputFormat: ParquetRecordWriter [block size: 134217728b, row group padding size: 8388608b, validating: false]
[2025-05-14T23:35:09.781+0530] {subprocess.py:93} INFO - 25/05/14 23:35:09 INFO ParquetWriteSupport: Initialized Parquet WriteSupport with Catalyst schema:
[2025-05-14T23:35:09.781+0530] {subprocess.py:93} INFO - {
[2025-05-14T23:35:09.781+0530] {subprocess.py:93} INFO -   "type" : "struct",
[2025-05-14T23:35:09.781+0530] {subprocess.py:93} INFO -   "fields" : [ {
[2025-05-14T23:35:09.781+0530] {subprocess.py:93} INFO -     "name" : "Payment_id",
[2025-05-14T23:35:09.782+0530] {subprocess.py:93} INFO -     "type" : "integer",
[2025-05-14T23:35:09.782+0530] {subprocess.py:93} INFO -     "nullable" : false,
[2025-05-14T23:35:09.782+0530] {subprocess.py:93} INFO -     "metadata" : { }
[2025-05-14T23:35:09.782+0530] {subprocess.py:93} INFO -   }, {
[2025-05-14T23:35:09.782+0530] {subprocess.py:93} INFO -     "name" : "Trip_id",
[2025-05-14T23:35:09.782+0530] {subprocess.py:93} INFO -     "type" : "integer",
[2025-05-14T23:35:09.782+0530] {subprocess.py:93} INFO -     "nullable" : false,
[2025-05-14T23:35:09.782+0530] {subprocess.py:93} INFO -     "metadata" : { }
[2025-05-14T23:35:09.782+0530] {subprocess.py:93} INFO -   }, {
[2025-05-14T23:35:09.782+0530] {subprocess.py:93} INFO -     "name" : "payment_type",
[2025-05-14T23:35:09.782+0530] {subprocess.py:93} INFO -     "type" : "integer",
[2025-05-14T23:35:09.782+0530] {subprocess.py:93} INFO -     "nullable" : true,
[2025-05-14T23:35:09.782+0530] {subprocess.py:93} INFO -     "metadata" : { }
[2025-05-14T23:35:09.783+0530] {subprocess.py:93} INFO -   }, {
[2025-05-14T23:35:09.783+0530] {subprocess.py:93} INFO -     "name" : "fare_amount",
[2025-05-14T23:35:09.783+0530] {subprocess.py:93} INFO -     "type" : "double",
[2025-05-14T23:35:09.783+0530] {subprocess.py:93} INFO -     "nullable" : true,
[2025-05-14T23:35:09.783+0530] {subprocess.py:93} INFO -     "metadata" : { }
[2025-05-14T23:35:09.783+0530] {subprocess.py:93} INFO -   }, {
[2025-05-14T23:35:09.783+0530] {subprocess.py:93} INFO -     "name" : "extra",
[2025-05-14T23:35:09.783+0530] {subprocess.py:93} INFO -     "type" : "double",
[2025-05-14T23:35:09.783+0530] {subprocess.py:93} INFO -     "nullable" : true,
[2025-05-14T23:35:09.783+0530] {subprocess.py:93} INFO -     "metadata" : { }
[2025-05-14T23:35:09.783+0530] {subprocess.py:93} INFO -   }, {
[2025-05-14T23:35:09.783+0530] {subprocess.py:93} INFO -     "name" : "mta_tax",
[2025-05-14T23:35:09.783+0530] {subprocess.py:93} INFO -     "type" : "double",
[2025-05-14T23:35:09.784+0530] {subprocess.py:93} INFO -     "nullable" : true,
[2025-05-14T23:35:09.784+0530] {subprocess.py:93} INFO -     "metadata" : { }
[2025-05-14T23:35:09.784+0530] {subprocess.py:93} INFO -   }, {
[2025-05-14T23:35:09.784+0530] {subprocess.py:93} INFO -     "name" : "tip_amount",
[2025-05-14T23:35:09.784+0530] {subprocess.py:93} INFO -     "type" : "double",
[2025-05-14T23:35:09.784+0530] {subprocess.py:93} INFO -     "nullable" : true,
[2025-05-14T23:35:09.784+0530] {subprocess.py:93} INFO -     "metadata" : { }
[2025-05-14T23:35:09.784+0530] {subprocess.py:93} INFO -   }, {
[2025-05-14T23:35:09.784+0530] {subprocess.py:93} INFO -     "name" : "tolls_amount",
[2025-05-14T23:35:09.784+0530] {subprocess.py:93} INFO -     "type" : "double",
[2025-05-14T23:35:09.784+0530] {subprocess.py:93} INFO -     "nullable" : true,
[2025-05-14T23:35:09.785+0530] {subprocess.py:93} INFO -     "metadata" : { }
[2025-05-14T23:35:09.785+0530] {subprocess.py:93} INFO -   }, {
[2025-05-14T23:35:09.785+0530] {subprocess.py:93} INFO -     "name" : "improvement_surcharge",
[2025-05-14T23:35:09.785+0530] {subprocess.py:93} INFO -     "type" : "double",
[2025-05-14T23:35:09.785+0530] {subprocess.py:93} INFO -     "nullable" : true,
[2025-05-14T23:35:09.785+0530] {subprocess.py:93} INFO -     "metadata" : { }
[2025-05-14T23:35:09.785+0530] {subprocess.py:93} INFO -   }, {
[2025-05-14T23:35:09.785+0530] {subprocess.py:93} INFO -     "name" : "total_amount",
[2025-05-14T23:35:09.785+0530] {subprocess.py:93} INFO -     "type" : "double",
[2025-05-14T23:35:09.785+0530] {subprocess.py:93} INFO -     "nullable" : true,
[2025-05-14T23:35:09.785+0530] {subprocess.py:93} INFO -     "metadata" : { }
[2025-05-14T23:35:09.786+0530] {subprocess.py:93} INFO -   }, {
[2025-05-14T23:35:09.786+0530] {subprocess.py:93} INFO -     "name" : "trip_amt_INR",
[2025-05-14T23:35:09.786+0530] {subprocess.py:93} INFO -     "type" : "double",
[2025-05-14T23:35:09.786+0530] {subprocess.py:93} INFO -     "nullable" : true,
[2025-05-14T23:35:09.786+0530] {subprocess.py:93} INFO -     "metadata" : { }
[2025-05-14T23:35:09.786+0530] {subprocess.py:93} INFO -   }, {
[2025-05-14T23:35:09.786+0530] {subprocess.py:93} INFO -     "name" : "congestion_surcharge",
[2025-05-14T23:35:09.786+0530] {subprocess.py:93} INFO -     "type" : "double",
[2025-05-14T23:35:09.786+0530] {subprocess.py:93} INFO -     "nullable" : true,
[2025-05-14T23:35:09.786+0530] {subprocess.py:93} INFO -     "metadata" : { }
[2025-05-14T23:35:09.786+0530] {subprocess.py:93} INFO -   } ]
[2025-05-14T23:35:09.786+0530] {subprocess.py:93} INFO - }
[2025-05-14T23:35:09.786+0530] {subprocess.py:93} INFO - and corresponding Parquet message type:
[2025-05-14T23:35:09.787+0530] {subprocess.py:93} INFO - message spark_schema {
[2025-05-14T23:35:09.787+0530] {subprocess.py:93} INFO -   required int32 Payment_id;
[2025-05-14T23:35:09.787+0530] {subprocess.py:93} INFO -   required int32 Trip_id;
[2025-05-14T23:35:09.787+0530] {subprocess.py:93} INFO -   optional int32 payment_type;
[2025-05-14T23:35:09.787+0530] {subprocess.py:93} INFO -   optional double fare_amount;
[2025-05-14T23:35:09.787+0530] {subprocess.py:93} INFO -   optional double extra;
[2025-05-14T23:35:09.787+0530] {subprocess.py:93} INFO -   optional double mta_tax;
[2025-05-14T23:35:09.787+0530] {subprocess.py:93} INFO -   optional double tip_amount;
[2025-05-14T23:35:09.787+0530] {subprocess.py:93} INFO -   optional double tolls_amount;
[2025-05-14T23:35:09.787+0530] {subprocess.py:93} INFO -   optional double improvement_surcharge;
[2025-05-14T23:35:09.787+0530] {subprocess.py:93} INFO -   optional double total_amount;
[2025-05-14T23:35:09.788+0530] {subprocess.py:93} INFO -   optional double trip_amt_INR;
[2025-05-14T23:35:09.788+0530] {subprocess.py:93} INFO -   optional double congestion_surcharge;
[2025-05-14T23:35:09.788+0530] {subprocess.py:93} INFO - }
[2025-05-14T23:35:09.788+0530] {subprocess.py:93} INFO - 
[2025-05-14T23:35:09.788+0530] {subprocess.py:93} INFO - 
[2025-05-14T23:35:09.795+0530] {subprocess.py:93} INFO - 25/05/14 23:35:09 INFO ExternalAppendOnlyUnsafeRowArray: Reached spill threshold of 4096 rows, switching to org.apache.spark.util.collection.unsafe.sort.UnsafeExternalSorter
[2025-05-14T23:35:10.023+0530] {subprocess.py:93} INFO - 25/05/14 23:35:10 INFO FileOutputCommitter: Saved output of task 'attempt_202505142335097631654882480528677_0006_m_000000_4' to file:/home/pranav_shirali/airflow-project/nyc_taxi_payment.parquet/_temporary/0/task_202505142335097631654882480528677_0006_m_000000
[2025-05-14T23:35:10.024+0530] {subprocess.py:93} INFO - 25/05/14 23:35:10 INFO SparkHadoopMapRedUtil: attempt_202505142335097631654882480528677_0006_m_000000_4: Committed. Elapsed time: 0 ms.
[2025-05-14T23:35:10.027+0530] {subprocess.py:93} INFO - 25/05/14 23:35:10 INFO Executor: Finished task 0.0 in stage 6.0 (TID 4). 5915 bytes result sent to driver
[2025-05-14T23:35:10.029+0530] {subprocess.py:93} INFO - 25/05/14 23:35:10 INFO TaskSetManager: Finished task 0.0 in stage 6.0 (TID 4) in 375 ms on 10.255.255.254 (executor driver) (1/1)
[2025-05-14T23:35:10.029+0530] {subprocess.py:93} INFO - 25/05/14 23:35:10 INFO TaskSchedulerImpl: Removed TaskSet 6.0, whose tasks have all completed, from pool
[2025-05-14T23:35:10.030+0530] {subprocess.py:93} INFO - 25/05/14 23:35:10 INFO DAGScheduler: ResultStage 6 (parquet at NativeMethodAccessorImpl.java:0) finished in 0.398 s
[2025-05-14T23:35:10.030+0530] {subprocess.py:93} INFO - 25/05/14 23:35:10 INFO DAGScheduler: Job 4 is finished. Cancelling potential speculative or zombie tasks for this job
[2025-05-14T23:35:10.031+0530] {subprocess.py:93} INFO - 25/05/14 23:35:10 INFO TaskSchedulerImpl: Killing all running tasks in stage 6: Stage finished
[2025-05-14T23:35:10.031+0530] {subprocess.py:93} INFO - 25/05/14 23:35:10 INFO DAGScheduler: Job 4 finished: parquet at NativeMethodAccessorImpl.java:0, took 0.403831 s
[2025-05-14T23:35:10.032+0530] {subprocess.py:93} INFO - 25/05/14 23:35:10 INFO FileFormatWriter: Start to commit write Job f9d28c72-c077-4a5d-9bfe-c6b6a83106ef.
[2025-05-14T23:35:10.043+0530] {subprocess.py:93} INFO - 25/05/14 23:35:10 INFO FileFormatWriter: Write Job f9d28c72-c077-4a5d-9bfe-c6b6a83106ef committed. Elapsed time: 10 ms.
[2025-05-14T23:35:10.043+0530] {subprocess.py:93} INFO - 25/05/14 23:35:10 INFO FileFormatWriter: Finished processing stats for write job f9d28c72-c077-4a5d-9bfe-c6b6a83106ef.
[2025-05-14T23:35:10.056+0530] {subprocess.py:93} INFO - 25/05/14 23:35:10 INFO BlockManagerInfo: Removed broadcast_5_piece0 on 10.255.255.254:41339 in memory (size: 9.2 KiB, free: 434.3 MiB)
[2025-05-14T23:35:10.094+0530] {subprocess.py:93} INFO - 25/05/14 23:35:10 INFO SparkContext: Invoking stop() from shutdown hook
[2025-05-14T23:35:10.094+0530] {subprocess.py:93} INFO - 25/05/14 23:35:10 INFO SparkContext: SparkContext is stopping with exitCode 0.
[2025-05-14T23:35:10.103+0530] {subprocess.py:93} INFO - 25/05/14 23:35:10 INFO SparkUI: Stopped Spark web UI at http://10.255.255.254:4040
[2025-05-14T23:35:10.114+0530] {subprocess.py:93} INFO - 25/05/14 23:35:10 INFO MapOutputTrackerMasterEndpoint: MapOutputTrackerMasterEndpoint stopped!
[2025-05-14T23:35:10.126+0530] {subprocess.py:93} INFO - 25/05/14 23:35:10 INFO MemoryStore: MemoryStore cleared
[2025-05-14T23:35:10.126+0530] {subprocess.py:93} INFO - 25/05/14 23:35:10 INFO BlockManager: BlockManager stopped
[2025-05-14T23:35:10.129+0530] {subprocess.py:93} INFO - 25/05/14 23:35:10 INFO BlockManagerMaster: BlockManagerMaster stopped
[2025-05-14T23:35:10.130+0530] {subprocess.py:93} INFO - 25/05/14 23:35:10 INFO OutputCommitCoordinator$OutputCommitCoordinatorEndpoint: OutputCommitCoordinator stopped!
[2025-05-14T23:35:10.136+0530] {subprocess.py:93} INFO - 25/05/14 23:35:10 INFO SparkContext: Successfully stopped SparkContext
[2025-05-14T23:35:10.136+0530] {subprocess.py:93} INFO - 25/05/14 23:35:10 INFO ShutdownHookManager: Shutdown hook called
[2025-05-14T23:35:10.137+0530] {subprocess.py:93} INFO - 25/05/14 23:35:10 INFO ShutdownHookManager: Deleting directory /tmp/spark-83d68eeb-a3ee-4a97-9c11-c04188914ddb
[2025-05-14T23:35:10.139+0530] {subprocess.py:93} INFO - 25/05/14 23:35:10 INFO ShutdownHookManager: Deleting directory /tmp/spark-83d68eeb-a3ee-4a97-9c11-c04188914ddb/pyspark-d5b431ad-d4ee-41d7-80b1-60a9977ba65c
[2025-05-14T23:35:10.141+0530] {subprocess.py:93} INFO - 25/05/14 23:35:10 INFO ShutdownHookManager: Deleting directory /tmp/spark-86b6c78a-6aa2-4f25-bf5e-1a4a134ae2b6
[2025-05-14T23:35:10.216+0530] {subprocess.py:97} INFO - Command exited with return code 0
[2025-05-14T23:35:10.231+0530] {taskinstance.py:340} INFO - ::group::Post task execution logs
[2025-05-14T23:35:10.231+0530] {taskinstance.py:352} INFO - Marking task as SUCCESS. dag_id=nyc_taxi_etl, task_id=transform_data, run_id=manual__2025-05-14T18:04:36.240563+00:00, execution_date=20250514T180436, start_date=20250514T180454, end_date=20250514T180510
[2025-05-14T23:35:10.277+0530] {local_task_job_runner.py:266} INFO - Task exited with return code 0
[2025-05-14T23:35:10.289+0530] {taskinstance.py:3900} INFO - 1 downstream tasks scheduled from follow-on schedule check
[2025-05-14T23:35:10.292+0530] {local_task_job_runner.py:245} INFO - ::endgroup::
