[2025-05-22T21:25:03.320+0530] {local_task_job_runner.py:123} INFO - ::group::Pre task execution logs
[2025-05-22T21:25:03.327+0530] {taskinstance.py:2612} INFO - Dependencies all met for dep_context=non-requeueable deps ti=<TaskInstance: nyc_taxi_etl.extract_from_azure manual__2025-05-22T15:55:01.644073+00:00 [queued]>
[2025-05-22T21:25:03.331+0530] {taskinstance.py:2612} INFO - Dependencies all met for dep_context=requeueable deps ti=<TaskInstance: nyc_taxi_etl.extract_from_azure manual__2025-05-22T15:55:01.644073+00:00 [queued]>
[2025-05-22T21:25:03.331+0530] {taskinstance.py:2865} INFO - Starting attempt 1 of 1
[2025-05-22T21:25:03.344+0530] {taskinstance.py:2888} INFO - Executing <Task(BashOperator): extract_from_azure> on 2025-05-22 15:55:01.644073+00:00
[2025-05-22T21:25:03.346+0530] {standard_task_runner.py:72} INFO - Started process 1861 to run task
[2025-05-22T21:25:03.350+0530] {standard_task_runner.py:104} INFO - Running: ['airflow', 'tasks', 'run', 'nyc_taxi_etl', 'extract_from_azure', 'manual__2025-05-22T15:55:01.644073+00:00', '--job-id', '156', '--raw', '--subdir', 'DAGS_FOLDER/nyc_taxi_etl.py', '--cfg-path', '/tmp/tmpvoqlts3z']
[2025-05-22T21:25:03.351+0530] {standard_task_runner.py:105} INFO - Job 156: Subtask extract_from_azure
[2025-05-22T21:25:03.379+0530] {task_command.py:467} INFO - Running <TaskInstance: nyc_taxi_etl.extract_from_azure manual__2025-05-22T15:55:01.644073+00:00 [running]> on host Voldemort.
[2025-05-22T21:25:03.432+0530] {taskinstance.py:3131} INFO - Exporting env vars: AIRFLOW_CTX_DAG_OWNER='airflow' AIRFLOW_CTX_DAG_ID='nyc_taxi_etl' AIRFLOW_CTX_TASK_ID='extract_from_azure' AIRFLOW_CTX_EXECUTION_DATE='2025-05-22T15:55:01.644073+00:00' AIRFLOW_CTX_TRY_NUMBER='1' AIRFLOW_CTX_DAG_RUN_ID='manual__2025-05-22T15:55:01.644073+00:00'
[2025-05-22T21:25:03.433+0530] {taskinstance.py:731} INFO - ::endgroup::
[2025-05-22T21:25:03.446+0530] {subprocess.py:63} INFO - Tmp dir root location: /tmp
[2025-05-22T21:25:03.447+0530] {subprocess.py:75} INFO - Running command: ['/usr/bin/bash', '-c', '/opt/spark/bin/spark-submit /home/pranav_shirali/airflow-project/scripts/ETL/extract.py']
[2025-05-22T21:25:03.453+0530] {subprocess.py:86} INFO - Output:
[2025-05-22T21:25:05.388+0530] {subprocess.py:93} INFO - 25/05/22 21:25:05 WARN Utils: Your hostname, Voldemort resolves to a loopback address: 127.0.1.1; using 10.255.255.254 instead (on interface lo)
[2025-05-22T21:25:05.390+0530] {subprocess.py:93} INFO - 25/05/22 21:25:05 WARN Utils: Set SPARK_LOCAL_IP if you need to bind to another address
[2025-05-22T21:25:06.623+0530] {subprocess.py:93} INFO - 25/05/22 21:25:06 INFO SparkContext: Running Spark version 3.5.5
[2025-05-22T21:25:06.624+0530] {subprocess.py:93} INFO - 25/05/22 21:25:06 INFO SparkContext: OS info Linux, 5.15.167.4-microsoft-standard-WSL2, amd64
[2025-05-22T21:25:06.624+0530] {subprocess.py:93} INFO - 25/05/22 21:25:06 INFO SparkContext: Java version 11.0.27
[2025-05-22T21:25:06.701+0530] {subprocess.py:93} INFO - 25/05/22 21:25:06 WARN NativeCodeLoader: Unable to load native-hadoop library for your platform... using builtin-java classes where applicable
[2025-05-22T21:25:06.816+0530] {subprocess.py:93} INFO - 25/05/22 21:25:06 INFO ResourceUtils: ==============================================================
[2025-05-22T21:25:06.816+0530] {subprocess.py:93} INFO - 25/05/22 21:25:06 INFO ResourceUtils: No custom resources configured for spark.driver.
[2025-05-22T21:25:06.817+0530] {subprocess.py:93} INFO - 25/05/22 21:25:06 INFO ResourceUtils: ==============================================================
[2025-05-22T21:25:06.817+0530] {subprocess.py:93} INFO - 25/05/22 21:25:06 INFO SparkContext: Submitted application: NYC Taxi Extract
[2025-05-22T21:25:06.837+0530] {subprocess.py:93} INFO - 25/05/22 21:25:06 INFO ResourceProfile: Default ResourceProfile created, executor resources: Map(cores -> name: cores, amount: 1, script: , vendor: , memory -> name: memory, amount: 1024, script: , vendor: , offHeap -> name: offHeap, amount: 0, script: , vendor: ), task resources: Map(cpus -> name: cpus, amount: 1.0)
[2025-05-22T21:25:06.845+0530] {subprocess.py:93} INFO - 25/05/22 21:25:06 INFO ResourceProfile: Limiting resource is cpu
[2025-05-22T21:25:06.846+0530] {subprocess.py:93} INFO - 25/05/22 21:25:06 INFO ResourceProfileManager: Added ResourceProfile id: 0
[2025-05-22T21:25:06.903+0530] {subprocess.py:93} INFO - 25/05/22 21:25:06 INFO SecurityManager: Changing view acls to: pranav_shirali
[2025-05-22T21:25:06.903+0530] {subprocess.py:93} INFO - 25/05/22 21:25:06 INFO SecurityManager: Changing modify acls to: pranav_shirali
[2025-05-22T21:25:06.904+0530] {subprocess.py:93} INFO - 25/05/22 21:25:06 INFO SecurityManager: Changing view acls groups to:
[2025-05-22T21:25:06.904+0530] {subprocess.py:93} INFO - 25/05/22 21:25:06 INFO SecurityManager: Changing modify acls groups to:
[2025-05-22T21:25:06.904+0530] {subprocess.py:93} INFO - 25/05/22 21:25:06 INFO SecurityManager: SecurityManager: authentication disabled; ui acls disabled; users with view permissions: pranav_shirali; groups with view permissions: EMPTY; users with modify permissions: pranav_shirali; groups with modify permissions: EMPTY
[2025-05-22T21:25:07.164+0530] {subprocess.py:93} INFO - 25/05/22 21:25:07 INFO Utils: Successfully started service 'sparkDriver' on port 33047.
[2025-05-22T21:25:07.196+0530] {subprocess.py:93} INFO - 25/05/22 21:25:07 INFO SparkEnv: Registering MapOutputTracker
[2025-05-22T21:25:07.225+0530] {subprocess.py:93} INFO - 25/05/22 21:25:07 INFO SparkEnv: Registering BlockManagerMaster
[2025-05-22T21:25:07.243+0530] {subprocess.py:93} INFO - 25/05/22 21:25:07 INFO BlockManagerMasterEndpoint: Using org.apache.spark.storage.DefaultTopologyMapper for getting topology information
[2025-05-22T21:25:07.244+0530] {subprocess.py:93} INFO - 25/05/22 21:25:07 INFO BlockManagerMasterEndpoint: BlockManagerMasterEndpoint up
[2025-05-22T21:25:07.249+0530] {subprocess.py:93} INFO - 25/05/22 21:25:07 INFO SparkEnv: Registering BlockManagerMasterHeartbeat
[2025-05-22T21:25:07.277+0530] {subprocess.py:93} INFO - 25/05/22 21:25:07 INFO DiskBlockManager: Created local directory at /tmp/blockmgr-6a509ad4-1224-47c0-a42b-2806a029f0de
[2025-05-22T21:25:07.290+0530] {subprocess.py:93} INFO - 25/05/22 21:25:07 INFO MemoryStore: MemoryStore started with capacity 434.4 MiB
[2025-05-22T21:25:07.303+0530] {subprocess.py:93} INFO - 25/05/22 21:25:07 INFO SparkEnv: Registering OutputCommitCoordinator
[2025-05-22T21:25:07.484+0530] {subprocess.py:93} INFO - 25/05/22 21:25:07 INFO JettyUtils: Start Jetty 0.0.0.0:4040 for SparkUI
[2025-05-22T21:25:07.538+0530] {subprocess.py:93} INFO - 25/05/22 21:25:07 INFO Utils: Successfully started service 'SparkUI' on port 4040.
[2025-05-22T21:25:07.581+0530] {subprocess.py:93} INFO - 25/05/22 21:25:07 INFO SparkContext: Added JAR /opt/spark/jars/hadoop-azure-3.3.1.jar at spark://10.255.255.254:33047/jars/hadoop-azure-3.3.1.jar with timestamp 1747929306614
[2025-05-22T21:25:07.581+0530] {subprocess.py:93} INFO - 25/05/22 21:25:07 INFO SparkContext: Added JAR /opt/spark/jars/azure-storage-8.6.6.jar at spark://10.255.255.254:33047/jars/azure-storage-8.6.6.jar with timestamp 1747929306614
[2025-05-22T21:25:07.581+0530] {subprocess.py:93} INFO - 25/05/22 21:25:07 INFO SparkContext: Added JAR /opt/spark/jars/hadoop-azure-datalake-3.3.1.jar at spark://10.255.255.254:33047/jars/hadoop-azure-datalake-3.3.1.jar with timestamp 1747929306614
[2025-05-22T21:25:07.657+0530] {subprocess.py:93} INFO - 25/05/22 21:25:07 INFO Executor: Starting executor ID driver on host 10.255.255.254
[2025-05-22T21:25:07.658+0530] {subprocess.py:93} INFO - 25/05/22 21:25:07 INFO Executor: OS info Linux, 5.15.167.4-microsoft-standard-WSL2, amd64
[2025-05-22T21:25:07.658+0530] {subprocess.py:93} INFO - 25/05/22 21:25:07 INFO Executor: Java version 11.0.27
[2025-05-22T21:25:07.663+0530] {subprocess.py:93} INFO - 25/05/22 21:25:07 INFO Executor: Starting executor with user classpath (userClassPathFirst = false): ''
[2025-05-22T21:25:07.664+0530] {subprocess.py:93} INFO - 25/05/22 21:25:07 INFO Executor: Created or updated repl class loader org.apache.spark.util.MutableURLClassLoader@4b937e17 for default.
[2025-05-22T21:25:07.674+0530] {subprocess.py:93} INFO - 25/05/22 21:25:07 INFO Executor: Fetching spark://10.255.255.254:33047/jars/hadoop-azure-datalake-3.3.1.jar with timestamp 1747929306614
[2025-05-22T21:25:07.727+0530] {subprocess.py:93} INFO - 25/05/22 21:25:07 INFO TransportClientFactory: Successfully created connection to /10.255.255.254:33047 after 29 ms (0 ms spent in bootstraps)
[2025-05-22T21:25:07.733+0530] {subprocess.py:93} INFO - 25/05/22 21:25:07 INFO Utils: Fetching spark://10.255.255.254:33047/jars/hadoop-azure-datalake-3.3.1.jar to /tmp/spark-cbf29ff8-2dcb-42b9-b241-e3b3d5e18889/userFiles-90b787fb-7feb-4796-a832-3b8594f5b55b/fetchFileTemp5505530546829246624.tmp
[2025-05-22T21:25:07.766+0530] {subprocess.py:93} INFO - 25/05/22 21:25:07 INFO Executor: Adding file:/tmp/spark-cbf29ff8-2dcb-42b9-b241-e3b3d5e18889/userFiles-90b787fb-7feb-4796-a832-3b8594f5b55b/hadoop-azure-datalake-3.3.1.jar to class loader default
[2025-05-22T21:25:07.766+0530] {subprocess.py:93} INFO - 25/05/22 21:25:07 INFO Executor: Fetching spark://10.255.255.254:33047/jars/azure-storage-8.6.6.jar with timestamp 1747929306614
[2025-05-22T21:25:07.767+0530] {subprocess.py:93} INFO - 25/05/22 21:25:07 INFO Utils: Fetching spark://10.255.255.254:33047/jars/azure-storage-8.6.6.jar to /tmp/spark-cbf29ff8-2dcb-42b9-b241-e3b3d5e18889/userFiles-90b787fb-7feb-4796-a832-3b8594f5b55b/fetchFileTemp10686916234641809983.tmp
[2025-05-22T21:25:07.778+0530] {subprocess.py:93} INFO - 25/05/22 21:25:07 INFO Executor: Adding file:/tmp/spark-cbf29ff8-2dcb-42b9-b241-e3b3d5e18889/userFiles-90b787fb-7feb-4796-a832-3b8594f5b55b/azure-storage-8.6.6.jar to class loader default
[2025-05-22T21:25:07.779+0530] {subprocess.py:93} INFO - 25/05/22 21:25:07 INFO Executor: Fetching spark://10.255.255.254:33047/jars/hadoop-azure-3.3.1.jar with timestamp 1747929306614
[2025-05-22T21:25:07.779+0530] {subprocess.py:93} INFO - 25/05/22 21:25:07 INFO Utils: Fetching spark://10.255.255.254:33047/jars/hadoop-azure-3.3.1.jar to /tmp/spark-cbf29ff8-2dcb-42b9-b241-e3b3d5e18889/userFiles-90b787fb-7feb-4796-a832-3b8594f5b55b/fetchFileTemp14563657446486640809.tmp
[2025-05-22T21:25:07.786+0530] {subprocess.py:93} INFO - 25/05/22 21:25:07 INFO Executor: Adding file:/tmp/spark-cbf29ff8-2dcb-42b9-b241-e3b3d5e18889/userFiles-90b787fb-7feb-4796-a832-3b8594f5b55b/hadoop-azure-3.3.1.jar to class loader default
[2025-05-22T21:25:07.798+0530] {subprocess.py:93} INFO - 25/05/22 21:25:07 INFO Utils: Successfully started service 'org.apache.spark.network.netty.NettyBlockTransferService' on port 38201.
[2025-05-22T21:25:07.798+0530] {subprocess.py:93} INFO - 25/05/22 21:25:07 INFO NettyBlockTransferService: Server created on 10.255.255.254:38201
[2025-05-22T21:25:07.800+0530] {subprocess.py:93} INFO - 25/05/22 21:25:07 INFO BlockManager: Using org.apache.spark.storage.RandomBlockReplicationPolicy for block replication policy
[2025-05-22T21:25:07.806+0530] {subprocess.py:93} INFO - 25/05/22 21:25:07 INFO BlockManagerMaster: Registering BlockManager BlockManagerId(driver, 10.255.255.254, 38201, None)
[2025-05-22T21:25:07.809+0530] {subprocess.py:93} INFO - 25/05/22 21:25:07 INFO BlockManagerMasterEndpoint: Registering block manager 10.255.255.254:38201 with 434.4 MiB RAM, BlockManagerId(driver, 10.255.255.254, 38201, None)
[2025-05-22T21:25:07.812+0530] {subprocess.py:93} INFO - 25/05/22 21:25:07 INFO BlockManagerMaster: Registered BlockManager BlockManagerId(driver, 10.255.255.254, 38201, None)
[2025-05-22T21:25:07.812+0530] {subprocess.py:93} INFO - 25/05/22 21:25:07 INFO BlockManager: Initialized BlockManager: BlockManagerId(driver, 10.255.255.254, 38201, None)
[2025-05-22T21:25:08.308+0530] {subprocess.py:93} INFO - 25/05/22 21:25:08 INFO SharedState: Setting hive.metastore.warehouse.dir ('null') to the value of spark.sql.warehouse.dir.
[2025-05-22T21:25:08.320+0530] {subprocess.py:93} INFO - 25/05/22 21:25:08 INFO SharedState: Warehouse path is 'file:/tmp/airflowtmpbhkimzlg/spark-warehouse'.
[2025-05-22T21:25:11.595+0530] {subprocess.py:93} INFO - 25/05/22 21:25:11 INFO InMemoryFileIndex: It took 409 ms to list leaf files for 1 paths.
[2025-05-22T21:25:12.041+0530] {subprocess.py:93} INFO - 25/05/22 21:25:12 INFO SparkContext: Starting job: parquet at NativeMethodAccessorImpl.java:0
[2025-05-22T21:25:12.058+0530] {subprocess.py:93} INFO - 25/05/22 21:25:12 INFO DAGScheduler: Got job 0 (parquet at NativeMethodAccessorImpl.java:0) with 1 output partitions
[2025-05-22T21:25:12.058+0530] {subprocess.py:93} INFO - 25/05/22 21:25:12 INFO DAGScheduler: Final stage: ResultStage 0 (parquet at NativeMethodAccessorImpl.java:0)
[2025-05-22T21:25:12.059+0530] {subprocess.py:93} INFO - 25/05/22 21:25:12 INFO DAGScheduler: Parents of final stage: List()
[2025-05-22T21:25:12.060+0530] {subprocess.py:93} INFO - 25/05/22 21:25:12 INFO DAGScheduler: Missing parents: List()
[2025-05-22T21:25:12.064+0530] {subprocess.py:93} INFO - 25/05/22 21:25:12 INFO DAGScheduler: Submitting ResultStage 0 (MapPartitionsRDD[1] at parquet at NativeMethodAccessorImpl.java:0), which has no missing parents
[2025-05-22T21:25:12.131+0530] {subprocess.py:93} INFO - 25/05/22 21:25:12 INFO MemoryStore: Block broadcast_0 stored as values in memory (estimated size 104.4 KiB, free 434.3 MiB)
[2025-05-22T21:25:12.162+0530] {subprocess.py:93} INFO - 25/05/22 21:25:12 INFO MemoryStore: Block broadcast_0_piece0 stored as bytes in memory (estimated size 37.8 KiB, free 434.3 MiB)
[2025-05-22T21:25:12.165+0530] {subprocess.py:93} INFO - 25/05/22 21:25:12 INFO BlockManagerInfo: Added broadcast_0_piece0 in memory on 10.255.255.254:38201 (size: 37.8 KiB, free: 434.4 MiB)
[2025-05-22T21:25:12.168+0530] {subprocess.py:93} INFO - 25/05/22 21:25:12 INFO SparkContext: Created broadcast 0 from broadcast at DAGScheduler.scala:1585
[2025-05-22T21:25:12.183+0530] {subprocess.py:93} INFO - 25/05/22 21:25:12 INFO DAGScheduler: Submitting 1 missing tasks from ResultStage 0 (MapPartitionsRDD[1] at parquet at NativeMethodAccessorImpl.java:0) (first 15 tasks are for partitions Vector(0))
[2025-05-22T21:25:12.184+0530] {subprocess.py:93} INFO - 25/05/22 21:25:12 INFO TaskSchedulerImpl: Adding task set 0.0 with 1 tasks resource profile 0
[2025-05-22T21:25:12.234+0530] {subprocess.py:93} INFO - 25/05/22 21:25:12 INFO TaskSetManager: Starting task 0.0 in stage 0.0 (TID 0) (10.255.255.254, executor driver, partition 0, PROCESS_LOCAL, 9523 bytes)
[2025-05-22T21:25:12.248+0530] {subprocess.py:93} INFO - 25/05/22 21:25:12 INFO Executor: Running task 0.0 in stage 0.0 (TID 0)
[2025-05-22T21:25:13.452+0530] {subprocess.py:93} INFO - 25/05/22 21:25:13 INFO Executor: Finished task 0.0 in stage 0.0 (TID 0). 2578 bytes result sent to driver
[2025-05-22T21:25:13.463+0530] {subprocess.py:93} INFO - 25/05/22 21:25:13 INFO TaskSetManager: Finished task 0.0 in stage 0.0 (TID 0) in 1250 ms on 10.255.255.254 (executor driver) (1/1)
[2025-05-22T21:25:13.464+0530] {subprocess.py:93} INFO - 25/05/22 21:25:13 INFO TaskSchedulerImpl: Removed TaskSet 0.0, whose tasks have all completed, from pool
[2025-05-22T21:25:13.467+0530] {subprocess.py:93} INFO - 25/05/22 21:25:13 INFO DAGScheduler: ResultStage 0 (parquet at NativeMethodAccessorImpl.java:0) finished in 1.391 s
[2025-05-22T21:25:13.469+0530] {subprocess.py:93} INFO - 25/05/22 21:25:13 INFO DAGScheduler: Job 0 is finished. Cancelling potential speculative or zombie tasks for this job
[2025-05-22T21:25:13.469+0530] {subprocess.py:93} INFO - 25/05/22 21:25:13 INFO TaskSchedulerImpl: Killing all running tasks in stage 0: Stage finished
[2025-05-22T21:25:13.471+0530] {subprocess.py:93} INFO - 25/05/22 21:25:13 INFO DAGScheduler: Job 0 finished: parquet at NativeMethodAccessorImpl.java:0, took 1.429497 s
[2025-05-22T21:25:13.577+0530] {subprocess.py:93} INFO - 25/05/22 21:25:13 INFO BlockManagerInfo: Removed broadcast_0_piece0 on 10.255.255.254:38201 in memory (size: 37.8 KiB, free: 434.4 MiB)
[2025-05-22T21:25:14.600+0530] {subprocess.py:93} INFO - 25/05/22 21:25:14 INFO FileSourceStrategy: Pushed Filters:
[2025-05-22T21:25:14.601+0530] {subprocess.py:93} INFO - 25/05/22 21:25:14 INFO FileSourceStrategy: Post-Scan Filters:
[2025-05-22T21:25:14.712+0530] {subprocess.py:93} INFO - 25/05/22 21:25:14 INFO ParquetUtils: Using default output committer for Parquet: org.apache.parquet.hadoop.ParquetOutputCommitter
[2025-05-22T21:25:14.747+0530] {subprocess.py:93} INFO - 25/05/22 21:25:14 INFO FileOutputCommitter: File Output Committer Algorithm version is 1
[2025-05-22T21:25:14.748+0530] {subprocess.py:93} INFO - 25/05/22 21:25:14 INFO FileOutputCommitter: FileOutputCommitter skip cleanup _temporary folders under output directory:false, ignore cleanup failures: false
[2025-05-22T21:25:14.749+0530] {subprocess.py:93} INFO - 25/05/22 21:25:14 INFO SQLHadoopMapReduceCommitProtocol: Using user defined output committer class org.apache.parquet.hadoop.ParquetOutputCommitter
[2025-05-22T21:25:14.749+0530] {subprocess.py:93} INFO - 25/05/22 21:25:14 INFO FileOutputCommitter: File Output Committer Algorithm version is 1
[2025-05-22T21:25:14.749+0530] {subprocess.py:93} INFO - 25/05/22 21:25:14 INFO FileOutputCommitter: FileOutputCommitter skip cleanup _temporary folders under output directory:false, ignore cleanup failures: false
[2025-05-22T21:25:14.750+0530] {subprocess.py:93} INFO - 25/05/22 21:25:14 INFO SQLHadoopMapReduceCommitProtocol: Using output committer class org.apache.parquet.hadoop.ParquetOutputCommitter
[2025-05-22T21:25:15.166+0530] {subprocess.py:93} INFO - 25/05/22 21:25:15 INFO CodeGenerator: Code generated in 304.357774 ms
[2025-05-22T21:25:15.190+0530] {subprocess.py:93} INFO - 25/05/22 21:25:15 INFO MemoryStore: Block broadcast_1 stored as values in memory (estimated size 204.9 KiB, free 434.2 MiB)
[2025-05-22T21:25:15.204+0530] {subprocess.py:93} INFO - 25/05/22 21:25:15 INFO MemoryStore: Block broadcast_1_piece0 stored as bytes in memory (estimated size 36.4 KiB, free 434.2 MiB)
[2025-05-22T21:25:15.205+0530] {subprocess.py:93} INFO - 25/05/22 21:25:15 INFO BlockManagerInfo: Added broadcast_1_piece0 in memory on 10.255.255.254:38201 (size: 36.4 KiB, free: 434.4 MiB)
[2025-05-22T21:25:15.206+0530] {subprocess.py:93} INFO - 25/05/22 21:25:15 INFO SparkContext: Created broadcast 1 from parquet at NativeMethodAccessorImpl.java:0
[2025-05-22T21:25:15.227+0530] {subprocess.py:93} INFO - 25/05/22 21:25:15 INFO FileSourceScanExec: Planning scan with bin packing, max size: 4194304 bytes, open cost is considered as scanning 4194304 bytes.
[2025-05-22T21:25:15.271+0530] {subprocess.py:93} INFO - 25/05/22 21:25:15 INFO SparkContext: Starting job: parquet at NativeMethodAccessorImpl.java:0
[2025-05-22T21:25:15.274+0530] {subprocess.py:93} INFO - 25/05/22 21:25:15 INFO DAGScheduler: Got job 1 (parquet at NativeMethodAccessorImpl.java:0) with 10 output partitions
[2025-05-22T21:25:15.274+0530] {subprocess.py:93} INFO - 25/05/22 21:25:15 INFO DAGScheduler: Final stage: ResultStage 1 (parquet at NativeMethodAccessorImpl.java:0)
[2025-05-22T21:25:15.275+0530] {subprocess.py:93} INFO - 25/05/22 21:25:15 INFO DAGScheduler: Parents of final stage: List()
[2025-05-22T21:25:15.276+0530] {subprocess.py:93} INFO - 25/05/22 21:25:15 INFO DAGScheduler: Missing parents: List()
[2025-05-22T21:25:15.278+0530] {subprocess.py:93} INFO - 25/05/22 21:25:15 INFO DAGScheduler: Submitting ResultStage 1 (MapPartitionsRDD[5] at parquet at NativeMethodAccessorImpl.java:0), which has no missing parents
[2025-05-22T21:25:15.342+0530] {subprocess.py:93} INFO - 25/05/22 21:25:15 INFO MemoryStore: Block broadcast_2 stored as values in memory (estimated size 230.5 KiB, free 433.9 MiB)
[2025-05-22T21:25:15.350+0530] {subprocess.py:93} INFO - 25/05/22 21:25:15 INFO MemoryStore: Block broadcast_2_piece0 stored as bytes in memory (estimated size 81.1 KiB, free 433.9 MiB)
[2025-05-22T21:25:15.351+0530] {subprocess.py:93} INFO - 25/05/22 21:25:15 INFO BlockManagerInfo: Added broadcast_2_piece0 in memory on 10.255.255.254:38201 (size: 81.1 KiB, free: 434.3 MiB)
[2025-05-22T21:25:15.352+0530] {subprocess.py:93} INFO - 25/05/22 21:25:15 INFO SparkContext: Created broadcast 2 from broadcast at DAGScheduler.scala:1585
[2025-05-22T21:25:15.353+0530] {subprocess.py:93} INFO - 25/05/22 21:25:15 INFO DAGScheduler: Submitting 10 missing tasks from ResultStage 1 (MapPartitionsRDD[5] at parquet at NativeMethodAccessorImpl.java:0) (first 15 tasks are for partitions Vector(0, 1, 2, 3, 4, 5, 6, 7, 8, 9))
[2025-05-22T21:25:15.354+0530] {subprocess.py:93} INFO - 25/05/22 21:25:15 INFO TaskSchedulerImpl: Adding task set 1.0 with 10 tasks resource profile 0
[2025-05-22T21:25:15.360+0530] {subprocess.py:93} INFO - 25/05/22 21:25:15 INFO TaskSetManager: Starting task 0.0 in stage 1.0 (TID 1) (10.255.255.254, executor driver, partition 0, PROCESS_LOCAL, 10028 bytes)
[2025-05-22T21:25:15.361+0530] {subprocess.py:93} INFO - 25/05/22 21:25:15 INFO TaskSetManager: Starting task 1.0 in stage 1.0 (TID 2) (10.255.255.254, executor driver, partition 1, PROCESS_LOCAL, 10028 bytes)
[2025-05-22T21:25:15.362+0530] {subprocess.py:93} INFO - 25/05/22 21:25:15 INFO TaskSetManager: Starting task 2.0 in stage 1.0 (TID 3) (10.255.255.254, executor driver, partition 2, PROCESS_LOCAL, 10028 bytes)
[2025-05-22T21:25:15.362+0530] {subprocess.py:93} INFO - 25/05/22 21:25:15 INFO TaskSetManager: Starting task 3.0 in stage 1.0 (TID 4) (10.255.255.254, executor driver, partition 3, PROCESS_LOCAL, 10028 bytes)
[2025-05-22T21:25:15.363+0530] {subprocess.py:93} INFO - 25/05/22 21:25:15 INFO TaskSetManager: Starting task 4.0 in stage 1.0 (TID 5) (10.255.255.254, executor driver, partition 4, PROCESS_LOCAL, 10028 bytes)
[2025-05-22T21:25:15.363+0530] {subprocess.py:93} INFO - 25/05/22 21:25:15 INFO TaskSetManager: Starting task 5.0 in stage 1.0 (TID 6) (10.255.255.254, executor driver, partition 5, PROCESS_LOCAL, 10028 bytes)
[2025-05-22T21:25:15.371+0530] {subprocess.py:93} INFO - 25/05/22 21:25:15 INFO TaskSetManager: Starting task 6.0 in stage 1.0 (TID 7) (10.255.255.254, executor driver, partition 6, PROCESS_LOCAL, 10028 bytes)
[2025-05-22T21:25:15.373+0530] {subprocess.py:93} INFO - 25/05/22 21:25:15 INFO TaskSetManager: Starting task 7.0 in stage 1.0 (TID 8) (10.255.255.254, executor driver, partition 7, PROCESS_LOCAL, 10028 bytes)
[2025-05-22T21:25:15.374+0530] {subprocess.py:93} INFO - 25/05/22 21:25:15 INFO TaskSetManager: Starting task 8.0 in stage 1.0 (TID 9) (10.255.255.254, executor driver, partition 8, PROCESS_LOCAL, 10028 bytes)
[2025-05-22T21:25:15.374+0530] {subprocess.py:93} INFO - 25/05/22 21:25:15 INFO TaskSetManager: Starting task 9.0 in stage 1.0 (TID 10) (10.255.255.254, executor driver, partition 9, PROCESS_LOCAL, 10028 bytes)
[2025-05-22T21:25:15.376+0530] {subprocess.py:93} INFO - 25/05/22 21:25:15 INFO Executor: Running task 0.0 in stage 1.0 (TID 1)
[2025-05-22T21:25:15.381+0530] {subprocess.py:93} INFO - 25/05/22 21:25:15 INFO Executor: Running task 1.0 in stage 1.0 (TID 2)
[2025-05-22T21:25:15.381+0530] {subprocess.py:93} INFO - 25/05/22 21:25:15 INFO Executor: Running task 2.0 in stage 1.0 (TID 3)
[2025-05-22T21:25:15.381+0530] {subprocess.py:93} INFO - 25/05/22 21:25:15 INFO Executor: Running task 5.0 in stage 1.0 (TID 6)
[2025-05-22T21:25:15.382+0530] {subprocess.py:93} INFO - 25/05/22 21:25:15 INFO Executor: Running task 6.0 in stage 1.0 (TID 7)
[2025-05-22T21:25:15.382+0530] {subprocess.py:93} INFO - 25/05/22 21:25:15 INFO Executor: Running task 4.0 in stage 1.0 (TID 5)
[2025-05-22T21:25:15.382+0530] {subprocess.py:93} INFO - 25/05/22 21:25:15 INFO Executor: Running task 7.0 in stage 1.0 (TID 8)
[2025-05-22T21:25:15.382+0530] {subprocess.py:93} INFO - 25/05/22 21:25:15 INFO Executor: Running task 8.0 in stage 1.0 (TID 9)
[2025-05-22T21:25:15.382+0530] {subprocess.py:93} INFO - 25/05/22 21:25:15 INFO Executor: Running task 3.0 in stage 1.0 (TID 4)
[2025-05-22T21:25:15.382+0530] {subprocess.py:93} INFO - 25/05/22 21:25:15 INFO Executor: Running task 9.0 in stage 1.0 (TID 10)
[2025-05-22T21:25:15.589+0530] {subprocess.py:93} INFO - 25/05/22 21:25:15 INFO CodeGenerator: Code generated in 35.305105 ms
[2025-05-22T21:25:15.602+0530] {subprocess.py:93} INFO - 25/05/22 21:25:15 INFO FileOutputCommitter: File Output Committer Algorithm version is 1
[2025-05-22T21:25:15.604+0530] {subprocess.py:93} INFO - 25/05/22 21:25:15 INFO FileOutputCommitter: File Output Committer Algorithm version is 1
[2025-05-22T21:25:15.604+0530] {subprocess.py:93} INFO - 25/05/22 21:25:15 INFO FileOutputCommitter: File Output Committer Algorithm version is 1
[2025-05-22T21:25:15.604+0530] {subprocess.py:93} INFO - 25/05/22 21:25:15 INFO FileOutputCommitter: FileOutputCommitter skip cleanup _temporary folders under output directory:false, ignore cleanup failures: false
[2025-05-22T21:25:15.605+0530] {subprocess.py:93} INFO - 25/05/22 21:25:15 INFO FileOutputCommitter: File Output Committer Algorithm version is 1
[2025-05-22T21:25:15.605+0530] {subprocess.py:93} INFO - 25/05/22 21:25:15 INFO FileOutputCommitter: FileOutputCommitter skip cleanup _temporary folders under output directory:false, ignore cleanup failures: false
[2025-05-22T21:25:15.605+0530] {subprocess.py:93} INFO - 25/05/22 21:25:15 INFO FileOutputCommitter: File Output Committer Algorithm version is 1
[2025-05-22T21:25:15.605+0530] {subprocess.py:93} INFO - 25/05/22 21:25:15 INFO FileOutputCommitter: FileOutputCommitter skip cleanup _temporary folders under output directory:false, ignore cleanup failures: false
[2025-05-22T21:25:15.605+0530] {subprocess.py:93} INFO - 25/05/22 21:25:15 INFO FileOutputCommitter: File Output Committer Algorithm version is 1
[2025-05-22T21:25:15.605+0530] {subprocess.py:93} INFO - 25/05/22 21:25:15 INFO FileOutputCommitter: File Output Committer Algorithm version is 1
[2025-05-22T21:25:15.606+0530] {subprocess.py:93} INFO - 25/05/22 21:25:15 INFO FileOutputCommitter: FileOutputCommitter skip cleanup _temporary folders under output directory:false, ignore cleanup failures: false
[2025-05-22T21:25:15.606+0530] {subprocess.py:93} INFO - 25/05/22 21:25:15 INFO FileOutputCommitter: File Output Committer Algorithm version is 1
[2025-05-22T21:25:15.606+0530] {subprocess.py:93} INFO - 25/05/22 21:25:15 INFO FileOutputCommitter: FileOutputCommitter skip cleanup _temporary folders under output directory:false, ignore cleanup failures: false
[2025-05-22T21:25:15.606+0530] {subprocess.py:93} INFO - 25/05/22 21:25:15 INFO FileOutputCommitter: FileOutputCommitter skip cleanup _temporary folders under output directory:false, ignore cleanup failures: false
[2025-05-22T21:25:15.606+0530] {subprocess.py:93} INFO - 25/05/22 21:25:15 INFO FileOutputCommitter: FileOutputCommitter skip cleanup _temporary folders under output directory:false, ignore cleanup failures: false
[2025-05-22T21:25:15.606+0530] {subprocess.py:93} INFO - 25/05/22 21:25:15 INFO SQLHadoopMapReduceCommitProtocol: Using user defined output committer class org.apache.parquet.hadoop.ParquetOutputCommitter
[2025-05-22T21:25:15.606+0530] {subprocess.py:93} INFO - 25/05/22 21:25:15 INFO SQLHadoopMapReduceCommitProtocol: Using user defined output committer class org.apache.parquet.hadoop.ParquetOutputCommitter
[2025-05-22T21:25:15.606+0530] {subprocess.py:93} INFO - 25/05/22 21:25:15 INFO FileOutputCommitter: File Output Committer Algorithm version is 1
[2025-05-22T21:25:15.606+0530] {subprocess.py:93} INFO - 25/05/22 21:25:15 INFO FileOutputCommitter: File Output Committer Algorithm version is 1
[2025-05-22T21:25:15.607+0530] {subprocess.py:93} INFO - 25/05/22 21:25:15 INFO FileOutputCommitter: FileOutputCommitter skip cleanup _temporary folders under output directory:false, ignore cleanup failures: false
[2025-05-22T21:25:15.607+0530] {subprocess.py:93} INFO - 25/05/22 21:25:15 INFO FileOutputCommitter: FileOutputCommitter skip cleanup _temporary folders under output directory:false, ignore cleanup failures: false
[2025-05-22T21:25:15.607+0530] {subprocess.py:93} INFO - 25/05/22 21:25:15 INFO SQLHadoopMapReduceCommitProtocol: Using user defined output committer class org.apache.parquet.hadoop.ParquetOutputCommitter
[2025-05-22T21:25:15.607+0530] {subprocess.py:93} INFO - 25/05/22 21:25:15 INFO FileOutputCommitter: File Output Committer Algorithm version is 1
[2025-05-22T21:25:15.607+0530] {subprocess.py:93} INFO - 25/05/22 21:25:15 INFO SQLHadoopMapReduceCommitProtocol: Using output committer class org.apache.parquet.hadoop.ParquetOutputCommitter
[2025-05-22T21:25:15.607+0530] {subprocess.py:93} INFO - 25/05/22 21:25:15 INFO FileOutputCommitter: FileOutputCommitter skip cleanup _temporary folders under output directory:false, ignore cleanup failures: false
[2025-05-22T21:25:15.607+0530] {subprocess.py:93} INFO - 25/05/22 21:25:15 INFO SQLHadoopMapReduceCommitProtocol: Using output committer class org.apache.parquet.hadoop.ParquetOutputCommitter
[2025-05-22T21:25:15.607+0530] {subprocess.py:93} INFO - 25/05/22 21:25:15 INFO SQLHadoopMapReduceCommitProtocol: Using user defined output committer class org.apache.parquet.hadoop.ParquetOutputCommitter
[2025-05-22T21:25:15.607+0530] {subprocess.py:93} INFO - 25/05/22 21:25:15 INFO FileOutputCommitter: File Output Committer Algorithm version is 1
[2025-05-22T21:25:15.607+0530] {subprocess.py:93} INFO - 25/05/22 21:25:15 INFO FileScanRDD: Reading File path: abfss://nyc-taxi-data@tietoevryproject1.dfs.core.windows.net/part.0.parquet, range: 29360128-33554432, partition values: [empty row]
[2025-05-22T21:25:15.607+0530] {subprocess.py:93} INFO - 25/05/22 21:25:15 INFO FileOutputCommitter: FileOutputCommitter skip cleanup _temporary folders under output directory:false, ignore cleanup failures: false
[2025-05-22T21:25:15.607+0530] {subprocess.py:93} INFO - 25/05/22 21:25:15 INFO SQLHadoopMapReduceCommitProtocol: Using user defined output committer class org.apache.parquet.hadoop.ParquetOutputCommitter
[2025-05-22T21:25:15.608+0530] {subprocess.py:93} INFO - 25/05/22 21:25:15 INFO FileOutputCommitter: File Output Committer Algorithm version is 1
[2025-05-22T21:25:15.608+0530] {subprocess.py:93} INFO - 25/05/22 21:25:15 INFO SQLHadoopMapReduceCommitProtocol: Using output committer class org.apache.parquet.hadoop.ParquetOutputCommitter
[2025-05-22T21:25:15.608+0530] {subprocess.py:93} INFO - 25/05/22 21:25:15 INFO FileOutputCommitter: FileOutputCommitter skip cleanup _temporary folders under output directory:false, ignore cleanup failures: false
[2025-05-22T21:25:15.608+0530] {subprocess.py:93} INFO - 25/05/22 21:25:15 INFO FileScanRDD: Reading File path: abfss://nyc-taxi-data@tietoevryproject1.dfs.core.windows.net/part.0.parquet, range: 16777216-20971520, partition values: [empty row]
[2025-05-22T21:25:15.608+0530] {subprocess.py:93} INFO - 25/05/22 21:25:15 INFO SQLHadoopMapReduceCommitProtocol: Using output committer class org.apache.parquet.hadoop.ParquetOutputCommitter
[2025-05-22T21:25:15.608+0530] {subprocess.py:93} INFO - 25/05/22 21:25:15 INFO FileScanRDD: Reading File path: abfss://nyc-taxi-data@tietoevryproject1.dfs.core.windows.net/part.0.parquet, range: 12582912-16777216, partition values: [empty row]
[2025-05-22T21:25:15.608+0530] {subprocess.py:93} INFO - 25/05/22 21:25:15 INFO FileOutputCommitter: File Output Committer Algorithm version is 1
[2025-05-22T21:25:15.608+0530] {subprocess.py:93} INFO - 25/05/22 21:25:15 INFO SQLHadoopMapReduceCommitProtocol: Using user defined output committer class org.apache.parquet.hadoop.ParquetOutputCommitter
[2025-05-22T21:25:15.608+0530] {subprocess.py:93} INFO - 25/05/22 21:25:15 INFO FileOutputCommitter: FileOutputCommitter skip cleanup _temporary folders under output directory:false, ignore cleanup failures: false
[2025-05-22T21:25:15.609+0530] {subprocess.py:93} INFO - 25/05/22 21:25:15 INFO FileOutputCommitter: File Output Committer Algorithm version is 1
[2025-05-22T21:25:15.609+0530] {subprocess.py:93} INFO - 25/05/22 21:25:15 INFO FileOutputCommitter: FileOutputCommitter skip cleanup _temporary folders under output directory:false, ignore cleanup failures: false
[2025-05-22T21:25:15.609+0530] {subprocess.py:93} INFO - 25/05/22 21:25:15 INFO FileOutputCommitter: FileOutputCommitter skip cleanup _temporary folders under output directory:false, ignore cleanup failures: false
[2025-05-22T21:25:15.609+0530] {subprocess.py:93} INFO - 25/05/22 21:25:15 INFO FileOutputCommitter: File Output Committer Algorithm version is 1
[2025-05-22T21:25:15.610+0530] {subprocess.py:93} INFO - 25/05/22 21:25:15 INFO SQLHadoopMapReduceCommitProtocol: Using output committer class org.apache.parquet.hadoop.ParquetOutputCommitter
[2025-05-22T21:25:15.610+0530] {subprocess.py:93} INFO - 25/05/22 21:25:15 INFO FileOutputCommitter: FileOutputCommitter skip cleanup _temporary folders under output directory:false, ignore cleanup failures: false
[2025-05-22T21:25:15.611+0530] {subprocess.py:93} INFO - 25/05/22 21:25:15 INFO SQLHadoopMapReduceCommitProtocol: Using user defined output committer class org.apache.parquet.hadoop.ParquetOutputCommitter
[2025-05-22T21:25:15.611+0530] {subprocess.py:93} INFO - 25/05/22 21:25:15 INFO FileOutputCommitter: File Output Committer Algorithm version is 1
[2025-05-22T21:25:15.611+0530] {subprocess.py:93} INFO - 25/05/22 21:25:15 INFO FileScanRDD: Reading File path: abfss://nyc-taxi-data@tietoevryproject1.dfs.core.windows.net/part.0.parquet, range: 33554432-37748736, partition values: [empty row]
[2025-05-22T21:25:15.611+0530] {subprocess.py:93} INFO - 25/05/22 21:25:15 INFO FileOutputCommitter: FileOutputCommitter skip cleanup _temporary folders under output directory:false, ignore cleanup failures: false
[2025-05-22T21:25:15.611+0530] {subprocess.py:93} INFO - 25/05/22 21:25:15 INFO SQLHadoopMapReduceCommitProtocol: Using user defined output committer class org.apache.parquet.hadoop.ParquetOutputCommitter
[2025-05-22T21:25:15.611+0530] {subprocess.py:93} INFO - 25/05/22 21:25:15 INFO SQLHadoopMapReduceCommitProtocol: Using user defined output committer class org.apache.parquet.hadoop.ParquetOutputCommitter
[2025-05-22T21:25:15.611+0530] {subprocess.py:93} INFO - 25/05/22 21:25:15 INFO FileOutputCommitter: File Output Committer Algorithm version is 1
[2025-05-22T21:25:15.611+0530] {subprocess.py:93} INFO - 25/05/22 21:25:15 INFO FileOutputCommitter: FileOutputCommitter skip cleanup _temporary folders under output directory:false, ignore cleanup failures: false
[2025-05-22T21:25:15.611+0530] {subprocess.py:93} INFO - 25/05/22 21:25:15 INFO FileOutputCommitter: File Output Committer Algorithm version is 1
[2025-05-22T21:25:15.612+0530] {subprocess.py:93} INFO - 25/05/22 21:25:15 INFO SQLHadoopMapReduceCommitProtocol: Using output committer class org.apache.parquet.hadoop.ParquetOutputCommitter
[2025-05-22T21:25:15.612+0530] {subprocess.py:93} INFO - 25/05/22 21:25:15 INFO FileOutputCommitter: FileOutputCommitter skip cleanup _temporary folders under output directory:false, ignore cleanup failures: false
[2025-05-22T21:25:15.612+0530] {subprocess.py:93} INFO - 25/05/22 21:25:15 INFO SQLHadoopMapReduceCommitProtocol: Using output committer class org.apache.parquet.hadoop.ParquetOutputCommitter
[2025-05-22T21:25:15.612+0530] {subprocess.py:93} INFO - 25/05/22 21:25:15 INFO FileScanRDD: Reading File path: abfss://nyc-taxi-data@tietoevryproject1.dfs.core.windows.net/part.0.parquet, range: 37748736-38266309, partition values: [empty row]
[2025-05-22T21:25:15.612+0530] {subprocess.py:93} INFO - 25/05/22 21:25:15 INFO FileScanRDD: Reading File path: abfss://nyc-taxi-data@tietoevryproject1.dfs.core.windows.net/part.0.parquet, range: 20971520-25165824, partition values: [empty row]
[2025-05-22T21:25:15.612+0530] {subprocess.py:93} INFO - 25/05/22 21:25:15 INFO SQLHadoopMapReduceCommitProtocol: Using output committer class org.apache.parquet.hadoop.ParquetOutputCommitter
[2025-05-22T21:25:15.612+0530] {subprocess.py:93} INFO - 25/05/22 21:25:15 INFO FileScanRDD: Reading File path: abfss://nyc-taxi-data@tietoevryproject1.dfs.core.windows.net/part.0.parquet, range: 4194304-8388608, partition values: [empty row]
[2025-05-22T21:25:15.612+0530] {subprocess.py:93} INFO - 25/05/22 21:25:15 INFO SQLHadoopMapReduceCommitProtocol: Using output committer class org.apache.parquet.hadoop.ParquetOutputCommitter
[2025-05-22T21:25:15.612+0530] {subprocess.py:93} INFO - 25/05/22 21:25:15 INFO FileScanRDD: Reading File path: abfss://nyc-taxi-data@tietoevryproject1.dfs.core.windows.net/part.0.parquet, range: 25165824-29360128, partition values: [empty row]
[2025-05-22T21:25:15.612+0530] {subprocess.py:93} INFO - 25/05/22 21:25:15 INFO SQLHadoopMapReduceCommitProtocol: Using user defined output committer class org.apache.parquet.hadoop.ParquetOutputCommitter
[2025-05-22T21:25:15.613+0530] {subprocess.py:93} INFO - 25/05/22 21:25:15 INFO FileOutputCommitter: File Output Committer Algorithm version is 1
[2025-05-22T21:25:15.613+0530] {subprocess.py:93} INFO - 25/05/22 21:25:15 INFO FileOutputCommitter: FileOutputCommitter skip cleanup _temporary folders under output directory:false, ignore cleanup failures: false
[2025-05-22T21:25:15.613+0530] {subprocess.py:93} INFO - 25/05/22 21:25:15 INFO SQLHadoopMapReduceCommitProtocol: Using output committer class org.apache.parquet.hadoop.ParquetOutputCommitter
[2025-05-22T21:25:15.613+0530] {subprocess.py:93} INFO - 25/05/22 21:25:15 INFO FileScanRDD: Reading File path: abfss://nyc-taxi-data@tietoevryproject1.dfs.core.windows.net/part.0.parquet, range: 8388608-12582912, partition values: [empty row]
[2025-05-22T21:25:15.618+0530] {subprocess.py:93} INFO - 25/05/22 21:25:15 INFO CodecConfig: Compression: SNAPPY
[2025-05-22T21:25:15.623+0530] {subprocess.py:93} INFO - 25/05/22 21:25:15 INFO CodecConfig: Compression: SNAPPY
[2025-05-22T21:25:15.664+0530] {subprocess.py:93} INFO - 25/05/22 21:25:15 INFO ParquetOutputFormat: ParquetRecordWriter [block size: 134217728b, row group padding size: 8388608b, validating: false]
[2025-05-22T21:25:15.702+0530] {subprocess.py:93} INFO - 25/05/22 21:25:15 INFO ParquetWriteSupport: Initialized Parquet WriteSupport with Catalyst schema:
[2025-05-22T21:25:15.703+0530] {subprocess.py:93} INFO - {
[2025-05-22T21:25:15.703+0530] {subprocess.py:93} INFO -   "type" : "struct",
[2025-05-22T21:25:15.703+0530] {subprocess.py:93} INFO -   "fields" : [ {
[2025-05-22T21:25:15.704+0530] {subprocess.py:93} INFO -     "name" : "VendorID",
[2025-05-22T21:25:15.704+0530] {subprocess.py:93} INFO -     "type" : "short",
[2025-05-22T21:25:15.704+0530] {subprocess.py:93} INFO -     "nullable" : true,
[2025-05-22T21:25:15.704+0530] {subprocess.py:93} INFO -     "metadata" : { }
[2025-05-22T21:25:15.705+0530] {subprocess.py:93} INFO -   }, {
[2025-05-22T21:25:15.705+0530] {subprocess.py:93} INFO -     "name" : "tpep_pickup_datetime",
[2025-05-22T21:25:15.705+0530] {subprocess.py:93} INFO -     "type" : "timestamp_ntz",
[2025-05-22T21:25:15.705+0530] {subprocess.py:93} INFO -     "nullable" : true,
[2025-05-22T21:25:15.705+0530] {subprocess.py:93} INFO -     "metadata" : { }
[2025-05-22T21:25:15.705+0530] {subprocess.py:93} INFO -   }, {
[2025-05-22T21:25:15.705+0530] {subprocess.py:93} INFO -     "name" : "tpep_dropoff_datetime",
[2025-05-22T21:25:15.705+0530] {subprocess.py:93} INFO -     "type" : "timestamp_ntz",
[2025-05-22T21:25:15.706+0530] {subprocess.py:93} INFO -     "nullable" : true,
[2025-05-22T21:25:15.706+0530] {subprocess.py:93} INFO -     "metadata" : { }
[2025-05-22T21:25:15.706+0530] {subprocess.py:93} INFO -   }, {
[2025-05-22T21:25:15.706+0530] {subprocess.py:93} INFO -     "name" : "passenger_count",
[2025-05-22T21:25:15.706+0530] {subprocess.py:93} INFO -     "type" : "short",
[2025-05-22T21:25:15.706+0530] {subprocess.py:93} INFO -     "nullable" : true,
[2025-05-22T21:25:15.706+0530] {subprocess.py:93} INFO -     "metadata" : { }
[2025-05-22T21:25:15.706+0530] {subprocess.py:93} INFO -   }, {
[2025-05-22T21:25:15.707+0530] {subprocess.py:93} INFO -     "name" : "trip_distance",
[2025-05-22T21:25:15.707+0530] {subprocess.py:93} INFO -     "type" : "double",
[2025-05-22T21:25:15.707+0530] {subprocess.py:93} INFO -     "nullable" : true,
[2025-05-22T21:25:15.707+0530] {subprocess.py:93} INFO -     "metadata" : { }
[2025-05-22T21:25:15.707+0530] {subprocess.py:93} INFO -   }, {
[2025-05-22T21:25:15.707+0530] {subprocess.py:93} INFO -     "name" : "RatecodeID",
[2025-05-22T21:25:15.707+0530] {subprocess.py:93} INFO -     "type" : "short",
[2025-05-22T21:25:15.707+0530] {subprocess.py:93} INFO -     "nullable" : true,
[2025-05-22T21:25:15.707+0530] {subprocess.py:93} INFO -     "metadata" : { }
[2025-05-22T21:25:15.708+0530] {subprocess.py:93} INFO -   }, {
[2025-05-22T21:25:15.708+0530] {subprocess.py:93} INFO -     "name" : "store_and_fwd_flag",
[2025-05-22T21:25:15.708+0530] {subprocess.py:93} INFO -     "type" : "string",
[2025-05-22T21:25:15.708+0530] {subprocess.py:93} INFO -     "nullable" : true,
[2025-05-22T21:25:15.708+0530] {subprocess.py:93} INFO -     "metadata" : { }
[2025-05-22T21:25:15.709+0530] {subprocess.py:93} INFO -   }, {
[2025-05-22T21:25:15.709+0530] {subprocess.py:93} INFO -     "name" : "PULocationID",
[2025-05-22T21:25:15.709+0530] {subprocess.py:93} INFO -     "type" : "integer",
[2025-05-22T21:25:15.709+0530] {subprocess.py:93} INFO -     "nullable" : true,
[2025-05-22T21:25:15.709+0530] {subprocess.py:93} INFO -     "metadata" : { }
[2025-05-22T21:25:15.709+0530] {subprocess.py:93} INFO -   }, {
[2025-05-22T21:25:15.709+0530] {subprocess.py:93} INFO -     "name" : "DOLocationID",
[2025-05-22T21:25:15.709+0530] {subprocess.py:93} INFO -     "type" : "integer",
[2025-05-22T21:25:15.710+0530] {subprocess.py:93} INFO -     "nullable" : true,
[2025-05-22T21:25:15.710+0530] {subprocess.py:93} INFO -     "metadata" : { }
[2025-05-22T21:25:15.710+0530] {subprocess.py:93} INFO -   }, {
[2025-05-22T21:25:15.710+0530] {subprocess.py:93} INFO -     "name" : "payment_type",
[2025-05-22T21:25:15.710+0530] {subprocess.py:93} INFO -     "type" : "short",
[2025-05-22T21:25:15.710+0530] {subprocess.py:93} INFO -     "nullable" : true,
[2025-05-22T21:25:15.710+0530] {subprocess.py:93} INFO -     "metadata" : { }
[2025-05-22T21:25:15.710+0530] {subprocess.py:93} INFO -   }, {
[2025-05-22T21:25:15.710+0530] {subprocess.py:93} INFO -     "name" : "fare_amount",
[2025-05-22T21:25:15.710+0530] {subprocess.py:93} INFO -     "type" : "double",
[2025-05-22T21:25:15.711+0530] {subprocess.py:93} INFO -     "nullable" : true,
[2025-05-22T21:25:15.711+0530] {subprocess.py:93} INFO -     "metadata" : { }
[2025-05-22T21:25:15.711+0530] {subprocess.py:93} INFO -   }, {
[2025-05-22T21:25:15.711+0530] {subprocess.py:93} INFO -     "name" : "extra",
[2025-05-22T21:25:15.711+0530] {subprocess.py:93} INFO -     "type" : "double",
[2025-05-22T21:25:15.711+0530] {subprocess.py:93} INFO -     "nullable" : true,
[2025-05-22T21:25:15.711+0530] {subprocess.py:93} INFO -     "metadata" : { }
[2025-05-22T21:25:15.711+0530] {subprocess.py:93} INFO -   }, {
[2025-05-22T21:25:15.712+0530] {subprocess.py:93} INFO -     "name" : "mta_tax",
[2025-05-22T21:25:15.712+0530] {subprocess.py:93} INFO -     "type" : "double",
[2025-05-22T21:25:15.712+0530] {subprocess.py:93} INFO -     "nullable" : true,
[2025-05-22T21:25:15.712+0530] {subprocess.py:93} INFO -     "metadata" : { }
[2025-05-22T21:25:15.712+0530] {subprocess.py:93} INFO -   }, {
[2025-05-22T21:25:15.712+0530] {subprocess.py:93} INFO -     "name" : "tip_amount",
[2025-05-22T21:25:15.712+0530] {subprocess.py:93} INFO -     "type" : "double",
[2025-05-22T21:25:15.712+0530] {subprocess.py:93} INFO -     "nullable" : true,
[2025-05-22T21:25:15.712+0530] {subprocess.py:93} INFO -     "metadata" : { }
[2025-05-22T21:25:15.712+0530] {subprocess.py:93} INFO -   }, {
[2025-05-22T21:25:15.712+0530] {subprocess.py:93} INFO -     "name" : "tolls_amount",
[2025-05-22T21:25:15.712+0530] {subprocess.py:93} INFO -     "type" : "double",
[2025-05-22T21:25:15.713+0530] {subprocess.py:93} INFO -     "nullable" : true,
[2025-05-22T21:25:15.713+0530] {subprocess.py:93} INFO -     "metadata" : { }
[2025-05-22T21:25:15.713+0530] {subprocess.py:93} INFO -   }, {
[2025-05-22T21:25:15.713+0530] {subprocess.py:93} INFO -     "name" : "improvement_surcharge",
[2025-05-22T21:25:15.713+0530] {subprocess.py:93} INFO -     "type" : "double",
[2025-05-22T21:25:15.713+0530] {subprocess.py:93} INFO -     "nullable" : true,
[2025-05-22T21:25:15.713+0530] {subprocess.py:93} INFO -     "metadata" : { }
[2025-05-22T21:25:15.713+0530] {subprocess.py:93} INFO -   }, {
[2025-05-22T21:25:15.713+0530] {subprocess.py:93} INFO -     "name" : "total_amount",
[2025-05-22T21:25:15.713+0530] {subprocess.py:93} INFO -     "type" : "double",
[2025-05-22T21:25:15.713+0530] {subprocess.py:93} INFO -     "nullable" : true,
[2025-05-22T21:25:15.713+0530] {subprocess.py:93} INFO -     "metadata" : { }
[2025-05-22T21:25:15.714+0530] {subprocess.py:93} INFO -   }, {
[2025-05-22T21:25:15.714+0530] {subprocess.py:93} INFO -     "name" : "congestion_surcharge",
[2025-05-22T21:25:15.714+0530] {subprocess.py:93} INFO -     "type" : "double",
[2025-05-22T21:25:15.714+0530] {subprocess.py:93} INFO -     "nullable" : true,
[2025-05-22T21:25:15.714+0530] {subprocess.py:93} INFO -     "metadata" : { }
[2025-05-22T21:25:15.714+0530] {subprocess.py:93} INFO -   }, {
[2025-05-22T21:25:15.714+0530] {subprocess.py:93} INFO -     "name" : "__null_dask_index__",
[2025-05-22T21:25:15.715+0530] {subprocess.py:93} INFO -     "type" : "long",
[2025-05-22T21:25:15.715+0530] {subprocess.py:93} INFO -     "nullable" : true,
[2025-05-22T21:25:15.715+0530] {subprocess.py:93} INFO -     "metadata" : { }
[2025-05-22T21:25:15.715+0530] {subprocess.py:93} INFO -   } ]
[2025-05-22T21:25:15.715+0530] {subprocess.py:93} INFO - }
[2025-05-22T21:25:15.715+0530] {subprocess.py:93} INFO - and corresponding Parquet message type:
[2025-05-22T21:25:15.715+0530] {subprocess.py:93} INFO - message spark_schema {
[2025-05-22T21:25:15.715+0530] {subprocess.py:93} INFO -   optional int32 VendorID (INTEGER(16,true));
[2025-05-22T21:25:15.715+0530] {subprocess.py:93} INFO -   optional int64 tpep_pickup_datetime (TIMESTAMP(MICROS,false));
[2025-05-22T21:25:15.715+0530] {subprocess.py:93} INFO -   optional int64 tpep_dropoff_datetime (TIMESTAMP(MICROS,false));
[2025-05-22T21:25:15.715+0530] {subprocess.py:93} INFO -   optional int32 passenger_count (INTEGER(16,true));
[2025-05-22T21:25:15.716+0530] {subprocess.py:93} INFO -   optional double trip_distance;
[2025-05-22T21:25:15.716+0530] {subprocess.py:93} INFO -   optional int32 RatecodeID (INTEGER(16,true));
[2025-05-22T21:25:15.716+0530] {subprocess.py:93} INFO -   optional binary store_and_fwd_flag (STRING);
[2025-05-22T21:25:15.716+0530] {subprocess.py:93} INFO -   optional int32 PULocationID;
[2025-05-22T21:25:15.716+0530] {subprocess.py:93} INFO -   optional int32 DOLocationID;
[2025-05-22T21:25:15.716+0530] {subprocess.py:93} INFO -   optional int32 payment_type (INTEGER(16,true));
[2025-05-22T21:25:15.716+0530] {subprocess.py:93} INFO -   optional double fare_amount;
[2025-05-22T21:25:15.716+0530] {subprocess.py:93} INFO -   optional double extra;
[2025-05-22T21:25:15.716+0530] {subprocess.py:93} INFO -   optional double mta_tax;
[2025-05-22T21:25:15.716+0530] {subprocess.py:93} INFO -   optional double tip_amount;
[2025-05-22T21:25:15.716+0530] {subprocess.py:93} INFO -   optional double tolls_amount;
[2025-05-22T21:25:15.716+0530] {subprocess.py:93} INFO -   optional double improvement_surcharge;
[2025-05-22T21:25:15.717+0530] {subprocess.py:93} INFO -   optional double total_amount;
[2025-05-22T21:25:15.717+0530] {subprocess.py:93} INFO -   optional double congestion_surcharge;
[2025-05-22T21:25:15.717+0530] {subprocess.py:93} INFO -   optional int64 __null_dask_index__;
[2025-05-22T21:25:15.717+0530] {subprocess.py:93} INFO - }
[2025-05-22T21:25:15.717+0530] {subprocess.py:93} INFO - 
[2025-05-22T21:25:15.717+0530] {subprocess.py:93} INFO - 
[2025-05-22T21:25:15.741+0530] {subprocess.py:93} INFO - 25/05/22 21:25:15 INFO CodecPool: Got brand-new compressor [.snappy]
[2025-05-22T21:25:15.976+0530] {subprocess.py:93} INFO - 25/05/22 21:25:15 INFO FileScanRDD: Reading File path: abfss://nyc-taxi-data@tietoevryproject1.dfs.core.windows.net/part.0.parquet, range: 0-4194304, partition values: [empty row]
[2025-05-22T21:25:16.933+0530] {subprocess.py:93} INFO - 25/05/22 21:25:16 INFO SparkHadoopMapRedUtil: No need to commit output of task because needsTaskCommit=false: attempt_202505222125151097660816371432258_0001_m_000009_10
[2025-05-22T21:25:16.944+0530] {subprocess.py:93} INFO - 25/05/22 21:25:16 INFO Executor: Finished task 9.0 in stage 1.0 (TID 10). 2692 bytes result sent to driver
[2025-05-22T21:25:16.946+0530] {subprocess.py:93} INFO - 25/05/22 21:25:16 INFO TaskSetManager: Finished task 9.0 in stage 1.0 (TID 10) in 1572 ms on 10.255.255.254 (executor driver) (1/10)
[2025-05-22T21:25:17.701+0530] {subprocess.py:93} INFO - 25/05/22 21:25:17 INFO SparkHadoopMapRedUtil: No need to commit output of task because needsTaskCommit=false: attempt_202505222125151097660816371432258_0001_m_000003_4
[2025-05-22T21:25:17.706+0530] {subprocess.py:93} INFO - 25/05/22 21:25:17 INFO Executor: Finished task 3.0 in stage 1.0 (TID 4). 2692 bytes result sent to driver
[2025-05-22T21:25:17.708+0530] {subprocess.py:93} INFO - 25/05/22 21:25:17 INFO TaskSetManager: Finished task 3.0 in stage 1.0 (TID 4) in 2345 ms on 10.255.255.254 (executor driver) (2/10)
[2025-05-22T21:25:17.731+0530] {subprocess.py:93} INFO - 25/05/22 21:25:17 INFO SparkHadoopMapRedUtil: No need to commit output of task because needsTaskCommit=false: attempt_202505222125151097660816371432258_0001_m_000006_7
[2025-05-22T21:25:17.733+0530] {subprocess.py:93} INFO - 25/05/22 21:25:17 INFO Executor: Finished task 6.0 in stage 1.0 (TID 7). 2649 bytes result sent to driver
[2025-05-22T21:25:17.735+0530] {subprocess.py:93} INFO - 25/05/22 21:25:17 INFO TaskSetManager: Finished task 6.0 in stage 1.0 (TID 7) in 2372 ms on 10.255.255.254 (executor driver) (3/10)
[2025-05-22T21:25:17.759+0530] {subprocess.py:93} INFO - 25/05/22 21:25:17 INFO SparkHadoopMapRedUtil: No need to commit output of task because needsTaskCommit=false: attempt_202505222125151097660816371432258_0001_m_000005_6
[2025-05-22T21:25:17.763+0530] {subprocess.py:93} INFO - 25/05/22 21:25:17 INFO Executor: Finished task 5.0 in stage 1.0 (TID 6). 2692 bytes result sent to driver
[2025-05-22T21:25:17.764+0530] {subprocess.py:93} INFO - 25/05/22 21:25:17 INFO TaskSetManager: Finished task 5.0 in stage 1.0 (TID 6) in 2401 ms on 10.255.255.254 (executor driver) (4/10)
[2025-05-22T21:25:17.786+0530] {subprocess.py:93} INFO - 25/05/22 21:25:17 INFO SparkHadoopMapRedUtil: No need to commit output of task because needsTaskCommit=false: attempt_202505222125151097660816371432258_0001_m_000008_9
[2025-05-22T21:25:17.788+0530] {subprocess.py:93} INFO - 25/05/22 21:25:17 INFO Executor: Finished task 8.0 in stage 1.0 (TID 9). 2649 bytes result sent to driver
[2025-05-22T21:25:17.789+0530] {subprocess.py:93} INFO - 25/05/22 21:25:17 INFO TaskSetManager: Finished task 8.0 in stage 1.0 (TID 9) in 2416 ms on 10.255.255.254 (executor driver) (5/10)
[2025-05-22T21:25:17.792+0530] {subprocess.py:93} INFO - 25/05/22 21:25:17 INFO SparkHadoopMapRedUtil: No need to commit output of task because needsTaskCommit=false: attempt_202505222125151097660816371432258_0001_m_000001_2
[2025-05-22T21:25:17.797+0530] {subprocess.py:93} INFO - 25/05/22 21:25:17 INFO Executor: Finished task 1.0 in stage 1.0 (TID 2). 2692 bytes result sent to driver
[2025-05-22T21:25:17.799+0530] {subprocess.py:93} INFO - 25/05/22 21:25:17 INFO TaskSetManager: Finished task 1.0 in stage 1.0 (TID 2) in 2438 ms on 10.255.255.254 (executor driver) (6/10)
[2025-05-22T21:25:17.800+0530] {subprocess.py:93} INFO - 25/05/22 21:25:17 INFO SparkHadoopMapRedUtil: No need to commit output of task because needsTaskCommit=false: attempt_202505222125151097660816371432258_0001_m_000002_3
[2025-05-22T21:25:17.802+0530] {subprocess.py:93} INFO - 25/05/22 21:25:17 INFO Executor: Finished task 2.0 in stage 1.0 (TID 3). 2649 bytes result sent to driver
[2025-05-22T21:25:17.803+0530] {subprocess.py:93} INFO - 25/05/22 21:25:17 INFO TaskSetManager: Finished task 2.0 in stage 1.0 (TID 3) in 2442 ms on 10.255.255.254 (executor driver) (7/10)
[2025-05-22T21:25:17.807+0530] {subprocess.py:93} INFO - 25/05/22 21:25:17 INFO SparkHadoopMapRedUtil: No need to commit output of task because needsTaskCommit=false: attempt_202505222125151097660816371432258_0001_m_000007_8
[2025-05-22T21:25:17.808+0530] {subprocess.py:93} INFO - 25/05/22 21:25:17 INFO Executor: Finished task 7.0 in stage 1.0 (TID 8). 2649 bytes result sent to driver
[2025-05-22T21:25:17.809+0530] {subprocess.py:93} INFO - 25/05/22 21:25:17 INFO TaskSetManager: Finished task 7.0 in stage 1.0 (TID 8) in 2437 ms on 10.255.255.254 (executor driver) (8/10)
[2025-05-22T21:25:18.059+0530] {subprocess.py:93} INFO - 25/05/22 21:25:18 INFO FileOutputCommitter: Saved output of task 'attempt_202505222125151097660816371432258_0001_m_000000_1' to file:/home/pranav_shirali/airflow-project/scripts/ETL/nyc_taxi_extracted.parquet/_temporary/0/task_202505222125151097660816371432258_0001_m_000000
[2025-05-22T21:25:18.059+0530] {subprocess.py:93} INFO - 25/05/22 21:25:18 INFO SparkHadoopMapRedUtil: attempt_202505222125151097660816371432258_0001_m_000000_1: Committed. Elapsed time: 0 ms.
[2025-05-22T21:25:18.065+0530] {subprocess.py:93} INFO - 25/05/22 21:25:18 INFO Executor: Finished task 0.0 in stage 1.0 (TID 1). 2735 bytes result sent to driver
[2025-05-22T21:25:18.068+0530] {subprocess.py:93} INFO - 25/05/22 21:25:18 INFO TaskSetManager: Finished task 0.0 in stage 1.0 (TID 1) in 2710 ms on 10.255.255.254 (executor driver) (9/10)
[2025-05-22T21:26:27.787+0530] {subprocess.py:93} INFO - 25/05/22 21:26:27 ERROR AbfsHttpOperation: UnexpectedError:
[2025-05-22T21:26:27.788+0530] {subprocess.py:93} INFO - java.net.SocketTimeoutException: Read timed out
[2025-05-22T21:26:27.788+0530] {subprocess.py:93} INFO - 	at java.base/java.net.SocketInputStream.socketRead0(Native Method)
[2025-05-22T21:26:27.788+0530] {subprocess.py:93} INFO - 	at java.base/java.net.SocketInputStream.socketRead(SocketInputStream.java:115)
[2025-05-22T21:26:27.788+0530] {subprocess.py:93} INFO - 	at java.base/java.net.SocketInputStream.read(SocketInputStream.java:168)
[2025-05-22T21:26:27.788+0530] {subprocess.py:93} INFO - 	at java.base/java.net.SocketInputStream.read(SocketInputStream.java:140)
[2025-05-22T21:26:27.788+0530] {subprocess.py:93} INFO - 	at java.base/sun.security.ssl.SSLSocketInputRecord.read(SSLSocketInputRecord.java:484)
[2025-05-22T21:26:27.788+0530] {subprocess.py:93} INFO - 	at java.base/sun.security.ssl.SSLSocketInputRecord.readFully(SSLSocketInputRecord.java:467)
[2025-05-22T21:26:27.788+0530] {subprocess.py:93} INFO - 	at java.base/sun.security.ssl.SSLSocketInputRecord.decodeInputRecord(SSLSocketInputRecord.java:243)
[2025-05-22T21:26:27.788+0530] {subprocess.py:93} INFO - 	at java.base/sun.security.ssl.SSLSocketInputRecord.decode(SSLSocketInputRecord.java:181)
[2025-05-22T21:26:27.788+0530] {subprocess.py:93} INFO - 	at java.base/sun.security.ssl.SSLTransport.decode(SSLTransport.java:111)
[2025-05-22T21:26:27.788+0530] {subprocess.py:93} INFO - 	at java.base/sun.security.ssl.SSLSocketImpl.decode(SSLSocketImpl.java:1514)
[2025-05-22T21:26:27.788+0530] {subprocess.py:93} INFO - 	at java.base/sun.security.ssl.SSLSocketImpl.readApplicationRecord(SSLSocketImpl.java:1481)
[2025-05-22T21:26:27.788+0530] {subprocess.py:93} INFO - 	at java.base/sun.security.ssl.SSLSocketImpl$AppInputStream.read(SSLSocketImpl.java:1070)
[2025-05-22T21:26:27.789+0530] {subprocess.py:93} INFO - 	at java.base/java.io.BufferedInputStream.read1(BufferedInputStream.java:290)
[2025-05-22T21:26:27.789+0530] {subprocess.py:93} INFO - 	at java.base/java.io.BufferedInputStream.read(BufferedInputStream.java:351)
[2025-05-22T21:26:27.789+0530] {subprocess.py:93} INFO - 	at java.base/sun.net.www.MeteredStream.read(MeteredStream.java:134)
[2025-05-22T21:26:27.789+0530] {subprocess.py:93} INFO - 	at java.base/java.io.FilterInputStream.read(FilterInputStream.java:133)
[2025-05-22T21:26:27.789+0530] {subprocess.py:93} INFO - 	at java.base/sun.net.www.protocol.http.HttpURLConnection$HttpInputStream.read(HttpURLConnection.java:3579)
[2025-05-22T21:26:27.789+0530] {subprocess.py:93} INFO - 	at org.apache.hadoop.fs.azurebfs.services.AbfsHttpOperation.processResponse(AbfsHttpOperation.java:378)
[2025-05-22T21:26:27.789+0530] {subprocess.py:93} INFO - 	at org.apache.hadoop.fs.azurebfs.services.AbfsRestOperation.executeHttpOperation(AbfsRestOperation.java:274)
[2025-05-22T21:26:27.789+0530] {subprocess.py:93} INFO - 	at org.apache.hadoop.fs.azurebfs.services.AbfsRestOperation.completeExecute(AbfsRestOperation.java:205)
[2025-05-22T21:26:27.789+0530] {subprocess.py:93} INFO - 	at org.apache.hadoop.fs.azurebfs.services.AbfsRestOperation.lambda$execute$0(AbfsRestOperation.java:181)
[2025-05-22T21:26:27.789+0530] {subprocess.py:93} INFO - 	at org.apache.hadoop.fs.statistics.impl.IOStatisticsBinding.trackDurationOfInvocation(IOStatisticsBinding.java:464)
[2025-05-22T21:26:27.789+0530] {subprocess.py:93} INFO - 	at org.apache.hadoop.fs.azurebfs.services.AbfsRestOperation.execute(AbfsRestOperation.java:179)
[2025-05-22T21:26:27.789+0530] {subprocess.py:93} INFO - 	at org.apache.hadoop.fs.azurebfs.services.AbfsClient.read(AbfsClient.java:761)
[2025-05-22T21:26:27.789+0530] {subprocess.py:93} INFO - 	at org.apache.hadoop.fs.azurebfs.services.AbfsInputStream.readRemote(AbfsInputStream.java:485)
[2025-05-22T21:26:27.789+0530] {subprocess.py:93} INFO - 	at org.apache.hadoop.fs.azurebfs.services.ReadBufferWorker.run(ReadBufferWorker.java:65)
[2025-05-22T21:26:27.790+0530] {subprocess.py:93} INFO - 	at java.base/java.lang.Thread.run(Thread.java:829)
[2025-05-22T21:26:27.850+0530] {subprocess.py:93} INFO - 25/05/22 21:26:27 ERROR AbfsHttpOperation: UnexpectedError:
[2025-05-22T21:26:27.850+0530] {subprocess.py:93} INFO - java.net.SocketTimeoutException: Read timed out
[2025-05-22T21:26:27.850+0530] {subprocess.py:93} INFO - 	at java.base/java.net.SocketInputStream.socketRead0(Native Method)
[2025-05-22T21:26:27.850+0530] {subprocess.py:93} INFO - 	at java.base/java.net.SocketInputStream.socketRead(SocketInputStream.java:115)
[2025-05-22T21:26:27.850+0530] {subprocess.py:93} INFO - 	at java.base/java.net.SocketInputStream.read(SocketInputStream.java:168)
[2025-05-22T21:26:27.850+0530] {subprocess.py:93} INFO - 	at java.base/java.net.SocketInputStream.read(SocketInputStream.java:140)
[2025-05-22T21:26:27.850+0530] {subprocess.py:93} INFO - 	at java.base/sun.security.ssl.SSLSocketInputRecord.read(SSLSocketInputRecord.java:484)
[2025-05-22T21:26:27.851+0530] {subprocess.py:93} INFO - 	at java.base/sun.security.ssl.SSLSocketInputRecord.readFully(SSLSocketInputRecord.java:467)
[2025-05-22T21:26:27.851+0530] {subprocess.py:93} INFO - 	at java.base/sun.security.ssl.SSLSocketInputRecord.decodeInputRecord(SSLSocketInputRecord.java:243)
[2025-05-22T21:26:27.851+0530] {subprocess.py:93} INFO - 	at java.base/sun.security.ssl.SSLSocketInputRecord.decode(SSLSocketInputRecord.java:181)
[2025-05-22T21:26:27.851+0530] {subprocess.py:93} INFO - 	at java.base/sun.security.ssl.SSLTransport.decode(SSLTransport.java:111)
[2025-05-22T21:26:27.851+0530] {subprocess.py:93} INFO - 	at java.base/sun.security.ssl.SSLSocketImpl.decode(SSLSocketImpl.java:1514)
[2025-05-22T21:26:27.851+0530] {subprocess.py:93} INFO - 	at java.base/sun.security.ssl.SSLSocketImpl.readApplicationRecord(SSLSocketImpl.java:1481)
[2025-05-22T21:26:27.851+0530] {subprocess.py:93} INFO - 	at java.base/sun.security.ssl.SSLSocketImpl$AppInputStream.read(SSLSocketImpl.java:1070)
[2025-05-22T21:26:27.851+0530] {subprocess.py:93} INFO - 	at java.base/java.io.BufferedInputStream.read1(BufferedInputStream.java:290)
[2025-05-22T21:26:27.851+0530] {subprocess.py:93} INFO - 	at java.base/java.io.BufferedInputStream.read(BufferedInputStream.java:351)
[2025-05-22T21:26:27.851+0530] {subprocess.py:93} INFO - 	at java.base/sun.net.www.MeteredStream.read(MeteredStream.java:134)
[2025-05-22T21:26:27.851+0530] {subprocess.py:93} INFO - 	at java.base/java.io.FilterInputStream.read(FilterInputStream.java:133)
[2025-05-22T21:26:27.851+0530] {subprocess.py:93} INFO - 	at java.base/sun.net.www.protocol.http.HttpURLConnection$HttpInputStream.read(HttpURLConnection.java:3579)
[2025-05-22T21:26:27.851+0530] {subprocess.py:93} INFO - 	at org.apache.hadoop.fs.azurebfs.services.AbfsHttpOperation.processResponse(AbfsHttpOperation.java:378)
[2025-05-22T21:26:27.851+0530] {subprocess.py:93} INFO - 	at org.apache.hadoop.fs.azurebfs.services.AbfsRestOperation.executeHttpOperation(AbfsRestOperation.java:274)
[2025-05-22T21:26:27.852+0530] {subprocess.py:93} INFO - 	at org.apache.hadoop.fs.azurebfs.services.AbfsRestOperation.completeExecute(AbfsRestOperation.java:205)
[2025-05-22T21:26:27.852+0530] {subprocess.py:93} INFO - 	at org.apache.hadoop.fs.azurebfs.services.AbfsRestOperation.lambda$execute$0(AbfsRestOperation.java:181)
[2025-05-22T21:26:27.852+0530] {subprocess.py:93} INFO - 	at org.apache.hadoop.fs.statistics.impl.IOStatisticsBinding.trackDurationOfInvocation(IOStatisticsBinding.java:464)
[2025-05-22T21:26:27.852+0530] {subprocess.py:93} INFO - 	at org.apache.hadoop.fs.azurebfs.services.AbfsRestOperation.execute(AbfsRestOperation.java:179)
[2025-05-22T21:26:27.852+0530] {subprocess.py:93} INFO - 	at org.apache.hadoop.fs.azurebfs.services.AbfsClient.read(AbfsClient.java:761)
[2025-05-22T21:26:27.852+0530] {subprocess.py:93} INFO - 	at org.apache.hadoop.fs.azurebfs.services.AbfsInputStream.readRemote(AbfsInputStream.java:485)
[2025-05-22T21:26:27.852+0530] {subprocess.py:93} INFO - 	at org.apache.hadoop.fs.azurebfs.services.ReadBufferWorker.run(ReadBufferWorker.java:65)
[2025-05-22T21:26:27.852+0530] {subprocess.py:93} INFO - 	at java.base/java.lang.Thread.run(Thread.java:829)
[2025-05-22T21:26:27.868+0530] {subprocess.py:93} INFO - 25/05/22 21:26:27 ERROR AbfsHttpOperation: UnexpectedError:
[2025-05-22T21:26:27.868+0530] {subprocess.py:93} INFO - java.net.SocketTimeoutException: Read timed out
[2025-05-22T21:26:27.868+0530] {subprocess.py:93} INFO - 	at java.base/java.net.SocketInputStream.socketRead0(Native Method)
[2025-05-22T21:26:27.868+0530] {subprocess.py:93} INFO - 	at java.base/java.net.SocketInputStream.socketRead(SocketInputStream.java:115)
[2025-05-22T21:26:27.868+0530] {subprocess.py:93} INFO - 	at java.base/java.net.SocketInputStream.read(SocketInputStream.java:168)
[2025-05-22T21:26:27.868+0530] {subprocess.py:93} INFO - 	at java.base/java.net.SocketInputStream.read(SocketInputStream.java:140)
[2025-05-22T21:26:27.868+0530] {subprocess.py:93} INFO - 	at java.base/sun.security.ssl.SSLSocketInputRecord.read(SSLSocketInputRecord.java:484)
[2025-05-22T21:26:27.869+0530] {subprocess.py:93} INFO - 	at java.base/sun.security.ssl.SSLSocketInputRecord.readFully(SSLSocketInputRecord.java:467)
[2025-05-22T21:26:27.869+0530] {subprocess.py:93} INFO - 	at java.base/sun.security.ssl.SSLSocketInputRecord.decodeInputRecord(SSLSocketInputRecord.java:243)
[2025-05-22T21:26:27.869+0530] {subprocess.py:93} INFO - 	at java.base/sun.security.ssl.SSLSocketInputRecord.decode(SSLSocketInputRecord.java:181)
[2025-05-22T21:26:27.869+0530] {subprocess.py:93} INFO - 	at java.base/sun.security.ssl.SSLTransport.decode(SSLTransport.java:111)
[2025-05-22T21:26:27.869+0530] {subprocess.py:93} INFO - 	at java.base/sun.security.ssl.SSLSocketImpl.decode(SSLSocketImpl.java:1514)
[2025-05-22T21:26:27.869+0530] {subprocess.py:93} INFO - 	at java.base/sun.security.ssl.SSLSocketImpl.readApplicationRecord(SSLSocketImpl.java:1481)
[2025-05-22T21:26:27.869+0530] {subprocess.py:93} INFO - 	at java.base/sun.security.ssl.SSLSocketImpl$AppInputStream.read(SSLSocketImpl.java:1070)
[2025-05-22T21:26:27.869+0530] {subprocess.py:93} INFO - 	at java.base/java.io.BufferedInputStream.read1(BufferedInputStream.java:290)
[2025-05-22T21:26:27.869+0530] {subprocess.py:93} INFO - 	at java.base/java.io.BufferedInputStream.read(BufferedInputStream.java:351)
[2025-05-22T21:26:27.869+0530] {subprocess.py:93} INFO - 	at java.base/sun.net.www.MeteredStream.read(MeteredStream.java:134)
[2025-05-22T21:26:27.869+0530] {subprocess.py:93} INFO - 	at java.base/java.io.FilterInputStream.read(FilterInputStream.java:133)
[2025-05-22T21:26:27.869+0530] {subprocess.py:93} INFO - 	at java.base/sun.net.www.protocol.http.HttpURLConnection$HttpInputStream.read(HttpURLConnection.java:3579)
[2025-05-22T21:26:27.869+0530] {subprocess.py:93} INFO - 	at org.apache.hadoop.fs.azurebfs.services.AbfsHttpOperation.processResponse(AbfsHttpOperation.java:378)
[2025-05-22T21:26:27.870+0530] {subprocess.py:93} INFO - 	at org.apache.hadoop.fs.azurebfs.services.AbfsRestOperation.executeHttpOperation(AbfsRestOperation.java:274)
[2025-05-22T21:26:27.870+0530] {subprocess.py:93} INFO - 	at org.apache.hadoop.fs.azurebfs.services.AbfsRestOperation.completeExecute(AbfsRestOperation.java:205)
[2025-05-22T21:26:27.870+0530] {subprocess.py:93} INFO - 	at org.apache.hadoop.fs.azurebfs.services.AbfsRestOperation.lambda$execute$0(AbfsRestOperation.java:181)
[2025-05-22T21:26:27.870+0530] {subprocess.py:93} INFO - 	at org.apache.hadoop.fs.statistics.impl.IOStatisticsBinding.trackDurationOfInvocation(IOStatisticsBinding.java:464)
[2025-05-22T21:26:27.870+0530] {subprocess.py:93} INFO - 	at org.apache.hadoop.fs.azurebfs.services.AbfsRestOperation.execute(AbfsRestOperation.java:179)
[2025-05-22T21:26:27.870+0530] {subprocess.py:93} INFO - 	at org.apache.hadoop.fs.azurebfs.services.AbfsClient.read(AbfsClient.java:761)
[2025-05-22T21:26:27.870+0530] {subprocess.py:93} INFO - 	at org.apache.hadoop.fs.azurebfs.services.AbfsInputStream.readRemote(AbfsInputStream.java:485)
[2025-05-22T21:26:27.870+0530] {subprocess.py:93} INFO - 	at org.apache.hadoop.fs.azurebfs.services.ReadBufferWorker.run(ReadBufferWorker.java:65)
[2025-05-22T21:26:27.870+0530] {subprocess.py:93} INFO - 	at java.base/java.lang.Thread.run(Thread.java:829)
[2025-05-22T21:26:27.970+0530] {subprocess.py:93} INFO - 25/05/22 21:26:27 ERROR AbfsHttpOperation: UnexpectedError:
[2025-05-22T21:26:27.970+0530] {subprocess.py:93} INFO - java.net.SocketTimeoutException: Read timed out
[2025-05-22T21:26:27.970+0530] {subprocess.py:93} INFO - 	at java.base/java.net.SocketInputStream.socketRead0(Native Method)
[2025-05-22T21:26:27.970+0530] {subprocess.py:93} INFO - 	at java.base/java.net.SocketInputStream.socketRead(SocketInputStream.java:115)
[2025-05-22T21:26:27.971+0530] {subprocess.py:93} INFO - 	at java.base/java.net.SocketInputStream.read(SocketInputStream.java:168)
[2025-05-22T21:26:27.971+0530] {subprocess.py:93} INFO - 	at java.base/java.net.SocketInputStream.read(SocketInputStream.java:140)
[2025-05-22T21:26:27.971+0530] {subprocess.py:93} INFO - 	at java.base/sun.security.ssl.SSLSocketInputRecord.read(SSLSocketInputRecord.java:484)
[2025-05-22T21:26:27.971+0530] {subprocess.py:93} INFO - 	at java.base/sun.security.ssl.SSLSocketInputRecord.readFully(SSLSocketInputRecord.java:467)
[2025-05-22T21:26:27.971+0530] {subprocess.py:93} INFO - 	at java.base/sun.security.ssl.SSLSocketInputRecord.decodeInputRecord(SSLSocketInputRecord.java:243)
[2025-05-22T21:26:27.971+0530] {subprocess.py:93} INFO - 	at java.base/sun.security.ssl.SSLSocketInputRecord.decode(SSLSocketInputRecord.java:181)
[2025-05-22T21:26:27.971+0530] {subprocess.py:93} INFO - 	at java.base/sun.security.ssl.SSLTransport.decode(SSLTransport.java:111)
[2025-05-22T21:26:27.971+0530] {subprocess.py:93} INFO - 	at java.base/sun.security.ssl.SSLSocketImpl.decode(SSLSocketImpl.java:1514)
[2025-05-22T21:26:27.971+0530] {subprocess.py:93} INFO - 	at java.base/sun.security.ssl.SSLSocketImpl.readApplicationRecord(SSLSocketImpl.java:1481)
[2025-05-22T21:26:27.971+0530] {subprocess.py:93} INFO - 	at java.base/sun.security.ssl.SSLSocketImpl$AppInputStream.read(SSLSocketImpl.java:1070)
[2025-05-22T21:26:27.972+0530] {subprocess.py:93} INFO - 	at java.base/java.io.BufferedInputStream.read1(BufferedInputStream.java:290)
[2025-05-22T21:26:27.972+0530] {subprocess.py:93} INFO - 	at java.base/java.io.BufferedInputStream.read(BufferedInputStream.java:351)
[2025-05-22T21:26:27.972+0530] {subprocess.py:93} INFO - 	at java.base/sun.net.www.MeteredStream.read(MeteredStream.java:134)
[2025-05-22T21:26:27.972+0530] {subprocess.py:93} INFO - 	at java.base/java.io.FilterInputStream.read(FilterInputStream.java:133)
[2025-05-22T21:26:27.972+0530] {subprocess.py:93} INFO - 	at java.base/sun.net.www.protocol.http.HttpURLConnection$HttpInputStream.read(HttpURLConnection.java:3579)
[2025-05-22T21:26:27.972+0530] {subprocess.py:93} INFO - 	at org.apache.hadoop.fs.azurebfs.services.AbfsHttpOperation.processResponse(AbfsHttpOperation.java:378)
[2025-05-22T21:26:27.972+0530] {subprocess.py:93} INFO - 	at org.apache.hadoop.fs.azurebfs.services.AbfsRestOperation.executeHttpOperation(AbfsRestOperation.java:274)
[2025-05-22T21:26:27.972+0530] {subprocess.py:93} INFO - 	at org.apache.hadoop.fs.azurebfs.services.AbfsRestOperation.completeExecute(AbfsRestOperation.java:205)
[2025-05-22T21:26:27.972+0530] {subprocess.py:93} INFO - 	at org.apache.hadoop.fs.azurebfs.services.AbfsRestOperation.lambda$execute$0(AbfsRestOperation.java:181)
[2025-05-22T21:26:27.972+0530] {subprocess.py:93} INFO - 	at org.apache.hadoop.fs.statistics.impl.IOStatisticsBinding.trackDurationOfInvocation(IOStatisticsBinding.java:464)
[2025-05-22T21:26:27.973+0530] {subprocess.py:93} INFO - 	at org.apache.hadoop.fs.azurebfs.services.AbfsRestOperation.execute(AbfsRestOperation.java:179)
[2025-05-22T21:26:27.973+0530] {subprocess.py:93} INFO - 	at org.apache.hadoop.fs.azurebfs.services.AbfsClient.read(AbfsClient.java:761)
[2025-05-22T21:26:27.973+0530] {subprocess.py:93} INFO - 	at org.apache.hadoop.fs.azurebfs.services.AbfsInputStream.readRemote(AbfsInputStream.java:485)
[2025-05-22T21:26:27.973+0530] {subprocess.py:93} INFO - 	at org.apache.hadoop.fs.azurebfs.services.ReadBufferWorker.run(ReadBufferWorker.java:65)
[2025-05-22T21:26:27.973+0530] {subprocess.py:93} INFO - 	at java.base/java.lang.Thread.run(Thread.java:829)
[2025-05-22T21:26:56.544+0530] {subprocess.py:93} INFO - 25/05/22 21:26:56 INFO CodecConfig: Compression: SNAPPY
[2025-05-22T21:26:56.544+0530] {subprocess.py:93} INFO - 25/05/22 21:26:56 INFO CodecConfig: Compression: SNAPPY
[2025-05-22T21:26:56.545+0530] {subprocess.py:93} INFO - 25/05/22 21:26:56 INFO ParquetOutputFormat: ParquetRecordWriter [block size: 134217728b, row group padding size: 8388608b, validating: false]
[2025-05-22T21:26:56.548+0530] {subprocess.py:93} INFO - 25/05/22 21:26:56 INFO ParquetWriteSupport: Initialized Parquet WriteSupport with Catalyst schema:
[2025-05-22T21:26:56.548+0530] {subprocess.py:93} INFO - {
[2025-05-22T21:26:56.549+0530] {subprocess.py:93} INFO -   "type" : "struct",
[2025-05-22T21:26:56.549+0530] {subprocess.py:93} INFO -   "fields" : [ {
[2025-05-22T21:26:56.549+0530] {subprocess.py:93} INFO -     "name" : "VendorID",
[2025-05-22T21:26:56.549+0530] {subprocess.py:93} INFO -     "type" : "short",
[2025-05-22T21:26:56.549+0530] {subprocess.py:93} INFO -     "nullable" : true,
[2025-05-22T21:26:56.549+0530] {subprocess.py:93} INFO -     "metadata" : { }
[2025-05-22T21:26:56.549+0530] {subprocess.py:93} INFO -   }, {
[2025-05-22T21:26:56.549+0530] {subprocess.py:93} INFO -     "name" : "tpep_pickup_datetime",
[2025-05-22T21:26:56.549+0530] {subprocess.py:93} INFO -     "type" : "timestamp_ntz",
[2025-05-22T21:26:56.550+0530] {subprocess.py:93} INFO -     "nullable" : true,
[2025-05-22T21:26:56.550+0530] {subprocess.py:93} INFO -     "metadata" : { }
[2025-05-22T21:26:56.550+0530] {subprocess.py:93} INFO -   }, {
[2025-05-22T21:26:56.550+0530] {subprocess.py:93} INFO -     "name" : "tpep_dropoff_datetime",
[2025-05-22T21:26:56.550+0530] {subprocess.py:93} INFO -     "type" : "timestamp_ntz",
[2025-05-22T21:26:56.550+0530] {subprocess.py:93} INFO -     "nullable" : true,
[2025-05-22T21:26:56.550+0530] {subprocess.py:93} INFO -     "metadata" : { }
[2025-05-22T21:26:56.550+0530] {subprocess.py:93} INFO -   }, {
[2025-05-22T21:26:56.551+0530] {subprocess.py:93} INFO -     "name" : "passenger_count",
[2025-05-22T21:26:56.551+0530] {subprocess.py:93} INFO -     "type" : "short",
[2025-05-22T21:26:56.551+0530] {subprocess.py:93} INFO -     "nullable" : true,
[2025-05-22T21:26:56.551+0530] {subprocess.py:93} INFO -     "metadata" : { }
[2025-05-22T21:26:56.551+0530] {subprocess.py:93} INFO -   }, {
[2025-05-22T21:26:56.551+0530] {subprocess.py:93} INFO -     "name" : "trip_distance",
[2025-05-22T21:26:56.551+0530] {subprocess.py:93} INFO -     "type" : "double",
[2025-05-22T21:26:56.552+0530] {subprocess.py:93} INFO -     "nullable" : true,
[2025-05-22T21:26:56.552+0530] {subprocess.py:93} INFO -     "metadata" : { }
[2025-05-22T21:26:56.552+0530] {subprocess.py:93} INFO -   }, {
[2025-05-22T21:26:56.552+0530] {subprocess.py:93} INFO -     "name" : "RatecodeID",
[2025-05-22T21:26:56.552+0530] {subprocess.py:93} INFO -     "type" : "short",
[2025-05-22T21:26:56.552+0530] {subprocess.py:93} INFO -     "nullable" : true,
[2025-05-22T21:26:56.552+0530] {subprocess.py:93} INFO -     "metadata" : { }
[2025-05-22T21:26:56.552+0530] {subprocess.py:93} INFO -   }, {
[2025-05-22T21:26:56.552+0530] {subprocess.py:93} INFO -     "name" : "store_and_fwd_flag",
[2025-05-22T21:26:56.553+0530] {subprocess.py:93} INFO -     "type" : "string",
[2025-05-22T21:26:56.553+0530] {subprocess.py:93} INFO -     "nullable" : true,
[2025-05-22T21:26:56.553+0530] {subprocess.py:93} INFO -     "metadata" : { }
[2025-05-22T21:26:56.553+0530] {subprocess.py:93} INFO -   }, {
[2025-05-22T21:26:56.553+0530] {subprocess.py:93} INFO -     "name" : "PULocationID",
[2025-05-22T21:26:56.553+0530] {subprocess.py:93} INFO -     "type" : "integer",
[2025-05-22T21:26:56.553+0530] {subprocess.py:93} INFO -     "nullable" : true,
[2025-05-22T21:26:56.553+0530] {subprocess.py:93} INFO -     "metadata" : { }
[2025-05-22T21:26:56.553+0530] {subprocess.py:93} INFO -   }, {
[2025-05-22T21:26:56.553+0530] {subprocess.py:93} INFO -     "name" : "DOLocationID",
[2025-05-22T21:26:56.553+0530] {subprocess.py:93} INFO -     "type" : "integer",
[2025-05-22T21:26:56.554+0530] {subprocess.py:93} INFO -     "nullable" : true,
[2025-05-22T21:26:56.554+0530] {subprocess.py:93} INFO -     "metadata" : { }
[2025-05-22T21:26:56.554+0530] {subprocess.py:93} INFO -   }, {
[2025-05-22T21:26:56.554+0530] {subprocess.py:93} INFO -     "name" : "payment_type",
[2025-05-22T21:26:56.554+0530] {subprocess.py:93} INFO -     "type" : "short",
[2025-05-22T21:26:56.554+0530] {subprocess.py:93} INFO -     "nullable" : true,
[2025-05-22T21:26:56.554+0530] {subprocess.py:93} INFO -     "metadata" : { }
[2025-05-22T21:26:56.554+0530] {subprocess.py:93} INFO -   }, {
[2025-05-22T21:26:56.554+0530] {subprocess.py:93} INFO -     "name" : "fare_amount",
[2025-05-22T21:26:56.554+0530] {subprocess.py:93} INFO -     "type" : "double",
[2025-05-22T21:26:56.555+0530] {subprocess.py:93} INFO -     "nullable" : true,
[2025-05-22T21:26:56.555+0530] {subprocess.py:93} INFO -     "metadata" : { }
[2025-05-22T21:26:56.555+0530] {subprocess.py:93} INFO -   }, {
[2025-05-22T21:26:56.555+0530] {subprocess.py:93} INFO -     "name" : "extra",
[2025-05-22T21:26:56.555+0530] {subprocess.py:93} INFO -     "type" : "double",
[2025-05-22T21:26:56.555+0530] {subprocess.py:93} INFO -     "nullable" : true,
[2025-05-22T21:26:56.555+0530] {subprocess.py:93} INFO -     "metadata" : { }
[2025-05-22T21:26:56.555+0530] {subprocess.py:93} INFO -   }, {
[2025-05-22T21:26:56.555+0530] {subprocess.py:93} INFO -     "name" : "mta_tax",
[2025-05-22T21:26:56.555+0530] {subprocess.py:93} INFO -     "type" : "double",
[2025-05-22T21:26:56.555+0530] {subprocess.py:93} INFO -     "nullable" : true,
[2025-05-22T21:26:56.555+0530] {subprocess.py:93} INFO -     "metadata" : { }
[2025-05-22T21:26:56.555+0530] {subprocess.py:93} INFO -   }, {
[2025-05-22T21:26:56.555+0530] {subprocess.py:93} INFO -     "name" : "tip_amount",
[2025-05-22T21:26:56.556+0530] {subprocess.py:93} INFO -     "type" : "double",
[2025-05-22T21:26:56.556+0530] {subprocess.py:93} INFO -     "nullable" : true,
[2025-05-22T21:26:56.556+0530] {subprocess.py:93} INFO -     "metadata" : { }
[2025-05-22T21:26:56.556+0530] {subprocess.py:93} INFO -   }, {
[2025-05-22T21:26:56.556+0530] {subprocess.py:93} INFO -     "name" : "tolls_amount",
[2025-05-22T21:26:56.556+0530] {subprocess.py:93} INFO -     "type" : "double",
[2025-05-22T21:26:56.556+0530] {subprocess.py:93} INFO -     "nullable" : true,
[2025-05-22T21:26:56.556+0530] {subprocess.py:93} INFO -     "metadata" : { }
[2025-05-22T21:26:56.556+0530] {subprocess.py:93} INFO -   }, {
[2025-05-22T21:26:56.556+0530] {subprocess.py:93} INFO -     "name" : "improvement_surcharge",
[2025-05-22T21:26:56.556+0530] {subprocess.py:93} INFO -     "type" : "double",
[2025-05-22T21:26:56.557+0530] {subprocess.py:93} INFO -     "nullable" : true,
[2025-05-22T21:26:56.557+0530] {subprocess.py:93} INFO -     "metadata" : { }
[2025-05-22T21:26:56.557+0530] {subprocess.py:93} INFO -   }, {
[2025-05-22T21:26:56.557+0530] {subprocess.py:93} INFO -     "name" : "total_amount",
[2025-05-22T21:26:56.557+0530] {subprocess.py:93} INFO -     "type" : "double",
[2025-05-22T21:26:56.557+0530] {subprocess.py:93} INFO -     "nullable" : true,
[2025-05-22T21:26:56.557+0530] {subprocess.py:93} INFO -     "metadata" : { }
[2025-05-22T21:26:56.557+0530] {subprocess.py:93} INFO -   }, {
[2025-05-22T21:26:56.557+0530] {subprocess.py:93} INFO -     "name" : "congestion_surcharge",
[2025-05-22T21:26:56.557+0530] {subprocess.py:93} INFO -     "type" : "double",
[2025-05-22T21:26:56.558+0530] {subprocess.py:93} INFO -     "nullable" : true,
[2025-05-22T21:26:56.558+0530] {subprocess.py:93} INFO -     "metadata" : { }
[2025-05-22T21:26:56.558+0530] {subprocess.py:93} INFO -   }, {
[2025-05-22T21:26:56.558+0530] {subprocess.py:93} INFO -     "name" : "__null_dask_index__",
[2025-05-22T21:26:56.558+0530] {subprocess.py:93} INFO -     "type" : "long",
[2025-05-22T21:26:56.558+0530] {subprocess.py:93} INFO -     "nullable" : true,
[2025-05-22T21:26:56.558+0530] {subprocess.py:93} INFO -     "metadata" : { }
[2025-05-22T21:26:56.558+0530] {subprocess.py:93} INFO -   } ]
[2025-05-22T21:26:56.558+0530] {subprocess.py:93} INFO - }
[2025-05-22T21:26:56.558+0530] {subprocess.py:93} INFO - and corresponding Parquet message type:
[2025-05-22T21:26:56.558+0530] {subprocess.py:93} INFO - message spark_schema {
[2025-05-22T21:26:56.559+0530] {subprocess.py:93} INFO -   optional int32 VendorID (INTEGER(16,true));
[2025-05-22T21:26:56.559+0530] {subprocess.py:93} INFO -   optional int64 tpep_pickup_datetime (TIMESTAMP(MICROS,false));
[2025-05-22T21:26:56.559+0530] {subprocess.py:93} INFO -   optional int64 tpep_dropoff_datetime (TIMESTAMP(MICROS,false));
[2025-05-22T21:26:56.559+0530] {subprocess.py:93} INFO -   optional int32 passenger_count (INTEGER(16,true));
[2025-05-22T21:26:56.559+0530] {subprocess.py:93} INFO -   optional double trip_distance;
[2025-05-22T21:26:56.559+0530] {subprocess.py:93} INFO -   optional int32 RatecodeID (INTEGER(16,true));
[2025-05-22T21:26:56.559+0530] {subprocess.py:93} INFO -   optional binary store_and_fwd_flag (STRING);
[2025-05-22T21:26:56.559+0530] {subprocess.py:93} INFO -   optional int32 PULocationID;
[2025-05-22T21:26:56.559+0530] {subprocess.py:93} INFO -   optional int32 DOLocationID;
[2025-05-22T21:26:56.560+0530] {subprocess.py:93} INFO -   optional int32 payment_type (INTEGER(16,true));
[2025-05-22T21:26:56.560+0530] {subprocess.py:93} INFO -   optional double fare_amount;
[2025-05-22T21:26:56.560+0530] {subprocess.py:93} INFO -   optional double extra;
[2025-05-22T21:26:56.560+0530] {subprocess.py:93} INFO -   optional double mta_tax;
[2025-05-22T21:26:56.560+0530] {subprocess.py:93} INFO -   optional double tip_amount;
[2025-05-22T21:26:56.560+0530] {subprocess.py:93} INFO -   optional double tolls_amount;
[2025-05-22T21:26:56.560+0530] {subprocess.py:93} INFO -   optional double improvement_surcharge;
[2025-05-22T21:26:56.560+0530] {subprocess.py:93} INFO -   optional double total_amount;
[2025-05-22T21:26:56.561+0530] {subprocess.py:93} INFO -   optional double congestion_surcharge;
[2025-05-22T21:26:56.561+0530] {subprocess.py:93} INFO -   optional int64 __null_dask_index__;
[2025-05-22T21:26:56.561+0530] {subprocess.py:93} INFO - }
[2025-05-22T21:26:56.561+0530] {subprocess.py:93} INFO - 
[2025-05-22T21:26:56.561+0530] {subprocess.py:93} INFO - 
[2025-05-22T21:26:59.170+0530] {subprocess.py:93} INFO - 25/05/22 21:26:59 INFO FileOutputCommitter: Saved output of task 'attempt_202505222125151097660816371432258_0001_m_000004_5' to file:/home/pranav_shirali/airflow-project/scripts/ETL/nyc_taxi_extracted.parquet/_temporary/0/task_202505222125151097660816371432258_0001_m_000004
[2025-05-22T21:26:59.171+0530] {subprocess.py:93} INFO - 25/05/22 21:26:59 INFO SparkHadoopMapRedUtil: attempt_202505222125151097660816371432258_0001_m_000004_5: Committed. Elapsed time: 0 ms.
[2025-05-22T21:26:59.173+0530] {subprocess.py:93} INFO - 25/05/22 21:26:59 INFO Executor: Finished task 4.0 in stage 1.0 (TID 5). 2778 bytes result sent to driver
[2025-05-22T21:26:59.175+0530] {subprocess.py:93} INFO - 25/05/22 21:26:59 INFO TaskSetManager: Finished task 4.0 in stage 1.0 (TID 5) in 103812 ms on 10.255.255.254 (executor driver) (10/10)
[2025-05-22T21:26:59.175+0530] {subprocess.py:93} INFO - 25/05/22 21:26:59 INFO TaskSchedulerImpl: Removed TaskSet 1.0, whose tasks have all completed, from pool
[2025-05-22T21:26:59.176+0530] {subprocess.py:93} INFO - 25/05/22 21:26:59 INFO DAGScheduler: ResultStage 1 (parquet at NativeMethodAccessorImpl.java:0) finished in 103.891 s
[2025-05-22T21:26:59.176+0530] {subprocess.py:93} INFO - 25/05/22 21:26:59 INFO DAGScheduler: Job 1 is finished. Cancelling potential speculative or zombie tasks for this job
[2025-05-22T21:26:59.176+0530] {subprocess.py:93} INFO - 25/05/22 21:26:59 INFO TaskSchedulerImpl: Killing all running tasks in stage 1: Stage finished
[2025-05-22T21:26:59.177+0530] {subprocess.py:93} INFO - 25/05/22 21:26:59 INFO DAGScheduler: Job 1 finished: parquet at NativeMethodAccessorImpl.java:0, took 95.088198 s
[2025-05-22T21:26:59.179+0530] {subprocess.py:93} INFO - 25/05/22 21:26:59 INFO FileFormatWriter: Start to commit write Job edcf52e1-1bc1-4856-be0d-2aab764e84fb.
[2025-05-22T21:26:59.192+0530] {subprocess.py:93} INFO - 25/05/22 21:26:59 INFO FileFormatWriter: Write Job edcf52e1-1bc1-4856-be0d-2aab764e84fb committed. Elapsed time: 11 ms.
[2025-05-22T21:26:59.195+0530] {subprocess.py:93} INFO - 25/05/22 21:26:59 INFO FileFormatWriter: Finished processing stats for write job edcf52e1-1bc1-4856-be0d-2aab764e84fb.
[2025-05-22T21:26:59.251+0530] {subprocess.py:93} INFO - 25/05/22 21:26:59 INFO SparkContext: Invoking stop() from shutdown hook
[2025-05-22T21:26:59.251+0530] {subprocess.py:93} INFO - 25/05/22 21:26:59 INFO SparkContext: SparkContext is stopping with exitCode 0.
[2025-05-22T21:26:59.263+0530] {subprocess.py:93} INFO - 25/05/22 21:26:59 INFO SparkUI: Stopped Spark web UI at http://10.255.255.254:4040
[2025-05-22T21:26:59.274+0530] {subprocess.py:93} INFO - 25/05/22 21:26:59 INFO MapOutputTrackerMasterEndpoint: MapOutputTrackerMasterEndpoint stopped!
[2025-05-22T21:26:59.285+0530] {subprocess.py:93} INFO - 25/05/22 21:26:59 INFO MemoryStore: MemoryStore cleared
[2025-05-22T21:26:59.285+0530] {subprocess.py:93} INFO - 25/05/22 21:26:59 INFO BlockManager: BlockManager stopped
[2025-05-22T21:26:59.287+0530] {subprocess.py:93} INFO - 25/05/22 21:26:59 INFO BlockManagerMaster: BlockManagerMaster stopped
[2025-05-22T21:26:59.290+0530] {subprocess.py:93} INFO - 25/05/22 21:26:59 INFO OutputCommitCoordinator$OutputCommitCoordinatorEndpoint: OutputCommitCoordinator stopped!
[2025-05-22T21:26:59.297+0530] {subprocess.py:93} INFO - 25/05/22 21:26:59 INFO SparkContext: Successfully stopped SparkContext
[2025-05-22T21:26:59.297+0530] {subprocess.py:93} INFO - 25/05/22 21:26:59 INFO ShutdownHookManager: Shutdown hook called
[2025-05-22T21:26:59.298+0530] {subprocess.py:93} INFO - 25/05/22 21:26:59 INFO ShutdownHookManager: Deleting directory /tmp/spark-cbf29ff8-2dcb-42b9-b241-e3b3d5e18889
[2025-05-22T21:26:59.300+0530] {subprocess.py:93} INFO - 25/05/22 21:26:59 INFO ShutdownHookManager: Deleting directory /tmp/spark-cbf29ff8-2dcb-42b9-b241-e3b3d5e18889/pyspark-ac6c6e7e-3035-4ba2-adc5-8ee6a4c7c2f9
[2025-05-22T21:26:59.304+0530] {subprocess.py:93} INFO - 25/05/22 21:26:59 INFO ShutdownHookManager: Deleting directory /tmp/spark-ca7bbe45-f8a4-40de-8560-30b8790e73db
[2025-05-22T21:26:59.369+0530] {subprocess.py:97} INFO - Command exited with return code 0
[2025-05-22T21:26:59.392+0530] {taskinstance.py:340} INFO - ::group::Post task execution logs
[2025-05-22T21:26:59.392+0530] {taskinstance.py:352} INFO - Marking task as SUCCESS. dag_id=nyc_taxi_etl, task_id=extract_from_azure, run_id=manual__2025-05-22T15:55:01.644073+00:00, execution_date=20250522T155501, start_date=20250522T155503, end_date=20250522T155659
[2025-05-22T21:26:59.434+0530] {local_task_job_runner.py:266} INFO - Task exited with return code 0
[2025-05-22T21:26:59.451+0530] {taskinstance.py:3900} INFO - 1 downstream tasks scheduled from follow-on schedule check
[2025-05-22T21:26:59.454+0530] {local_task_job_runner.py:245} INFO - ::endgroup::
