[2025-03-28T15:42:02.924+0530] {local_task_job_runner.py:123} INFO - ::group::Pre task execution logs
[2025-03-28T15:42:02.939+0530] {taskinstance.py:2612} INFO - Dependencies all met for dep_context=non-requeueable deps ti=<TaskInstance: example_params_trigger_ui.print_greetings manual__2025-03-28T10:11:32+00:00 [queued]>
[2025-03-28T15:42:02.943+0530] {taskinstance.py:2612} INFO - Dependencies all met for dep_context=requeueable deps ti=<TaskInstance: example_params_trigger_ui.print_greetings manual__2025-03-28T10:11:32+00:00 [queued]>
[2025-03-28T15:42:02.943+0530] {taskinstance.py:2865} INFO - Starting attempt 1 of 1
[2025-03-28T15:42:02.954+0530] {taskinstance.py:2888} INFO - Executing <Task(_PythonDecoratedOperator): print_greetings> on 2025-03-28 10:11:32+00:00
[2025-03-28T15:42:02.956+0530] {standard_task_runner.py:72} INFO - Started process 665 to run task
[2025-03-28T15:42:02.958+0530] {standard_task_runner.py:104} INFO - Running: ['airflow', 'tasks', 'run', 'example_params_trigger_ui', 'print_greetings', 'manual__2025-03-28T10:11:32+00:00', '--job-id', '14', '--raw', '--subdir', '/home/pranav_shirali/airflow-project/airflow-env/lib/python3.10/site-packages/airflow/example_dags/example_params_trigger_ui.py', '--cfg-path', '/tmp/tmpeh69esfi']
[2025-03-28T15:42:02.958+0530] {standard_task_runner.py:105} INFO - Job 14: Subtask print_greetings
[2025-03-28T15:42:02.983+0530] {task_command.py:467} INFO - Running <TaskInstance: example_params_trigger_ui.print_greetings manual__2025-03-28T10:11:32+00:00 [running]> on host Voldemort.
[2025-03-28T15:42:03.028+0530] {taskinstance.py:3131} INFO - Exporting env vars: AIRFLOW_CTX_DAG_OWNER='airflow' AIRFLOW_CTX_DAG_ID='example_params_trigger_ui' AIRFLOW_CTX_TASK_ID='print_greetings' AIRFLOW_CTX_EXECUTION_DATE='2025-03-28T10:11:32+00:00' AIRFLOW_CTX_TRY_NUMBER='1' AIRFLOW_CTX_DAG_RUN_ID='manual__2025-03-28T10:11:32+00:00'
[2025-03-28T15:42:03.029+0530] {logging_mixin.py:190} INFO - Task instance is in running state
[2025-03-28T15:42:03.029+0530] {logging_mixin.py:190} INFO -  Previous state of the Task instance: queued
[2025-03-28T15:42:03.029+0530] {logging_mixin.py:190} INFO - Current task name:print_greetings state:running start_date:2025-03-28 10:12:02.939510+00:00
[2025-03-28T15:42:03.029+0530] {logging_mixin.py:190} INFO - Dag name:example_params_trigger_ui and current dag run status:running
[2025-03-28T15:42:03.029+0530] {taskinstance.py:731} INFO - ::endgroup::
[2025-03-28T15:42:03.033+0530] {logging_mixin.py:190} INFO - Hello Linda!
[2025-03-28T15:42:03.033+0530] {logging_mixin.py:190} INFO - Hello Martha!
[2025-03-28T15:42:03.033+0530] {logging_mixin.py:190} INFO - Hello Thomas!
[2025-03-28T15:42:03.033+0530] {logging_mixin.py:190} INFO - Sehr geehrter Herr/Frau Linda.
[2025-03-28T15:42:03.034+0530] {logging_mixin.py:190} INFO - Sehr geehrter Herr/Frau Martha.
[2025-03-28T15:42:03.034+0530] {logging_mixin.py:190} INFO - Sehr geehrter Herr/Frau Thomas.
[2025-03-28T15:42:03.034+0530] {logging_mixin.py:190} INFO - Bonjour Linda!
[2025-03-28T15:42:03.034+0530] {logging_mixin.py:190} INFO - Bonjour Martha!
[2025-03-28T15:42:03.035+0530] {logging_mixin.py:190} INFO - Bonjour Thomas!
[2025-03-28T15:42:03.035+0530] {python.py:240} INFO - Done. Returned value was: None
[2025-03-28T15:42:03.038+0530] {taskinstance.py:340} INFO - ::group::Post task execution logs
[2025-03-28T15:42:03.038+0530] {taskinstance.py:352} INFO - Marking task as SUCCESS. dag_id=example_params_trigger_ui, task_id=print_greetings, run_id=manual__2025-03-28T10:11:32+00:00, execution_date=20250328T101132, start_date=20250328T101202, end_date=20250328T101203
[2025-03-28T15:42:03.044+0530] {logging_mixin.py:190} INFO - Task instance in success state
[2025-03-28T15:42:03.044+0530] {logging_mixin.py:190} INFO -  Previous state of the Task instance: running
[2025-03-28T15:42:03.044+0530] {logging_mixin.py:190} INFO - Dag name:example_params_trigger_ui queued_at:2025-03-28 10:11:34.306675+00:00
[2025-03-28T15:42:03.044+0530] {logging_mixin.py:190} INFO - Task hostname:Voldemort. operator:_PythonDecoratedOperator
[2025-03-28T15:42:03.050+0530] {local_task_job_runner.py:266} INFO - Task exited with return code 0
[2025-03-28T15:42:03.057+0530] {taskinstance.py:3900} INFO - 0 downstream tasks scheduled from follow-on schedule check
[2025-03-28T15:42:03.058+0530] {local_task_job_runner.py:245} INFO - ::endgroup::
