[2025-05-22T20:28:12.981+0530] {local_task_job_runner.py:123} INFO - ::group::Pre task execution logs
[2025-05-22T20:28:12.988+0530] {taskinstance.py:2612} INFO - Dependencies all met for dep_context=non-requeueable deps ti=<TaskInstance: nyc_taxi_etl.load_to_snowflake manual__2025-05-22T14:56:49.628974+00:00 [queued]>
[2025-05-22T20:28:12.993+0530] {taskinstance.py:2612} INFO - Dependencies all met for dep_context=requeueable deps ti=<TaskInstance: nyc_taxi_etl.load_to_snowflake manual__2025-05-22T14:56:49.628974+00:00 [queued]>
[2025-05-22T20:28:12.993+0530] {taskinstance.py:2865} INFO - Starting attempt 1 of 1
[2025-05-22T20:28:13.006+0530] {taskinstance.py:2888} INFO - Executing <Task(BashOperator): load_to_snowflake> on 2025-05-22 14:56:49.628974+00:00
[2025-05-22T20:28:13.008+0530] {standard_task_runner.py:72} INFO - Started process 70575 to run task
[2025-05-22T20:28:13.011+0530] {standard_task_runner.py:104} INFO - Running: ['airflow', 'tasks', 'run', 'nyc_taxi_etl', 'load_to_snowflake', 'manual__2025-05-22T14:56:49.628974+00:00', '--job-id', '146', '--raw', '--subdir', 'DAGS_FOLDER/nyc_taxi_etl.py', '--cfg-path', '/tmp/tmpzzhawvry']
[2025-05-22T20:28:13.012+0530] {standard_task_runner.py:105} INFO - Job 146: Subtask load_to_snowflake
[2025-05-22T20:28:13.039+0530] {task_command.py:467} INFO - Running <TaskInstance: nyc_taxi_etl.load_to_snowflake manual__2025-05-22T14:56:49.628974+00:00 [running]> on host Voldemort.
[2025-05-22T20:28:13.090+0530] {taskinstance.py:3131} INFO - Exporting env vars: AIRFLOW_CTX_DAG_OWNER='airflow' AIRFLOW_CTX_DAG_ID='nyc_taxi_etl' AIRFLOW_CTX_TASK_ID='load_to_snowflake' AIRFLOW_CTX_EXECUTION_DATE='2025-05-22T14:56:49.628974+00:00' AIRFLOW_CTX_TRY_NUMBER='1' AIRFLOW_CTX_DAG_RUN_ID='manual__2025-05-22T14:56:49.628974+00:00'
[2025-05-22T20:28:13.091+0530] {taskinstance.py:731} INFO - ::endgroup::
[2025-05-22T20:28:13.100+0530] {subprocess.py:63} INFO - Tmp dir root location: /tmp
[2025-05-22T20:28:13.100+0530] {subprocess.py:75} INFO - Running command: ['/usr/bin/bash', '-c', '/opt/spark/bin/spark-submit /home/pranav_shirali/airflow-project/scripts/ETL/load.py']
[2025-05-22T20:28:13.106+0530] {subprocess.py:86} INFO - Output:
[2025-05-22T20:28:14.473+0530] {subprocess.py:93} INFO - 25/05/22 20:28:14 WARN Utils: Your hostname, Voldemort resolves to a loopback address: 127.0.1.1; using 10.255.255.254 instead (on interface lo)
[2025-05-22T20:28:14.475+0530] {subprocess.py:93} INFO - 25/05/22 20:28:14 WARN Utils: Set SPARK_LOCAL_IP if you need to bind to another address
[2025-05-22T20:28:15.308+0530] {subprocess.py:93} INFO - 25/05/22 20:28:15 INFO SparkContext: Running Spark version 3.5.5
[2025-05-22T20:28:15.309+0530] {subprocess.py:93} INFO - 25/05/22 20:28:15 INFO SparkContext: OS info Linux, 5.15.167.4-microsoft-standard-WSL2, amd64
[2025-05-22T20:28:15.309+0530] {subprocess.py:93} INFO - 25/05/22 20:28:15 INFO SparkContext: Java version 11.0.27
[2025-05-22T20:28:15.364+0530] {subprocess.py:93} INFO - 25/05/22 20:28:15 WARN NativeCodeLoader: Unable to load native-hadoop library for your platform... using builtin-java classes where applicable
[2025-05-22T20:28:15.440+0530] {subprocess.py:93} INFO - 25/05/22 20:28:15 INFO ResourceUtils: ==============================================================
[2025-05-22T20:28:15.441+0530] {subprocess.py:93} INFO - 25/05/22 20:28:15 INFO ResourceUtils: No custom resources configured for spark.driver.
[2025-05-22T20:28:15.441+0530] {subprocess.py:93} INFO - 25/05/22 20:28:15 INFO ResourceUtils: ==============================================================
[2025-05-22T20:28:15.441+0530] {subprocess.py:93} INFO - 25/05/22 20:28:15 INFO SparkContext: Submitted application: NYC Taxi Load to Snowflake
[2025-05-22T20:28:15.458+0530] {subprocess.py:93} INFO - 25/05/22 20:28:15 INFO ResourceProfile: Default ResourceProfile created, executor resources: Map(cores -> name: cores, amount: 1, script: , vendor: , memory -> name: memory, amount: 1024, script: , vendor: , offHeap -> name: offHeap, amount: 0, script: , vendor: ), task resources: Map(cpus -> name: cpus, amount: 1.0)
[2025-05-22T20:28:15.466+0530] {subprocess.py:93} INFO - 25/05/22 20:28:15 INFO ResourceProfile: Limiting resource is cpu
[2025-05-22T20:28:15.467+0530] {subprocess.py:93} INFO - 25/05/22 20:28:15 INFO ResourceProfileManager: Added ResourceProfile id: 0
[2025-05-22T20:28:15.506+0530] {subprocess.py:93} INFO - 25/05/22 20:28:15 INFO SecurityManager: Changing view acls to: pranav_shirali
[2025-05-22T20:28:15.506+0530] {subprocess.py:93} INFO - 25/05/22 20:28:15 INFO SecurityManager: Changing modify acls to: pranav_shirali
[2025-05-22T20:28:15.507+0530] {subprocess.py:93} INFO - 25/05/22 20:28:15 INFO SecurityManager: Changing view acls groups to:
[2025-05-22T20:28:15.507+0530] {subprocess.py:93} INFO - 25/05/22 20:28:15 INFO SecurityManager: Changing modify acls groups to:
[2025-05-22T20:28:15.507+0530] {subprocess.py:93} INFO - 25/05/22 20:28:15 INFO SecurityManager: SecurityManager: authentication disabled; ui acls disabled; users with view permissions: pranav_shirali; groups with view permissions: EMPTY; users with modify permissions: pranav_shirali; groups with modify permissions: EMPTY
[2025-05-22T20:28:15.716+0530] {subprocess.py:93} INFO - 25/05/22 20:28:15 INFO Utils: Successfully started service 'sparkDriver' on port 40811.
[2025-05-22T20:28:15.739+0530] {subprocess.py:93} INFO - 25/05/22 20:28:15 INFO SparkEnv: Registering MapOutputTracker
[2025-05-22T20:28:15.765+0530] {subprocess.py:93} INFO - 25/05/22 20:28:15 INFO SparkEnv: Registering BlockManagerMaster
[2025-05-22T20:28:15.780+0530] {subprocess.py:93} INFO - 25/05/22 20:28:15 INFO BlockManagerMasterEndpoint: Using org.apache.spark.storage.DefaultTopologyMapper for getting topology information
[2025-05-22T20:28:15.780+0530] {subprocess.py:93} INFO - 25/05/22 20:28:15 INFO BlockManagerMasterEndpoint: BlockManagerMasterEndpoint up
[2025-05-22T20:28:15.784+0530] {subprocess.py:93} INFO - 25/05/22 20:28:15 INFO SparkEnv: Registering BlockManagerMasterHeartbeat
[2025-05-22T20:28:15.807+0530] {subprocess.py:93} INFO - 25/05/22 20:28:15 INFO DiskBlockManager: Created local directory at /tmp/blockmgr-344a59dd-a38b-4029-85bb-a842ffc28a67
[2025-05-22T20:28:15.819+0530] {subprocess.py:93} INFO - 25/05/22 20:28:15 INFO MemoryStore: MemoryStore started with capacity 434.4 MiB
[2025-05-22T20:28:15.832+0530] {subprocess.py:93} INFO - 25/05/22 20:28:15 INFO SparkEnv: Registering OutputCommitCoordinator
[2025-05-22T20:28:15.945+0530] {subprocess.py:93} INFO - 25/05/22 20:28:15 INFO JettyUtils: Start Jetty 0.0.0.0:4040 for SparkUI
[2025-05-22T20:28:15.988+0530] {subprocess.py:93} INFO - 25/05/22 20:28:15 INFO Utils: Successfully started service 'SparkUI' on port 4040.
[2025-05-22T20:28:16.059+0530] {subprocess.py:93} INFO - 25/05/22 20:28:16 INFO Executor: Starting executor ID driver on host 10.255.255.254
[2025-05-22T20:28:16.060+0530] {subprocess.py:93} INFO - 25/05/22 20:28:16 INFO Executor: OS info Linux, 5.15.167.4-microsoft-standard-WSL2, amd64
[2025-05-22T20:28:16.060+0530] {subprocess.py:93} INFO - 25/05/22 20:28:16 INFO Executor: Java version 11.0.27
[2025-05-22T20:28:16.065+0530] {subprocess.py:93} INFO - 25/05/22 20:28:16 INFO Executor: Starting executor with user classpath (userClassPathFirst = false): ''
[2025-05-22T20:28:16.066+0530] {subprocess.py:93} INFO - 25/05/22 20:28:16 INFO Executor: Created or updated repl class loader org.apache.spark.util.MutableURLClassLoader@3c1aea8b for default.
[2025-05-22T20:28:16.084+0530] {subprocess.py:93} INFO - 25/05/22 20:28:16 INFO Utils: Successfully started service 'org.apache.spark.network.netty.NettyBlockTransferService' on port 33039.
[2025-05-22T20:28:16.085+0530] {subprocess.py:93} INFO - 25/05/22 20:28:16 INFO NettyBlockTransferService: Server created on 10.255.255.254:33039
[2025-05-22T20:28:16.086+0530] {subprocess.py:93} INFO - 25/05/22 20:28:16 INFO BlockManager: Using org.apache.spark.storage.RandomBlockReplicationPolicy for block replication policy
[2025-05-22T20:28:16.090+0530] {subprocess.py:93} INFO - 25/05/22 20:28:16 INFO BlockManagerMaster: Registering BlockManager BlockManagerId(driver, 10.255.255.254, 33039, None)
[2025-05-22T20:28:16.093+0530] {subprocess.py:93} INFO - 25/05/22 20:28:16 INFO BlockManagerMasterEndpoint: Registering block manager 10.255.255.254:33039 with 434.4 MiB RAM, BlockManagerId(driver, 10.255.255.254, 33039, None)
[2025-05-22T20:28:16.096+0530] {subprocess.py:93} INFO - 25/05/22 20:28:16 INFO BlockManagerMaster: Registered BlockManager BlockManagerId(driver, 10.255.255.254, 33039, None)
[2025-05-22T20:28:16.096+0530] {subprocess.py:93} INFO - 25/05/22 20:28:16 INFO BlockManager: Initialized BlockManager: BlockManagerId(driver, 10.255.255.254, 33039, None)
[2025-05-22T20:28:16.546+0530] {subprocess.py:93} INFO - 25/05/22 20:28:16 INFO SharedState: Setting hive.metastore.warehouse.dir ('null') to the value of spark.sql.warehouse.dir.
[2025-05-22T20:28:16.555+0530] {subprocess.py:93} INFO - 25/05/22 20:28:16 INFO SharedState: Warehouse path is 'file:/tmp/airflowtmp_22epi0r/spark-warehouse'.
[2025-05-22T20:28:17.606+0530] {subprocess.py:93} INFO - 25/05/22 20:28:17 INFO InMemoryFileIndex: It took 49 ms to list leaf files for 1 paths.
[2025-05-22T20:28:18.039+0530] {subprocess.py:93} INFO - 25/05/22 20:28:18 INFO SparkContext: Starting job: parquet at NativeMethodAccessorImpl.java:0
[2025-05-22T20:28:18.058+0530] {subprocess.py:93} INFO - 25/05/22 20:28:18 INFO DAGScheduler: Got job 0 (parquet at NativeMethodAccessorImpl.java:0) with 1 output partitions
[2025-05-22T20:28:18.058+0530] {subprocess.py:93} INFO - 25/05/22 20:28:18 INFO DAGScheduler: Final stage: ResultStage 0 (parquet at NativeMethodAccessorImpl.java:0)
[2025-05-22T20:28:18.059+0530] {subprocess.py:93} INFO - 25/05/22 20:28:18 INFO DAGScheduler: Parents of final stage: List()
[2025-05-22T20:28:18.060+0530] {subprocess.py:93} INFO - 25/05/22 20:28:18 INFO DAGScheduler: Missing parents: List()
[2025-05-22T20:28:18.065+0530] {subprocess.py:93} INFO - 25/05/22 20:28:18 INFO DAGScheduler: Submitting ResultStage 0 (MapPartitionsRDD[1] at parquet at NativeMethodAccessorImpl.java:0), which has no missing parents
[2025-05-22T20:28:18.131+0530] {subprocess.py:93} INFO - 25/05/22 20:28:18 INFO MemoryStore: Block broadcast_0 stored as values in memory (estimated size 103.3 KiB, free 434.3 MiB)
[2025-05-22T20:28:18.158+0530] {subprocess.py:93} INFO - 25/05/22 20:28:18 INFO MemoryStore: Block broadcast_0_piece0 stored as bytes in memory (estimated size 37.2 KiB, free 434.3 MiB)
[2025-05-22T20:28:18.162+0530] {subprocess.py:93} INFO - 25/05/22 20:28:18 INFO BlockManagerInfo: Added broadcast_0_piece0 in memory on 10.255.255.254:33039 (size: 37.2 KiB, free: 434.4 MiB)
[2025-05-22T20:28:18.165+0530] {subprocess.py:93} INFO - 25/05/22 20:28:18 INFO SparkContext: Created broadcast 0 from broadcast at DAGScheduler.scala:1585
[2025-05-22T20:28:18.182+0530] {subprocess.py:93} INFO - 25/05/22 20:28:18 INFO DAGScheduler: Submitting 1 missing tasks from ResultStage 0 (MapPartitionsRDD[1] at parquet at NativeMethodAccessorImpl.java:0) (first 15 tasks are for partitions Vector(0))
[2025-05-22T20:28:18.183+0530] {subprocess.py:93} INFO - 25/05/22 20:28:18 INFO TaskSchedulerImpl: Adding task set 0.0 with 1 tasks resource profile 0
[2025-05-22T20:28:18.235+0530] {subprocess.py:93} INFO - 25/05/22 20:28:18 INFO TaskSetManager: Starting task 0.0 in stage 0.0 (TID 0) (10.255.255.254, executor driver, partition 0, PROCESS_LOCAL, 9237 bytes)
[2025-05-22T20:28:18.249+0530] {subprocess.py:93} INFO - 25/05/22 20:28:18 INFO Executor: Running task 0.0 in stage 0.0 (TID 0)
[2025-05-22T20:28:18.563+0530] {subprocess.py:93} INFO - 25/05/22 20:28:18 INFO Executor: Finished task 0.0 in stage 0.0 (TID 0). 2398 bytes result sent to driver
[2025-05-22T20:28:18.571+0530] {subprocess.py:93} INFO - 25/05/22 20:28:18 INFO TaskSetManager: Finished task 0.0 in stage 0.0 (TID 0) in 356 ms on 10.255.255.254 (executor driver) (1/1)
[2025-05-22T20:28:18.572+0530] {subprocess.py:93} INFO - 25/05/22 20:28:18 INFO TaskSchedulerImpl: Removed TaskSet 0.0, whose tasks have all completed, from pool
[2025-05-22T20:28:18.576+0530] {subprocess.py:93} INFO - 25/05/22 20:28:18 INFO DAGScheduler: ResultStage 0 (parquet at NativeMethodAccessorImpl.java:0) finished in 0.498 s
[2025-05-22T20:28:18.579+0530] {subprocess.py:93} INFO - 25/05/22 20:28:18 INFO DAGScheduler: Job 0 is finished. Cancelling potential speculative or zombie tasks for this job
[2025-05-22T20:28:18.580+0530] {subprocess.py:93} INFO - 25/05/22 20:28:18 INFO TaskSchedulerImpl: Killing all running tasks in stage 0: Stage finished
[2025-05-22T20:28:18.581+0530] {subprocess.py:93} INFO - 25/05/22 20:28:18 INFO DAGScheduler: Job 0 finished: parquet at NativeMethodAccessorImpl.java:0, took 0.541349 s
[2025-05-22T20:28:18.993+0530] {subprocess.py:93} INFO - 25/05/22 20:28:18 INFO BlockManagerInfo: Removed broadcast_0_piece0 on 10.255.255.254:33039 in memory (size: 37.2 KiB, free: 434.4 MiB)
[2025-05-22T20:28:19.564+0530] {subprocess.py:93} INFO - 25/05/22 20:28:19 WARN SnowflakeConnectorUtils$: Query pushdown is not supported because you are using Spark 3.5.5 with a connector designed to support Spark 3.3. Either use the version of Spark supported by the connector or install a version of the connector that supports your version of Spark.
[2025-05-22T20:28:19.623+0530] {subprocess.py:93} INFO - 25/05/22 20:28:19 INFO FileSourceStrategy: Pushed Filters:
[2025-05-22T20:28:19.624+0530] {subprocess.py:93} INFO - 25/05/22 20:28:19 INFO FileSourceStrategy: Post-Scan Filters:
[2025-05-22T20:28:19.928+0530] {subprocess.py:93} INFO - 25/05/22 20:28:19 INFO CodeGenerator: Code generated in 211.344187 ms
[2025-05-22T20:28:19.953+0530] {subprocess.py:93} INFO - 25/05/22 20:28:19 INFO MemoryStore: Block broadcast_1 stored as values in memory (estimated size 202.6 KiB, free 434.2 MiB)
[2025-05-22T20:28:19.962+0530] {subprocess.py:93} INFO - 25/05/22 20:28:19 INFO MemoryStore: Block broadcast_1_piece0 stored as bytes in memory (estimated size 35.5 KiB, free 434.2 MiB)
[2025-05-22T20:28:19.963+0530] {subprocess.py:93} INFO - 25/05/22 20:28:19 INFO BlockManagerInfo: Added broadcast_1_piece0 in memory on 10.255.255.254:33039 (size: 35.5 KiB, free: 434.4 MiB)
[2025-05-22T20:28:19.964+0530] {subprocess.py:93} INFO - 25/05/22 20:28:19 INFO SparkContext: Created broadcast 1 from rdd at SnowflakeWriter.scala:87
[2025-05-22T20:28:19.977+0530] {subprocess.py:93} INFO - 25/05/22 20:28:19 INFO FileSourceScanExec: Planning scan with bin packing, max size: 4194304 bytes, open cost is considered as scanning 4194304 bytes.
[2025-05-22T20:28:20.067+0530] {subprocess.py:93} INFO - 25/05/22 20:28:20 WARN DefaultJDBCWrapper$: JDBC 3.13.30 is being used. But the certified JDBC version 3.13.22 is recommended.
[2025-05-22T20:28:21.408+0530] {subprocess.py:93} INFO - Traceback (most recent call last):
[2025-05-22T20:28:21.408+0530] {subprocess.py:93} INFO -   File "/home/pranav_shirali/airflow-project/scripts/ETL/load.py", line 17, in <module>
[2025-05-22T20:28:21.408+0530] {subprocess.py:93} INFO -     trip_df.write.format("snowflake").options(**sfOptions_trip).mode("overwrite").save()
[2025-05-22T20:28:21.408+0530] {subprocess.py:93} INFO -   File "/opt/spark/python/lib/pyspark.zip/pyspark/sql/readwriter.py", line 1461, in save
[2025-05-22T20:28:21.409+0530] {subprocess.py:93} INFO -   File "/opt/spark/python/lib/py4j-0.10.9.7-src.zip/py4j/java_gateway.py", line 1322, in __call__
[2025-05-22T20:28:21.409+0530] {subprocess.py:93} INFO -   File "/opt/spark/python/lib/pyspark.zip/pyspark/errors/exceptions/captured.py", line 179, in deco
[2025-05-22T20:28:21.409+0530] {subprocess.py:93} INFO -   File "/opt/spark/python/lib/py4j-0.10.9.7-src.zip/py4j/protocol.py", line 326, in get_return_value
[2025-05-22T20:28:21.409+0530] {subprocess.py:93} INFO - py4j.protocol.Py4JJavaError: An error occurred while calling o38.save.
[2025-05-22T20:28:21.409+0530] {subprocess.py:93} INFO - : net.snowflake.client.jdbc.SnowflakeSQLException: Role ' ' specified in the connect string does not exist or not authorized. Contact your local system administrator, or attempt to login with another role, e.g. PUBLIC.
[2025-05-22T20:28:21.410+0530] {subprocess.py:93} INFO - 	at net.snowflake.client.core.SessionUtil.newSession(SessionUtil.java:695)
[2025-05-22T20:28:21.410+0530] {subprocess.py:93} INFO - 	at net.snowflake.client.core.SessionUtil.openSession(SessionUtil.java:291)
[2025-05-22T20:28:21.410+0530] {subprocess.py:93} INFO - 	at net.snowflake.client.core.SFSession.open(SFSession.java:477)
[2025-05-22T20:28:21.410+0530] {subprocess.py:93} INFO - 	at net.snowflake.client.jdbc.DefaultSFConnectionHandler.initialize(DefaultSFConnectionHandler.java:104)
[2025-05-22T20:28:21.410+0530] {subprocess.py:93} INFO - 	at net.snowflake.client.jdbc.DefaultSFConnectionHandler.initializeConnection(DefaultSFConnectionHandler.java:79)
[2025-05-22T20:28:21.410+0530] {subprocess.py:93} INFO - 	at net.snowflake.client.jdbc.SnowflakeConnectionV1.initConnectionWithImpl(SnowflakeConnectionV1.java:116)
[2025-05-22T20:28:21.410+0530] {subprocess.py:93} INFO - 	at net.snowflake.client.jdbc.SnowflakeConnectionV1.<init>(SnowflakeConnectionV1.java:96)
[2025-05-22T20:28:21.410+0530] {subprocess.py:93} INFO - 	at net.snowflake.client.jdbc.SnowflakeDriver.connect(SnowflakeDriver.java:180)
[2025-05-22T20:28:21.411+0530] {subprocess.py:93} INFO - 	at java.sql/java.sql.DriverManager.getConnection(DriverManager.java:677)
[2025-05-22T20:28:21.411+0530] {subprocess.py:93} INFO - 	at java.sql/java.sql.DriverManager.getConnection(DriverManager.java:189)
[2025-05-22T20:28:21.411+0530] {subprocess.py:93} INFO - 	at net.snowflake.spark.snowflake.JDBCWrapper.getConnector(SnowflakeJDBCWrapper.scala:210)
[2025-05-22T20:28:21.411+0530] {subprocess.py:93} INFO - 	at net.snowflake.spark.snowflake.io.StageWriter$.writeToStage(StageWriter.scala:209)
[2025-05-22T20:28:21.411+0530] {subprocess.py:93} INFO - 	at net.snowflake.spark.snowflake.io.package$.writeRDD(package.scala:51)
[2025-05-22T20:28:21.411+0530] {subprocess.py:93} INFO - 	at net.snowflake.spark.snowflake.SnowflakeWriter.save(SnowflakeWriter.scala:74)
[2025-05-22T20:28:21.411+0530] {subprocess.py:93} INFO - 	at net.snowflake.spark.snowflake.DefaultSource.createRelation(DefaultSource.scala:141)
[2025-05-22T20:28:21.411+0530] {subprocess.py:93} INFO - 	at org.apache.spark.sql.execution.datasources.SaveIntoDataSourceCommand.run(SaveIntoDataSourceCommand.scala:48)
[2025-05-22T20:28:21.411+0530] {subprocess.py:93} INFO - 	at org.apache.spark.sql.execution.command.ExecutedCommandExec.sideEffectResult$lzycompute(commands.scala:75)
[2025-05-22T20:28:21.411+0530] {subprocess.py:93} INFO - 	at org.apache.spark.sql.execution.command.ExecutedCommandExec.sideEffectResult(commands.scala:73)
[2025-05-22T20:28:21.411+0530] {subprocess.py:93} INFO - 	at org.apache.spark.sql.execution.command.ExecutedCommandExec.executeCollect(commands.scala:84)
[2025-05-22T20:28:21.411+0530] {subprocess.py:93} INFO - 	at org.apache.spark.sql.execution.QueryExecution$$anonfun$eagerlyExecuteCommands$1.$anonfun$applyOrElse$1(QueryExecution.scala:107)
[2025-05-22T20:28:21.412+0530] {subprocess.py:93} INFO - 	at org.apache.spark.sql.execution.SQLExecution$.$anonfun$withNewExecutionId$6(SQLExecution.scala:125)
[2025-05-22T20:28:21.412+0530] {subprocess.py:93} INFO - 	at org.apache.spark.sql.execution.SQLExecution$.withSQLConfPropagated(SQLExecution.scala:201)
[2025-05-22T20:28:21.412+0530] {subprocess.py:93} INFO - 	at org.apache.spark.sql.execution.SQLExecution$.$anonfun$withNewExecutionId$1(SQLExecution.scala:108)
[2025-05-22T20:28:21.412+0530] {subprocess.py:93} INFO - 	at org.apache.spark.sql.SparkSession.withActive(SparkSession.scala:900)
[2025-05-22T20:28:21.412+0530] {subprocess.py:93} INFO - 	at org.apache.spark.sql.execution.SQLExecution$.withNewExecutionId(SQLExecution.scala:66)
[2025-05-22T20:28:21.412+0530] {subprocess.py:93} INFO - 	at org.apache.spark.sql.execution.QueryExecution$$anonfun$eagerlyExecuteCommands$1.applyOrElse(QueryExecution.scala:107)
[2025-05-22T20:28:21.412+0530] {subprocess.py:93} INFO - 	at org.apache.spark.sql.execution.QueryExecution$$anonfun$eagerlyExecuteCommands$1.applyOrElse(QueryExecution.scala:98)
[2025-05-22T20:28:21.412+0530] {subprocess.py:93} INFO - 	at org.apache.spark.sql.catalyst.trees.TreeNode.$anonfun$transformDownWithPruning$1(TreeNode.scala:461)
[2025-05-22T20:28:21.412+0530] {subprocess.py:93} INFO - 	at org.apache.spark.sql.catalyst.trees.CurrentOrigin$.withOrigin(origin.scala:76)
[2025-05-22T20:28:21.412+0530] {subprocess.py:93} INFO - 	at org.apache.spark.sql.catalyst.trees.TreeNode.transformDownWithPruning(TreeNode.scala:461)
[2025-05-22T20:28:21.412+0530] {subprocess.py:93} INFO - 	at org.apache.spark.sql.catalyst.plans.logical.LogicalPlan.org$apache$spark$sql$catalyst$plans$logical$AnalysisHelper$$super$transformDownWithPruning(LogicalPlan.scala:32)
[2025-05-22T20:28:21.412+0530] {subprocess.py:93} INFO - 	at org.apache.spark.sql.catalyst.plans.logical.AnalysisHelper.transformDownWithPruning(AnalysisHelper.scala:267)
[2025-05-22T20:28:21.412+0530] {subprocess.py:93} INFO - 	at org.apache.spark.sql.catalyst.plans.logical.AnalysisHelper.transformDownWithPruning$(AnalysisHelper.scala:263)
[2025-05-22T20:28:21.413+0530] {subprocess.py:93} INFO - 	at org.apache.spark.sql.catalyst.plans.logical.LogicalPlan.transformDownWithPruning(LogicalPlan.scala:32)
[2025-05-22T20:28:21.413+0530] {subprocess.py:93} INFO - 	at org.apache.spark.sql.catalyst.plans.logical.LogicalPlan.transformDownWithPruning(LogicalPlan.scala:32)
[2025-05-22T20:28:21.413+0530] {subprocess.py:93} INFO - 	at org.apache.spark.sql.catalyst.trees.TreeNode.transformDown(TreeNode.scala:437)
[2025-05-22T20:28:21.413+0530] {subprocess.py:93} INFO - 	at org.apache.spark.sql.execution.QueryExecution.eagerlyExecuteCommands(QueryExecution.scala:98)
[2025-05-22T20:28:21.413+0530] {subprocess.py:93} INFO - 	at org.apache.spark.sql.execution.QueryExecution.commandExecuted$lzycompute(QueryExecution.scala:85)
[2025-05-22T20:28:21.413+0530] {subprocess.py:93} INFO - 	at org.apache.spark.sql.execution.QueryExecution.commandExecuted(QueryExecution.scala:83)
[2025-05-22T20:28:21.413+0530] {subprocess.py:93} INFO - 	at org.apache.spark.sql.execution.QueryExecution.assertCommandExecuted(QueryExecution.scala:142)
[2025-05-22T20:28:21.413+0530] {subprocess.py:93} INFO - 	at org.apache.spark.sql.DataFrameWriter.runCommand(DataFrameWriter.scala:869)
[2025-05-22T20:28:21.413+0530] {subprocess.py:93} INFO - 	at org.apache.spark.sql.DataFrameWriter.saveToV1Source(DataFrameWriter.scala:391)
[2025-05-22T20:28:21.413+0530] {subprocess.py:93} INFO - 	at org.apache.spark.sql.DataFrameWriter.saveInternal(DataFrameWriter.scala:364)
[2025-05-22T20:28:21.414+0530] {subprocess.py:93} INFO - 	at org.apache.spark.sql.DataFrameWriter.save(DataFrameWriter.scala:251)
[2025-05-22T20:28:21.414+0530] {subprocess.py:93} INFO - 	at java.base/jdk.internal.reflect.NativeMethodAccessorImpl.invoke0(Native Method)
[2025-05-22T20:28:21.414+0530] {subprocess.py:93} INFO - 	at java.base/jdk.internal.reflect.NativeMethodAccessorImpl.invoke(NativeMethodAccessorImpl.java:62)
[2025-05-22T20:28:21.414+0530] {subprocess.py:93} INFO - 	at java.base/jdk.internal.reflect.DelegatingMethodAccessorImpl.invoke(DelegatingMethodAccessorImpl.java:43)
[2025-05-22T20:28:21.414+0530] {subprocess.py:93} INFO - 	at java.base/java.lang.reflect.Method.invoke(Method.java:566)
[2025-05-22T20:28:21.414+0530] {subprocess.py:93} INFO - 	at py4j.reflection.MethodInvoker.invoke(MethodInvoker.java:244)
[2025-05-22T20:28:21.414+0530] {subprocess.py:93} INFO - 	at py4j.reflection.ReflectionEngine.invoke(ReflectionEngine.java:374)
[2025-05-22T20:28:21.414+0530] {subprocess.py:93} INFO - 	at py4j.Gateway.invoke(Gateway.java:282)
[2025-05-22T20:28:21.414+0530] {subprocess.py:93} INFO - 	at py4j.commands.AbstractCommand.invokeMethod(AbstractCommand.java:132)
[2025-05-22T20:28:21.414+0530] {subprocess.py:93} INFO - 	at py4j.commands.CallCommand.execute(CallCommand.java:79)
[2025-05-22T20:28:21.414+0530] {subprocess.py:93} INFO - 	at py4j.ClientServerConnection.waitForCommands(ClientServerConnection.java:182)
[2025-05-22T20:28:21.414+0530] {subprocess.py:93} INFO - 	at py4j.ClientServerConnection.run(ClientServerConnection.java:106)
[2025-05-22T20:28:21.415+0530] {subprocess.py:93} INFO - 	at java.base/java.lang.Thread.run(Thread.java:829)
[2025-05-22T20:28:21.415+0530] {subprocess.py:93} INFO - 
[2025-05-22T20:28:21.475+0530] {subprocess.py:93} INFO - 25/05/22 20:28:21 INFO SparkContext: Invoking stop() from shutdown hook
[2025-05-22T20:28:21.476+0530] {subprocess.py:93} INFO - 25/05/22 20:28:21 INFO SparkContext: SparkContext is stopping with exitCode 0.
[2025-05-22T20:28:21.486+0530] {subprocess.py:93} INFO - 25/05/22 20:28:21 INFO SparkUI: Stopped Spark web UI at http://10.255.255.254:4040
[2025-05-22T20:28:21.500+0530] {subprocess.py:93} INFO - 25/05/22 20:28:21 INFO MapOutputTrackerMasterEndpoint: MapOutputTrackerMasterEndpoint stopped!
[2025-05-22T20:28:21.512+0530] {subprocess.py:93} INFO - 25/05/22 20:28:21 INFO MemoryStore: MemoryStore cleared
[2025-05-22T20:28:21.512+0530] {subprocess.py:93} INFO - 25/05/22 20:28:21 INFO BlockManager: BlockManager stopped
[2025-05-22T20:28:21.514+0530] {subprocess.py:93} INFO - 25/05/22 20:28:21 INFO BlockManagerMaster: BlockManagerMaster stopped
[2025-05-22T20:28:21.517+0530] {subprocess.py:93} INFO - 25/05/22 20:28:21 INFO OutputCommitCoordinator$OutputCommitCoordinatorEndpoint: OutputCommitCoordinator stopped!
[2025-05-22T20:28:21.523+0530] {subprocess.py:93} INFO - 25/05/22 20:28:21 INFO SparkContext: Successfully stopped SparkContext
[2025-05-22T20:28:21.523+0530] {subprocess.py:93} INFO - 25/05/22 20:28:21 INFO ShutdownHookManager: Shutdown hook called
[2025-05-22T20:28:21.524+0530] {subprocess.py:93} INFO - 25/05/22 20:28:21 INFO ShutdownHookManager: Deleting directory /tmp/spark-dcc2c109-6429-49e3-8dd8-c307aa1139a1/pyspark-20f77576-06d9-4e7a-8ccc-f4d80296e626
[2025-05-22T20:28:21.527+0530] {subprocess.py:93} INFO - 25/05/22 20:28:21 INFO ShutdownHookManager: Deleting directory /tmp/spark-dfca44ad-fb9c-4a31-8baa-250930948390
[2025-05-22T20:28:21.531+0530] {subprocess.py:93} INFO - 25/05/22 20:28:21 INFO ShutdownHookManager: Deleting directory /tmp/spark-dcc2c109-6429-49e3-8dd8-c307aa1139a1
[2025-05-22T20:28:21.587+0530] {subprocess.py:97} INFO - Command exited with return code 1
[2025-05-22T20:28:21.596+0530] {taskinstance.py:3310} ERROR - Task failed with exception
Traceback (most recent call last):
  File "/home/pranav_shirali/airflow-project/airflow-env/lib/python3.10/site-packages/airflow/models/taskinstance.py", line 767, in _execute_task
    result = _execute_callable(context=context, **execute_callable_kwargs)
  File "/home/pranav_shirali/airflow-project/airflow-env/lib/python3.10/site-packages/airflow/models/taskinstance.py", line 733, in _execute_callable
    return ExecutionCallableRunner(
  File "/home/pranav_shirali/airflow-project/airflow-env/lib/python3.10/site-packages/airflow/utils/operator_helpers.py", line 252, in run
    return self.func(*args, **kwargs)
  File "/home/pranav_shirali/airflow-project/airflow-env/lib/python3.10/site-packages/airflow/models/baseoperator.py", line 406, in wrapper
    return func(self, *args, **kwargs)
  File "/home/pranav_shirali/airflow-project/airflow-env/lib/python3.10/site-packages/airflow/operators/bash.py", line 249, in execute
    raise AirflowException(
airflow.exceptions.AirflowException: Bash command failed. The command returned a non-zero exit code 1.
[2025-05-22T20:28:21.603+0530] {taskinstance.py:1225} INFO - Marking task as FAILED. dag_id=nyc_taxi_etl, task_id=load_to_snowflake, run_id=manual__2025-05-22T14:56:49.628974+00:00, execution_date=20250522T145649, start_date=20250522T145812, end_date=20250522T145821
[2025-05-22T20:28:21.613+0530] {taskinstance.py:340} INFO - ::group::Post task execution logs
[2025-05-22T20:28:21.614+0530] {standard_task_runner.py:124} ERROR - Failed to execute job 146 for task load_to_snowflake (Bash command failed. The command returned a non-zero exit code 1.; 70575)
Traceback (most recent call last):
  File "/home/pranav_shirali/airflow-project/airflow-env/lib/python3.10/site-packages/airflow/task/task_runner/standard_task_runner.py", line 117, in _start_by_fork
    ret = args.func(args, dag=self.dag)
  File "/home/pranav_shirali/airflow-project/airflow-env/lib/python3.10/site-packages/airflow/cli/cli_config.py", line 49, in command
    return func(*args, **kwargs)
  File "/home/pranav_shirali/airflow-project/airflow-env/lib/python3.10/site-packages/airflow/utils/cli.py", line 115, in wrapper
    return f(*args, **kwargs)
  File "/home/pranav_shirali/airflow-project/airflow-env/lib/python3.10/site-packages/airflow/cli/commands/task_command.py", line 483, in task_run
    task_return_code = _run_task_by_selected_method(args, _dag, ti)
  File "/home/pranav_shirali/airflow-project/airflow-env/lib/python3.10/site-packages/airflow/cli/commands/task_command.py", line 256, in _run_task_by_selected_method
    return _run_raw_task(args, ti)
  File "/home/pranav_shirali/airflow-project/airflow-env/lib/python3.10/site-packages/airflow/cli/commands/task_command.py", line 341, in _run_raw_task
    return ti._run_raw_task(
  File "/home/pranav_shirali/airflow-project/airflow-env/lib/python3.10/site-packages/airflow/utils/session.py", line 97, in wrapper
    return func(*args, session=session, **kwargs)
  File "/home/pranav_shirali/airflow-project/airflow-env/lib/python3.10/site-packages/airflow/models/taskinstance.py", line 3004, in _run_raw_task
    return _run_raw_task(
  File "/home/pranav_shirali/airflow-project/airflow-env/lib/python3.10/site-packages/airflow/models/taskinstance.py", line 273, in _run_raw_task
    TaskInstance._execute_task_with_callbacks(
  File "/home/pranav_shirali/airflow-project/airflow-env/lib/python3.10/site-packages/airflow/models/taskinstance.py", line 3158, in _execute_task_with_callbacks
    result = self._execute_task(context, task_orig)
  File "/home/pranav_shirali/airflow-project/airflow-env/lib/python3.10/site-packages/airflow/models/taskinstance.py", line 3182, in _execute_task
    return _execute_task(self, context, task_orig)
  File "/home/pranav_shirali/airflow-project/airflow-env/lib/python3.10/site-packages/airflow/models/taskinstance.py", line 767, in _execute_task
    result = _execute_callable(context=context, **execute_callable_kwargs)
  File "/home/pranav_shirali/airflow-project/airflow-env/lib/python3.10/site-packages/airflow/models/taskinstance.py", line 733, in _execute_callable
    return ExecutionCallableRunner(
  File "/home/pranav_shirali/airflow-project/airflow-env/lib/python3.10/site-packages/airflow/utils/operator_helpers.py", line 252, in run
    return self.func(*args, **kwargs)
  File "/home/pranav_shirali/airflow-project/airflow-env/lib/python3.10/site-packages/airflow/models/baseoperator.py", line 406, in wrapper
    return func(self, *args, **kwargs)
  File "/home/pranav_shirali/airflow-project/airflow-env/lib/python3.10/site-packages/airflow/operators/bash.py", line 249, in execute
    raise AirflowException(
airflow.exceptions.AirflowException: Bash command failed. The command returned a non-zero exit code 1.
[2025-05-22T20:28:21.660+0530] {local_task_job_runner.py:266} INFO - Task exited with return code 1
[2025-05-22T20:28:21.668+0530] {taskinstance.py:3900} INFO - 0 downstream tasks scheduled from follow-on schedule check
[2025-05-22T20:28:21.668+0530] {local_task_job_runner.py:245} INFO - ::endgroup::
