[2025-05-22T21:07:11.358+0530] {local_task_job_runner.py:123} INFO - ::group::Pre task execution logs
[2025-05-22T21:07:11.365+0530] {taskinstance.py:2612} INFO - Dependencies all met for dep_context=non-requeueable deps ti=<TaskInstance: nyc_taxi_etl.transform_data manual__2025-05-22T15:36:11.316994+00:00 [queued]>
[2025-05-22T21:07:11.369+0530] {taskinstance.py:2612} INFO - Dependencies all met for dep_context=requeueable deps ti=<TaskInstance: nyc_taxi_etl.transform_data manual__2025-05-22T15:36:11.316994+00:00 [queued]>
[2025-05-22T21:07:11.369+0530] {taskinstance.py:2865} INFO - Starting attempt 1 of 1
[2025-05-22T21:07:11.381+0530] {taskinstance.py:2888} INFO - Executing <Task(BashOperator): transform_data> on 2025-05-22 15:36:11.316994+00:00
[2025-05-22T21:07:11.383+0530] {standard_task_runner.py:72} INFO - Started process 83406 to run task
[2025-05-22T21:07:11.386+0530] {standard_task_runner.py:104} INFO - Running: ['airflow', 'tasks', 'run', 'nyc_taxi_etl', 'transform_data', 'manual__2025-05-22T15:36:11.316994+00:00', '--job-id', '151', '--raw', '--subdir', 'DAGS_FOLDER/nyc_taxi_etl.py', '--cfg-path', '/tmp/tmpwql8oqin']
[2025-05-22T21:07:11.387+0530] {standard_task_runner.py:105} INFO - Job 151: Subtask transform_data
[2025-05-22T21:07:11.411+0530] {task_command.py:467} INFO - Running <TaskInstance: nyc_taxi_etl.transform_data manual__2025-05-22T15:36:11.316994+00:00 [running]> on host Voldemort.
[2025-05-22T21:07:11.459+0530] {taskinstance.py:3131} INFO - Exporting env vars: AIRFLOW_CTX_DAG_OWNER='airflow' AIRFLOW_CTX_DAG_ID='nyc_taxi_etl' AIRFLOW_CTX_TASK_ID='transform_data' AIRFLOW_CTX_EXECUTION_DATE='2025-05-22T15:36:11.316994+00:00' AIRFLOW_CTX_TRY_NUMBER='1' AIRFLOW_CTX_DAG_RUN_ID='manual__2025-05-22T15:36:11.316994+00:00'
[2025-05-22T21:07:11.460+0530] {taskinstance.py:731} INFO - ::endgroup::
[2025-05-22T21:07:11.468+0530] {subprocess.py:63} INFO - Tmp dir root location: /tmp
[2025-05-22T21:07:11.469+0530] {subprocess.py:75} INFO - Running command: ['/usr/bin/bash', '-c', '/opt/spark/bin/spark-submit /home/pranav_shirali/airflow-project/scripts/ETL/transform.py']
[2025-05-22T21:07:11.474+0530] {subprocess.py:86} INFO - Output:
[2025-05-22T21:07:12.837+0530] {subprocess.py:93} INFO - 25/05/22 21:07:12 WARN Utils: Your hostname, Voldemort resolves to a loopback address: 127.0.1.1; using 10.255.255.254 instead (on interface lo)
[2025-05-22T21:07:12.840+0530] {subprocess.py:93} INFO - 25/05/22 21:07:12 WARN Utils: Set SPARK_LOCAL_IP if you need to bind to another address
[2025-05-22T21:07:13.820+0530] {subprocess.py:93} INFO - 25/05/22 21:07:13 INFO SparkContext: Running Spark version 3.5.5
[2025-05-22T21:07:13.821+0530] {subprocess.py:93} INFO - 25/05/22 21:07:13 INFO SparkContext: OS info Linux, 5.15.167.4-microsoft-standard-WSL2, amd64
[2025-05-22T21:07:13.821+0530] {subprocess.py:93} INFO - 25/05/22 21:07:13 INFO SparkContext: Java version 11.0.27
[2025-05-22T21:07:13.878+0530] {subprocess.py:93} INFO - 25/05/22 21:07:13 WARN NativeCodeLoader: Unable to load native-hadoop library for your platform... using builtin-java classes where applicable
[2025-05-22T21:07:13.957+0530] {subprocess.py:93} INFO - 25/05/22 21:07:13 INFO ResourceUtils: ==============================================================
[2025-05-22T21:07:13.958+0530] {subprocess.py:93} INFO - 25/05/22 21:07:13 INFO ResourceUtils: No custom resources configured for spark.driver.
[2025-05-22T21:07:13.958+0530] {subprocess.py:93} INFO - 25/05/22 21:07:13 INFO ResourceUtils: ==============================================================
[2025-05-22T21:07:13.958+0530] {subprocess.py:93} INFO - 25/05/22 21:07:13 INFO SparkContext: Submitted application: NYC Taxi Transform
[2025-05-22T21:07:13.975+0530] {subprocess.py:93} INFO - 25/05/22 21:07:13 INFO ResourceProfile: Default ResourceProfile created, executor resources: Map(cores -> name: cores, amount: 1, script: , vendor: , memory -> name: memory, amount: 1024, script: , vendor: , offHeap -> name: offHeap, amount: 0, script: , vendor: ), task resources: Map(cpus -> name: cpus, amount: 1.0)
[2025-05-22T21:07:13.985+0530] {subprocess.py:93} INFO - 25/05/22 21:07:13 INFO ResourceProfile: Limiting resource is cpu
[2025-05-22T21:07:13.986+0530] {subprocess.py:93} INFO - 25/05/22 21:07:13 INFO ResourceProfileManager: Added ResourceProfile id: 0
[2025-05-22T21:07:14.030+0530] {subprocess.py:93} INFO - 25/05/22 21:07:14 INFO SecurityManager: Changing view acls to: pranav_shirali
[2025-05-22T21:07:14.031+0530] {subprocess.py:93} INFO - 25/05/22 21:07:14 INFO SecurityManager: Changing modify acls to: pranav_shirali
[2025-05-22T21:07:14.031+0530] {subprocess.py:93} INFO - 25/05/22 21:07:14 INFO SecurityManager: Changing view acls groups to:
[2025-05-22T21:07:14.032+0530] {subprocess.py:93} INFO - 25/05/22 21:07:14 INFO SecurityManager: Changing modify acls groups to:
[2025-05-22T21:07:14.032+0530] {subprocess.py:93} INFO - 25/05/22 21:07:14 INFO SecurityManager: SecurityManager: authentication disabled; ui acls disabled; users with view permissions: pranav_shirali; groups with view permissions: EMPTY; users with modify permissions: pranav_shirali; groups with modify permissions: EMPTY
[2025-05-22T21:07:14.250+0530] {subprocess.py:93} INFO - 25/05/22 21:07:14 INFO Utils: Successfully started service 'sparkDriver' on port 37671.
[2025-05-22T21:07:14.272+0530] {subprocess.py:93} INFO - 25/05/22 21:07:14 INFO SparkEnv: Registering MapOutputTracker
[2025-05-22T21:07:14.297+0530] {subprocess.py:93} INFO - 25/05/22 21:07:14 INFO SparkEnv: Registering BlockManagerMaster
[2025-05-22T21:07:14.311+0530] {subprocess.py:93} INFO - 25/05/22 21:07:14 INFO BlockManagerMasterEndpoint: Using org.apache.spark.storage.DefaultTopologyMapper for getting topology information
[2025-05-22T21:07:14.312+0530] {subprocess.py:93} INFO - 25/05/22 21:07:14 INFO BlockManagerMasterEndpoint: BlockManagerMasterEndpoint up
[2025-05-22T21:07:14.315+0530] {subprocess.py:93} INFO - 25/05/22 21:07:14 INFO SparkEnv: Registering BlockManagerMasterHeartbeat
[2025-05-22T21:07:14.335+0530] {subprocess.py:93} INFO - 25/05/22 21:07:14 INFO DiskBlockManager: Created local directory at /tmp/blockmgr-cf35f9d8-da2e-4c15-95a5-cdec74c1ed57
[2025-05-22T21:07:14.347+0530] {subprocess.py:93} INFO - 25/05/22 21:07:14 INFO MemoryStore: MemoryStore started with capacity 434.4 MiB
[2025-05-22T21:07:14.358+0530] {subprocess.py:93} INFO - 25/05/22 21:07:14 INFO SparkEnv: Registering OutputCommitCoordinator
[2025-05-22T21:07:14.478+0530] {subprocess.py:93} INFO - 25/05/22 21:07:14 INFO JettyUtils: Start Jetty 0.0.0.0:4040 for SparkUI
[2025-05-22T21:07:14.521+0530] {subprocess.py:93} INFO - 25/05/22 21:07:14 INFO Utils: Successfully started service 'SparkUI' on port 4040.
[2025-05-22T21:07:14.596+0530] {subprocess.py:93} INFO - 25/05/22 21:07:14 INFO Executor: Starting executor ID driver on host 10.255.255.254
[2025-05-22T21:07:14.596+0530] {subprocess.py:93} INFO - 25/05/22 21:07:14 INFO Executor: OS info Linux, 5.15.167.4-microsoft-standard-WSL2, amd64
[2025-05-22T21:07:14.596+0530] {subprocess.py:93} INFO - 25/05/22 21:07:14 INFO Executor: Java version 11.0.27
[2025-05-22T21:07:14.602+0530] {subprocess.py:93} INFO - 25/05/22 21:07:14 INFO Executor: Starting executor with user classpath (userClassPathFirst = false): ''
[2025-05-22T21:07:14.602+0530] {subprocess.py:93} INFO - 25/05/22 21:07:14 INFO Executor: Created or updated repl class loader org.apache.spark.util.MutableURLClassLoader@2297f707 for default.
[2025-05-22T21:07:14.622+0530] {subprocess.py:93} INFO - 25/05/22 21:07:14 INFO Utils: Successfully started service 'org.apache.spark.network.netty.NettyBlockTransferService' on port 34231.
[2025-05-22T21:07:14.622+0530] {subprocess.py:93} INFO - 25/05/22 21:07:14 INFO NettyBlockTransferService: Server created on 10.255.255.254:34231
[2025-05-22T21:07:14.623+0530] {subprocess.py:93} INFO - 25/05/22 21:07:14 INFO BlockManager: Using org.apache.spark.storage.RandomBlockReplicationPolicy for block replication policy
[2025-05-22T21:07:14.628+0530] {subprocess.py:93} INFO - 25/05/22 21:07:14 INFO BlockManagerMaster: Registering BlockManager BlockManagerId(driver, 10.255.255.254, 34231, None)
[2025-05-22T21:07:14.630+0530] {subprocess.py:93} INFO - 25/05/22 21:07:14 INFO BlockManagerMasterEndpoint: Registering block manager 10.255.255.254:34231 with 434.4 MiB RAM, BlockManagerId(driver, 10.255.255.254, 34231, None)
[2025-05-22T21:07:14.632+0530] {subprocess.py:93} INFO - 25/05/22 21:07:14 INFO BlockManagerMaster: Registered BlockManager BlockManagerId(driver, 10.255.255.254, 34231, None)
[2025-05-22T21:07:14.633+0530] {subprocess.py:93} INFO - 25/05/22 21:07:14 INFO BlockManager: Initialized BlockManager: BlockManagerId(driver, 10.255.255.254, 34231, None)
[2025-05-22T21:07:15.014+0530] {subprocess.py:93} INFO - 25/05/22 21:07:15 INFO SharedState: Setting hive.metastore.warehouse.dir ('null') to the value of spark.sql.warehouse.dir.
[2025-05-22T21:07:15.023+0530] {subprocess.py:93} INFO - 25/05/22 21:07:15 INFO SharedState: Warehouse path is 'file:/tmp/airflowtmpjajflagy/spark-warehouse'.
[2025-05-22T21:07:15.965+0530] {subprocess.py:93} INFO - 25/05/22 21:07:15 INFO InMemoryFileIndex: It took 51 ms to list leaf files for 1 paths.
[2025-05-22T21:07:16.421+0530] {subprocess.py:93} INFO - 25/05/22 21:07:16 INFO SparkContext: Starting job: parquet at NativeMethodAccessorImpl.java:0
[2025-05-22T21:07:16.441+0530] {subprocess.py:93} INFO - 25/05/22 21:07:16 INFO DAGScheduler: Got job 0 (parquet at NativeMethodAccessorImpl.java:0) with 1 output partitions
[2025-05-22T21:07:16.442+0530] {subprocess.py:93} INFO - 25/05/22 21:07:16 INFO DAGScheduler: Final stage: ResultStage 0 (parquet at NativeMethodAccessorImpl.java:0)
[2025-05-22T21:07:16.442+0530] {subprocess.py:93} INFO - 25/05/22 21:07:16 INFO DAGScheduler: Parents of final stage: List()
[2025-05-22T21:07:16.443+0530] {subprocess.py:93} INFO - 25/05/22 21:07:16 INFO DAGScheduler: Missing parents: List()
[2025-05-22T21:07:16.447+0530] {subprocess.py:93} INFO - 25/05/22 21:07:16 INFO DAGScheduler: Submitting ResultStage 0 (MapPartitionsRDD[1] at parquet at NativeMethodAccessorImpl.java:0), which has no missing parents
[2025-05-22T21:07:16.509+0530] {subprocess.py:93} INFO - 25/05/22 21:07:16 INFO MemoryStore: Block broadcast_0 stored as values in memory (estimated size 103.2 KiB, free 434.3 MiB)
[2025-05-22T21:07:16.534+0530] {subprocess.py:93} INFO - 25/05/22 21:07:16 INFO MemoryStore: Block broadcast_0_piece0 stored as bytes in memory (estimated size 37.2 KiB, free 434.3 MiB)
[2025-05-22T21:07:16.537+0530] {subprocess.py:93} INFO - 25/05/22 21:07:16 INFO BlockManagerInfo: Added broadcast_0_piece0 in memory on 10.255.255.254:34231 (size: 37.2 KiB, free: 434.4 MiB)
[2025-05-22T21:07:16.540+0530] {subprocess.py:93} INFO - 25/05/22 21:07:16 INFO SparkContext: Created broadcast 0 from broadcast at DAGScheduler.scala:1585
[2025-05-22T21:07:16.556+0530] {subprocess.py:93} INFO - 25/05/22 21:07:16 INFO DAGScheduler: Submitting 1 missing tasks from ResultStage 0 (MapPartitionsRDD[1] at parquet at NativeMethodAccessorImpl.java:0) (first 15 tasks are for partitions Vector(0))
[2025-05-22T21:07:16.557+0530] {subprocess.py:93} INFO - 25/05/22 21:07:16 INFO TaskSchedulerImpl: Adding task set 0.0 with 1 tasks resource profile 0
[2025-05-22T21:07:16.608+0530] {subprocess.py:93} INFO - 25/05/22 21:07:16 INFO TaskSetManager: Starting task 0.0 in stage 0.0 (TID 0) (10.255.255.254, executor driver, partition 0, PROCESS_LOCAL, 9242 bytes)
[2025-05-22T21:07:16.620+0530] {subprocess.py:93} INFO - 25/05/22 21:07:16 INFO Executor: Running task 0.0 in stage 0.0 (TID 0)
[2025-05-22T21:07:16.916+0530] {subprocess.py:93} INFO - 25/05/22 21:07:16 INFO Executor: Finished task 0.0 in stage 0.0 (TID 0). 2776 bytes result sent to driver
[2025-05-22T21:07:16.924+0530] {subprocess.py:93} INFO - 25/05/22 21:07:16 INFO TaskSetManager: Finished task 0.0 in stage 0.0 (TID 0) in 338 ms on 10.255.255.254 (executor driver) (1/1)
[2025-05-22T21:07:16.925+0530] {subprocess.py:93} INFO - 25/05/22 21:07:16 INFO TaskSchedulerImpl: Removed TaskSet 0.0, whose tasks have all completed, from pool
[2025-05-22T21:07:16.928+0530] {subprocess.py:93} INFO - 25/05/22 21:07:16 INFO DAGScheduler: ResultStage 0 (parquet at NativeMethodAccessorImpl.java:0) finished in 0.472 s
[2025-05-22T21:07:16.931+0530] {subprocess.py:93} INFO - 25/05/22 21:07:16 INFO DAGScheduler: Job 0 is finished. Cancelling potential speculative or zombie tasks for this job
[2025-05-22T21:07:16.931+0530] {subprocess.py:93} INFO - 25/05/22 21:07:16 INFO TaskSchedulerImpl: Killing all running tasks in stage 0: Stage finished
[2025-05-22T21:07:16.933+0530] {subprocess.py:93} INFO - 25/05/22 21:07:16 INFO DAGScheduler: Job 0 finished: parquet at NativeMethodAccessorImpl.java:0, took 0.511941 s
[2025-05-22T21:07:17.266+0530] {subprocess.py:93} INFO - 25/05/22 21:07:17 INFO BlockManagerInfo: Removed broadcast_0_piece0 on 10.255.255.254:34231 in memory (size: 37.2 KiB, free: 434.4 MiB)
[2025-05-22T21:07:20.177+0530] {subprocess.py:93} INFO - 25/05/22 21:07:20 INFO FileSourceStrategy: Pushed Filters:
[2025-05-22T21:07:20.178+0530] {subprocess.py:93} INFO - 25/05/22 21:07:20 INFO FileSourceStrategy: Post-Scan Filters:
[2025-05-22T21:07:20.191+0530] {subprocess.py:93} INFO - 25/05/22 21:07:20 WARN WindowExec: No Partition Defined for Window operation! Moving all data to a single partition, this can cause serious performance degradation.
[2025-05-22T21:07:20.226+0530] {subprocess.py:93} INFO - 25/05/22 21:07:20 WARN WindowExec: No Partition Defined for Window operation! Moving all data to a single partition, this can cause serious performance degradation.
[2025-05-22T21:07:20.246+0530] {subprocess.py:93} INFO - 25/05/22 21:07:20 WARN WindowExec: No Partition Defined for Window operation! Moving all data to a single partition, this can cause serious performance degradation.
[2025-05-22T21:07:20.619+0530] {subprocess.py:93} INFO - 25/05/22 21:07:20 INFO CodeGenerator: Code generated in 203.176014 ms
[2025-05-22T21:07:20.634+0530] {subprocess.py:93} INFO - 25/05/22 21:07:20 INFO MemoryStore: Block broadcast_1 stored as values in memory (estimated size 202.0 KiB, free 434.2 MiB)
[2025-05-22T21:07:20.645+0530] {subprocess.py:93} INFO - 25/05/22 21:07:20 INFO MemoryStore: Block broadcast_1_piece0 stored as bytes in memory (estimated size 35.3 KiB, free 434.2 MiB)
[2025-05-22T21:07:20.646+0530] {subprocess.py:93} INFO - 25/05/22 21:07:20 INFO BlockManagerInfo: Added broadcast_1_piece0 in memory on 10.255.255.254:34231 (size: 35.3 KiB, free: 434.4 MiB)
[2025-05-22T21:07:20.647+0530] {subprocess.py:93} INFO - 25/05/22 21:07:20 INFO SparkContext: Created broadcast 1 from parquet at NativeMethodAccessorImpl.java:0
[2025-05-22T21:07:20.660+0530] {subprocess.py:93} INFO - 25/05/22 21:07:20 INFO FileSourceScanExec: Planning scan with bin packing, max size: 4194304 bytes, open cost is considered as scanning 4194304 bytes.
[2025-05-22T21:07:20.718+0530] {subprocess.py:93} INFO - 25/05/22 21:07:20 INFO DAGScheduler: Registering RDD 5 (parquet at NativeMethodAccessorImpl.java:0) as input to shuffle 0
[2025-05-22T21:07:20.721+0530] {subprocess.py:93} INFO - 25/05/22 21:07:20 INFO DAGScheduler: Got map stage job 1 (parquet at NativeMethodAccessorImpl.java:0) with 8 output partitions
[2025-05-22T21:07:20.721+0530] {subprocess.py:93} INFO - 25/05/22 21:07:20 INFO DAGScheduler: Final stage: ShuffleMapStage 1 (parquet at NativeMethodAccessorImpl.java:0)
[2025-05-22T21:07:20.722+0530] {subprocess.py:93} INFO - 25/05/22 21:07:20 INFO DAGScheduler: Parents of final stage: List()
[2025-05-22T21:07:20.723+0530] {subprocess.py:93} INFO - 25/05/22 21:07:20 INFO DAGScheduler: Missing parents: List()
[2025-05-22T21:07:20.725+0530] {subprocess.py:93} INFO - 25/05/22 21:07:20 INFO DAGScheduler: Submitting ShuffleMapStage 1 (MapPartitionsRDD[5] at parquet at NativeMethodAccessorImpl.java:0), which has no missing parents
[2025-05-22T21:07:20.763+0530] {subprocess.py:93} INFO - 25/05/22 21:07:20 INFO MemoryStore: Block broadcast_2 stored as values in memory (estimated size 29.8 KiB, free 434.1 MiB)
[2025-05-22T21:07:20.766+0530] {subprocess.py:93} INFO - 25/05/22 21:07:20 INFO MemoryStore: Block broadcast_2_piece0 stored as bytes in memory (estimated size 10.8 KiB, free 434.1 MiB)
[2025-05-22T21:07:20.767+0530] {subprocess.py:93} INFO - 25/05/22 21:07:20 INFO BlockManagerInfo: Added broadcast_2_piece0 in memory on 10.255.255.254:34231 (size: 10.8 KiB, free: 434.4 MiB)
[2025-05-22T21:07:20.768+0530] {subprocess.py:93} INFO - 25/05/22 21:07:20 INFO SparkContext: Created broadcast 2 from broadcast at DAGScheduler.scala:1585
[2025-05-22T21:07:20.770+0530] {subprocess.py:93} INFO - 25/05/22 21:07:20 INFO DAGScheduler: Submitting 8 missing tasks from ShuffleMapStage 1 (MapPartitionsRDD[5] at parquet at NativeMethodAccessorImpl.java:0) (first 15 tasks are for partitions Vector(0, 1, 2, 3, 4, 5, 6, 7))
[2025-05-22T21:07:20.771+0530] {subprocess.py:93} INFO - 25/05/22 21:07:20 INFO TaskSchedulerImpl: Adding task set 1.0 with 8 tasks resource profile 0
[2025-05-22T21:07:20.776+0530] {subprocess.py:93} INFO - 25/05/22 21:07:20 INFO TaskSetManager: Starting task 0.0 in stage 1.0 (TID 1) (10.255.255.254, executor driver, partition 0, PROCESS_LOCAL, 9701 bytes)
[2025-05-22T21:07:20.777+0530] {subprocess.py:93} INFO - 25/05/22 21:07:20 INFO TaskSetManager: Starting task 1.0 in stage 1.0 (TID 2) (10.255.255.254, executor driver, partition 1, PROCESS_LOCAL, 9701 bytes)
[2025-05-22T21:07:20.778+0530] {subprocess.py:93} INFO - 25/05/22 21:07:20 INFO TaskSetManager: Starting task 2.0 in stage 1.0 (TID 3) (10.255.255.254, executor driver, partition 2, PROCESS_LOCAL, 9701 bytes)
[2025-05-22T21:07:20.778+0530] {subprocess.py:93} INFO - 25/05/22 21:07:20 INFO TaskSetManager: Starting task 3.0 in stage 1.0 (TID 4) (10.255.255.254, executor driver, partition 3, PROCESS_LOCAL, 9701 bytes)
[2025-05-22T21:07:20.779+0530] {subprocess.py:93} INFO - 25/05/22 21:07:20 INFO TaskSetManager: Starting task 4.0 in stage 1.0 (TID 5) (10.255.255.254, executor driver, partition 4, PROCESS_LOCAL, 9701 bytes)
[2025-05-22T21:07:20.779+0530] {subprocess.py:93} INFO - 25/05/22 21:07:20 INFO TaskSetManager: Starting task 5.0 in stage 1.0 (TID 6) (10.255.255.254, executor driver, partition 5, PROCESS_LOCAL, 9701 bytes)
[2025-05-22T21:07:20.779+0530] {subprocess.py:93} INFO - 25/05/22 21:07:20 INFO TaskSetManager: Starting task 6.0 in stage 1.0 (TID 7) (10.255.255.254, executor driver, partition 6, PROCESS_LOCAL, 9701 bytes)
[2025-05-22T21:07:20.780+0530] {subprocess.py:93} INFO - 25/05/22 21:07:20 INFO TaskSetManager: Starting task 7.0 in stage 1.0 (TID 8) (10.255.255.254, executor driver, partition 7, PROCESS_LOCAL, 9701 bytes)
[2025-05-22T21:07:20.781+0530] {subprocess.py:93} INFO - 25/05/22 21:07:20 INFO Executor: Running task 0.0 in stage 1.0 (TID 1)
[2025-05-22T21:07:20.781+0530] {subprocess.py:93} INFO - 25/05/22 21:07:20 INFO Executor: Running task 1.0 in stage 1.0 (TID 2)
[2025-05-22T21:07:20.782+0530] {subprocess.py:93} INFO - 25/05/22 21:07:20 INFO Executor: Running task 2.0 in stage 1.0 (TID 3)
[2025-05-22T21:07:20.783+0530] {subprocess.py:93} INFO - 25/05/22 21:07:20 INFO Executor: Running task 3.0 in stage 1.0 (TID 4)
[2025-05-22T21:07:20.785+0530] {subprocess.py:93} INFO - 25/05/22 21:07:20 INFO Executor: Running task 4.0 in stage 1.0 (TID 5)
[2025-05-22T21:07:20.785+0530] {subprocess.py:93} INFO - 25/05/22 21:07:20 INFO Executor: Running task 5.0 in stage 1.0 (TID 6)
[2025-05-22T21:07:20.787+0530] {subprocess.py:93} INFO - 25/05/22 21:07:20 INFO Executor: Running task 7.0 in stage 1.0 (TID 8)
[2025-05-22T21:07:20.798+0530] {subprocess.py:93} INFO - 25/05/22 21:07:20 INFO Executor: Running task 6.0 in stage 1.0 (TID 7)
[2025-05-22T21:07:20.916+0530] {subprocess.py:93} INFO - 25/05/22 21:07:20 INFO CodeGenerator: Code generated in 37.096523 ms
[2025-05-22T21:07:20.929+0530] {subprocess.py:93} INFO - 25/05/22 21:07:20 INFO FileScanRDD: Reading File path: file:///home/pranav_shirali/airflow-project/scripts/ETL/nyc_taxi_extracted.parquet/part-00004-f9b0be9c-4b8d-4dd3-91c6-d73aaf04a09f-c000.snappy.parquet, range: 0-4194304, partition values: [empty row]
[2025-05-22T21:07:20.930+0530] {subprocess.py:93} INFO - 25/05/22 21:07:20 INFO FileScanRDD: Reading File path: file:///home/pranav_shirali/airflow-project/scripts/ETL/nyc_taxi_extracted.parquet/part-00004-f9b0be9c-4b8d-4dd3-91c6-d73aaf04a09f-c000.snappy.parquet, range: 4194304-8388608, partition values: [empty row]
[2025-05-22T21:07:20.930+0530] {subprocess.py:93} INFO - 25/05/22 21:07:20 INFO FileScanRDD: Reading File path: file:///home/pranav_shirali/airflow-project/scripts/ETL/nyc_taxi_extracted.parquet/part-00004-f9b0be9c-4b8d-4dd3-91c6-d73aaf04a09f-c000.snappy.parquet, range: 20971520-25165824, partition values: [empty row]
[2025-05-22T21:07:20.931+0530] {subprocess.py:93} INFO - 25/05/22 21:07:20 INFO FileScanRDD: Reading File path: file:///home/pranav_shirali/airflow-project/scripts/ETL/nyc_taxi_extracted.parquet/part-00004-f9b0be9c-4b8d-4dd3-91c6-d73aaf04a09f-c000.snappy.parquet, range: 12582912-16777216, partition values: [empty row]
[2025-05-22T21:07:20.931+0530] {subprocess.py:93} INFO - 25/05/22 21:07:20 INFO FileScanRDD: Reading File path: file:///home/pranav_shirali/airflow-project/scripts/ETL/nyc_taxi_extracted.parquet/part-00004-f9b0be9c-4b8d-4dd3-91c6-d73aaf04a09f-c000.snappy.parquet, range: 8388608-12582912, partition values: [empty row]
[2025-05-22T21:07:20.932+0530] {subprocess.py:93} INFO - 25/05/22 21:07:20 INFO FileScanRDD: Reading File path: file:///home/pranav_shirali/airflow-project/scripts/ETL/nyc_taxi_extracted.parquet/part-00004-f9b0be9c-4b8d-4dd3-91c6-d73aaf04a09f-c000.snappy.parquet, range: 25165824-26828538, partition values: [empty row]
[2025-05-22T21:07:20.932+0530] {subprocess.py:93} INFO - 25/05/22 21:07:20 INFO FileScanRDD: Reading File path: file:///home/pranav_shirali/airflow-project/scripts/ETL/nyc_taxi_extracted.parquet/part-00004-f9b0be9c-4b8d-4dd3-91c6-d73aaf04a09f-c000.snappy.parquet, range: 16777216-20971520, partition values: [empty row]
[2025-05-22T21:07:20.936+0530] {subprocess.py:93} INFO - 25/05/22 21:07:20 INFO FileScanRDD: Reading File path: file:///home/pranav_shirali/airflow-project/scripts/ETL/nyc_taxi_extracted.parquet/part-00000-f9b0be9c-4b8d-4dd3-91c6-d73aaf04a09f-c000.snappy.parquet, range: 0-2111, partition values: [empty row]
[2025-05-22T21:07:21.035+0530] {subprocess.py:93} INFO - 25/05/22 21:07:21 INFO Executor: Finished task 5.0 in stage 1.0 (TID 6). 1911 bytes result sent to driver
[2025-05-22T21:07:21.036+0530] {subprocess.py:93} INFO - 25/05/22 21:07:21 INFO Executor: Finished task 7.0 in stage 1.0 (TID 8). 1911 bytes result sent to driver
[2025-05-22T21:07:21.037+0530] {subprocess.py:93} INFO - 25/05/22 21:07:21 INFO Executor: Finished task 6.0 in stage 1.0 (TID 7). 1911 bytes result sent to driver
[2025-05-22T21:07:21.037+0530] {subprocess.py:93} INFO - 25/05/22 21:07:21 INFO Executor: Finished task 1.0 in stage 1.0 (TID 2). 1911 bytes result sent to driver
[2025-05-22T21:07:21.037+0530] {subprocess.py:93} INFO - 25/05/22 21:07:21 INFO Executor: Finished task 4.0 in stage 1.0 (TID 5). 1911 bytes result sent to driver
[2025-05-22T21:07:21.037+0530] {subprocess.py:93} INFO - 25/05/22 21:07:21 INFO Executor: Finished task 0.0 in stage 1.0 (TID 1). 1911 bytes result sent to driver
[2025-05-22T21:07:21.038+0530] {subprocess.py:93} INFO - 25/05/22 21:07:21 INFO Executor: Finished task 2.0 in stage 1.0 (TID 3). 1911 bytes result sent to driver
[2025-05-22T21:07:21.042+0530] {subprocess.py:93} INFO - 25/05/22 21:07:21 INFO TaskSetManager: Finished task 6.0 in stage 1.0 (TID 7) in 262 ms on 10.255.255.254 (executor driver) (1/8)
[2025-05-22T21:07:21.042+0530] {subprocess.py:93} INFO - 25/05/22 21:07:21 INFO TaskSetManager: Finished task 0.0 in stage 1.0 (TID 1) in 270 ms on 10.255.255.254 (executor driver) (2/8)
[2025-05-22T21:07:21.043+0530] {subprocess.py:93} INFO - 25/05/22 21:07:21 INFO TaskSetManager: Finished task 1.0 in stage 1.0 (TID 2) in 266 ms on 10.255.255.254 (executor driver) (3/8)
[2025-05-22T21:07:21.043+0530] {subprocess.py:93} INFO - 25/05/22 21:07:21 INFO TaskSetManager: Finished task 7.0 in stage 1.0 (TID 8) in 263 ms on 10.255.255.254 (executor driver) (4/8)
[2025-05-22T21:07:21.051+0530] {subprocess.py:93} INFO - 25/05/22 21:07:21 INFO TaskSetManager: Finished task 5.0 in stage 1.0 (TID 6) in 272 ms on 10.255.255.254 (executor driver) (5/8)
[2025-05-22T21:07:21.052+0530] {subprocess.py:93} INFO - 25/05/22 21:07:21 INFO TaskSetManager: Finished task 4.0 in stage 1.0 (TID 5) in 274 ms on 10.255.255.254 (executor driver) (6/8)
[2025-05-22T21:07:21.053+0530] {subprocess.py:93} INFO - 25/05/22 21:07:21 INFO TaskSetManager: Finished task 2.0 in stage 1.0 (TID 3) in 276 ms on 10.255.255.254 (executor driver) (7/8)
[2025-05-22T21:07:21.067+0530] {subprocess.py:93} INFO - 25/05/22 21:07:21 INFO CodecPool: Got brand-new decompressor [.snappy]
[2025-05-22T21:07:22.360+0530] {subprocess.py:93} INFO - 25/05/22 21:07:22 INFO Executor: Finished task 3.0 in stage 1.0 (TID 4). 2083 bytes result sent to driver
[2025-05-22T21:07:22.363+0530] {subprocess.py:93} INFO - 25/05/22 21:07:22 INFO TaskSetManager: Finished task 3.0 in stage 1.0 (TID 4) in 1585 ms on 10.255.255.254 (executor driver) (8/8)
[2025-05-22T21:07:22.363+0530] {subprocess.py:93} INFO - 25/05/22 21:07:22 INFO TaskSchedulerImpl: Removed TaskSet 1.0, whose tasks have all completed, from pool
[2025-05-22T21:07:22.366+0530] {subprocess.py:93} INFO - 25/05/22 21:07:22 INFO DAGScheduler: ShuffleMapStage 1 (parquet at NativeMethodAccessorImpl.java:0) finished in 1.636 s
[2025-05-22T21:07:22.366+0530] {subprocess.py:93} INFO - 25/05/22 21:07:22 INFO DAGScheduler: looking for newly runnable stages
[2025-05-22T21:07:22.367+0530] {subprocess.py:93} INFO - 25/05/22 21:07:22 INFO DAGScheduler: running: Set()
[2025-05-22T21:07:22.367+0530] {subprocess.py:93} INFO - 25/05/22 21:07:22 INFO DAGScheduler: waiting: Set()
[2025-05-22T21:07:22.367+0530] {subprocess.py:93} INFO - 25/05/22 21:07:22 INFO DAGScheduler: failed: Set()
[2025-05-22T21:07:22.401+0530] {subprocess.py:93} INFO - 25/05/22 21:07:22 WARN WindowExec: No Partition Defined for Window operation! Moving all data to a single partition, this can cause serious performance degradation.
[2025-05-22T21:07:22.402+0530] {subprocess.py:93} INFO - 25/05/22 21:07:22 WARN WindowExec: No Partition Defined for Window operation! Moving all data to a single partition, this can cause serious performance degradation.
[2025-05-22T21:07:22.444+0530] {subprocess.py:93} INFO - 25/05/22 21:07:22 INFO ParquetUtils: Using default output committer for Parquet: org.apache.parquet.hadoop.ParquetOutputCommitter
[2025-05-22T21:07:22.457+0530] {subprocess.py:93} INFO - 25/05/22 21:07:22 INFO FileOutputCommitter: File Output Committer Algorithm version is 1
[2025-05-22T21:07:22.458+0530] {subprocess.py:93} INFO - 25/05/22 21:07:22 INFO FileOutputCommitter: FileOutputCommitter skip cleanup _temporary folders under output directory:false, ignore cleanup failures: false
[2025-05-22T21:07:22.458+0530] {subprocess.py:93} INFO - 25/05/22 21:07:22 INFO SQLHadoopMapReduceCommitProtocol: Using user defined output committer class org.apache.parquet.hadoop.ParquetOutputCommitter
[2025-05-22T21:07:22.459+0530] {subprocess.py:93} INFO - 25/05/22 21:07:22 INFO FileOutputCommitter: File Output Committer Algorithm version is 1
[2025-05-22T21:07:22.459+0530] {subprocess.py:93} INFO - 25/05/22 21:07:22 INFO FileOutputCommitter: FileOutputCommitter skip cleanup _temporary folders under output directory:false, ignore cleanup failures: false
[2025-05-22T21:07:22.459+0530] {subprocess.py:93} INFO - 25/05/22 21:07:22 INFO SQLHadoopMapReduceCommitProtocol: Using output committer class org.apache.parquet.hadoop.ParquetOutputCommitter
[2025-05-22T21:07:22.502+0530] {subprocess.py:93} INFO - 25/05/22 21:07:22 INFO CodeGenerator: Code generated in 15.688438 ms
[2025-05-22T21:07:22.522+0530] {subprocess.py:93} INFO - 25/05/22 21:07:22 INFO CodeGenerator: Code generated in 11.146115 ms
[2025-05-22T21:07:22.591+0530] {subprocess.py:93} INFO - 25/05/22 21:07:22 INFO SparkContext: Starting job: parquet at NativeMethodAccessorImpl.java:0
[2025-05-22T21:07:22.593+0530] {subprocess.py:93} INFO - 25/05/22 21:07:22 INFO DAGScheduler: Got job 2 (parquet at NativeMethodAccessorImpl.java:0) with 1 output partitions
[2025-05-22T21:07:22.593+0530] {subprocess.py:93} INFO - 25/05/22 21:07:22 INFO DAGScheduler: Final stage: ResultStage 3 (parquet at NativeMethodAccessorImpl.java:0)
[2025-05-22T21:07:22.594+0530] {subprocess.py:93} INFO - 25/05/22 21:07:22 INFO DAGScheduler: Parents of final stage: List(ShuffleMapStage 2)
[2025-05-22T21:07:22.595+0530] {subprocess.py:93} INFO - 25/05/22 21:07:22 INFO DAGScheduler: Missing parents: List()
[2025-05-22T21:07:22.596+0530] {subprocess.py:93} INFO - 25/05/22 21:07:22 INFO DAGScheduler: Submitting ResultStage 3 (MapPartitionsRDD[10] at parquet at NativeMethodAccessorImpl.java:0), which has no missing parents
[2025-05-22T21:07:22.624+0530] {subprocess.py:93} INFO - 25/05/22 21:07:22 INFO MemoryStore: Block broadcast_3 stored as values in memory (estimated size 250.4 KiB, free 433.9 MiB)
[2025-05-22T21:07:22.627+0530] {subprocess.py:93} INFO - 25/05/22 21:07:22 INFO MemoryStore: Block broadcast_3_piece0 stored as bytes in memory (estimated size 92.4 KiB, free 433.8 MiB)
[2025-05-22T21:07:22.627+0530] {subprocess.py:93} INFO - 25/05/22 21:07:22 INFO BlockManagerInfo: Added broadcast_3_piece0 in memory on 10.255.255.254:34231 (size: 92.4 KiB, free: 434.3 MiB)
[2025-05-22T21:07:22.628+0530] {subprocess.py:93} INFO - 25/05/22 21:07:22 INFO SparkContext: Created broadcast 3 from broadcast at DAGScheduler.scala:1585
[2025-05-22T21:07:22.628+0530] {subprocess.py:93} INFO - 25/05/22 21:07:22 INFO DAGScheduler: Submitting 1 missing tasks from ResultStage 3 (MapPartitionsRDD[10] at parquet at NativeMethodAccessorImpl.java:0) (first 15 tasks are for partitions Vector(0))
[2025-05-22T21:07:22.629+0530] {subprocess.py:93} INFO - 25/05/22 21:07:22 INFO TaskSchedulerImpl: Adding task set 3.0 with 1 tasks resource profile 0
[2025-05-22T21:07:22.634+0530] {subprocess.py:93} INFO - 25/05/22 21:07:22 INFO TaskSetManager: Starting task 0.0 in stage 3.0 (TID 9) (10.255.255.254, executor driver, partition 0, NODE_LOCAL, 8999 bytes)
[2025-05-22T21:07:22.635+0530] {subprocess.py:93} INFO - 25/05/22 21:07:22 INFO Executor: Running task 0.0 in stage 3.0 (TID 9)
[2025-05-22T21:07:22.703+0530] {subprocess.py:93} INFO - 25/05/22 21:07:22 INFO ShuffleBlockFetcherIterator: Getting 1 (43.4 MiB) non-empty blocks including 1 (43.4 MiB) local and 0 (0.0 B) host-local and 0 (0.0 B) push-merged-local and 0 (0.0 B) remote blocks
[2025-05-22T21:07:22.704+0530] {subprocess.py:93} INFO - 25/05/22 21:07:22 INFO ShuffleBlockFetcherIterator: Started 0 remote fetches in 8 ms
[2025-05-22T21:07:22.717+0530] {subprocess.py:93} INFO - 25/05/22 21:07:22 INFO CodeGenerator: Code generated in 10.160091 ms
[2025-05-22T21:07:22.739+0530] {subprocess.py:93} INFO - 25/05/22 21:07:22 INFO CodeGenerator: Code generated in 12.095129 ms
[2025-05-22T21:07:22.759+0530] {subprocess.py:93} INFO - 25/05/22 21:07:22 INFO CodeGenerator: Code generated in 9.178836 ms
[2025-05-22T21:07:22.794+0530] {subprocess.py:93} INFO - 25/05/22 21:07:22 INFO CodeGenerator: Code generated in 11.480474 ms
[2025-05-22T21:07:22.803+0530] {subprocess.py:93} INFO - 25/05/22 21:07:22 INFO CodeGenerator: Code generated in 6.098648 ms
[2025-05-22T21:07:22.866+0530] {subprocess.py:93} INFO - 25/05/22 21:07:22 INFO BlockManagerInfo: Removed broadcast_2_piece0 on 10.255.255.254:34231 in memory (size: 10.8 KiB, free: 434.3 MiB)
[2025-05-22T21:07:23.839+0530] {subprocess.py:93} INFO - 25/05/22 21:07:23 INFO CodeGenerator: Code generated in 6.669761 ms
[2025-05-22T21:07:23.850+0530] {subprocess.py:93} INFO - 25/05/22 21:07:23 INFO CodeGenerator: Code generated in 5.357339 ms
[2025-05-22T21:07:23.857+0530] {subprocess.py:93} INFO - 25/05/22 21:07:23 INFO CodeGenerator: Code generated in 5.407778 ms
[2025-05-22T21:07:23.870+0530] {subprocess.py:93} INFO - 25/05/22 21:07:23 INFO CodeGenerator: Code generated in 11.091978 ms
[2025-05-22T21:07:23.874+0530] {subprocess.py:93} INFO - 25/05/22 21:07:23 INFO FileOutputCommitter: File Output Committer Algorithm version is 1
[2025-05-22T21:07:23.874+0530] {subprocess.py:93} INFO - 25/05/22 21:07:23 INFO FileOutputCommitter: FileOutputCommitter skip cleanup _temporary folders under output directory:false, ignore cleanup failures: false
[2025-05-22T21:07:23.875+0530] {subprocess.py:93} INFO - 25/05/22 21:07:23 INFO SQLHadoopMapReduceCommitProtocol: Using user defined output committer class org.apache.parquet.hadoop.ParquetOutputCommitter
[2025-05-22T21:07:23.875+0530] {subprocess.py:93} INFO - 25/05/22 21:07:23 INFO FileOutputCommitter: File Output Committer Algorithm version is 1
[2025-05-22T21:07:23.875+0530] {subprocess.py:93} INFO - 25/05/22 21:07:23 INFO FileOutputCommitter: FileOutputCommitter skip cleanup _temporary folders under output directory:false, ignore cleanup failures: false
[2025-05-22T21:07:23.875+0530] {subprocess.py:93} INFO - 25/05/22 21:07:23 INFO SQLHadoopMapReduceCommitProtocol: Using output committer class org.apache.parquet.hadoop.ParquetOutputCommitter
[2025-05-22T21:07:23.882+0530] {subprocess.py:93} INFO - 25/05/22 21:07:23 INFO CodecConfig: Compression: SNAPPY
[2025-05-22T21:07:23.884+0530] {subprocess.py:93} INFO - 25/05/22 21:07:23 INFO CodecConfig: Compression: SNAPPY
[2025-05-22T21:07:23.900+0530] {subprocess.py:93} INFO - 25/05/22 21:07:23 INFO ParquetOutputFormat: ParquetRecordWriter [block size: 134217728b, row group padding size: 8388608b, validating: false]
[2025-05-22T21:07:23.910+0530] {subprocess.py:93} INFO - 25/05/22 21:07:23 INFO ParquetWriteSupport: Initialized Parquet WriteSupport with Catalyst schema:
[2025-05-22T21:07:23.910+0530] {subprocess.py:93} INFO - {
[2025-05-22T21:07:23.910+0530] {subprocess.py:93} INFO -   "type" : "struct",
[2025-05-22T21:07:23.911+0530] {subprocess.py:93} INFO -   "fields" : [ {
[2025-05-22T21:07:23.911+0530] {subprocess.py:93} INFO -     "name" : "Trip_id",
[2025-05-22T21:07:23.911+0530] {subprocess.py:93} INFO -     "type" : "integer",
[2025-05-22T21:07:23.911+0530] {subprocess.py:93} INFO -     "nullable" : false,
[2025-05-22T21:07:23.911+0530] {subprocess.py:93} INFO -     "metadata" : { }
[2025-05-22T21:07:23.911+0530] {subprocess.py:93} INFO -   }, {
[2025-05-22T21:07:23.911+0530] {subprocess.py:93} INFO -     "name" : "VendorID",
[2025-05-22T21:07:23.911+0530] {subprocess.py:93} INFO -     "type" : "integer",
[2025-05-22T21:07:23.911+0530] {subprocess.py:93} INFO -     "nullable" : true,
[2025-05-22T21:07:23.911+0530] {subprocess.py:93} INFO -     "metadata" : { }
[2025-05-22T21:07:23.911+0530] {subprocess.py:93} INFO -   }, {
[2025-05-22T21:07:23.912+0530] {subprocess.py:93} INFO -     "name" : "tpep_pickup_datetime",
[2025-05-22T21:07:23.912+0530] {subprocess.py:93} INFO -     "type" : "string",
[2025-05-22T21:07:23.912+0530] {subprocess.py:93} INFO -     "nullable" : true,
[2025-05-22T21:07:23.912+0530] {subprocess.py:93} INFO -     "metadata" : { }
[2025-05-22T21:07:23.912+0530] {subprocess.py:93} INFO -   }, {
[2025-05-22T21:07:23.912+0530] {subprocess.py:93} INFO -     "name" : "tpep_dropoff_datetime",
[2025-05-22T21:07:23.912+0530] {subprocess.py:93} INFO -     "type" : "string",
[2025-05-22T21:07:23.912+0530] {subprocess.py:93} INFO -     "nullable" : true,
[2025-05-22T21:07:23.912+0530] {subprocess.py:93} INFO -     "metadata" : { }
[2025-05-22T21:07:23.912+0530] {subprocess.py:93} INFO -   }, {
[2025-05-22T21:07:23.913+0530] {subprocess.py:93} INFO -     "name" : "passenger_count",
[2025-05-22T21:07:23.913+0530] {subprocess.py:93} INFO -     "type" : "integer",
[2025-05-22T21:07:23.913+0530] {subprocess.py:93} INFO -     "nullable" : true,
[2025-05-22T21:07:23.913+0530] {subprocess.py:93} INFO -     "metadata" : { }
[2025-05-22T21:07:23.913+0530] {subprocess.py:93} INFO -   }, {
[2025-05-22T21:07:23.913+0530] {subprocess.py:93} INFO -     "name" : "trip_distance",
[2025-05-22T21:07:23.913+0530] {subprocess.py:93} INFO -     "type" : "double",
[2025-05-22T21:07:23.913+0530] {subprocess.py:93} INFO -     "nullable" : true,
[2025-05-22T21:07:23.913+0530] {subprocess.py:93} INFO -     "metadata" : { }
[2025-05-22T21:07:23.913+0530] {subprocess.py:93} INFO -   }, {
[2025-05-22T21:07:23.914+0530] {subprocess.py:93} INFO -     "name" : "RatecodeID",
[2025-05-22T21:07:23.914+0530] {subprocess.py:93} INFO -     "type" : "integer",
[2025-05-22T21:07:23.914+0530] {subprocess.py:93} INFO -     "nullable" : true,
[2025-05-22T21:07:23.914+0530] {subprocess.py:93} INFO -     "metadata" : { }
[2025-05-22T21:07:23.914+0530] {subprocess.py:93} INFO -   }, {
[2025-05-22T21:07:23.914+0530] {subprocess.py:93} INFO -     "name" : "store_and_fwd_flag",
[2025-05-22T21:07:23.914+0530] {subprocess.py:93} INFO -     "type" : "string",
[2025-05-22T21:07:23.914+0530] {subprocess.py:93} INFO -     "nullable" : true,
[2025-05-22T21:07:23.914+0530] {subprocess.py:93} INFO -     "metadata" : { }
[2025-05-22T21:07:23.915+0530] {subprocess.py:93} INFO -   }, {
[2025-05-22T21:07:23.915+0530] {subprocess.py:93} INFO -     "name" : "PULocationID",
[2025-05-22T21:07:23.915+0530] {subprocess.py:93} INFO -     "type" : "long",
[2025-05-22T21:07:23.915+0530] {subprocess.py:93} INFO -     "nullable" : true,
[2025-05-22T21:07:23.915+0530] {subprocess.py:93} INFO -     "metadata" : { }
[2025-05-22T21:07:23.915+0530] {subprocess.py:93} INFO -   }, {
[2025-05-22T21:07:23.915+0530] {subprocess.py:93} INFO -     "name" : "DOLocationID",
[2025-05-22T21:07:23.915+0530] {subprocess.py:93} INFO -     "type" : "long",
[2025-05-22T21:07:23.916+0530] {subprocess.py:93} INFO -     "nullable" : true,
[2025-05-22T21:07:23.916+0530] {subprocess.py:93} INFO -     "metadata" : { }
[2025-05-22T21:07:23.916+0530] {subprocess.py:93} INFO -   }, {
[2025-05-22T21:07:23.916+0530] {subprocess.py:93} INFO -     "name" : "Month",
[2025-05-22T21:07:23.916+0530] {subprocess.py:93} INFO -     "type" : "integer",
[2025-05-22T21:07:23.916+0530] {subprocess.py:93} INFO -     "nullable" : true,
[2025-05-22T21:07:23.916+0530] {subprocess.py:93} INFO -     "metadata" : { }
[2025-05-22T21:07:23.916+0530] {subprocess.py:93} INFO -   }, {
[2025-05-22T21:07:23.916+0530] {subprocess.py:93} INFO -     "name" : "Distance_Length",
[2025-05-22T21:07:23.916+0530] {subprocess.py:93} INFO -     "type" : "string",
[2025-05-22T21:07:23.917+0530] {subprocess.py:93} INFO -     "nullable" : false,
[2025-05-22T21:07:23.917+0530] {subprocess.py:93} INFO -     "metadata" : { }
[2025-05-22T21:07:23.917+0530] {subprocess.py:93} INFO -   }, {
[2025-05-22T21:07:23.917+0530] {subprocess.py:93} INFO -     "name" : "Car_utilization",
[2025-05-22T21:07:23.917+0530] {subprocess.py:93} INFO -     "type" : "string",
[2025-05-22T21:07:23.917+0530] {subprocess.py:93} INFO -     "nullable" : false,
[2025-05-22T21:07:23.917+0530] {subprocess.py:93} INFO -     "metadata" : { }
[2025-05-22T21:07:23.918+0530] {subprocess.py:93} INFO -   } ]
[2025-05-22T21:07:23.918+0530] {subprocess.py:93} INFO - }
[2025-05-22T21:07:23.918+0530] {subprocess.py:93} INFO - and corresponding Parquet message type:
[2025-05-22T21:07:23.918+0530] {subprocess.py:93} INFO - message spark_schema {
[2025-05-22T21:07:23.918+0530] {subprocess.py:93} INFO -   required int32 Trip_id;
[2025-05-22T21:07:23.918+0530] {subprocess.py:93} INFO -   optional int32 VendorID;
[2025-05-22T21:07:23.918+0530] {subprocess.py:93} INFO -   optional binary tpep_pickup_datetime (STRING);
[2025-05-22T21:07:23.919+0530] {subprocess.py:93} INFO -   optional binary tpep_dropoff_datetime (STRING);
[2025-05-22T21:07:23.919+0530] {subprocess.py:93} INFO -   optional int32 passenger_count;
[2025-05-22T21:07:23.919+0530] {subprocess.py:93} INFO -   optional double trip_distance;
[2025-05-22T21:07:23.919+0530] {subprocess.py:93} INFO -   optional int32 RatecodeID;
[2025-05-22T21:07:23.919+0530] {subprocess.py:93} INFO -   optional binary store_and_fwd_flag (STRING);
[2025-05-22T21:07:23.920+0530] {subprocess.py:93} INFO -   optional int64 PULocationID;
[2025-05-22T21:07:23.920+0530] {subprocess.py:93} INFO -   optional int64 DOLocationID;
[2025-05-22T21:07:23.920+0530] {subprocess.py:93} INFO -   optional int32 Month;
[2025-05-22T21:07:23.920+0530] {subprocess.py:93} INFO -   required binary Distance_Length (STRING);
[2025-05-22T21:07:23.920+0530] {subprocess.py:93} INFO -   required binary Car_utilization (STRING);
[2025-05-22T21:07:23.921+0530] {subprocess.py:93} INFO - }
[2025-05-22T21:07:23.921+0530] {subprocess.py:93} INFO - 
[2025-05-22T21:07:23.921+0530] {subprocess.py:93} INFO - 
[2025-05-22T21:07:23.933+0530] {subprocess.py:93} INFO - 25/05/22 21:07:23 INFO CodecPool: Got brand-new compressor [.snappy]
[2025-05-22T21:07:24.009+0530] {subprocess.py:93} INFO - 25/05/22 21:07:24 INFO ExternalAppendOnlyUnsafeRowArray: Reached spill threshold of 4096 rows, switching to org.apache.spark.util.collection.unsafe.sort.UnsafeExternalSorter
[2025-05-22T21:07:27.877+0530] {subprocess.py:93} INFO - 25/05/22 21:07:27 INFO FileOutputCommitter: Saved output of task 'attempt_202505222107226146035117361290805_0003_m_000000_9' to file:/home/pranav_shirali/airflow-project/scripts/ETL/nyc_taxi_trip.parquet/_temporary/0/task_202505222107226146035117361290805_0003_m_000000
[2025-05-22T21:07:27.877+0530] {subprocess.py:93} INFO - 25/05/22 21:07:27 INFO SparkHadoopMapRedUtil: attempt_202505222107226146035117361290805_0003_m_000000_9: Committed. Elapsed time: 0 ms.
[2025-05-22T21:07:27.887+0530] {subprocess.py:93} INFO - 25/05/22 21:07:27 INFO Executor: Finished task 0.0 in stage 3.0 (TID 9). 5915 bytes result sent to driver
[2025-05-22T21:07:27.890+0530] {subprocess.py:93} INFO - 25/05/22 21:07:27 INFO TaskSetManager: Finished task 0.0 in stage 3.0 (TID 9) in 5257 ms on 10.255.255.254 (executor driver) (1/1)
[2025-05-22T21:07:27.890+0530] {subprocess.py:93} INFO - 25/05/22 21:07:27 INFO TaskSchedulerImpl: Removed TaskSet 3.0, whose tasks have all completed, from pool
[2025-05-22T21:07:27.891+0530] {subprocess.py:93} INFO - 25/05/22 21:07:27 INFO DAGScheduler: ResultStage 3 (parquet at NativeMethodAccessorImpl.java:0) finished in 5.290 s
[2025-05-22T21:07:27.892+0530] {subprocess.py:93} INFO - 25/05/22 21:07:27 INFO DAGScheduler: Job 2 is finished. Cancelling potential speculative or zombie tasks for this job
[2025-05-22T21:07:27.892+0530] {subprocess.py:93} INFO - 25/05/22 21:07:27 INFO TaskSchedulerImpl: Killing all running tasks in stage 3: Stage finished
[2025-05-22T21:07:27.893+0530] {subprocess.py:93} INFO - 25/05/22 21:07:27 INFO DAGScheduler: Job 2 finished: parquet at NativeMethodAccessorImpl.java:0, took 5.301660 s
[2025-05-22T21:07:27.895+0530] {subprocess.py:93} INFO - 25/05/22 21:07:27 INFO FileFormatWriter: Start to commit write Job ab00f929-b141-4fe3-b8bc-84237b463579.
[2025-05-22T21:07:27.918+0530] {subprocess.py:93} INFO - 25/05/22 21:07:27 INFO FileFormatWriter: Write Job ab00f929-b141-4fe3-b8bc-84237b463579 committed. Elapsed time: 22 ms.
[2025-05-22T21:07:27.921+0530] {subprocess.py:93} INFO - 25/05/22 21:07:27 INFO FileFormatWriter: Finished processing stats for write job ab00f929-b141-4fe3-b8bc-84237b463579.
[2025-05-22T21:07:27.963+0530] {subprocess.py:93} INFO - 25/05/22 21:07:27 INFO FileSourceStrategy: Pushed Filters:
[2025-05-22T21:07:27.964+0530] {subprocess.py:93} INFO - 25/05/22 21:07:27 INFO FileSourceStrategy: Post-Scan Filters:
[2025-05-22T21:07:27.965+0530] {subprocess.py:93} INFO - 25/05/22 21:07:27 WARN WindowExec: No Partition Defined for Window operation! Moving all data to a single partition, this can cause serious performance degradation.
[2025-05-22T21:07:27.966+0530] {subprocess.py:93} INFO - 25/05/22 21:07:27 WARN WindowExec: No Partition Defined for Window operation! Moving all data to a single partition, this can cause serious performance degradation.
[2025-05-22T21:07:27.969+0530] {subprocess.py:93} INFO - 25/05/22 21:07:27 WARN WindowExec: No Partition Defined for Window operation! Moving all data to a single partition, this can cause serious performance degradation.
[2025-05-22T21:07:28.002+0530] {subprocess.py:93} INFO - 25/05/22 21:07:28 INFO CodeGenerator: Code generated in 14.038662 ms
[2025-05-22T21:07:28.008+0530] {subprocess.py:93} INFO - 25/05/22 21:07:28 INFO MemoryStore: Block broadcast_4 stored as values in memory (estimated size 202.3 KiB, free 433.6 MiB)
[2025-05-22T21:07:28.020+0530] {subprocess.py:93} INFO - 25/05/22 21:07:28 INFO MemoryStore: Block broadcast_4_piece0 stored as bytes in memory (estimated size 35.2 KiB, free 433.6 MiB)
[2025-05-22T21:07:28.021+0530] {subprocess.py:93} INFO - 25/05/22 21:07:28 INFO BlockManagerInfo: Added broadcast_4_piece0 in memory on 10.255.255.254:34231 (size: 35.2 KiB, free: 434.2 MiB)
[2025-05-22T21:07:28.022+0530] {subprocess.py:93} INFO - 25/05/22 21:07:28 INFO SparkContext: Created broadcast 4 from parquet at NativeMethodAccessorImpl.java:0
[2025-05-22T21:07:28.023+0530] {subprocess.py:93} INFO - 25/05/22 21:07:28 INFO FileSourceScanExec: Planning scan with bin packing, max size: 4194304 bytes, open cost is considered as scanning 4194304 bytes.
[2025-05-22T21:07:28.032+0530] {subprocess.py:93} INFO - 25/05/22 21:07:28 INFO DAGScheduler: Registering RDD 14 (parquet at NativeMethodAccessorImpl.java:0) as input to shuffle 1
[2025-05-22T21:07:28.032+0530] {subprocess.py:93} INFO - 25/05/22 21:07:28 INFO DAGScheduler: Got map stage job 3 (parquet at NativeMethodAccessorImpl.java:0) with 8 output partitions
[2025-05-22T21:07:28.033+0530] {subprocess.py:93} INFO - 25/05/22 21:07:28 INFO DAGScheduler: Final stage: ShuffleMapStage 4 (parquet at NativeMethodAccessorImpl.java:0)
[2025-05-22T21:07:28.033+0530] {subprocess.py:93} INFO - 25/05/22 21:07:28 INFO DAGScheduler: Parents of final stage: List()
[2025-05-22T21:07:28.035+0530] {subprocess.py:93} INFO - 25/05/22 21:07:28 INFO DAGScheduler: Missing parents: List()
[2025-05-22T21:07:28.036+0530] {subprocess.py:93} INFO - 25/05/22 21:07:28 INFO DAGScheduler: Submitting ShuffleMapStage 4 (MapPartitionsRDD[14] at parquet at NativeMethodAccessorImpl.java:0), which has no missing parents
[2025-05-22T21:07:28.045+0530] {subprocess.py:93} INFO - 25/05/22 21:07:28 INFO BlockManagerInfo: Removed broadcast_3_piece0 on 10.255.255.254:34231 in memory (size: 92.4 KiB, free: 434.3 MiB)
[2025-05-22T21:07:28.046+0530] {subprocess.py:93} INFO - 25/05/22 21:07:28 INFO MemoryStore: Block broadcast_5 stored as values in memory (estimated size 24.5 KiB, free 433.9 MiB)
[2025-05-22T21:07:28.048+0530] {subprocess.py:93} INFO - 25/05/22 21:07:28 INFO MemoryStore: Block broadcast_5_piece0 stored as bytes in memory (estimated size 9.2 KiB, free 433.9 MiB)
[2025-05-22T21:07:28.049+0530] {subprocess.py:93} INFO - 25/05/22 21:07:28 INFO BlockManagerInfo: Added broadcast_5_piece0 in memory on 10.255.255.254:34231 (size: 9.2 KiB, free: 434.3 MiB)
[2025-05-22T21:07:28.049+0530] {subprocess.py:93} INFO - 25/05/22 21:07:28 INFO SparkContext: Created broadcast 5 from broadcast at DAGScheduler.scala:1585
[2025-05-22T21:07:28.050+0530] {subprocess.py:93} INFO - 25/05/22 21:07:28 INFO DAGScheduler: Submitting 8 missing tasks from ShuffleMapStage 4 (MapPartitionsRDD[14] at parquet at NativeMethodAccessorImpl.java:0) (first 15 tasks are for partitions Vector(0, 1, 2, 3, 4, 5, 6, 7))
[2025-05-22T21:07:28.050+0530] {subprocess.py:93} INFO - 25/05/22 21:07:28 INFO TaskSchedulerImpl: Adding task set 4.0 with 8 tasks resource profile 0
[2025-05-22T21:07:28.052+0530] {subprocess.py:93} INFO - 25/05/22 21:07:28 INFO TaskSetManager: Starting task 0.0 in stage 4.0 (TID 10) (10.255.255.254, executor driver, partition 0, PROCESS_LOCAL, 9701 bytes)
[2025-05-22T21:07:28.054+0530] {subprocess.py:93} INFO - 25/05/22 21:07:28 INFO TaskSetManager: Starting task 1.0 in stage 4.0 (TID 11) (10.255.255.254, executor driver, partition 1, PROCESS_LOCAL, 9701 bytes)
[2025-05-22T21:07:28.054+0530] {subprocess.py:93} INFO - 25/05/22 21:07:28 INFO TaskSetManager: Starting task 2.0 in stage 4.0 (TID 12) (10.255.255.254, executor driver, partition 2, PROCESS_LOCAL, 9701 bytes)
[2025-05-22T21:07:28.054+0530] {subprocess.py:93} INFO - 25/05/22 21:07:28 INFO TaskSetManager: Starting task 3.0 in stage 4.0 (TID 13) (10.255.255.254, executor driver, partition 3, PROCESS_LOCAL, 9701 bytes)
[2025-05-22T21:07:28.055+0530] {subprocess.py:93} INFO - 25/05/22 21:07:28 INFO TaskSetManager: Starting task 4.0 in stage 4.0 (TID 14) (10.255.255.254, executor driver, partition 4, PROCESS_LOCAL, 9701 bytes)
[2025-05-22T21:07:28.055+0530] {subprocess.py:93} INFO - 25/05/22 21:07:28 INFO TaskSetManager: Starting task 5.0 in stage 4.0 (TID 15) (10.255.255.254, executor driver, partition 5, PROCESS_LOCAL, 9701 bytes)
[2025-05-22T21:07:28.055+0530] {subprocess.py:93} INFO - 25/05/22 21:07:28 INFO TaskSetManager: Starting task 6.0 in stage 4.0 (TID 16) (10.255.255.254, executor driver, partition 6, PROCESS_LOCAL, 9701 bytes)
[2025-05-22T21:07:28.056+0530] {subprocess.py:93} INFO - 25/05/22 21:07:28 INFO TaskSetManager: Starting task 7.0 in stage 4.0 (TID 17) (10.255.255.254, executor driver, partition 7, PROCESS_LOCAL, 9701 bytes)
[2025-05-22T21:07:28.056+0530] {subprocess.py:93} INFO - 25/05/22 21:07:28 INFO Executor: Running task 0.0 in stage 4.0 (TID 10)
[2025-05-22T21:07:28.057+0530] {subprocess.py:93} INFO - 25/05/22 21:07:28 INFO Executor: Running task 1.0 in stage 4.0 (TID 11)
[2025-05-22T21:07:28.057+0530] {subprocess.py:93} INFO - 25/05/22 21:07:28 INFO Executor: Running task 2.0 in stage 4.0 (TID 12)
[2025-05-22T21:07:28.057+0530] {subprocess.py:93} INFO - 25/05/22 21:07:28 INFO Executor: Running task 3.0 in stage 4.0 (TID 13)
[2025-05-22T21:07:28.057+0530] {subprocess.py:93} INFO - 25/05/22 21:07:28 INFO Executor: Running task 4.0 in stage 4.0 (TID 14)
[2025-05-22T21:07:28.057+0530] {subprocess.py:93} INFO - 25/05/22 21:07:28 INFO Executor: Running task 5.0 in stage 4.0 (TID 15)
[2025-05-22T21:07:28.057+0530] {subprocess.py:93} INFO - 25/05/22 21:07:28 INFO Executor: Running task 7.0 in stage 4.0 (TID 17)
[2025-05-22T21:07:28.057+0530] {subprocess.py:93} INFO - 25/05/22 21:07:28 INFO Executor: Running task 6.0 in stage 4.0 (TID 16)
[2025-05-22T21:07:28.076+0530] {subprocess.py:93} INFO - 25/05/22 21:07:28 INFO CodeGenerator: Code generated in 14.847055 ms
[2025-05-22T21:07:28.078+0530] {subprocess.py:93} INFO - 25/05/22 21:07:28 INFO FileScanRDD: Reading File path: file:///home/pranav_shirali/airflow-project/scripts/ETL/nyc_taxi_extracted.parquet/part-00004-f9b0be9c-4b8d-4dd3-91c6-d73aaf04a09f-c000.snappy.parquet, range: 12582912-16777216, partition values: [empty row]
[2025-05-22T21:07:28.078+0530] {subprocess.py:93} INFO - 25/05/22 21:07:28 INFO FileScanRDD: Reading File path: file:///home/pranav_shirali/airflow-project/scripts/ETL/nyc_taxi_extracted.parquet/part-00004-f9b0be9c-4b8d-4dd3-91c6-d73aaf04a09f-c000.snappy.parquet, range: 20971520-25165824, partition values: [empty row]
[2025-05-22T21:07:28.078+0530] {subprocess.py:93} INFO - 25/05/22 21:07:28 INFO FileScanRDD: Reading File path: file:///home/pranav_shirali/airflow-project/scripts/ETL/nyc_taxi_extracted.parquet/part-00004-f9b0be9c-4b8d-4dd3-91c6-d73aaf04a09f-c000.snappy.parquet, range: 0-4194304, partition values: [empty row]
[2025-05-22T21:07:28.079+0530] {subprocess.py:93} INFO - 25/05/22 21:07:28 INFO FileScanRDD: Reading File path: file:///home/pranav_shirali/airflow-project/scripts/ETL/nyc_taxi_extracted.parquet/part-00004-f9b0be9c-4b8d-4dd3-91c6-d73aaf04a09f-c000.snappy.parquet, range: 16777216-20971520, partition values: [empty row]
[2025-05-22T21:07:28.084+0530] {subprocess.py:93} INFO - 25/05/22 21:07:28 INFO FileScanRDD: Reading File path: file:///home/pranav_shirali/airflow-project/scripts/ETL/nyc_taxi_extracted.parquet/part-00004-f9b0be9c-4b8d-4dd3-91c6-d73aaf04a09f-c000.snappy.parquet, range: 25165824-26828538, partition values: [empty row]
[2025-05-22T21:07:28.085+0530] {subprocess.py:93} INFO - 25/05/22 21:07:28 INFO FileScanRDD: Reading File path: file:///home/pranav_shirali/airflow-project/scripts/ETL/nyc_taxi_extracted.parquet/part-00004-f9b0be9c-4b8d-4dd3-91c6-d73aaf04a09f-c000.snappy.parquet, range: 4194304-8388608, partition values: [empty row]
[2025-05-22T21:07:28.085+0530] {subprocess.py:93} INFO - 25/05/22 21:07:28 INFO FileScanRDD: Reading File path: file:///home/pranav_shirali/airflow-project/scripts/ETL/nyc_taxi_extracted.parquet/part-00004-f9b0be9c-4b8d-4dd3-91c6-d73aaf04a09f-c000.snappy.parquet, range: 8388608-12582912, partition values: [empty row]
[2025-05-22T21:07:28.085+0530] {subprocess.py:93} INFO - 25/05/22 21:07:28 INFO FileScanRDD: Reading File path: file:///home/pranav_shirali/airflow-project/scripts/ETL/nyc_taxi_extracted.parquet/part-00000-f9b0be9c-4b8d-4dd3-91c6-d73aaf04a09f-c000.snappy.parquet, range: 0-2111, partition values: [empty row]
[2025-05-22T21:07:28.100+0530] {subprocess.py:93} INFO - 25/05/22 21:07:28 INFO Executor: Finished task 6.0 in stage 4.0 (TID 16). 1911 bytes result sent to driver
[2025-05-22T21:07:28.101+0530] {subprocess.py:93} INFO - 25/05/22 21:07:28 INFO Executor: Finished task 0.0 in stage 4.0 (TID 10). 1868 bytes result sent to driver
[2025-05-22T21:07:28.101+0530] {subprocess.py:93} INFO - 25/05/22 21:07:28 INFO Executor: Finished task 2.0 in stage 4.0 (TID 12). 1868 bytes result sent to driver
[2025-05-22T21:07:28.101+0530] {subprocess.py:93} INFO - 25/05/22 21:07:28 INFO Executor: Finished task 5.0 in stage 4.0 (TID 15). 1911 bytes result sent to driver
[2025-05-22T21:07:28.101+0530] {subprocess.py:93} INFO - 25/05/22 21:07:28 INFO Executor: Finished task 4.0 in stage 4.0 (TID 14). 1911 bytes result sent to driver
[2025-05-22T21:07:28.101+0530] {subprocess.py:93} INFO - 25/05/22 21:07:28 INFO Executor: Finished task 1.0 in stage 4.0 (TID 11). 1911 bytes result sent to driver
[2025-05-22T21:07:28.102+0530] {subprocess.py:93} INFO - 25/05/22 21:07:28 INFO Executor: Finished task 7.0 in stage 4.0 (TID 17). 1911 bytes result sent to driver
[2025-05-22T21:07:28.102+0530] {subprocess.py:93} INFO - 25/05/22 21:07:28 INFO TaskSetManager: Finished task 4.0 in stage 4.0 (TID 14) in 48 ms on 10.255.255.254 (executor driver) (1/8)
[2025-05-22T21:07:28.102+0530] {subprocess.py:93} INFO - 25/05/22 21:07:28 INFO TaskSetManager: Finished task 1.0 in stage 4.0 (TID 11) in 49 ms on 10.255.255.254 (executor driver) (2/8)
[2025-05-22T21:07:28.103+0530] {subprocess.py:93} INFO - 25/05/22 21:07:28 INFO TaskSetManager: Finished task 2.0 in stage 4.0 (TID 12) in 49 ms on 10.255.255.254 (executor driver) (3/8)
[2025-05-22T21:07:28.103+0530] {subprocess.py:93} INFO - 25/05/22 21:07:28 INFO TaskSetManager: Finished task 0.0 in stage 4.0 (TID 10) in 52 ms on 10.255.255.254 (executor driver) (4/8)
[2025-05-22T21:07:28.104+0530] {subprocess.py:93} INFO - 25/05/22 21:07:28 INFO TaskSetManager: Finished task 7.0 in stage 4.0 (TID 17) in 49 ms on 10.255.255.254 (executor driver) (5/8)
[2025-05-22T21:07:28.104+0530] {subprocess.py:93} INFO - 25/05/22 21:07:28 INFO TaskSetManager: Finished task 6.0 in stage 4.0 (TID 16) in 49 ms on 10.255.255.254 (executor driver) (6/8)
[2025-05-22T21:07:28.105+0530] {subprocess.py:93} INFO - 25/05/22 21:07:28 INFO TaskSetManager: Finished task 5.0 in stage 4.0 (TID 15) in 49 ms on 10.255.255.254 (executor driver) (7/8)
[2025-05-22T21:07:28.132+0530] {subprocess.py:93} INFO - 25/05/22 21:07:28 INFO BlockManagerInfo: Removed broadcast_1_piece0 on 10.255.255.254:34231 in memory (size: 35.3 KiB, free: 434.4 MiB)
[2025-05-22T21:07:28.717+0530] {subprocess.py:93} INFO - 25/05/22 21:07:28 INFO Executor: Finished task 3.0 in stage 4.0 (TID 13). 2083 bytes result sent to driver
[2025-05-22T21:07:28.719+0530] {subprocess.py:93} INFO - 25/05/22 21:07:28 INFO TaskSetManager: Finished task 3.0 in stage 4.0 (TID 13) in 665 ms on 10.255.255.254 (executor driver) (8/8)
[2025-05-22T21:07:28.721+0530] {subprocess.py:93} INFO - 25/05/22 21:07:28 INFO DAGScheduler: ShuffleMapStage 4 (parquet at NativeMethodAccessorImpl.java:0) finished in 0.676 s
[2025-05-22T21:07:28.722+0530] {subprocess.py:93} INFO - 25/05/22 21:07:28 INFO DAGScheduler: looking for newly runnable stages
[2025-05-22T21:07:28.722+0530] {subprocess.py:93} INFO - 25/05/22 21:07:28 INFO DAGScheduler: running: Set()
[2025-05-22T21:07:28.722+0530] {subprocess.py:93} INFO - 25/05/22 21:07:28 INFO DAGScheduler: waiting: Set()
[2025-05-22T21:07:28.722+0530] {subprocess.py:93} INFO - 25/05/22 21:07:28 INFO DAGScheduler: failed: Set()
[2025-05-22T21:07:28.722+0530] {subprocess.py:93} INFO - 25/05/22 21:07:28 INFO TaskSchedulerImpl: Removed TaskSet 4.0, whose tasks have all completed, from pool
[2025-05-22T21:07:28.727+0530] {subprocess.py:93} INFO - 25/05/22 21:07:28 WARN WindowExec: No Partition Defined for Window operation! Moving all data to a single partition, this can cause serious performance degradation.
[2025-05-22T21:07:28.727+0530] {subprocess.py:93} INFO - 25/05/22 21:07:28 WARN WindowExec: No Partition Defined for Window operation! Moving all data to a single partition, this can cause serious performance degradation.
[2025-05-22T21:07:28.747+0530] {subprocess.py:93} INFO - 25/05/22 21:07:28 INFO ParquetUtils: Using default output committer for Parquet: org.apache.parquet.hadoop.ParquetOutputCommitter
[2025-05-22T21:07:28.750+0530] {subprocess.py:93} INFO - 25/05/22 21:07:28 INFO FileOutputCommitter: File Output Committer Algorithm version is 1
[2025-05-22T21:07:28.751+0530] {subprocess.py:93} INFO - 25/05/22 21:07:28 INFO FileOutputCommitter: FileOutputCommitter skip cleanup _temporary folders under output directory:false, ignore cleanup failures: false
[2025-05-22T21:07:28.751+0530] {subprocess.py:93} INFO - 25/05/22 21:07:28 INFO SQLHadoopMapReduceCommitProtocol: Using user defined output committer class org.apache.parquet.hadoop.ParquetOutputCommitter
[2025-05-22T21:07:28.751+0530] {subprocess.py:93} INFO - 25/05/22 21:07:28 INFO FileOutputCommitter: File Output Committer Algorithm version is 1
[2025-05-22T21:07:28.751+0530] {subprocess.py:93} INFO - 25/05/22 21:07:28 INFO FileOutputCommitter: FileOutputCommitter skip cleanup _temporary folders under output directory:false, ignore cleanup failures: false
[2025-05-22T21:07:28.751+0530] {subprocess.py:93} INFO - 25/05/22 21:07:28 INFO SQLHadoopMapReduceCommitProtocol: Using output committer class org.apache.parquet.hadoop.ParquetOutputCommitter
[2025-05-22T21:07:28.776+0530] {subprocess.py:93} INFO - 25/05/22 21:07:28 INFO CodeGenerator: Code generated in 9.469907 ms
[2025-05-22T21:07:28.799+0530] {subprocess.py:93} INFO - 25/05/22 21:07:28 INFO SparkContext: Starting job: parquet at NativeMethodAccessorImpl.java:0
[2025-05-22T21:07:28.801+0530] {subprocess.py:93} INFO - 25/05/22 21:07:28 INFO DAGScheduler: Got job 4 (parquet at NativeMethodAccessorImpl.java:0) with 1 output partitions
[2025-05-22T21:07:28.801+0530] {subprocess.py:93} INFO - 25/05/22 21:07:28 INFO DAGScheduler: Final stage: ResultStage 6 (parquet at NativeMethodAccessorImpl.java:0)
[2025-05-22T21:07:28.801+0530] {subprocess.py:93} INFO - 25/05/22 21:07:28 INFO DAGScheduler: Parents of final stage: List(ShuffleMapStage 5)
[2025-05-22T21:07:28.802+0530] {subprocess.py:93} INFO - 25/05/22 21:07:28 INFO DAGScheduler: Missing parents: List()
[2025-05-22T21:07:28.803+0530] {subprocess.py:93} INFO - 25/05/22 21:07:28 INFO DAGScheduler: Submitting ResultStage 6 (MapPartitionsRDD[19] at parquet at NativeMethodAccessorImpl.java:0), which has no missing parents
[2025-05-22T21:07:28.819+0530] {subprocess.py:93} INFO - 25/05/22 21:07:28 INFO MemoryStore: Block broadcast_6 stored as values in memory (estimated size 245.7 KiB, free 433.9 MiB)
[2025-05-22T21:07:28.826+0530] {subprocess.py:93} INFO - 25/05/22 21:07:28 INFO MemoryStore: Block broadcast_6_piece0 stored as bytes in memory (estimated size 90.5 KiB, free 433.8 MiB)
[2025-05-22T21:07:28.827+0530] {subprocess.py:93} INFO - 25/05/22 21:07:28 INFO BlockManagerInfo: Added broadcast_6_piece0 in memory on 10.255.255.254:34231 (size: 90.5 KiB, free: 434.3 MiB)
[2025-05-22T21:07:28.828+0530] {subprocess.py:93} INFO - 25/05/22 21:07:28 INFO BlockManagerInfo: Removed broadcast_5_piece0 on 10.255.255.254:34231 in memory (size: 9.2 KiB, free: 434.3 MiB)
[2025-05-22T21:07:28.828+0530] {subprocess.py:93} INFO - 25/05/22 21:07:28 INFO SparkContext: Created broadcast 6 from broadcast at DAGScheduler.scala:1585
[2025-05-22T21:07:28.828+0530] {subprocess.py:93} INFO - 25/05/22 21:07:28 INFO DAGScheduler: Submitting 1 missing tasks from ResultStage 6 (MapPartitionsRDD[19] at parquet at NativeMethodAccessorImpl.java:0) (first 15 tasks are for partitions Vector(0))
[2025-05-22T21:07:28.828+0530] {subprocess.py:93} INFO - 25/05/22 21:07:28 INFO TaskSchedulerImpl: Adding task set 6.0 with 1 tasks resource profile 0
[2025-05-22T21:07:28.829+0530] {subprocess.py:93} INFO - 25/05/22 21:07:28 INFO TaskSetManager: Starting task 0.0 in stage 6.0 (TID 18) (10.255.255.254, executor driver, partition 0, NODE_LOCAL, 8999 bytes)
[2025-05-22T21:07:28.829+0530] {subprocess.py:93} INFO - 25/05/22 21:07:28 INFO Executor: Running task 0.0 in stage 6.0 (TID 18)
[2025-05-22T21:07:28.857+0530] {subprocess.py:93} INFO - 25/05/22 21:07:28 INFO ShuffleBlockFetcherIterator: Getting 1 (39.4 MiB) non-empty blocks including 1 (39.4 MiB) local and 0 (0.0 B) host-local and 0 (0.0 B) push-merged-local and 0 (0.0 B) remote blocks
[2025-05-22T21:07:28.858+0530] {subprocess.py:93} INFO - 25/05/22 21:07:28 INFO ShuffleBlockFetcherIterator: Started 0 remote fetches in 1 ms
[2025-05-22T21:07:28.875+0530] {subprocess.py:93} INFO - 25/05/22 21:07:28 INFO CodeGenerator: Code generated in 8.172677 ms
[2025-05-22T21:07:29.534+0530] {subprocess.py:93} INFO - 25/05/22 21:07:29 INFO CodeGenerator: Code generated in 4.117643 ms
[2025-05-22T21:07:29.540+0530] {subprocess.py:93} INFO - 25/05/22 21:07:29 INFO CodeGenerator: Code generated in 4.059483 ms
[2025-05-22T21:07:29.546+0530] {subprocess.py:93} INFO - 25/05/22 21:07:29 INFO CodeGenerator: Code generated in 3.993447 ms
[2025-05-22T21:07:29.555+0530] {subprocess.py:93} INFO - 25/05/22 21:07:29 INFO CodeGenerator: Code generated in 6.993767 ms
[2025-05-22T21:07:29.557+0530] {subprocess.py:93} INFO - 25/05/22 21:07:29 INFO FileOutputCommitter: File Output Committer Algorithm version is 1
[2025-05-22T21:07:29.557+0530] {subprocess.py:93} INFO - 25/05/22 21:07:29 INFO FileOutputCommitter: FileOutputCommitter skip cleanup _temporary folders under output directory:false, ignore cleanup failures: false
[2025-05-22T21:07:29.557+0530] {subprocess.py:93} INFO - 25/05/22 21:07:29 INFO SQLHadoopMapReduceCommitProtocol: Using user defined output committer class org.apache.parquet.hadoop.ParquetOutputCommitter
[2025-05-22T21:07:29.557+0530] {subprocess.py:93} INFO - 25/05/22 21:07:29 INFO FileOutputCommitter: File Output Committer Algorithm version is 1
[2025-05-22T21:07:29.558+0530] {subprocess.py:93} INFO - 25/05/22 21:07:29 INFO FileOutputCommitter: FileOutputCommitter skip cleanup _temporary folders under output directory:false, ignore cleanup failures: false
[2025-05-22T21:07:29.558+0530] {subprocess.py:93} INFO - 25/05/22 21:07:29 INFO SQLHadoopMapReduceCommitProtocol: Using output committer class org.apache.parquet.hadoop.ParquetOutputCommitter
[2025-05-22T21:07:29.558+0530] {subprocess.py:93} INFO - 25/05/22 21:07:29 INFO CodecConfig: Compression: SNAPPY
[2025-05-22T21:07:29.558+0530] {subprocess.py:93} INFO - 25/05/22 21:07:29 INFO CodecConfig: Compression: SNAPPY
[2025-05-22T21:07:29.559+0530] {subprocess.py:93} INFO - 25/05/22 21:07:29 INFO ParquetOutputFormat: ParquetRecordWriter [block size: 134217728b, row group padding size: 8388608b, validating: false]
[2025-05-22T21:07:29.562+0530] {subprocess.py:93} INFO - 25/05/22 21:07:29 INFO ParquetWriteSupport: Initialized Parquet WriteSupport with Catalyst schema:
[2025-05-22T21:07:29.562+0530] {subprocess.py:93} INFO - {
[2025-05-22T21:07:29.563+0530] {subprocess.py:93} INFO -   "type" : "struct",
[2025-05-22T21:07:29.563+0530] {subprocess.py:93} INFO -   "fields" : [ {
[2025-05-22T21:07:29.563+0530] {subprocess.py:93} INFO -     "name" : "Payment_id",
[2025-05-22T21:07:29.563+0530] {subprocess.py:93} INFO -     "type" : "integer",
[2025-05-22T21:07:29.563+0530] {subprocess.py:93} INFO -     "nullable" : false,
[2025-05-22T21:07:29.563+0530] {subprocess.py:93} INFO -     "metadata" : { }
[2025-05-22T21:07:29.563+0530] {subprocess.py:93} INFO -   }, {
[2025-05-22T21:07:29.563+0530] {subprocess.py:93} INFO -     "name" : "Trip_id",
[2025-05-22T21:07:29.564+0530] {subprocess.py:93} INFO -     "type" : "integer",
[2025-05-22T21:07:29.564+0530] {subprocess.py:93} INFO -     "nullable" : false,
[2025-05-22T21:07:29.564+0530] {subprocess.py:93} INFO -     "metadata" : { }
[2025-05-22T21:07:29.564+0530] {subprocess.py:93} INFO -   }, {
[2025-05-22T21:07:29.564+0530] {subprocess.py:93} INFO -     "name" : "payment_type",
[2025-05-22T21:07:29.564+0530] {subprocess.py:93} INFO -     "type" : "integer",
[2025-05-22T21:07:29.564+0530] {subprocess.py:93} INFO -     "nullable" : true,
[2025-05-22T21:07:29.564+0530] {subprocess.py:93} INFO -     "metadata" : { }
[2025-05-22T21:07:29.564+0530] {subprocess.py:93} INFO -   }, {
[2025-05-22T21:07:29.564+0530] {subprocess.py:93} INFO -     "name" : "fare_amount",
[2025-05-22T21:07:29.565+0530] {subprocess.py:93} INFO -     "type" : "double",
[2025-05-22T21:07:29.565+0530] {subprocess.py:93} INFO -     "nullable" : true,
[2025-05-22T21:07:29.565+0530] {subprocess.py:93} INFO -     "metadata" : { }
[2025-05-22T21:07:29.565+0530] {subprocess.py:93} INFO -   }, {
[2025-05-22T21:07:29.565+0530] {subprocess.py:93} INFO -     "name" : "extra",
[2025-05-22T21:07:29.565+0530] {subprocess.py:93} INFO -     "type" : "double",
[2025-05-22T21:07:29.565+0530] {subprocess.py:93} INFO -     "nullable" : true,
[2025-05-22T21:07:29.565+0530] {subprocess.py:93} INFO -     "metadata" : { }
[2025-05-22T21:07:29.565+0530] {subprocess.py:93} INFO -   }, {
[2025-05-22T21:07:29.565+0530] {subprocess.py:93} INFO -     "name" : "mta_tax",
[2025-05-22T21:07:29.566+0530] {subprocess.py:93} INFO -     "type" : "double",
[2025-05-22T21:07:29.566+0530] {subprocess.py:93} INFO -     "nullable" : true,
[2025-05-22T21:07:29.566+0530] {subprocess.py:93} INFO -     "metadata" : { }
[2025-05-22T21:07:29.566+0530] {subprocess.py:93} INFO -   }, {
[2025-05-22T21:07:29.566+0530] {subprocess.py:93} INFO -     "name" : "tip_amount",
[2025-05-22T21:07:29.566+0530] {subprocess.py:93} INFO -     "type" : "double",
[2025-05-22T21:07:29.566+0530] {subprocess.py:93} INFO -     "nullable" : true,
[2025-05-22T21:07:29.566+0530] {subprocess.py:93} INFO -     "metadata" : { }
[2025-05-22T21:07:29.566+0530] {subprocess.py:93} INFO -   }, {
[2025-05-22T21:07:29.566+0530] {subprocess.py:93} INFO -     "name" : "tolls_amount",
[2025-05-22T21:07:29.566+0530] {subprocess.py:93} INFO -     "type" : "double",
[2025-05-22T21:07:29.567+0530] {subprocess.py:93} INFO -     "nullable" : true,
[2025-05-22T21:07:29.567+0530] {subprocess.py:93} INFO -     "metadata" : { }
[2025-05-22T21:07:29.567+0530] {subprocess.py:93} INFO -   }, {
[2025-05-22T21:07:29.567+0530] {subprocess.py:93} INFO -     "name" : "improvement_surcharge",
[2025-05-22T21:07:29.567+0530] {subprocess.py:93} INFO -     "type" : "double",
[2025-05-22T21:07:29.567+0530] {subprocess.py:93} INFO -     "nullable" : true,
[2025-05-22T21:07:29.567+0530] {subprocess.py:93} INFO -     "metadata" : { }
[2025-05-22T21:07:29.567+0530] {subprocess.py:93} INFO -   }, {
[2025-05-22T21:07:29.568+0530] {subprocess.py:93} INFO -     "name" : "total_amount",
[2025-05-22T21:07:29.568+0530] {subprocess.py:93} INFO -     "type" : "double",
[2025-05-22T21:07:29.568+0530] {subprocess.py:93} INFO -     "nullable" : true,
[2025-05-22T21:07:29.568+0530] {subprocess.py:93} INFO -     "metadata" : { }
[2025-05-22T21:07:29.568+0530] {subprocess.py:93} INFO -   }, {
[2025-05-22T21:07:29.568+0530] {subprocess.py:93} INFO -     "name" : "trip_amt_INR",
[2025-05-22T21:07:29.568+0530] {subprocess.py:93} INFO -     "type" : "double",
[2025-05-22T21:07:29.569+0530] {subprocess.py:93} INFO -     "nullable" : true,
[2025-05-22T21:07:29.569+0530] {subprocess.py:93} INFO -     "metadata" : { }
[2025-05-22T21:07:29.569+0530] {subprocess.py:93} INFO -   }, {
[2025-05-22T21:07:29.569+0530] {subprocess.py:93} INFO -     "name" : "congestion_surcharge",
[2025-05-22T21:07:29.569+0530] {subprocess.py:93} INFO -     "type" : "double",
[2025-05-22T21:07:29.569+0530] {subprocess.py:93} INFO -     "nullable" : true,
[2025-05-22T21:07:29.569+0530] {subprocess.py:93} INFO -     "metadata" : { }
[2025-05-22T21:07:29.569+0530] {subprocess.py:93} INFO -   } ]
[2025-05-22T21:07:29.570+0530] {subprocess.py:93} INFO - }
[2025-05-22T21:07:29.570+0530] {subprocess.py:93} INFO - and corresponding Parquet message type:
[2025-05-22T21:07:29.570+0530] {subprocess.py:93} INFO - message spark_schema {
[2025-05-22T21:07:29.570+0530] {subprocess.py:93} INFO -   required int32 Payment_id;
[2025-05-22T21:07:29.570+0530] {subprocess.py:93} INFO -   required int32 Trip_id;
[2025-05-22T21:07:29.570+0530] {subprocess.py:93} INFO -   optional int32 payment_type;
[2025-05-22T21:07:29.571+0530] {subprocess.py:93} INFO -   optional double fare_amount;
[2025-05-22T21:07:29.571+0530] {subprocess.py:93} INFO -   optional double extra;
[2025-05-22T21:07:29.571+0530] {subprocess.py:93} INFO -   optional double mta_tax;
[2025-05-22T21:07:29.571+0530] {subprocess.py:93} INFO -   optional double tip_amount;
[2025-05-22T21:07:29.571+0530] {subprocess.py:93} INFO -   optional double tolls_amount;
[2025-05-22T21:07:29.571+0530] {subprocess.py:93} INFO -   optional double improvement_surcharge;
[2025-05-22T21:07:29.571+0530] {subprocess.py:93} INFO -   optional double total_amount;
[2025-05-22T21:07:29.572+0530] {subprocess.py:93} INFO -   optional double trip_amt_INR;
[2025-05-22T21:07:29.572+0530] {subprocess.py:93} INFO -   optional double congestion_surcharge;
[2025-05-22T21:07:29.572+0530] {subprocess.py:93} INFO - }
[2025-05-22T21:07:29.572+0530] {subprocess.py:93} INFO - 
[2025-05-22T21:07:29.572+0530] {subprocess.py:93} INFO - 
[2025-05-22T21:07:29.590+0530] {subprocess.py:93} INFO - 25/05/22 21:07:29 INFO ExternalAppendOnlyUnsafeRowArray: Reached spill threshold of 4096 rows, switching to org.apache.spark.util.collection.unsafe.sort.UnsafeExternalSorter
[2025-05-22T21:07:31.102+0530] {subprocess.py:93} INFO - 25/05/22 21:07:31 INFO FileOutputCommitter: Saved output of task 'attempt_202505222107286107543705926838529_0006_m_000000_18' to file:/home/pranav_shirali/airflow-project/scripts/ETL/nyc_taxi_payment.parquet/_temporary/0/task_202505222107286107543705926838529_0006_m_000000
[2025-05-22T21:07:31.103+0530] {subprocess.py:93} INFO - 25/05/22 21:07:31 INFO SparkHadoopMapRedUtil: attempt_202505222107286107543705926838529_0006_m_000000_18: Committed. Elapsed time: 1 ms.
[2025-05-22T21:07:31.105+0530] {subprocess.py:93} INFO - 25/05/22 21:07:31 INFO Executor: Finished task 0.0 in stage 6.0 (TID 18). 5872 bytes result sent to driver
[2025-05-22T21:07:31.106+0530] {subprocess.py:93} INFO - 25/05/22 21:07:31 INFO TaskSetManager: Finished task 0.0 in stage 6.0 (TID 18) in 2278 ms on 10.255.255.254 (executor driver) (1/1)
[2025-05-22T21:07:31.107+0530] {subprocess.py:93} INFO - 25/05/22 21:07:31 INFO TaskSchedulerImpl: Removed TaskSet 6.0, whose tasks have all completed, from pool
[2025-05-22T21:07:31.108+0530] {subprocess.py:93} INFO - 25/05/22 21:07:31 INFO DAGScheduler: ResultStage 6 (parquet at NativeMethodAccessorImpl.java:0) finished in 2.303 s
[2025-05-22T21:07:31.108+0530] {subprocess.py:93} INFO - 25/05/22 21:07:31 INFO DAGScheduler: Job 4 is finished. Cancelling potential speculative or zombie tasks for this job
[2025-05-22T21:07:31.108+0530] {subprocess.py:93} INFO - 25/05/22 21:07:31 INFO TaskSchedulerImpl: Killing all running tasks in stage 6: Stage finished
[2025-05-22T21:07:31.108+0530] {subprocess.py:93} INFO - 25/05/22 21:07:31 INFO DAGScheduler: Job 4 finished: parquet at NativeMethodAccessorImpl.java:0, took 2.309304 s
[2025-05-22T21:07:31.109+0530] {subprocess.py:93} INFO - 25/05/22 21:07:31 INFO FileFormatWriter: Start to commit write Job 3f4f5e9a-3841-4718-b735-fee745edc4ce.
[2025-05-22T21:07:31.120+0530] {subprocess.py:93} INFO - 25/05/22 21:07:31 INFO FileFormatWriter: Write Job 3f4f5e9a-3841-4718-b735-fee745edc4ce committed. Elapsed time: 10 ms.
[2025-05-22T21:07:31.121+0530] {subprocess.py:93} INFO - 25/05/22 21:07:31 INFO FileFormatWriter: Finished processing stats for write job 3f4f5e9a-3841-4718-b735-fee745edc4ce.
[2025-05-22T21:07:31.173+0530] {subprocess.py:93} INFO - 25/05/22 21:07:31 INFO SparkContext: Invoking stop() from shutdown hook
[2025-05-22T21:07:31.174+0530] {subprocess.py:93} INFO - 25/05/22 21:07:31 INFO SparkContext: SparkContext is stopping with exitCode 0.
[2025-05-22T21:07:31.183+0530] {subprocess.py:93} INFO - 25/05/22 21:07:31 INFO SparkUI: Stopped Spark web UI at http://10.255.255.254:4040
[2025-05-22T21:07:31.193+0530] {subprocess.py:93} INFO - 25/05/22 21:07:31 INFO MapOutputTrackerMasterEndpoint: MapOutputTrackerMasterEndpoint stopped!
[2025-05-22T21:07:31.210+0530] {subprocess.py:93} INFO - 25/05/22 21:07:31 INFO MemoryStore: MemoryStore cleared
[2025-05-22T21:07:31.210+0530] {subprocess.py:93} INFO - 25/05/22 21:07:31 INFO BlockManager: BlockManager stopped
[2025-05-22T21:07:31.212+0530] {subprocess.py:93} INFO - 25/05/22 21:07:31 INFO BlockManagerMaster: BlockManagerMaster stopped
[2025-05-22T21:07:31.214+0530] {subprocess.py:93} INFO - 25/05/22 21:07:31 INFO OutputCommitCoordinator$OutputCommitCoordinatorEndpoint: OutputCommitCoordinator stopped!
[2025-05-22T21:07:31.221+0530] {subprocess.py:93} INFO - 25/05/22 21:07:31 INFO SparkContext: Successfully stopped SparkContext
[2025-05-22T21:07:31.221+0530] {subprocess.py:93} INFO - 25/05/22 21:07:31 INFO ShutdownHookManager: Shutdown hook called
[2025-05-22T21:07:31.222+0530] {subprocess.py:93} INFO - 25/05/22 21:07:31 INFO ShutdownHookManager: Deleting directory /tmp/spark-0343a9eb-b633-42f4-8852-ea69474e6bc5
[2025-05-22T21:07:31.224+0530] {subprocess.py:93} INFO - 25/05/22 21:07:31 INFO ShutdownHookManager: Deleting directory /tmp/spark-b79cca6a-f47d-4c21-844f-f0f09118163c
[2025-05-22T21:07:31.227+0530] {subprocess.py:93} INFO - 25/05/22 21:07:31 INFO ShutdownHookManager: Deleting directory /tmp/spark-b79cca6a-f47d-4c21-844f-f0f09118163c/pyspark-ec5233b9-c95c-4446-a40d-0f6e7cc28e78
[2025-05-22T21:07:31.285+0530] {subprocess.py:97} INFO - Command exited with return code 0
[2025-05-22T21:07:31.302+0530] {taskinstance.py:340} INFO - ::group::Post task execution logs
[2025-05-22T21:07:31.303+0530] {taskinstance.py:352} INFO - Marking task as SUCCESS. dag_id=nyc_taxi_etl, task_id=transform_data, run_id=manual__2025-05-22T15:36:11.316994+00:00, execution_date=20250522T153611, start_date=20250522T153711, end_date=20250522T153731
[2025-05-22T21:07:31.359+0530] {local_task_job_runner.py:266} INFO - Task exited with return code 0
[2025-05-22T21:07:31.369+0530] {taskinstance.py:3900} INFO - 1 downstream tasks scheduled from follow-on schedule check
[2025-05-22T21:07:31.372+0530] {local_task_job_runner.py:245} INFO - ::endgroup::
