[2025-05-19T19:42:08.471+0530] {local_task_job_runner.py:123} INFO - ::group::Pre task execution logs
[2025-05-19T19:42:08.477+0530] {taskinstance.py:2612} INFO - Dependencies all met for dep_context=non-requeueable deps ti=<TaskInstance: nyc_taxi_etl.extract_from_azure manual__2025-05-19T14:12:03.718893+00:00 [queued]>
[2025-05-19T19:42:08.481+0530] {taskinstance.py:2612} INFO - Dependencies all met for dep_context=requeueable deps ti=<TaskInstance: nyc_taxi_etl.extract_from_azure manual__2025-05-19T14:12:03.718893+00:00 [queued]>
[2025-05-19T19:42:08.481+0530] {taskinstance.py:2865} INFO - Starting attempt 1 of 1
[2025-05-19T19:42:08.491+0530] {taskinstance.py:2888} INFO - Executing <Task(BashOperator): extract_from_azure> on 2025-05-19 14:12:03.718893+00:00
[2025-05-19T19:42:08.493+0530] {standard_task_runner.py:72} INFO - Started process 29415 to run task
[2025-05-19T19:42:08.496+0530] {standard_task_runner.py:104} INFO - Running: ['airflow', 'tasks', 'run', 'nyc_taxi_etl', 'extract_from_azure', 'manual__2025-05-19T14:12:03.718893+00:00', '--job-id', '81', '--raw', '--subdir', 'DAGS_FOLDER/nyc_taxi_etl.py', '--cfg-path', '/tmp/tmptszxm692']
[2025-05-19T19:42:08.497+0530] {standard_task_runner.py:105} INFO - Job 81: Subtask extract_from_azure
[2025-05-19T19:42:08.518+0530] {task_command.py:467} INFO - Running <TaskInstance: nyc_taxi_etl.extract_from_azure manual__2025-05-19T14:12:03.718893+00:00 [running]> on host Voldemort.
[2025-05-19T19:42:08.560+0530] {taskinstance.py:3131} INFO - Exporting env vars: AIRFLOW_CTX_DAG_OWNER='airflow' AIRFLOW_CTX_DAG_ID='nyc_taxi_etl' AIRFLOW_CTX_TASK_ID='extract_from_azure' AIRFLOW_CTX_EXECUTION_DATE='2025-05-19T14:12:03.718893+00:00' AIRFLOW_CTX_TRY_NUMBER='1' AIRFLOW_CTX_DAG_RUN_ID='manual__2025-05-19T14:12:03.718893+00:00'
[2025-05-19T19:42:08.561+0530] {taskinstance.py:731} INFO - ::endgroup::
[2025-05-19T19:42:08.568+0530] {subprocess.py:63} INFO - Tmp dir root location: /tmp
[2025-05-19T19:42:08.568+0530] {subprocess.py:75} INFO - Running command: ['/usr/bin/bash', '-c', '/opt/spark/bin/spark-submit /home/pranav_shirali/airflow-project/scripts/ETL/extract.py']
[2025-05-19T19:42:08.573+0530] {subprocess.py:86} INFO - Output:
[2025-05-19T19:42:09.892+0530] {subprocess.py:93} INFO - 25/05/19 19:42:09 WARN Utils: Your hostname, Voldemort resolves to a loopback address: 127.0.1.1; using 10.255.255.254 instead (on interface lo)
[2025-05-19T19:42:09.894+0530] {subprocess.py:93} INFO - 25/05/19 19:42:09 WARN Utils: Set SPARK_LOCAL_IP if you need to bind to another address
[2025-05-19T19:42:10.675+0530] {subprocess.py:93} INFO - 25/05/19 19:42:10 INFO SparkContext: Running Spark version 3.5.5
[2025-05-19T19:42:10.675+0530] {subprocess.py:93} INFO - 25/05/19 19:42:10 INFO SparkContext: OS info Linux, 5.15.167.4-microsoft-standard-WSL2, amd64
[2025-05-19T19:42:10.676+0530] {subprocess.py:93} INFO - 25/05/19 19:42:10 INFO SparkContext: Java version 11.0.27
[2025-05-19T19:42:10.730+0530] {subprocess.py:93} INFO - 25/05/19 19:42:10 WARN NativeCodeLoader: Unable to load native-hadoop library for your platform... using builtin-java classes where applicable
[2025-05-19T19:42:10.815+0530] {subprocess.py:93} INFO - 25/05/19 19:42:10 INFO ResourceUtils: ==============================================================
[2025-05-19T19:42:10.815+0530] {subprocess.py:93} INFO - 25/05/19 19:42:10 INFO ResourceUtils: No custom resources configured for spark.driver.
[2025-05-19T19:42:10.816+0530] {subprocess.py:93} INFO - 25/05/19 19:42:10 INFO ResourceUtils: ==============================================================
[2025-05-19T19:42:10.816+0530] {subprocess.py:93} INFO - 25/05/19 19:42:10 INFO SparkContext: Submitted application: NYC Taxi Extract
[2025-05-19T19:42:10.839+0530] {subprocess.py:93} INFO - 25/05/19 19:42:10 INFO ResourceProfile: Default ResourceProfile created, executor resources: Map(cores -> name: cores, amount: 1, script: , vendor: , memory -> name: memory, amount: 1024, script: , vendor: , offHeap -> name: offHeap, amount: 0, script: , vendor: ), task resources: Map(cpus -> name: cpus, amount: 1.0)
[2025-05-19T19:42:10.852+0530] {subprocess.py:93} INFO - 25/05/19 19:42:10 INFO ResourceProfile: Limiting resource is cpu
[2025-05-19T19:42:10.853+0530] {subprocess.py:93} INFO - 25/05/19 19:42:10 INFO ResourceProfileManager: Added ResourceProfile id: 0
[2025-05-19T19:42:10.908+0530] {subprocess.py:93} INFO - 25/05/19 19:42:10 INFO SecurityManager: Changing view acls to: pranav_shirali
[2025-05-19T19:42:10.909+0530] {subprocess.py:93} INFO - 25/05/19 19:42:10 INFO SecurityManager: Changing modify acls to: pranav_shirali
[2025-05-19T19:42:10.909+0530] {subprocess.py:93} INFO - 25/05/19 19:42:10 INFO SecurityManager: Changing view acls groups to:
[2025-05-19T19:42:10.909+0530] {subprocess.py:93} INFO - 25/05/19 19:42:10 INFO SecurityManager: Changing modify acls groups to:
[2025-05-19T19:42:10.910+0530] {subprocess.py:93} INFO - 25/05/19 19:42:10 INFO SecurityManager: SecurityManager: authentication disabled; ui acls disabled; users with view permissions: pranav_shirali; groups with view permissions: EMPTY; users with modify permissions: pranav_shirali; groups with modify permissions: EMPTY
[2025-05-19T19:42:11.130+0530] {subprocess.py:93} INFO - 25/05/19 19:42:11 INFO Utils: Successfully started service 'sparkDriver' on port 35579.
[2025-05-19T19:42:11.156+0530] {subprocess.py:93} INFO - 25/05/19 19:42:11 INFO SparkEnv: Registering MapOutputTracker
[2025-05-19T19:42:11.184+0530] {subprocess.py:93} INFO - 25/05/19 19:42:11 INFO SparkEnv: Registering BlockManagerMaster
[2025-05-19T19:42:11.197+0530] {subprocess.py:93} INFO - 25/05/19 19:42:11 INFO BlockManagerMasterEndpoint: Using org.apache.spark.storage.DefaultTopologyMapper for getting topology information
[2025-05-19T19:42:11.197+0530] {subprocess.py:93} INFO - 25/05/19 19:42:11 INFO BlockManagerMasterEndpoint: BlockManagerMasterEndpoint up
[2025-05-19T19:42:11.201+0530] {subprocess.py:93} INFO - 25/05/19 19:42:11 INFO SparkEnv: Registering BlockManagerMasterHeartbeat
[2025-05-19T19:42:11.220+0530] {subprocess.py:93} INFO - 25/05/19 19:42:11 INFO DiskBlockManager: Created local directory at /tmp/blockmgr-72943794-ee1b-4591-8c69-196965ed3422
[2025-05-19T19:42:11.231+0530] {subprocess.py:93} INFO - 25/05/19 19:42:11 INFO MemoryStore: MemoryStore started with capacity 434.4 MiB
[2025-05-19T19:42:11.243+0530] {subprocess.py:93} INFO - 25/05/19 19:42:11 INFO SparkEnv: Registering OutputCommitCoordinator
[2025-05-19T19:42:11.356+0530] {subprocess.py:93} INFO - 25/05/19 19:42:11 INFO JettyUtils: Start Jetty 0.0.0.0:4040 for SparkUI
[2025-05-19T19:42:11.397+0530] {subprocess.py:93} INFO - 25/05/19 19:42:11 INFO Utils: Successfully started service 'SparkUI' on port 4040.
[2025-05-19T19:42:11.425+0530] {subprocess.py:93} INFO - 25/05/19 19:42:11 INFO SparkContext: Added JAR /opt/spark/jars/hadoop-azure-3.3.1.jar at spark://10.255.255.254:35579/jars/hadoop-azure-3.3.1.jar with timestamp 1747663930668
[2025-05-19T19:42:11.425+0530] {subprocess.py:93} INFO - 25/05/19 19:42:11 INFO SparkContext: Added JAR /opt/spark/jars/azure-storage-8.6.6.jar at spark://10.255.255.254:35579/jars/azure-storage-8.6.6.jar with timestamp 1747663930668
[2025-05-19T19:42:11.426+0530] {subprocess.py:93} INFO - 25/05/19 19:42:11 INFO SparkContext: Added JAR /opt/spark/jars/hadoop-azure-datalake-3.3.1.jar at spark://10.255.255.254:35579/jars/hadoop-azure-datalake-3.3.1.jar with timestamp 1747663930668
[2025-05-19T19:42:11.476+0530] {subprocess.py:93} INFO - 25/05/19 19:42:11 INFO Executor: Starting executor ID driver on host 10.255.255.254
[2025-05-19T19:42:11.476+0530] {subprocess.py:93} INFO - 25/05/19 19:42:11 INFO Executor: OS info Linux, 5.15.167.4-microsoft-standard-WSL2, amd64
[2025-05-19T19:42:11.476+0530] {subprocess.py:93} INFO - 25/05/19 19:42:11 INFO Executor: Java version 11.0.27
[2025-05-19T19:42:11.482+0530] {subprocess.py:93} INFO - 25/05/19 19:42:11 INFO Executor: Starting executor with user classpath (userClassPathFirst = false): ''
[2025-05-19T19:42:11.483+0530] {subprocess.py:93} INFO - 25/05/19 19:42:11 INFO Executor: Created or updated repl class loader org.apache.spark.util.MutableURLClassLoader@1805635c for default.
[2025-05-19T19:42:11.493+0530] {subprocess.py:93} INFO - 25/05/19 19:42:11 INFO Executor: Fetching spark://10.255.255.254:35579/jars/hadoop-azure-datalake-3.3.1.jar with timestamp 1747663930668
[2025-05-19T19:42:11.541+0530] {subprocess.py:93} INFO - 25/05/19 19:42:11 INFO TransportClientFactory: Successfully created connection to /10.255.255.254:35579 after 24 ms (0 ms spent in bootstraps)
[2025-05-19T19:42:11.546+0530] {subprocess.py:93} INFO - 25/05/19 19:42:11 INFO Utils: Fetching spark://10.255.255.254:35579/jars/hadoop-azure-datalake-3.3.1.jar to /tmp/spark-56ace6f2-6172-4879-b863-36b10b459720/userFiles-a6c999c2-6f8d-4ceb-bc94-511db5802ce2/fetchFileTemp5790710178221326928.tmp
[2025-05-19T19:42:11.572+0530] {subprocess.py:93} INFO - 25/05/19 19:42:11 INFO Executor: Adding file:/tmp/spark-56ace6f2-6172-4879-b863-36b10b459720/userFiles-a6c999c2-6f8d-4ceb-bc94-511db5802ce2/hadoop-azure-datalake-3.3.1.jar to class loader default
[2025-05-19T19:42:11.572+0530] {subprocess.py:93} INFO - 25/05/19 19:42:11 INFO Executor: Fetching spark://10.255.255.254:35579/jars/hadoop-azure-3.3.1.jar with timestamp 1747663930668
[2025-05-19T19:42:11.573+0530] {subprocess.py:93} INFO - 25/05/19 19:42:11 INFO Utils: Fetching spark://10.255.255.254:35579/jars/hadoop-azure-3.3.1.jar to /tmp/spark-56ace6f2-6172-4879-b863-36b10b459720/userFiles-a6c999c2-6f8d-4ceb-bc94-511db5802ce2/fetchFileTemp3789785713702155628.tmp
[2025-05-19T19:42:11.580+0530] {subprocess.py:93} INFO - 25/05/19 19:42:11 INFO Executor: Adding file:/tmp/spark-56ace6f2-6172-4879-b863-36b10b459720/userFiles-a6c999c2-6f8d-4ceb-bc94-511db5802ce2/hadoop-azure-3.3.1.jar to class loader default
[2025-05-19T19:42:11.580+0530] {subprocess.py:93} INFO - 25/05/19 19:42:11 INFO Executor: Fetching spark://10.255.255.254:35579/jars/azure-storage-8.6.6.jar with timestamp 1747663930668
[2025-05-19T19:42:11.581+0530] {subprocess.py:93} INFO - 25/05/19 19:42:11 INFO Utils: Fetching spark://10.255.255.254:35579/jars/azure-storage-8.6.6.jar to /tmp/spark-56ace6f2-6172-4879-b863-36b10b459720/userFiles-a6c999c2-6f8d-4ceb-bc94-511db5802ce2/fetchFileTemp7789427540593300162.tmp
[2025-05-19T19:42:11.589+0530] {subprocess.py:93} INFO - 25/05/19 19:42:11 INFO Executor: Adding file:/tmp/spark-56ace6f2-6172-4879-b863-36b10b459720/userFiles-a6c999c2-6f8d-4ceb-bc94-511db5802ce2/azure-storage-8.6.6.jar to class loader default
[2025-05-19T19:42:11.597+0530] {subprocess.py:93} INFO - 25/05/19 19:42:11 INFO Utils: Successfully started service 'org.apache.spark.network.netty.NettyBlockTransferService' on port 45167.
[2025-05-19T19:42:11.597+0530] {subprocess.py:93} INFO - 25/05/19 19:42:11 INFO NettyBlockTransferService: Server created on 10.255.255.254:45167
[2025-05-19T19:42:11.599+0530] {subprocess.py:93} INFO - 25/05/19 19:42:11 INFO BlockManager: Using org.apache.spark.storage.RandomBlockReplicationPolicy for block replication policy
[2025-05-19T19:42:11.603+0530] {subprocess.py:93} INFO - 25/05/19 19:42:11 INFO BlockManagerMaster: Registering BlockManager BlockManagerId(driver, 10.255.255.254, 45167, None)
[2025-05-19T19:42:11.605+0530] {subprocess.py:93} INFO - 25/05/19 19:42:11 INFO BlockManagerMasterEndpoint: Registering block manager 10.255.255.254:45167 with 434.4 MiB RAM, BlockManagerId(driver, 10.255.255.254, 45167, None)
[2025-05-19T19:42:11.607+0530] {subprocess.py:93} INFO - 25/05/19 19:42:11 INFO BlockManagerMaster: Registered BlockManager BlockManagerId(driver, 10.255.255.254, 45167, None)
[2025-05-19T19:42:11.608+0530] {subprocess.py:93} INFO - 25/05/19 19:42:11 INFO BlockManager: Initialized BlockManager: BlockManagerId(driver, 10.255.255.254, 45167, None)
[2025-05-19T19:42:11.967+0530] {subprocess.py:93} INFO - 25/05/19 19:42:11 INFO SharedState: Setting hive.metastore.warehouse.dir ('null') to the value of spark.sql.warehouse.dir.
[2025-05-19T19:42:11.974+0530] {subprocess.py:93} INFO - 25/05/19 19:42:11 INFO SharedState: Warehouse path is 'file:/tmp/airflowtmp01bax1eq/spark-warehouse'.
[2025-05-19T19:42:14.890+0530] {subprocess.py:93} INFO - 25/05/19 19:42:14 INFO InMemoryFileIndex: It took 364 ms to list leaf files for 1 paths.
[2025-05-19T19:42:15.287+0530] {subprocess.py:93} INFO - 25/05/19 19:42:15 INFO SparkContext: Starting job: parquet at NativeMethodAccessorImpl.java:0
[2025-05-19T19:42:15.300+0530] {subprocess.py:93} INFO - 25/05/19 19:42:15 INFO DAGScheduler: Got job 0 (parquet at NativeMethodAccessorImpl.java:0) with 1 output partitions
[2025-05-19T19:42:15.300+0530] {subprocess.py:93} INFO - 25/05/19 19:42:15 INFO DAGScheduler: Final stage: ResultStage 0 (parquet at NativeMethodAccessorImpl.java:0)
[2025-05-19T19:42:15.301+0530] {subprocess.py:93} INFO - 25/05/19 19:42:15 INFO DAGScheduler: Parents of final stage: List()
[2025-05-19T19:42:15.302+0530] {subprocess.py:93} INFO - 25/05/19 19:42:15 INFO DAGScheduler: Missing parents: List()
[2025-05-19T19:42:15.305+0530] {subprocess.py:93} INFO - 25/05/19 19:42:15 INFO DAGScheduler: Submitting ResultStage 0 (MapPartitionsRDD[1] at parquet at NativeMethodAccessorImpl.java:0), which has no missing parents
[2025-05-19T19:42:15.364+0530] {subprocess.py:93} INFO - 25/05/19 19:42:15 INFO MemoryStore: Block broadcast_0 stored as values in memory (estimated size 104.4 KiB, free 434.3 MiB)
[2025-05-19T19:42:15.391+0530] {subprocess.py:93} INFO - 25/05/19 19:42:15 INFO MemoryStore: Block broadcast_0_piece0 stored as bytes in memory (estimated size 37.8 KiB, free 434.3 MiB)
[2025-05-19T19:42:15.394+0530] {subprocess.py:93} INFO - 25/05/19 19:42:15 INFO BlockManagerInfo: Added broadcast_0_piece0 in memory on 10.255.255.254:45167 (size: 37.8 KiB, free: 434.4 MiB)
[2025-05-19T19:42:15.398+0530] {subprocess.py:93} INFO - 25/05/19 19:42:15 INFO SparkContext: Created broadcast 0 from broadcast at DAGScheduler.scala:1585
[2025-05-19T19:42:15.414+0530] {subprocess.py:93} INFO - 25/05/19 19:42:15 INFO DAGScheduler: Submitting 1 missing tasks from ResultStage 0 (MapPartitionsRDD[1] at parquet at NativeMethodAccessorImpl.java:0) (first 15 tasks are for partitions Vector(0))
[2025-05-19T19:42:15.415+0530] {subprocess.py:93} INFO - 25/05/19 19:42:15 INFO TaskSchedulerImpl: Adding task set 0.0 with 1 tasks resource profile 0
[2025-05-19T19:42:15.475+0530] {subprocess.py:93} INFO - 25/05/19 19:42:15 INFO TaskSetManager: Starting task 0.0 in stage 0.0 (TID 0) (10.255.255.254, executor driver, partition 0, PROCESS_LOCAL, 9523 bytes)
[2025-05-19T19:42:15.488+0530] {subprocess.py:93} INFO - 25/05/19 19:42:15 INFO Executor: Running task 0.0 in stage 0.0 (TID 0)
[2025-05-19T19:42:16.470+0530] {subprocess.py:93} INFO - 25/05/19 19:42:16 INFO Executor: Finished task 0.0 in stage 0.0 (TID 0). 2578 bytes result sent to driver
[2025-05-19T19:42:16.480+0530] {subprocess.py:93} INFO - 25/05/19 19:42:16 INFO TaskSetManager: Finished task 0.0 in stage 0.0 (TID 0) in 1023 ms on 10.255.255.254 (executor driver) (1/1)
[2025-05-19T19:42:16.481+0530] {subprocess.py:93} INFO - 25/05/19 19:42:16 INFO TaskSchedulerImpl: Removed TaskSet 0.0, whose tasks have all completed, from pool
[2025-05-19T19:42:16.485+0530] {subprocess.py:93} INFO - 25/05/19 19:42:16 INFO DAGScheduler: ResultStage 0 (parquet at NativeMethodAccessorImpl.java:0) finished in 1.168 s
[2025-05-19T19:42:16.487+0530] {subprocess.py:93} INFO - 25/05/19 19:42:16 INFO DAGScheduler: Job 0 is finished. Cancelling potential speculative or zombie tasks for this job
[2025-05-19T19:42:16.487+0530] {subprocess.py:93} INFO - 25/05/19 19:42:16 INFO TaskSchedulerImpl: Killing all running tasks in stage 0: Stage finished
[2025-05-19T19:42:16.488+0530] {subprocess.py:93} INFO - 25/05/19 19:42:16 INFO DAGScheduler: Job 0 finished: parquet at NativeMethodAccessorImpl.java:0, took 1.201237 s
[2025-05-19T19:42:16.593+0530] {subprocess.py:93} INFO - 25/05/19 19:42:16 INFO BlockManagerInfo: Removed broadcast_0_piece0 on 10.255.255.254:45167 in memory (size: 37.8 KiB, free: 434.4 MiB)
[2025-05-19T19:42:17.437+0530] {subprocess.py:93} INFO - 25/05/19 19:42:17 INFO FileSourceStrategy: Pushed Filters:
[2025-05-19T19:42:17.438+0530] {subprocess.py:93} INFO - 25/05/19 19:42:17 INFO FileSourceStrategy: Post-Scan Filters:
[2025-05-19T19:42:17.528+0530] {subprocess.py:93} INFO - 25/05/19 19:42:17 INFO ParquetUtils: Using default output committer for Parquet: org.apache.parquet.hadoop.ParquetOutputCommitter
[2025-05-19T19:42:17.552+0530] {subprocess.py:93} INFO - 25/05/19 19:42:17 INFO FileOutputCommitter: File Output Committer Algorithm version is 1
[2025-05-19T19:42:17.552+0530] {subprocess.py:93} INFO - 25/05/19 19:42:17 INFO FileOutputCommitter: FileOutputCommitter skip cleanup _temporary folders under output directory:false, ignore cleanup failures: false
[2025-05-19T19:42:17.553+0530] {subprocess.py:93} INFO - 25/05/19 19:42:17 INFO SQLHadoopMapReduceCommitProtocol: Using user defined output committer class org.apache.parquet.hadoop.ParquetOutputCommitter
[2025-05-19T19:42:17.554+0530] {subprocess.py:93} INFO - 25/05/19 19:42:17 INFO FileOutputCommitter: File Output Committer Algorithm version is 1
[2025-05-19T19:42:17.554+0530] {subprocess.py:93} INFO - 25/05/19 19:42:17 INFO FileOutputCommitter: FileOutputCommitter skip cleanup _temporary folders under output directory:false, ignore cleanup failures: false
[2025-05-19T19:42:17.554+0530] {subprocess.py:93} INFO - 25/05/19 19:42:17 INFO SQLHadoopMapReduceCommitProtocol: Using output committer class org.apache.parquet.hadoop.ParquetOutputCommitter
[2025-05-19T19:42:17.805+0530] {subprocess.py:93} INFO - 25/05/19 19:42:17 INFO CodeGenerator: Code generated in 171.990628 ms
[2025-05-19T19:42:17.822+0530] {subprocess.py:93} INFO - 25/05/19 19:42:17 INFO MemoryStore: Block broadcast_1 stored as values in memory (estimated size 204.9 KiB, free 434.2 MiB)
[2025-05-19T19:42:17.833+0530] {subprocess.py:93} INFO - 25/05/19 19:42:17 INFO MemoryStore: Block broadcast_1_piece0 stored as bytes in memory (estimated size 36.4 KiB, free 434.2 MiB)
[2025-05-19T19:42:17.834+0530] {subprocess.py:93} INFO - 25/05/19 19:42:17 INFO BlockManagerInfo: Added broadcast_1_piece0 in memory on 10.255.255.254:45167 (size: 36.4 KiB, free: 434.4 MiB)
[2025-05-19T19:42:17.835+0530] {subprocess.py:93} INFO - 25/05/19 19:42:17 INFO SparkContext: Created broadcast 1 from parquet at NativeMethodAccessorImpl.java:0
[2025-05-19T19:42:17.852+0530] {subprocess.py:93} INFO - 25/05/19 19:42:17 INFO FileSourceScanExec: Planning scan with bin packing, max size: 4194304 bytes, open cost is considered as scanning 4194304 bytes.
[2025-05-19T19:42:17.885+0530] {subprocess.py:93} INFO - 25/05/19 19:42:17 INFO SparkContext: Starting job: parquet at NativeMethodAccessorImpl.java:0
[2025-05-19T19:42:17.886+0530] {subprocess.py:93} INFO - 25/05/19 19:42:17 INFO DAGScheduler: Got job 1 (parquet at NativeMethodAccessorImpl.java:0) with 10 output partitions
[2025-05-19T19:42:17.886+0530] {subprocess.py:93} INFO - 25/05/19 19:42:17 INFO DAGScheduler: Final stage: ResultStage 1 (parquet at NativeMethodAccessorImpl.java:0)
[2025-05-19T19:42:17.887+0530] {subprocess.py:93} INFO - 25/05/19 19:42:17 INFO DAGScheduler: Parents of final stage: List()
[2025-05-19T19:42:17.887+0530] {subprocess.py:93} INFO - 25/05/19 19:42:17 INFO DAGScheduler: Missing parents: List()
[2025-05-19T19:42:17.888+0530] {subprocess.py:93} INFO - 25/05/19 19:42:17 INFO DAGScheduler: Submitting ResultStage 1 (MapPartitionsRDD[5] at parquet at NativeMethodAccessorImpl.java:0), which has no missing parents
[2025-05-19T19:42:17.934+0530] {subprocess.py:93} INFO - 25/05/19 19:42:17 INFO MemoryStore: Block broadcast_2 stored as values in memory (estimated size 230.5 KiB, free 433.9 MiB)
[2025-05-19T19:42:17.940+0530] {subprocess.py:93} INFO - 25/05/19 19:42:17 INFO MemoryStore: Block broadcast_2_piece0 stored as bytes in memory (estimated size 81.1 KiB, free 433.9 MiB)
[2025-05-19T19:42:17.942+0530] {subprocess.py:93} INFO - 25/05/19 19:42:17 INFO BlockManagerInfo: Added broadcast_2_piece0 in memory on 10.255.255.254:45167 (size: 81.1 KiB, free: 434.3 MiB)
[2025-05-19T19:42:17.942+0530] {subprocess.py:93} INFO - 25/05/19 19:42:17 INFO SparkContext: Created broadcast 2 from broadcast at DAGScheduler.scala:1585
[2025-05-19T19:42:17.943+0530] {subprocess.py:93} INFO - 25/05/19 19:42:17 INFO DAGScheduler: Submitting 10 missing tasks from ResultStage 1 (MapPartitionsRDD[5] at parquet at NativeMethodAccessorImpl.java:0) (first 15 tasks are for partitions Vector(0, 1, 2, 3, 4, 5, 6, 7, 8, 9))
[2025-05-19T19:42:17.944+0530] {subprocess.py:93} INFO - 25/05/19 19:42:17 INFO TaskSchedulerImpl: Adding task set 1.0 with 10 tasks resource profile 0
[2025-05-19T19:42:17.948+0530] {subprocess.py:93} INFO - 25/05/19 19:42:17 INFO TaskSetManager: Starting task 0.0 in stage 1.0 (TID 1) (10.255.255.254, executor driver, partition 0, PROCESS_LOCAL, 10028 bytes)
[2025-05-19T19:42:17.949+0530] {subprocess.py:93} INFO - 25/05/19 19:42:17 INFO TaskSetManager: Starting task 1.0 in stage 1.0 (TID 2) (10.255.255.254, executor driver, partition 1, PROCESS_LOCAL, 10028 bytes)
[2025-05-19T19:42:17.950+0530] {subprocess.py:93} INFO - 25/05/19 19:42:17 INFO TaskSetManager: Starting task 2.0 in stage 1.0 (TID 3) (10.255.255.254, executor driver, partition 2, PROCESS_LOCAL, 10028 bytes)
[2025-05-19T19:42:17.950+0530] {subprocess.py:93} INFO - 25/05/19 19:42:17 INFO TaskSetManager: Starting task 3.0 in stage 1.0 (TID 4) (10.255.255.254, executor driver, partition 3, PROCESS_LOCAL, 10028 bytes)
[2025-05-19T19:42:17.950+0530] {subprocess.py:93} INFO - 25/05/19 19:42:17 INFO TaskSetManager: Starting task 4.0 in stage 1.0 (TID 5) (10.255.255.254, executor driver, partition 4, PROCESS_LOCAL, 10028 bytes)
[2025-05-19T19:42:17.951+0530] {subprocess.py:93} INFO - 25/05/19 19:42:17 INFO TaskSetManager: Starting task 5.0 in stage 1.0 (TID 6) (10.255.255.254, executor driver, partition 5, PROCESS_LOCAL, 10028 bytes)
[2025-05-19T19:42:17.951+0530] {subprocess.py:93} INFO - 25/05/19 19:42:17 INFO TaskSetManager: Starting task 6.0 in stage 1.0 (TID 7) (10.255.255.254, executor driver, partition 6, PROCESS_LOCAL, 10028 bytes)
[2025-05-19T19:42:17.952+0530] {subprocess.py:93} INFO - 25/05/19 19:42:17 INFO TaskSetManager: Starting task 7.0 in stage 1.0 (TID 8) (10.255.255.254, executor driver, partition 7, PROCESS_LOCAL, 10028 bytes)
[2025-05-19T19:42:17.952+0530] {subprocess.py:93} INFO - 25/05/19 19:42:17 INFO TaskSetManager: Starting task 8.0 in stage 1.0 (TID 9) (10.255.255.254, executor driver, partition 8, PROCESS_LOCAL, 10028 bytes)
[2025-05-19T19:42:17.952+0530] {subprocess.py:93} INFO - 25/05/19 19:42:17 INFO TaskSetManager: Starting task 9.0 in stage 1.0 (TID 10) (10.255.255.254, executor driver, partition 9, PROCESS_LOCAL, 10028 bytes)
[2025-05-19T19:42:17.953+0530] {subprocess.py:93} INFO - 25/05/19 19:42:17 INFO Executor: Running task 0.0 in stage 1.0 (TID 1)
[2025-05-19T19:42:17.955+0530] {subprocess.py:93} INFO - 25/05/19 19:42:17 INFO Executor: Running task 3.0 in stage 1.0 (TID 4)
[2025-05-19T19:42:17.955+0530] {subprocess.py:93} INFO - 25/05/19 19:42:17 INFO Executor: Running task 1.0 in stage 1.0 (TID 2)
[2025-05-19T19:42:17.955+0530] {subprocess.py:93} INFO - 25/05/19 19:42:17 INFO Executor: Running task 2.0 in stage 1.0 (TID 3)
[2025-05-19T19:42:17.962+0530] {subprocess.py:93} INFO - 25/05/19 19:42:17 INFO Executor: Running task 4.0 in stage 1.0 (TID 5)
[2025-05-19T19:42:17.966+0530] {subprocess.py:93} INFO - 25/05/19 19:42:17 INFO Executor: Running task 5.0 in stage 1.0 (TID 6)
[2025-05-19T19:42:17.967+0530] {subprocess.py:93} INFO - 25/05/19 19:42:17 INFO Executor: Running task 6.0 in stage 1.0 (TID 7)
[2025-05-19T19:42:17.968+0530] {subprocess.py:93} INFO - 25/05/19 19:42:17 INFO Executor: Running task 7.0 in stage 1.0 (TID 8)
[2025-05-19T19:42:17.970+0530] {subprocess.py:93} INFO - 25/05/19 19:42:17 INFO Executor: Running task 9.0 in stage 1.0 (TID 10)
[2025-05-19T19:42:17.972+0530] {subprocess.py:93} INFO - 25/05/19 19:42:17 INFO Executor: Running task 8.0 in stage 1.0 (TID 9)
[2025-05-19T19:42:18.120+0530] {subprocess.py:93} INFO - 25/05/19 19:42:18 INFO CodeGenerator: Code generated in 35.136601 ms
[2025-05-19T19:42:18.129+0530] {subprocess.py:93} INFO - 25/05/19 19:42:18 INFO FileOutputCommitter: File Output Committer Algorithm version is 1
[2025-05-19T19:42:18.130+0530] {subprocess.py:93} INFO - 25/05/19 19:42:18 INFO FileOutputCommitter: File Output Committer Algorithm version is 1
[2025-05-19T19:42:18.130+0530] {subprocess.py:93} INFO - 25/05/19 19:42:18 INFO FileOutputCommitter: File Output Committer Algorithm version is 1
[2025-05-19T19:42:18.130+0530] {subprocess.py:93} INFO - 25/05/19 19:42:18 INFO FileOutputCommitter: FileOutputCommitter skip cleanup _temporary folders under output directory:false, ignore cleanup failures: false
[2025-05-19T19:42:18.130+0530] {subprocess.py:93} INFO - 25/05/19 19:42:18 INFO FileOutputCommitter: File Output Committer Algorithm version is 1
[2025-05-19T19:42:18.131+0530] {subprocess.py:93} INFO - 25/05/19 19:42:18 INFO FileOutputCommitter: File Output Committer Algorithm version is 1
[2025-05-19T19:42:18.131+0530] {subprocess.py:93} INFO - 25/05/19 19:42:18 INFO FileOutputCommitter: FileOutputCommitter skip cleanup _temporary folders under output directory:false, ignore cleanup failures: false
[2025-05-19T19:42:18.131+0530] {subprocess.py:93} INFO - 25/05/19 19:42:18 INFO FileOutputCommitter: FileOutputCommitter skip cleanup _temporary folders under output directory:false, ignore cleanup failures: false
[2025-05-19T19:42:18.131+0530] {subprocess.py:93} INFO - 25/05/19 19:42:18 INFO SQLHadoopMapReduceCommitProtocol: Using user defined output committer class org.apache.parquet.hadoop.ParquetOutputCommitter
[2025-05-19T19:42:18.131+0530] {subprocess.py:93} INFO - 25/05/19 19:42:18 INFO SQLHadoopMapReduceCommitProtocol: Using user defined output committer class org.apache.parquet.hadoop.ParquetOutputCommitter
[2025-05-19T19:42:18.131+0530] {subprocess.py:93} INFO - 25/05/19 19:42:18 INFO FileOutputCommitter: File Output Committer Algorithm version is 1
[2025-05-19T19:42:18.131+0530] {subprocess.py:93} INFO - 25/05/19 19:42:18 INFO FileOutputCommitter: FileOutputCommitter skip cleanup _temporary folders under output directory:false, ignore cleanup failures: false
[2025-05-19T19:42:18.131+0530] {subprocess.py:93} INFO - 25/05/19 19:42:18 INFO FileOutputCommitter: File Output Committer Algorithm version is 1
[2025-05-19T19:42:18.132+0530] {subprocess.py:93} INFO - 25/05/19 19:42:18 INFO FileOutputCommitter: File Output Committer Algorithm version is 1
[2025-05-19T19:42:18.132+0530] {subprocess.py:93} INFO - 25/05/19 19:42:18 INFO FileOutputCommitter: FileOutputCommitter skip cleanup _temporary folders under output directory:false, ignore cleanup failures: false
[2025-05-19T19:42:18.132+0530] {subprocess.py:93} INFO - 25/05/19 19:42:18 INFO FileOutputCommitter: FileOutputCommitter skip cleanup _temporary folders under output directory:false, ignore cleanup failures: false
[2025-05-19T19:42:18.132+0530] {subprocess.py:93} INFO - 25/05/19 19:42:18 INFO FileOutputCommitter: File Output Committer Algorithm version is 1
[2025-05-19T19:42:18.132+0530] {subprocess.py:93} INFO - 25/05/19 19:42:18 INFO FileOutputCommitter: FileOutputCommitter skip cleanup _temporary folders under output directory:false, ignore cleanup failures: false
[2025-05-19T19:42:18.132+0530] {subprocess.py:93} INFO - 25/05/19 19:42:18 INFO SQLHadoopMapReduceCommitProtocol: Using output committer class org.apache.parquet.hadoop.ParquetOutputCommitter
[2025-05-19T19:42:18.133+0530] {subprocess.py:93} INFO - 25/05/19 19:42:18 INFO SQLHadoopMapReduceCommitProtocol: Using user defined output committer class org.apache.parquet.hadoop.ParquetOutputCommitter
[2025-05-19T19:42:18.133+0530] {subprocess.py:93} INFO - 25/05/19 19:42:18 INFO SQLHadoopMapReduceCommitProtocol: Using user defined output committer class org.apache.parquet.hadoop.ParquetOutputCommitter
[2025-05-19T19:42:18.133+0530] {subprocess.py:93} INFO - 25/05/19 19:42:18 INFO FileOutputCommitter: File Output Committer Algorithm version is 1
[2025-05-19T19:42:18.133+0530] {subprocess.py:93} INFO - 25/05/19 19:42:18 INFO FileOutputCommitter: FileOutputCommitter skip cleanup _temporary folders under output directory:false, ignore cleanup failures: false
[2025-05-19T19:42:18.133+0530] {subprocess.py:93} INFO - 25/05/19 19:42:18 INFO FileOutputCommitter: File Output Committer Algorithm version is 1
[2025-05-19T19:42:18.133+0530] {subprocess.py:93} INFO - 25/05/19 19:42:18 INFO SQLHadoopMapReduceCommitProtocol: Using user defined output committer class org.apache.parquet.hadoop.ParquetOutputCommitter
[2025-05-19T19:42:18.133+0530] {subprocess.py:93} INFO - 25/05/19 19:42:18 INFO FileOutputCommitter: FileOutputCommitter skip cleanup _temporary folders under output directory:false, ignore cleanup failures: false
[2025-05-19T19:42:18.133+0530] {subprocess.py:93} INFO - 25/05/19 19:42:18 INFO FileOutputCommitter: File Output Committer Algorithm version is 1
[2025-05-19T19:42:18.133+0530] {subprocess.py:93} INFO - 25/05/19 19:42:18 INFO FileOutputCommitter: FileOutputCommitter skip cleanup _temporary folders under output directory:false, ignore cleanup failures: false
[2025-05-19T19:42:18.133+0530] {subprocess.py:93} INFO - 25/05/19 19:42:18 INFO SQLHadoopMapReduceCommitProtocol: Using output committer class org.apache.parquet.hadoop.ParquetOutputCommitter
[2025-05-19T19:42:18.133+0530] {subprocess.py:93} INFO - 25/05/19 19:42:18 INFO FileScanRDD: Reading File path: abfss://nyc-taxi-data@tietoevryproject1.dfs.core.windows.net/part.0.parquet, range: 4194304-8388608, partition values: [empty row]
[2025-05-19T19:42:18.134+0530] {subprocess.py:93} INFO - 25/05/19 19:42:18 INFO SQLHadoopMapReduceCommitProtocol: Using output committer class org.apache.parquet.hadoop.ParquetOutputCommitter
[2025-05-19T19:42:18.134+0530] {subprocess.py:93} INFO - 25/05/19 19:42:18 INFO SQLHadoopMapReduceCommitProtocol: Using output committer class org.apache.parquet.hadoop.ParquetOutputCommitter
[2025-05-19T19:42:18.134+0530] {subprocess.py:93} INFO - 25/05/19 19:42:18 INFO FileScanRDD: Reading File path: abfss://nyc-taxi-data@tietoevryproject1.dfs.core.windows.net/part.0.parquet, range: 8388608-12582912, partition values: [empty row]
[2025-05-19T19:42:18.134+0530] {subprocess.py:93} INFO - 25/05/19 19:42:18 INFO FileScanRDD: Reading File path: abfss://nyc-taxi-data@tietoevryproject1.dfs.core.windows.net/part.0.parquet, range: 29360128-33554432, partition values: [empty row]
[2025-05-19T19:42:18.134+0530] {subprocess.py:93} INFO - 25/05/19 19:42:18 INFO FileOutputCommitter: File Output Committer Algorithm version is 1
[2025-05-19T19:42:18.134+0530] {subprocess.py:93} INFO - 25/05/19 19:42:18 INFO FileOutputCommitter: File Output Committer Algorithm version is 1
[2025-05-19T19:42:18.134+0530] {subprocess.py:93} INFO - 25/05/19 19:42:18 INFO FileOutputCommitter: FileOutputCommitter skip cleanup _temporary folders under output directory:false, ignore cleanup failures: false
[2025-05-19T19:42:18.135+0530] {subprocess.py:93} INFO - 25/05/19 19:42:18 INFO FileOutputCommitter: FileOutputCommitter skip cleanup _temporary folders under output directory:false, ignore cleanup failures: false
[2025-05-19T19:42:18.135+0530] {subprocess.py:93} INFO - 25/05/19 19:42:18 INFO FileOutputCommitter: File Output Committer Algorithm version is 1
[2025-05-19T19:42:18.135+0530] {subprocess.py:93} INFO - 25/05/19 19:42:18 INFO FileOutputCommitter: FileOutputCommitter skip cleanup _temporary folders under output directory:false, ignore cleanup failures: false
[2025-05-19T19:42:18.135+0530] {subprocess.py:93} INFO - 25/05/19 19:42:18 INFO SQLHadoopMapReduceCommitProtocol: Using user defined output committer class org.apache.parquet.hadoop.ParquetOutputCommitter
[2025-05-19T19:42:18.135+0530] {subprocess.py:93} INFO - 25/05/19 19:42:18 INFO FileOutputCommitter: File Output Committer Algorithm version is 1
[2025-05-19T19:42:18.136+0530] {subprocess.py:93} INFO - 25/05/19 19:42:18 INFO FileOutputCommitter: FileOutputCommitter skip cleanup _temporary folders under output directory:false, ignore cleanup failures: false
[2025-05-19T19:42:18.136+0530] {subprocess.py:93} INFO - 25/05/19 19:42:18 INFO SQLHadoopMapReduceCommitProtocol: Using user defined output committer class org.apache.parquet.hadoop.ParquetOutputCommitter
[2025-05-19T19:42:18.136+0530] {subprocess.py:93} INFO - 25/05/19 19:42:18 INFO FileOutputCommitter: File Output Committer Algorithm version is 1
[2025-05-19T19:42:18.136+0530] {subprocess.py:93} INFO - 25/05/19 19:42:18 INFO FileOutputCommitter: FileOutputCommitter skip cleanup _temporary folders under output directory:false, ignore cleanup failures: false
[2025-05-19T19:42:18.136+0530] {subprocess.py:93} INFO - 25/05/19 19:42:18 INFO SQLHadoopMapReduceCommitProtocol: Using output committer class org.apache.parquet.hadoop.ParquetOutputCommitter
[2025-05-19T19:42:18.136+0530] {subprocess.py:93} INFO - 25/05/19 19:42:18 INFO SQLHadoopMapReduceCommitProtocol: Using output committer class org.apache.parquet.hadoop.ParquetOutputCommitter
[2025-05-19T19:42:18.136+0530] {subprocess.py:93} INFO - 25/05/19 19:42:18 INFO FileScanRDD: Reading File path: abfss://nyc-taxi-data@tietoevryproject1.dfs.core.windows.net/part.0.parquet, range: 16777216-20971520, partition values: [empty row]
[2025-05-19T19:42:18.136+0530] {subprocess.py:93} INFO - 25/05/19 19:42:18 INFO FileScanRDD: Reading File path: abfss://nyc-taxi-data@tietoevryproject1.dfs.core.windows.net/part.0.parquet, range: 37748736-38266309, partition values: [empty row]
[2025-05-19T19:42:18.136+0530] {subprocess.py:93} INFO - 25/05/19 19:42:18 INFO SQLHadoopMapReduceCommitProtocol: Using output committer class org.apache.parquet.hadoop.ParquetOutputCommitter
[2025-05-19T19:42:18.136+0530] {subprocess.py:93} INFO - 25/05/19 19:42:18 INFO FileScanRDD: Reading File path: abfss://nyc-taxi-data@tietoevryproject1.dfs.core.windows.net/part.0.parquet, range: 33554432-37748736, partition values: [empty row]
[2025-05-19T19:42:18.137+0530] {subprocess.py:93} INFO - 25/05/19 19:42:18 INFO SQLHadoopMapReduceCommitProtocol: Using user defined output committer class org.apache.parquet.hadoop.ParquetOutputCommitter
[2025-05-19T19:42:18.137+0530] {subprocess.py:93} INFO - 25/05/19 19:42:18 INFO FileOutputCommitter: FileOutputCommitter skip cleanup _temporary folders under output directory:false, ignore cleanup failures: false
[2025-05-19T19:42:18.137+0530] {subprocess.py:93} INFO - 25/05/19 19:42:18 INFO FileOutputCommitter: File Output Committer Algorithm version is 1
[2025-05-19T19:42:18.137+0530] {subprocess.py:93} INFO - 25/05/19 19:42:18 INFO FileOutputCommitter: FileOutputCommitter skip cleanup _temporary folders under output directory:false, ignore cleanup failures: false
[2025-05-19T19:42:18.137+0530] {subprocess.py:93} INFO - 25/05/19 19:42:18 INFO FileOutputCommitter: FileOutputCommitter skip cleanup _temporary folders under output directory:false, ignore cleanup failures: false
[2025-05-19T19:42:18.137+0530] {subprocess.py:93} INFO - 25/05/19 19:42:18 INFO SQLHadoopMapReduceCommitProtocol: Using user defined output committer class org.apache.parquet.hadoop.ParquetOutputCommitter
[2025-05-19T19:42:18.137+0530] {subprocess.py:93} INFO - 25/05/19 19:42:18 INFO SQLHadoopMapReduceCommitProtocol: Using output committer class org.apache.parquet.hadoop.ParquetOutputCommitter
[2025-05-19T19:42:18.137+0530] {subprocess.py:93} INFO - 25/05/19 19:42:18 INFO FileOutputCommitter: File Output Committer Algorithm version is 1
[2025-05-19T19:42:18.137+0530] {subprocess.py:93} INFO - 25/05/19 19:42:18 INFO FileOutputCommitter: FileOutputCommitter skip cleanup _temporary folders under output directory:false, ignore cleanup failures: false
[2025-05-19T19:42:18.138+0530] {subprocess.py:93} INFO - 25/05/19 19:42:18 INFO SQLHadoopMapReduceCommitProtocol: Using user defined output committer class org.apache.parquet.hadoop.ParquetOutputCommitter
[2025-05-19T19:42:18.138+0530] {subprocess.py:93} INFO - 25/05/19 19:42:18 INFO FileOutputCommitter: File Output Committer Algorithm version is 1
[2025-05-19T19:42:18.138+0530] {subprocess.py:93} INFO - 25/05/19 19:42:18 INFO FileScanRDD: Reading File path: abfss://nyc-taxi-data@tietoevryproject1.dfs.core.windows.net/part.0.parquet, range: 25165824-29360128, partition values: [empty row]
[2025-05-19T19:42:18.138+0530] {subprocess.py:93} INFO - 25/05/19 19:42:18 INFO FileOutputCommitter: FileOutputCommitter skip cleanup _temporary folders under output directory:false, ignore cleanup failures: false
[2025-05-19T19:42:18.138+0530] {subprocess.py:93} INFO - 25/05/19 19:42:18 INFO SQLHadoopMapReduceCommitProtocol: Using output committer class org.apache.parquet.hadoop.ParquetOutputCommitter
[2025-05-19T19:42:18.138+0530] {subprocess.py:93} INFO - 25/05/19 19:42:18 INFO FileScanRDD: Reading File path: abfss://nyc-taxi-data@tietoevryproject1.dfs.core.windows.net/part.0.parquet, range: 20971520-25165824, partition values: [empty row]
[2025-05-19T19:42:18.138+0530] {subprocess.py:93} INFO - 25/05/19 19:42:18 INFO SQLHadoopMapReduceCommitProtocol: Using output committer class org.apache.parquet.hadoop.ParquetOutputCommitter
[2025-05-19T19:42:18.138+0530] {subprocess.py:93} INFO - 25/05/19 19:42:18 INFO FileScanRDD: Reading File path: abfss://nyc-taxi-data@tietoevryproject1.dfs.core.windows.net/part.0.parquet, range: 12582912-16777216, partition values: [empty row]
[2025-05-19T19:42:18.138+0530] {subprocess.py:93} INFO - 25/05/19 19:42:18 INFO CodecConfig: Compression: SNAPPY
[2025-05-19T19:42:18.141+0530] {subprocess.py:93} INFO - 25/05/19 19:42:18 INFO CodecConfig: Compression: SNAPPY
[2025-05-19T19:42:18.156+0530] {subprocess.py:93} INFO - 25/05/19 19:42:18 INFO ParquetOutputFormat: ParquetRecordWriter [block size: 134217728b, row group padding size: 8388608b, validating: false]
[2025-05-19T19:42:18.179+0530] {subprocess.py:93} INFO - 25/05/19 19:42:18 INFO ParquetWriteSupport: Initialized Parquet WriteSupport with Catalyst schema:
[2025-05-19T19:42:18.180+0530] {subprocess.py:93} INFO - {
[2025-05-19T19:42:18.180+0530] {subprocess.py:93} INFO -   "type" : "struct",
[2025-05-19T19:42:18.180+0530] {subprocess.py:93} INFO -   "fields" : [ {
[2025-05-19T19:42:18.180+0530] {subprocess.py:93} INFO -     "name" : "VendorID",
[2025-05-19T19:42:18.180+0530] {subprocess.py:93} INFO -     "type" : "short",
[2025-05-19T19:42:18.180+0530] {subprocess.py:93} INFO -     "nullable" : true,
[2025-05-19T19:42:18.180+0530] {subprocess.py:93} INFO -     "metadata" : { }
[2025-05-19T19:42:18.180+0530] {subprocess.py:93} INFO -   }, {
[2025-05-19T19:42:18.180+0530] {subprocess.py:93} INFO -     "name" : "tpep_pickup_datetime",
[2025-05-19T19:42:18.180+0530] {subprocess.py:93} INFO -     "type" : "timestamp_ntz",
[2025-05-19T19:42:18.180+0530] {subprocess.py:93} INFO -     "nullable" : true,
[2025-05-19T19:42:18.181+0530] {subprocess.py:93} INFO -     "metadata" : { }
[2025-05-19T19:42:18.181+0530] {subprocess.py:93} INFO -   }, {
[2025-05-19T19:42:18.181+0530] {subprocess.py:93} INFO -     "name" : "tpep_dropoff_datetime",
[2025-05-19T19:42:18.181+0530] {subprocess.py:93} INFO -     "type" : "timestamp_ntz",
[2025-05-19T19:42:18.181+0530] {subprocess.py:93} INFO -     "nullable" : true,
[2025-05-19T19:42:18.181+0530] {subprocess.py:93} INFO -     "metadata" : { }
[2025-05-19T19:42:18.181+0530] {subprocess.py:93} INFO -   }, {
[2025-05-19T19:42:18.181+0530] {subprocess.py:93} INFO -     "name" : "passenger_count",
[2025-05-19T19:42:18.181+0530] {subprocess.py:93} INFO -     "type" : "short",
[2025-05-19T19:42:18.181+0530] {subprocess.py:93} INFO -     "nullable" : true,
[2025-05-19T19:42:18.181+0530] {subprocess.py:93} INFO -     "metadata" : { }
[2025-05-19T19:42:18.181+0530] {subprocess.py:93} INFO -   }, {
[2025-05-19T19:42:18.181+0530] {subprocess.py:93} INFO -     "name" : "trip_distance",
[2025-05-19T19:42:18.181+0530] {subprocess.py:93} INFO -     "type" : "double",
[2025-05-19T19:42:18.182+0530] {subprocess.py:93} INFO -     "nullable" : true,
[2025-05-19T19:42:18.182+0530] {subprocess.py:93} INFO -     "metadata" : { }
[2025-05-19T19:42:18.182+0530] {subprocess.py:93} INFO -   }, {
[2025-05-19T19:42:18.182+0530] {subprocess.py:93} INFO -     "name" : "RatecodeID",
[2025-05-19T19:42:18.182+0530] {subprocess.py:93} INFO -     "type" : "short",
[2025-05-19T19:42:18.182+0530] {subprocess.py:93} INFO -     "nullable" : true,
[2025-05-19T19:42:18.182+0530] {subprocess.py:93} INFO -     "metadata" : { }
[2025-05-19T19:42:18.182+0530] {subprocess.py:93} INFO -   }, {
[2025-05-19T19:42:18.182+0530] {subprocess.py:93} INFO -     "name" : "store_and_fwd_flag",
[2025-05-19T19:42:18.182+0530] {subprocess.py:93} INFO -     "type" : "string",
[2025-05-19T19:42:18.182+0530] {subprocess.py:93} INFO -     "nullable" : true,
[2025-05-19T19:42:18.183+0530] {subprocess.py:93} INFO -     "metadata" : { }
[2025-05-19T19:42:18.183+0530] {subprocess.py:93} INFO -   }, {
[2025-05-19T19:42:18.183+0530] {subprocess.py:93} INFO -     "name" : "PULocationID",
[2025-05-19T19:42:18.183+0530] {subprocess.py:93} INFO -     "type" : "integer",
[2025-05-19T19:42:18.183+0530] {subprocess.py:93} INFO -     "nullable" : true,
[2025-05-19T19:42:18.183+0530] {subprocess.py:93} INFO -     "metadata" : { }
[2025-05-19T19:42:18.183+0530] {subprocess.py:93} INFO -   }, {
[2025-05-19T19:42:18.183+0530] {subprocess.py:93} INFO -     "name" : "DOLocationID",
[2025-05-19T19:42:18.183+0530] {subprocess.py:93} INFO -     "type" : "integer",
[2025-05-19T19:42:18.183+0530] {subprocess.py:93} INFO -     "nullable" : true,
[2025-05-19T19:42:18.183+0530] {subprocess.py:93} INFO -     "metadata" : { }
[2025-05-19T19:42:18.184+0530] {subprocess.py:93} INFO -   }, {
[2025-05-19T19:42:18.184+0530] {subprocess.py:93} INFO -     "name" : "payment_type",
[2025-05-19T19:42:18.184+0530] {subprocess.py:93} INFO -     "type" : "short",
[2025-05-19T19:42:18.184+0530] {subprocess.py:93} INFO -     "nullable" : true,
[2025-05-19T19:42:18.184+0530] {subprocess.py:93} INFO -     "metadata" : { }
[2025-05-19T19:42:18.184+0530] {subprocess.py:93} INFO -   }, {
[2025-05-19T19:42:18.184+0530] {subprocess.py:93} INFO -     "name" : "fare_amount",
[2025-05-19T19:42:18.184+0530] {subprocess.py:93} INFO -     "type" : "double",
[2025-05-19T19:42:18.184+0530] {subprocess.py:93} INFO -     "nullable" : true,
[2025-05-19T19:42:18.184+0530] {subprocess.py:93} INFO -     "metadata" : { }
[2025-05-19T19:42:18.184+0530] {subprocess.py:93} INFO -   }, {
[2025-05-19T19:42:18.185+0530] {subprocess.py:93} INFO -     "name" : "extra",
[2025-05-19T19:42:18.185+0530] {subprocess.py:93} INFO -     "type" : "double",
[2025-05-19T19:42:18.185+0530] {subprocess.py:93} INFO -     "nullable" : true,
[2025-05-19T19:42:18.185+0530] {subprocess.py:93} INFO -     "metadata" : { }
[2025-05-19T19:42:18.185+0530] {subprocess.py:93} INFO -   }, {
[2025-05-19T19:42:18.185+0530] {subprocess.py:93} INFO -     "name" : "mta_tax",
[2025-05-19T19:42:18.185+0530] {subprocess.py:93} INFO -     "type" : "double",
[2025-05-19T19:42:18.185+0530] {subprocess.py:93} INFO -     "nullable" : true,
[2025-05-19T19:42:18.185+0530] {subprocess.py:93} INFO -     "metadata" : { }
[2025-05-19T19:42:18.185+0530] {subprocess.py:93} INFO -   }, {
[2025-05-19T19:42:18.185+0530] {subprocess.py:93} INFO -     "name" : "tip_amount",
[2025-05-19T19:42:18.186+0530] {subprocess.py:93} INFO -     "type" : "double",
[2025-05-19T19:42:18.186+0530] {subprocess.py:93} INFO -     "nullable" : true,
[2025-05-19T19:42:18.186+0530] {subprocess.py:93} INFO -     "metadata" : { }
[2025-05-19T19:42:18.186+0530] {subprocess.py:93} INFO -   }, {
[2025-05-19T19:42:18.186+0530] {subprocess.py:93} INFO -     "name" : "tolls_amount",
[2025-05-19T19:42:18.186+0530] {subprocess.py:93} INFO -     "type" : "double",
[2025-05-19T19:42:18.186+0530] {subprocess.py:93} INFO -     "nullable" : true,
[2025-05-19T19:42:18.186+0530] {subprocess.py:93} INFO -     "metadata" : { }
[2025-05-19T19:42:18.186+0530] {subprocess.py:93} INFO -   }, {
[2025-05-19T19:42:18.186+0530] {subprocess.py:93} INFO -     "name" : "improvement_surcharge",
[2025-05-19T19:42:18.187+0530] {subprocess.py:93} INFO -     "type" : "double",
[2025-05-19T19:42:18.187+0530] {subprocess.py:93} INFO -     "nullable" : true,
[2025-05-19T19:42:18.187+0530] {subprocess.py:93} INFO -     "metadata" : { }
[2025-05-19T19:42:18.187+0530] {subprocess.py:93} INFO -   }, {
[2025-05-19T19:42:18.187+0530] {subprocess.py:93} INFO -     "name" : "total_amount",
[2025-05-19T19:42:18.187+0530] {subprocess.py:93} INFO -     "type" : "double",
[2025-05-19T19:42:18.187+0530] {subprocess.py:93} INFO -     "nullable" : true,
[2025-05-19T19:42:18.187+0530] {subprocess.py:93} INFO -     "metadata" : { }
[2025-05-19T19:42:18.187+0530] {subprocess.py:93} INFO -   }, {
[2025-05-19T19:42:18.188+0530] {subprocess.py:93} INFO -     "name" : "congestion_surcharge",
[2025-05-19T19:42:18.188+0530] {subprocess.py:93} INFO -     "type" : "double",
[2025-05-19T19:42:18.188+0530] {subprocess.py:93} INFO -     "nullable" : true,
[2025-05-19T19:42:18.188+0530] {subprocess.py:93} INFO -     "metadata" : { }
[2025-05-19T19:42:18.188+0530] {subprocess.py:93} INFO -   }, {
[2025-05-19T19:42:18.188+0530] {subprocess.py:93} INFO -     "name" : "__null_dask_index__",
[2025-05-19T19:42:18.188+0530] {subprocess.py:93} INFO -     "type" : "long",
[2025-05-19T19:42:18.188+0530] {subprocess.py:93} INFO -     "nullable" : true,
[2025-05-19T19:42:18.188+0530] {subprocess.py:93} INFO -     "metadata" : { }
[2025-05-19T19:42:18.188+0530] {subprocess.py:93} INFO -   } ]
[2025-05-19T19:42:18.189+0530] {subprocess.py:93} INFO - }
[2025-05-19T19:42:18.189+0530] {subprocess.py:93} INFO - and corresponding Parquet message type:
[2025-05-19T19:42:18.189+0530] {subprocess.py:93} INFO - message spark_schema {
[2025-05-19T19:42:18.189+0530] {subprocess.py:93} INFO -   optional int32 VendorID (INTEGER(16,true));
[2025-05-19T19:42:18.189+0530] {subprocess.py:93} INFO -   optional int64 tpep_pickup_datetime (TIMESTAMP(MICROS,false));
[2025-05-19T19:42:18.189+0530] {subprocess.py:93} INFO -   optional int64 tpep_dropoff_datetime (TIMESTAMP(MICROS,false));
[2025-05-19T19:42:18.189+0530] {subprocess.py:93} INFO -   optional int32 passenger_count (INTEGER(16,true));
[2025-05-19T19:42:18.189+0530] {subprocess.py:93} INFO -   optional double trip_distance;
[2025-05-19T19:42:18.189+0530] {subprocess.py:93} INFO -   optional int32 RatecodeID (INTEGER(16,true));
[2025-05-19T19:42:18.190+0530] {subprocess.py:93} INFO -   optional binary store_and_fwd_flag (STRING);
[2025-05-19T19:42:18.190+0530] {subprocess.py:93} INFO -   optional int32 PULocationID;
[2025-05-19T19:42:18.190+0530] {subprocess.py:93} INFO -   optional int32 DOLocationID;
[2025-05-19T19:42:18.190+0530] {subprocess.py:93} INFO -   optional int32 payment_type (INTEGER(16,true));
[2025-05-19T19:42:18.190+0530] {subprocess.py:93} INFO -   optional double fare_amount;
[2025-05-19T19:42:18.190+0530] {subprocess.py:93} INFO -   optional double extra;
[2025-05-19T19:42:18.190+0530] {subprocess.py:93} INFO -   optional double mta_tax;
[2025-05-19T19:42:18.190+0530] {subprocess.py:93} INFO -   optional double tip_amount;
[2025-05-19T19:42:18.190+0530] {subprocess.py:93} INFO -   optional double tolls_amount;
[2025-05-19T19:42:18.190+0530] {subprocess.py:93} INFO -   optional double improvement_surcharge;
[2025-05-19T19:42:18.191+0530] {subprocess.py:93} INFO -   optional double total_amount;
[2025-05-19T19:42:18.191+0530] {subprocess.py:93} INFO -   optional double congestion_surcharge;
[2025-05-19T19:42:18.191+0530] {subprocess.py:93} INFO -   optional int64 __null_dask_index__;
[2025-05-19T19:42:18.191+0530] {subprocess.py:93} INFO - }
[2025-05-19T19:42:18.191+0530] {subprocess.py:93} INFO - 
[2025-05-19T19:42:18.191+0530] {subprocess.py:93} INFO - 
[2025-05-19T19:42:18.210+0530] {subprocess.py:93} INFO - 25/05/19 19:42:18 INFO CodecPool: Got brand-new compressor [.snappy]
[2025-05-19T19:42:18.381+0530] {subprocess.py:93} INFO - 25/05/19 19:42:18 INFO FileScanRDD: Reading File path: abfss://nyc-taxi-data@tietoevryproject1.dfs.core.windows.net/part.0.parquet, range: 0-4194304, partition values: [empty row]
[2025-05-19T19:42:19.483+0530] {subprocess.py:93} INFO - 25/05/19 19:42:19 INFO SparkHadoopMapRedUtil: No need to commit output of task because needsTaskCommit=false: attempt_202505191942178768070069930195021_0001_m_000007_8
[2025-05-19T19:42:19.497+0530] {subprocess.py:93} INFO - 25/05/19 19:42:19 INFO Executor: Finished task 7.0 in stage 1.0 (TID 8). 2692 bytes result sent to driver
[2025-05-19T19:42:19.500+0530] {subprocess.py:93} INFO - 25/05/19 19:42:19 INFO TaskSetManager: Finished task 7.0 in stage 1.0 (TID 8) in 1548 ms on 10.255.255.254 (executor driver) (1/10)
[2025-05-19T19:42:20.183+0530] {subprocess.py:93} INFO - 25/05/19 19:42:20 INFO SparkHadoopMapRedUtil: No need to commit output of task because needsTaskCommit=false: attempt_202505191942178768070069930195021_0001_m_000006_7
[2025-05-19T19:42:20.198+0530] {subprocess.py:93} INFO - 25/05/19 19:42:20 INFO Executor: Finished task 6.0 in stage 1.0 (TID 7). 2692 bytes result sent to driver
[2025-05-19T19:42:20.208+0530] {subprocess.py:93} INFO - 25/05/19 19:42:20 INFO SparkHadoopMapRedUtil: No need to commit output of task because needsTaskCommit=false: attempt_202505191942178768070069930195021_0001_m_000002_3
[2025-05-19T19:42:20.210+0530] {subprocess.py:93} INFO - 25/05/19 19:42:20 INFO Executor: Finished task 2.0 in stage 1.0 (TID 3). 2649 bytes result sent to driver
[2025-05-19T19:42:20.215+0530] {subprocess.py:93} INFO - 25/05/19 19:42:20 INFO TaskSetManager: Finished task 6.0 in stage 1.0 (TID 7) in 2264 ms on 10.255.255.254 (executor driver) (2/10)
[2025-05-19T19:42:20.216+0530] {subprocess.py:93} INFO - 25/05/19 19:42:20 INFO TaskSetManager: Finished task 2.0 in stage 1.0 (TID 3) in 2267 ms on 10.255.255.254 (executor driver) (3/10)
[2025-05-19T19:42:20.219+0530] {subprocess.py:93} INFO - 25/05/19 19:42:20 INFO SparkHadoopMapRedUtil: No need to commit output of task because needsTaskCommit=false: attempt_202505191942178768070069930195021_0001_m_000008_9
[2025-05-19T19:42:20.220+0530] {subprocess.py:93} INFO - 25/05/19 19:42:20 INFO Executor: Finished task 8.0 in stage 1.0 (TID 9). 2649 bytes result sent to driver
[2025-05-19T19:42:20.222+0530] {subprocess.py:93} INFO - 25/05/19 19:42:20 INFO TaskSetManager: Finished task 8.0 in stage 1.0 (TID 9) in 2269 ms on 10.255.255.254 (executor driver) (4/10)
[2025-05-19T19:42:20.241+0530] {subprocess.py:93} INFO - 25/05/19 19:42:20 INFO SparkHadoopMapRedUtil: No need to commit output of task because needsTaskCommit=false: attempt_202505191942178768070069930195021_0001_m_000001_2
[2025-05-19T19:42:20.242+0530] {subprocess.py:93} INFO - 25/05/19 19:42:20 INFO SparkHadoopMapRedUtil: No need to commit output of task because needsTaskCommit=false: attempt_202505191942178768070069930195021_0001_m_000003_4
[2025-05-19T19:42:20.242+0530] {subprocess.py:93} INFO - 25/05/19 19:42:20 INFO Executor: Finished task 1.0 in stage 1.0 (TID 2). 2649 bytes result sent to driver
[2025-05-19T19:42:20.242+0530] {subprocess.py:93} INFO - 25/05/19 19:42:20 INFO Executor: Finished task 3.0 in stage 1.0 (TID 4). 2649 bytes result sent to driver
[2025-05-19T19:42:20.244+0530] {subprocess.py:93} INFO - 25/05/19 19:42:20 INFO TaskSetManager: Finished task 1.0 in stage 1.0 (TID 2) in 2294 ms on 10.255.255.254 (executor driver) (5/10)
[2025-05-19T19:42:20.244+0530] {subprocess.py:93} INFO - 25/05/19 19:42:20 INFO TaskSetManager: Finished task 3.0 in stage 1.0 (TID 4) in 2294 ms on 10.255.255.254 (executor driver) (6/10)
[2025-05-19T19:42:20.255+0530] {subprocess.py:93} INFO - 25/05/19 19:42:20 INFO SparkHadoopMapRedUtil: No need to commit output of task because needsTaskCommit=false: attempt_202505191942178768070069930195021_0001_m_000005_6
[2025-05-19T19:42:20.262+0530] {subprocess.py:93} INFO - 25/05/19 19:42:20 INFO SparkHadoopMapRedUtil: No need to commit output of task because needsTaskCommit=false: attempt_202505191942178768070069930195021_0001_m_000009_10
[2025-05-19T19:42:20.262+0530] {subprocess.py:93} INFO - 25/05/19 19:42:20 INFO Executor: Finished task 5.0 in stage 1.0 (TID 6). 2692 bytes result sent to driver
[2025-05-19T19:42:20.263+0530] {subprocess.py:93} INFO - 25/05/19 19:42:20 INFO Executor: Finished task 9.0 in stage 1.0 (TID 10). 2649 bytes result sent to driver
[2025-05-19T19:42:20.263+0530] {subprocess.py:93} INFO - 25/05/19 19:42:20 INFO TaskSetManager: Finished task 5.0 in stage 1.0 (TID 6) in 2312 ms on 10.255.255.254 (executor driver) (7/10)
[2025-05-19T19:42:20.264+0530] {subprocess.py:93} INFO - 25/05/19 19:42:20 INFO TaskSetManager: Finished task 9.0 in stage 1.0 (TID 10) in 2312 ms on 10.255.255.254 (executor driver) (8/10)
[2025-05-19T19:42:20.566+0530] {subprocess.py:93} INFO - 25/05/19 19:42:20 INFO FileOutputCommitter: Saved output of task 'attempt_202505191942178768070069930195021_0001_m_000000_1' to file:/home/pranav_shirali/airflow-project/scripts/ETL/nyc_taxi_extracted.parquet/_temporary/0/task_202505191942178768070069930195021_0001_m_000000
[2025-05-19T19:42:20.567+0530] {subprocess.py:93} INFO - 25/05/19 19:42:20 INFO SparkHadoopMapRedUtil: attempt_202505191942178768070069930195021_0001_m_000000_1: Committed. Elapsed time: 1 ms.
[2025-05-19T19:42:20.574+0530] {subprocess.py:93} INFO - 25/05/19 19:42:20 INFO Executor: Finished task 0.0 in stage 1.0 (TID 1). 2735 bytes result sent to driver
[2025-05-19T19:42:20.575+0530] {subprocess.py:93} INFO - 25/05/19 19:42:20 INFO TaskSetManager: Finished task 0.0 in stage 1.0 (TID 1) in 2630 ms on 10.255.255.254 (executor driver) (9/10)
[2025-05-19T19:42:54.610+0530] {subprocess.py:93} INFO - 25/05/19 19:42:54 INFO CodecConfig: Compression: SNAPPY
[2025-05-19T19:42:54.611+0530] {subprocess.py:93} INFO - 25/05/19 19:42:54 INFO CodecConfig: Compression: SNAPPY
[2025-05-19T19:42:54.612+0530] {subprocess.py:93} INFO - 25/05/19 19:42:54 INFO ParquetOutputFormat: ParquetRecordWriter [block size: 134217728b, row group padding size: 8388608b, validating: false]
[2025-05-19T19:42:54.614+0530] {subprocess.py:93} INFO - 25/05/19 19:42:54 INFO ParquetWriteSupport: Initialized Parquet WriteSupport with Catalyst schema:
[2025-05-19T19:42:54.615+0530] {subprocess.py:93} INFO - {
[2025-05-19T19:42:54.615+0530] {subprocess.py:93} INFO -   "type" : "struct",
[2025-05-19T19:42:54.615+0530] {subprocess.py:93} INFO -   "fields" : [ {
[2025-05-19T19:42:54.615+0530] {subprocess.py:93} INFO -     "name" : "VendorID",
[2025-05-19T19:42:54.615+0530] {subprocess.py:93} INFO -     "type" : "short",
[2025-05-19T19:42:54.615+0530] {subprocess.py:93} INFO -     "nullable" : true,
[2025-05-19T19:42:54.615+0530] {subprocess.py:93} INFO -     "metadata" : { }
[2025-05-19T19:42:54.615+0530] {subprocess.py:93} INFO -   }, {
[2025-05-19T19:42:54.615+0530] {subprocess.py:93} INFO -     "name" : "tpep_pickup_datetime",
[2025-05-19T19:42:54.615+0530] {subprocess.py:93} INFO -     "type" : "timestamp_ntz",
[2025-05-19T19:42:54.615+0530] {subprocess.py:93} INFO -     "nullable" : true,
[2025-05-19T19:42:54.616+0530] {subprocess.py:93} INFO -     "metadata" : { }
[2025-05-19T19:42:54.616+0530] {subprocess.py:93} INFO -   }, {
[2025-05-19T19:42:54.616+0530] {subprocess.py:93} INFO -     "name" : "tpep_dropoff_datetime",
[2025-05-19T19:42:54.616+0530] {subprocess.py:93} INFO -     "type" : "timestamp_ntz",
[2025-05-19T19:42:54.616+0530] {subprocess.py:93} INFO -     "nullable" : true,
[2025-05-19T19:42:54.616+0530] {subprocess.py:93} INFO -     "metadata" : { }
[2025-05-19T19:42:54.616+0530] {subprocess.py:93} INFO -   }, {
[2025-05-19T19:42:54.616+0530] {subprocess.py:93} INFO -     "name" : "passenger_count",
[2025-05-19T19:42:54.616+0530] {subprocess.py:93} INFO -     "type" : "short",
[2025-05-19T19:42:54.616+0530] {subprocess.py:93} INFO -     "nullable" : true,
[2025-05-19T19:42:54.616+0530] {subprocess.py:93} INFO -     "metadata" : { }
[2025-05-19T19:42:54.617+0530] {subprocess.py:93} INFO -   }, {
[2025-05-19T19:42:54.617+0530] {subprocess.py:93} INFO -     "name" : "trip_distance",
[2025-05-19T19:42:54.617+0530] {subprocess.py:93} INFO -     "type" : "double",
[2025-05-19T19:42:54.617+0530] {subprocess.py:93} INFO -     "nullable" : true,
[2025-05-19T19:42:54.617+0530] {subprocess.py:93} INFO -     "metadata" : { }
[2025-05-19T19:42:54.617+0530] {subprocess.py:93} INFO -   }, {
[2025-05-19T19:42:54.617+0530] {subprocess.py:93} INFO -     "name" : "RatecodeID",
[2025-05-19T19:42:54.617+0530] {subprocess.py:93} INFO -     "type" : "short",
[2025-05-19T19:42:54.617+0530] {subprocess.py:93} INFO -     "nullable" : true,
[2025-05-19T19:42:54.617+0530] {subprocess.py:93} INFO -     "metadata" : { }
[2025-05-19T19:42:54.617+0530] {subprocess.py:93} INFO -   }, {
[2025-05-19T19:42:54.618+0530] {subprocess.py:93} INFO -     "name" : "store_and_fwd_flag",
[2025-05-19T19:42:54.618+0530] {subprocess.py:93} INFO -     "type" : "string",
[2025-05-19T19:42:54.618+0530] {subprocess.py:93} INFO -     "nullable" : true,
[2025-05-19T19:42:54.618+0530] {subprocess.py:93} INFO -     "metadata" : { }
[2025-05-19T19:42:54.618+0530] {subprocess.py:93} INFO -   }, {
[2025-05-19T19:42:54.618+0530] {subprocess.py:93} INFO -     "name" : "PULocationID",
[2025-05-19T19:42:54.618+0530] {subprocess.py:93} INFO -     "type" : "integer",
[2025-05-19T19:42:54.618+0530] {subprocess.py:93} INFO -     "nullable" : true,
[2025-05-19T19:42:54.618+0530] {subprocess.py:93} INFO -     "metadata" : { }
[2025-05-19T19:42:54.618+0530] {subprocess.py:93} INFO -   }, {
[2025-05-19T19:42:54.618+0530] {subprocess.py:93} INFO -     "name" : "DOLocationID",
[2025-05-19T19:42:54.618+0530] {subprocess.py:93} INFO -     "type" : "integer",
[2025-05-19T19:42:54.619+0530] {subprocess.py:93} INFO -     "nullable" : true,
[2025-05-19T19:42:54.619+0530] {subprocess.py:93} INFO -     "metadata" : { }
[2025-05-19T19:42:54.619+0530] {subprocess.py:93} INFO -   }, {
[2025-05-19T19:42:54.619+0530] {subprocess.py:93} INFO -     "name" : "payment_type",
[2025-05-19T19:42:54.619+0530] {subprocess.py:93} INFO -     "type" : "short",
[2025-05-19T19:42:54.619+0530] {subprocess.py:93} INFO -     "nullable" : true,
[2025-05-19T19:42:54.619+0530] {subprocess.py:93} INFO -     "metadata" : { }
[2025-05-19T19:42:54.619+0530] {subprocess.py:93} INFO -   }, {
[2025-05-19T19:42:54.619+0530] {subprocess.py:93} INFO -     "name" : "fare_amount",
[2025-05-19T19:42:54.619+0530] {subprocess.py:93} INFO -     "type" : "double",
[2025-05-19T19:42:54.619+0530] {subprocess.py:93} INFO -     "nullable" : true,
[2025-05-19T19:42:54.619+0530] {subprocess.py:93} INFO -     "metadata" : { }
[2025-05-19T19:42:54.620+0530] {subprocess.py:93} INFO -   }, {
[2025-05-19T19:42:54.620+0530] {subprocess.py:93} INFO -     "name" : "extra",
[2025-05-19T19:42:54.620+0530] {subprocess.py:93} INFO -     "type" : "double",
[2025-05-19T19:42:54.620+0530] {subprocess.py:93} INFO -     "nullable" : true,
[2025-05-19T19:42:54.620+0530] {subprocess.py:93} INFO -     "metadata" : { }
[2025-05-19T19:42:54.620+0530] {subprocess.py:93} INFO -   }, {
[2025-05-19T19:42:54.620+0530] {subprocess.py:93} INFO -     "name" : "mta_tax",
[2025-05-19T19:42:54.620+0530] {subprocess.py:93} INFO -     "type" : "double",
[2025-05-19T19:42:54.620+0530] {subprocess.py:93} INFO -     "nullable" : true,
[2025-05-19T19:42:54.620+0530] {subprocess.py:93} INFO -     "metadata" : { }
[2025-05-19T19:42:54.620+0530] {subprocess.py:93} INFO -   }, {
[2025-05-19T19:42:54.620+0530] {subprocess.py:93} INFO -     "name" : "tip_amount",
[2025-05-19T19:42:54.620+0530] {subprocess.py:93} INFO -     "type" : "double",
[2025-05-19T19:42:54.621+0530] {subprocess.py:93} INFO -     "nullable" : true,
[2025-05-19T19:42:54.621+0530] {subprocess.py:93} INFO -     "metadata" : { }
[2025-05-19T19:42:54.621+0530] {subprocess.py:93} INFO -   }, {
[2025-05-19T19:42:54.621+0530] {subprocess.py:93} INFO -     "name" : "tolls_amount",
[2025-05-19T19:42:54.621+0530] {subprocess.py:93} INFO -     "type" : "double",
[2025-05-19T19:42:54.621+0530] {subprocess.py:93} INFO -     "nullable" : true,
[2025-05-19T19:42:54.621+0530] {subprocess.py:93} INFO -     "metadata" : { }
[2025-05-19T19:42:54.621+0530] {subprocess.py:93} INFO -   }, {
[2025-05-19T19:42:54.621+0530] {subprocess.py:93} INFO -     "name" : "improvement_surcharge",
[2025-05-19T19:42:54.621+0530] {subprocess.py:93} INFO -     "type" : "double",
[2025-05-19T19:42:54.621+0530] {subprocess.py:93} INFO -     "nullable" : true,
[2025-05-19T19:42:54.621+0530] {subprocess.py:93} INFO -     "metadata" : { }
[2025-05-19T19:42:54.622+0530] {subprocess.py:93} INFO -   }, {
[2025-05-19T19:42:54.622+0530] {subprocess.py:93} INFO -     "name" : "total_amount",
[2025-05-19T19:42:54.622+0530] {subprocess.py:93} INFO -     "type" : "double",
[2025-05-19T19:42:54.622+0530] {subprocess.py:93} INFO -     "nullable" : true,
[2025-05-19T19:42:54.622+0530] {subprocess.py:93} INFO -     "metadata" : { }
[2025-05-19T19:42:54.622+0530] {subprocess.py:93} INFO -   }, {
[2025-05-19T19:42:54.622+0530] {subprocess.py:93} INFO -     "name" : "congestion_surcharge",
[2025-05-19T19:42:54.622+0530] {subprocess.py:93} INFO -     "type" : "double",
[2025-05-19T19:42:54.622+0530] {subprocess.py:93} INFO -     "nullable" : true,
[2025-05-19T19:42:54.622+0530] {subprocess.py:93} INFO -     "metadata" : { }
[2025-05-19T19:42:54.622+0530] {subprocess.py:93} INFO -   }, {
[2025-05-19T19:42:54.622+0530] {subprocess.py:93} INFO -     "name" : "__null_dask_index__",
[2025-05-19T19:42:54.623+0530] {subprocess.py:93} INFO -     "type" : "long",
[2025-05-19T19:42:54.623+0530] {subprocess.py:93} INFO -     "nullable" : true,
[2025-05-19T19:42:54.623+0530] {subprocess.py:93} INFO -     "metadata" : { }
[2025-05-19T19:42:54.623+0530] {subprocess.py:93} INFO -   } ]
[2025-05-19T19:42:54.623+0530] {subprocess.py:93} INFO - }
[2025-05-19T19:42:54.623+0530] {subprocess.py:93} INFO - and corresponding Parquet message type:
[2025-05-19T19:42:54.623+0530] {subprocess.py:93} INFO - message spark_schema {
[2025-05-19T19:42:54.623+0530] {subprocess.py:93} INFO -   optional int32 VendorID (INTEGER(16,true));
[2025-05-19T19:42:54.623+0530] {subprocess.py:93} INFO -   optional int64 tpep_pickup_datetime (TIMESTAMP(MICROS,false));
[2025-05-19T19:42:54.623+0530] {subprocess.py:93} INFO -   optional int64 tpep_dropoff_datetime (TIMESTAMP(MICROS,false));
[2025-05-19T19:42:54.623+0530] {subprocess.py:93} INFO -   optional int32 passenger_count (INTEGER(16,true));
[2025-05-19T19:42:54.623+0530] {subprocess.py:93} INFO -   optional double trip_distance;
[2025-05-19T19:42:54.624+0530] {subprocess.py:93} INFO -   optional int32 RatecodeID (INTEGER(16,true));
[2025-05-19T19:42:54.624+0530] {subprocess.py:93} INFO -   optional binary store_and_fwd_flag (STRING);
[2025-05-19T19:42:54.624+0530] {subprocess.py:93} INFO -   optional int32 PULocationID;
[2025-05-19T19:42:54.624+0530] {subprocess.py:93} INFO -   optional int32 DOLocationID;
[2025-05-19T19:42:54.624+0530] {subprocess.py:93} INFO -   optional int32 payment_type (INTEGER(16,true));
[2025-05-19T19:42:54.624+0530] {subprocess.py:93} INFO -   optional double fare_amount;
[2025-05-19T19:42:54.624+0530] {subprocess.py:93} INFO -   optional double extra;
[2025-05-19T19:42:54.624+0530] {subprocess.py:93} INFO -   optional double mta_tax;
[2025-05-19T19:42:54.624+0530] {subprocess.py:93} INFO -   optional double tip_amount;
[2025-05-19T19:42:54.624+0530] {subprocess.py:93} INFO -   optional double tolls_amount;
[2025-05-19T19:42:54.624+0530] {subprocess.py:93} INFO -   optional double improvement_surcharge;
[2025-05-19T19:42:54.624+0530] {subprocess.py:93} INFO -   optional double total_amount;
[2025-05-19T19:42:54.625+0530] {subprocess.py:93} INFO -   optional double congestion_surcharge;
[2025-05-19T19:42:54.625+0530] {subprocess.py:93} INFO -   optional int64 __null_dask_index__;
[2025-05-19T19:42:54.625+0530] {subprocess.py:93} INFO - }
[2025-05-19T19:42:54.625+0530] {subprocess.py:93} INFO - 
[2025-05-19T19:42:54.625+0530] {subprocess.py:93} INFO - 
[2025-05-19T19:42:56.997+0530] {subprocess.py:93} INFO - 25/05/19 19:42:56 INFO FileOutputCommitter: Saved output of task 'attempt_202505191942178768070069930195021_0001_m_000004_5' to file:/home/pranav_shirali/airflow-project/scripts/ETL/nyc_taxi_extracted.parquet/_temporary/0/task_202505191942178768070069930195021_0001_m_000004
[2025-05-19T19:42:56.997+0530] {subprocess.py:93} INFO - 25/05/19 19:42:56 INFO SparkHadoopMapRedUtil: attempt_202505191942178768070069930195021_0001_m_000004_5: Committed. Elapsed time: 0 ms.
[2025-05-19T19:42:56.999+0530] {subprocess.py:93} INFO - 25/05/19 19:42:56 INFO Executor: Finished task 4.0 in stage 1.0 (TID 5). 2778 bytes result sent to driver
[2025-05-19T19:42:57.000+0530] {subprocess.py:93} INFO - 25/05/19 19:42:57 INFO TaskSetManager: Finished task 4.0 in stage 1.0 (TID 5) in 39050 ms on 10.255.255.254 (executor driver) (10/10)
[2025-05-19T19:42:57.001+0530] {subprocess.py:93} INFO - 25/05/19 19:42:57 INFO TaskSchedulerImpl: Removed TaskSet 1.0, whose tasks have all completed, from pool
[2025-05-19T19:42:57.001+0530] {subprocess.py:93} INFO - 25/05/19 19:42:57 INFO DAGScheduler: ResultStage 1 (parquet at NativeMethodAccessorImpl.java:0) finished in 39.109 s
[2025-05-19T19:42:57.002+0530] {subprocess.py:93} INFO - 25/05/19 19:42:57 INFO DAGScheduler: Job 1 is finished. Cancelling potential speculative or zombie tasks for this job
[2025-05-19T19:42:57.002+0530] {subprocess.py:93} INFO - 25/05/19 19:42:57 INFO TaskSchedulerImpl: Killing all running tasks in stage 1: Stage finished
[2025-05-19T19:42:57.002+0530] {subprocess.py:93} INFO - 25/05/19 19:42:57 INFO DAGScheduler: Job 1 finished: parquet at NativeMethodAccessorImpl.java:0, took 36.150395 s
[2025-05-19T19:42:57.004+0530] {subprocess.py:93} INFO - 25/05/19 19:42:57 INFO FileFormatWriter: Start to commit write Job 59ec074a-bc52-4077-b6a5-062ff1727869.
[2025-05-19T19:42:57.017+0530] {subprocess.py:93} INFO - 25/05/19 19:42:57 INFO FileFormatWriter: Write Job 59ec074a-bc52-4077-b6a5-062ff1727869 committed. Elapsed time: 11 ms.
[2025-05-19T19:42:57.019+0530] {subprocess.py:93} INFO - 25/05/19 19:42:57 INFO FileFormatWriter: Finished processing stats for write job 59ec074a-bc52-4077-b6a5-062ff1727869.
[2025-05-19T19:42:57.062+0530] {subprocess.py:93} INFO - 25/05/19 19:42:57 INFO SparkContext: Invoking stop() from shutdown hook
[2025-05-19T19:42:57.062+0530] {subprocess.py:93} INFO - 25/05/19 19:42:57 INFO SparkContext: SparkContext is stopping with exitCode 0.
[2025-05-19T19:42:57.071+0530] {subprocess.py:93} INFO - 25/05/19 19:42:57 INFO SparkUI: Stopped Spark web UI at http://10.255.255.254:4040
[2025-05-19T19:42:57.081+0530] {subprocess.py:93} INFO - 25/05/19 19:42:57 INFO MapOutputTrackerMasterEndpoint: MapOutputTrackerMasterEndpoint stopped!
[2025-05-19T19:42:57.091+0530] {subprocess.py:93} INFO - 25/05/19 19:42:57 INFO MemoryStore: MemoryStore cleared
[2025-05-19T19:42:57.092+0530] {subprocess.py:93} INFO - 25/05/19 19:42:57 INFO BlockManager: BlockManager stopped
[2025-05-19T19:42:57.094+0530] {subprocess.py:93} INFO - 25/05/19 19:42:57 INFO BlockManagerMaster: BlockManagerMaster stopped
[2025-05-19T19:42:57.096+0530] {subprocess.py:93} INFO - 25/05/19 19:42:57 INFO OutputCommitCoordinator$OutputCommitCoordinatorEndpoint: OutputCommitCoordinator stopped!
[2025-05-19T19:42:57.102+0530] {subprocess.py:93} INFO - 25/05/19 19:42:57 INFO SparkContext: Successfully stopped SparkContext
[2025-05-19T19:42:57.103+0530] {subprocess.py:93} INFO - 25/05/19 19:42:57 INFO ShutdownHookManager: Shutdown hook called
[2025-05-19T19:42:57.103+0530] {subprocess.py:93} INFO - 25/05/19 19:42:57 INFO ShutdownHookManager: Deleting directory /tmp/spark-56ace6f2-6172-4879-b863-36b10b459720/pyspark-92505119-670e-4a43-ac8f-1f06ff348924
[2025-05-19T19:42:57.106+0530] {subprocess.py:93} INFO - 25/05/19 19:42:57 INFO ShutdownHookManager: Deleting directory /tmp/spark-56ace6f2-6172-4879-b863-36b10b459720
[2025-05-19T19:42:57.109+0530] {subprocess.py:93} INFO - 25/05/19 19:42:57 INFO ShutdownHookManager: Deleting directory /tmp/spark-0a824c21-52fd-40bf-b6a4-c6daac880745
[2025-05-19T19:42:57.148+0530] {subprocess.py:97} INFO - Command exited with return code 0
[2025-05-19T19:42:57.160+0530] {taskinstance.py:340} INFO - ::group::Post task execution logs
[2025-05-19T19:42:57.160+0530] {taskinstance.py:352} INFO - Marking task as SUCCESS. dag_id=nyc_taxi_etl, task_id=extract_from_azure, run_id=manual__2025-05-19T14:12:03.718893+00:00, execution_date=20250519T141203, start_date=20250519T141208, end_date=20250519T141257
[2025-05-19T19:42:57.201+0530] {local_task_job_runner.py:266} INFO - Task exited with return code 0
[2025-05-19T19:42:57.211+0530] {taskinstance.py:3900} INFO - 1 downstream tasks scheduled from follow-on schedule check
[2025-05-19T19:42:57.214+0530] {local_task_job_runner.py:245} INFO - ::endgroup::
