[2025-03-31T13:06:47.630+0530] {processor.py:186} INFO - Started process (PID=8124) to work on /home/pranav_shirali/airflow-project/airflow-env/lib/python3.10/site-packages/airflow/example_dags/example_subdag_operator.py
[2025-03-31T13:06:47.631+0530] {processor.py:914} INFO - Processing file /home/pranav_shirali/airflow-project/airflow-env/lib/python3.10/site-packages/airflow/example_dags/example_subdag_operator.py for tasks to queue
[2025-03-31T13:06:47.632+0530] {logging_mixin.py:190} INFO - [2025-03-31T13:06:47.632+0530] {dagbag.py:588} INFO - Filling up the DagBag from /home/pranav_shirali/airflow-project/airflow-env/lib/python3.10/site-packages/airflow/example_dags/example_subdag_operator.py
[2025-03-31T13:06:47.650+0530] {processor.py:925} INFO - DAG(s) 'example_subdag_operator.section-1', 'example_subdag_operator.section-2', 'example_subdag_operator' retrieved from /home/pranav_shirali/airflow-project/airflow-env/lib/python3.10/site-packages/airflow/example_dags/example_subdag_operator.py
[2025-03-31T13:06:47.667+0530] {logging_mixin.py:190} INFO - [2025-03-31T13:06:47.667+0530] {dag.py:3239} INFO - Sync 3 DAGs
[2025-03-31T13:06:47.683+0530] {logging_mixin.py:190} INFO - [2025-03-31T13:06:47.682+0530] {dag.py:4180} INFO - Setting next_dagrun for example_subdag_operator to 2022-01-01 00:00:00+00:00, run_after=2022-01-01 00:00:00+00:00
[2025-03-31T13:06:47.685+0530] {logging_mixin.py:190} INFO - [2025-03-31T13:06:47.685+0530] {dag.py:4180} INFO - Setting next_dagrun for example_subdag_operator.section-1 to None, run_after=None
[2025-03-31T13:06:47.686+0530] {logging_mixin.py:190} INFO - [2025-03-31T13:06:47.685+0530] {dag.py:4180} INFO - Setting next_dagrun for example_subdag_operator.section-2 to None, run_after=None
[2025-03-31T13:06:47.689+0530] {logging_mixin.py:190} INFO - [2025-03-31T13:06:47.689+0530] {dag.py:3239} INFO - Sync 2 DAGs
[2025-03-31T13:06:47.692+0530] {logging_mixin.py:190} INFO - [2025-03-31T13:06:47.692+0530] {dag.py:4180} INFO - Setting next_dagrun for example_subdag_operator.section-1 to None, run_after=None
[2025-03-31T13:06:47.692+0530] {logging_mixin.py:190} INFO - [2025-03-31T13:06:47.692+0530] {dag.py:4180} INFO - Setting next_dagrun for example_subdag_operator.section-2 to None, run_after=None
[2025-03-31T13:06:47.700+0530] {processor.py:208} INFO - Processing /home/pranav_shirali/airflow-project/airflow-env/lib/python3.10/site-packages/airflow/example_dags/example_subdag_operator.py took 0.075 seconds
[2025-03-31T13:07:48.056+0530] {processor.py:186} INFO - Started process (PID=8599) to work on /home/pranav_shirali/airflow-project/airflow-env/lib/python3.10/site-packages/airflow/example_dags/example_subdag_operator.py
[2025-03-31T13:07:48.059+0530] {processor.py:914} INFO - Processing file /home/pranav_shirali/airflow-project/airflow-env/lib/python3.10/site-packages/airflow/example_dags/example_subdag_operator.py for tasks to queue
[2025-03-31T13:07:48.060+0530] {logging_mixin.py:190} INFO - [2025-03-31T13:07:48.060+0530] {dagbag.py:588} INFO - Filling up the DagBag from /home/pranav_shirali/airflow-project/airflow-env/lib/python3.10/site-packages/airflow/example_dags/example_subdag_operator.py
[2025-03-31T13:07:48.076+0530] {processor.py:925} INFO - DAG(s) 'example_subdag_operator.section-1', 'example_subdag_operator.section-2', 'example_subdag_operator' retrieved from /home/pranav_shirali/airflow-project/airflow-env/lib/python3.10/site-packages/airflow/example_dags/example_subdag_operator.py
[2025-03-31T13:07:48.086+0530] {logging_mixin.py:190} INFO - [2025-03-31T13:07:48.086+0530] {dag.py:3239} INFO - Sync 3 DAGs
[2025-03-31T13:07:48.099+0530] {logging_mixin.py:190} INFO - [2025-03-31T13:07:48.099+0530] {dag.py:4180} INFO - Setting next_dagrun for example_subdag_operator to 2022-01-01 00:00:00+00:00, run_after=2022-01-01 00:00:00+00:00
[2025-03-31T13:07:48.101+0530] {logging_mixin.py:190} INFO - [2025-03-31T13:07:48.101+0530] {dag.py:4180} INFO - Setting next_dagrun for example_subdag_operator.section-1 to None, run_after=None
[2025-03-31T13:07:48.102+0530] {logging_mixin.py:190} INFO - [2025-03-31T13:07:48.102+0530] {dag.py:4180} INFO - Setting next_dagrun for example_subdag_operator.section-2 to None, run_after=None
[2025-03-31T13:07:48.105+0530] {logging_mixin.py:190} INFO - [2025-03-31T13:07:48.105+0530] {dag.py:3239} INFO - Sync 2 DAGs
[2025-03-31T13:07:48.108+0530] {logging_mixin.py:190} INFO - [2025-03-31T13:07:48.108+0530] {dag.py:4180} INFO - Setting next_dagrun for example_subdag_operator.section-1 to None, run_after=None
[2025-03-31T13:07:48.108+0530] {logging_mixin.py:190} INFO - [2025-03-31T13:07:48.108+0530] {dag.py:4180} INFO - Setting next_dagrun for example_subdag_operator.section-2 to None, run_after=None
[2025-03-31T13:07:48.118+0530] {processor.py:208} INFO - Processing /home/pranav_shirali/airflow-project/airflow-env/lib/python3.10/site-packages/airflow/example_dags/example_subdag_operator.py took 0.066 seconds
[2025-03-31T13:08:20.559+0530] {processor.py:186} INFO - Started process (PID=8751) to work on /home/pranav_shirali/airflow-project/airflow-env/lib/python3.10/site-packages/airflow/example_dags/example_subdag_operator.py
[2025-03-31T13:08:20.560+0530] {processor.py:914} INFO - Processing file /home/pranav_shirali/airflow-project/airflow-env/lib/python3.10/site-packages/airflow/example_dags/example_subdag_operator.py for tasks to queue
[2025-03-31T13:08:20.561+0530] {logging_mixin.py:190} INFO - [2025-03-31T13:08:20.561+0530] {dagbag.py:588} INFO - Filling up the DagBag from /home/pranav_shirali/airflow-project/airflow-env/lib/python3.10/site-packages/airflow/example_dags/example_subdag_operator.py
[2025-03-31T13:08:20.578+0530] {processor.py:925} INFO - DAG(s) 'example_subdag_operator.section-1', 'example_subdag_operator.section-2', 'example_subdag_operator' retrieved from /home/pranav_shirali/airflow-project/airflow-env/lib/python3.10/site-packages/airflow/example_dags/example_subdag_operator.py
[2025-03-31T13:08:20.591+0530] {logging_mixin.py:190} INFO - [2025-03-31T13:08:20.591+0530] {dag.py:3239} INFO - Sync 3 DAGs
[2025-03-31T13:08:20.604+0530] {logging_mixin.py:190} INFO - [2025-03-31T13:08:20.603+0530] {dag.py:4180} INFO - Setting next_dagrun for example_subdag_operator to 2022-01-01 00:00:00+00:00, run_after=2022-01-01 00:00:00+00:00
[2025-03-31T13:08:20.606+0530] {logging_mixin.py:190} INFO - [2025-03-31T13:08:20.606+0530] {dag.py:4180} INFO - Setting next_dagrun for example_subdag_operator.section-1 to None, run_after=None
[2025-03-31T13:08:20.606+0530] {logging_mixin.py:190} INFO - [2025-03-31T13:08:20.606+0530] {dag.py:4180} INFO - Setting next_dagrun for example_subdag_operator.section-2 to None, run_after=None
[2025-03-31T13:08:20.612+0530] {logging_mixin.py:190} INFO - [2025-03-31T13:08:20.611+0530] {dag.py:3239} INFO - Sync 2 DAGs
[2025-03-31T13:08:20.614+0530] {logging_mixin.py:190} INFO - [2025-03-31T13:08:20.614+0530] {dag.py:4180} INFO - Setting next_dagrun for example_subdag_operator.section-1 to None, run_after=None
[2025-03-31T13:08:20.615+0530] {logging_mixin.py:190} INFO - [2025-03-31T13:08:20.615+0530] {dag.py:4180} INFO - Setting next_dagrun for example_subdag_operator.section-2 to None, run_after=None
[2025-03-31T13:08:20.626+0530] {processor.py:208} INFO - Processing /home/pranav_shirali/airflow-project/airflow-env/lib/python3.10/site-packages/airflow/example_dags/example_subdag_operator.py took 0.072 seconds
[2025-03-31T13:09:17.011+0530] {processor.py:186} INFO - Started process (PID=9125) to work on /home/pranav_shirali/airflow-project/airflow-env/lib/python3.10/site-packages/airflow/example_dags/example_subdag_operator.py
[2025-03-31T13:09:17.013+0530] {processor.py:914} INFO - Processing file /home/pranav_shirali/airflow-project/airflow-env/lib/python3.10/site-packages/airflow/example_dags/example_subdag_operator.py for tasks to queue
[2025-03-31T13:09:17.015+0530] {logging_mixin.py:190} INFO - [2025-03-31T13:09:17.014+0530] {dagbag.py:588} INFO - Filling up the DagBag from /home/pranav_shirali/airflow-project/airflow-env/lib/python3.10/site-packages/airflow/example_dags/example_subdag_operator.py
[2025-03-31T13:09:17.034+0530] {processor.py:925} INFO - DAG(s) 'example_subdag_operator.section-1', 'example_subdag_operator.section-2', 'example_subdag_operator' retrieved from /home/pranav_shirali/airflow-project/airflow-env/lib/python3.10/site-packages/airflow/example_dags/example_subdag_operator.py
[2025-03-31T13:09:17.043+0530] {logging_mixin.py:190} INFO - [2025-03-31T13:09:17.042+0530] {dag.py:3239} INFO - Sync 3 DAGs
[2025-03-31T13:09:17.054+0530] {logging_mixin.py:190} INFO - [2025-03-31T13:09:17.054+0530] {dag.py:4180} INFO - Setting next_dagrun for example_subdag_operator to 2022-01-01 00:00:00+00:00, run_after=2022-01-01 00:00:00+00:00
[2025-03-31T13:09:17.056+0530] {logging_mixin.py:190} INFO - [2025-03-31T13:09:17.056+0530] {dag.py:4180} INFO - Setting next_dagrun for example_subdag_operator.section-1 to None, run_after=None
[2025-03-31T13:09:17.057+0530] {logging_mixin.py:190} INFO - [2025-03-31T13:09:17.057+0530] {dag.py:4180} INFO - Setting next_dagrun for example_subdag_operator.section-2 to None, run_after=None
[2025-03-31T13:09:17.060+0530] {logging_mixin.py:190} INFO - [2025-03-31T13:09:17.060+0530] {dag.py:3239} INFO - Sync 2 DAGs
[2025-03-31T13:09:17.063+0530] {logging_mixin.py:190} INFO - [2025-03-31T13:09:17.063+0530] {dag.py:4180} INFO - Setting next_dagrun for example_subdag_operator.section-1 to None, run_after=None
[2025-03-31T13:09:17.063+0530] {logging_mixin.py:190} INFO - [2025-03-31T13:09:17.063+0530] {dag.py:4180} INFO - Setting next_dagrun for example_subdag_operator.section-2 to None, run_after=None
[2025-03-31T13:09:17.071+0530] {processor.py:208} INFO - Processing /home/pranav_shirali/airflow-project/airflow-env/lib/python3.10/site-packages/airflow/example_dags/example_subdag_operator.py took 0.065 seconds
[2025-03-31T13:10:15.582+0530] {processor.py:186} INFO - Started process (PID=9347) to work on /home/pranav_shirali/airflow-project/airflow-env/lib/python3.10/site-packages/airflow/example_dags/example_subdag_operator.py
[2025-03-31T13:10:15.585+0530] {processor.py:914} INFO - Processing file /home/pranav_shirali/airflow-project/airflow-env/lib/python3.10/site-packages/airflow/example_dags/example_subdag_operator.py for tasks to queue
[2025-03-31T13:10:15.589+0530] {logging_mixin.py:190} INFO - [2025-03-31T13:10:15.588+0530] {dagbag.py:588} INFO - Filling up the DagBag from /home/pranav_shirali/airflow-project/airflow-env/lib/python3.10/site-packages/airflow/example_dags/example_subdag_operator.py
[2025-03-31T13:10:15.615+0530] {processor.py:925} INFO - DAG(s) 'example_subdag_operator.section-1', 'example_subdag_operator.section-2', 'example_subdag_operator' retrieved from /home/pranav_shirali/airflow-project/airflow-env/lib/python3.10/site-packages/airflow/example_dags/example_subdag_operator.py
[2025-03-31T13:10:15.628+0530] {logging_mixin.py:190} INFO - [2025-03-31T13:10:15.628+0530] {dag.py:3239} INFO - Sync 3 DAGs
[2025-03-31T13:10:15.647+0530] {logging_mixin.py:190} INFO - [2025-03-31T13:10:15.646+0530] {dag.py:4180} INFO - Setting next_dagrun for example_subdag_operator to 2022-01-01 00:00:00+00:00, run_after=2022-01-01 00:00:00+00:00
[2025-03-31T13:10:15.651+0530] {logging_mixin.py:190} INFO - [2025-03-31T13:10:15.651+0530] {dag.py:4180} INFO - Setting next_dagrun for example_subdag_operator.section-1 to None, run_after=None
[2025-03-31T13:10:15.653+0530] {logging_mixin.py:190} INFO - [2025-03-31T13:10:15.652+0530] {dag.py:4180} INFO - Setting next_dagrun for example_subdag_operator.section-2 to None, run_after=None
[2025-03-31T13:10:15.660+0530] {logging_mixin.py:190} INFO - [2025-03-31T13:10:15.660+0530] {dag.py:3239} INFO - Sync 2 DAGs
[2025-03-31T13:10:15.665+0530] {logging_mixin.py:190} INFO - [2025-03-31T13:10:15.665+0530] {dag.py:4180} INFO - Setting next_dagrun for example_subdag_operator.section-1 to None, run_after=None
[2025-03-31T13:10:15.666+0530] {logging_mixin.py:190} INFO - [2025-03-31T13:10:15.665+0530] {dag.py:4180} INFO - Setting next_dagrun for example_subdag_operator.section-2 to None, run_after=None
[2025-03-31T13:10:15.679+0530] {processor.py:208} INFO - Processing /home/pranav_shirali/airflow-project/airflow-env/lib/python3.10/site-packages/airflow/example_dags/example_subdag_operator.py took 0.104 seconds
[2025-03-31T13:11:11.139+0530] {processor.py:186} INFO - Started process (PID=9561) to work on /home/pranav_shirali/airflow-project/airflow-env/lib/python3.10/site-packages/airflow/example_dags/example_subdag_operator.py
[2025-03-31T13:11:11.140+0530] {processor.py:914} INFO - Processing file /home/pranav_shirali/airflow-project/airflow-env/lib/python3.10/site-packages/airflow/example_dags/example_subdag_operator.py for tasks to queue
[2025-03-31T13:11:11.142+0530] {logging_mixin.py:190} INFO - [2025-03-31T13:11:11.142+0530] {dagbag.py:588} INFO - Filling up the DagBag from /home/pranav_shirali/airflow-project/airflow-env/lib/python3.10/site-packages/airflow/example_dags/example_subdag_operator.py
[2025-03-31T13:11:11.161+0530] {processor.py:925} INFO - DAG(s) 'example_subdag_operator.section-1', 'example_subdag_operator.section-2', 'example_subdag_operator' retrieved from /home/pranav_shirali/airflow-project/airflow-env/lib/python3.10/site-packages/airflow/example_dags/example_subdag_operator.py
[2025-03-31T13:11:11.175+0530] {logging_mixin.py:190} INFO - [2025-03-31T13:11:11.175+0530] {dag.py:3239} INFO - Sync 3 DAGs
[2025-03-31T13:11:11.189+0530] {logging_mixin.py:190} INFO - [2025-03-31T13:11:11.189+0530] {dag.py:4180} INFO - Setting next_dagrun for example_subdag_operator to 2022-01-01 00:00:00+00:00, run_after=2022-01-01 00:00:00+00:00
[2025-03-31T13:11:11.192+0530] {logging_mixin.py:190} INFO - [2025-03-31T13:11:11.191+0530] {dag.py:4180} INFO - Setting next_dagrun for example_subdag_operator.section-1 to None, run_after=None
[2025-03-31T13:11:11.193+0530] {logging_mixin.py:190} INFO - [2025-03-31T13:11:11.193+0530] {dag.py:4180} INFO - Setting next_dagrun for example_subdag_operator.section-2 to None, run_after=None
[2025-03-31T13:11:11.197+0530] {logging_mixin.py:190} INFO - [2025-03-31T13:11:11.197+0530] {dag.py:3239} INFO - Sync 2 DAGs
[2025-03-31T13:11:11.200+0530] {logging_mixin.py:190} INFO - [2025-03-31T13:11:11.200+0530] {dag.py:4180} INFO - Setting next_dagrun for example_subdag_operator.section-1 to None, run_after=None
[2025-03-31T13:11:11.200+0530] {logging_mixin.py:190} INFO - [2025-03-31T13:11:11.200+0530] {dag.py:4180} INFO - Setting next_dagrun for example_subdag_operator.section-2 to None, run_after=None
[2025-03-31T13:11:11.212+0530] {processor.py:208} INFO - Processing /home/pranav_shirali/airflow-project/airflow-env/lib/python3.10/site-packages/airflow/example_dags/example_subdag_operator.py took 0.078 seconds
[2025-03-31T13:12:00.917+0530] {processor.py:186} INFO - Started process (PID=9758) to work on /home/pranav_shirali/airflow-project/airflow-env/lib/python3.10/site-packages/airflow/example_dags/example_subdag_operator.py
[2025-03-31T13:12:00.919+0530] {processor.py:914} INFO - Processing file /home/pranav_shirali/airflow-project/airflow-env/lib/python3.10/site-packages/airflow/example_dags/example_subdag_operator.py for tasks to queue
[2025-03-31T13:12:00.921+0530] {logging_mixin.py:190} INFO - [2025-03-31T13:12:00.921+0530] {dagbag.py:588} INFO - Filling up the DagBag from /home/pranav_shirali/airflow-project/airflow-env/lib/python3.10/site-packages/airflow/example_dags/example_subdag_operator.py
[2025-03-31T13:12:00.951+0530] {processor.py:925} INFO - DAG(s) 'example_subdag_operator.section-1', 'example_subdag_operator.section-2', 'example_subdag_operator' retrieved from /home/pranav_shirali/airflow-project/airflow-env/lib/python3.10/site-packages/airflow/example_dags/example_subdag_operator.py
[2025-03-31T13:12:00.965+0530] {logging_mixin.py:190} INFO - [2025-03-31T13:12:00.964+0530] {dag.py:3239} INFO - Sync 3 DAGs
[2025-03-31T13:12:00.979+0530] {logging_mixin.py:190} INFO - [2025-03-31T13:12:00.978+0530] {dag.py:4180} INFO - Setting next_dagrun for example_subdag_operator to 2022-01-01 00:00:00+00:00, run_after=2022-01-01 00:00:00+00:00
[2025-03-31T13:12:00.982+0530] {logging_mixin.py:190} INFO - [2025-03-31T13:12:00.981+0530] {dag.py:4180} INFO - Setting next_dagrun for example_subdag_operator.section-1 to None, run_after=None
[2025-03-31T13:12:00.982+0530] {logging_mixin.py:190} INFO - [2025-03-31T13:12:00.982+0530] {dag.py:4180} INFO - Setting next_dagrun for example_subdag_operator.section-2 to None, run_after=None
[2025-03-31T13:12:00.988+0530] {logging_mixin.py:190} INFO - [2025-03-31T13:12:00.988+0530] {dag.py:3239} INFO - Sync 2 DAGs
[2025-03-31T13:12:00.991+0530] {logging_mixin.py:190} INFO - [2025-03-31T13:12:00.991+0530] {dag.py:4180} INFO - Setting next_dagrun for example_subdag_operator.section-1 to None, run_after=None
[2025-03-31T13:12:00.991+0530] {logging_mixin.py:190} INFO - [2025-03-31T13:12:00.991+0530] {dag.py:4180} INFO - Setting next_dagrun for example_subdag_operator.section-2 to None, run_after=None
[2025-03-31T13:12:01.000+0530] {processor.py:208} INFO - Processing /home/pranav_shirali/airflow-project/airflow-env/lib/python3.10/site-packages/airflow/example_dags/example_subdag_operator.py took 0.088 seconds
[2025-03-31T13:12:56.261+0530] {processor.py:186} INFO - Started process (PID=9995) to work on /home/pranav_shirali/airflow-project/airflow-env/lib/python3.10/site-packages/airflow/example_dags/example_subdag_operator.py
[2025-03-31T13:12:56.263+0530] {processor.py:914} INFO - Processing file /home/pranav_shirali/airflow-project/airflow-env/lib/python3.10/site-packages/airflow/example_dags/example_subdag_operator.py for tasks to queue
[2025-03-31T13:12:56.268+0530] {logging_mixin.py:190} INFO - [2025-03-31T13:12:56.267+0530] {dagbag.py:588} INFO - Filling up the DagBag from /home/pranav_shirali/airflow-project/airflow-env/lib/python3.10/site-packages/airflow/example_dags/example_subdag_operator.py
[2025-03-31T13:12:56.288+0530] {processor.py:925} INFO - DAG(s) 'example_subdag_operator.section-1', 'example_subdag_operator.section-2', 'example_subdag_operator' retrieved from /home/pranav_shirali/airflow-project/airflow-env/lib/python3.10/site-packages/airflow/example_dags/example_subdag_operator.py
[2025-03-31T13:12:56.300+0530] {logging_mixin.py:190} INFO - [2025-03-31T13:12:56.299+0530] {dag.py:3239} INFO - Sync 3 DAGs
[2025-03-31T13:12:56.318+0530] {logging_mixin.py:190} INFO - [2025-03-31T13:12:56.317+0530] {dag.py:4180} INFO - Setting next_dagrun for example_subdag_operator to 2022-01-01 00:00:00+00:00, run_after=2022-01-01 00:00:00+00:00
[2025-03-31T13:12:56.320+0530] {logging_mixin.py:190} INFO - [2025-03-31T13:12:56.320+0530] {dag.py:4180} INFO - Setting next_dagrun for example_subdag_operator.section-1 to None, run_after=None
[2025-03-31T13:12:56.321+0530] {logging_mixin.py:190} INFO - [2025-03-31T13:12:56.320+0530] {dag.py:4180} INFO - Setting next_dagrun for example_subdag_operator.section-2 to None, run_after=None
[2025-03-31T13:12:56.325+0530] {logging_mixin.py:190} INFO - [2025-03-31T13:12:56.324+0530] {dag.py:3239} INFO - Sync 2 DAGs
[2025-03-31T13:12:56.327+0530] {logging_mixin.py:190} INFO - [2025-03-31T13:12:56.327+0530] {dag.py:4180} INFO - Setting next_dagrun for example_subdag_operator.section-1 to None, run_after=None
[2025-03-31T13:12:56.328+0530] {logging_mixin.py:190} INFO - [2025-03-31T13:12:56.327+0530] {dag.py:4180} INFO - Setting next_dagrun for example_subdag_operator.section-2 to None, run_after=None
[2025-03-31T13:12:56.340+0530] {processor.py:208} INFO - Processing /home/pranav_shirali/airflow-project/airflow-env/lib/python3.10/site-packages/airflow/example_dags/example_subdag_operator.py took 0.086 seconds
[2025-03-31T13:13:46.937+0530] {processor.py:186} INFO - Started process (PID=10466) to work on /home/pranav_shirali/airflow-project/airflow-env/lib/python3.10/site-packages/airflow/example_dags/example_subdag_operator.py
[2025-03-31T13:13:46.939+0530] {processor.py:914} INFO - Processing file /home/pranav_shirali/airflow-project/airflow-env/lib/python3.10/site-packages/airflow/example_dags/example_subdag_operator.py for tasks to queue
[2025-03-31T13:13:46.940+0530] {logging_mixin.py:190} INFO - [2025-03-31T13:13:46.940+0530] {dagbag.py:588} INFO - Filling up the DagBag from /home/pranav_shirali/airflow-project/airflow-env/lib/python3.10/site-packages/airflow/example_dags/example_subdag_operator.py
[2025-03-31T13:13:46.955+0530] {processor.py:925} INFO - DAG(s) 'example_subdag_operator.section-1', 'example_subdag_operator.section-2', 'example_subdag_operator' retrieved from /home/pranav_shirali/airflow-project/airflow-env/lib/python3.10/site-packages/airflow/example_dags/example_subdag_operator.py
[2025-03-31T13:13:46.964+0530] {logging_mixin.py:190} INFO - [2025-03-31T13:13:46.964+0530] {dag.py:3239} INFO - Sync 3 DAGs
[2025-03-31T13:13:46.976+0530] {logging_mixin.py:190} INFO - [2025-03-31T13:13:46.976+0530] {dag.py:4180} INFO - Setting next_dagrun for example_subdag_operator to 2022-01-01 00:00:00+00:00, run_after=2022-01-01 00:00:00+00:00
[2025-03-31T13:13:46.978+0530] {logging_mixin.py:190} INFO - [2025-03-31T13:13:46.978+0530] {dag.py:4180} INFO - Setting next_dagrun for example_subdag_operator.section-1 to None, run_after=None
[2025-03-31T13:13:46.979+0530] {logging_mixin.py:190} INFO - [2025-03-31T13:13:46.979+0530] {dag.py:4180} INFO - Setting next_dagrun for example_subdag_operator.section-2 to None, run_after=None
[2025-03-31T13:13:46.982+0530] {logging_mixin.py:190} INFO - [2025-03-31T13:13:46.982+0530] {dag.py:3239} INFO - Sync 2 DAGs
[2025-03-31T13:13:46.984+0530] {logging_mixin.py:190} INFO - [2025-03-31T13:13:46.984+0530] {dag.py:4180} INFO - Setting next_dagrun for example_subdag_operator.section-1 to None, run_after=None
[2025-03-31T13:13:46.984+0530] {logging_mixin.py:190} INFO - [2025-03-31T13:13:46.984+0530] {dag.py:4180} INFO - Setting next_dagrun for example_subdag_operator.section-2 to None, run_after=None
[2025-03-31T13:13:46.993+0530] {processor.py:208} INFO - Processing /home/pranav_shirali/airflow-project/airflow-env/lib/python3.10/site-packages/airflow/example_dags/example_subdag_operator.py took 0.060 seconds
[2025-03-31T13:14:45.245+0530] {processor.py:186} INFO - Started process (PID=10949) to work on /home/pranav_shirali/airflow-project/airflow-env/lib/python3.10/site-packages/airflow/example_dags/example_subdag_operator.py
[2025-03-31T13:14:45.246+0530] {processor.py:914} INFO - Processing file /home/pranav_shirali/airflow-project/airflow-env/lib/python3.10/site-packages/airflow/example_dags/example_subdag_operator.py for tasks to queue
[2025-03-31T13:14:45.247+0530] {logging_mixin.py:190} INFO - [2025-03-31T13:14:45.247+0530] {dagbag.py:588} INFO - Filling up the DagBag from /home/pranav_shirali/airflow-project/airflow-env/lib/python3.10/site-packages/airflow/example_dags/example_subdag_operator.py
[2025-03-31T13:14:45.265+0530] {processor.py:925} INFO - DAG(s) 'example_subdag_operator.section-1', 'example_subdag_operator.section-2', 'example_subdag_operator' retrieved from /home/pranav_shirali/airflow-project/airflow-env/lib/python3.10/site-packages/airflow/example_dags/example_subdag_operator.py
[2025-03-31T13:14:45.276+0530] {logging_mixin.py:190} INFO - [2025-03-31T13:14:45.276+0530] {dag.py:3239} INFO - Sync 3 DAGs
[2025-03-31T13:14:45.292+0530] {logging_mixin.py:190} INFO - [2025-03-31T13:14:45.291+0530] {dag.py:4180} INFO - Setting next_dagrun for example_subdag_operator to 2022-01-01 00:00:00+00:00, run_after=2022-01-01 00:00:00+00:00
[2025-03-31T13:14:45.295+0530] {logging_mixin.py:190} INFO - [2025-03-31T13:14:45.294+0530] {dag.py:4180} INFO - Setting next_dagrun for example_subdag_operator.section-1 to None, run_after=None
[2025-03-31T13:14:45.295+0530] {logging_mixin.py:190} INFO - [2025-03-31T13:14:45.295+0530] {dag.py:4180} INFO - Setting next_dagrun for example_subdag_operator.section-2 to None, run_after=None
[2025-03-31T13:14:45.300+0530] {logging_mixin.py:190} INFO - [2025-03-31T13:14:45.300+0530] {dag.py:3239} INFO - Sync 2 DAGs
[2025-03-31T13:14:45.303+0530] {logging_mixin.py:190} INFO - [2025-03-31T13:14:45.303+0530] {dag.py:4180} INFO - Setting next_dagrun for example_subdag_operator.section-1 to None, run_after=None
[2025-03-31T13:14:45.304+0530] {logging_mixin.py:190} INFO - [2025-03-31T13:14:45.304+0530] {dag.py:4180} INFO - Setting next_dagrun for example_subdag_operator.section-2 to None, run_after=None
[2025-03-31T13:14:45.315+0530] {processor.py:208} INFO - Processing /home/pranav_shirali/airflow-project/airflow-env/lib/python3.10/site-packages/airflow/example_dags/example_subdag_operator.py took 0.074 seconds
[2025-03-31T13:15:17.926+0530] {processor.py:186} INFO - Started process (PID=11264) to work on /home/pranav_shirali/airflow-project/airflow-env/lib/python3.10/site-packages/airflow/example_dags/example_subdag_operator.py
[2025-03-31T13:15:17.928+0530] {processor.py:914} INFO - Processing file /home/pranav_shirali/airflow-project/airflow-env/lib/python3.10/site-packages/airflow/example_dags/example_subdag_operator.py for tasks to queue
[2025-03-31T13:15:17.930+0530] {logging_mixin.py:190} INFO - [2025-03-31T13:15:17.929+0530] {dagbag.py:588} INFO - Filling up the DagBag from /home/pranav_shirali/airflow-project/airflow-env/lib/python3.10/site-packages/airflow/example_dags/example_subdag_operator.py
[2025-03-31T13:15:17.947+0530] {processor.py:925} INFO - DAG(s) 'example_subdag_operator.section-1', 'example_subdag_operator.section-2', 'example_subdag_operator' retrieved from /home/pranav_shirali/airflow-project/airflow-env/lib/python3.10/site-packages/airflow/example_dags/example_subdag_operator.py
[2025-03-31T13:15:17.958+0530] {logging_mixin.py:190} INFO - [2025-03-31T13:15:17.958+0530] {dag.py:3239} INFO - Sync 3 DAGs
[2025-03-31T13:15:17.971+0530] {logging_mixin.py:190} INFO - [2025-03-31T13:15:17.970+0530] {dag.py:4180} INFO - Setting next_dagrun for example_subdag_operator to 2022-01-01 00:00:00+00:00, run_after=2022-01-01 00:00:00+00:00
[2025-03-31T13:15:17.973+0530] {logging_mixin.py:190} INFO - [2025-03-31T13:15:17.973+0530] {dag.py:4180} INFO - Setting next_dagrun for example_subdag_operator.section-1 to None, run_after=None
[2025-03-31T13:15:17.974+0530] {logging_mixin.py:190} INFO - [2025-03-31T13:15:17.973+0530] {dag.py:4180} INFO - Setting next_dagrun for example_subdag_operator.section-2 to None, run_after=None
[2025-03-31T13:15:17.977+0530] {logging_mixin.py:190} INFO - [2025-03-31T13:15:17.977+0530] {dag.py:3239} INFO - Sync 2 DAGs
[2025-03-31T13:15:17.981+0530] {logging_mixin.py:190} INFO - [2025-03-31T13:15:17.980+0530] {dag.py:4180} INFO - Setting next_dagrun for example_subdag_operator.section-1 to None, run_after=None
[2025-03-31T13:15:17.981+0530] {logging_mixin.py:190} INFO - [2025-03-31T13:15:17.981+0530] {dag.py:4180} INFO - Setting next_dagrun for example_subdag_operator.section-2 to None, run_after=None
[2025-03-31T13:15:17.996+0530] {processor.py:208} INFO - Processing /home/pranav_shirali/airflow-project/airflow-env/lib/python3.10/site-packages/airflow/example_dags/example_subdag_operator.py took 0.074 seconds
[2025-03-31T13:16:21.634+0530] {processor.py:186} INFO - Started process (PID=11906) to work on /home/pranav_shirali/airflow-project/airflow-env/lib/python3.10/site-packages/airflow/example_dags/example_subdag_operator.py
[2025-03-31T13:16:21.636+0530] {processor.py:914} INFO - Processing file /home/pranav_shirali/airflow-project/airflow-env/lib/python3.10/site-packages/airflow/example_dags/example_subdag_operator.py for tasks to queue
[2025-03-31T13:16:21.637+0530] {logging_mixin.py:190} INFO - [2025-03-31T13:16:21.637+0530] {dagbag.py:588} INFO - Filling up the DagBag from /home/pranav_shirali/airflow-project/airflow-env/lib/python3.10/site-packages/airflow/example_dags/example_subdag_operator.py
[2025-03-31T13:16:21.652+0530] {processor.py:925} INFO - DAG(s) 'example_subdag_operator.section-1', 'example_subdag_operator.section-2', 'example_subdag_operator' retrieved from /home/pranav_shirali/airflow-project/airflow-env/lib/python3.10/site-packages/airflow/example_dags/example_subdag_operator.py
[2025-03-31T13:16:21.661+0530] {logging_mixin.py:190} INFO - [2025-03-31T13:16:21.661+0530] {dag.py:3239} INFO - Sync 3 DAGs
[2025-03-31T13:16:21.673+0530] {logging_mixin.py:190} INFO - [2025-03-31T13:16:21.673+0530] {dag.py:4180} INFO - Setting next_dagrun for example_subdag_operator to 2022-01-01 00:00:00+00:00, run_after=2022-01-01 00:00:00+00:00
[2025-03-31T13:16:21.675+0530] {logging_mixin.py:190} INFO - [2025-03-31T13:16:21.675+0530] {dag.py:4180} INFO - Setting next_dagrun for example_subdag_operator.section-1 to None, run_after=None
[2025-03-31T13:16:21.676+0530] {logging_mixin.py:190} INFO - [2025-03-31T13:16:21.675+0530] {dag.py:4180} INFO - Setting next_dagrun for example_subdag_operator.section-2 to None, run_after=None
[2025-03-31T13:16:21.679+0530] {logging_mixin.py:190} INFO - [2025-03-31T13:16:21.679+0530] {dag.py:3239} INFO - Sync 2 DAGs
[2025-03-31T13:16:21.681+0530] {logging_mixin.py:190} INFO - [2025-03-31T13:16:21.681+0530] {dag.py:4180} INFO - Setting next_dagrun for example_subdag_operator.section-1 to None, run_after=None
[2025-03-31T13:16:21.681+0530] {logging_mixin.py:190} INFO - [2025-03-31T13:16:21.681+0530] {dag.py:4180} INFO - Setting next_dagrun for example_subdag_operator.section-2 to None, run_after=None
[2025-03-31T13:16:21.690+0530] {processor.py:208} INFO - Processing /home/pranav_shirali/airflow-project/airflow-env/lib/python3.10/site-packages/airflow/example_dags/example_subdag_operator.py took 0.060 seconds
[2025-03-31T13:17:16.438+0530] {processor.py:186} INFO - Started process (PID=12286) to work on /home/pranav_shirali/airflow-project/airflow-env/lib/python3.10/site-packages/airflow/example_dags/example_subdag_operator.py
[2025-03-31T13:17:16.439+0530] {processor.py:914} INFO - Processing file /home/pranav_shirali/airflow-project/airflow-env/lib/python3.10/site-packages/airflow/example_dags/example_subdag_operator.py for tasks to queue
[2025-03-31T13:17:16.440+0530] {logging_mixin.py:190} INFO - [2025-03-31T13:17:16.440+0530] {dagbag.py:588} INFO - Filling up the DagBag from /home/pranav_shirali/airflow-project/airflow-env/lib/python3.10/site-packages/airflow/example_dags/example_subdag_operator.py
[2025-03-31T13:17:16.455+0530] {processor.py:925} INFO - DAG(s) 'example_subdag_operator.section-1', 'example_subdag_operator.section-2', 'example_subdag_operator' retrieved from /home/pranav_shirali/airflow-project/airflow-env/lib/python3.10/site-packages/airflow/example_dags/example_subdag_operator.py
[2025-03-31T13:17:16.464+0530] {logging_mixin.py:190} INFO - [2025-03-31T13:17:16.464+0530] {dag.py:3239} INFO - Sync 3 DAGs
[2025-03-31T13:17:16.477+0530] {logging_mixin.py:190} INFO - [2025-03-31T13:17:16.476+0530] {dag.py:4180} INFO - Setting next_dagrun for example_subdag_operator to 2022-01-01 00:00:00+00:00, run_after=2022-01-01 00:00:00+00:00
[2025-03-31T13:17:16.478+0530] {logging_mixin.py:190} INFO - [2025-03-31T13:17:16.478+0530] {dag.py:4180} INFO - Setting next_dagrun for example_subdag_operator.section-1 to None, run_after=None
[2025-03-31T13:17:16.479+0530] {logging_mixin.py:190} INFO - [2025-03-31T13:17:16.479+0530] {dag.py:4180} INFO - Setting next_dagrun for example_subdag_operator.section-2 to None, run_after=None
[2025-03-31T13:17:16.482+0530] {logging_mixin.py:190} INFO - [2025-03-31T13:17:16.482+0530] {dag.py:3239} INFO - Sync 2 DAGs
[2025-03-31T13:17:16.485+0530] {logging_mixin.py:190} INFO - [2025-03-31T13:17:16.485+0530] {dag.py:4180} INFO - Setting next_dagrun for example_subdag_operator.section-1 to None, run_after=None
[2025-03-31T13:17:16.485+0530] {logging_mixin.py:190} INFO - [2025-03-31T13:17:16.485+0530] {dag.py:4180} INFO - Setting next_dagrun for example_subdag_operator.section-2 to None, run_after=None
[2025-03-31T13:17:16.496+0530] {processor.py:208} INFO - Processing /home/pranav_shirali/airflow-project/airflow-env/lib/python3.10/site-packages/airflow/example_dags/example_subdag_operator.py took 0.062 seconds
