[2025-03-31T13:07:45.201+0530] {processor.py:186} INFO - Started process (PID=8584) to work on /home/pranav_shirali/airflow-project/airflow-env/lib/python3.10/site-packages/airflow/example_dags/example_bash_decorator.py
[2025-03-31T13:07:45.201+0530] {processor.py:914} INFO - Processing file /home/pranav_shirali/airflow-project/airflow-env/lib/python3.10/site-packages/airflow/example_dags/example_bash_decorator.py for tasks to queue
[2025-03-31T13:07:45.203+0530] {logging_mixin.py:190} INFO - [2025-03-31T13:07:45.203+0530] {dagbag.py:588} INFO - Filling up the DagBag from /home/pranav_shirali/airflow-project/airflow-env/lib/python3.10/site-packages/airflow/example_dags/example_bash_decorator.py
[2025-03-31T13:07:45.215+0530] {processor.py:925} INFO - DAG(s) 'example_bash_decorator' retrieved from /home/pranav_shirali/airflow-project/airflow-env/lib/python3.10/site-packages/airflow/example_dags/example_bash_decorator.py
[2025-03-31T13:07:45.291+0530] {logging_mixin.py:190} INFO - [2025-03-31T13:07:45.291+0530] {dag.py:3239} INFO - Sync 1 DAGs
[2025-03-31T13:07:45.300+0530] {logging_mixin.py:190} INFO - [2025-03-31T13:07:45.300+0530] {dag.py:4180} INFO - Setting next_dagrun for example_bash_decorator to None, run_after=None
[2025-03-31T13:07:45.317+0530] {processor.py:208} INFO - Processing /home/pranav_shirali/airflow-project/airflow-env/lib/python3.10/site-packages/airflow/example_dags/example_bash_decorator.py took 0.122 seconds
[2025-03-31T13:08:46.175+0530] {processor.py:186} INFO - Started process (PID=9001) to work on /home/pranav_shirali/airflow-project/airflow-env/lib/python3.10/site-packages/airflow/example_dags/example_bash_decorator.py
[2025-03-31T13:08:46.176+0530] {processor.py:914} INFO - Processing file /home/pranav_shirali/airflow-project/airflow-env/lib/python3.10/site-packages/airflow/example_dags/example_bash_decorator.py for tasks to queue
[2025-03-31T13:08:46.178+0530] {logging_mixin.py:190} INFO - [2025-03-31T13:08:46.178+0530] {dagbag.py:588} INFO - Filling up the DagBag from /home/pranav_shirali/airflow-project/airflow-env/lib/python3.10/site-packages/airflow/example_dags/example_bash_decorator.py
[2025-03-31T13:08:46.189+0530] {processor.py:925} INFO - DAG(s) 'example_bash_decorator' retrieved from /home/pranav_shirali/airflow-project/airflow-env/lib/python3.10/site-packages/airflow/example_dags/example_bash_decorator.py
[2025-03-31T13:08:46.202+0530] {logging_mixin.py:190} INFO - [2025-03-31T13:08:46.201+0530] {dag.py:3239} INFO - Sync 1 DAGs
[2025-03-31T13:08:46.209+0530] {logging_mixin.py:190} INFO - [2025-03-31T13:08:46.209+0530] {dag.py:4180} INFO - Setting next_dagrun for example_bash_decorator to None, run_after=None
[2025-03-31T13:08:46.223+0530] {processor.py:208} INFO - Processing /home/pranav_shirali/airflow-project/airflow-env/lib/python3.10/site-packages/airflow/example_dags/example_bash_decorator.py took 0.054 seconds
[2025-03-31T13:10:14.388+0530] {processor.py:186} INFO - Started process (PID=9343) to work on /home/pranav_shirali/airflow-project/airflow-env/lib/python3.10/site-packages/airflow/example_dags/example_bash_decorator.py
[2025-03-31T13:10:14.389+0530] {processor.py:914} INFO - Processing file /home/pranav_shirali/airflow-project/airflow-env/lib/python3.10/site-packages/airflow/example_dags/example_bash_decorator.py for tasks to queue
[2025-03-31T13:10:14.391+0530] {logging_mixin.py:190} INFO - [2025-03-31T13:10:14.391+0530] {dagbag.py:588} INFO - Filling up the DagBag from /home/pranav_shirali/airflow-project/airflow-env/lib/python3.10/site-packages/airflow/example_dags/example_bash_decorator.py
[2025-03-31T13:10:14.406+0530] {processor.py:925} INFO - DAG(s) 'example_bash_decorator' retrieved from /home/pranav_shirali/airflow-project/airflow-env/lib/python3.10/site-packages/airflow/example_dags/example_bash_decorator.py
[2025-03-31T13:10:14.427+0530] {logging_mixin.py:190} INFO - [2025-03-31T13:10:14.426+0530] {dag.py:3239} INFO - Sync 1 DAGs
[2025-03-31T13:10:14.439+0530] {logging_mixin.py:190} INFO - [2025-03-31T13:10:14.439+0530] {dag.py:4180} INFO - Setting next_dagrun for example_bash_decorator to None, run_after=None
[2025-03-31T13:10:14.461+0530] {processor.py:208} INFO - Processing /home/pranav_shirali/airflow-project/airflow-env/lib/python3.10/site-packages/airflow/example_dags/example_bash_decorator.py took 0.078 seconds
[2025-03-31T13:11:34.590+0530] {processor.py:186} INFO - Started process (PID=9652) to work on /home/pranav_shirali/airflow-project/airflow-env/lib/python3.10/site-packages/airflow/example_dags/example_bash_decorator.py
[2025-03-31T13:11:34.592+0530] {processor.py:914} INFO - Processing file /home/pranav_shirali/airflow-project/airflow-env/lib/python3.10/site-packages/airflow/example_dags/example_bash_decorator.py for tasks to queue
[2025-03-31T13:11:34.594+0530] {logging_mixin.py:190} INFO - [2025-03-31T13:11:34.594+0530] {dagbag.py:588} INFO - Filling up the DagBag from /home/pranav_shirali/airflow-project/airflow-env/lib/python3.10/site-packages/airflow/example_dags/example_bash_decorator.py
[2025-03-31T13:11:34.607+0530] {processor.py:925} INFO - DAG(s) 'example_bash_decorator' retrieved from /home/pranav_shirali/airflow-project/airflow-env/lib/python3.10/site-packages/airflow/example_dags/example_bash_decorator.py
[2025-03-31T13:11:34.622+0530] {logging_mixin.py:190} INFO - [2025-03-31T13:11:34.622+0530] {dag.py:3239} INFO - Sync 1 DAGs
[2025-03-31T13:11:34.632+0530] {logging_mixin.py:190} INFO - [2025-03-31T13:11:34.632+0530] {dag.py:4180} INFO - Setting next_dagrun for example_bash_decorator to None, run_after=None
[2025-03-31T13:11:34.649+0530] {processor.py:208} INFO - Processing /home/pranav_shirali/airflow-project/airflow-env/lib/python3.10/site-packages/airflow/example_dags/example_bash_decorator.py took 0.063 seconds
[2025-03-31T13:12:55.124+0530] {processor.py:186} INFO - Started process (PID=9991) to work on /home/pranav_shirali/airflow-project/airflow-env/lib/python3.10/site-packages/airflow/example_dags/example_bash_decorator.py
[2025-03-31T13:12:55.125+0530] {processor.py:914} INFO - Processing file /home/pranav_shirali/airflow-project/airflow-env/lib/python3.10/site-packages/airflow/example_dags/example_bash_decorator.py for tasks to queue
[2025-03-31T13:12:55.126+0530] {logging_mixin.py:190} INFO - [2025-03-31T13:12:55.126+0530] {dagbag.py:588} INFO - Filling up the DagBag from /home/pranav_shirali/airflow-project/airflow-env/lib/python3.10/site-packages/airflow/example_dags/example_bash_decorator.py
[2025-03-31T13:12:55.137+0530] {processor.py:925} INFO - DAG(s) 'example_bash_decorator' retrieved from /home/pranav_shirali/airflow-project/airflow-env/lib/python3.10/site-packages/airflow/example_dags/example_bash_decorator.py
[2025-03-31T13:12:55.158+0530] {logging_mixin.py:190} INFO - [2025-03-31T13:12:55.158+0530] {dag.py:3239} INFO - Sync 1 DAGs
[2025-03-31T13:12:55.166+0530] {logging_mixin.py:190} INFO - [2025-03-31T13:12:55.166+0530] {dag.py:4180} INFO - Setting next_dagrun for example_bash_decorator to None, run_after=None
[2025-03-31T13:12:55.178+0530] {processor.py:208} INFO - Processing /home/pranav_shirali/airflow-project/airflow-env/lib/python3.10/site-packages/airflow/example_dags/example_bash_decorator.py took 0.059 seconds
[2025-03-31T13:14:15.862+0530] {processor.py:186} INFO - Started process (PID=10671) to work on /home/pranav_shirali/airflow-project/airflow-env/lib/python3.10/site-packages/airflow/example_dags/example_bash_decorator.py
[2025-03-31T13:14:15.863+0530] {processor.py:914} INFO - Processing file /home/pranav_shirali/airflow-project/airflow-env/lib/python3.10/site-packages/airflow/example_dags/example_bash_decorator.py for tasks to queue
[2025-03-31T13:14:15.865+0530] {logging_mixin.py:190} INFO - [2025-03-31T13:14:15.864+0530] {dagbag.py:588} INFO - Filling up the DagBag from /home/pranav_shirali/airflow-project/airflow-env/lib/python3.10/site-packages/airflow/example_dags/example_bash_decorator.py
[2025-03-31T13:14:15.876+0530] {processor.py:925} INFO - DAG(s) 'example_bash_decorator' retrieved from /home/pranav_shirali/airflow-project/airflow-env/lib/python3.10/site-packages/airflow/example_dags/example_bash_decorator.py
[2025-03-31T13:14:15.890+0530] {logging_mixin.py:190} INFO - [2025-03-31T13:14:15.890+0530] {dag.py:3239} INFO - Sync 1 DAGs
[2025-03-31T13:14:15.899+0530] {logging_mixin.py:190} INFO - [2025-03-31T13:14:15.899+0530] {dag.py:4180} INFO - Setting next_dagrun for example_bash_decorator to None, run_after=None
[2025-03-31T13:14:15.911+0530] {processor.py:208} INFO - Processing /home/pranav_shirali/airflow-project/airflow-env/lib/python3.10/site-packages/airflow/example_dags/example_bash_decorator.py took 0.053 seconds
[2025-03-31T13:15:46.642+0530] {processor.py:186} INFO - Started process (PID=11550) to work on /home/pranav_shirali/airflow-project/airflow-env/lib/python3.10/site-packages/airflow/example_dags/example_bash_decorator.py
[2025-03-31T13:15:46.643+0530] {processor.py:914} INFO - Processing file /home/pranav_shirali/airflow-project/airflow-env/lib/python3.10/site-packages/airflow/example_dags/example_bash_decorator.py for tasks to queue
[2025-03-31T13:15:46.645+0530] {logging_mixin.py:190} INFO - [2025-03-31T13:15:46.645+0530] {dagbag.py:588} INFO - Filling up the DagBag from /home/pranav_shirali/airflow-project/airflow-env/lib/python3.10/site-packages/airflow/example_dags/example_bash_decorator.py
[2025-03-31T13:15:46.661+0530] {processor.py:925} INFO - DAG(s) 'example_bash_decorator' retrieved from /home/pranav_shirali/airflow-project/airflow-env/lib/python3.10/site-packages/airflow/example_dags/example_bash_decorator.py
[2025-03-31T13:15:46.679+0530] {logging_mixin.py:190} INFO - [2025-03-31T13:15:46.679+0530] {dag.py:3239} INFO - Sync 1 DAGs
[2025-03-31T13:15:46.691+0530] {logging_mixin.py:190} INFO - [2025-03-31T13:15:46.690+0530] {dag.py:4180} INFO - Setting next_dagrun for example_bash_decorator to None, run_after=None
[2025-03-31T13:15:46.707+0530] {processor.py:208} INFO - Processing /home/pranav_shirali/airflow-project/airflow-env/lib/python3.10/site-packages/airflow/example_dags/example_bash_decorator.py took 0.070 seconds
[2025-03-31T13:16:46.394+0530] {processor.py:186} INFO - Started process (PID=12168) to work on /home/pranav_shirali/airflow-project/airflow-env/lib/python3.10/site-packages/airflow/example_dags/example_bash_decorator.py
[2025-03-31T13:16:46.395+0530] {processor.py:914} INFO - Processing file /home/pranav_shirali/airflow-project/airflow-env/lib/python3.10/site-packages/airflow/example_dags/example_bash_decorator.py for tasks to queue
[2025-03-31T13:16:46.396+0530] {logging_mixin.py:190} INFO - [2025-03-31T13:16:46.396+0530] {dagbag.py:588} INFO - Filling up the DagBag from /home/pranav_shirali/airflow-project/airflow-env/lib/python3.10/site-packages/airflow/example_dags/example_bash_decorator.py
[2025-03-31T13:16:46.406+0530] {processor.py:925} INFO - DAG(s) 'example_bash_decorator' retrieved from /home/pranav_shirali/airflow-project/airflow-env/lib/python3.10/site-packages/airflow/example_dags/example_bash_decorator.py
[2025-03-31T13:16:46.420+0530] {logging_mixin.py:190} INFO - [2025-03-31T13:16:46.420+0530] {dag.py:3239} INFO - Sync 1 DAGs
[2025-03-31T13:16:46.428+0530] {logging_mixin.py:190} INFO - [2025-03-31T13:16:46.428+0530] {dag.py:4180} INFO - Setting next_dagrun for example_bash_decorator to None, run_after=None
[2025-03-31T13:16:46.442+0530] {processor.py:208} INFO - Processing /home/pranav_shirali/airflow-project/airflow-env/lib/python3.10/site-packages/airflow/example_dags/example_bash_decorator.py took 0.052 seconds
