[2025-03-31T13:07:36.082+0530] {processor.py:186} INFO - Started process (PID=8560) to work on /home/pranav_shirali/airflow-project/airflow-env/lib/python3.10/site-packages/airflow/example_dags/example_branch_labels.py
[2025-03-31T13:07:36.083+0530] {processor.py:914} INFO - Processing file /home/pranav_shirali/airflow-project/airflow-env/lib/python3.10/site-packages/airflow/example_dags/example_branch_labels.py for tasks to queue
[2025-03-31T13:07:36.084+0530] {logging_mixin.py:190} INFO - [2025-03-31T13:07:36.084+0530] {dagbag.py:588} INFO - Filling up the DagBag from /home/pranav_shirali/airflow-project/airflow-env/lib/python3.10/site-packages/airflow/example_dags/example_branch_labels.py
[2025-03-31T13:07:36.091+0530] {processor.py:925} INFO - DAG(s) 'example_branch_labels' retrieved from /home/pranav_shirali/airflow-project/airflow-env/lib/python3.10/site-packages/airflow/example_dags/example_branch_labels.py
[2025-03-31T13:07:36.103+0530] {logging_mixin.py:190} INFO - [2025-03-31T13:07:36.103+0530] {dag.py:3239} INFO - Sync 1 DAGs
[2025-03-31T13:07:36.116+0530] {logging_mixin.py:190} INFO - [2025-03-31T13:07:36.116+0530] {dag.py:4180} INFO - Setting next_dagrun for example_branch_labels to 2025-03-30 00:00:00+00:00, run_after=2025-03-31 00:00:00+00:00
[2025-03-31T13:07:36.130+0530] {processor.py:208} INFO - Processing /home/pranav_shirali/airflow-project/airflow-env/lib/python3.10/site-packages/airflow/example_dags/example_branch_labels.py took 0.053 seconds
[2025-03-31T13:08:41.039+0530] {processor.py:186} INFO - Started process (PID=8943) to work on /home/pranav_shirali/airflow-project/airflow-env/lib/python3.10/site-packages/airflow/example_dags/example_branch_labels.py
[2025-03-31T13:08:41.041+0530] {processor.py:914} INFO - Processing file /home/pranav_shirali/airflow-project/airflow-env/lib/python3.10/site-packages/airflow/example_dags/example_branch_labels.py for tasks to queue
[2025-03-31T13:08:41.043+0530] {logging_mixin.py:190} INFO - [2025-03-31T13:08:41.043+0530] {dagbag.py:588} INFO - Filling up the DagBag from /home/pranav_shirali/airflow-project/airflow-env/lib/python3.10/site-packages/airflow/example_dags/example_branch_labels.py
[2025-03-31T13:08:41.052+0530] {processor.py:925} INFO - DAG(s) 'example_branch_labels' retrieved from /home/pranav_shirali/airflow-project/airflow-env/lib/python3.10/site-packages/airflow/example_dags/example_branch_labels.py
[2025-03-31T13:08:41.063+0530] {logging_mixin.py:190} INFO - [2025-03-31T13:08:41.062+0530] {dag.py:3239} INFO - Sync 1 DAGs
[2025-03-31T13:08:41.077+0530] {logging_mixin.py:190} INFO - [2025-03-31T13:08:41.077+0530] {dag.py:4180} INFO - Setting next_dagrun for example_branch_labels to 2025-03-30 00:00:00+00:00, run_after=2025-03-31 00:00:00+00:00
[2025-03-31T13:08:41.093+0530] {processor.py:208} INFO - Processing /home/pranav_shirali/airflow-project/airflow-env/lib/python3.10/site-packages/airflow/example_dags/example_branch_labels.py took 0.058 seconds
[2025-03-31T13:09:42.402+0530] {processor.py:186} INFO - Started process (PID=9213) to work on /home/pranav_shirali/airflow-project/airflow-env/lib/python3.10/site-packages/airflow/example_dags/example_branch_labels.py
[2025-03-31T13:09:42.404+0530] {processor.py:914} INFO - Processing file /home/pranav_shirali/airflow-project/airflow-env/lib/python3.10/site-packages/airflow/example_dags/example_branch_labels.py for tasks to queue
[2025-03-31T13:09:42.405+0530] {logging_mixin.py:190} INFO - [2025-03-31T13:09:42.405+0530] {dagbag.py:588} INFO - Filling up the DagBag from /home/pranav_shirali/airflow-project/airflow-env/lib/python3.10/site-packages/airflow/example_dags/example_branch_labels.py
[2025-03-31T13:09:42.413+0530] {processor.py:925} INFO - DAG(s) 'example_branch_labels' retrieved from /home/pranav_shirali/airflow-project/airflow-env/lib/python3.10/site-packages/airflow/example_dags/example_branch_labels.py
[2025-03-31T13:09:42.425+0530] {logging_mixin.py:190} INFO - [2025-03-31T13:09:42.425+0530] {dag.py:3239} INFO - Sync 1 DAGs
[2025-03-31T13:09:42.441+0530] {logging_mixin.py:190} INFO - [2025-03-31T13:09:42.441+0530] {dag.py:4180} INFO - Setting next_dagrun for example_branch_labels to 2025-03-30 00:00:00+00:00, run_after=2025-03-31 00:00:00+00:00
[2025-03-31T13:09:42.453+0530] {processor.py:208} INFO - Processing /home/pranav_shirali/airflow-project/airflow-env/lib/python3.10/site-packages/airflow/example_dags/example_branch_labels.py took 0.057 seconds
[2025-03-31T13:10:39.143+0530] {processor.py:186} INFO - Started process (PID=9432) to work on /home/pranav_shirali/airflow-project/airflow-env/lib/python3.10/site-packages/airflow/example_dags/example_branch_labels.py
[2025-03-31T13:10:39.144+0530] {processor.py:914} INFO - Processing file /home/pranav_shirali/airflow-project/airflow-env/lib/python3.10/site-packages/airflow/example_dags/example_branch_labels.py for tasks to queue
[2025-03-31T13:10:39.146+0530] {logging_mixin.py:190} INFO - [2025-03-31T13:10:39.145+0530] {dagbag.py:588} INFO - Filling up the DagBag from /home/pranav_shirali/airflow-project/airflow-env/lib/python3.10/site-packages/airflow/example_dags/example_branch_labels.py
[2025-03-31T13:10:39.155+0530] {processor.py:925} INFO - DAG(s) 'example_branch_labels' retrieved from /home/pranav_shirali/airflow-project/airflow-env/lib/python3.10/site-packages/airflow/example_dags/example_branch_labels.py
[2025-03-31T13:10:39.172+0530] {logging_mixin.py:190} INFO - [2025-03-31T13:10:39.172+0530] {dag.py:3239} INFO - Sync 1 DAGs
[2025-03-31T13:10:39.195+0530] {logging_mixin.py:190} INFO - [2025-03-31T13:10:39.195+0530] {dag.py:4180} INFO - Setting next_dagrun for example_branch_labels to 2025-03-30 00:00:00+00:00, run_after=2025-03-31 00:00:00+00:00
[2025-03-31T13:10:39.211+0530] {processor.py:208} INFO - Processing /home/pranav_shirali/airflow-project/airflow-env/lib/python3.10/site-packages/airflow/example_dags/example_branch_labels.py took 0.074 seconds
[2025-03-31T13:11:32.850+0530] {processor.py:186} INFO - Started process (PID=9643) to work on /home/pranav_shirali/airflow-project/airflow-env/lib/python3.10/site-packages/airflow/example_dags/example_branch_labels.py
[2025-03-31T13:11:32.853+0530] {processor.py:914} INFO - Processing file /home/pranav_shirali/airflow-project/airflow-env/lib/python3.10/site-packages/airflow/example_dags/example_branch_labels.py for tasks to queue
[2025-03-31T13:11:32.854+0530] {logging_mixin.py:190} INFO - [2025-03-31T13:11:32.854+0530] {dagbag.py:588} INFO - Filling up the DagBag from /home/pranav_shirali/airflow-project/airflow-env/lib/python3.10/site-packages/airflow/example_dags/example_branch_labels.py
[2025-03-31T13:11:32.863+0530] {processor.py:925} INFO - DAG(s) 'example_branch_labels' retrieved from /home/pranav_shirali/airflow-project/airflow-env/lib/python3.10/site-packages/airflow/example_dags/example_branch_labels.py
[2025-03-31T13:11:32.875+0530] {logging_mixin.py:190} INFO - [2025-03-31T13:11:32.875+0530] {dag.py:3239} INFO - Sync 1 DAGs
[2025-03-31T13:11:32.891+0530] {logging_mixin.py:190} INFO - [2025-03-31T13:11:32.891+0530] {dag.py:4180} INFO - Setting next_dagrun for example_branch_labels to 2025-03-30 00:00:00+00:00, run_after=2025-03-31 00:00:00+00:00
[2025-03-31T13:11:32.909+0530] {processor.py:208} INFO - Processing /home/pranav_shirali/airflow-project/airflow-env/lib/python3.10/site-packages/airflow/example_dags/example_branch_labels.py took 0.063 seconds
[2025-03-31T13:12:52.337+0530] {processor.py:186} INFO - Started process (PID=9977) to work on /home/pranav_shirali/airflow-project/airflow-env/lib/python3.10/site-packages/airflow/example_dags/example_branch_labels.py
[2025-03-31T13:12:52.339+0530] {processor.py:914} INFO - Processing file /home/pranav_shirali/airflow-project/airflow-env/lib/python3.10/site-packages/airflow/example_dags/example_branch_labels.py for tasks to queue
[2025-03-31T13:12:52.340+0530] {logging_mixin.py:190} INFO - [2025-03-31T13:12:52.340+0530] {dagbag.py:588} INFO - Filling up the DagBag from /home/pranav_shirali/airflow-project/airflow-env/lib/python3.10/site-packages/airflow/example_dags/example_branch_labels.py
[2025-03-31T13:12:52.349+0530] {processor.py:925} INFO - DAG(s) 'example_branch_labels' retrieved from /home/pranav_shirali/airflow-project/airflow-env/lib/python3.10/site-packages/airflow/example_dags/example_branch_labels.py
[2025-03-31T13:12:52.366+0530] {logging_mixin.py:190} INFO - [2025-03-31T13:12:52.366+0530] {dag.py:3239} INFO - Sync 1 DAGs
[2025-03-31T13:12:52.384+0530] {logging_mixin.py:190} INFO - [2025-03-31T13:12:52.383+0530] {dag.py:4180} INFO - Setting next_dagrun for example_branch_labels to 2025-03-30 00:00:00+00:00, run_after=2025-03-31 00:00:00+00:00
[2025-03-31T13:12:52.397+0530] {processor.py:208} INFO - Processing /home/pranav_shirali/airflow-project/airflow-env/lib/python3.10/site-packages/airflow/example_dags/example_branch_labels.py took 0.064 seconds
[2025-03-31T13:14:13.517+0530] {processor.py:186} INFO - Started process (PID=10647) to work on /home/pranav_shirali/airflow-project/airflow-env/lib/python3.10/site-packages/airflow/example_dags/example_branch_labels.py
[2025-03-31T13:14:13.519+0530] {processor.py:914} INFO - Processing file /home/pranav_shirali/airflow-project/airflow-env/lib/python3.10/site-packages/airflow/example_dags/example_branch_labels.py for tasks to queue
[2025-03-31T13:14:13.521+0530] {logging_mixin.py:190} INFO - [2025-03-31T13:14:13.520+0530] {dagbag.py:588} INFO - Filling up the DagBag from /home/pranav_shirali/airflow-project/airflow-env/lib/python3.10/site-packages/airflow/example_dags/example_branch_labels.py
[2025-03-31T13:14:13.532+0530] {processor.py:925} INFO - DAG(s) 'example_branch_labels' retrieved from /home/pranav_shirali/airflow-project/airflow-env/lib/python3.10/site-packages/airflow/example_dags/example_branch_labels.py
[2025-03-31T13:14:13.549+0530] {logging_mixin.py:190} INFO - [2025-03-31T13:14:13.548+0530] {dag.py:3239} INFO - Sync 1 DAGs
[2025-03-31T13:14:13.567+0530] {logging_mixin.py:190} INFO - [2025-03-31T13:14:13.566+0530] {dag.py:4180} INFO - Setting next_dagrun for example_branch_labels to 2025-03-30 00:00:00+00:00, run_after=2025-03-31 00:00:00+00:00
[2025-03-31T13:14:13.581+0530] {processor.py:208} INFO - Processing /home/pranav_shirali/airflow-project/airflow-env/lib/python3.10/site-packages/airflow/example_dags/example_branch_labels.py took 0.070 seconds
[2025-03-31T13:15:14.156+0530] {processor.py:186} INFO - Started process (PID=11190) to work on /home/pranav_shirali/airflow-project/airflow-env/lib/python3.10/site-packages/airflow/example_dags/example_branch_labels.py
[2025-03-31T13:15:14.159+0530] {processor.py:914} INFO - Processing file /home/pranav_shirali/airflow-project/airflow-env/lib/python3.10/site-packages/airflow/example_dags/example_branch_labels.py for tasks to queue
[2025-03-31T13:15:14.160+0530] {logging_mixin.py:190} INFO - [2025-03-31T13:15:14.160+0530] {dagbag.py:588} INFO - Filling up the DagBag from /home/pranav_shirali/airflow-project/airflow-env/lib/python3.10/site-packages/airflow/example_dags/example_branch_labels.py
[2025-03-31T13:15:14.168+0530] {processor.py:925} INFO - DAG(s) 'example_branch_labels' retrieved from /home/pranav_shirali/airflow-project/airflow-env/lib/python3.10/site-packages/airflow/example_dags/example_branch_labels.py
[2025-03-31T13:15:14.183+0530] {logging_mixin.py:190} INFO - [2025-03-31T13:15:14.183+0530] {dag.py:3239} INFO - Sync 1 DAGs
[2025-03-31T13:15:14.204+0530] {logging_mixin.py:190} INFO - [2025-03-31T13:15:14.204+0530] {dag.py:4180} INFO - Setting next_dagrun for example_branch_labels to 2025-03-30 00:00:00+00:00, run_after=2025-03-31 00:00:00+00:00
[2025-03-31T13:15:14.222+0530] {processor.py:208} INFO - Processing /home/pranav_shirali/airflow-project/airflow-env/lib/python3.10/site-packages/airflow/example_dags/example_branch_labels.py took 0.071 seconds
[2025-03-31T13:16:17.016+0530] {processor.py:186} INFO - Started process (PID=11832) to work on /home/pranav_shirali/airflow-project/airflow-env/lib/python3.10/site-packages/airflow/example_dags/example_branch_labels.py
[2025-03-31T13:16:17.018+0530] {processor.py:914} INFO - Processing file /home/pranav_shirali/airflow-project/airflow-env/lib/python3.10/site-packages/airflow/example_dags/example_branch_labels.py for tasks to queue
[2025-03-31T13:16:17.019+0530] {logging_mixin.py:190} INFO - [2025-03-31T13:16:17.019+0530] {dagbag.py:588} INFO - Filling up the DagBag from /home/pranav_shirali/airflow-project/airflow-env/lib/python3.10/site-packages/airflow/example_dags/example_branch_labels.py
[2025-03-31T13:16:17.026+0530] {processor.py:925} INFO - DAG(s) 'example_branch_labels' retrieved from /home/pranav_shirali/airflow-project/airflow-env/lib/python3.10/site-packages/airflow/example_dags/example_branch_labels.py
[2025-03-31T13:16:17.043+0530] {logging_mixin.py:190} INFO - [2025-03-31T13:16:17.043+0530] {dag.py:3239} INFO - Sync 1 DAGs
[2025-03-31T13:16:17.064+0530] {logging_mixin.py:190} INFO - [2025-03-31T13:16:17.063+0530] {dag.py:4180} INFO - Setting next_dagrun for example_branch_labels to 2025-03-30 00:00:00+00:00, run_after=2025-03-31 00:00:00+00:00
[2025-03-31T13:16:17.080+0530] {processor.py:208} INFO - Processing /home/pranav_shirali/airflow-project/airflow-env/lib/python3.10/site-packages/airflow/example_dags/example_branch_labels.py took 0.069 seconds
[2025-03-31T13:17:13.570+0530] {processor.py:186} INFO - Started process (PID=12271) to work on /home/pranav_shirali/airflow-project/airflow-env/lib/python3.10/site-packages/airflow/example_dags/example_branch_labels.py
[2025-03-31T13:17:13.573+0530] {processor.py:914} INFO - Processing file /home/pranav_shirali/airflow-project/airflow-env/lib/python3.10/site-packages/airflow/example_dags/example_branch_labels.py for tasks to queue
[2025-03-31T13:17:13.575+0530] {logging_mixin.py:190} INFO - [2025-03-31T13:17:13.574+0530] {dagbag.py:588} INFO - Filling up the DagBag from /home/pranav_shirali/airflow-project/airflow-env/lib/python3.10/site-packages/airflow/example_dags/example_branch_labels.py
[2025-03-31T13:17:13.584+0530] {processor.py:925} INFO - DAG(s) 'example_branch_labels' retrieved from /home/pranav_shirali/airflow-project/airflow-env/lib/python3.10/site-packages/airflow/example_dags/example_branch_labels.py
[2025-03-31T13:17:13.597+0530] {logging_mixin.py:190} INFO - [2025-03-31T13:17:13.597+0530] {dag.py:3239} INFO - Sync 1 DAGs
[2025-03-31T13:17:13.614+0530] {logging_mixin.py:190} INFO - [2025-03-31T13:17:13.614+0530] {dag.py:4180} INFO - Setting next_dagrun for example_branch_labels to 2025-03-30 00:00:00+00:00, run_after=2025-03-31 00:00:00+00:00
[2025-03-31T13:17:13.628+0530] {processor.py:208} INFO - Processing /home/pranav_shirali/airflow-project/airflow-env/lib/python3.10/site-packages/airflow/example_dags/example_branch_labels.py took 0.063 seconds
