[2025-03-31T13:07:12.562+0530] {processor.py:186} INFO - Started process (PID=8302) to work on /home/pranav_shirali/airflow-project/airflow-env/lib/python3.10/site-packages/airflow/example_dags/example_sensor_decorator.py
[2025-03-31T13:07:12.563+0530] {processor.py:914} INFO - Processing file /home/pranav_shirali/airflow-project/airflow-env/lib/python3.10/site-packages/airflow/example_dags/example_sensor_decorator.py for tasks to queue
[2025-03-31T13:07:12.564+0530] {logging_mixin.py:190} INFO - [2025-03-31T13:07:12.564+0530] {dagbag.py:588} INFO - Filling up the DagBag from /home/pranav_shirali/airflow-project/airflow-env/lib/python3.10/site-packages/airflow/example_dags/example_sensor_decorator.py
[2025-03-31T13:07:12.570+0530] {processor.py:925} INFO - DAG(s) 'example_sensor_decorator' retrieved from /home/pranav_shirali/airflow-project/airflow-env/lib/python3.10/site-packages/airflow/example_dags/example_sensor_decorator.py
[2025-03-31T13:07:12.583+0530] {logging_mixin.py:190} INFO - [2025-03-31T13:07:12.583+0530] {dag.py:3239} INFO - Sync 1 DAGs
[2025-03-31T13:07:12.592+0530] {logging_mixin.py:190} INFO - [2025-03-31T13:07:12.592+0530] {dag.py:4180} INFO - Setting next_dagrun for example_sensor_decorator to None, run_after=None
[2025-03-31T13:07:12.608+0530] {processor.py:208} INFO - Processing /home/pranav_shirali/airflow-project/airflow-env/lib/python3.10/site-packages/airflow/example_dags/example_sensor_decorator.py took 0.051 seconds
[2025-03-31T13:08:11.489+0530] {processor.py:186} INFO - Started process (PID=8695) to work on /home/pranav_shirali/airflow-project/airflow-env/lib/python3.10/site-packages/airflow/example_dags/example_sensor_decorator.py
[2025-03-31T13:08:11.490+0530] {processor.py:914} INFO - Processing file /home/pranav_shirali/airflow-project/airflow-env/lib/python3.10/site-packages/airflow/example_dags/example_sensor_decorator.py for tasks to queue
[2025-03-31T13:08:11.491+0530] {logging_mixin.py:190} INFO - [2025-03-31T13:08:11.491+0530] {dagbag.py:588} INFO - Filling up the DagBag from /home/pranav_shirali/airflow-project/airflow-env/lib/python3.10/site-packages/airflow/example_dags/example_sensor_decorator.py
[2025-03-31T13:08:11.497+0530] {processor.py:925} INFO - DAG(s) 'example_sensor_decorator' retrieved from /home/pranav_shirali/airflow-project/airflow-env/lib/python3.10/site-packages/airflow/example_dags/example_sensor_decorator.py
[2025-03-31T13:08:11.508+0530] {logging_mixin.py:190} INFO - [2025-03-31T13:08:11.508+0530] {dag.py:3239} INFO - Sync 1 DAGs
[2025-03-31T13:08:11.517+0530] {logging_mixin.py:190} INFO - [2025-03-31T13:08:11.517+0530] {dag.py:4180} INFO - Setting next_dagrun for example_sensor_decorator to None, run_after=None
[2025-03-31T13:08:11.532+0530] {processor.py:208} INFO - Processing /home/pranav_shirali/airflow-project/airflow-env/lib/python3.10/site-packages/airflow/example_dags/example_sensor_decorator.py took 0.047 seconds
[2025-03-31T13:09:12.059+0530] {processor.py:186} INFO - Started process (PID=9108) to work on /home/pranav_shirali/airflow-project/airflow-env/lib/python3.10/site-packages/airflow/example_dags/example_sensor_decorator.py
[2025-03-31T13:09:12.060+0530] {processor.py:914} INFO - Processing file /home/pranav_shirali/airflow-project/airflow-env/lib/python3.10/site-packages/airflow/example_dags/example_sensor_decorator.py for tasks to queue
[2025-03-31T13:09:12.061+0530] {logging_mixin.py:190} INFO - [2025-03-31T13:09:12.061+0530] {dagbag.py:588} INFO - Filling up the DagBag from /home/pranav_shirali/airflow-project/airflow-env/lib/python3.10/site-packages/airflow/example_dags/example_sensor_decorator.py
[2025-03-31T13:09:12.067+0530] {processor.py:925} INFO - DAG(s) 'example_sensor_decorator' retrieved from /home/pranav_shirali/airflow-project/airflow-env/lib/python3.10/site-packages/airflow/example_dags/example_sensor_decorator.py
[2025-03-31T13:09:12.076+0530] {logging_mixin.py:190} INFO - [2025-03-31T13:09:12.076+0530] {dag.py:3239} INFO - Sync 1 DAGs
[2025-03-31T13:09:12.084+0530] {logging_mixin.py:190} INFO - [2025-03-31T13:09:12.084+0530] {dag.py:4180} INFO - Setting next_dagrun for example_sensor_decorator to None, run_after=None
[2025-03-31T13:09:12.098+0530] {processor.py:208} INFO - Processing /home/pranav_shirali/airflow-project/airflow-env/lib/python3.10/site-packages/airflow/example_dags/example_sensor_decorator.py took 0.043 seconds
[2025-03-31T13:10:10.408+0530] {processor.py:186} INFO - Started process (PID=9326) to work on /home/pranav_shirali/airflow-project/airflow-env/lib/python3.10/site-packages/airflow/example_dags/example_sensor_decorator.py
[2025-03-31T13:10:10.409+0530] {processor.py:914} INFO - Processing file /home/pranav_shirali/airflow-project/airflow-env/lib/python3.10/site-packages/airflow/example_dags/example_sensor_decorator.py for tasks to queue
[2025-03-31T13:10:10.410+0530] {logging_mixin.py:190} INFO - [2025-03-31T13:10:10.410+0530] {dagbag.py:588} INFO - Filling up the DagBag from /home/pranav_shirali/airflow-project/airflow-env/lib/python3.10/site-packages/airflow/example_dags/example_sensor_decorator.py
[2025-03-31T13:10:10.416+0530] {processor.py:925} INFO - DAG(s) 'example_sensor_decorator' retrieved from /home/pranav_shirali/airflow-project/airflow-env/lib/python3.10/site-packages/airflow/example_dags/example_sensor_decorator.py
[2025-03-31T13:10:10.428+0530] {logging_mixin.py:190} INFO - [2025-03-31T13:10:10.428+0530] {dag.py:3239} INFO - Sync 1 DAGs
[2025-03-31T13:10:10.437+0530] {logging_mixin.py:190} INFO - [2025-03-31T13:10:10.437+0530] {dag.py:4180} INFO - Setting next_dagrun for example_sensor_decorator to None, run_after=None
[2025-03-31T13:10:10.454+0530] {processor.py:208} INFO - Processing /home/pranav_shirali/airflow-project/airflow-env/lib/python3.10/site-packages/airflow/example_dags/example_sensor_decorator.py took 0.052 seconds
[2025-03-31T13:11:06.689+0530] {processor.py:186} INFO - Started process (PID=9545) to work on /home/pranav_shirali/airflow-project/airflow-env/lib/python3.10/site-packages/airflow/example_dags/example_sensor_decorator.py
[2025-03-31T13:11:06.690+0530] {processor.py:914} INFO - Processing file /home/pranav_shirali/airflow-project/airflow-env/lib/python3.10/site-packages/airflow/example_dags/example_sensor_decorator.py for tasks to queue
[2025-03-31T13:11:06.692+0530] {logging_mixin.py:190} INFO - [2025-03-31T13:11:06.692+0530] {dagbag.py:588} INFO - Filling up the DagBag from /home/pranav_shirali/airflow-project/airflow-env/lib/python3.10/site-packages/airflow/example_dags/example_sensor_decorator.py
[2025-03-31T13:11:06.700+0530] {processor.py:925} INFO - DAG(s) 'example_sensor_decorator' retrieved from /home/pranav_shirali/airflow-project/airflow-env/lib/python3.10/site-packages/airflow/example_dags/example_sensor_decorator.py
[2025-03-31T13:11:06.716+0530] {logging_mixin.py:190} INFO - [2025-03-31T13:11:06.716+0530] {dag.py:3239} INFO - Sync 1 DAGs
[2025-03-31T13:11:06.729+0530] {logging_mixin.py:190} INFO - [2025-03-31T13:11:06.729+0530] {dag.py:4180} INFO - Setting next_dagrun for example_sensor_decorator to None, run_after=None
[2025-03-31T13:11:06.750+0530] {processor.py:208} INFO - Processing /home/pranav_shirali/airflow-project/airflow-env/lib/python3.10/site-packages/airflow/example_dags/example_sensor_decorator.py took 0.067 seconds
[2025-03-31T13:12:02.447+0530] {processor.py:186} INFO - Started process (PID=9780) to work on /home/pranav_shirali/airflow-project/airflow-env/lib/python3.10/site-packages/airflow/example_dags/example_sensor_decorator.py
[2025-03-31T13:12:02.448+0530] {processor.py:914} INFO - Processing file /home/pranav_shirali/airflow-project/airflow-env/lib/python3.10/site-packages/airflow/example_dags/example_sensor_decorator.py for tasks to queue
[2025-03-31T13:12:02.449+0530] {logging_mixin.py:190} INFO - [2025-03-31T13:12:02.449+0530] {dagbag.py:588} INFO - Filling up the DagBag from /home/pranav_shirali/airflow-project/airflow-env/lib/python3.10/site-packages/airflow/example_dags/example_sensor_decorator.py
[2025-03-31T13:12:02.456+0530] {processor.py:925} INFO - DAG(s) 'example_sensor_decorator' retrieved from /home/pranav_shirali/airflow-project/airflow-env/lib/python3.10/site-packages/airflow/example_dags/example_sensor_decorator.py
[2025-03-31T13:12:02.467+0530] {logging_mixin.py:190} INFO - [2025-03-31T13:12:02.467+0530] {dag.py:3239} INFO - Sync 1 DAGs
[2025-03-31T13:12:02.478+0530] {logging_mixin.py:190} INFO - [2025-03-31T13:12:02.477+0530] {dag.py:4180} INFO - Setting next_dagrun for example_sensor_decorator to None, run_after=None
[2025-03-31T13:12:02.493+0530] {processor.py:208} INFO - Processing /home/pranav_shirali/airflow-project/airflow-env/lib/python3.10/site-packages/airflow/example_dags/example_sensor_decorator.py took 0.050 seconds
[2025-03-31T13:12:59.123+0530] {processor.py:186} INFO - Started process (PID=10011) to work on /home/pranav_shirali/airflow-project/airflow-env/lib/python3.10/site-packages/airflow/example_dags/example_sensor_decorator.py
[2025-03-31T13:12:59.124+0530] {processor.py:914} INFO - Processing file /home/pranav_shirali/airflow-project/airflow-env/lib/python3.10/site-packages/airflow/example_dags/example_sensor_decorator.py for tasks to queue
[2025-03-31T13:12:59.126+0530] {logging_mixin.py:190} INFO - [2025-03-31T13:12:59.126+0530] {dagbag.py:588} INFO - Filling up the DagBag from /home/pranav_shirali/airflow-project/airflow-env/lib/python3.10/site-packages/airflow/example_dags/example_sensor_decorator.py
[2025-03-31T13:12:59.133+0530] {processor.py:925} INFO - DAG(s) 'example_sensor_decorator' retrieved from /home/pranav_shirali/airflow-project/airflow-env/lib/python3.10/site-packages/airflow/example_dags/example_sensor_decorator.py
[2025-03-31T13:12:59.149+0530] {logging_mixin.py:190} INFO - [2025-03-31T13:12:59.149+0530] {dag.py:3239} INFO - Sync 1 DAGs
[2025-03-31T13:12:59.159+0530] {logging_mixin.py:190} INFO - [2025-03-31T13:12:59.159+0530] {dag.py:4180} INFO - Setting next_dagrun for example_sensor_decorator to None, run_after=None
[2025-03-31T13:12:59.177+0530] {processor.py:208} INFO - Processing /home/pranav_shirali/airflow-project/airflow-env/lib/python3.10/site-packages/airflow/example_dags/example_sensor_decorator.py took 0.058 seconds
[2025-03-31T13:13:51.464+0530] {processor.py:186} INFO - Started process (PID=10484) to work on /home/pranav_shirali/airflow-project/airflow-env/lib/python3.10/site-packages/airflow/example_dags/example_sensor_decorator.py
[2025-03-31T13:13:51.465+0530] {processor.py:914} INFO - Processing file /home/pranav_shirali/airflow-project/airflow-env/lib/python3.10/site-packages/airflow/example_dags/example_sensor_decorator.py for tasks to queue
[2025-03-31T13:13:51.468+0530] {logging_mixin.py:190} INFO - [2025-03-31T13:13:51.467+0530] {dagbag.py:588} INFO - Filling up the DagBag from /home/pranav_shirali/airflow-project/airflow-env/lib/python3.10/site-packages/airflow/example_dags/example_sensor_decorator.py
[2025-03-31T13:13:51.475+0530] {processor.py:925} INFO - DAG(s) 'example_sensor_decorator' retrieved from /home/pranav_shirali/airflow-project/airflow-env/lib/python3.10/site-packages/airflow/example_dags/example_sensor_decorator.py
[2025-03-31T13:13:51.487+0530] {logging_mixin.py:190} INFO - [2025-03-31T13:13:51.487+0530] {dag.py:3239} INFO - Sync 1 DAGs
[2025-03-31T13:13:51.496+0530] {logging_mixin.py:190} INFO - [2025-03-31T13:13:51.496+0530] {dag.py:4180} INFO - Setting next_dagrun for example_sensor_decorator to None, run_after=None
[2025-03-31T13:13:51.512+0530] {processor.py:208} INFO - Processing /home/pranav_shirali/airflow-project/airflow-env/lib/python3.10/site-packages/airflow/example_dags/example_sensor_decorator.py took 0.054 seconds
[2025-03-31T13:14:49.398+0530] {processor.py:186} INFO - Started process (PID=10980) to work on /home/pranav_shirali/airflow-project/airflow-env/lib/python3.10/site-packages/airflow/example_dags/example_sensor_decorator.py
[2025-03-31T13:14:49.400+0530] {processor.py:914} INFO - Processing file /home/pranav_shirali/airflow-project/airflow-env/lib/python3.10/site-packages/airflow/example_dags/example_sensor_decorator.py for tasks to queue
[2025-03-31T13:14:49.402+0530] {logging_mixin.py:190} INFO - [2025-03-31T13:14:49.402+0530] {dagbag.py:588} INFO - Filling up the DagBag from /home/pranav_shirali/airflow-project/airflow-env/lib/python3.10/site-packages/airflow/example_dags/example_sensor_decorator.py
[2025-03-31T13:14:49.411+0530] {processor.py:925} INFO - DAG(s) 'example_sensor_decorator' retrieved from /home/pranav_shirali/airflow-project/airflow-env/lib/python3.10/site-packages/airflow/example_dags/example_sensor_decorator.py
[2025-03-31T13:14:49.425+0530] {logging_mixin.py:190} INFO - [2025-03-31T13:14:49.425+0530] {dag.py:3239} INFO - Sync 1 DAGs
[2025-03-31T13:14:49.438+0530] {logging_mixin.py:190} INFO - [2025-03-31T13:14:49.438+0530] {dag.py:4180} INFO - Setting next_dagrun for example_sensor_decorator to None, run_after=None
[2025-03-31T13:14:49.455+0530] {processor.py:208} INFO - Processing /home/pranav_shirali/airflow-project/airflow-env/lib/python3.10/site-packages/airflow/example_dags/example_sensor_decorator.py took 0.062 seconds
[2025-03-31T13:15:52.792+0530] {processor.py:186} INFO - Started process (PID=11604) to work on /home/pranav_shirali/airflow-project/airflow-env/lib/python3.10/site-packages/airflow/example_dags/example_sensor_decorator.py
[2025-03-31T13:15:52.794+0530] {processor.py:914} INFO - Processing file /home/pranav_shirali/airflow-project/airflow-env/lib/python3.10/site-packages/airflow/example_dags/example_sensor_decorator.py for tasks to queue
[2025-03-31T13:15:52.796+0530] {logging_mixin.py:190} INFO - [2025-03-31T13:15:52.796+0530] {dagbag.py:588} INFO - Filling up the DagBag from /home/pranav_shirali/airflow-project/airflow-env/lib/python3.10/site-packages/airflow/example_dags/example_sensor_decorator.py
[2025-03-31T13:15:52.803+0530] {processor.py:925} INFO - DAG(s) 'example_sensor_decorator' retrieved from /home/pranav_shirali/airflow-project/airflow-env/lib/python3.10/site-packages/airflow/example_dags/example_sensor_decorator.py
[2025-03-31T13:15:52.816+0530] {logging_mixin.py:190} INFO - [2025-03-31T13:15:52.816+0530] {dag.py:3239} INFO - Sync 1 DAGs
[2025-03-31T13:15:52.827+0530] {logging_mixin.py:190} INFO - [2025-03-31T13:15:52.827+0530] {dag.py:4180} INFO - Setting next_dagrun for example_sensor_decorator to None, run_after=None
[2025-03-31T13:15:52.845+0530] {processor.py:208} INFO - Processing /home/pranav_shirali/airflow-project/airflow-env/lib/python3.10/site-packages/airflow/example_dags/example_sensor_decorator.py took 0.059 seconds
[2025-03-31T13:16:52.812+0530] {processor.py:186} INFO - Started process (PID=12186) to work on /home/pranav_shirali/airflow-project/airflow-env/lib/python3.10/site-packages/airflow/example_dags/example_sensor_decorator.py
[2025-03-31T13:16:52.813+0530] {processor.py:914} INFO - Processing file /home/pranav_shirali/airflow-project/airflow-env/lib/python3.10/site-packages/airflow/example_dags/example_sensor_decorator.py for tasks to queue
[2025-03-31T13:16:52.815+0530] {logging_mixin.py:190} INFO - [2025-03-31T13:16:52.814+0530] {dagbag.py:588} INFO - Filling up the DagBag from /home/pranav_shirali/airflow-project/airflow-env/lib/python3.10/site-packages/airflow/example_dags/example_sensor_decorator.py
[2025-03-31T13:16:52.820+0530] {processor.py:925} INFO - DAG(s) 'example_sensor_decorator' retrieved from /home/pranav_shirali/airflow-project/airflow-env/lib/python3.10/site-packages/airflow/example_dags/example_sensor_decorator.py
[2025-03-31T13:16:52.830+0530] {logging_mixin.py:190} INFO - [2025-03-31T13:16:52.829+0530] {dag.py:3239} INFO - Sync 1 DAGs
[2025-03-31T13:16:52.837+0530] {logging_mixin.py:190} INFO - [2025-03-31T13:16:52.837+0530] {dag.py:4180} INFO - Setting next_dagrun for example_sensor_decorator to None, run_after=None
[2025-03-31T13:16:52.849+0530] {processor.py:208} INFO - Processing /home/pranav_shirali/airflow-project/airflow-env/lib/python3.10/site-packages/airflow/example_dags/example_sensor_decorator.py took 0.041 seconds
[2025-03-31T13:17:46.390+0530] {processor.py:186} INFO - Started process (PID=12543) to work on /home/pranav_shirali/airflow-project/airflow-env/lib/python3.10/site-packages/airflow/example_dags/example_sensor_decorator.py
[2025-03-31T13:17:46.391+0530] {processor.py:914} INFO - Processing file /home/pranav_shirali/airflow-project/airflow-env/lib/python3.10/site-packages/airflow/example_dags/example_sensor_decorator.py for tasks to queue
[2025-03-31T13:17:46.392+0530] {logging_mixin.py:190} INFO - [2025-03-31T13:17:46.392+0530] {dagbag.py:588} INFO - Filling up the DagBag from /home/pranav_shirali/airflow-project/airflow-env/lib/python3.10/site-packages/airflow/example_dags/example_sensor_decorator.py
[2025-03-31T13:17:46.397+0530] {processor.py:925} INFO - DAG(s) 'example_sensor_decorator' retrieved from /home/pranav_shirali/airflow-project/airflow-env/lib/python3.10/site-packages/airflow/example_dags/example_sensor_decorator.py
[2025-03-31T13:17:46.407+0530] {logging_mixin.py:190} INFO - [2025-03-31T13:17:46.407+0530] {dag.py:3239} INFO - Sync 1 DAGs
[2025-03-31T13:17:46.414+0530] {logging_mixin.py:190} INFO - [2025-03-31T13:17:46.414+0530] {dag.py:4180} INFO - Setting next_dagrun for example_sensor_decorator to None, run_after=None
[2025-03-31T13:17:46.428+0530] {processor.py:208} INFO - Processing /home/pranav_shirali/airflow-project/airflow-env/lib/python3.10/site-packages/airflow/example_dags/example_sensor_decorator.py took 0.042 seconds
