[2025-03-31T13:06:56.163+0530] {processor.py:186} INFO - Started process (PID=8210) to work on /home/pranav_shirali/airflow-project/airflow-env/lib/python3.10/site-packages/airflow/example_dags/example_xcomargs.py
[2025-03-31T13:06:56.164+0530] {processor.py:914} INFO - Processing file /home/pranav_shirali/airflow-project/airflow-env/lib/python3.10/site-packages/airflow/example_dags/example_xcomargs.py for tasks to queue
[2025-03-31T13:06:56.165+0530] {logging_mixin.py:190} INFO - [2025-03-31T13:06:56.165+0530] {dagbag.py:588} INFO - Filling up the DagBag from /home/pranav_shirali/airflow-project/airflow-env/lib/python3.10/site-packages/airflow/example_dags/example_xcomargs.py
[2025-03-31T13:06:56.171+0530] {processor.py:925} INFO - DAG(s) 'example_xcom_args_with_operators', 'example_xcom_args' retrieved from /home/pranav_shirali/airflow-project/airflow-env/lib/python3.10/site-packages/airflow/example_dags/example_xcomargs.py
[2025-03-31T13:06:56.184+0530] {logging_mixin.py:190} INFO - [2025-03-31T13:06:56.184+0530] {dag.py:3239} INFO - Sync 2 DAGs
[2025-03-31T13:06:56.192+0530] {logging_mixin.py:190} INFO - [2025-03-31T13:06:56.192+0530] {dag.py:4180} INFO - Setting next_dagrun for example_xcom_args to None, run_after=None
[2025-03-31T13:06:56.194+0530] {logging_mixin.py:190} INFO - [2025-03-31T13:06:56.194+0530] {dag.py:4180} INFO - Setting next_dagrun for example_xcom_args_with_operators to None, run_after=None
[2025-03-31T13:06:56.208+0530] {processor.py:208} INFO - Processing /home/pranav_shirali/airflow-project/airflow-env/lib/python3.10/site-packages/airflow/example_dags/example_xcomargs.py took 0.048 seconds
[2025-03-31T13:07:56.597+0530] {processor.py:186} INFO - Started process (PID=8632) to work on /home/pranav_shirali/airflow-project/airflow-env/lib/python3.10/site-packages/airflow/example_dags/example_xcomargs.py
[2025-03-31T13:07:56.599+0530] {processor.py:914} INFO - Processing file /home/pranav_shirali/airflow-project/airflow-env/lib/python3.10/site-packages/airflow/example_dags/example_xcomargs.py for tasks to queue
[2025-03-31T13:07:56.601+0530] {logging_mixin.py:190} INFO - [2025-03-31T13:07:56.600+0530] {dagbag.py:588} INFO - Filling up the DagBag from /home/pranav_shirali/airflow-project/airflow-env/lib/python3.10/site-packages/airflow/example_dags/example_xcomargs.py
[2025-03-31T13:07:56.608+0530] {processor.py:925} INFO - DAG(s) 'example_xcom_args', 'example_xcom_args_with_operators' retrieved from /home/pranav_shirali/airflow-project/airflow-env/lib/python3.10/site-packages/airflow/example_dags/example_xcomargs.py
[2025-03-31T13:07:56.620+0530] {logging_mixin.py:190} INFO - [2025-03-31T13:07:56.619+0530] {dag.py:3239} INFO - Sync 2 DAGs
[2025-03-31T13:07:56.628+0530] {logging_mixin.py:190} INFO - [2025-03-31T13:07:56.628+0530] {dag.py:4180} INFO - Setting next_dagrun for example_xcom_args to None, run_after=None
[2025-03-31T13:07:56.630+0530] {logging_mixin.py:190} INFO - [2025-03-31T13:07:56.630+0530] {dag.py:4180} INFO - Setting next_dagrun for example_xcom_args_with_operators to None, run_after=None
[2025-03-31T13:07:56.642+0530] {processor.py:208} INFO - Processing /home/pranav_shirali/airflow-project/airflow-env/lib/python3.10/site-packages/airflow/example_dags/example_xcomargs.py took 0.050 seconds
[2025-03-31T13:08:57.677+0530] {processor.py:186} INFO - Started process (PID=9051) to work on /home/pranav_shirali/airflow-project/airflow-env/lib/python3.10/site-packages/airflow/example_dags/example_xcomargs.py
[2025-03-31T13:08:57.678+0530] {processor.py:914} INFO - Processing file /home/pranav_shirali/airflow-project/airflow-env/lib/python3.10/site-packages/airflow/example_dags/example_xcomargs.py for tasks to queue
[2025-03-31T13:08:57.680+0530] {logging_mixin.py:190} INFO - [2025-03-31T13:08:57.680+0530] {dagbag.py:588} INFO - Filling up the DagBag from /home/pranav_shirali/airflow-project/airflow-env/lib/python3.10/site-packages/airflow/example_dags/example_xcomargs.py
[2025-03-31T13:08:57.690+0530] {processor.py:925} INFO - DAG(s) 'example_xcom_args_with_operators', 'example_xcom_args' retrieved from /home/pranav_shirali/airflow-project/airflow-env/lib/python3.10/site-packages/airflow/example_dags/example_xcomargs.py
[2025-03-31T13:08:57.724+0530] {logging_mixin.py:190} INFO - [2025-03-31T13:08:57.724+0530] {dag.py:3239} INFO - Sync 2 DAGs
[2025-03-31T13:08:57.747+0530] {logging_mixin.py:190} INFO - [2025-03-31T13:08:57.746+0530] {dag.py:4180} INFO - Setting next_dagrun for example_xcom_args to None, run_after=None
[2025-03-31T13:08:57.754+0530] {logging_mixin.py:190} INFO - [2025-03-31T13:08:57.753+0530] {dag.py:4180} INFO - Setting next_dagrun for example_xcom_args_with_operators to None, run_after=None
[2025-03-31T13:08:57.783+0530] {processor.py:208} INFO - Processing /home/pranav_shirali/airflow-project/airflow-env/lib/python3.10/site-packages/airflow/example_dags/example_xcomargs.py took 0.112 seconds
[2025-03-31T13:09:56.078+0530] {processor.py:186} INFO - Started process (PID=9269) to work on /home/pranav_shirali/airflow-project/airflow-env/lib/python3.10/site-packages/airflow/example_dags/example_xcomargs.py
[2025-03-31T13:09:56.080+0530] {processor.py:914} INFO - Processing file /home/pranav_shirali/airflow-project/airflow-env/lib/python3.10/site-packages/airflow/example_dags/example_xcomargs.py for tasks to queue
[2025-03-31T13:09:56.082+0530] {logging_mixin.py:190} INFO - [2025-03-31T13:09:56.082+0530] {dagbag.py:588} INFO - Filling up the DagBag from /home/pranav_shirali/airflow-project/airflow-env/lib/python3.10/site-packages/airflow/example_dags/example_xcomargs.py
[2025-03-31T13:09:56.090+0530] {processor.py:925} INFO - DAG(s) 'example_xcom_args_with_operators', 'example_xcom_args' retrieved from /home/pranav_shirali/airflow-project/airflow-env/lib/python3.10/site-packages/airflow/example_dags/example_xcomargs.py
[2025-03-31T13:09:56.103+0530] {logging_mixin.py:190} INFO - [2025-03-31T13:09:56.103+0530] {dag.py:3239} INFO - Sync 2 DAGs
[2025-03-31T13:09:56.111+0530] {logging_mixin.py:190} INFO - [2025-03-31T13:09:56.111+0530] {dag.py:4180} INFO - Setting next_dagrun for example_xcom_args to None, run_after=None
[2025-03-31T13:09:56.114+0530] {logging_mixin.py:190} INFO - [2025-03-31T13:09:56.114+0530] {dag.py:4180} INFO - Setting next_dagrun for example_xcom_args_with_operators to None, run_after=None
[2025-03-31T13:09:56.127+0530] {processor.py:208} INFO - Processing /home/pranav_shirali/airflow-project/airflow-env/lib/python3.10/site-packages/airflow/example_dags/example_xcomargs.py took 0.052 seconds
[2025-03-31T13:10:53.436+0530] {processor.py:186} INFO - Started process (PID=9488) to work on /home/pranav_shirali/airflow-project/airflow-env/lib/python3.10/site-packages/airflow/example_dags/example_xcomargs.py
[2025-03-31T13:10:53.438+0530] {processor.py:914} INFO - Processing file /home/pranav_shirali/airflow-project/airflow-env/lib/python3.10/site-packages/airflow/example_dags/example_xcomargs.py for tasks to queue
[2025-03-31T13:10:53.440+0530] {logging_mixin.py:190} INFO - [2025-03-31T13:10:53.440+0530] {dagbag.py:588} INFO - Filling up the DagBag from /home/pranav_shirali/airflow-project/airflow-env/lib/python3.10/site-packages/airflow/example_dags/example_xcomargs.py
[2025-03-31T13:10:53.449+0530] {processor.py:925} INFO - DAG(s) 'example_xcom_args', 'example_xcom_args_with_operators' retrieved from /home/pranav_shirali/airflow-project/airflow-env/lib/python3.10/site-packages/airflow/example_dags/example_xcomargs.py
[2025-03-31T13:10:53.464+0530] {logging_mixin.py:190} INFO - [2025-03-31T13:10:53.463+0530] {dag.py:3239} INFO - Sync 2 DAGs
[2025-03-31T13:10:53.473+0530] {logging_mixin.py:190} INFO - [2025-03-31T13:10:53.473+0530] {dag.py:4180} INFO - Setting next_dagrun for example_xcom_args to None, run_after=None
[2025-03-31T13:10:53.476+0530] {logging_mixin.py:190} INFO - [2025-03-31T13:10:53.476+0530] {dag.py:4180} INFO - Setting next_dagrun for example_xcom_args_with_operators to None, run_after=None
[2025-03-31T13:10:53.489+0530] {processor.py:208} INFO - Processing /home/pranav_shirali/airflow-project/airflow-env/lib/python3.10/site-packages/airflow/example_dags/example_xcomargs.py took 0.057 seconds
[2025-03-31T13:11:44.880+0530] {processor.py:186} INFO - Started process (PID=9693) to work on /home/pranav_shirali/airflow-project/airflow-env/lib/python3.10/site-packages/airflow/example_dags/example_xcomargs.py
[2025-03-31T13:11:44.883+0530] {processor.py:914} INFO - Processing file /home/pranav_shirali/airflow-project/airflow-env/lib/python3.10/site-packages/airflow/example_dags/example_xcomargs.py for tasks to queue
[2025-03-31T13:11:44.885+0530] {logging_mixin.py:190} INFO - [2025-03-31T13:11:44.884+0530] {dagbag.py:588} INFO - Filling up the DagBag from /home/pranav_shirali/airflow-project/airflow-env/lib/python3.10/site-packages/airflow/example_dags/example_xcomargs.py
[2025-03-31T13:11:44.893+0530] {processor.py:925} INFO - DAG(s) 'example_xcom_args_with_operators', 'example_xcom_args' retrieved from /home/pranav_shirali/airflow-project/airflow-env/lib/python3.10/site-packages/airflow/example_dags/example_xcomargs.py
[2025-03-31T13:11:44.912+0530] {logging_mixin.py:190} INFO - [2025-03-31T13:11:44.912+0530] {dag.py:3239} INFO - Sync 2 DAGs
[2025-03-31T13:11:44.924+0530] {logging_mixin.py:190} INFO - [2025-03-31T13:11:44.924+0530] {dag.py:4180} INFO - Setting next_dagrun for example_xcom_args to None, run_after=None
[2025-03-31T13:11:44.927+0530] {logging_mixin.py:190} INFO - [2025-03-31T13:11:44.926+0530] {dag.py:4180} INFO - Setting next_dagrun for example_xcom_args_with_operators to None, run_after=None
[2025-03-31T13:11:44.942+0530] {processor.py:208} INFO - Processing /home/pranav_shirali/airflow-project/airflow-env/lib/python3.10/site-packages/airflow/example_dags/example_xcomargs.py took 0.067 seconds
[2025-03-31T13:12:37.406+0530] {processor.py:186} INFO - Started process (PID=9925) to work on /home/pranav_shirali/airflow-project/airflow-env/lib/python3.10/site-packages/airflow/example_dags/example_xcomargs.py
[2025-03-31T13:12:37.408+0530] {processor.py:914} INFO - Processing file /home/pranav_shirali/airflow-project/airflow-env/lib/python3.10/site-packages/airflow/example_dags/example_xcomargs.py for tasks to queue
[2025-03-31T13:12:37.409+0530] {logging_mixin.py:190} INFO - [2025-03-31T13:12:37.409+0530] {dagbag.py:588} INFO - Filling up the DagBag from /home/pranav_shirali/airflow-project/airflow-env/lib/python3.10/site-packages/airflow/example_dags/example_xcomargs.py
[2025-03-31T13:12:37.416+0530] {processor.py:925} INFO - DAG(s) 'example_xcom_args_with_operators', 'example_xcom_args' retrieved from /home/pranav_shirali/airflow-project/airflow-env/lib/python3.10/site-packages/airflow/example_dags/example_xcomargs.py
[2025-03-31T13:12:37.429+0530] {logging_mixin.py:190} INFO - [2025-03-31T13:12:37.428+0530] {dag.py:3239} INFO - Sync 2 DAGs
[2025-03-31T13:12:37.437+0530] {logging_mixin.py:190} INFO - [2025-03-31T13:12:37.437+0530] {dag.py:4180} INFO - Setting next_dagrun for example_xcom_args to None, run_after=None
[2025-03-31T13:12:37.439+0530] {logging_mixin.py:190} INFO - [2025-03-31T13:12:37.439+0530] {dag.py:4180} INFO - Setting next_dagrun for example_xcom_args_with_operators to None, run_after=None
[2025-03-31T13:12:37.452+0530] {processor.py:208} INFO - Processing /home/pranav_shirali/airflow-project/airflow-env/lib/python3.10/site-packages/airflow/example_dags/example_xcomargs.py took 0.050 seconds
[2025-03-31T13:13:31.666+0530] {processor.py:186} INFO - Started process (PID=10376) to work on /home/pranav_shirali/airflow-project/airflow-env/lib/python3.10/site-packages/airflow/example_dags/example_xcomargs.py
[2025-03-31T13:13:31.668+0530] {processor.py:914} INFO - Processing file /home/pranav_shirali/airflow-project/airflow-env/lib/python3.10/site-packages/airflow/example_dags/example_xcomargs.py for tasks to queue
[2025-03-31T13:13:31.670+0530] {logging_mixin.py:190} INFO - [2025-03-31T13:13:31.670+0530] {dagbag.py:588} INFO - Filling up the DagBag from /home/pranav_shirali/airflow-project/airflow-env/lib/python3.10/site-packages/airflow/example_dags/example_xcomargs.py
[2025-03-31T13:13:31.678+0530] {processor.py:925} INFO - DAG(s) 'example_xcom_args', 'example_xcom_args_with_operators' retrieved from /home/pranav_shirali/airflow-project/airflow-env/lib/python3.10/site-packages/airflow/example_dags/example_xcomargs.py
[2025-03-31T13:13:31.689+0530] {logging_mixin.py:190} INFO - [2025-03-31T13:13:31.689+0530] {dag.py:3239} INFO - Sync 2 DAGs
[2025-03-31T13:13:31.697+0530] {logging_mixin.py:190} INFO - [2025-03-31T13:13:31.697+0530] {dag.py:4180} INFO - Setting next_dagrun for example_xcom_args to None, run_after=None
[2025-03-31T13:13:31.699+0530] {logging_mixin.py:190} INFO - [2025-03-31T13:13:31.699+0530] {dag.py:4180} INFO - Setting next_dagrun for example_xcom_args_with_operators to None, run_after=None
[2025-03-31T13:13:31.710+0530] {processor.py:208} INFO - Processing /home/pranav_shirali/airflow-project/airflow-env/lib/python3.10/site-packages/airflow/example_dags/example_xcomargs.py took 0.049 seconds
[2025-03-31T13:14:26.133+0530] {processor.py:186} INFO - Started process (PID=10778) to work on /home/pranav_shirali/airflow-project/airflow-env/lib/python3.10/site-packages/airflow/example_dags/example_xcomargs.py
[2025-03-31T13:14:26.134+0530] {processor.py:914} INFO - Processing file /home/pranav_shirali/airflow-project/airflow-env/lib/python3.10/site-packages/airflow/example_dags/example_xcomargs.py for tasks to queue
[2025-03-31T13:14:26.137+0530] {logging_mixin.py:190} INFO - [2025-03-31T13:14:26.136+0530] {dagbag.py:588} INFO - Filling up the DagBag from /home/pranav_shirali/airflow-project/airflow-env/lib/python3.10/site-packages/airflow/example_dags/example_xcomargs.py
[2025-03-31T13:14:26.144+0530] {processor.py:925} INFO - DAG(s) 'example_xcom_args', 'example_xcom_args_with_operators' retrieved from /home/pranav_shirali/airflow-project/airflow-env/lib/python3.10/site-packages/airflow/example_dags/example_xcomargs.py
[2025-03-31T13:14:26.159+0530] {logging_mixin.py:190} INFO - [2025-03-31T13:14:26.159+0530] {dag.py:3239} INFO - Sync 2 DAGs
[2025-03-31T13:14:26.171+0530] {logging_mixin.py:190} INFO - [2025-03-31T13:14:26.171+0530] {dag.py:4180} INFO - Setting next_dagrun for example_xcom_args to None, run_after=None
[2025-03-31T13:14:26.175+0530] {logging_mixin.py:190} INFO - [2025-03-31T13:14:26.174+0530] {dag.py:4180} INFO - Setting next_dagrun for example_xcom_args_with_operators to None, run_after=None
[2025-03-31T13:14:26.190+0530] {processor.py:208} INFO - Processing /home/pranav_shirali/airflow-project/airflow-env/lib/python3.10/site-packages/airflow/example_dags/example_xcomargs.py took 0.062 seconds
[2025-03-31T13:15:26.646+0530] {processor.py:186} INFO - Started process (PID=11376) to work on /home/pranav_shirali/airflow-project/airflow-env/lib/python3.10/site-packages/airflow/example_dags/example_xcomargs.py
[2025-03-31T13:15:26.648+0530] {processor.py:914} INFO - Processing file /home/pranav_shirali/airflow-project/airflow-env/lib/python3.10/site-packages/airflow/example_dags/example_xcomargs.py for tasks to queue
[2025-03-31T13:15:26.650+0530] {logging_mixin.py:190} INFO - [2025-03-31T13:15:26.650+0530] {dagbag.py:588} INFO - Filling up the DagBag from /home/pranav_shirali/airflow-project/airflow-env/lib/python3.10/site-packages/airflow/example_dags/example_xcomargs.py
[2025-03-31T13:15:26.657+0530] {processor.py:925} INFO - DAG(s) 'example_xcom_args_with_operators', 'example_xcom_args' retrieved from /home/pranav_shirali/airflow-project/airflow-env/lib/python3.10/site-packages/airflow/example_dags/example_xcomargs.py
[2025-03-31T13:15:26.669+0530] {logging_mixin.py:190} INFO - [2025-03-31T13:15:26.669+0530] {dag.py:3239} INFO - Sync 2 DAGs
[2025-03-31T13:15:26.677+0530] {logging_mixin.py:190} INFO - [2025-03-31T13:15:26.677+0530] {dag.py:4180} INFO - Setting next_dagrun for example_xcom_args to None, run_after=None
[2025-03-31T13:15:26.679+0530] {logging_mixin.py:190} INFO - [2025-03-31T13:15:26.679+0530] {dag.py:4180} INFO - Setting next_dagrun for example_xcom_args_with_operators to None, run_after=None
[2025-03-31T13:15:26.693+0530] {processor.py:208} INFO - Processing /home/pranav_shirali/airflow-project/airflow-env/lib/python3.10/site-packages/airflow/example_dags/example_xcomargs.py took 0.051 seconds
[2025-03-31T13:16:30.043+0530] {processor.py:186} INFO - Started process (PID=12013) to work on /home/pranav_shirali/airflow-project/airflow-env/lib/python3.10/site-packages/airflow/example_dags/example_xcomargs.py
[2025-03-31T13:16:30.044+0530] {processor.py:914} INFO - Processing file /home/pranav_shirali/airflow-project/airflow-env/lib/python3.10/site-packages/airflow/example_dags/example_xcomargs.py for tasks to queue
[2025-03-31T13:16:30.046+0530] {logging_mixin.py:190} INFO - [2025-03-31T13:16:30.046+0530] {dagbag.py:588} INFO - Filling up the DagBag from /home/pranav_shirali/airflow-project/airflow-env/lib/python3.10/site-packages/airflow/example_dags/example_xcomargs.py
[2025-03-31T13:16:30.053+0530] {processor.py:925} INFO - DAG(s) 'example_xcom_args_with_operators', 'example_xcom_args' retrieved from /home/pranav_shirali/airflow-project/airflow-env/lib/python3.10/site-packages/airflow/example_dags/example_xcomargs.py
[2025-03-31T13:16:30.067+0530] {logging_mixin.py:190} INFO - [2025-03-31T13:16:30.067+0530] {dag.py:3239} INFO - Sync 2 DAGs
[2025-03-31T13:16:30.077+0530] {logging_mixin.py:190} INFO - [2025-03-31T13:16:30.077+0530] {dag.py:4180} INFO - Setting next_dagrun for example_xcom_args to None, run_after=None
[2025-03-31T13:16:30.080+0530] {logging_mixin.py:190} INFO - [2025-03-31T13:16:30.079+0530] {dag.py:4180} INFO - Setting next_dagrun for example_xcom_args_with_operators to None, run_after=None
[2025-03-31T13:16:30.095+0530] {processor.py:208} INFO - Processing /home/pranav_shirali/airflow-project/airflow-env/lib/python3.10/site-packages/airflow/example_dags/example_xcomargs.py took 0.056 seconds
[2025-03-31T13:17:25.936+0530] {processor.py:186} INFO - Started process (PID=12372) to work on /home/pranav_shirali/airflow-project/airflow-env/lib/python3.10/site-packages/airflow/example_dags/example_xcomargs.py
[2025-03-31T13:17:25.937+0530] {processor.py:914} INFO - Processing file /home/pranav_shirali/airflow-project/airflow-env/lib/python3.10/site-packages/airflow/example_dags/example_xcomargs.py for tasks to queue
[2025-03-31T13:17:25.939+0530] {logging_mixin.py:190} INFO - [2025-03-31T13:17:25.939+0530] {dagbag.py:588} INFO - Filling up the DagBag from /home/pranav_shirali/airflow-project/airflow-env/lib/python3.10/site-packages/airflow/example_dags/example_xcomargs.py
[2025-03-31T13:17:25.947+0530] {processor.py:925} INFO - DAG(s) 'example_xcom_args_with_operators', 'example_xcom_args' retrieved from /home/pranav_shirali/airflow-project/airflow-env/lib/python3.10/site-packages/airflow/example_dags/example_xcomargs.py
[2025-03-31T13:17:25.962+0530] {logging_mixin.py:190} INFO - [2025-03-31T13:17:25.962+0530] {dag.py:3239} INFO - Sync 2 DAGs
[2025-03-31T13:17:25.973+0530] {logging_mixin.py:190} INFO - [2025-03-31T13:17:25.973+0530] {dag.py:4180} INFO - Setting next_dagrun for example_xcom_args to None, run_after=None
[2025-03-31T13:17:25.976+0530] {logging_mixin.py:190} INFO - [2025-03-31T13:17:25.976+0530] {dag.py:4180} INFO - Setting next_dagrun for example_xcom_args_with_operators to None, run_after=None
[2025-03-31T13:17:25.994+0530] {processor.py:208} INFO - Processing /home/pranav_shirali/airflow-project/airflow-env/lib/python3.10/site-packages/airflow/example_dags/example_xcomargs.py took 0.062 seconds
