[2025-03-31T13:06:54.878+0530] {processor.py:186} INFO - Started process (PID=8202) to work on /home/pranav_shirali/airflow-project/airflow-env/lib/python3.10/site-packages/airflow/example_dags/example_outlet_event_extra.py
[2025-03-31T13:06:54.878+0530] {processor.py:914} INFO - Processing file /home/pranav_shirali/airflow-project/airflow-env/lib/python3.10/site-packages/airflow/example_dags/example_outlet_event_extra.py for tasks to queue
[2025-03-31T13:06:54.880+0530] {logging_mixin.py:190} INFO - [2025-03-31T13:06:54.879+0530] {dagbag.py:588} INFO - Filling up the DagBag from /home/pranav_shirali/airflow-project/airflow-env/lib/python3.10/site-packages/airflow/example_dags/example_outlet_event_extra.py
[2025-03-31T13:06:54.891+0530] {processor.py:925} INFO - DAG(s) 'dataset_with_extra_by_context', 'dataset_with_extra_from_classic_operator', 'dataset_with_extra_by_yield' retrieved from /home/pranav_shirali/airflow-project/airflow-env/lib/python3.10/site-packages/airflow/example_dags/example_outlet_event_extra.py
[2025-03-31T13:06:54.907+0530] {logging_mixin.py:190} INFO - [2025-03-31T13:06:54.906+0530] {dag.py:3239} INFO - Sync 3 DAGs
[2025-03-31T13:06:54.923+0530] {logging_mixin.py:190} INFO - [2025-03-31T13:06:54.923+0530] {dag.py:4180} INFO - Setting next_dagrun for dataset_with_extra_by_context to 2025-03-30 00:00:00+00:00, run_after=2025-03-31 00:00:00+00:00
[2025-03-31T13:06:54.927+0530] {logging_mixin.py:190} INFO - [2025-03-31T13:06:54.927+0530] {dag.py:4180} INFO - Setting next_dagrun for dataset_with_extra_by_yield to 2025-03-30 00:00:00+00:00, run_after=2025-03-31 00:00:00+00:00
[2025-03-31T13:06:54.928+0530] {logging_mixin.py:190} INFO - [2025-03-31T13:06:54.928+0530] {dag.py:4180} INFO - Setting next_dagrun for dataset_with_extra_from_classic_operator to 2025-03-30 00:00:00+00:00, run_after=2025-03-31 00:00:00+00:00
[2025-03-31T13:06:54.944+0530] {processor.py:208} INFO - Processing /home/pranav_shirali/airflow-project/airflow-env/lib/python3.10/site-packages/airflow/example_dags/example_outlet_event_extra.py took 0.070 seconds
[2025-03-31T13:07:54.334+0530] {processor.py:186} INFO - Started process (PID=8624) to work on /home/pranav_shirali/airflow-project/airflow-env/lib/python3.10/site-packages/airflow/example_dags/example_outlet_event_extra.py
[2025-03-31T13:07:54.335+0530] {processor.py:914} INFO - Processing file /home/pranav_shirali/airflow-project/airflow-env/lib/python3.10/site-packages/airflow/example_dags/example_outlet_event_extra.py for tasks to queue
[2025-03-31T13:07:54.337+0530] {logging_mixin.py:190} INFO - [2025-03-31T13:07:54.337+0530] {dagbag.py:588} INFO - Filling up the DagBag from /home/pranav_shirali/airflow-project/airflow-env/lib/python3.10/site-packages/airflow/example_dags/example_outlet_event_extra.py
[2025-03-31T13:07:54.347+0530] {processor.py:925} INFO - DAG(s) 'dataset_with_extra_by_yield', 'dataset_with_extra_from_classic_operator', 'dataset_with_extra_by_context' retrieved from /home/pranav_shirali/airflow-project/airflow-env/lib/python3.10/site-packages/airflow/example_dags/example_outlet_event_extra.py
[2025-03-31T13:07:54.361+0530] {logging_mixin.py:190} INFO - [2025-03-31T13:07:54.361+0530] {dag.py:3239} INFO - Sync 3 DAGs
[2025-03-31T13:07:54.377+0530] {logging_mixin.py:190} INFO - [2025-03-31T13:07:54.377+0530] {dag.py:4180} INFO - Setting next_dagrun for dataset_with_extra_by_context to 2025-03-30 00:00:00+00:00, run_after=2025-03-31 00:00:00+00:00
[2025-03-31T13:07:54.380+0530] {logging_mixin.py:190} INFO - [2025-03-31T13:07:54.379+0530] {dag.py:4180} INFO - Setting next_dagrun for dataset_with_extra_by_yield to 2025-03-30 00:00:00+00:00, run_after=2025-03-31 00:00:00+00:00
[2025-03-31T13:07:54.381+0530] {logging_mixin.py:190} INFO - [2025-03-31T13:07:54.381+0530] {dag.py:4180} INFO - Setting next_dagrun for dataset_with_extra_from_classic_operator to 2025-03-30 00:00:00+00:00, run_after=2025-03-31 00:00:00+00:00
[2025-03-31T13:07:54.399+0530] {processor.py:208} INFO - Processing /home/pranav_shirali/airflow-project/airflow-env/lib/python3.10/site-packages/airflow/example_dags/example_outlet_event_extra.py took 0.069 seconds
[2025-03-31T13:08:56.074+0530] {processor.py:186} INFO - Started process (PID=9043) to work on /home/pranav_shirali/airflow-project/airflow-env/lib/python3.10/site-packages/airflow/example_dags/example_outlet_event_extra.py
[2025-03-31T13:08:56.075+0530] {processor.py:914} INFO - Processing file /home/pranav_shirali/airflow-project/airflow-env/lib/python3.10/site-packages/airflow/example_dags/example_outlet_event_extra.py for tasks to queue
[2025-03-31T13:08:56.079+0530] {logging_mixin.py:190} INFO - [2025-03-31T13:08:56.078+0530] {dagbag.py:588} INFO - Filling up the DagBag from /home/pranav_shirali/airflow-project/airflow-env/lib/python3.10/site-packages/airflow/example_dags/example_outlet_event_extra.py
[2025-03-31T13:08:56.093+0530] {processor.py:925} INFO - DAG(s) 'dataset_with_extra_from_classic_operator', 'dataset_with_extra_by_yield', 'dataset_with_extra_by_context' retrieved from /home/pranav_shirali/airflow-project/airflow-env/lib/python3.10/site-packages/airflow/example_dags/example_outlet_event_extra.py
[2025-03-31T13:08:56.114+0530] {logging_mixin.py:190} INFO - [2025-03-31T13:08:56.113+0530] {dag.py:3239} INFO - Sync 3 DAGs
[2025-03-31T13:08:56.141+0530] {logging_mixin.py:190} INFO - [2025-03-31T13:08:56.141+0530] {dag.py:4180} INFO - Setting next_dagrun for dataset_with_extra_by_context to 2025-03-30 00:00:00+00:00, run_after=2025-03-31 00:00:00+00:00
[2025-03-31T13:08:56.148+0530] {logging_mixin.py:190} INFO - [2025-03-31T13:08:56.147+0530] {dag.py:4180} INFO - Setting next_dagrun for dataset_with_extra_by_yield to 2025-03-30 00:00:00+00:00, run_after=2025-03-31 00:00:00+00:00
[2025-03-31T13:08:56.151+0530] {logging_mixin.py:190} INFO - [2025-03-31T13:08:56.151+0530] {dag.py:4180} INFO - Setting next_dagrun for dataset_with_extra_from_classic_operator to 2025-03-30 00:00:00+00:00, run_after=2025-03-31 00:00:00+00:00
[2025-03-31T13:08:56.174+0530] {processor.py:208} INFO - Processing /home/pranav_shirali/airflow-project/airflow-env/lib/python3.10/site-packages/airflow/example_dags/example_outlet_event_extra.py took 0.106 seconds
[2025-03-31T13:09:53.809+0530] {processor.py:186} INFO - Started process (PID=9261) to work on /home/pranav_shirali/airflow-project/airflow-env/lib/python3.10/site-packages/airflow/example_dags/example_outlet_event_extra.py
[2025-03-31T13:09:53.810+0530] {processor.py:914} INFO - Processing file /home/pranav_shirali/airflow-project/airflow-env/lib/python3.10/site-packages/airflow/example_dags/example_outlet_event_extra.py for tasks to queue
[2025-03-31T13:09:53.812+0530] {logging_mixin.py:190} INFO - [2025-03-31T13:09:53.812+0530] {dagbag.py:588} INFO - Filling up the DagBag from /home/pranav_shirali/airflow-project/airflow-env/lib/python3.10/site-packages/airflow/example_dags/example_outlet_event_extra.py
[2025-03-31T13:09:53.821+0530] {processor.py:925} INFO - DAG(s) 'dataset_with_extra_from_classic_operator', 'dataset_with_extra_by_context', 'dataset_with_extra_by_yield' retrieved from /home/pranav_shirali/airflow-project/airflow-env/lib/python3.10/site-packages/airflow/example_dags/example_outlet_event_extra.py
[2025-03-31T13:09:53.834+0530] {logging_mixin.py:190} INFO - [2025-03-31T13:09:53.834+0530] {dag.py:3239} INFO - Sync 3 DAGs
[2025-03-31T13:09:53.851+0530] {logging_mixin.py:190} INFO - [2025-03-31T13:09:53.851+0530] {dag.py:4180} INFO - Setting next_dagrun for dataset_with_extra_by_context to 2025-03-30 00:00:00+00:00, run_after=2025-03-31 00:00:00+00:00
[2025-03-31T13:09:53.854+0530] {logging_mixin.py:190} INFO - [2025-03-31T13:09:53.854+0530] {dag.py:4180} INFO - Setting next_dagrun for dataset_with_extra_by_yield to 2025-03-30 00:00:00+00:00, run_after=2025-03-31 00:00:00+00:00
[2025-03-31T13:09:53.856+0530] {logging_mixin.py:190} INFO - [2025-03-31T13:09:53.856+0530] {dag.py:4180} INFO - Setting next_dagrun for dataset_with_extra_from_classic_operator to 2025-03-30 00:00:00+00:00, run_after=2025-03-31 00:00:00+00:00
[2025-03-31T13:09:53.872+0530] {processor.py:208} INFO - Processing /home/pranav_shirali/airflow-project/airflow-env/lib/python3.10/site-packages/airflow/example_dags/example_outlet_event_extra.py took 0.067 seconds
[2025-03-31T13:10:51.226+0530] {processor.py:186} INFO - Started process (PID=9480) to work on /home/pranav_shirali/airflow-project/airflow-env/lib/python3.10/site-packages/airflow/example_dags/example_outlet_event_extra.py
[2025-03-31T13:10:51.229+0530] {processor.py:914} INFO - Processing file /home/pranav_shirali/airflow-project/airflow-env/lib/python3.10/site-packages/airflow/example_dags/example_outlet_event_extra.py for tasks to queue
[2025-03-31T13:10:51.231+0530] {logging_mixin.py:190} INFO - [2025-03-31T13:10:51.231+0530] {dagbag.py:588} INFO - Filling up the DagBag from /home/pranav_shirali/airflow-project/airflow-env/lib/python3.10/site-packages/airflow/example_dags/example_outlet_event_extra.py
[2025-03-31T13:10:51.242+0530] {processor.py:925} INFO - DAG(s) 'dataset_with_extra_from_classic_operator', 'dataset_with_extra_by_context', 'dataset_with_extra_by_yield' retrieved from /home/pranav_shirali/airflow-project/airflow-env/lib/python3.10/site-packages/airflow/example_dags/example_outlet_event_extra.py
[2025-03-31T13:10:51.259+0530] {logging_mixin.py:190} INFO - [2025-03-31T13:10:51.259+0530] {dag.py:3239} INFO - Sync 3 DAGs
[2025-03-31T13:10:51.275+0530] {logging_mixin.py:190} INFO - [2025-03-31T13:10:51.275+0530] {dag.py:4180} INFO - Setting next_dagrun for dataset_with_extra_by_context to 2025-03-30 00:00:00+00:00, run_after=2025-03-31 00:00:00+00:00
[2025-03-31T13:10:51.279+0530] {logging_mixin.py:190} INFO - [2025-03-31T13:10:51.278+0530] {dag.py:4180} INFO - Setting next_dagrun for dataset_with_extra_by_yield to 2025-03-30 00:00:00+00:00, run_after=2025-03-31 00:00:00+00:00
[2025-03-31T13:10:51.281+0530] {logging_mixin.py:190} INFO - [2025-03-31T13:10:51.281+0530] {dag.py:4180} INFO - Setting next_dagrun for dataset_with_extra_from_classic_operator to 2025-03-30 00:00:00+00:00, run_after=2025-03-31 00:00:00+00:00
[2025-03-31T13:10:51.301+0530] {processor.py:208} INFO - Processing /home/pranav_shirali/airflow-project/airflow-env/lib/python3.10/site-packages/airflow/example_dags/example_outlet_event_extra.py took 0.080 seconds
[2025-03-31T13:11:43.171+0530] {processor.py:186} INFO - Started process (PID=9685) to work on /home/pranav_shirali/airflow-project/airflow-env/lib/python3.10/site-packages/airflow/example_dags/example_outlet_event_extra.py
[2025-03-31T13:11:43.172+0530] {processor.py:914} INFO - Processing file /home/pranav_shirali/airflow-project/airflow-env/lib/python3.10/site-packages/airflow/example_dags/example_outlet_event_extra.py for tasks to queue
[2025-03-31T13:11:43.174+0530] {logging_mixin.py:190} INFO - [2025-03-31T13:11:43.174+0530] {dagbag.py:588} INFO - Filling up the DagBag from /home/pranav_shirali/airflow-project/airflow-env/lib/python3.10/site-packages/airflow/example_dags/example_outlet_event_extra.py
[2025-03-31T13:11:43.187+0530] {processor.py:925} INFO - DAG(s) 'dataset_with_extra_by_context', 'dataset_with_extra_from_classic_operator', 'dataset_with_extra_by_yield' retrieved from /home/pranav_shirali/airflow-project/airflow-env/lib/python3.10/site-packages/airflow/example_dags/example_outlet_event_extra.py
[2025-03-31T13:11:43.203+0530] {logging_mixin.py:190} INFO - [2025-03-31T13:11:43.203+0530] {dag.py:3239} INFO - Sync 3 DAGs
[2025-03-31T13:11:43.218+0530] {logging_mixin.py:190} INFO - [2025-03-31T13:11:43.218+0530] {dag.py:4180} INFO - Setting next_dagrun for dataset_with_extra_by_context to 2025-03-30 00:00:00+00:00, run_after=2025-03-31 00:00:00+00:00
[2025-03-31T13:11:43.221+0530] {logging_mixin.py:190} INFO - [2025-03-31T13:11:43.221+0530] {dag.py:4180} INFO - Setting next_dagrun for dataset_with_extra_by_yield to 2025-03-30 00:00:00+00:00, run_after=2025-03-31 00:00:00+00:00
[2025-03-31T13:11:43.222+0530] {logging_mixin.py:190} INFO - [2025-03-31T13:11:43.222+0530] {dag.py:4180} INFO - Setting next_dagrun for dataset_with_extra_from_classic_operator to 2025-03-30 00:00:00+00:00, run_after=2025-03-31 00:00:00+00:00
[2025-03-31T13:11:43.238+0530] {processor.py:208} INFO - Processing /home/pranav_shirali/airflow-project/airflow-env/lib/python3.10/site-packages/airflow/example_dags/example_outlet_event_extra.py took 0.074 seconds
[2025-03-31T13:12:36.694+0530] {processor.py:186} INFO - Started process (PID=9921) to work on /home/pranav_shirali/airflow-project/airflow-env/lib/python3.10/site-packages/airflow/example_dags/example_outlet_event_extra.py
[2025-03-31T13:12:36.695+0530] {processor.py:914} INFO - Processing file /home/pranav_shirali/airflow-project/airflow-env/lib/python3.10/site-packages/airflow/example_dags/example_outlet_event_extra.py for tasks to queue
[2025-03-31T13:12:36.696+0530] {logging_mixin.py:190} INFO - [2025-03-31T13:12:36.696+0530] {dagbag.py:588} INFO - Filling up the DagBag from /home/pranav_shirali/airflow-project/airflow-env/lib/python3.10/site-packages/airflow/example_dags/example_outlet_event_extra.py
[2025-03-31T13:12:36.706+0530] {processor.py:925} INFO - DAG(s) 'dataset_with_extra_from_classic_operator', 'dataset_with_extra_by_yield', 'dataset_with_extra_by_context' retrieved from /home/pranav_shirali/airflow-project/airflow-env/lib/python3.10/site-packages/airflow/example_dags/example_outlet_event_extra.py
[2025-03-31T13:12:36.721+0530] {logging_mixin.py:190} INFO - [2025-03-31T13:12:36.720+0530] {dag.py:3239} INFO - Sync 3 DAGs
[2025-03-31T13:12:36.735+0530] {logging_mixin.py:190} INFO - [2025-03-31T13:12:36.735+0530] {dag.py:4180} INFO - Setting next_dagrun for dataset_with_extra_by_context to 2025-03-30 00:00:00+00:00, run_after=2025-03-31 00:00:00+00:00
[2025-03-31T13:12:36.738+0530] {logging_mixin.py:190} INFO - [2025-03-31T13:12:36.738+0530] {dag.py:4180} INFO - Setting next_dagrun for dataset_with_extra_by_yield to 2025-03-30 00:00:00+00:00, run_after=2025-03-31 00:00:00+00:00
[2025-03-31T13:12:36.740+0530] {logging_mixin.py:190} INFO - [2025-03-31T13:12:36.740+0530] {dag.py:4180} INFO - Setting next_dagrun for dataset_with_extra_from_classic_operator to 2025-03-30 00:00:00+00:00, run_after=2025-03-31 00:00:00+00:00
[2025-03-31T13:12:36.756+0530] {processor.py:208} INFO - Processing /home/pranav_shirali/airflow-project/airflow-env/lib/python3.10/site-packages/airflow/example_dags/example_outlet_event_extra.py took 0.066 seconds
[2025-03-31T13:13:30.065+0530] {processor.py:186} INFO - Started process (PID=10359) to work on /home/pranav_shirali/airflow-project/airflow-env/lib/python3.10/site-packages/airflow/example_dags/example_outlet_event_extra.py
[2025-03-31T13:13:30.066+0530] {processor.py:914} INFO - Processing file /home/pranav_shirali/airflow-project/airflow-env/lib/python3.10/site-packages/airflow/example_dags/example_outlet_event_extra.py for tasks to queue
[2025-03-31T13:13:30.067+0530] {logging_mixin.py:190} INFO - [2025-03-31T13:13:30.067+0530] {dagbag.py:588} INFO - Filling up the DagBag from /home/pranav_shirali/airflow-project/airflow-env/lib/python3.10/site-packages/airflow/example_dags/example_outlet_event_extra.py
[2025-03-31T13:13:30.076+0530] {processor.py:925} INFO - DAG(s) 'dataset_with_extra_by_context', 'dataset_with_extra_from_classic_operator', 'dataset_with_extra_by_yield' retrieved from /home/pranav_shirali/airflow-project/airflow-env/lib/python3.10/site-packages/airflow/example_dags/example_outlet_event_extra.py
[2025-03-31T13:13:30.088+0530] {logging_mixin.py:190} INFO - [2025-03-31T13:13:30.088+0530] {dag.py:3239} INFO - Sync 3 DAGs
[2025-03-31T13:13:30.101+0530] {logging_mixin.py:190} INFO - [2025-03-31T13:13:30.101+0530] {dag.py:4180} INFO - Setting next_dagrun for dataset_with_extra_by_context to 2025-03-30 00:00:00+00:00, run_after=2025-03-31 00:00:00+00:00
[2025-03-31T13:13:30.104+0530] {logging_mixin.py:190} INFO - [2025-03-31T13:13:30.104+0530] {dag.py:4180} INFO - Setting next_dagrun for dataset_with_extra_by_yield to 2025-03-30 00:00:00+00:00, run_after=2025-03-31 00:00:00+00:00
[2025-03-31T13:13:30.105+0530] {logging_mixin.py:190} INFO - [2025-03-31T13:13:30.105+0530] {dag.py:4180} INFO - Setting next_dagrun for dataset_with_extra_from_classic_operator to 2025-03-30 00:00:00+00:00, run_after=2025-03-31 00:00:00+00:00
[2025-03-31T13:13:30.119+0530] {processor.py:208} INFO - Processing /home/pranav_shirali/airflow-project/airflow-env/lib/python3.10/site-packages/airflow/example_dags/example_outlet_event_extra.py took 0.058 seconds
[2025-03-31T13:14:24.595+0530] {processor.py:186} INFO - Started process (PID=10774) to work on /home/pranav_shirali/airflow-project/airflow-env/lib/python3.10/site-packages/airflow/example_dags/example_outlet_event_extra.py
[2025-03-31T13:14:24.596+0530] {processor.py:914} INFO - Processing file /home/pranav_shirali/airflow-project/airflow-env/lib/python3.10/site-packages/airflow/example_dags/example_outlet_event_extra.py for tasks to queue
[2025-03-31T13:14:24.597+0530] {logging_mixin.py:190} INFO - [2025-03-31T13:14:24.597+0530] {dagbag.py:588} INFO - Filling up the DagBag from /home/pranav_shirali/airflow-project/airflow-env/lib/python3.10/site-packages/airflow/example_dags/example_outlet_event_extra.py
[2025-03-31T13:14:24.608+0530] {processor.py:925} INFO - DAG(s) 'dataset_with_extra_from_classic_operator', 'dataset_with_extra_by_context', 'dataset_with_extra_by_yield' retrieved from /home/pranav_shirali/airflow-project/airflow-env/lib/python3.10/site-packages/airflow/example_dags/example_outlet_event_extra.py
[2025-03-31T13:14:24.622+0530] {logging_mixin.py:190} INFO - [2025-03-31T13:14:24.622+0530] {dag.py:3239} INFO - Sync 3 DAGs
[2025-03-31T13:14:24.636+0530] {logging_mixin.py:190} INFO - [2025-03-31T13:14:24.636+0530] {dag.py:4180} INFO - Setting next_dagrun for dataset_with_extra_by_context to 2025-03-30 00:00:00+00:00, run_after=2025-03-31 00:00:00+00:00
[2025-03-31T13:14:24.640+0530] {logging_mixin.py:190} INFO - [2025-03-31T13:14:24.639+0530] {dag.py:4180} INFO - Setting next_dagrun for dataset_with_extra_by_yield to 2025-03-30 00:00:00+00:00, run_after=2025-03-31 00:00:00+00:00
[2025-03-31T13:14:24.641+0530] {logging_mixin.py:190} INFO - [2025-03-31T13:14:24.641+0530] {dag.py:4180} INFO - Setting next_dagrun for dataset_with_extra_from_classic_operator to 2025-03-30 00:00:00+00:00, run_after=2025-03-31 00:00:00+00:00
[2025-03-31T13:14:24.657+0530] {processor.py:208} INFO - Processing /home/pranav_shirali/airflow-project/airflow-env/lib/python3.10/site-packages/airflow/example_dags/example_outlet_event_extra.py took 0.067 seconds
[2025-03-31T13:15:24.911+0530] {processor.py:186} INFO - Started process (PID=11355) to work on /home/pranav_shirali/airflow-project/airflow-env/lib/python3.10/site-packages/airflow/example_dags/example_outlet_event_extra.py
[2025-03-31T13:15:24.913+0530] {processor.py:914} INFO - Processing file /home/pranav_shirali/airflow-project/airflow-env/lib/python3.10/site-packages/airflow/example_dags/example_outlet_event_extra.py for tasks to queue
[2025-03-31T13:15:24.915+0530] {logging_mixin.py:190} INFO - [2025-03-31T13:15:24.915+0530] {dagbag.py:588} INFO - Filling up the DagBag from /home/pranav_shirali/airflow-project/airflow-env/lib/python3.10/site-packages/airflow/example_dags/example_outlet_event_extra.py
[2025-03-31T13:15:24.927+0530] {processor.py:925} INFO - DAG(s) 'dataset_with_extra_by_context', 'dataset_with_extra_from_classic_operator', 'dataset_with_extra_by_yield' retrieved from /home/pranav_shirali/airflow-project/airflow-env/lib/python3.10/site-packages/airflow/example_dags/example_outlet_event_extra.py
[2025-03-31T13:15:24.943+0530] {logging_mixin.py:190} INFO - [2025-03-31T13:15:24.942+0530] {dag.py:3239} INFO - Sync 3 DAGs
[2025-03-31T13:15:24.959+0530] {logging_mixin.py:190} INFO - [2025-03-31T13:15:24.959+0530] {dag.py:4180} INFO - Setting next_dagrun for dataset_with_extra_by_context to 2025-03-30 00:00:00+00:00, run_after=2025-03-31 00:00:00+00:00
[2025-03-31T13:15:24.962+0530] {logging_mixin.py:190} INFO - [2025-03-31T13:15:24.962+0530] {dag.py:4180} INFO - Setting next_dagrun for dataset_with_extra_by_yield to 2025-03-30 00:00:00+00:00, run_after=2025-03-31 00:00:00+00:00
[2025-03-31T13:15:24.964+0530] {logging_mixin.py:190} INFO - [2025-03-31T13:15:24.964+0530] {dag.py:4180} INFO - Setting next_dagrun for dataset_with_extra_from_classic_operator to 2025-03-30 00:00:00+00:00, run_after=2025-03-31 00:00:00+00:00
[2025-03-31T13:15:24.985+0530] {processor.py:208} INFO - Processing /home/pranav_shirali/airflow-project/airflow-env/lib/python3.10/site-packages/airflow/example_dags/example_outlet_event_extra.py took 0.078 seconds
[2025-03-31T13:16:27.769+0530] {processor.py:186} INFO - Started process (PID=12005) to work on /home/pranav_shirali/airflow-project/airflow-env/lib/python3.10/site-packages/airflow/example_dags/example_outlet_event_extra.py
[2025-03-31T13:16:27.771+0530] {processor.py:914} INFO - Processing file /home/pranav_shirali/airflow-project/airflow-env/lib/python3.10/site-packages/airflow/example_dags/example_outlet_event_extra.py for tasks to queue
[2025-03-31T13:16:27.772+0530] {logging_mixin.py:190} INFO - [2025-03-31T13:16:27.772+0530] {dagbag.py:588} INFO - Filling up the DagBag from /home/pranav_shirali/airflow-project/airflow-env/lib/python3.10/site-packages/airflow/example_dags/example_outlet_event_extra.py
[2025-03-31T13:16:27.781+0530] {processor.py:925} INFO - DAG(s) 'dataset_with_extra_by_yield', 'dataset_with_extra_by_context', 'dataset_with_extra_from_classic_operator' retrieved from /home/pranav_shirali/airflow-project/airflow-env/lib/python3.10/site-packages/airflow/example_dags/example_outlet_event_extra.py
[2025-03-31T13:16:27.797+0530] {logging_mixin.py:190} INFO - [2025-03-31T13:16:27.797+0530] {dag.py:3239} INFO - Sync 3 DAGs
[2025-03-31T13:16:27.813+0530] {logging_mixin.py:190} INFO - [2025-03-31T13:16:27.813+0530] {dag.py:4180} INFO - Setting next_dagrun for dataset_with_extra_by_context to 2025-03-30 00:00:00+00:00, run_after=2025-03-31 00:00:00+00:00
[2025-03-31T13:16:27.816+0530] {logging_mixin.py:190} INFO - [2025-03-31T13:16:27.816+0530] {dag.py:4180} INFO - Setting next_dagrun for dataset_with_extra_by_yield to 2025-03-30 00:00:00+00:00, run_after=2025-03-31 00:00:00+00:00
[2025-03-31T13:16:27.818+0530] {logging_mixin.py:190} INFO - [2025-03-31T13:16:27.818+0530] {dag.py:4180} INFO - Setting next_dagrun for dataset_with_extra_from_classic_operator to 2025-03-30 00:00:00+00:00, run_after=2025-03-31 00:00:00+00:00
[2025-03-31T13:16:27.833+0530] {processor.py:208} INFO - Processing /home/pranav_shirali/airflow-project/airflow-env/lib/python3.10/site-packages/airflow/example_dags/example_outlet_event_extra.py took 0.067 seconds
[2025-03-31T13:17:21.576+0530] {processor.py:186} INFO - Started process (PID=12305) to work on /home/pranav_shirali/airflow-project/airflow-env/lib/python3.10/site-packages/airflow/example_dags/example_outlet_event_extra.py
[2025-03-31T13:17:21.578+0530] {processor.py:914} INFO - Processing file /home/pranav_shirali/airflow-project/airflow-env/lib/python3.10/site-packages/airflow/example_dags/example_outlet_event_extra.py for tasks to queue
[2025-03-31T13:17:21.579+0530] {logging_mixin.py:190} INFO - [2025-03-31T13:17:21.579+0530] {dagbag.py:588} INFO - Filling up the DagBag from /home/pranav_shirali/airflow-project/airflow-env/lib/python3.10/site-packages/airflow/example_dags/example_outlet_event_extra.py
[2025-03-31T13:17:21.590+0530] {processor.py:925} INFO - DAG(s) 'dataset_with_extra_by_yield', 'dataset_with_extra_from_classic_operator', 'dataset_with_extra_by_context' retrieved from /home/pranav_shirali/airflow-project/airflow-env/lib/python3.10/site-packages/airflow/example_dags/example_outlet_event_extra.py
[2025-03-31T13:17:21.605+0530] {logging_mixin.py:190} INFO - [2025-03-31T13:17:21.604+0530] {dag.py:3239} INFO - Sync 3 DAGs
[2025-03-31T13:17:21.621+0530] {logging_mixin.py:190} INFO - [2025-03-31T13:17:21.620+0530] {dag.py:4180} INFO - Setting next_dagrun for dataset_with_extra_by_context to 2025-03-30 00:00:00+00:00, run_after=2025-03-31 00:00:00+00:00
[2025-03-31T13:17:21.624+0530] {logging_mixin.py:190} INFO - [2025-03-31T13:17:21.624+0530] {dag.py:4180} INFO - Setting next_dagrun for dataset_with_extra_by_yield to 2025-03-30 00:00:00+00:00, run_after=2025-03-31 00:00:00+00:00
[2025-03-31T13:17:21.625+0530] {logging_mixin.py:190} INFO - [2025-03-31T13:17:21.625+0530] {dag.py:4180} INFO - Setting next_dagrun for dataset_with_extra_from_classic_operator to 2025-03-30 00:00:00+00:00, run_after=2025-03-31 00:00:00+00:00
[2025-03-31T13:17:21.642+0530] {processor.py:208} INFO - Processing /home/pranav_shirali/airflow-project/airflow-env/lib/python3.10/site-packages/airflow/example_dags/example_outlet_event_extra.py took 0.072 seconds
