[2025-03-31T13:07:01.305+0530] {processor.py:186} INFO - Started process (PID=8228) to work on /home/pranav_shirali/airflow-project/airflow-env/lib/python3.10/site-packages/airflow/example_dags/example_python_decorator.py
[2025-03-31T13:07:01.306+0530] {processor.py:914} INFO - Processing file /home/pranav_shirali/airflow-project/airflow-env/lib/python3.10/site-packages/airflow/example_dags/example_python_decorator.py for tasks to queue
[2025-03-31T13:07:01.307+0530] {logging_mixin.py:190} INFO - [2025-03-31T13:07:01.307+0530] {dagbag.py:588} INFO - Filling up the DagBag from /home/pranav_shirali/airflow-project/airflow-env/lib/python3.10/site-packages/airflow/example_dags/example_python_decorator.py
[2025-03-31T13:07:01.369+0530] {logging_mixin.py:190} INFO - [2025-03-31T13:07:01.368+0530] {example_python_decorator.py:80} WARNING - The virtalenv_python example task requires virtualenv, please install it.
[2025-03-31T13:07:01.371+0530] {processor.py:925} INFO - DAG(s) 'example_python_decorator' retrieved from /home/pranav_shirali/airflow-project/airflow-env/lib/python3.10/site-packages/airflow/example_dags/example_python_decorator.py
[2025-03-31T13:07:01.387+0530] {logging_mixin.py:190} INFO - [2025-03-31T13:07:01.387+0530] {dag.py:3239} INFO - Sync 1 DAGs
[2025-03-31T13:07:01.396+0530] {logging_mixin.py:190} INFO - [2025-03-31T13:07:01.396+0530] {dag.py:4180} INFO - Setting next_dagrun for example_python_decorator to None, run_after=None
[2025-03-31T13:07:01.409+0530] {processor.py:208} INFO - Processing /home/pranav_shirali/airflow-project/airflow-env/lib/python3.10/site-packages/airflow/example_dags/example_python_decorator.py took 0.108 seconds
[2025-03-31T13:08:02.344+0530] {processor.py:186} INFO - Started process (PID=8660) to work on /home/pranav_shirali/airflow-project/airflow-env/lib/python3.10/site-packages/airflow/example_dags/example_python_decorator.py
[2025-03-31T13:08:02.345+0530] {processor.py:914} INFO - Processing file /home/pranav_shirali/airflow-project/airflow-env/lib/python3.10/site-packages/airflow/example_dags/example_python_decorator.py for tasks to queue
[2025-03-31T13:08:02.346+0530] {logging_mixin.py:190} INFO - [2025-03-31T13:08:02.346+0530] {dagbag.py:588} INFO - Filling up the DagBag from /home/pranav_shirali/airflow-project/airflow-env/lib/python3.10/site-packages/airflow/example_dags/example_python_decorator.py
[2025-03-31T13:08:02.400+0530] {logging_mixin.py:190} INFO - [2025-03-31T13:08:02.400+0530] {example_python_decorator.py:80} WARNING - The virtalenv_python example task requires virtualenv, please install it.
[2025-03-31T13:08:02.403+0530] {processor.py:925} INFO - DAG(s) 'example_python_decorator' retrieved from /home/pranav_shirali/airflow-project/airflow-env/lib/python3.10/site-packages/airflow/example_dags/example_python_decorator.py
[2025-03-31T13:08:02.415+0530] {logging_mixin.py:190} INFO - [2025-03-31T13:08:02.415+0530] {dag.py:3239} INFO - Sync 1 DAGs
[2025-03-31T13:08:02.424+0530] {logging_mixin.py:190} INFO - [2025-03-31T13:08:02.424+0530] {dag.py:4180} INFO - Setting next_dagrun for example_python_decorator to None, run_after=None
[2025-03-31T13:08:02.439+0530] {processor.py:208} INFO - Processing /home/pranav_shirali/airflow-project/airflow-env/lib/python3.10/site-packages/airflow/example_dags/example_python_decorator.py took 0.098 seconds
[2025-03-31T13:09:03.867+0530] {processor.py:186} INFO - Started process (PID=9075) to work on /home/pranav_shirali/airflow-project/airflow-env/lib/python3.10/site-packages/airflow/example_dags/example_python_decorator.py
[2025-03-31T13:09:03.868+0530] {processor.py:914} INFO - Processing file /home/pranav_shirali/airflow-project/airflow-env/lib/python3.10/site-packages/airflow/example_dags/example_python_decorator.py for tasks to queue
[2025-03-31T13:09:03.869+0530] {logging_mixin.py:190} INFO - [2025-03-31T13:09:03.869+0530] {dagbag.py:588} INFO - Filling up the DagBag from /home/pranav_shirali/airflow-project/airflow-env/lib/python3.10/site-packages/airflow/example_dags/example_python_decorator.py
[2025-03-31T13:09:03.924+0530] {logging_mixin.py:190} INFO - [2025-03-31T13:09:03.924+0530] {example_python_decorator.py:80} WARNING - The virtalenv_python example task requires virtualenv, please install it.
[2025-03-31T13:09:03.926+0530] {processor.py:925} INFO - DAG(s) 'example_python_decorator' retrieved from /home/pranav_shirali/airflow-project/airflow-env/lib/python3.10/site-packages/airflow/example_dags/example_python_decorator.py
[2025-03-31T13:09:03.937+0530] {logging_mixin.py:190} INFO - [2025-03-31T13:09:03.937+0530] {dag.py:3239} INFO - Sync 1 DAGs
[2025-03-31T13:09:03.945+0530] {logging_mixin.py:190} INFO - [2025-03-31T13:09:03.945+0530] {dag.py:4180} INFO - Setting next_dagrun for example_python_decorator to None, run_after=None
[2025-03-31T13:09:03.963+0530] {processor.py:208} INFO - Processing /home/pranav_shirali/airflow-project/airflow-env/lib/python3.10/site-packages/airflow/example_dags/example_python_decorator.py took 0.100 seconds
[2025-03-31T13:10:01.538+0530] {processor.py:186} INFO - Started process (PID=9293) to work on /home/pranav_shirali/airflow-project/airflow-env/lib/python3.10/site-packages/airflow/example_dags/example_python_decorator.py
[2025-03-31T13:10:01.539+0530] {processor.py:914} INFO - Processing file /home/pranav_shirali/airflow-project/airflow-env/lib/python3.10/site-packages/airflow/example_dags/example_python_decorator.py for tasks to queue
[2025-03-31T13:10:01.540+0530] {logging_mixin.py:190} INFO - [2025-03-31T13:10:01.540+0530] {dagbag.py:588} INFO - Filling up the DagBag from /home/pranav_shirali/airflow-project/airflow-env/lib/python3.10/site-packages/airflow/example_dags/example_python_decorator.py
[2025-03-31T13:10:01.598+0530] {logging_mixin.py:190} INFO - [2025-03-31T13:10:01.598+0530] {example_python_decorator.py:80} WARNING - The virtalenv_python example task requires virtualenv, please install it.
[2025-03-31T13:10:01.600+0530] {processor.py:925} INFO - DAG(s) 'example_python_decorator' retrieved from /home/pranav_shirali/airflow-project/airflow-env/lib/python3.10/site-packages/airflow/example_dags/example_python_decorator.py
[2025-03-31T13:10:01.612+0530] {logging_mixin.py:190} INFO - [2025-03-31T13:10:01.612+0530] {dag.py:3239} INFO - Sync 1 DAGs
[2025-03-31T13:10:01.621+0530] {logging_mixin.py:190} INFO - [2025-03-31T13:10:01.621+0530] {dag.py:4180} INFO - Setting next_dagrun for example_python_decorator to None, run_after=None
[2025-03-31T13:10:01.638+0530] {processor.py:208} INFO - Processing /home/pranav_shirali/airflow-project/airflow-env/lib/python3.10/site-packages/airflow/example_dags/example_python_decorator.py took 0.104 seconds
[2025-03-31T13:10:59.714+0530] {processor.py:186} INFO - Started process (PID=9512) to work on /home/pranav_shirali/airflow-project/airflow-env/lib/python3.10/site-packages/airflow/example_dags/example_python_decorator.py
[2025-03-31T13:10:59.716+0530] {processor.py:914} INFO - Processing file /home/pranav_shirali/airflow-project/airflow-env/lib/python3.10/site-packages/airflow/example_dags/example_python_decorator.py for tasks to queue
[2025-03-31T13:10:59.717+0530] {logging_mixin.py:190} INFO - [2025-03-31T13:10:59.717+0530] {dagbag.py:588} INFO - Filling up the DagBag from /home/pranav_shirali/airflow-project/airflow-env/lib/python3.10/site-packages/airflow/example_dags/example_python_decorator.py
[2025-03-31T13:10:59.784+0530] {logging_mixin.py:190} INFO - [2025-03-31T13:10:59.783+0530] {example_python_decorator.py:80} WARNING - The virtalenv_python example task requires virtualenv, please install it.
[2025-03-31T13:10:59.786+0530] {processor.py:925} INFO - DAG(s) 'example_python_decorator' retrieved from /home/pranav_shirali/airflow-project/airflow-env/lib/python3.10/site-packages/airflow/example_dags/example_python_decorator.py
[2025-03-31T13:10:59.802+0530] {logging_mixin.py:190} INFO - [2025-03-31T13:10:59.802+0530] {dag.py:3239} INFO - Sync 1 DAGs
[2025-03-31T13:10:59.813+0530] {logging_mixin.py:190} INFO - [2025-03-31T13:10:59.812+0530] {dag.py:4180} INFO - Setting next_dagrun for example_python_decorator to None, run_after=None
[2025-03-31T13:10:59.830+0530] {processor.py:208} INFO - Processing /home/pranav_shirali/airflow-project/airflow-env/lib/python3.10/site-packages/airflow/example_dags/example_python_decorator.py took 0.121 seconds
[2025-03-31T13:11:51.159+0530] {processor.py:186} INFO - Started process (PID=9718) to work on /home/pranav_shirali/airflow-project/airflow-env/lib/python3.10/site-packages/airflow/example_dags/example_python_decorator.py
[2025-03-31T13:11:51.160+0530] {processor.py:914} INFO - Processing file /home/pranav_shirali/airflow-project/airflow-env/lib/python3.10/site-packages/airflow/example_dags/example_python_decorator.py for tasks to queue
[2025-03-31T13:11:51.163+0530] {logging_mixin.py:190} INFO - [2025-03-31T13:11:51.162+0530] {dagbag.py:588} INFO - Filling up the DagBag from /home/pranav_shirali/airflow-project/airflow-env/lib/python3.10/site-packages/airflow/example_dags/example_python_decorator.py
[2025-03-31T13:11:51.229+0530] {logging_mixin.py:190} INFO - [2025-03-31T13:11:51.228+0530] {example_python_decorator.py:80} WARNING - The virtalenv_python example task requires virtualenv, please install it.
[2025-03-31T13:11:51.232+0530] {processor.py:925} INFO - DAG(s) 'example_python_decorator' retrieved from /home/pranav_shirali/airflow-project/airflow-env/lib/python3.10/site-packages/airflow/example_dags/example_python_decorator.py
[2025-03-31T13:11:51.250+0530] {logging_mixin.py:190} INFO - [2025-03-31T13:11:51.249+0530] {dag.py:3239} INFO - Sync 1 DAGs
[2025-03-31T13:11:51.263+0530] {logging_mixin.py:190} INFO - [2025-03-31T13:11:51.263+0530] {dag.py:4180} INFO - Setting next_dagrun for example_python_decorator to None, run_after=None
[2025-03-31T13:11:51.287+0530] {processor.py:208} INFO - Processing /home/pranav_shirali/airflow-project/airflow-env/lib/python3.10/site-packages/airflow/example_dags/example_python_decorator.py took 0.133 seconds
[2025-03-31T13:12:43.218+0530] {processor.py:186} INFO - Started process (PID=9950) to work on /home/pranav_shirali/airflow-project/airflow-env/lib/python3.10/site-packages/airflow/example_dags/example_python_decorator.py
[2025-03-31T13:12:43.220+0530] {processor.py:914} INFO - Processing file /home/pranav_shirali/airflow-project/airflow-env/lib/python3.10/site-packages/airflow/example_dags/example_python_decorator.py for tasks to queue
[2025-03-31T13:12:43.222+0530] {logging_mixin.py:190} INFO - [2025-03-31T13:12:43.222+0530] {dagbag.py:588} INFO - Filling up the DagBag from /home/pranav_shirali/airflow-project/airflow-env/lib/python3.10/site-packages/airflow/example_dags/example_python_decorator.py
[2025-03-31T13:12:43.274+0530] {logging_mixin.py:190} INFO - [2025-03-31T13:12:43.274+0530] {example_python_decorator.py:80} WARNING - The virtalenv_python example task requires virtualenv, please install it.
[2025-03-31T13:12:43.275+0530] {processor.py:925} INFO - DAG(s) 'example_python_decorator' retrieved from /home/pranav_shirali/airflow-project/airflow-env/lib/python3.10/site-packages/airflow/example_dags/example_python_decorator.py
[2025-03-31T13:12:43.286+0530] {logging_mixin.py:190} INFO - [2025-03-31T13:12:43.286+0530] {dag.py:3239} INFO - Sync 1 DAGs
[2025-03-31T13:12:43.294+0530] {logging_mixin.py:190} INFO - [2025-03-31T13:12:43.294+0530] {dag.py:4180} INFO - Setting next_dagrun for example_python_decorator to None, run_after=None
[2025-03-31T13:12:43.309+0530] {processor.py:208} INFO - Processing /home/pranav_shirali/airflow-project/airflow-env/lib/python3.10/site-packages/airflow/example_dags/example_python_decorator.py took 0.095 seconds
[2025-03-31T13:13:37.935+0530] {processor.py:186} INFO - Started process (PID=10403) to work on /home/pranav_shirali/airflow-project/airflow-env/lib/python3.10/site-packages/airflow/example_dags/example_python_decorator.py
[2025-03-31T13:13:37.937+0530] {processor.py:914} INFO - Processing file /home/pranav_shirali/airflow-project/airflow-env/lib/python3.10/site-packages/airflow/example_dags/example_python_decorator.py for tasks to queue
[2025-03-31T13:13:37.939+0530] {logging_mixin.py:190} INFO - [2025-03-31T13:13:37.938+0530] {dagbag.py:588} INFO - Filling up the DagBag from /home/pranav_shirali/airflow-project/airflow-env/lib/python3.10/site-packages/airflow/example_dags/example_python_decorator.py
[2025-03-31T13:13:37.994+0530] {logging_mixin.py:190} INFO - [2025-03-31T13:13:37.994+0530] {example_python_decorator.py:80} WARNING - The virtalenv_python example task requires virtualenv, please install it.
[2025-03-31T13:13:37.996+0530] {processor.py:925} INFO - DAG(s) 'example_python_decorator' retrieved from /home/pranav_shirali/airflow-project/airflow-env/lib/python3.10/site-packages/airflow/example_dags/example_python_decorator.py
[2025-03-31T13:13:38.008+0530] {logging_mixin.py:190} INFO - [2025-03-31T13:13:38.007+0530] {dag.py:3239} INFO - Sync 1 DAGs
[2025-03-31T13:13:38.016+0530] {logging_mixin.py:190} INFO - [2025-03-31T13:13:38.015+0530] {dag.py:4180} INFO - Setting next_dagrun for example_python_decorator to None, run_after=None
[2025-03-31T13:13:38.029+0530] {processor.py:208} INFO - Processing /home/pranav_shirali/airflow-project/airflow-env/lib/python3.10/site-packages/airflow/example_dags/example_python_decorator.py took 0.099 seconds
[2025-03-31T13:14:33.955+0530] {processor.py:186} INFO - Started process (PID=10833) to work on /home/pranav_shirali/airflow-project/airflow-env/lib/python3.10/site-packages/airflow/example_dags/example_python_decorator.py
[2025-03-31T13:14:33.957+0530] {processor.py:914} INFO - Processing file /home/pranav_shirali/airflow-project/airflow-env/lib/python3.10/site-packages/airflow/example_dags/example_python_decorator.py for tasks to queue
[2025-03-31T13:14:33.958+0530] {logging_mixin.py:190} INFO - [2025-03-31T13:14:33.958+0530] {dagbag.py:588} INFO - Filling up the DagBag from /home/pranav_shirali/airflow-project/airflow-env/lib/python3.10/site-packages/airflow/example_dags/example_python_decorator.py
[2025-03-31T13:14:34.028+0530] {logging_mixin.py:190} INFO - [2025-03-31T13:14:34.027+0530] {example_python_decorator.py:80} WARNING - The virtalenv_python example task requires virtualenv, please install it.
[2025-03-31T13:14:34.030+0530] {processor.py:925} INFO - DAG(s) 'example_python_decorator' retrieved from /home/pranav_shirali/airflow-project/airflow-env/lib/python3.10/site-packages/airflow/example_dags/example_python_decorator.py
[2025-03-31T13:14:34.043+0530] {logging_mixin.py:190} INFO - [2025-03-31T13:14:34.042+0530] {dag.py:3239} INFO - Sync 1 DAGs
[2025-03-31T13:14:34.052+0530] {logging_mixin.py:190} INFO - [2025-03-31T13:14:34.052+0530] {dag.py:4180} INFO - Setting next_dagrun for example_python_decorator to None, run_after=None
[2025-03-31T13:14:34.070+0530] {processor.py:208} INFO - Processing /home/pranav_shirali/airflow-project/airflow-env/lib/python3.10/site-packages/airflow/example_dags/example_python_decorator.py took 0.120 seconds
[2025-03-31T13:15:32.885+0530] {processor.py:186} INFO - Started process (PID=11449) to work on /home/pranav_shirali/airflow-project/airflow-env/lib/python3.10/site-packages/airflow/example_dags/example_python_decorator.py
[2025-03-31T13:15:32.888+0530] {processor.py:914} INFO - Processing file /home/pranav_shirali/airflow-project/airflow-env/lib/python3.10/site-packages/airflow/example_dags/example_python_decorator.py for tasks to queue
[2025-03-31T13:15:32.889+0530] {logging_mixin.py:190} INFO - [2025-03-31T13:15:32.889+0530] {dagbag.py:588} INFO - Filling up the DagBag from /home/pranav_shirali/airflow-project/airflow-env/lib/python3.10/site-packages/airflow/example_dags/example_python_decorator.py
[2025-03-31T13:15:32.948+0530] {logging_mixin.py:190} INFO - [2025-03-31T13:15:32.947+0530] {example_python_decorator.py:80} WARNING - The virtalenv_python example task requires virtualenv, please install it.
[2025-03-31T13:15:32.949+0530] {processor.py:925} INFO - DAG(s) 'example_python_decorator' retrieved from /home/pranav_shirali/airflow-project/airflow-env/lib/python3.10/site-packages/airflow/example_dags/example_python_decorator.py
[2025-03-31T13:15:32.962+0530] {logging_mixin.py:190} INFO - [2025-03-31T13:15:32.962+0530] {dag.py:3239} INFO - Sync 1 DAGs
[2025-03-31T13:15:32.972+0530] {logging_mixin.py:190} INFO - [2025-03-31T13:15:32.972+0530] {dag.py:4180} INFO - Setting next_dagrun for example_python_decorator to None, run_after=None
[2025-03-31T13:15:32.990+0530] {processor.py:208} INFO - Processing /home/pranav_shirali/airflow-project/airflow-env/lib/python3.10/site-packages/airflow/example_dags/example_python_decorator.py took 0.109 seconds
[2025-03-31T13:16:36.139+0530] {processor.py:186} INFO - Started process (PID=12082) to work on /home/pranav_shirali/airflow-project/airflow-env/lib/python3.10/site-packages/airflow/example_dags/example_python_decorator.py
[2025-03-31T13:16:36.142+0530] {processor.py:914} INFO - Processing file /home/pranav_shirali/airflow-project/airflow-env/lib/python3.10/site-packages/airflow/example_dags/example_python_decorator.py for tasks to queue
[2025-03-31T13:16:36.144+0530] {logging_mixin.py:190} INFO - [2025-03-31T13:16:36.143+0530] {dagbag.py:588} INFO - Filling up the DagBag from /home/pranav_shirali/airflow-project/airflow-env/lib/python3.10/site-packages/airflow/example_dags/example_python_decorator.py
[2025-03-31T13:16:36.210+0530] {logging_mixin.py:190} INFO - [2025-03-31T13:16:36.209+0530] {example_python_decorator.py:80} WARNING - The virtalenv_python example task requires virtualenv, please install it.
[2025-03-31T13:16:36.212+0530] {processor.py:925} INFO - DAG(s) 'example_python_decorator' retrieved from /home/pranav_shirali/airflow-project/airflow-env/lib/python3.10/site-packages/airflow/example_dags/example_python_decorator.py
[2025-03-31T13:16:36.230+0530] {logging_mixin.py:190} INFO - [2025-03-31T13:16:36.230+0530] {dag.py:3239} INFO - Sync 1 DAGs
[2025-03-31T13:16:36.239+0530] {logging_mixin.py:190} INFO - [2025-03-31T13:16:36.239+0530] {dag.py:4180} INFO - Setting next_dagrun for example_python_decorator to None, run_after=None
[2025-03-31T13:16:36.257+0530] {processor.py:208} INFO - Processing /home/pranav_shirali/airflow-project/airflow-env/lib/python3.10/site-packages/airflow/example_dags/example_python_decorator.py took 0.123 seconds
[2025-03-31T13:17:31.232+0530] {processor.py:186} INFO - Started process (PID=12479) to work on /home/pranav_shirali/airflow-project/airflow-env/lib/python3.10/site-packages/airflow/example_dags/example_python_decorator.py
[2025-03-31T13:17:31.234+0530] {processor.py:914} INFO - Processing file /home/pranav_shirali/airflow-project/airflow-env/lib/python3.10/site-packages/airflow/example_dags/example_python_decorator.py for tasks to queue
[2025-03-31T13:17:31.235+0530] {logging_mixin.py:190} INFO - [2025-03-31T13:17:31.235+0530] {dagbag.py:588} INFO - Filling up the DagBag from /home/pranav_shirali/airflow-project/airflow-env/lib/python3.10/site-packages/airflow/example_dags/example_python_decorator.py
[2025-03-31T13:17:31.301+0530] {logging_mixin.py:190} INFO - [2025-03-31T13:17:31.301+0530] {example_python_decorator.py:80} WARNING - The virtalenv_python example task requires virtualenv, please install it.
[2025-03-31T13:17:31.303+0530] {processor.py:925} INFO - DAG(s) 'example_python_decorator' retrieved from /home/pranav_shirali/airflow-project/airflow-env/lib/python3.10/site-packages/airflow/example_dags/example_python_decorator.py
[2025-03-31T13:17:31.318+0530] {logging_mixin.py:190} INFO - [2025-03-31T13:17:31.318+0530] {dag.py:3239} INFO - Sync 1 DAGs
[2025-03-31T13:17:31.327+0530] {logging_mixin.py:190} INFO - [2025-03-31T13:17:31.327+0530] {dag.py:4180} INFO - Setting next_dagrun for example_python_decorator to None, run_after=None
[2025-03-31T13:17:31.342+0530] {processor.py:208} INFO - Processing /home/pranav_shirali/airflow-project/airflow-env/lib/python3.10/site-packages/airflow/example_dags/example_python_decorator.py took 0.114 seconds
