[2025-03-31T13:06:58.429+0530] {processor.py:186} INFO - Started process (PID=8218) to work on /home/pranav_shirali/airflow-project/airflow-env/lib/python3.10/site-packages/airflow/example_dags/example_latest_only.py
[2025-03-31T13:06:58.429+0530] {processor.py:914} INFO - Processing file /home/pranav_shirali/airflow-project/airflow-env/lib/python3.10/site-packages/airflow/example_dags/example_latest_only.py for tasks to queue
[2025-03-31T13:06:58.431+0530] {logging_mixin.py:190} INFO - [2025-03-31T13:06:58.431+0530] {dagbag.py:588} INFO - Filling up the DagBag from /home/pranav_shirali/airflow-project/airflow-env/lib/python3.10/site-packages/airflow/example_dags/example_latest_only.py
[2025-03-31T13:06:58.436+0530] {processor.py:925} INFO - DAG(s) 'latest_only' retrieved from /home/pranav_shirali/airflow-project/airflow-env/lib/python3.10/site-packages/airflow/example_dags/example_latest_only.py
[2025-03-31T13:06:58.449+0530] {logging_mixin.py:190} INFO - [2025-03-31T13:06:58.449+0530] {dag.py:3239} INFO - Sync 1 DAGs
[2025-03-31T13:06:58.464+0530] {logging_mixin.py:190} INFO - [2025-03-31T13:06:58.464+0530] {dag.py:4180} INFO - Setting next_dagrun for latest_only to 2025-03-31 00:00:00+00:00, run_after=2025-03-31 04:00:00+00:00
[2025-03-31T13:06:58.479+0530] {processor.py:208} INFO - Processing /home/pranav_shirali/airflow-project/airflow-env/lib/python3.10/site-packages/airflow/example_dags/example_latest_only.py took 0.054 seconds
[2025-03-31T13:07:58.346+0530] {processor.py:186} INFO - Started process (PID=8642) to work on /home/pranav_shirali/airflow-project/airflow-env/lib/python3.10/site-packages/airflow/example_dags/example_latest_only.py
[2025-03-31T13:07:58.347+0530] {processor.py:914} INFO - Processing file /home/pranav_shirali/airflow-project/airflow-env/lib/python3.10/site-packages/airflow/example_dags/example_latest_only.py for tasks to queue
[2025-03-31T13:07:58.348+0530] {logging_mixin.py:190} INFO - [2025-03-31T13:07:58.348+0530] {dagbag.py:588} INFO - Filling up the DagBag from /home/pranav_shirali/airflow-project/airflow-env/lib/python3.10/site-packages/airflow/example_dags/example_latest_only.py
[2025-03-31T13:07:58.353+0530] {processor.py:925} INFO - DAG(s) 'latest_only' retrieved from /home/pranav_shirali/airflow-project/airflow-env/lib/python3.10/site-packages/airflow/example_dags/example_latest_only.py
[2025-03-31T13:07:58.363+0530] {logging_mixin.py:190} INFO - [2025-03-31T13:07:58.362+0530] {dag.py:3239} INFO - Sync 1 DAGs
[2025-03-31T13:07:58.376+0530] {logging_mixin.py:190} INFO - [2025-03-31T13:07:58.376+0530] {dag.py:4180} INFO - Setting next_dagrun for latest_only to 2025-03-31 00:00:00+00:00, run_after=2025-03-31 04:00:00+00:00
[2025-03-31T13:07:58.389+0530] {processor.py:208} INFO - Processing /home/pranav_shirali/airflow-project/airflow-env/lib/python3.10/site-packages/airflow/example_dags/example_latest_only.py took 0.048 seconds
[2025-03-31T13:08:59.334+0530] {processor.py:186} INFO - Started process (PID=9059) to work on /home/pranav_shirali/airflow-project/airflow-env/lib/python3.10/site-packages/airflow/example_dags/example_latest_only.py
[2025-03-31T13:08:59.335+0530] {processor.py:914} INFO - Processing file /home/pranav_shirali/airflow-project/airflow-env/lib/python3.10/site-packages/airflow/example_dags/example_latest_only.py for tasks to queue
[2025-03-31T13:08:59.337+0530] {logging_mixin.py:190} INFO - [2025-03-31T13:08:59.336+0530] {dagbag.py:588} INFO - Filling up the DagBag from /home/pranav_shirali/airflow-project/airflow-env/lib/python3.10/site-packages/airflow/example_dags/example_latest_only.py
[2025-03-31T13:08:59.343+0530] {processor.py:925} INFO - DAG(s) 'latest_only' retrieved from /home/pranav_shirali/airflow-project/airflow-env/lib/python3.10/site-packages/airflow/example_dags/example_latest_only.py
[2025-03-31T13:08:59.356+0530] {logging_mixin.py:190} INFO - [2025-03-31T13:08:59.356+0530] {dag.py:3239} INFO - Sync 1 DAGs
[2025-03-31T13:08:59.372+0530] {logging_mixin.py:190} INFO - [2025-03-31T13:08:59.372+0530] {dag.py:4180} INFO - Setting next_dagrun for latest_only to 2025-03-31 00:00:00+00:00, run_after=2025-03-31 04:00:00+00:00
[2025-03-31T13:08:59.393+0530] {processor.py:208} INFO - Processing /home/pranav_shirali/airflow-project/airflow-env/lib/python3.10/site-packages/airflow/example_dags/example_latest_only.py took 0.068 seconds
[2025-03-31T13:09:58.343+0530] {processor.py:186} INFO - Started process (PID=9277) to work on /home/pranav_shirali/airflow-project/airflow-env/lib/python3.10/site-packages/airflow/example_dags/example_latest_only.py
[2025-03-31T13:09:58.345+0530] {processor.py:914} INFO - Processing file /home/pranav_shirali/airflow-project/airflow-env/lib/python3.10/site-packages/airflow/example_dags/example_latest_only.py for tasks to queue
[2025-03-31T13:09:58.347+0530] {logging_mixin.py:190} INFO - [2025-03-31T13:09:58.347+0530] {dagbag.py:588} INFO - Filling up the DagBag from /home/pranav_shirali/airflow-project/airflow-env/lib/python3.10/site-packages/airflow/example_dags/example_latest_only.py
[2025-03-31T13:09:58.352+0530] {processor.py:925} INFO - DAG(s) 'latest_only' retrieved from /home/pranav_shirali/airflow-project/airflow-env/lib/python3.10/site-packages/airflow/example_dags/example_latest_only.py
[2025-03-31T13:09:58.361+0530] {logging_mixin.py:190} INFO - [2025-03-31T13:09:58.361+0530] {dag.py:3239} INFO - Sync 1 DAGs
[2025-03-31T13:09:58.373+0530] {logging_mixin.py:190} INFO - [2025-03-31T13:09:58.373+0530] {dag.py:4180} INFO - Setting next_dagrun for latest_only to 2025-03-31 00:00:00+00:00, run_after=2025-03-31 04:00:00+00:00
[2025-03-31T13:09:58.386+0530] {processor.py:208} INFO - Processing /home/pranav_shirali/airflow-project/airflow-env/lib/python3.10/site-packages/airflow/example_dags/example_latest_only.py took 0.047 seconds
[2025-03-31T13:10:55.413+0530] {processor.py:186} INFO - Started process (PID=9496) to work on /home/pranav_shirali/airflow-project/airflow-env/lib/python3.10/site-packages/airflow/example_dags/example_latest_only.py
[2025-03-31T13:10:55.415+0530] {processor.py:914} INFO - Processing file /home/pranav_shirali/airflow-project/airflow-env/lib/python3.10/site-packages/airflow/example_dags/example_latest_only.py for tasks to queue
[2025-03-31T13:10:55.417+0530] {logging_mixin.py:190} INFO - [2025-03-31T13:10:55.417+0530] {dagbag.py:588} INFO - Filling up the DagBag from /home/pranav_shirali/airflow-project/airflow-env/lib/python3.10/site-packages/airflow/example_dags/example_latest_only.py
[2025-03-31T13:10:55.424+0530] {processor.py:925} INFO - DAG(s) 'latest_only' retrieved from /home/pranav_shirali/airflow-project/airflow-env/lib/python3.10/site-packages/airflow/example_dags/example_latest_only.py
[2025-03-31T13:10:55.435+0530] {logging_mixin.py:190} INFO - [2025-03-31T13:10:55.435+0530] {dag.py:3239} INFO - Sync 1 DAGs
[2025-03-31T13:10:55.453+0530] {logging_mixin.py:190} INFO - [2025-03-31T13:10:55.453+0530] {dag.py:4180} INFO - Setting next_dagrun for latest_only to 2025-03-31 00:00:00+00:00, run_after=2025-03-31 04:00:00+00:00
[2025-03-31T13:10:55.470+0530] {processor.py:208} INFO - Processing /home/pranav_shirali/airflow-project/airflow-env/lib/python3.10/site-packages/airflow/example_dags/example_latest_only.py took 0.061 seconds
[2025-03-31T13:11:47.173+0530] {processor.py:186} INFO - Started process (PID=9702) to work on /home/pranav_shirali/airflow-project/airflow-env/lib/python3.10/site-packages/airflow/example_dags/example_latest_only.py
[2025-03-31T13:11:47.176+0530] {processor.py:914} INFO - Processing file /home/pranav_shirali/airflow-project/airflow-env/lib/python3.10/site-packages/airflow/example_dags/example_latest_only.py for tasks to queue
[2025-03-31T13:11:47.177+0530] {logging_mixin.py:190} INFO - [2025-03-31T13:11:47.177+0530] {dagbag.py:588} INFO - Filling up the DagBag from /home/pranav_shirali/airflow-project/airflow-env/lib/python3.10/site-packages/airflow/example_dags/example_latest_only.py
[2025-03-31T13:11:47.183+0530] {processor.py:925} INFO - DAG(s) 'latest_only' retrieved from /home/pranav_shirali/airflow-project/airflow-env/lib/python3.10/site-packages/airflow/example_dags/example_latest_only.py
[2025-03-31T13:11:47.195+0530] {logging_mixin.py:190} INFO - [2025-03-31T13:11:47.195+0530] {dag.py:3239} INFO - Sync 1 DAGs
[2025-03-31T13:11:47.210+0530] {logging_mixin.py:190} INFO - [2025-03-31T13:11:47.210+0530] {dag.py:4180} INFO - Setting next_dagrun for latest_only to 2025-03-31 00:00:00+00:00, run_after=2025-03-31 04:00:00+00:00
[2025-03-31T13:11:47.225+0530] {processor.py:208} INFO - Processing /home/pranav_shirali/airflow-project/airflow-env/lib/python3.10/site-packages/airflow/example_dags/example_latest_only.py took 0.057 seconds
[2025-03-31T13:12:39.675+0530] {processor.py:186} INFO - Started process (PID=9934) to work on /home/pranav_shirali/airflow-project/airflow-env/lib/python3.10/site-packages/airflow/example_dags/example_latest_only.py
[2025-03-31T13:12:39.676+0530] {processor.py:914} INFO - Processing file /home/pranav_shirali/airflow-project/airflow-env/lib/python3.10/site-packages/airflow/example_dags/example_latest_only.py for tasks to queue
[2025-03-31T13:12:39.678+0530] {logging_mixin.py:190} INFO - [2025-03-31T13:12:39.677+0530] {dagbag.py:588} INFO - Filling up the DagBag from /home/pranav_shirali/airflow-project/airflow-env/lib/python3.10/site-packages/airflow/example_dags/example_latest_only.py
[2025-03-31T13:12:39.682+0530] {processor.py:925} INFO - DAG(s) 'latest_only' retrieved from /home/pranav_shirali/airflow-project/airflow-env/lib/python3.10/site-packages/airflow/example_dags/example_latest_only.py
[2025-03-31T13:12:39.692+0530] {logging_mixin.py:190} INFO - [2025-03-31T13:12:39.691+0530] {dag.py:3239} INFO - Sync 1 DAGs
[2025-03-31T13:12:39.704+0530] {logging_mixin.py:190} INFO - [2025-03-31T13:12:39.704+0530] {dag.py:4180} INFO - Setting next_dagrun for latest_only to 2025-03-31 00:00:00+00:00, run_after=2025-03-31 04:00:00+00:00
[2025-03-31T13:12:39.716+0530] {processor.py:208} INFO - Processing /home/pranav_shirali/airflow-project/airflow-env/lib/python3.10/site-packages/airflow/example_dags/example_latest_only.py took 0.046 seconds
[2025-03-31T13:13:33.934+0530] {processor.py:186} INFO - Started process (PID=10387) to work on /home/pranav_shirali/airflow-project/airflow-env/lib/python3.10/site-packages/airflow/example_dags/example_latest_only.py
[2025-03-31T13:13:33.936+0530] {processor.py:914} INFO - Processing file /home/pranav_shirali/airflow-project/airflow-env/lib/python3.10/site-packages/airflow/example_dags/example_latest_only.py for tasks to queue
[2025-03-31T13:13:33.938+0530] {logging_mixin.py:190} INFO - [2025-03-31T13:13:33.938+0530] {dagbag.py:588} INFO - Filling up the DagBag from /home/pranav_shirali/airflow-project/airflow-env/lib/python3.10/site-packages/airflow/example_dags/example_latest_only.py
[2025-03-31T13:13:33.943+0530] {processor.py:925} INFO - DAG(s) 'latest_only' retrieved from /home/pranav_shirali/airflow-project/airflow-env/lib/python3.10/site-packages/airflow/example_dags/example_latest_only.py
[2025-03-31T13:13:33.952+0530] {logging_mixin.py:190} INFO - [2025-03-31T13:13:33.952+0530] {dag.py:3239} INFO - Sync 1 DAGs
[2025-03-31T13:13:33.965+0530] {logging_mixin.py:190} INFO - [2025-03-31T13:13:33.965+0530] {dag.py:4180} INFO - Setting next_dagrun for latest_only to 2025-03-31 00:00:00+00:00, run_after=2025-03-31 04:00:00+00:00
[2025-03-31T13:13:33.979+0530] {processor.py:208} INFO - Processing /home/pranav_shirali/airflow-project/airflow-env/lib/python3.10/site-packages/airflow/example_dags/example_latest_only.py took 0.049 seconds
[2025-03-31T13:14:27.521+0530] {processor.py:186} INFO - Started process (PID=10789) to work on /home/pranav_shirali/airflow-project/airflow-env/lib/python3.10/site-packages/airflow/example_dags/example_latest_only.py
[2025-03-31T13:14:27.526+0530] {processor.py:914} INFO - Processing file /home/pranav_shirali/airflow-project/airflow-env/lib/python3.10/site-packages/airflow/example_dags/example_latest_only.py for tasks to queue
[2025-03-31T13:14:27.528+0530] {logging_mixin.py:190} INFO - [2025-03-31T13:14:27.528+0530] {dagbag.py:588} INFO - Filling up the DagBag from /home/pranav_shirali/airflow-project/airflow-env/lib/python3.10/site-packages/airflow/example_dags/example_latest_only.py
[2025-03-31T13:14:27.534+0530] {processor.py:925} INFO - DAG(s) 'latest_only' retrieved from /home/pranav_shirali/airflow-project/airflow-env/lib/python3.10/site-packages/airflow/example_dags/example_latest_only.py
[2025-03-31T13:14:27.548+0530] {logging_mixin.py:190} INFO - [2025-03-31T13:14:27.547+0530] {dag.py:3239} INFO - Sync 1 DAGs
[2025-03-31T13:14:27.565+0530] {logging_mixin.py:190} INFO - [2025-03-31T13:14:27.564+0530] {dag.py:4180} INFO - Setting next_dagrun for latest_only to 2025-03-31 00:00:00+00:00, run_after=2025-03-31 04:00:00+00:00
[2025-03-31T13:14:27.581+0530] {processor.py:208} INFO - Processing /home/pranav_shirali/airflow-project/airflow-env/lib/python3.10/site-packages/airflow/example_dags/example_latest_only.py took 0.067 seconds
[2025-03-31T13:15:28.925+0530] {processor.py:186} INFO - Started process (PID=11403) to work on /home/pranav_shirali/airflow-project/airflow-env/lib/python3.10/site-packages/airflow/example_dags/example_latest_only.py
[2025-03-31T13:15:28.926+0530] {processor.py:914} INFO - Processing file /home/pranav_shirali/airflow-project/airflow-env/lib/python3.10/site-packages/airflow/example_dags/example_latest_only.py for tasks to queue
[2025-03-31T13:15:28.929+0530] {logging_mixin.py:190} INFO - [2025-03-31T13:15:28.929+0530] {dagbag.py:588} INFO - Filling up the DagBag from /home/pranav_shirali/airflow-project/airflow-env/lib/python3.10/site-packages/airflow/example_dags/example_latest_only.py
[2025-03-31T13:15:28.934+0530] {processor.py:925} INFO - DAG(s) 'latest_only' retrieved from /home/pranav_shirali/airflow-project/airflow-env/lib/python3.10/site-packages/airflow/example_dags/example_latest_only.py
[2025-03-31T13:15:28.953+0530] {logging_mixin.py:190} INFO - [2025-03-31T13:15:28.952+0530] {dag.py:3239} INFO - Sync 1 DAGs
[2025-03-31T13:15:28.967+0530] {logging_mixin.py:190} INFO - [2025-03-31T13:15:28.966+0530] {dag.py:4180} INFO - Setting next_dagrun for latest_only to 2025-03-31 00:00:00+00:00, run_after=2025-03-31 04:00:00+00:00
[2025-03-31T13:15:28.982+0530] {processor.py:208} INFO - Processing /home/pranav_shirali/airflow-project/airflow-env/lib/python3.10/site-packages/airflow/example_dags/example_latest_only.py took 0.062 seconds
[2025-03-31T13:16:32.413+0530] {processor.py:186} INFO - Started process (PID=12051) to work on /home/pranav_shirali/airflow-project/airflow-env/lib/python3.10/site-packages/airflow/example_dags/example_latest_only.py
[2025-03-31T13:16:32.414+0530] {processor.py:914} INFO - Processing file /home/pranav_shirali/airflow-project/airflow-env/lib/python3.10/site-packages/airflow/example_dags/example_latest_only.py for tasks to queue
[2025-03-31T13:16:32.416+0530] {logging_mixin.py:190} INFO - [2025-03-31T13:16:32.416+0530] {dagbag.py:588} INFO - Filling up the DagBag from /home/pranav_shirali/airflow-project/airflow-env/lib/python3.10/site-packages/airflow/example_dags/example_latest_only.py
[2025-03-31T13:16:32.424+0530] {processor.py:925} INFO - DAG(s) 'latest_only' retrieved from /home/pranav_shirali/airflow-project/airflow-env/lib/python3.10/site-packages/airflow/example_dags/example_latest_only.py
[2025-03-31T13:16:32.452+0530] {logging_mixin.py:190} INFO - [2025-03-31T13:16:32.451+0530] {dag.py:3239} INFO - Sync 1 DAGs
[2025-03-31T13:16:32.469+0530] {logging_mixin.py:190} INFO - [2025-03-31T13:16:32.468+0530] {dag.py:4180} INFO - Setting next_dagrun for latest_only to 2025-03-31 00:00:00+00:00, run_after=2025-03-31 04:00:00+00:00
[2025-03-31T13:16:32.485+0530] {processor.py:208} INFO - Processing /home/pranav_shirali/airflow-project/airflow-env/lib/python3.10/site-packages/airflow/example_dags/example_latest_only.py took 0.077 seconds
[2025-03-31T13:17:27.845+0530] {processor.py:186} INFO - Started process (PID=12392) to work on /home/pranav_shirali/airflow-project/airflow-env/lib/python3.10/site-packages/airflow/example_dags/example_latest_only.py
[2025-03-31T13:17:27.846+0530] {processor.py:914} INFO - Processing file /home/pranav_shirali/airflow-project/airflow-env/lib/python3.10/site-packages/airflow/example_dags/example_latest_only.py for tasks to queue
[2025-03-31T13:17:27.848+0530] {logging_mixin.py:190} INFO - [2025-03-31T13:17:27.848+0530] {dagbag.py:588} INFO - Filling up the DagBag from /home/pranav_shirali/airflow-project/airflow-env/lib/python3.10/site-packages/airflow/example_dags/example_latest_only.py
[2025-03-31T13:17:27.854+0530] {processor.py:925} INFO - DAG(s) 'latest_only' retrieved from /home/pranav_shirali/airflow-project/airflow-env/lib/python3.10/site-packages/airflow/example_dags/example_latest_only.py
[2025-03-31T13:17:27.866+0530] {logging_mixin.py:190} INFO - [2025-03-31T13:17:27.866+0530] {dag.py:3239} INFO - Sync 1 DAGs
[2025-03-31T13:17:27.885+0530] {logging_mixin.py:190} INFO - [2025-03-31T13:17:27.885+0530] {dag.py:4180} INFO - Setting next_dagrun for latest_only to 2025-03-31 00:00:00+00:00, run_after=2025-03-31 04:00:00+00:00
[2025-03-31T13:17:27.900+0530] {processor.py:208} INFO - Processing /home/pranav_shirali/airflow-project/airflow-env/lib/python3.10/site-packages/airflow/example_dags/example_latest_only.py took 0.060 seconds
