[2025-03-31T13:06:54.427+0530] {processor.py:186} INFO - Started process (PID=8201) to work on /home/pranav_shirali/airflow-project/airflow-env/lib/python3.10/site-packages/airflow/example_dags/example_latest_only_with_trigger.py
[2025-03-31T13:06:54.428+0530] {processor.py:914} INFO - Processing file /home/pranav_shirali/airflow-project/airflow-env/lib/python3.10/site-packages/airflow/example_dags/example_latest_only_with_trigger.py for tasks to queue
[2025-03-31T13:06:54.429+0530] {logging_mixin.py:190} INFO - [2025-03-31T13:06:54.429+0530] {dagbag.py:588} INFO - Filling up the DagBag from /home/pranav_shirali/airflow-project/airflow-env/lib/python3.10/site-packages/airflow/example_dags/example_latest_only_with_trigger.py
[2025-03-31T13:06:54.434+0530] {processor.py:925} INFO - DAG(s) 'latest_only_with_trigger' retrieved from /home/pranav_shirali/airflow-project/airflow-env/lib/python3.10/site-packages/airflow/example_dags/example_latest_only_with_trigger.py
[2025-03-31T13:06:54.446+0530] {logging_mixin.py:190} INFO - [2025-03-31T13:06:54.446+0530] {dag.py:3239} INFO - Sync 1 DAGs
[2025-03-31T13:06:54.461+0530] {logging_mixin.py:190} INFO - [2025-03-31T13:06:54.461+0530] {dag.py:4180} INFO - Setting next_dagrun for latest_only_with_trigger to 2025-03-31 00:00:00+00:00, run_after=2025-03-31 04:00:00+00:00
[2025-03-31T13:06:54.476+0530] {processor.py:208} INFO - Processing /home/pranav_shirali/airflow-project/airflow-env/lib/python3.10/site-packages/airflow/example_dags/example_latest_only_with_trigger.py took 0.053 seconds
[2025-03-31T13:07:53.196+0530] {processor.py:186} INFO - Started process (PID=8617) to work on /home/pranav_shirali/airflow-project/airflow-env/lib/python3.10/site-packages/airflow/example_dags/example_latest_only_with_trigger.py
[2025-03-31T13:07:53.198+0530] {processor.py:914} INFO - Processing file /home/pranav_shirali/airflow-project/airflow-env/lib/python3.10/site-packages/airflow/example_dags/example_latest_only_with_trigger.py for tasks to queue
[2025-03-31T13:07:53.199+0530] {logging_mixin.py:190} INFO - [2025-03-31T13:07:53.199+0530] {dagbag.py:588} INFO - Filling up the DagBag from /home/pranav_shirali/airflow-project/airflow-env/lib/python3.10/site-packages/airflow/example_dags/example_latest_only_with_trigger.py
[2025-03-31T13:07:53.204+0530] {processor.py:925} INFO - DAG(s) 'latest_only_with_trigger' retrieved from /home/pranav_shirali/airflow-project/airflow-env/lib/python3.10/site-packages/airflow/example_dags/example_latest_only_with_trigger.py
[2025-03-31T13:07:53.215+0530] {logging_mixin.py:190} INFO - [2025-03-31T13:07:53.215+0530] {dag.py:3239} INFO - Sync 1 DAGs
[2025-03-31T13:07:53.227+0530] {logging_mixin.py:190} INFO - [2025-03-31T13:07:53.227+0530] {dag.py:4180} INFO - Setting next_dagrun for latest_only_with_trigger to 2025-03-31 00:00:00+00:00, run_after=2025-03-31 04:00:00+00:00
[2025-03-31T13:07:53.240+0530] {processor.py:208} INFO - Processing /home/pranav_shirali/airflow-project/airflow-env/lib/python3.10/site-packages/airflow/example_dags/example_latest_only_with_trigger.py took 0.048 seconds
[2025-03-31T13:08:55.321+0530] {processor.py:186} INFO - Started process (PID=9042) to work on /home/pranav_shirali/airflow-project/airflow-env/lib/python3.10/site-packages/airflow/example_dags/example_latest_only_with_trigger.py
[2025-03-31T13:08:55.322+0530] {processor.py:914} INFO - Processing file /home/pranav_shirali/airflow-project/airflow-env/lib/python3.10/site-packages/airflow/example_dags/example_latest_only_with_trigger.py for tasks to queue
[2025-03-31T13:08:55.324+0530] {logging_mixin.py:190} INFO - [2025-03-31T13:08:55.324+0530] {dagbag.py:588} INFO - Filling up the DagBag from /home/pranav_shirali/airflow-project/airflow-env/lib/python3.10/site-packages/airflow/example_dags/example_latest_only_with_trigger.py
[2025-03-31T13:08:55.329+0530] {processor.py:925} INFO - DAG(s) 'latest_only_with_trigger' retrieved from /home/pranav_shirali/airflow-project/airflow-env/lib/python3.10/site-packages/airflow/example_dags/example_latest_only_with_trigger.py
[2025-03-31T13:08:55.341+0530] {logging_mixin.py:190} INFO - [2025-03-31T13:08:55.341+0530] {dag.py:3239} INFO - Sync 1 DAGs
[2025-03-31T13:08:55.357+0530] {logging_mixin.py:190} INFO - [2025-03-31T13:08:55.357+0530] {dag.py:4180} INFO - Setting next_dagrun for latest_only_with_trigger to 2025-03-31 00:00:00+00:00, run_after=2025-03-31 04:00:00+00:00
[2025-03-31T13:08:55.372+0530] {processor.py:208} INFO - Processing /home/pranav_shirali/airflow-project/airflow-env/lib/python3.10/site-packages/airflow/example_dags/example_latest_only_with_trigger.py took 0.056 seconds
[2025-03-31T13:09:53.666+0530] {processor.py:186} INFO - Started process (PID=9260) to work on /home/pranav_shirali/airflow-project/airflow-env/lib/python3.10/site-packages/airflow/example_dags/example_latest_only_with_trigger.py
[2025-03-31T13:09:53.667+0530] {processor.py:914} INFO - Processing file /home/pranav_shirali/airflow-project/airflow-env/lib/python3.10/site-packages/airflow/example_dags/example_latest_only_with_trigger.py for tasks to queue
[2025-03-31T13:09:53.668+0530] {logging_mixin.py:190} INFO - [2025-03-31T13:09:53.668+0530] {dagbag.py:588} INFO - Filling up the DagBag from /home/pranav_shirali/airflow-project/airflow-env/lib/python3.10/site-packages/airflow/example_dags/example_latest_only_with_trigger.py
[2025-03-31T13:09:53.673+0530] {processor.py:925} INFO - DAG(s) 'latest_only_with_trigger' retrieved from /home/pranav_shirali/airflow-project/airflow-env/lib/python3.10/site-packages/airflow/example_dags/example_latest_only_with_trigger.py
[2025-03-31T13:09:53.684+0530] {logging_mixin.py:190} INFO - [2025-03-31T13:09:53.684+0530] {dag.py:3239} INFO - Sync 1 DAGs
[2025-03-31T13:09:53.698+0530] {logging_mixin.py:190} INFO - [2025-03-31T13:09:53.698+0530] {dag.py:4180} INFO - Setting next_dagrun for latest_only_with_trigger to 2025-03-31 00:00:00+00:00, run_after=2025-03-31 04:00:00+00:00
[2025-03-31T13:09:53.715+0530] {processor.py:208} INFO - Processing /home/pranav_shirali/airflow-project/airflow-env/lib/python3.10/site-packages/airflow/example_dags/example_latest_only_with_trigger.py took 0.054 seconds
[2025-03-31T13:10:50.088+0530] {processor.py:186} INFO - Started process (PID=9473) to work on /home/pranav_shirali/airflow-project/airflow-env/lib/python3.10/site-packages/airflow/example_dags/example_latest_only_with_trigger.py
[2025-03-31T13:10:50.091+0530] {processor.py:914} INFO - Processing file /home/pranav_shirali/airflow-project/airflow-env/lib/python3.10/site-packages/airflow/example_dags/example_latest_only_with_trigger.py for tasks to queue
[2025-03-31T13:10:50.093+0530] {logging_mixin.py:190} INFO - [2025-03-31T13:10:50.093+0530] {dagbag.py:588} INFO - Filling up the DagBag from /home/pranav_shirali/airflow-project/airflow-env/lib/python3.10/site-packages/airflow/example_dags/example_latest_only_with_trigger.py
[2025-03-31T13:10:50.100+0530] {processor.py:925} INFO - DAG(s) 'latest_only_with_trigger' retrieved from /home/pranav_shirali/airflow-project/airflow-env/lib/python3.10/site-packages/airflow/example_dags/example_latest_only_with_trigger.py
[2025-03-31T13:10:50.113+0530] {logging_mixin.py:190} INFO - [2025-03-31T13:10:50.113+0530] {dag.py:3239} INFO - Sync 1 DAGs
[2025-03-31T13:10:50.129+0530] {logging_mixin.py:190} INFO - [2025-03-31T13:10:50.128+0530] {dag.py:4180} INFO - Setting next_dagrun for latest_only_with_trigger to 2025-03-31 00:00:00+00:00, run_after=2025-03-31 04:00:00+00:00
[2025-03-31T13:10:50.145+0530] {processor.py:208} INFO - Processing /home/pranav_shirali/airflow-project/airflow-env/lib/python3.10/site-packages/airflow/example_dags/example_latest_only_with_trigger.py took 0.061 seconds
[2025-03-31T13:11:42.031+0530] {processor.py:186} INFO - Started process (PID=9684) to work on /home/pranav_shirali/airflow-project/airflow-env/lib/python3.10/site-packages/airflow/example_dags/example_latest_only_with_trigger.py
[2025-03-31T13:11:42.032+0530] {processor.py:914} INFO - Processing file /home/pranav_shirali/airflow-project/airflow-env/lib/python3.10/site-packages/airflow/example_dags/example_latest_only_with_trigger.py for tasks to queue
[2025-03-31T13:11:42.034+0530] {logging_mixin.py:190} INFO - [2025-03-31T13:11:42.034+0530] {dagbag.py:588} INFO - Filling up the DagBag from /home/pranav_shirali/airflow-project/airflow-env/lib/python3.10/site-packages/airflow/example_dags/example_latest_only_with_trigger.py
[2025-03-31T13:11:42.043+0530] {processor.py:925} INFO - DAG(s) 'latest_only_with_trigger' retrieved from /home/pranav_shirali/airflow-project/airflow-env/lib/python3.10/site-packages/airflow/example_dags/example_latest_only_with_trigger.py
[2025-03-31T13:11:42.057+0530] {logging_mixin.py:190} INFO - [2025-03-31T13:11:42.057+0530] {dag.py:3239} INFO - Sync 1 DAGs
[2025-03-31T13:11:42.073+0530] {logging_mixin.py:190} INFO - [2025-03-31T13:11:42.073+0530] {dag.py:4180} INFO - Setting next_dagrun for latest_only_with_trigger to 2025-03-31 00:00:00+00:00, run_after=2025-03-31 04:00:00+00:00
[2025-03-31T13:11:42.091+0530] {processor.py:208} INFO - Processing /home/pranav_shirali/airflow-project/airflow-env/lib/python3.10/site-packages/airflow/example_dags/example_latest_only_with_trigger.py took 0.066 seconds
[2025-03-31T13:12:35.559+0530] {processor.py:186} INFO - Started process (PID=9914) to work on /home/pranav_shirali/airflow-project/airflow-env/lib/python3.10/site-packages/airflow/example_dags/example_latest_only_with_trigger.py
[2025-03-31T13:12:35.561+0530] {processor.py:914} INFO - Processing file /home/pranav_shirali/airflow-project/airflow-env/lib/python3.10/site-packages/airflow/example_dags/example_latest_only_with_trigger.py for tasks to queue
[2025-03-31T13:12:35.563+0530] {logging_mixin.py:190} INFO - [2025-03-31T13:12:35.562+0530] {dagbag.py:588} INFO - Filling up the DagBag from /home/pranav_shirali/airflow-project/airflow-env/lib/python3.10/site-packages/airflow/example_dags/example_latest_only_with_trigger.py
[2025-03-31T13:12:35.570+0530] {processor.py:925} INFO - DAG(s) 'latest_only_with_trigger' retrieved from /home/pranav_shirali/airflow-project/airflow-env/lib/python3.10/site-packages/airflow/example_dags/example_latest_only_with_trigger.py
[2025-03-31T13:12:35.584+0530] {logging_mixin.py:190} INFO - [2025-03-31T13:12:35.584+0530] {dag.py:3239} INFO - Sync 1 DAGs
[2025-03-31T13:12:35.598+0530] {logging_mixin.py:190} INFO - [2025-03-31T13:12:35.597+0530] {dag.py:4180} INFO - Setting next_dagrun for latest_only_with_trigger to 2025-03-31 00:00:00+00:00, run_after=2025-03-31 04:00:00+00:00
[2025-03-31T13:12:35.616+0530] {processor.py:208} INFO - Processing /home/pranav_shirali/airflow-project/airflow-env/lib/python3.10/site-packages/airflow/example_dags/example_latest_only_with_trigger.py took 0.062 seconds
[2025-03-31T13:13:28.932+0530] {processor.py:186} INFO - Started process (PID=10349) to work on /home/pranav_shirali/airflow-project/airflow-env/lib/python3.10/site-packages/airflow/example_dags/example_latest_only_with_trigger.py
[2025-03-31T13:13:28.936+0530] {processor.py:914} INFO - Processing file /home/pranav_shirali/airflow-project/airflow-env/lib/python3.10/site-packages/airflow/example_dags/example_latest_only_with_trigger.py for tasks to queue
[2025-03-31T13:13:28.938+0530] {logging_mixin.py:190} INFO - [2025-03-31T13:13:28.938+0530] {dagbag.py:588} INFO - Filling up the DagBag from /home/pranav_shirali/airflow-project/airflow-env/lib/python3.10/site-packages/airflow/example_dags/example_latest_only_with_trigger.py
[2025-03-31T13:13:28.943+0530] {processor.py:925} INFO - DAG(s) 'latest_only_with_trigger' retrieved from /home/pranav_shirali/airflow-project/airflow-env/lib/python3.10/site-packages/airflow/example_dags/example_latest_only_with_trigger.py
[2025-03-31T13:13:28.954+0530] {logging_mixin.py:190} INFO - [2025-03-31T13:13:28.953+0530] {dag.py:3239} INFO - Sync 1 DAGs
[2025-03-31T13:13:28.966+0530] {logging_mixin.py:190} INFO - [2025-03-31T13:13:28.965+0530] {dag.py:4180} INFO - Setting next_dagrun for latest_only_with_trigger to 2025-03-31 00:00:00+00:00, run_after=2025-03-31 04:00:00+00:00
[2025-03-31T13:13:28.979+0530] {processor.py:208} INFO - Processing /home/pranav_shirali/airflow-project/airflow-env/lib/python3.10/site-packages/airflow/example_dags/example_latest_only_with_trigger.py took 0.051 seconds
[2025-03-31T13:14:24.397+0530] {processor.py:186} INFO - Started process (PID=10770) to work on /home/pranav_shirali/airflow-project/airflow-env/lib/python3.10/site-packages/airflow/example_dags/example_latest_only_with_trigger.py
[2025-03-31T13:14:24.399+0530] {processor.py:914} INFO - Processing file /home/pranav_shirali/airflow-project/airflow-env/lib/python3.10/site-packages/airflow/example_dags/example_latest_only_with_trigger.py for tasks to queue
[2025-03-31T13:14:24.401+0530] {logging_mixin.py:190} INFO - [2025-03-31T13:14:24.401+0530] {dagbag.py:588} INFO - Filling up the DagBag from /home/pranav_shirali/airflow-project/airflow-env/lib/python3.10/site-packages/airflow/example_dags/example_latest_only_with_trigger.py
[2025-03-31T13:14:24.406+0530] {processor.py:925} INFO - DAG(s) 'latest_only_with_trigger' retrieved from /home/pranav_shirali/airflow-project/airflow-env/lib/python3.10/site-packages/airflow/example_dags/example_latest_only_with_trigger.py
[2025-03-31T13:14:24.417+0530] {logging_mixin.py:190} INFO - [2025-03-31T13:14:24.417+0530] {dag.py:3239} INFO - Sync 1 DAGs
[2025-03-31T13:14:24.431+0530] {logging_mixin.py:190} INFO - [2025-03-31T13:14:24.431+0530] {dag.py:4180} INFO - Setting next_dagrun for latest_only_with_trigger to 2025-03-31 00:00:00+00:00, run_after=2025-03-31 04:00:00+00:00
[2025-03-31T13:14:24.445+0530] {processor.py:208} INFO - Processing /home/pranav_shirali/airflow-project/airflow-env/lib/python3.10/site-packages/airflow/example_dags/example_latest_only_with_trigger.py took 0.054 seconds
[2025-03-31T13:15:23.780+0530] {processor.py:186} INFO - Started process (PID=11346) to work on /home/pranav_shirali/airflow-project/airflow-env/lib/python3.10/site-packages/airflow/example_dags/example_latest_only_with_trigger.py
[2025-03-31T13:15:23.782+0530] {processor.py:914} INFO - Processing file /home/pranav_shirali/airflow-project/airflow-env/lib/python3.10/site-packages/airflow/example_dags/example_latest_only_with_trigger.py for tasks to queue
[2025-03-31T13:15:23.784+0530] {logging_mixin.py:190} INFO - [2025-03-31T13:15:23.783+0530] {dagbag.py:588} INFO - Filling up the DagBag from /home/pranav_shirali/airflow-project/airflow-env/lib/python3.10/site-packages/airflow/example_dags/example_latest_only_with_trigger.py
[2025-03-31T13:15:23.789+0530] {processor.py:925} INFO - DAG(s) 'latest_only_with_trigger' retrieved from /home/pranav_shirali/airflow-project/airflow-env/lib/python3.10/site-packages/airflow/example_dags/example_latest_only_with_trigger.py
[2025-03-31T13:15:23.801+0530] {logging_mixin.py:190} INFO - [2025-03-31T13:15:23.801+0530] {dag.py:3239} INFO - Sync 1 DAGs
[2025-03-31T13:15:23.817+0530] {logging_mixin.py:190} INFO - [2025-03-31T13:15:23.817+0530] {dag.py:4180} INFO - Setting next_dagrun for latest_only_with_trigger to 2025-03-31 00:00:00+00:00, run_after=2025-03-31 04:00:00+00:00
[2025-03-31T13:15:23.831+0530] {processor.py:208} INFO - Processing /home/pranav_shirali/airflow-project/airflow-env/lib/python3.10/site-packages/airflow/example_dags/example_latest_only_with_trigger.py took 0.056 seconds
[2025-03-31T13:16:27.137+0530] {processor.py:186} INFO - Started process (PID=12004) to work on /home/pranav_shirali/airflow-project/airflow-env/lib/python3.10/site-packages/airflow/example_dags/example_latest_only_with_trigger.py
[2025-03-31T13:16:27.139+0530] {processor.py:914} INFO - Processing file /home/pranav_shirali/airflow-project/airflow-env/lib/python3.10/site-packages/airflow/example_dags/example_latest_only_with_trigger.py for tasks to queue
[2025-03-31T13:16:27.141+0530] {logging_mixin.py:190} INFO - [2025-03-31T13:16:27.140+0530] {dagbag.py:588} INFO - Filling up the DagBag from /home/pranav_shirali/airflow-project/airflow-env/lib/python3.10/site-packages/airflow/example_dags/example_latest_only_with_trigger.py
[2025-03-31T13:16:27.147+0530] {processor.py:925} INFO - DAG(s) 'latest_only_with_trigger' retrieved from /home/pranav_shirali/airflow-project/airflow-env/lib/python3.10/site-packages/airflow/example_dags/example_latest_only_with_trigger.py
[2025-03-31T13:16:27.158+0530] {logging_mixin.py:190} INFO - [2025-03-31T13:16:27.158+0530] {dag.py:3239} INFO - Sync 1 DAGs
[2025-03-31T13:16:27.172+0530] {logging_mixin.py:190} INFO - [2025-03-31T13:16:27.172+0530] {dag.py:4180} INFO - Setting next_dagrun for latest_only_with_trigger to 2025-03-31 00:00:00+00:00, run_after=2025-03-31 04:00:00+00:00
[2025-03-31T13:16:27.186+0530] {processor.py:208} INFO - Processing /home/pranav_shirali/airflow-project/airflow-env/lib/python3.10/site-packages/airflow/example_dags/example_latest_only_with_trigger.py took 0.054 seconds
[2025-03-31T13:17:21.112+0530] {processor.py:186} INFO - Started process (PID=12304) to work on /home/pranav_shirali/airflow-project/airflow-env/lib/python3.10/site-packages/airflow/example_dags/example_latest_only_with_trigger.py
[2025-03-31T13:17:21.114+0530] {processor.py:914} INFO - Processing file /home/pranav_shirali/airflow-project/airflow-env/lib/python3.10/site-packages/airflow/example_dags/example_latest_only_with_trigger.py for tasks to queue
[2025-03-31T13:17:21.116+0530] {logging_mixin.py:190} INFO - [2025-03-31T13:17:21.115+0530] {dagbag.py:588} INFO - Filling up the DagBag from /home/pranav_shirali/airflow-project/airflow-env/lib/python3.10/site-packages/airflow/example_dags/example_latest_only_with_trigger.py
[2025-03-31T13:17:21.121+0530] {processor.py:925} INFO - DAG(s) 'latest_only_with_trigger' retrieved from /home/pranav_shirali/airflow-project/airflow-env/lib/python3.10/site-packages/airflow/example_dags/example_latest_only_with_trigger.py
[2025-03-31T13:17:21.135+0530] {logging_mixin.py:190} INFO - [2025-03-31T13:17:21.135+0530] {dag.py:3239} INFO - Sync 1 DAGs
[2025-03-31T13:17:21.151+0530] {logging_mixin.py:190} INFO - [2025-03-31T13:17:21.151+0530] {dag.py:4180} INFO - Setting next_dagrun for latest_only_with_trigger to 2025-03-31 00:00:00+00:00, run_after=2025-03-31 04:00:00+00:00
[2025-03-31T13:17:21.168+0530] {processor.py:208} INFO - Processing /home/pranav_shirali/airflow-project/airflow-env/lib/python3.10/site-packages/airflow/example_dags/example_latest_only_with_trigger.py took 0.060 seconds
