[2025-03-31T13:07:19.552+0530] {processor.py:186} INFO - Started process (PID=8376) to work on /home/pranav_shirali/airflow-project/airflow-env/lib/python3.10/site-packages/airflow/example_dags/example_python_operator.py
[2025-03-31T13:07:19.553+0530] {processor.py:914} INFO - Processing file /home/pranav_shirali/airflow-project/airflow-env/lib/python3.10/site-packages/airflow/example_dags/example_python_operator.py for tasks to queue
[2025-03-31T13:07:19.555+0530] {logging_mixin.py:190} INFO - [2025-03-31T13:07:19.555+0530] {dagbag.py:588} INFO - Filling up the DagBag from /home/pranav_shirali/airflow-project/airflow-env/lib/python3.10/site-packages/airflow/example_dags/example_python_operator.py
[2025-03-31T13:07:19.615+0530] {logging_mixin.py:190} INFO - [2025-03-31T13:07:19.614+0530] {example_python_operator.py:93} WARNING - The virtalenv_python example task requires virtualenv, please install it.
[2025-03-31T13:07:19.617+0530] {processor.py:925} INFO - DAG(s) 'example_python_operator' retrieved from /home/pranav_shirali/airflow-project/airflow-env/lib/python3.10/site-packages/airflow/example_dags/example_python_operator.py
[2025-03-31T13:07:19.636+0530] {logging_mixin.py:190} INFO - [2025-03-31T13:07:19.636+0530] {dag.py:3239} INFO - Sync 1 DAGs
[2025-03-31T13:07:19.646+0530] {logging_mixin.py:190} INFO - [2025-03-31T13:07:19.646+0530] {dag.py:4180} INFO - Setting next_dagrun for example_python_operator to None, run_after=None
[2025-03-31T13:07:19.663+0530] {processor.py:208} INFO - Processing /home/pranav_shirali/airflow-project/airflow-env/lib/python3.10/site-packages/airflow/example_dags/example_python_operator.py took 0.119 seconds
[2025-03-31T13:08:25.532+0530] {processor.py:186} INFO - Started process (PID=8808) to work on /home/pranav_shirali/airflow-project/airflow-env/lib/python3.10/site-packages/airflow/example_dags/example_python_operator.py
[2025-03-31T13:08:25.538+0530] {processor.py:914} INFO - Processing file /home/pranav_shirali/airflow-project/airflow-env/lib/python3.10/site-packages/airflow/example_dags/example_python_operator.py for tasks to queue
[2025-03-31T13:08:25.539+0530] {logging_mixin.py:190} INFO - [2025-03-31T13:08:25.539+0530] {dagbag.py:588} INFO - Filling up the DagBag from /home/pranav_shirali/airflow-project/airflow-env/lib/python3.10/site-packages/airflow/example_dags/example_python_operator.py
[2025-03-31T13:08:25.592+0530] {logging_mixin.py:190} INFO - [2025-03-31T13:08:25.592+0530] {example_python_operator.py:93} WARNING - The virtalenv_python example task requires virtualenv, please install it.
[2025-03-31T13:08:25.594+0530] {processor.py:925} INFO - DAG(s) 'example_python_operator' retrieved from /home/pranav_shirali/airflow-project/airflow-env/lib/python3.10/site-packages/airflow/example_dags/example_python_operator.py
[2025-03-31T13:08:25.607+0530] {logging_mixin.py:190} INFO - [2025-03-31T13:08:25.607+0530] {dag.py:3239} INFO - Sync 1 DAGs
[2025-03-31T13:08:25.617+0530] {logging_mixin.py:190} INFO - [2025-03-31T13:08:25.617+0530] {dag.py:4180} INFO - Setting next_dagrun for example_python_operator to None, run_after=None
[2025-03-31T13:08:25.632+0530] {processor.py:208} INFO - Processing /home/pranav_shirali/airflow-project/airflow-env/lib/python3.10/site-packages/airflow/example_dags/example_python_operator.py took 0.103 seconds
[2025-03-31T13:09:23.281+0530] {processor.py:186} INFO - Started process (PID=9149) to work on /home/pranav_shirali/airflow-project/airflow-env/lib/python3.10/site-packages/airflow/example_dags/example_python_operator.py
[2025-03-31T13:09:23.282+0530] {processor.py:914} INFO - Processing file /home/pranav_shirali/airflow-project/airflow-env/lib/python3.10/site-packages/airflow/example_dags/example_python_operator.py for tasks to queue
[2025-03-31T13:09:23.283+0530] {logging_mixin.py:190} INFO - [2025-03-31T13:09:23.283+0530] {dagbag.py:588} INFO - Filling up the DagBag from /home/pranav_shirali/airflow-project/airflow-env/lib/python3.10/site-packages/airflow/example_dags/example_python_operator.py
[2025-03-31T13:09:23.335+0530] {logging_mixin.py:190} INFO - [2025-03-31T13:09:23.335+0530] {example_python_operator.py:93} WARNING - The virtalenv_python example task requires virtualenv, please install it.
[2025-03-31T13:09:23.338+0530] {processor.py:925} INFO - DAG(s) 'example_python_operator' retrieved from /home/pranav_shirali/airflow-project/airflow-env/lib/python3.10/site-packages/airflow/example_dags/example_python_operator.py
[2025-03-31T13:09:23.349+0530] {logging_mixin.py:190} INFO - [2025-03-31T13:09:23.348+0530] {dag.py:3239} INFO - Sync 1 DAGs
[2025-03-31T13:09:23.358+0530] {logging_mixin.py:190} INFO - [2025-03-31T13:09:23.357+0530] {dag.py:4180} INFO - Setting next_dagrun for example_python_operator to None, run_after=None
[2025-03-31T13:09:23.372+0530] {processor.py:208} INFO - Processing /home/pranav_shirali/airflow-project/airflow-env/lib/python3.10/site-packages/airflow/example_dags/example_python_operator.py took 0.095 seconds
[2025-03-31T13:10:21.901+0530] {processor.py:186} INFO - Started process (PID=9374) to work on /home/pranav_shirali/airflow-project/airflow-env/lib/python3.10/site-packages/airflow/example_dags/example_python_operator.py
[2025-03-31T13:10:21.902+0530] {processor.py:914} INFO - Processing file /home/pranav_shirali/airflow-project/airflow-env/lib/python3.10/site-packages/airflow/example_dags/example_python_operator.py for tasks to queue
[2025-03-31T13:10:21.904+0530] {logging_mixin.py:190} INFO - [2025-03-31T13:10:21.904+0530] {dagbag.py:588} INFO - Filling up the DagBag from /home/pranav_shirali/airflow-project/airflow-env/lib/python3.10/site-packages/airflow/example_dags/example_python_operator.py
[2025-03-31T13:10:22.030+0530] {logging_mixin.py:190} INFO - [2025-03-31T13:10:22.030+0530] {example_python_operator.py:93} WARNING - The virtalenv_python example task requires virtualenv, please install it.
[2025-03-31T13:10:22.033+0530] {processor.py:925} INFO - DAG(s) 'example_python_operator' retrieved from /home/pranav_shirali/airflow-project/airflow-env/lib/python3.10/site-packages/airflow/example_dags/example_python_operator.py
[2025-03-31T13:10:22.049+0530] {logging_mixin.py:190} INFO - [2025-03-31T13:10:22.049+0530] {dag.py:3239} INFO - Sync 1 DAGs
[2025-03-31T13:10:22.059+0530] {logging_mixin.py:190} INFO - [2025-03-31T13:10:22.059+0530] {dag.py:4180} INFO - Setting next_dagrun for example_python_operator to None, run_after=None
[2025-03-31T13:10:22.078+0530] {processor.py:208} INFO - Processing /home/pranav_shirali/airflow-project/airflow-env/lib/python3.10/site-packages/airflow/example_dags/example_python_operator.py took 0.182 seconds
[2025-03-31T13:11:16.824+0530] {processor.py:186} INFO - Started process (PID=9579) to work on /home/pranav_shirali/airflow-project/airflow-env/lib/python3.10/site-packages/airflow/example_dags/example_python_operator.py
[2025-03-31T13:11:16.827+0530] {processor.py:914} INFO - Processing file /home/pranav_shirali/airflow-project/airflow-env/lib/python3.10/site-packages/airflow/example_dags/example_python_operator.py for tasks to queue
[2025-03-31T13:11:16.829+0530] {logging_mixin.py:190} INFO - [2025-03-31T13:11:16.829+0530] {dagbag.py:588} INFO - Filling up the DagBag from /home/pranav_shirali/airflow-project/airflow-env/lib/python3.10/site-packages/airflow/example_dags/example_python_operator.py
[2025-03-31T13:11:16.892+0530] {logging_mixin.py:190} INFO - [2025-03-31T13:11:16.892+0530] {example_python_operator.py:93} WARNING - The virtalenv_python example task requires virtualenv, please install it.
[2025-03-31T13:11:16.894+0530] {processor.py:925} INFO - DAG(s) 'example_python_operator' retrieved from /home/pranav_shirali/airflow-project/airflow-env/lib/python3.10/site-packages/airflow/example_dags/example_python_operator.py
[2025-03-31T13:11:16.907+0530] {logging_mixin.py:190} INFO - [2025-03-31T13:11:16.907+0530] {dag.py:3239} INFO - Sync 1 DAGs
[2025-03-31T13:11:16.915+0530] {logging_mixin.py:190} INFO - [2025-03-31T13:11:16.915+0530] {dag.py:4180} INFO - Setting next_dagrun for example_python_operator to None, run_after=None
[2025-03-31T13:11:16.931+0530] {processor.py:208} INFO - Processing /home/pranav_shirali/airflow-project/airflow-env/lib/python3.10/site-packages/airflow/example_dags/example_python_operator.py took 0.112 seconds
[2025-03-31T13:12:10.698+0530] {processor.py:186} INFO - Started process (PID=9825) to work on /home/pranav_shirali/airflow-project/airflow-env/lib/python3.10/site-packages/airflow/example_dags/example_python_operator.py
[2025-03-31T13:12:10.700+0530] {processor.py:914} INFO - Processing file /home/pranav_shirali/airflow-project/airflow-env/lib/python3.10/site-packages/airflow/example_dags/example_python_operator.py for tasks to queue
[2025-03-31T13:12:10.701+0530] {logging_mixin.py:190} INFO - [2025-03-31T13:12:10.701+0530] {dagbag.py:588} INFO - Filling up the DagBag from /home/pranav_shirali/airflow-project/airflow-env/lib/python3.10/site-packages/airflow/example_dags/example_python_operator.py
[2025-03-31T13:12:10.761+0530] {logging_mixin.py:190} INFO - [2025-03-31T13:12:10.760+0530] {example_python_operator.py:93} WARNING - The virtalenv_python example task requires virtualenv, please install it.
[2025-03-31T13:12:10.763+0530] {processor.py:925} INFO - DAG(s) 'example_python_operator' retrieved from /home/pranav_shirali/airflow-project/airflow-env/lib/python3.10/site-packages/airflow/example_dags/example_python_operator.py
[2025-03-31T13:12:10.775+0530] {logging_mixin.py:190} INFO - [2025-03-31T13:12:10.775+0530] {dag.py:3239} INFO - Sync 1 DAGs
[2025-03-31T13:12:10.786+0530] {logging_mixin.py:190} INFO - [2025-03-31T13:12:10.785+0530] {dag.py:4180} INFO - Setting next_dagrun for example_python_operator to None, run_after=None
[2025-03-31T13:12:10.801+0530] {processor.py:208} INFO - Processing /home/pranav_shirali/airflow-project/airflow-env/lib/python3.10/site-packages/airflow/example_dags/example_python_operator.py took 0.107 seconds
[2025-03-31T13:13:04.924+0530] {processor.py:186} INFO - Started process (PID=10037) to work on /home/pranav_shirali/airflow-project/airflow-env/lib/python3.10/site-packages/airflow/example_dags/example_python_operator.py
[2025-03-31T13:13:04.925+0530] {processor.py:914} INFO - Processing file /home/pranav_shirali/airflow-project/airflow-env/lib/python3.10/site-packages/airflow/example_dags/example_python_operator.py for tasks to queue
[2025-03-31T13:13:04.926+0530] {logging_mixin.py:190} INFO - [2025-03-31T13:13:04.926+0530] {dagbag.py:588} INFO - Filling up the DagBag from /home/pranav_shirali/airflow-project/airflow-env/lib/python3.10/site-packages/airflow/example_dags/example_python_operator.py
[2025-03-31T13:13:04.981+0530] {logging_mixin.py:190} INFO - [2025-03-31T13:13:04.980+0530] {example_python_operator.py:93} WARNING - The virtalenv_python example task requires virtualenv, please install it.
[2025-03-31T13:13:04.983+0530] {processor.py:925} INFO - DAG(s) 'example_python_operator' retrieved from /home/pranav_shirali/airflow-project/airflow-env/lib/python3.10/site-packages/airflow/example_dags/example_python_operator.py
[2025-03-31T13:13:04.995+0530] {logging_mixin.py:190} INFO - [2025-03-31T13:13:04.995+0530] {dag.py:3239} INFO - Sync 1 DAGs
[2025-03-31T13:13:05.003+0530] {logging_mixin.py:190} INFO - [2025-03-31T13:13:05.003+0530] {dag.py:4180} INFO - Setting next_dagrun for example_python_operator to None, run_after=None
[2025-03-31T13:13:05.024+0530] {processor.py:208} INFO - Processing /home/pranav_shirali/airflow-project/airflow-env/lib/python3.10/site-packages/airflow/example_dags/example_python_operator.py took 0.103 seconds
[2025-03-31T13:14:01.601+0530] {processor.py:186} INFO - Started process (PID=10518) to work on /home/pranav_shirali/airflow-project/airflow-env/lib/python3.10/site-packages/airflow/example_dags/example_python_operator.py
[2025-03-31T13:14:01.602+0530] {processor.py:914} INFO - Processing file /home/pranav_shirali/airflow-project/airflow-env/lib/python3.10/site-packages/airflow/example_dags/example_python_operator.py for tasks to queue
[2025-03-31T13:14:01.603+0530] {logging_mixin.py:190} INFO - [2025-03-31T13:14:01.603+0530] {dagbag.py:588} INFO - Filling up the DagBag from /home/pranav_shirali/airflow-project/airflow-env/lib/python3.10/site-packages/airflow/example_dags/example_python_operator.py
[2025-03-31T13:14:01.658+0530] {logging_mixin.py:190} INFO - [2025-03-31T13:14:01.658+0530] {example_python_operator.py:93} WARNING - The virtalenv_python example task requires virtualenv, please install it.
[2025-03-31T13:14:01.660+0530] {processor.py:925} INFO - DAG(s) 'example_python_operator' retrieved from /home/pranav_shirali/airflow-project/airflow-env/lib/python3.10/site-packages/airflow/example_dags/example_python_operator.py
[2025-03-31T13:14:01.672+0530] {logging_mixin.py:190} INFO - [2025-03-31T13:14:01.672+0530] {dag.py:3239} INFO - Sync 1 DAGs
[2025-03-31T13:14:01.681+0530] {logging_mixin.py:190} INFO - [2025-03-31T13:14:01.681+0530] {dag.py:4180} INFO - Setting next_dagrun for example_python_operator to None, run_after=None
[2025-03-31T13:14:01.698+0530] {processor.py:208} INFO - Processing /home/pranav_shirali/airflow-project/airflow-env/lib/python3.10/site-packages/airflow/example_dags/example_python_operator.py took 0.101 seconds
[2025-03-31T13:14:57.599+0530] {processor.py:186} INFO - Started process (PID=11072) to work on /home/pranav_shirali/airflow-project/airflow-env/lib/python3.10/site-packages/airflow/example_dags/example_python_operator.py
[2025-03-31T13:14:57.601+0530] {processor.py:914} INFO - Processing file /home/pranav_shirali/airflow-project/airflow-env/lib/python3.10/site-packages/airflow/example_dags/example_python_operator.py for tasks to queue
[2025-03-31T13:14:57.603+0530] {logging_mixin.py:190} INFO - [2025-03-31T13:14:57.603+0530] {dagbag.py:588} INFO - Filling up the DagBag from /home/pranav_shirali/airflow-project/airflow-env/lib/python3.10/site-packages/airflow/example_dags/example_python_operator.py
[2025-03-31T13:14:57.665+0530] {logging_mixin.py:190} INFO - [2025-03-31T13:14:57.665+0530] {example_python_operator.py:93} WARNING - The virtalenv_python example task requires virtualenv, please install it.
[2025-03-31T13:14:57.667+0530] {processor.py:925} INFO - DAG(s) 'example_python_operator' retrieved from /home/pranav_shirali/airflow-project/airflow-env/lib/python3.10/site-packages/airflow/example_dags/example_python_operator.py
[2025-03-31T13:14:57.677+0530] {logging_mixin.py:190} INFO - [2025-03-31T13:14:57.677+0530] {dag.py:3239} INFO - Sync 1 DAGs
[2025-03-31T13:14:57.686+0530] {logging_mixin.py:190} INFO - [2025-03-31T13:14:57.686+0530] {dag.py:4180} INFO - Setting next_dagrun for example_python_operator to None, run_after=None
[2025-03-31T13:14:57.699+0530] {processor.py:208} INFO - Processing /home/pranav_shirali/airflow-project/airflow-env/lib/python3.10/site-packages/airflow/example_dags/example_python_operator.py took 0.105 seconds
[2025-03-31T13:16:00.910+0530] {processor.py:186} INFO - Started process (PID=11698) to work on /home/pranav_shirali/airflow-project/airflow-env/lib/python3.10/site-packages/airflow/example_dags/example_python_operator.py
[2025-03-31T13:16:00.911+0530] {processor.py:914} INFO - Processing file /home/pranav_shirali/airflow-project/airflow-env/lib/python3.10/site-packages/airflow/example_dags/example_python_operator.py for tasks to queue
[2025-03-31T13:16:00.913+0530] {logging_mixin.py:190} INFO - [2025-03-31T13:16:00.913+0530] {dagbag.py:588} INFO - Filling up the DagBag from /home/pranav_shirali/airflow-project/airflow-env/lib/python3.10/site-packages/airflow/example_dags/example_python_operator.py
[2025-03-31T13:16:00.984+0530] {logging_mixin.py:190} INFO - [2025-03-31T13:16:00.983+0530] {example_python_operator.py:93} WARNING - The virtalenv_python example task requires virtualenv, please install it.
[2025-03-31T13:16:00.986+0530] {processor.py:925} INFO - DAG(s) 'example_python_operator' retrieved from /home/pranav_shirali/airflow-project/airflow-env/lib/python3.10/site-packages/airflow/example_dags/example_python_operator.py
[2025-03-31T13:16:01.001+0530] {logging_mixin.py:190} INFO - [2025-03-31T13:16:01.001+0530] {dag.py:3239} INFO - Sync 1 DAGs
[2025-03-31T13:16:01.011+0530] {logging_mixin.py:190} INFO - [2025-03-31T13:16:01.010+0530] {dag.py:4180} INFO - Setting next_dagrun for example_python_operator to None, run_after=None
[2025-03-31T13:16:01.026+0530] {processor.py:208} INFO - Processing /home/pranav_shirali/airflow-project/airflow-env/lib/python3.10/site-packages/airflow/example_dags/example_python_operator.py took 0.122 seconds
[2025-03-31T13:16:59.879+0530] {processor.py:186} INFO - Started process (PID=12218) to work on /home/pranav_shirali/airflow-project/airflow-env/lib/python3.10/site-packages/airflow/example_dags/example_python_operator.py
[2025-03-31T13:16:59.880+0530] {processor.py:914} INFO - Processing file /home/pranav_shirali/airflow-project/airflow-env/lib/python3.10/site-packages/airflow/example_dags/example_python_operator.py for tasks to queue
[2025-03-31T13:16:59.881+0530] {logging_mixin.py:190} INFO - [2025-03-31T13:16:59.881+0530] {dagbag.py:588} INFO - Filling up the DagBag from /home/pranav_shirali/airflow-project/airflow-env/lib/python3.10/site-packages/airflow/example_dags/example_python_operator.py
[2025-03-31T13:16:59.936+0530] {logging_mixin.py:190} INFO - [2025-03-31T13:16:59.936+0530] {example_python_operator.py:93} WARNING - The virtalenv_python example task requires virtualenv, please install it.
[2025-03-31T13:16:59.938+0530] {processor.py:925} INFO - DAG(s) 'example_python_operator' retrieved from /home/pranav_shirali/airflow-project/airflow-env/lib/python3.10/site-packages/airflow/example_dags/example_python_operator.py
[2025-03-31T13:16:59.951+0530] {logging_mixin.py:190} INFO - [2025-03-31T13:16:59.950+0530] {dag.py:3239} INFO - Sync 1 DAGs
[2025-03-31T13:16:59.960+0530] {logging_mixin.py:190} INFO - [2025-03-31T13:16:59.960+0530] {dag.py:4180} INFO - Setting next_dagrun for example_python_operator to None, run_after=None
[2025-03-31T13:16:59.976+0530] {processor.py:208} INFO - Processing /home/pranav_shirali/airflow-project/airflow-env/lib/python3.10/site-packages/airflow/example_dags/example_python_operator.py took 0.102 seconds
