[2025-03-31T13:07:02.537+0530] {processor.py:186} INFO - Started process (PID=8235) to work on /home/pranav_shirali/airflow-project/airflow-env/lib/python3.10/site-packages/airflow/example_dags/example_task_group.py
[2025-03-31T13:07:02.538+0530] {processor.py:914} INFO - Processing file /home/pranav_shirali/airflow-project/airflow-env/lib/python3.10/site-packages/airflow/example_dags/example_task_group.py for tasks to queue
[2025-03-31T13:07:02.540+0530] {logging_mixin.py:190} INFO - [2025-03-31T13:07:02.539+0530] {dagbag.py:588} INFO - Filling up the DagBag from /home/pranav_shirali/airflow-project/airflow-env/lib/python3.10/site-packages/airflow/example_dags/example_task_group.py
[2025-03-31T13:07:02.546+0530] {processor.py:925} INFO - DAG(s) 'example_task_group' retrieved from /home/pranav_shirali/airflow-project/airflow-env/lib/python3.10/site-packages/airflow/example_dags/example_task_group.py
[2025-03-31T13:07:02.560+0530] {logging_mixin.py:190} INFO - [2025-03-31T13:07:02.560+0530] {dag.py:3239} INFO - Sync 1 DAGs
[2025-03-31T13:07:02.570+0530] {logging_mixin.py:190} INFO - [2025-03-31T13:07:02.569+0530] {dag.py:4180} INFO - Setting next_dagrun for example_task_group to None, run_after=None
[2025-03-31T13:07:02.585+0530] {processor.py:208} INFO - Processing /home/pranav_shirali/airflow-project/airflow-env/lib/python3.10/site-packages/airflow/example_dags/example_task_group.py took 0.051 seconds
[2025-03-31T13:08:03.580+0530] {processor.py:186} INFO - Started process (PID=8661) to work on /home/pranav_shirali/airflow-project/airflow-env/lib/python3.10/site-packages/airflow/example_dags/example_task_group.py
[2025-03-31T13:08:03.583+0530] {processor.py:914} INFO - Processing file /home/pranav_shirali/airflow-project/airflow-env/lib/python3.10/site-packages/airflow/example_dags/example_task_group.py for tasks to queue
[2025-03-31T13:08:03.584+0530] {logging_mixin.py:190} INFO - [2025-03-31T13:08:03.584+0530] {dagbag.py:588} INFO - Filling up the DagBag from /home/pranav_shirali/airflow-project/airflow-env/lib/python3.10/site-packages/airflow/example_dags/example_task_group.py
[2025-03-31T13:08:03.591+0530] {processor.py:925} INFO - DAG(s) 'example_task_group' retrieved from /home/pranav_shirali/airflow-project/airflow-env/lib/python3.10/site-packages/airflow/example_dags/example_task_group.py
[2025-03-31T13:08:03.604+0530] {logging_mixin.py:190} INFO - [2025-03-31T13:08:03.604+0530] {dag.py:3239} INFO - Sync 1 DAGs
[2025-03-31T13:08:03.614+0530] {logging_mixin.py:190} INFO - [2025-03-31T13:08:03.614+0530] {dag.py:4180} INFO - Setting next_dagrun for example_task_group to None, run_after=None
[2025-03-31T13:08:03.628+0530] {processor.py:208} INFO - Processing /home/pranav_shirali/airflow-project/airflow-env/lib/python3.10/site-packages/airflow/example_dags/example_task_group.py took 0.052 seconds
[2025-03-31T13:09:04.464+0530] {processor.py:186} INFO - Started process (PID=9076) to work on /home/pranav_shirali/airflow-project/airflow-env/lib/python3.10/site-packages/airflow/example_dags/example_task_group.py
[2025-03-31T13:09:04.465+0530] {processor.py:914} INFO - Processing file /home/pranav_shirali/airflow-project/airflow-env/lib/python3.10/site-packages/airflow/example_dags/example_task_group.py for tasks to queue
[2025-03-31T13:09:04.467+0530] {logging_mixin.py:190} INFO - [2025-03-31T13:09:04.466+0530] {dagbag.py:588} INFO - Filling up the DagBag from /home/pranav_shirali/airflow-project/airflow-env/lib/python3.10/site-packages/airflow/example_dags/example_task_group.py
[2025-03-31T13:09:04.474+0530] {processor.py:925} INFO - DAG(s) 'example_task_group' retrieved from /home/pranav_shirali/airflow-project/airflow-env/lib/python3.10/site-packages/airflow/example_dags/example_task_group.py
[2025-03-31T13:09:04.485+0530] {logging_mixin.py:190} INFO - [2025-03-31T13:09:04.485+0530] {dag.py:3239} INFO - Sync 1 DAGs
[2025-03-31T13:09:04.495+0530] {logging_mixin.py:190} INFO - [2025-03-31T13:09:04.494+0530] {dag.py:4180} INFO - Setting next_dagrun for example_task_group to None, run_after=None
[2025-03-31T13:09:04.510+0530] {processor.py:208} INFO - Processing /home/pranav_shirali/airflow-project/airflow-env/lib/python3.10/site-packages/airflow/example_dags/example_task_group.py took 0.050 seconds
[2025-03-31T13:10:02.775+0530] {processor.py:186} INFO - Started process (PID=9294) to work on /home/pranav_shirali/airflow-project/airflow-env/lib/python3.10/site-packages/airflow/example_dags/example_task_group.py
[2025-03-31T13:10:02.777+0530] {processor.py:914} INFO - Processing file /home/pranav_shirali/airflow-project/airflow-env/lib/python3.10/site-packages/airflow/example_dags/example_task_group.py for tasks to queue
[2025-03-31T13:10:02.778+0530] {logging_mixin.py:190} INFO - [2025-03-31T13:10:02.778+0530] {dagbag.py:588} INFO - Filling up the DagBag from /home/pranav_shirali/airflow-project/airflow-env/lib/python3.10/site-packages/airflow/example_dags/example_task_group.py
[2025-03-31T13:10:02.784+0530] {processor.py:925} INFO - DAG(s) 'example_task_group' retrieved from /home/pranav_shirali/airflow-project/airflow-env/lib/python3.10/site-packages/airflow/example_dags/example_task_group.py
[2025-03-31T13:10:02.797+0530] {logging_mixin.py:190} INFO - [2025-03-31T13:10:02.797+0530] {dag.py:3239} INFO - Sync 1 DAGs
[2025-03-31T13:10:02.806+0530] {logging_mixin.py:190} INFO - [2025-03-31T13:10:02.806+0530] {dag.py:4180} INFO - Setting next_dagrun for example_task_group to None, run_after=None
[2025-03-31T13:10:02.821+0530] {processor.py:208} INFO - Processing /home/pranav_shirali/airflow-project/airflow-env/lib/python3.10/site-packages/airflow/example_dags/example_task_group.py took 0.050 seconds
[2025-03-31T13:11:00.949+0530] {processor.py:186} INFO - Started process (PID=9519) to work on /home/pranav_shirali/airflow-project/airflow-env/lib/python3.10/site-packages/airflow/example_dags/example_task_group.py
[2025-03-31T13:11:00.950+0530] {processor.py:914} INFO - Processing file /home/pranav_shirali/airflow-project/airflow-env/lib/python3.10/site-packages/airflow/example_dags/example_task_group.py for tasks to queue
[2025-03-31T13:11:00.951+0530] {logging_mixin.py:190} INFO - [2025-03-31T13:11:00.951+0530] {dagbag.py:588} INFO - Filling up the DagBag from /home/pranav_shirali/airflow-project/airflow-env/lib/python3.10/site-packages/airflow/example_dags/example_task_group.py
[2025-03-31T13:11:00.958+0530] {processor.py:925} INFO - DAG(s) 'example_task_group' retrieved from /home/pranav_shirali/airflow-project/airflow-env/lib/python3.10/site-packages/airflow/example_dags/example_task_group.py
[2025-03-31T13:11:00.971+0530] {logging_mixin.py:190} INFO - [2025-03-31T13:11:00.971+0530] {dag.py:3239} INFO - Sync 1 DAGs
[2025-03-31T13:11:00.981+0530] {logging_mixin.py:190} INFO - [2025-03-31T13:11:00.980+0530] {dag.py:4180} INFO - Setting next_dagrun for example_task_group to None, run_after=None
[2025-03-31T13:11:00.997+0530] {processor.py:208} INFO - Processing /home/pranav_shirali/airflow-project/airflow-env/lib/python3.10/site-packages/airflow/example_dags/example_task_group.py took 0.053 seconds
[2025-03-31T13:11:52.401+0530] {processor.py:186} INFO - Started process (PID=9725) to work on /home/pranav_shirali/airflow-project/airflow-env/lib/python3.10/site-packages/airflow/example_dags/example_task_group.py
[2025-03-31T13:11:52.402+0530] {processor.py:914} INFO - Processing file /home/pranav_shirali/airflow-project/airflow-env/lib/python3.10/site-packages/airflow/example_dags/example_task_group.py for tasks to queue
[2025-03-31T13:11:52.404+0530] {logging_mixin.py:190} INFO - [2025-03-31T13:11:52.404+0530] {dagbag.py:588} INFO - Filling up the DagBag from /home/pranav_shirali/airflow-project/airflow-env/lib/python3.10/site-packages/airflow/example_dags/example_task_group.py
[2025-03-31T13:11:52.412+0530] {processor.py:925} INFO - DAG(s) 'example_task_group' retrieved from /home/pranav_shirali/airflow-project/airflow-env/lib/python3.10/site-packages/airflow/example_dags/example_task_group.py
[2025-03-31T13:11:52.427+0530] {logging_mixin.py:190} INFO - [2025-03-31T13:11:52.427+0530] {dag.py:3239} INFO - Sync 1 DAGs
[2025-03-31T13:11:52.439+0530] {logging_mixin.py:190} INFO - [2025-03-31T13:11:52.438+0530] {dag.py:4180} INFO - Setting next_dagrun for example_task_group to None, run_after=None
[2025-03-31T13:11:52.457+0530] {processor.py:208} INFO - Processing /home/pranav_shirali/airflow-project/airflow-env/lib/python3.10/site-packages/airflow/example_dags/example_task_group.py took 0.060 seconds
[2025-03-31T13:12:44.353+0530] {processor.py:186} INFO - Started process (PID=9951) to work on /home/pranav_shirali/airflow-project/airflow-env/lib/python3.10/site-packages/airflow/example_dags/example_task_group.py
[2025-03-31T13:12:44.355+0530] {processor.py:914} INFO - Processing file /home/pranav_shirali/airflow-project/airflow-env/lib/python3.10/site-packages/airflow/example_dags/example_task_group.py for tasks to queue
[2025-03-31T13:12:44.357+0530] {logging_mixin.py:190} INFO - [2025-03-31T13:12:44.357+0530] {dagbag.py:588} INFO - Filling up the DagBag from /home/pranav_shirali/airflow-project/airflow-env/lib/python3.10/site-packages/airflow/example_dags/example_task_group.py
[2025-03-31T13:12:44.364+0530] {processor.py:925} INFO - DAG(s) 'example_task_group' retrieved from /home/pranav_shirali/airflow-project/airflow-env/lib/python3.10/site-packages/airflow/example_dags/example_task_group.py
[2025-03-31T13:12:44.375+0530] {logging_mixin.py:190} INFO - [2025-03-31T13:12:44.375+0530] {dag.py:3239} INFO - Sync 1 DAGs
[2025-03-31T13:12:44.383+0530] {logging_mixin.py:190} INFO - [2025-03-31T13:12:44.383+0530] {dag.py:4180} INFO - Setting next_dagrun for example_task_group to None, run_after=None
[2025-03-31T13:12:44.400+0530] {processor.py:208} INFO - Processing /home/pranav_shirali/airflow-project/airflow-env/lib/python3.10/site-packages/airflow/example_dags/example_task_group.py took 0.051 seconds
[2025-03-31T13:13:39.165+0530] {processor.py:186} INFO - Started process (PID=10410) to work on /home/pranav_shirali/airflow-project/airflow-env/lib/python3.10/site-packages/airflow/example_dags/example_task_group.py
[2025-03-31T13:13:39.167+0530] {processor.py:914} INFO - Processing file /home/pranav_shirali/airflow-project/airflow-env/lib/python3.10/site-packages/airflow/example_dags/example_task_group.py for tasks to queue
[2025-03-31T13:13:39.168+0530] {logging_mixin.py:190} INFO - [2025-03-31T13:13:39.168+0530] {dagbag.py:588} INFO - Filling up the DagBag from /home/pranav_shirali/airflow-project/airflow-env/lib/python3.10/site-packages/airflow/example_dags/example_task_group.py
[2025-03-31T13:13:39.174+0530] {processor.py:925} INFO - DAG(s) 'example_task_group' retrieved from /home/pranav_shirali/airflow-project/airflow-env/lib/python3.10/site-packages/airflow/example_dags/example_task_group.py
[2025-03-31T13:13:39.185+0530] {logging_mixin.py:190} INFO - [2025-03-31T13:13:39.185+0530] {dag.py:3239} INFO - Sync 1 DAGs
[2025-03-31T13:13:39.192+0530] {logging_mixin.py:190} INFO - [2025-03-31T13:13:39.192+0530] {dag.py:4180} INFO - Setting next_dagrun for example_task_group to None, run_after=None
[2025-03-31T13:13:39.205+0530] {processor.py:208} INFO - Processing /home/pranav_shirali/airflow-project/airflow-env/lib/python3.10/site-packages/airflow/example_dags/example_task_group.py took 0.043 seconds
[2025-03-31T13:14:35.194+0530] {processor.py:186} INFO - Started process (PID=10855) to work on /home/pranav_shirali/airflow-project/airflow-env/lib/python3.10/site-packages/airflow/example_dags/example_task_group.py
[2025-03-31T13:14:35.196+0530] {processor.py:914} INFO - Processing file /home/pranav_shirali/airflow-project/airflow-env/lib/python3.10/site-packages/airflow/example_dags/example_task_group.py for tasks to queue
[2025-03-31T13:14:35.198+0530] {logging_mixin.py:190} INFO - [2025-03-31T13:14:35.197+0530] {dagbag.py:588} INFO - Filling up the DagBag from /home/pranav_shirali/airflow-project/airflow-env/lib/python3.10/site-packages/airflow/example_dags/example_task_group.py
[2025-03-31T13:14:35.205+0530] {processor.py:925} INFO - DAG(s) 'example_task_group' retrieved from /home/pranav_shirali/airflow-project/airflow-env/lib/python3.10/site-packages/airflow/example_dags/example_task_group.py
[2025-03-31T13:14:35.219+0530] {logging_mixin.py:190} INFO - [2025-03-31T13:14:35.219+0530] {dag.py:3239} INFO - Sync 1 DAGs
[2025-03-31T13:14:35.228+0530] {logging_mixin.py:190} INFO - [2025-03-31T13:14:35.228+0530] {dag.py:4180} INFO - Setting next_dagrun for example_task_group to None, run_after=None
[2025-03-31T13:14:35.245+0530] {processor.py:208} INFO - Processing /home/pranav_shirali/airflow-project/airflow-env/lib/python3.10/site-packages/airflow/example_dags/example_task_group.py took 0.056 seconds
[2025-03-31T13:15:34.124+0530] {processor.py:186} INFO - Started process (PID=11450) to work on /home/pranav_shirali/airflow-project/airflow-env/lib/python3.10/site-packages/airflow/example_dags/example_task_group.py
[2025-03-31T13:15:34.126+0530] {processor.py:914} INFO - Processing file /home/pranav_shirali/airflow-project/airflow-env/lib/python3.10/site-packages/airflow/example_dags/example_task_group.py for tasks to queue
[2025-03-31T13:15:34.127+0530] {logging_mixin.py:190} INFO - [2025-03-31T13:15:34.127+0530] {dagbag.py:588} INFO - Filling up the DagBag from /home/pranav_shirali/airflow-project/airflow-env/lib/python3.10/site-packages/airflow/example_dags/example_task_group.py
[2025-03-31T13:15:34.134+0530] {processor.py:925} INFO - DAG(s) 'example_task_group' retrieved from /home/pranav_shirali/airflow-project/airflow-env/lib/python3.10/site-packages/airflow/example_dags/example_task_group.py
[2025-03-31T13:15:34.152+0530] {logging_mixin.py:190} INFO - [2025-03-31T13:15:34.152+0530] {dag.py:3239} INFO - Sync 1 DAGs
[2025-03-31T13:15:34.163+0530] {logging_mixin.py:190} INFO - [2025-03-31T13:15:34.163+0530] {dag.py:4180} INFO - Setting next_dagrun for example_task_group to None, run_after=None
[2025-03-31T13:15:34.184+0530] {processor.py:208} INFO - Processing /home/pranav_shirali/airflow-project/airflow-env/lib/python3.10/site-packages/airflow/example_dags/example_task_group.py took 0.064 seconds
[2025-03-31T13:16:37.377+0530] {processor.py:186} INFO - Started process (PID=12104) to work on /home/pranav_shirali/airflow-project/airflow-env/lib/python3.10/site-packages/airflow/example_dags/example_task_group.py
[2025-03-31T13:16:37.379+0530] {processor.py:914} INFO - Processing file /home/pranav_shirali/airflow-project/airflow-env/lib/python3.10/site-packages/airflow/example_dags/example_task_group.py for tasks to queue
[2025-03-31T13:16:37.380+0530] {logging_mixin.py:190} INFO - [2025-03-31T13:16:37.380+0530] {dagbag.py:588} INFO - Filling up the DagBag from /home/pranav_shirali/airflow-project/airflow-env/lib/python3.10/site-packages/airflow/example_dags/example_task_group.py
[2025-03-31T13:16:37.389+0530] {processor.py:925} INFO - DAG(s) 'example_task_group' retrieved from /home/pranav_shirali/airflow-project/airflow-env/lib/python3.10/site-packages/airflow/example_dags/example_task_group.py
[2025-03-31T13:16:37.405+0530] {logging_mixin.py:190} INFO - [2025-03-31T13:16:37.405+0530] {dag.py:3239} INFO - Sync 1 DAGs
[2025-03-31T13:16:37.416+0530] {logging_mixin.py:190} INFO - [2025-03-31T13:16:37.416+0530] {dag.py:4180} INFO - Setting next_dagrun for example_task_group to None, run_after=None
[2025-03-31T13:16:37.434+0530] {processor.py:208} INFO - Processing /home/pranav_shirali/airflow-project/airflow-env/lib/python3.10/site-packages/airflow/example_dags/example_task_group.py took 0.063 seconds
[2025-03-31T13:17:32.468+0530] {processor.py:186} INFO - Started process (PID=12486) to work on /home/pranav_shirali/airflow-project/airflow-env/lib/python3.10/site-packages/airflow/example_dags/example_task_group.py
[2025-03-31T13:17:32.470+0530] {processor.py:914} INFO - Processing file /home/pranav_shirali/airflow-project/airflow-env/lib/python3.10/site-packages/airflow/example_dags/example_task_group.py for tasks to queue
[2025-03-31T13:17:32.472+0530] {logging_mixin.py:190} INFO - [2025-03-31T13:17:32.471+0530] {dagbag.py:588} INFO - Filling up the DagBag from /home/pranav_shirali/airflow-project/airflow-env/lib/python3.10/site-packages/airflow/example_dags/example_task_group.py
[2025-03-31T13:17:32.478+0530] {processor.py:925} INFO - DAG(s) 'example_task_group' retrieved from /home/pranav_shirali/airflow-project/airflow-env/lib/python3.10/site-packages/airflow/example_dags/example_task_group.py
[2025-03-31T13:17:32.489+0530] {logging_mixin.py:190} INFO - [2025-03-31T13:17:32.489+0530] {dag.py:3239} INFO - Sync 1 DAGs
[2025-03-31T13:17:32.497+0530] {logging_mixin.py:190} INFO - [2025-03-31T13:17:32.497+0530] {dag.py:4180} INFO - Setting next_dagrun for example_task_group to None, run_after=None
[2025-03-31T13:17:32.511+0530] {processor.py:208} INFO - Processing /home/pranav_shirali/airflow-project/airflow-env/lib/python3.10/site-packages/airflow/example_dags/example_task_group.py took 0.048 seconds
