[2025-03-31T13:07:09.154+0530] {processor.py:186} INFO - Started process (PID=8282) to work on /home/pranav_shirali/airflow-project/airflow-env/lib/python3.10/site-packages/airflow/example_dags/example_xcom.py
[2025-03-31T13:07:09.155+0530] {processor.py:914} INFO - Processing file /home/pranav_shirali/airflow-project/airflow-env/lib/python3.10/site-packages/airflow/example_dags/example_xcom.py for tasks to queue
[2025-03-31T13:07:09.156+0530] {logging_mixin.py:190} INFO - [2025-03-31T13:07:09.156+0530] {dagbag.py:588} INFO - Filling up the DagBag from /home/pranav_shirali/airflow-project/airflow-env/lib/python3.10/site-packages/airflow/example_dags/example_xcom.py
[2025-03-31T13:07:09.163+0530] {processor.py:925} INFO - DAG(s) 'example_xcom' retrieved from /home/pranav_shirali/airflow-project/airflow-env/lib/python3.10/site-packages/airflow/example_dags/example_xcom.py
[2025-03-31T13:07:09.176+0530] {logging_mixin.py:190} INFO - [2025-03-31T13:07:09.176+0530] {dag.py:3239} INFO - Sync 1 DAGs
[2025-03-31T13:07:09.189+0530] {logging_mixin.py:190} INFO - [2025-03-31T13:07:09.188+0530] {dag.py:4180} INFO - Setting next_dagrun for example_xcom to 2021-01-01 00:00:00+00:00, run_after=2021-01-01 00:00:00+00:00
[2025-03-31T13:07:09.202+0530] {processor.py:208} INFO - Processing /home/pranav_shirali/airflow-project/airflow-env/lib/python3.10/site-packages/airflow/example_dags/example_xcom.py took 0.052 seconds
[2025-03-31T13:08:08.719+0530] {processor.py:186} INFO - Started process (PID=8686) to work on /home/pranav_shirali/airflow-project/airflow-env/lib/python3.10/site-packages/airflow/example_dags/example_xcom.py
[2025-03-31T13:08:08.721+0530] {processor.py:914} INFO - Processing file /home/pranav_shirali/airflow-project/airflow-env/lib/python3.10/site-packages/airflow/example_dags/example_xcom.py for tasks to queue
[2025-03-31T13:08:08.723+0530] {logging_mixin.py:190} INFO - [2025-03-31T13:08:08.722+0530] {dagbag.py:588} INFO - Filling up the DagBag from /home/pranav_shirali/airflow-project/airflow-env/lib/python3.10/site-packages/airflow/example_dags/example_xcom.py
[2025-03-31T13:08:08.729+0530] {processor.py:925} INFO - DAG(s) 'example_xcom' retrieved from /home/pranav_shirali/airflow-project/airflow-env/lib/python3.10/site-packages/airflow/example_dags/example_xcom.py
[2025-03-31T13:08:08.743+0530] {logging_mixin.py:190} INFO - [2025-03-31T13:08:08.743+0530] {dag.py:3239} INFO - Sync 1 DAGs
[2025-03-31T13:08:08.759+0530] {logging_mixin.py:190} INFO - [2025-03-31T13:08:08.759+0530] {dag.py:4180} INFO - Setting next_dagrun for example_xcom to 2021-01-01 00:00:00+00:00, run_after=2021-01-01 00:00:00+00:00
[2025-03-31T13:08:08.777+0530] {processor.py:208} INFO - Processing /home/pranav_shirali/airflow-project/airflow-env/lib/python3.10/site-packages/airflow/example_dags/example_xcom.py took 0.063 seconds
[2025-03-31T13:09:09.602+0530] {processor.py:186} INFO - Started process (PID=9099) to work on /home/pranav_shirali/airflow-project/airflow-env/lib/python3.10/site-packages/airflow/example_dags/example_xcom.py
[2025-03-31T13:09:09.603+0530] {processor.py:914} INFO - Processing file /home/pranav_shirali/airflow-project/airflow-env/lib/python3.10/site-packages/airflow/example_dags/example_xcom.py for tasks to queue
[2025-03-31T13:09:09.604+0530] {logging_mixin.py:190} INFO - [2025-03-31T13:09:09.604+0530] {dagbag.py:588} INFO - Filling up the DagBag from /home/pranav_shirali/airflow-project/airflow-env/lib/python3.10/site-packages/airflow/example_dags/example_xcom.py
[2025-03-31T13:09:09.612+0530] {processor.py:925} INFO - DAG(s) 'example_xcom' retrieved from /home/pranav_shirali/airflow-project/airflow-env/lib/python3.10/site-packages/airflow/example_dags/example_xcom.py
[2025-03-31T13:09:09.624+0530] {logging_mixin.py:190} INFO - [2025-03-31T13:09:09.624+0530] {dag.py:3239} INFO - Sync 1 DAGs
[2025-03-31T13:09:09.639+0530] {logging_mixin.py:190} INFO - [2025-03-31T13:09:09.639+0530] {dag.py:4180} INFO - Setting next_dagrun for example_xcom to 2021-01-01 00:00:00+00:00, run_after=2021-01-01 00:00:00+00:00
[2025-03-31T13:09:09.653+0530] {processor.py:208} INFO - Processing /home/pranav_shirali/airflow-project/airflow-env/lib/python3.10/site-packages/airflow/example_dags/example_xcom.py took 0.056 seconds
[2025-03-31T13:10:07.503+0530] {processor.py:186} INFO - Started process (PID=9317) to work on /home/pranav_shirali/airflow-project/airflow-env/lib/python3.10/site-packages/airflow/example_dags/example_xcom.py
[2025-03-31T13:10:07.506+0530] {processor.py:914} INFO - Processing file /home/pranav_shirali/airflow-project/airflow-env/lib/python3.10/site-packages/airflow/example_dags/example_xcom.py for tasks to queue
[2025-03-31T13:10:07.507+0530] {logging_mixin.py:190} INFO - [2025-03-31T13:10:07.507+0530] {dagbag.py:588} INFO - Filling up the DagBag from /home/pranav_shirali/airflow-project/airflow-env/lib/python3.10/site-packages/airflow/example_dags/example_xcom.py
[2025-03-31T13:10:07.514+0530] {processor.py:925} INFO - DAG(s) 'example_xcom' retrieved from /home/pranav_shirali/airflow-project/airflow-env/lib/python3.10/site-packages/airflow/example_dags/example_xcom.py
[2025-03-31T13:10:07.526+0530] {logging_mixin.py:190} INFO - [2025-03-31T13:10:07.526+0530] {dag.py:3239} INFO - Sync 1 DAGs
[2025-03-31T13:10:07.541+0530] {logging_mixin.py:190} INFO - [2025-03-31T13:10:07.541+0530] {dag.py:4180} INFO - Setting next_dagrun for example_xcom to 2021-01-01 00:00:00+00:00, run_after=2021-01-01 00:00:00+00:00
[2025-03-31T13:10:07.558+0530] {processor.py:208} INFO - Processing /home/pranav_shirali/airflow-project/airflow-env/lib/python3.10/site-packages/airflow/example_dags/example_xcom.py took 0.060 seconds
[2025-03-31T13:11:04.102+0530] {processor.py:186} INFO - Started process (PID=9530) to work on /home/pranav_shirali/airflow-project/airflow-env/lib/python3.10/site-packages/airflow/example_dags/example_xcom.py
[2025-03-31T13:11:04.105+0530] {processor.py:914} INFO - Processing file /home/pranav_shirali/airflow-project/airflow-env/lib/python3.10/site-packages/airflow/example_dags/example_xcom.py for tasks to queue
[2025-03-31T13:11:04.107+0530] {logging_mixin.py:190} INFO - [2025-03-31T13:11:04.107+0530] {dagbag.py:588} INFO - Filling up the DagBag from /home/pranav_shirali/airflow-project/airflow-env/lib/python3.10/site-packages/airflow/example_dags/example_xcom.py
[2025-03-31T13:11:04.115+0530] {processor.py:925} INFO - DAG(s) 'example_xcom' retrieved from /home/pranav_shirali/airflow-project/airflow-env/lib/python3.10/site-packages/airflow/example_dags/example_xcom.py
[2025-03-31T13:11:04.134+0530] {logging_mixin.py:190} INFO - [2025-03-31T13:11:04.133+0530] {dag.py:3239} INFO - Sync 1 DAGs
[2025-03-31T13:11:04.155+0530] {logging_mixin.py:190} INFO - [2025-03-31T13:11:04.155+0530] {dag.py:4180} INFO - Setting next_dagrun for example_xcom to 2021-01-01 00:00:00+00:00, run_after=2021-01-01 00:00:00+00:00
[2025-03-31T13:11:04.180+0530] {processor.py:208} INFO - Processing /home/pranav_shirali/airflow-project/airflow-env/lib/python3.10/site-packages/airflow/example_dags/example_xcom.py took 0.084 seconds
[2025-03-31T13:11:57.288+0530] {processor.py:186} INFO - Started process (PID=9742) to work on /home/pranav_shirali/airflow-project/airflow-env/lib/python3.10/site-packages/airflow/example_dags/example_xcom.py
[2025-03-31T13:11:57.289+0530] {processor.py:914} INFO - Processing file /home/pranav_shirali/airflow-project/airflow-env/lib/python3.10/site-packages/airflow/example_dags/example_xcom.py for tasks to queue
[2025-03-31T13:11:57.291+0530] {logging_mixin.py:190} INFO - [2025-03-31T13:11:57.290+0530] {dagbag.py:588} INFO - Filling up the DagBag from /home/pranav_shirali/airflow-project/airflow-env/lib/python3.10/site-packages/airflow/example_dags/example_xcom.py
[2025-03-31T13:11:57.298+0530] {processor.py:925} INFO - DAG(s) 'example_xcom' retrieved from /home/pranav_shirali/airflow-project/airflow-env/lib/python3.10/site-packages/airflow/example_dags/example_xcom.py
[2025-03-31T13:11:57.311+0530] {logging_mixin.py:190} INFO - [2025-03-31T13:11:57.311+0530] {dag.py:3239} INFO - Sync 1 DAGs
[2025-03-31T13:11:57.325+0530] {logging_mixin.py:190} INFO - [2025-03-31T13:11:57.325+0530] {dag.py:4180} INFO - Setting next_dagrun for example_xcom to 2021-01-01 00:00:00+00:00, run_after=2021-01-01 00:00:00+00:00
[2025-03-31T13:11:57.344+0530] {processor.py:208} INFO - Processing /home/pranav_shirali/airflow-project/airflow-env/lib/python3.10/site-packages/airflow/example_dags/example_xcom.py took 0.061 seconds
[2025-03-31T13:12:50.315+0530] {processor.py:186} INFO - Started process (PID=9971) to work on /home/pranav_shirali/airflow-project/airflow-env/lib/python3.10/site-packages/airflow/example_dags/example_xcom.py
[2025-03-31T13:12:50.316+0530] {processor.py:914} INFO - Processing file /home/pranav_shirali/airflow-project/airflow-env/lib/python3.10/site-packages/airflow/example_dags/example_xcom.py for tasks to queue
[2025-03-31T13:12:50.318+0530] {logging_mixin.py:190} INFO - [2025-03-31T13:12:50.317+0530] {dagbag.py:588} INFO - Filling up the DagBag from /home/pranav_shirali/airflow-project/airflow-env/lib/python3.10/site-packages/airflow/example_dags/example_xcom.py
[2025-03-31T13:12:50.324+0530] {processor.py:925} INFO - DAG(s) 'example_xcom' retrieved from /home/pranav_shirali/airflow-project/airflow-env/lib/python3.10/site-packages/airflow/example_dags/example_xcom.py
[2025-03-31T13:12:50.335+0530] {logging_mixin.py:190} INFO - [2025-03-31T13:12:50.335+0530] {dag.py:3239} INFO - Sync 1 DAGs
[2025-03-31T13:12:50.346+0530] {logging_mixin.py:190} INFO - [2025-03-31T13:12:50.346+0530] {dag.py:4180} INFO - Setting next_dagrun for example_xcom to 2021-01-01 00:00:00+00:00, run_after=2021-01-01 00:00:00+00:00
[2025-03-31T13:12:50.358+0530] {processor.py:208} INFO - Processing /home/pranav_shirali/airflow-project/airflow-env/lib/python3.10/site-packages/airflow/example_dags/example_xcom.py took 0.048 seconds
[2025-03-31T13:13:48.069+0530] {processor.py:186} INFO - Started process (PID=10473) to work on /home/pranav_shirali/airflow-project/airflow-env/lib/python3.10/site-packages/airflow/example_dags/example_xcom.py
[2025-03-31T13:13:48.070+0530] {processor.py:914} INFO - Processing file /home/pranav_shirali/airflow-project/airflow-env/lib/python3.10/site-packages/airflow/example_dags/example_xcom.py for tasks to queue
[2025-03-31T13:13:48.071+0530] {logging_mixin.py:190} INFO - [2025-03-31T13:13:48.071+0530] {dagbag.py:588} INFO - Filling up the DagBag from /home/pranav_shirali/airflow-project/airflow-env/lib/python3.10/site-packages/airflow/example_dags/example_xcom.py
[2025-03-31T13:13:48.077+0530] {processor.py:925} INFO - DAG(s) 'example_xcom' retrieved from /home/pranav_shirali/airflow-project/airflow-env/lib/python3.10/site-packages/airflow/example_dags/example_xcom.py
[2025-03-31T13:13:48.088+0530] {logging_mixin.py:190} INFO - [2025-03-31T13:13:48.087+0530] {dag.py:3239} INFO - Sync 1 DAGs
[2025-03-31T13:13:48.099+0530] {logging_mixin.py:190} INFO - [2025-03-31T13:13:48.099+0530] {dag.py:4180} INFO - Setting next_dagrun for example_xcom to 2021-01-01 00:00:00+00:00, run_after=2021-01-01 00:00:00+00:00
[2025-03-31T13:13:48.113+0530] {processor.py:208} INFO - Processing /home/pranav_shirali/airflow-project/airflow-env/lib/python3.10/site-packages/airflow/example_dags/example_xcom.py took 0.048 seconds
[2025-03-31T13:14:46.387+0530] {processor.py:186} INFO - Started process (PID=10971) to work on /home/pranav_shirali/airflow-project/airflow-env/lib/python3.10/site-packages/airflow/example_dags/example_xcom.py
[2025-03-31T13:14:46.389+0530] {processor.py:914} INFO - Processing file /home/pranav_shirali/airflow-project/airflow-env/lib/python3.10/site-packages/airflow/example_dags/example_xcom.py for tasks to queue
[2025-03-31T13:14:46.390+0530] {logging_mixin.py:190} INFO - [2025-03-31T13:14:46.390+0530] {dagbag.py:588} INFO - Filling up the DagBag from /home/pranav_shirali/airflow-project/airflow-env/lib/python3.10/site-packages/airflow/example_dags/example_xcom.py
[2025-03-31T13:14:46.397+0530] {processor.py:925} INFO - DAG(s) 'example_xcom' retrieved from /home/pranav_shirali/airflow-project/airflow-env/lib/python3.10/site-packages/airflow/example_dags/example_xcom.py
[2025-03-31T13:14:46.410+0530] {logging_mixin.py:190} INFO - [2025-03-31T13:14:46.410+0530] {dag.py:3239} INFO - Sync 1 DAGs
[2025-03-31T13:14:46.424+0530] {logging_mixin.py:190} INFO - [2025-03-31T13:14:46.424+0530] {dag.py:4180} INFO - Setting next_dagrun for example_xcom to 2021-01-01 00:00:00+00:00, run_after=2021-01-01 00:00:00+00:00
[2025-03-31T13:14:46.440+0530] {processor.py:208} INFO - Processing /home/pranav_shirali/airflow-project/airflow-env/lib/python3.10/site-packages/airflow/example_dags/example_xcom.py took 0.058 seconds
[2025-03-31T13:15:49.513+0530] {processor.py:186} INFO - Started process (PID=11595) to work on /home/pranav_shirali/airflow-project/airflow-env/lib/python3.10/site-packages/airflow/example_dags/example_xcom.py
[2025-03-31T13:15:49.515+0530] {processor.py:914} INFO - Processing file /home/pranav_shirali/airflow-project/airflow-env/lib/python3.10/site-packages/airflow/example_dags/example_xcom.py for tasks to queue
[2025-03-31T13:15:49.517+0530] {logging_mixin.py:190} INFO - [2025-03-31T13:15:49.517+0530] {dagbag.py:588} INFO - Filling up the DagBag from /home/pranav_shirali/airflow-project/airflow-env/lib/python3.10/site-packages/airflow/example_dags/example_xcom.py
[2025-03-31T13:15:49.525+0530] {processor.py:925} INFO - DAG(s) 'example_xcom' retrieved from /home/pranav_shirali/airflow-project/airflow-env/lib/python3.10/site-packages/airflow/example_dags/example_xcom.py
[2025-03-31T13:15:49.538+0530] {logging_mixin.py:190} INFO - [2025-03-31T13:15:49.538+0530] {dag.py:3239} INFO - Sync 1 DAGs
[2025-03-31T13:15:49.553+0530] {logging_mixin.py:190} INFO - [2025-03-31T13:15:49.552+0530] {dag.py:4180} INFO - Setting next_dagrun for example_xcom to 2021-01-01 00:00:00+00:00, run_after=2021-01-01 00:00:00+00:00
[2025-03-31T13:15:49.569+0530] {processor.py:208} INFO - Processing /home/pranav_shirali/airflow-project/airflow-env/lib/python3.10/site-packages/airflow/example_dags/example_xcom.py took 0.062 seconds
[2025-03-31T13:16:47.528+0530] {processor.py:186} INFO - Started process (PID=12175) to work on /home/pranav_shirali/airflow-project/airflow-env/lib/python3.10/site-packages/airflow/example_dags/example_xcom.py
[2025-03-31T13:16:47.530+0530] {processor.py:914} INFO - Processing file /home/pranav_shirali/airflow-project/airflow-env/lib/python3.10/site-packages/airflow/example_dags/example_xcom.py for tasks to queue
[2025-03-31T13:16:47.531+0530] {logging_mixin.py:190} INFO - [2025-03-31T13:16:47.531+0530] {dagbag.py:588} INFO - Filling up the DagBag from /home/pranav_shirali/airflow-project/airflow-env/lib/python3.10/site-packages/airflow/example_dags/example_xcom.py
[2025-03-31T13:16:47.538+0530] {processor.py:925} INFO - DAG(s) 'example_xcom' retrieved from /home/pranav_shirali/airflow-project/airflow-env/lib/python3.10/site-packages/airflow/example_dags/example_xcom.py
[2025-03-31T13:16:47.550+0530] {logging_mixin.py:190} INFO - [2025-03-31T13:16:47.550+0530] {dag.py:3239} INFO - Sync 1 DAGs
[2025-03-31T13:16:47.564+0530] {logging_mixin.py:190} INFO - [2025-03-31T13:16:47.564+0530] {dag.py:4180} INFO - Setting next_dagrun for example_xcom to 2021-01-01 00:00:00+00:00, run_after=2021-01-01 00:00:00+00:00
[2025-03-31T13:16:47.582+0530] {processor.py:208} INFO - Processing /home/pranav_shirali/airflow-project/airflow-env/lib/python3.10/site-packages/airflow/example_dags/example_xcom.py took 0.059 seconds
[2025-03-31T13:17:42.982+0530] {processor.py:186} INFO - Started process (PID=12528) to work on /home/pranav_shirali/airflow-project/airflow-env/lib/python3.10/site-packages/airflow/example_dags/example_xcom.py
[2025-03-31T13:17:42.985+0530] {processor.py:914} INFO - Processing file /home/pranav_shirali/airflow-project/airflow-env/lib/python3.10/site-packages/airflow/example_dags/example_xcom.py for tasks to queue
[2025-03-31T13:17:42.986+0530] {logging_mixin.py:190} INFO - [2025-03-31T13:17:42.986+0530] {dagbag.py:588} INFO - Filling up the DagBag from /home/pranav_shirali/airflow-project/airflow-env/lib/python3.10/site-packages/airflow/example_dags/example_xcom.py
[2025-03-31T13:17:42.993+0530] {processor.py:925} INFO - DAG(s) 'example_xcom' retrieved from /home/pranav_shirali/airflow-project/airflow-env/lib/python3.10/site-packages/airflow/example_dags/example_xcom.py
[2025-03-31T13:17:43.004+0530] {logging_mixin.py:190} INFO - [2025-03-31T13:17:43.004+0530] {dag.py:3239} INFO - Sync 1 DAGs
[2025-03-31T13:17:43.016+0530] {logging_mixin.py:190} INFO - [2025-03-31T13:17:43.016+0530] {dag.py:4180} INFO - Setting next_dagrun for example_xcom to 2021-01-01 00:00:00+00:00, run_after=2021-01-01 00:00:00+00:00
[2025-03-31T13:17:43.028+0530] {processor.py:208} INFO - Processing /home/pranav_shirali/airflow-project/airflow-env/lib/python3.10/site-packages/airflow/example_dags/example_xcom.py took 0.050 seconds
