[2025-03-31T13:06:51.024+0530] {processor.py:186} INFO - Started process (PID=8174) to work on /home/pranav_shirali/airflow-project/airflow-env/lib/python3.10/site-packages/airflow/example_dags/example_setup_teardown_taskflow.py
[2025-03-31T13:06:51.025+0530] {processor.py:914} INFO - Processing file /home/pranav_shirali/airflow-project/airflow-env/lib/python3.10/site-packages/airflow/example_dags/example_setup_teardown_taskflow.py for tasks to queue
[2025-03-31T13:06:51.026+0530] {logging_mixin.py:190} INFO - [2025-03-31T13:06:51.026+0530] {dagbag.py:588} INFO - Filling up the DagBag from /home/pranav_shirali/airflow-project/airflow-env/lib/python3.10/site-packages/airflow/example_dags/example_setup_teardown_taskflow.py
[2025-03-31T13:06:51.035+0530] {processor.py:925} INFO - DAG(s) 'example_setup_teardown_taskflow' retrieved from /home/pranav_shirali/airflow-project/airflow-env/lib/python3.10/site-packages/airflow/example_dags/example_setup_teardown_taskflow.py
[2025-03-31T13:06:51.050+0530] {logging_mixin.py:190} INFO - [2025-03-31T13:06:51.049+0530] {dag.py:3239} INFO - Sync 1 DAGs
[2025-03-31T13:06:51.060+0530] {logging_mixin.py:190} INFO - [2025-03-31T13:06:51.059+0530] {dag.py:4180} INFO - Setting next_dagrun for example_setup_teardown_taskflow to None, run_after=None
[2025-03-31T13:06:51.074+0530] {processor.py:208} INFO - Processing /home/pranav_shirali/airflow-project/airflow-env/lib/python3.10/site-packages/airflow/example_dags/example_setup_teardown_taskflow.py took 0.054 seconds
[2025-03-31T13:07:50.828+0530] {processor.py:186} INFO - Started process (PID=8608) to work on /home/pranav_shirali/airflow-project/airflow-env/lib/python3.10/site-packages/airflow/example_dags/example_setup_teardown_taskflow.py
[2025-03-31T13:07:50.830+0530] {processor.py:914} INFO - Processing file /home/pranav_shirali/airflow-project/airflow-env/lib/python3.10/site-packages/airflow/example_dags/example_setup_teardown_taskflow.py for tasks to queue
[2025-03-31T13:07:50.831+0530] {logging_mixin.py:190} INFO - [2025-03-31T13:07:50.831+0530] {dagbag.py:588} INFO - Filling up the DagBag from /home/pranav_shirali/airflow-project/airflow-env/lib/python3.10/site-packages/airflow/example_dags/example_setup_teardown_taskflow.py
[2025-03-31T13:07:50.838+0530] {processor.py:925} INFO - DAG(s) 'example_setup_teardown_taskflow' retrieved from /home/pranav_shirali/airflow-project/airflow-env/lib/python3.10/site-packages/airflow/example_dags/example_setup_teardown_taskflow.py
[2025-03-31T13:07:50.851+0530] {logging_mixin.py:190} INFO - [2025-03-31T13:07:50.851+0530] {dag.py:3239} INFO - Sync 1 DAGs
[2025-03-31T13:07:50.862+0530] {logging_mixin.py:190} INFO - [2025-03-31T13:07:50.861+0530] {dag.py:4180} INFO - Setting next_dagrun for example_setup_teardown_taskflow to None, run_after=None
[2025-03-31T13:07:50.876+0530] {processor.py:208} INFO - Processing /home/pranav_shirali/airflow-project/airflow-env/lib/python3.10/site-packages/airflow/example_dags/example_setup_teardown_taskflow.py took 0.052 seconds
[2025-03-31T13:08:52.460+0530] {processor.py:186} INFO - Started process (PID=9025) to work on /home/pranav_shirali/airflow-project/airflow-env/lib/python3.10/site-packages/airflow/example_dags/example_setup_teardown_taskflow.py
[2025-03-31T13:08:52.461+0530] {processor.py:914} INFO - Processing file /home/pranav_shirali/airflow-project/airflow-env/lib/python3.10/site-packages/airflow/example_dags/example_setup_teardown_taskflow.py for tasks to queue
[2025-03-31T13:08:52.463+0530] {logging_mixin.py:190} INFO - [2025-03-31T13:08:52.463+0530] {dagbag.py:588} INFO - Filling up the DagBag from /home/pranav_shirali/airflow-project/airflow-env/lib/python3.10/site-packages/airflow/example_dags/example_setup_teardown_taskflow.py
[2025-03-31T13:08:52.473+0530] {processor.py:925} INFO - DAG(s) 'example_setup_teardown_taskflow' retrieved from /home/pranav_shirali/airflow-project/airflow-env/lib/python3.10/site-packages/airflow/example_dags/example_setup_teardown_taskflow.py
[2025-03-31T13:08:52.486+0530] {logging_mixin.py:190} INFO - [2025-03-31T13:08:52.486+0530] {dag.py:3239} INFO - Sync 1 DAGs
[2025-03-31T13:08:52.495+0530] {logging_mixin.py:190} INFO - [2025-03-31T13:08:52.495+0530] {dag.py:4180} INFO - Setting next_dagrun for example_setup_teardown_taskflow to None, run_after=None
[2025-03-31T13:08:52.515+0530] {processor.py:208} INFO - Processing /home/pranav_shirali/airflow-project/airflow-env/lib/python3.10/site-packages/airflow/example_dags/example_setup_teardown_taskflow.py took 0.061 seconds
[2025-03-31T13:09:50.940+0530] {processor.py:186} INFO - Started process (PID=9245) to work on /home/pranav_shirali/airflow-project/airflow-env/lib/python3.10/site-packages/airflow/example_dags/example_setup_teardown_taskflow.py
[2025-03-31T13:09:50.942+0530] {processor.py:914} INFO - Processing file /home/pranav_shirali/airflow-project/airflow-env/lib/python3.10/site-packages/airflow/example_dags/example_setup_teardown_taskflow.py for tasks to queue
[2025-03-31T13:09:50.943+0530] {logging_mixin.py:190} INFO - [2025-03-31T13:09:50.943+0530] {dagbag.py:588} INFO - Filling up the DagBag from /home/pranav_shirali/airflow-project/airflow-env/lib/python3.10/site-packages/airflow/example_dags/example_setup_teardown_taskflow.py
[2025-03-31T13:09:50.951+0530] {processor.py:925} INFO - DAG(s) 'example_setup_teardown_taskflow' retrieved from /home/pranav_shirali/airflow-project/airflow-env/lib/python3.10/site-packages/airflow/example_dags/example_setup_teardown_taskflow.py
[2025-03-31T13:09:50.962+0530] {logging_mixin.py:190} INFO - [2025-03-31T13:09:50.961+0530] {dag.py:3239} INFO - Sync 1 DAGs
[2025-03-31T13:09:50.970+0530] {logging_mixin.py:190} INFO - [2025-03-31T13:09:50.970+0530] {dag.py:4180} INFO - Setting next_dagrun for example_setup_teardown_taskflow to None, run_after=None
[2025-03-31T13:09:50.984+0530] {processor.py:208} INFO - Processing /home/pranav_shirali/airflow-project/airflow-env/lib/python3.10/site-packages/airflow/example_dags/example_setup_teardown_taskflow.py took 0.047 seconds
[2025-03-31T13:10:47.147+0530] {processor.py:186} INFO - Started process (PID=9464) to work on /home/pranav_shirali/airflow-project/airflow-env/lib/python3.10/site-packages/airflow/example_dags/example_setup_teardown_taskflow.py
[2025-03-31T13:10:47.148+0530] {processor.py:914} INFO - Processing file /home/pranav_shirali/airflow-project/airflow-env/lib/python3.10/site-packages/airflow/example_dags/example_setup_teardown_taskflow.py for tasks to queue
[2025-03-31T13:10:47.150+0530] {logging_mixin.py:190} INFO - [2025-03-31T13:10:47.150+0530] {dagbag.py:588} INFO - Filling up the DagBag from /home/pranav_shirali/airflow-project/airflow-env/lib/python3.10/site-packages/airflow/example_dags/example_setup_teardown_taskflow.py
[2025-03-31T13:10:47.159+0530] {processor.py:925} INFO - DAG(s) 'example_setup_teardown_taskflow' retrieved from /home/pranav_shirali/airflow-project/airflow-env/lib/python3.10/site-packages/airflow/example_dags/example_setup_teardown_taskflow.py
[2025-03-31T13:10:47.171+0530] {logging_mixin.py:190} INFO - [2025-03-31T13:10:47.171+0530] {dag.py:3239} INFO - Sync 1 DAGs
[2025-03-31T13:10:47.181+0530] {logging_mixin.py:190} INFO - [2025-03-31T13:10:47.180+0530] {dag.py:4180} INFO - Setting next_dagrun for example_setup_teardown_taskflow to None, run_after=None
[2025-03-31T13:10:47.196+0530] {processor.py:208} INFO - Processing /home/pranav_shirali/airflow-project/airflow-env/lib/python3.10/site-packages/airflow/example_dags/example_setup_teardown_taskflow.py took 0.053 seconds
[2025-03-31T13:11:38.589+0530] {processor.py:186} INFO - Started process (PID=9669) to work on /home/pranav_shirali/airflow-project/airflow-env/lib/python3.10/site-packages/airflow/example_dags/example_setup_teardown_taskflow.py
[2025-03-31T13:11:38.591+0530] {processor.py:914} INFO - Processing file /home/pranav_shirali/airflow-project/airflow-env/lib/python3.10/site-packages/airflow/example_dags/example_setup_teardown_taskflow.py for tasks to queue
[2025-03-31T13:11:38.593+0530] {logging_mixin.py:190} INFO - [2025-03-31T13:11:38.593+0530] {dagbag.py:588} INFO - Filling up the DagBag from /home/pranav_shirali/airflow-project/airflow-env/lib/python3.10/site-packages/airflow/example_dags/example_setup_teardown_taskflow.py
[2025-03-31T13:11:38.603+0530] {processor.py:925} INFO - DAG(s) 'example_setup_teardown_taskflow' retrieved from /home/pranav_shirali/airflow-project/airflow-env/lib/python3.10/site-packages/airflow/example_dags/example_setup_teardown_taskflow.py
[2025-03-31T13:11:38.618+0530] {logging_mixin.py:190} INFO - [2025-03-31T13:11:38.617+0530] {dag.py:3239} INFO - Sync 1 DAGs
[2025-03-31T13:11:38.628+0530] {logging_mixin.py:190} INFO - [2025-03-31T13:11:38.628+0530] {dag.py:4180} INFO - Setting next_dagrun for example_setup_teardown_taskflow to None, run_after=None
[2025-03-31T13:11:38.646+0530] {processor.py:208} INFO - Processing /home/pranav_shirali/airflow-project/airflow-env/lib/python3.10/site-packages/airflow/example_dags/example_setup_teardown_taskflow.py took 0.061 seconds
[2025-03-31T13:12:32.944+0530] {processor.py:186} INFO - Started process (PID=9905) to work on /home/pranav_shirali/airflow-project/airflow-env/lib/python3.10/site-packages/airflow/example_dags/example_setup_teardown_taskflow.py
[2025-03-31T13:12:32.946+0530] {processor.py:914} INFO - Processing file /home/pranav_shirali/airflow-project/airflow-env/lib/python3.10/site-packages/airflow/example_dags/example_setup_teardown_taskflow.py for tasks to queue
[2025-03-31T13:12:32.949+0530] {logging_mixin.py:190} INFO - [2025-03-31T13:12:32.948+0530] {dagbag.py:588} INFO - Filling up the DagBag from /home/pranav_shirali/airflow-project/airflow-env/lib/python3.10/site-packages/airflow/example_dags/example_setup_teardown_taskflow.py
[2025-03-31T13:12:32.957+0530] {processor.py:925} INFO - DAG(s) 'example_setup_teardown_taskflow' retrieved from /home/pranav_shirali/airflow-project/airflow-env/lib/python3.10/site-packages/airflow/example_dags/example_setup_teardown_taskflow.py
[2025-03-31T13:12:32.971+0530] {logging_mixin.py:190} INFO - [2025-03-31T13:12:32.970+0530] {dag.py:3239} INFO - Sync 1 DAGs
[2025-03-31T13:12:32.980+0530] {logging_mixin.py:190} INFO - [2025-03-31T13:12:32.979+0530] {dag.py:4180} INFO - Setting next_dagrun for example_setup_teardown_taskflow to None, run_after=None
[2025-03-31T13:12:32.995+0530] {processor.py:208} INFO - Processing /home/pranav_shirali/airflow-project/airflow-env/lib/python3.10/site-packages/airflow/example_dags/example_setup_teardown_taskflow.py took 0.055 seconds
[2025-03-31T13:13:25.740+0530] {processor.py:186} INFO - Started process (PID=10265) to work on /home/pranav_shirali/airflow-project/airflow-env/lib/python3.10/site-packages/airflow/example_dags/example_setup_teardown_taskflow.py
[2025-03-31T13:13:25.742+0530] {processor.py:914} INFO - Processing file /home/pranav_shirali/airflow-project/airflow-env/lib/python3.10/site-packages/airflow/example_dags/example_setup_teardown_taskflow.py for tasks to queue
[2025-03-31T13:13:25.743+0530] {logging_mixin.py:190} INFO - [2025-03-31T13:13:25.743+0530] {dagbag.py:588} INFO - Filling up the DagBag from /home/pranav_shirali/airflow-project/airflow-env/lib/python3.10/site-packages/airflow/example_dags/example_setup_teardown_taskflow.py
[2025-03-31T13:13:25.751+0530] {processor.py:925} INFO - DAG(s) 'example_setup_teardown_taskflow' retrieved from /home/pranav_shirali/airflow-project/airflow-env/lib/python3.10/site-packages/airflow/example_dags/example_setup_teardown_taskflow.py
[2025-03-31T13:13:25.762+0530] {logging_mixin.py:190} INFO - [2025-03-31T13:13:25.762+0530] {dag.py:3239} INFO - Sync 1 DAGs
[2025-03-31T13:13:25.771+0530] {logging_mixin.py:190} INFO - [2025-03-31T13:13:25.771+0530] {dag.py:4180} INFO - Setting next_dagrun for example_setup_teardown_taskflow to None, run_after=None
[2025-03-31T13:13:25.789+0530] {processor.py:208} INFO - Processing /home/pranav_shirali/airflow-project/airflow-env/lib/python3.10/site-packages/airflow/example_dags/example_setup_teardown_taskflow.py took 0.053 seconds
[2025-03-31T13:14:20.997+0530] {processor.py:186} INFO - Started process (PID=10728) to work on /home/pranav_shirali/airflow-project/airflow-env/lib/python3.10/site-packages/airflow/example_dags/example_setup_teardown_taskflow.py
[2025-03-31T13:14:20.998+0530] {processor.py:914} INFO - Processing file /home/pranav_shirali/airflow-project/airflow-env/lib/python3.10/site-packages/airflow/example_dags/example_setup_teardown_taskflow.py for tasks to queue
[2025-03-31T13:14:20.999+0530] {logging_mixin.py:190} INFO - [2025-03-31T13:14:20.999+0530] {dagbag.py:588} INFO - Filling up the DagBag from /home/pranav_shirali/airflow-project/airflow-env/lib/python3.10/site-packages/airflow/example_dags/example_setup_teardown_taskflow.py
[2025-03-31T13:14:21.007+0530] {processor.py:925} INFO - DAG(s) 'example_setup_teardown_taskflow' retrieved from /home/pranav_shirali/airflow-project/airflow-env/lib/python3.10/site-packages/airflow/example_dags/example_setup_teardown_taskflow.py
[2025-03-31T13:14:21.020+0530] {logging_mixin.py:190} INFO - [2025-03-31T13:14:21.019+0530] {dag.py:3239} INFO - Sync 1 DAGs
[2025-03-31T13:14:21.028+0530] {logging_mixin.py:190} INFO - [2025-03-31T13:14:21.028+0530] {dag.py:4180} INFO - Setting next_dagrun for example_setup_teardown_taskflow to None, run_after=None
[2025-03-31T13:14:21.045+0530] {processor.py:208} INFO - Processing /home/pranav_shirali/airflow-project/airflow-env/lib/python3.10/site-packages/airflow/example_dags/example_setup_teardown_taskflow.py took 0.052 seconds
[2025-03-31T13:15:20.374+0530] {processor.py:186} INFO - Started process (PID=11274) to work on /home/pranav_shirali/airflow-project/airflow-env/lib/python3.10/site-packages/airflow/example_dags/example_setup_teardown_taskflow.py
[2025-03-31T13:15:20.375+0530] {processor.py:914} INFO - Processing file /home/pranav_shirali/airflow-project/airflow-env/lib/python3.10/site-packages/airflow/example_dags/example_setup_teardown_taskflow.py for tasks to queue
[2025-03-31T13:15:20.376+0530] {logging_mixin.py:190} INFO - [2025-03-31T13:15:20.376+0530] {dagbag.py:588} INFO - Filling up the DagBag from /home/pranav_shirali/airflow-project/airflow-env/lib/python3.10/site-packages/airflow/example_dags/example_setup_teardown_taskflow.py
[2025-03-31T13:15:20.383+0530] {processor.py:925} INFO - DAG(s) 'example_setup_teardown_taskflow' retrieved from /home/pranav_shirali/airflow-project/airflow-env/lib/python3.10/site-packages/airflow/example_dags/example_setup_teardown_taskflow.py
[2025-03-31T13:15:20.395+0530] {logging_mixin.py:190} INFO - [2025-03-31T13:15:20.395+0530] {dag.py:3239} INFO - Sync 1 DAGs
[2025-03-31T13:15:20.404+0530] {logging_mixin.py:190} INFO - [2025-03-31T13:15:20.404+0530] {dag.py:4180} INFO - Setting next_dagrun for example_setup_teardown_taskflow to None, run_after=None
[2025-03-31T13:15:20.419+0530] {processor.py:208} INFO - Processing /home/pranav_shirali/airflow-project/airflow-env/lib/python3.10/site-packages/airflow/example_dags/example_setup_teardown_taskflow.py took 0.049 seconds
[2025-03-31T13:16:24.226+0530] {processor.py:186} INFO - Started process (PID=11932) to work on /home/pranav_shirali/airflow-project/airflow-env/lib/python3.10/site-packages/airflow/example_dags/example_setup_teardown_taskflow.py
[2025-03-31T13:16:24.229+0530] {processor.py:914} INFO - Processing file /home/pranav_shirali/airflow-project/airflow-env/lib/python3.10/site-packages/airflow/example_dags/example_setup_teardown_taskflow.py for tasks to queue
[2025-03-31T13:16:24.231+0530] {logging_mixin.py:190} INFO - [2025-03-31T13:16:24.230+0530] {dagbag.py:588} INFO - Filling up the DagBag from /home/pranav_shirali/airflow-project/airflow-env/lib/python3.10/site-packages/airflow/example_dags/example_setup_teardown_taskflow.py
[2025-03-31T13:16:24.241+0530] {processor.py:925} INFO - DAG(s) 'example_setup_teardown_taskflow' retrieved from /home/pranav_shirali/airflow-project/airflow-env/lib/python3.10/site-packages/airflow/example_dags/example_setup_teardown_taskflow.py
[2025-03-31T13:16:24.254+0530] {logging_mixin.py:190} INFO - [2025-03-31T13:16:24.253+0530] {dag.py:3239} INFO - Sync 1 DAGs
[2025-03-31T13:16:24.263+0530] {logging_mixin.py:190} INFO - [2025-03-31T13:16:24.263+0530] {dag.py:4180} INFO - Setting next_dagrun for example_setup_teardown_taskflow to None, run_after=None
[2025-03-31T13:16:24.279+0530] {processor.py:208} INFO - Processing /home/pranav_shirali/airflow-project/airflow-env/lib/python3.10/site-packages/airflow/example_dags/example_setup_teardown_taskflow.py took 0.057 seconds
[2025-03-31T13:17:19.009+0530] {processor.py:186} INFO - Started process (PID=12295) to work on /home/pranav_shirali/airflow-project/airflow-env/lib/python3.10/site-packages/airflow/example_dags/example_setup_teardown_taskflow.py
[2025-03-31T13:17:19.010+0530] {processor.py:914} INFO - Processing file /home/pranav_shirali/airflow-project/airflow-env/lib/python3.10/site-packages/airflow/example_dags/example_setup_teardown_taskflow.py for tasks to queue
[2025-03-31T13:17:19.011+0530] {logging_mixin.py:190} INFO - [2025-03-31T13:17:19.011+0530] {dagbag.py:588} INFO - Filling up the DagBag from /home/pranav_shirali/airflow-project/airflow-env/lib/python3.10/site-packages/airflow/example_dags/example_setup_teardown_taskflow.py
[2025-03-31T13:17:19.019+0530] {processor.py:925} INFO - DAG(s) 'example_setup_teardown_taskflow' retrieved from /home/pranav_shirali/airflow-project/airflow-env/lib/python3.10/site-packages/airflow/example_dags/example_setup_teardown_taskflow.py
[2025-03-31T13:17:19.031+0530] {logging_mixin.py:190} INFO - [2025-03-31T13:17:19.031+0530] {dag.py:3239} INFO - Sync 1 DAGs
[2025-03-31T13:17:19.040+0530] {logging_mixin.py:190} INFO - [2025-03-31T13:17:19.040+0530] {dag.py:4180} INFO - Setting next_dagrun for example_setup_teardown_taskflow to None, run_after=None
[2025-03-31T13:17:19.054+0530] {processor.py:208} INFO - Processing /home/pranav_shirali/airflow-project/airflow-env/lib/python3.10/site-packages/airflow/example_dags/example_setup_teardown_taskflow.py took 0.049 seconds
