[2025-03-31T13:07:37.212+0530] {processor.py:186} INFO - Started process (PID=8567) to work on /home/pranav_shirali/airflow-project/airflow-env/lib/python3.10/site-packages/airflow/example_dags/example_branch_datetime_operator.py
[2025-03-31T13:07:37.213+0530] {processor.py:914} INFO - Processing file /home/pranav_shirali/airflow-project/airflow-env/lib/python3.10/site-packages/airflow/example_dags/example_branch_datetime_operator.py for tasks to queue
[2025-03-31T13:07:37.215+0530] {logging_mixin.py:190} INFO - [2025-03-31T13:07:37.214+0530] {dagbag.py:588} INFO - Filling up the DagBag from /home/pranav_shirali/airflow-project/airflow-env/lib/python3.10/site-packages/airflow/example_dags/example_branch_datetime_operator.py
[2025-03-31T13:07:37.223+0530] {processor.py:925} INFO - DAG(s) 'example_branch_datetime_operator', 'example_branch_datetime_operator_2', 'example_branch_datetime_operator_3' retrieved from /home/pranav_shirali/airflow-project/airflow-env/lib/python3.10/site-packages/airflow/example_dags/example_branch_datetime_operator.py
[2025-03-31T13:07:37.239+0530] {logging_mixin.py:190} INFO - [2025-03-31T13:07:37.239+0530] {dag.py:3239} INFO - Sync 3 DAGs
[2025-03-31T13:07:37.253+0530] {logging_mixin.py:190} INFO - [2025-03-31T13:07:37.253+0530] {dag.py:4180} INFO - Setting next_dagrun for example_branch_datetime_operator to 2025-03-30 00:00:00+00:00, run_after=2025-03-31 00:00:00+00:00
[2025-03-31T13:07:37.257+0530] {logging_mixin.py:190} INFO - [2025-03-31T13:07:37.257+0530] {dag.py:4180} INFO - Setting next_dagrun for example_branch_datetime_operator_2 to 2025-03-30 00:00:00+00:00, run_after=2025-03-31 00:00:00+00:00
[2025-03-31T13:07:37.259+0530] {logging_mixin.py:190} INFO - [2025-03-31T13:07:37.259+0530] {dag.py:4180} INFO - Setting next_dagrun for example_branch_datetime_operator_3 to 2025-03-30 00:00:00+00:00, run_after=2025-03-31 00:00:00+00:00
[2025-03-31T13:07:37.271+0530] {processor.py:208} INFO - Processing /home/pranav_shirali/airflow-project/airflow-env/lib/python3.10/site-packages/airflow/example_dags/example_branch_datetime_operator.py took 0.063 seconds
[2025-03-31T13:08:42.174+0530] {processor.py:186} INFO - Started process (PID=8965) to work on /home/pranav_shirali/airflow-project/airflow-env/lib/python3.10/site-packages/airflow/example_dags/example_branch_datetime_operator.py
[2025-03-31T13:08:42.176+0530] {processor.py:914} INFO - Processing file /home/pranav_shirali/airflow-project/airflow-env/lib/python3.10/site-packages/airflow/example_dags/example_branch_datetime_operator.py for tasks to queue
[2025-03-31T13:08:42.178+0530] {logging_mixin.py:190} INFO - [2025-03-31T13:08:42.177+0530] {dagbag.py:588} INFO - Filling up the DagBag from /home/pranav_shirali/airflow-project/airflow-env/lib/python3.10/site-packages/airflow/example_dags/example_branch_datetime_operator.py
[2025-03-31T13:08:42.186+0530] {processor.py:925} INFO - DAG(s) 'example_branch_datetime_operator_2', 'example_branch_datetime_operator', 'example_branch_datetime_operator_3' retrieved from /home/pranav_shirali/airflow-project/airflow-env/lib/python3.10/site-packages/airflow/example_dags/example_branch_datetime_operator.py
[2025-03-31T13:08:42.199+0530] {logging_mixin.py:190} INFO - [2025-03-31T13:08:42.199+0530] {dag.py:3239} INFO - Sync 3 DAGs
[2025-03-31T13:08:42.215+0530] {logging_mixin.py:190} INFO - [2025-03-31T13:08:42.214+0530] {dag.py:4180} INFO - Setting next_dagrun for example_branch_datetime_operator to 2025-03-30 00:00:00+00:00, run_after=2025-03-31 00:00:00+00:00
[2025-03-31T13:08:42.218+0530] {logging_mixin.py:190} INFO - [2025-03-31T13:08:42.218+0530] {dag.py:4180} INFO - Setting next_dagrun for example_branch_datetime_operator_2 to 2025-03-30 00:00:00+00:00, run_after=2025-03-31 00:00:00+00:00
[2025-03-31T13:08:42.220+0530] {logging_mixin.py:190} INFO - [2025-03-31T13:08:42.220+0530] {dag.py:4180} INFO - Setting next_dagrun for example_branch_datetime_operator_3 to 2025-03-30 00:00:00+00:00, run_after=2025-03-31 00:00:00+00:00
[2025-03-31T13:08:42.233+0530] {processor.py:208} INFO - Processing /home/pranav_shirali/airflow-project/airflow-env/lib/python3.10/site-packages/airflow/example_dags/example_branch_datetime_operator.py took 0.063 seconds
[2025-03-31T13:09:43.529+0530] {processor.py:186} INFO - Started process (PID=9220) to work on /home/pranav_shirali/airflow-project/airflow-env/lib/python3.10/site-packages/airflow/example_dags/example_branch_datetime_operator.py
[2025-03-31T13:09:43.531+0530] {processor.py:914} INFO - Processing file /home/pranav_shirali/airflow-project/airflow-env/lib/python3.10/site-packages/airflow/example_dags/example_branch_datetime_operator.py for tasks to queue
[2025-03-31T13:09:43.532+0530] {logging_mixin.py:190} INFO - [2025-03-31T13:09:43.532+0530] {dagbag.py:588} INFO - Filling up the DagBag from /home/pranav_shirali/airflow-project/airflow-env/lib/python3.10/site-packages/airflow/example_dags/example_branch_datetime_operator.py
[2025-03-31T13:09:43.544+0530] {processor.py:925} INFO - DAG(s) 'example_branch_datetime_operator_2', 'example_branch_datetime_operator', 'example_branch_datetime_operator_3' retrieved from /home/pranav_shirali/airflow-project/airflow-env/lib/python3.10/site-packages/airflow/example_dags/example_branch_datetime_operator.py
[2025-03-31T13:09:43.560+0530] {logging_mixin.py:190} INFO - [2025-03-31T13:09:43.559+0530] {dag.py:3239} INFO - Sync 3 DAGs
[2025-03-31T13:09:43.575+0530] {logging_mixin.py:190} INFO - [2025-03-31T13:09:43.575+0530] {dag.py:4180} INFO - Setting next_dagrun for example_branch_datetime_operator to 2025-03-30 00:00:00+00:00, run_after=2025-03-31 00:00:00+00:00
[2025-03-31T13:09:43.578+0530] {logging_mixin.py:190} INFO - [2025-03-31T13:09:43.578+0530] {dag.py:4180} INFO - Setting next_dagrun for example_branch_datetime_operator_2 to 2025-03-30 00:00:00+00:00, run_after=2025-03-31 00:00:00+00:00
[2025-03-31T13:09:43.579+0530] {logging_mixin.py:190} INFO - [2025-03-31T13:09:43.579+0530] {dag.py:4180} INFO - Setting next_dagrun for example_branch_datetime_operator_3 to 2025-03-30 00:00:00+00:00, run_after=2025-03-31 00:00:00+00:00
[2025-03-31T13:09:43.593+0530] {processor.py:208} INFO - Processing /home/pranav_shirali/airflow-project/airflow-env/lib/python3.10/site-packages/airflow/example_dags/example_branch_datetime_operator.py took 0.069 seconds
[2025-03-31T13:10:40.280+0530] {processor.py:186} INFO - Started process (PID=9439) to work on /home/pranav_shirali/airflow-project/airflow-env/lib/python3.10/site-packages/airflow/example_dags/example_branch_datetime_operator.py
[2025-03-31T13:10:40.283+0530] {processor.py:914} INFO - Processing file /home/pranav_shirali/airflow-project/airflow-env/lib/python3.10/site-packages/airflow/example_dags/example_branch_datetime_operator.py for tasks to queue
[2025-03-31T13:10:40.285+0530] {logging_mixin.py:190} INFO - [2025-03-31T13:10:40.284+0530] {dagbag.py:588} INFO - Filling up the DagBag from /home/pranav_shirali/airflow-project/airflow-env/lib/python3.10/site-packages/airflow/example_dags/example_branch_datetime_operator.py
[2025-03-31T13:10:40.295+0530] {processor.py:925} INFO - DAG(s) 'example_branch_datetime_operator', 'example_branch_datetime_operator_2', 'example_branch_datetime_operator_3' retrieved from /home/pranav_shirali/airflow-project/airflow-env/lib/python3.10/site-packages/airflow/example_dags/example_branch_datetime_operator.py
[2025-03-31T13:10:40.311+0530] {logging_mixin.py:190} INFO - [2025-03-31T13:10:40.311+0530] {dag.py:3239} INFO - Sync 3 DAGs
[2025-03-31T13:10:40.327+0530] {logging_mixin.py:190} INFO - [2025-03-31T13:10:40.327+0530] {dag.py:4180} INFO - Setting next_dagrun for example_branch_datetime_operator to 2025-03-30 00:00:00+00:00, run_after=2025-03-31 00:00:00+00:00
[2025-03-31T13:10:40.331+0530] {logging_mixin.py:190} INFO - [2025-03-31T13:10:40.331+0530] {dag.py:4180} INFO - Setting next_dagrun for example_branch_datetime_operator_2 to 2025-03-30 00:00:00+00:00, run_after=2025-03-31 00:00:00+00:00
[2025-03-31T13:10:40.333+0530] {logging_mixin.py:190} INFO - [2025-03-31T13:10:40.333+0530] {dag.py:4180} INFO - Setting next_dagrun for example_branch_datetime_operator_3 to 2025-03-30 00:00:00+00:00, run_after=2025-03-31 00:00:00+00:00
[2025-03-31T13:10:40.347+0530] {processor.py:208} INFO - Processing /home/pranav_shirali/airflow-project/airflow-env/lib/python3.10/site-packages/airflow/example_dags/example_branch_datetime_operator.py took 0.071 seconds
[2025-03-31T13:11:33.156+0530] {processor.py:186} INFO - Started process (PID=9644) to work on /home/pranav_shirali/airflow-project/airflow-env/lib/python3.10/site-packages/airflow/example_dags/example_branch_datetime_operator.py
[2025-03-31T13:11:33.157+0530] {processor.py:914} INFO - Processing file /home/pranav_shirali/airflow-project/airflow-env/lib/python3.10/site-packages/airflow/example_dags/example_branch_datetime_operator.py for tasks to queue
[2025-03-31T13:11:33.159+0530] {logging_mixin.py:190} INFO - [2025-03-31T13:11:33.158+0530] {dagbag.py:588} INFO - Filling up the DagBag from /home/pranav_shirali/airflow-project/airflow-env/lib/python3.10/site-packages/airflow/example_dags/example_branch_datetime_operator.py
[2025-03-31T13:11:33.170+0530] {processor.py:925} INFO - DAG(s) 'example_branch_datetime_operator', 'example_branch_datetime_operator_3', 'example_branch_datetime_operator_2' retrieved from /home/pranav_shirali/airflow-project/airflow-env/lib/python3.10/site-packages/airflow/example_dags/example_branch_datetime_operator.py
[2025-03-31T13:11:33.188+0530] {logging_mixin.py:190} INFO - [2025-03-31T13:11:33.188+0530] {dag.py:3239} INFO - Sync 3 DAGs
[2025-03-31T13:11:33.207+0530] {logging_mixin.py:190} INFO - [2025-03-31T13:11:33.207+0530] {dag.py:4180} INFO - Setting next_dagrun for example_branch_datetime_operator to 2025-03-30 00:00:00+00:00, run_after=2025-03-31 00:00:00+00:00
[2025-03-31T13:11:33.210+0530] {logging_mixin.py:190} INFO - [2025-03-31T13:11:33.210+0530] {dag.py:4180} INFO - Setting next_dagrun for example_branch_datetime_operator_2 to 2025-03-30 00:00:00+00:00, run_after=2025-03-31 00:00:00+00:00
[2025-03-31T13:11:33.213+0530] {logging_mixin.py:190} INFO - [2025-03-31T13:11:33.212+0530] {dag.py:4180} INFO - Setting next_dagrun for example_branch_datetime_operator_3 to 2025-03-30 00:00:00+00:00, run_after=2025-03-31 00:00:00+00:00
[2025-03-31T13:11:33.229+0530] {processor.py:208} INFO - Processing /home/pranav_shirali/airflow-project/airflow-env/lib/python3.10/site-packages/airflow/example_dags/example_branch_datetime_operator.py took 0.078 seconds
[2025-03-31T13:12:53.469+0530] {processor.py:186} INFO - Started process (PID=9983) to work on /home/pranav_shirali/airflow-project/airflow-env/lib/python3.10/site-packages/airflow/example_dags/example_branch_datetime_operator.py
[2025-03-31T13:12:53.470+0530] {processor.py:914} INFO - Processing file /home/pranav_shirali/airflow-project/airflow-env/lib/python3.10/site-packages/airflow/example_dags/example_branch_datetime_operator.py for tasks to queue
[2025-03-31T13:12:53.471+0530] {logging_mixin.py:190} INFO - [2025-03-31T13:12:53.471+0530] {dagbag.py:588} INFO - Filling up the DagBag from /home/pranav_shirali/airflow-project/airflow-env/lib/python3.10/site-packages/airflow/example_dags/example_branch_datetime_operator.py
[2025-03-31T13:12:53.480+0530] {processor.py:925} INFO - DAG(s) 'example_branch_datetime_operator', 'example_branch_datetime_operator_3', 'example_branch_datetime_operator_2' retrieved from /home/pranav_shirali/airflow-project/airflow-env/lib/python3.10/site-packages/airflow/example_dags/example_branch_datetime_operator.py
[2025-03-31T13:12:53.494+0530] {logging_mixin.py:190} INFO - [2025-03-31T13:12:53.494+0530] {dag.py:3239} INFO - Sync 3 DAGs
[2025-03-31T13:12:53.508+0530] {logging_mixin.py:190} INFO - [2025-03-31T13:12:53.508+0530] {dag.py:4180} INFO - Setting next_dagrun for example_branch_datetime_operator to 2025-03-30 00:00:00+00:00, run_after=2025-03-31 00:00:00+00:00
[2025-03-31T13:12:53.511+0530] {logging_mixin.py:190} INFO - [2025-03-31T13:12:53.511+0530] {dag.py:4180} INFO - Setting next_dagrun for example_branch_datetime_operator_2 to 2025-03-30 00:00:00+00:00, run_after=2025-03-31 00:00:00+00:00
[2025-03-31T13:12:53.512+0530] {logging_mixin.py:190} INFO - [2025-03-31T13:12:53.512+0530] {dag.py:4180} INFO - Setting next_dagrun for example_branch_datetime_operator_3 to 2025-03-30 00:00:00+00:00, run_after=2025-03-31 00:00:00+00:00
[2025-03-31T13:12:53.525+0530] {processor.py:208} INFO - Processing /home/pranav_shirali/airflow-project/airflow-env/lib/python3.10/site-packages/airflow/example_dags/example_branch_datetime_operator.py took 0.060 seconds
[2025-03-31T13:14:14.457+0530] {processor.py:186} INFO - Started process (PID=10669) to work on /home/pranav_shirali/airflow-project/airflow-env/lib/python3.10/site-packages/airflow/example_dags/example_branch_datetime_operator.py
[2025-03-31T13:14:14.458+0530] {processor.py:914} INFO - Processing file /home/pranav_shirali/airflow-project/airflow-env/lib/python3.10/site-packages/airflow/example_dags/example_branch_datetime_operator.py for tasks to queue
[2025-03-31T13:14:14.460+0530] {logging_mixin.py:190} INFO - [2025-03-31T13:14:14.460+0530] {dagbag.py:588} INFO - Filling up the DagBag from /home/pranav_shirali/airflow-project/airflow-env/lib/python3.10/site-packages/airflow/example_dags/example_branch_datetime_operator.py
[2025-03-31T13:14:14.469+0530] {processor.py:925} INFO - DAG(s) 'example_branch_datetime_operator', 'example_branch_datetime_operator_2', 'example_branch_datetime_operator_3' retrieved from /home/pranav_shirali/airflow-project/airflow-env/lib/python3.10/site-packages/airflow/example_dags/example_branch_datetime_operator.py
[2025-03-31T13:14:14.484+0530] {logging_mixin.py:190} INFO - [2025-03-31T13:14:14.483+0530] {dag.py:3239} INFO - Sync 3 DAGs
[2025-03-31T13:14:14.498+0530] {logging_mixin.py:190} INFO - [2025-03-31T13:14:14.498+0530] {dag.py:4180} INFO - Setting next_dagrun for example_branch_datetime_operator to 2025-03-30 00:00:00+00:00, run_after=2025-03-31 00:00:00+00:00
[2025-03-31T13:14:14.501+0530] {logging_mixin.py:190} INFO - [2025-03-31T13:14:14.501+0530] {dag.py:4180} INFO - Setting next_dagrun for example_branch_datetime_operator_2 to 2025-03-30 00:00:00+00:00, run_after=2025-03-31 00:00:00+00:00
[2025-03-31T13:14:14.503+0530] {logging_mixin.py:190} INFO - [2025-03-31T13:14:14.503+0530] {dag.py:4180} INFO - Setting next_dagrun for example_branch_datetime_operator_3 to 2025-03-30 00:00:00+00:00, run_after=2025-03-31 00:00:00+00:00
[2025-03-31T13:14:14.516+0530] {processor.py:208} INFO - Processing /home/pranav_shirali/airflow-project/airflow-env/lib/python3.10/site-packages/airflow/example_dags/example_branch_datetime_operator.py took 0.063 seconds
[2025-03-31T13:15:14.528+0530] {processor.py:186} INFO - Started process (PID=11197) to work on /home/pranav_shirali/airflow-project/airflow-env/lib/python3.10/site-packages/airflow/example_dags/example_branch_datetime_operator.py
[2025-03-31T13:15:14.529+0530] {processor.py:914} INFO - Processing file /home/pranav_shirali/airflow-project/airflow-env/lib/python3.10/site-packages/airflow/example_dags/example_branch_datetime_operator.py for tasks to queue
[2025-03-31T13:15:14.531+0530] {logging_mixin.py:190} INFO - [2025-03-31T13:15:14.530+0530] {dagbag.py:588} INFO - Filling up the DagBag from /home/pranav_shirali/airflow-project/airflow-env/lib/python3.10/site-packages/airflow/example_dags/example_branch_datetime_operator.py
[2025-03-31T13:15:14.540+0530] {processor.py:925} INFO - DAG(s) 'example_branch_datetime_operator', 'example_branch_datetime_operator_3', 'example_branch_datetime_operator_2' retrieved from /home/pranav_shirali/airflow-project/airflow-env/lib/python3.10/site-packages/airflow/example_dags/example_branch_datetime_operator.py
[2025-03-31T13:15:14.557+0530] {logging_mixin.py:190} INFO - [2025-03-31T13:15:14.557+0530] {dag.py:3239} INFO - Sync 3 DAGs
[2025-03-31T13:15:14.575+0530] {logging_mixin.py:190} INFO - [2025-03-31T13:15:14.574+0530] {dag.py:4180} INFO - Setting next_dagrun for example_branch_datetime_operator to 2025-03-30 00:00:00+00:00, run_after=2025-03-31 00:00:00+00:00
[2025-03-31T13:15:14.580+0530] {logging_mixin.py:190} INFO - [2025-03-31T13:15:14.579+0530] {dag.py:4180} INFO - Setting next_dagrun for example_branch_datetime_operator_2 to 2025-03-30 00:00:00+00:00, run_after=2025-03-31 00:00:00+00:00
[2025-03-31T13:15:14.582+0530] {logging_mixin.py:190} INFO - [2025-03-31T13:15:14.582+0530] {dag.py:4180} INFO - Setting next_dagrun for example_branch_datetime_operator_3 to 2025-03-30 00:00:00+00:00, run_after=2025-03-31 00:00:00+00:00
[2025-03-31T13:15:14.598+0530] {processor.py:208} INFO - Processing /home/pranav_shirali/airflow-project/airflow-env/lib/python3.10/site-packages/airflow/example_dags/example_branch_datetime_operator.py took 0.074 seconds
[2025-03-31T13:16:17.496+0530] {processor.py:186} INFO - Started process (PID=11848) to work on /home/pranav_shirali/airflow-project/airflow-env/lib/python3.10/site-packages/airflow/example_dags/example_branch_datetime_operator.py
[2025-03-31T13:16:17.497+0530] {processor.py:914} INFO - Processing file /home/pranav_shirali/airflow-project/airflow-env/lib/python3.10/site-packages/airflow/example_dags/example_branch_datetime_operator.py for tasks to queue
[2025-03-31T13:16:17.500+0530] {logging_mixin.py:190} INFO - [2025-03-31T13:16:17.499+0530] {dagbag.py:588} INFO - Filling up the DagBag from /home/pranav_shirali/airflow-project/airflow-env/lib/python3.10/site-packages/airflow/example_dags/example_branch_datetime_operator.py
[2025-03-31T13:16:17.509+0530] {processor.py:925} INFO - DAG(s) 'example_branch_datetime_operator_3', 'example_branch_datetime_operator_2', 'example_branch_datetime_operator' retrieved from /home/pranav_shirali/airflow-project/airflow-env/lib/python3.10/site-packages/airflow/example_dags/example_branch_datetime_operator.py
[2025-03-31T13:16:17.525+0530] {logging_mixin.py:190} INFO - [2025-03-31T13:16:17.525+0530] {dag.py:3239} INFO - Sync 3 DAGs
[2025-03-31T13:16:17.542+0530] {logging_mixin.py:190} INFO - [2025-03-31T13:16:17.542+0530] {dag.py:4180} INFO - Setting next_dagrun for example_branch_datetime_operator to 2025-03-30 00:00:00+00:00, run_after=2025-03-31 00:00:00+00:00
[2025-03-31T13:16:17.547+0530] {logging_mixin.py:190} INFO - [2025-03-31T13:16:17.547+0530] {dag.py:4180} INFO - Setting next_dagrun for example_branch_datetime_operator_2 to 2025-03-30 00:00:00+00:00, run_after=2025-03-31 00:00:00+00:00
[2025-03-31T13:16:17.549+0530] {logging_mixin.py:190} INFO - [2025-03-31T13:16:17.549+0530] {dag.py:4180} INFO - Setting next_dagrun for example_branch_datetime_operator_3 to 2025-03-30 00:00:00+00:00, run_after=2025-03-31 00:00:00+00:00
[2025-03-31T13:16:17.565+0530] {processor.py:208} INFO - Processing /home/pranav_shirali/airflow-project/airflow-env/lib/python3.10/site-packages/airflow/example_dags/example_branch_datetime_operator.py took 0.074 seconds
[2025-03-31T13:17:39.076+0530] {processor.py:186} INFO - Started process (PID=12512) to work on /home/pranav_shirali/airflow-project/airflow-env/lib/python3.10/site-packages/airflow/example_dags/example_branch_datetime_operator.py
[2025-03-31T13:17:39.077+0530] {processor.py:914} INFO - Processing file /home/pranav_shirali/airflow-project/airflow-env/lib/python3.10/site-packages/airflow/example_dags/example_branch_datetime_operator.py for tasks to queue
[2025-03-31T13:17:39.079+0530] {logging_mixin.py:190} INFO - [2025-03-31T13:17:39.078+0530] {dagbag.py:588} INFO - Filling up the DagBag from /home/pranav_shirali/airflow-project/airflow-env/lib/python3.10/site-packages/airflow/example_dags/example_branch_datetime_operator.py
[2025-03-31T13:17:39.088+0530] {processor.py:925} INFO - DAG(s) 'example_branch_datetime_operator_2', 'example_branch_datetime_operator_3', 'example_branch_datetime_operator' retrieved from /home/pranav_shirali/airflow-project/airflow-env/lib/python3.10/site-packages/airflow/example_dags/example_branch_datetime_operator.py
[2025-03-31T13:17:39.102+0530] {logging_mixin.py:190} INFO - [2025-03-31T13:17:39.102+0530] {dag.py:3239} INFO - Sync 3 DAGs
[2025-03-31T13:17:39.114+0530] {logging_mixin.py:190} INFO - [2025-03-31T13:17:39.114+0530] {dag.py:4180} INFO - Setting next_dagrun for example_branch_datetime_operator to 2025-03-30 00:00:00+00:00, run_after=2025-03-31 00:00:00+00:00
[2025-03-31T13:17:39.117+0530] {logging_mixin.py:190} INFO - [2025-03-31T13:17:39.117+0530] {dag.py:4180} INFO - Setting next_dagrun for example_branch_datetime_operator_2 to 2025-03-30 00:00:00+00:00, run_after=2025-03-31 00:00:00+00:00
[2025-03-31T13:17:39.119+0530] {logging_mixin.py:190} INFO - [2025-03-31T13:17:39.119+0530] {dag.py:4180} INFO - Setting next_dagrun for example_branch_datetime_operator_3 to 2025-03-30 00:00:00+00:00, run_after=2025-03-31 00:00:00+00:00
[2025-03-31T13:17:39.130+0530] {processor.py:208} INFO - Processing /home/pranav_shirali/airflow-project/airflow-env/lib/python3.10/site-packages/airflow/example_dags/example_branch_datetime_operator.py took 0.058 seconds
