[2025-03-31T13:07:25.811+0530] {processor.py:186} INFO - Started process (PID=8449) to work on /home/pranav_shirali/airflow-project/airflow-env/lib/python3.10/site-packages/airflow/example_dags/example_display_name.py
[2025-03-31T13:07:25.811+0530] {processor.py:914} INFO - Processing file /home/pranav_shirali/airflow-project/airflow-env/lib/python3.10/site-packages/airflow/example_dags/example_display_name.py for tasks to queue
[2025-03-31T13:07:25.813+0530] {logging_mixin.py:190} INFO - [2025-03-31T13:07:25.812+0530] {dagbag.py:588} INFO - Filling up the DagBag from /home/pranav_shirali/airflow-project/airflow-env/lib/python3.10/site-packages/airflow/example_dags/example_display_name.py
[2025-03-31T13:07:25.818+0530] {processor.py:925} INFO - DAG(s) 'example_display_name' retrieved from /home/pranav_shirali/airflow-project/airflow-env/lib/python3.10/site-packages/airflow/example_dags/example_display_name.py
[2025-03-31T13:07:25.830+0530] {logging_mixin.py:190} INFO - [2025-03-31T13:07:25.829+0530] {dag.py:3239} INFO - Sync 1 DAGs
[2025-03-31T13:07:25.838+0530] {logging_mixin.py:190} INFO - [2025-03-31T13:07:25.838+0530] {dag.py:4180} INFO - Setting next_dagrun for example_display_name to None, run_after=None
[2025-03-31T13:07:25.853+0530] {processor.py:208} INFO - Processing /home/pranav_shirali/airflow-project/airflow-env/lib/python3.10/site-packages/airflow/example_dags/example_display_name.py took 0.046 seconds
[2025-03-31T13:08:31.904+0530] {processor.py:186} INFO - Started process (PID=8862) to work on /home/pranav_shirali/airflow-project/airflow-env/lib/python3.10/site-packages/airflow/example_dags/example_display_name.py
[2025-03-31T13:08:31.907+0530] {processor.py:914} INFO - Processing file /home/pranav_shirali/airflow-project/airflow-env/lib/python3.10/site-packages/airflow/example_dags/example_display_name.py for tasks to queue
[2025-03-31T13:08:31.908+0530] {logging_mixin.py:190} INFO - [2025-03-31T13:08:31.908+0530] {dagbag.py:588} INFO - Filling up the DagBag from /home/pranav_shirali/airflow-project/airflow-env/lib/python3.10/site-packages/airflow/example_dags/example_display_name.py
[2025-03-31T13:08:31.913+0530] {processor.py:925} INFO - DAG(s) 'example_display_name' retrieved from /home/pranav_shirali/airflow-project/airflow-env/lib/python3.10/site-packages/airflow/example_dags/example_display_name.py
[2025-03-31T13:08:31.924+0530] {logging_mixin.py:190} INFO - [2025-03-31T13:08:31.924+0530] {dag.py:3239} INFO - Sync 1 DAGs
[2025-03-31T13:08:31.934+0530] {logging_mixin.py:190} INFO - [2025-03-31T13:08:31.934+0530] {dag.py:4180} INFO - Setting next_dagrun for example_display_name to None, run_after=None
[2025-03-31T13:08:31.947+0530] {processor.py:208} INFO - Processing /home/pranav_shirali/airflow-project/airflow-env/lib/python3.10/site-packages/airflow/example_dags/example_display_name.py took 0.047 seconds
[2025-03-31T13:09:32.264+0530] {processor.py:186} INFO - Started process (PID=9173) to work on /home/pranav_shirali/airflow-project/airflow-env/lib/python3.10/site-packages/airflow/example_dags/example_display_name.py
[2025-03-31T13:09:32.265+0530] {processor.py:914} INFO - Processing file /home/pranav_shirali/airflow-project/airflow-env/lib/python3.10/site-packages/airflow/example_dags/example_display_name.py for tasks to queue
[2025-03-31T13:09:32.266+0530] {logging_mixin.py:190} INFO - [2025-03-31T13:09:32.266+0530] {dagbag.py:588} INFO - Filling up the DagBag from /home/pranav_shirali/airflow-project/airflow-env/lib/python3.10/site-packages/airflow/example_dags/example_display_name.py
[2025-03-31T13:09:32.272+0530] {processor.py:925} INFO - DAG(s) 'example_display_name' retrieved from /home/pranav_shirali/airflow-project/airflow-env/lib/python3.10/site-packages/airflow/example_dags/example_display_name.py
[2025-03-31T13:09:32.283+0530] {logging_mixin.py:190} INFO - [2025-03-31T13:09:32.283+0530] {dag.py:3239} INFO - Sync 1 DAGs
[2025-03-31T13:09:32.293+0530] {logging_mixin.py:190} INFO - [2025-03-31T13:09:32.292+0530] {dag.py:4180} INFO - Setting next_dagrun for example_display_name to None, run_after=None
[2025-03-31T13:09:32.310+0530] {processor.py:208} INFO - Processing /home/pranav_shirali/airflow-project/airflow-env/lib/python3.10/site-packages/airflow/example_dags/example_display_name.py took 0.050 seconds
[2025-03-31T13:10:28.239+0530] {processor.py:186} INFO - Started process (PID=9398) to work on /home/pranav_shirali/airflow-project/airflow-env/lib/python3.10/site-packages/airflow/example_dags/example_display_name.py
[2025-03-31T13:10:28.242+0530] {processor.py:914} INFO - Processing file /home/pranav_shirali/airflow-project/airflow-env/lib/python3.10/site-packages/airflow/example_dags/example_display_name.py for tasks to queue
[2025-03-31T13:10:28.244+0530] {logging_mixin.py:190} INFO - [2025-03-31T13:10:28.244+0530] {dagbag.py:588} INFO - Filling up the DagBag from /home/pranav_shirali/airflow-project/airflow-env/lib/python3.10/site-packages/airflow/example_dags/example_display_name.py
[2025-03-31T13:10:28.250+0530] {processor.py:925} INFO - DAG(s) 'example_display_name' retrieved from /home/pranav_shirali/airflow-project/airflow-env/lib/python3.10/site-packages/airflow/example_dags/example_display_name.py
[2025-03-31T13:10:28.263+0530] {logging_mixin.py:190} INFO - [2025-03-31T13:10:28.263+0530] {dag.py:3239} INFO - Sync 1 DAGs
[2025-03-31T13:10:28.275+0530] {logging_mixin.py:190} INFO - [2025-03-31T13:10:28.274+0530] {dag.py:4180} INFO - Setting next_dagrun for example_display_name to None, run_after=None
[2025-03-31T13:10:28.299+0530] {processor.py:208} INFO - Processing /home/pranav_shirali/airflow-project/airflow-env/lib/python3.10/site-packages/airflow/example_dags/example_display_name.py took 0.066 seconds
[2025-03-31T13:11:23.148+0530] {processor.py:186} INFO - Started process (PID=9609) to work on /home/pranav_shirali/airflow-project/airflow-env/lib/python3.10/site-packages/airflow/example_dags/example_display_name.py
[2025-03-31T13:11:23.150+0530] {processor.py:914} INFO - Processing file /home/pranav_shirali/airflow-project/airflow-env/lib/python3.10/site-packages/airflow/example_dags/example_display_name.py for tasks to queue
[2025-03-31T13:11:23.153+0530] {logging_mixin.py:190} INFO - [2025-03-31T13:11:23.153+0530] {dagbag.py:588} INFO - Filling up the DagBag from /home/pranav_shirali/airflow-project/airflow-env/lib/python3.10/site-packages/airflow/example_dags/example_display_name.py
[2025-03-31T13:11:23.160+0530] {processor.py:925} INFO - DAG(s) 'example_display_name' retrieved from /home/pranav_shirali/airflow-project/airflow-env/lib/python3.10/site-packages/airflow/example_dags/example_display_name.py
[2025-03-31T13:11:23.170+0530] {logging_mixin.py:190} INFO - [2025-03-31T13:11:23.170+0530] {dag.py:3239} INFO - Sync 1 DAGs
[2025-03-31T13:11:23.180+0530] {logging_mixin.py:190} INFO - [2025-03-31T13:11:23.179+0530] {dag.py:4180} INFO - Setting next_dagrun for example_display_name to None, run_after=None
[2025-03-31T13:11:23.194+0530] {processor.py:208} INFO - Processing /home/pranav_shirali/airflow-project/airflow-env/lib/python3.10/site-packages/airflow/example_dags/example_display_name.py took 0.050 seconds
[2025-03-31T13:12:18.275+0530] {processor.py:186} INFO - Started process (PID=9849) to work on /home/pranav_shirali/airflow-project/airflow-env/lib/python3.10/site-packages/airflow/example_dags/example_display_name.py
[2025-03-31T13:12:18.277+0530] {processor.py:914} INFO - Processing file /home/pranav_shirali/airflow-project/airflow-env/lib/python3.10/site-packages/airflow/example_dags/example_display_name.py for tasks to queue
[2025-03-31T13:12:18.279+0530] {logging_mixin.py:190} INFO - [2025-03-31T13:12:18.278+0530] {dagbag.py:588} INFO - Filling up the DagBag from /home/pranav_shirali/airflow-project/airflow-env/lib/python3.10/site-packages/airflow/example_dags/example_display_name.py
[2025-03-31T13:12:18.287+0530] {processor.py:925} INFO - DAG(s) 'example_display_name' retrieved from /home/pranav_shirali/airflow-project/airflow-env/lib/python3.10/site-packages/airflow/example_dags/example_display_name.py
[2025-03-31T13:12:18.300+0530] {logging_mixin.py:190} INFO - [2025-03-31T13:12:18.300+0530] {dag.py:3239} INFO - Sync 1 DAGs
[2025-03-31T13:12:18.310+0530] {logging_mixin.py:190} INFO - [2025-03-31T13:12:18.309+0530] {dag.py:4180} INFO - Setting next_dagrun for example_display_name to None, run_after=None
[2025-03-31T13:12:18.328+0530] {processor.py:208} INFO - Processing /home/pranav_shirali/airflow-project/airflow-env/lib/python3.10/site-packages/airflow/example_dags/example_display_name.py took 0.058 seconds
[2025-03-31T13:13:10.531+0530] {processor.py:186} INFO - Started process (PID=10055) to work on /home/pranav_shirali/airflow-project/airflow-env/lib/python3.10/site-packages/airflow/example_dags/example_display_name.py
[2025-03-31T13:13:10.532+0530] {processor.py:914} INFO - Processing file /home/pranav_shirali/airflow-project/airflow-env/lib/python3.10/site-packages/airflow/example_dags/example_display_name.py for tasks to queue
[2025-03-31T13:13:10.534+0530] {logging_mixin.py:190} INFO - [2025-03-31T13:13:10.533+0530] {dagbag.py:588} INFO - Filling up the DagBag from /home/pranav_shirali/airflow-project/airflow-env/lib/python3.10/site-packages/airflow/example_dags/example_display_name.py
[2025-03-31T13:13:10.539+0530] {processor.py:925} INFO - DAG(s) 'example_display_name' retrieved from /home/pranav_shirali/airflow-project/airflow-env/lib/python3.10/site-packages/airflow/example_dags/example_display_name.py
[2025-03-31T13:13:10.549+0530] {logging_mixin.py:190} INFO - [2025-03-31T13:13:10.549+0530] {dag.py:3239} INFO - Sync 1 DAGs
[2025-03-31T13:13:10.557+0530] {logging_mixin.py:190} INFO - [2025-03-31T13:13:10.557+0530] {dag.py:4180} INFO - Setting next_dagrun for example_display_name to None, run_after=None
[2025-03-31T13:13:10.571+0530] {processor.py:208} INFO - Processing /home/pranav_shirali/airflow-project/airflow-env/lib/python3.10/site-packages/airflow/example_dags/example_display_name.py took 0.044 seconds
[2025-03-31T13:14:06.731+0530] {processor.py:186} INFO - Started process (PID=10574) to work on /home/pranav_shirali/airflow-project/airflow-env/lib/python3.10/site-packages/airflow/example_dags/example_display_name.py
[2025-03-31T13:14:06.732+0530] {processor.py:914} INFO - Processing file /home/pranav_shirali/airflow-project/airflow-env/lib/python3.10/site-packages/airflow/example_dags/example_display_name.py for tasks to queue
[2025-03-31T13:14:06.733+0530] {logging_mixin.py:190} INFO - [2025-03-31T13:14:06.733+0530] {dagbag.py:588} INFO - Filling up the DagBag from /home/pranav_shirali/airflow-project/airflow-env/lib/python3.10/site-packages/airflow/example_dags/example_display_name.py
[2025-03-31T13:14:06.739+0530] {processor.py:925} INFO - DAG(s) 'example_display_name' retrieved from /home/pranav_shirali/airflow-project/airflow-env/lib/python3.10/site-packages/airflow/example_dags/example_display_name.py
[2025-03-31T13:14:06.753+0530] {logging_mixin.py:190} INFO - [2025-03-31T13:14:06.753+0530] {dag.py:3239} INFO - Sync 1 DAGs
[2025-03-31T13:14:06.768+0530] {logging_mixin.py:190} INFO - [2025-03-31T13:14:06.768+0530] {dag.py:4180} INFO - Setting next_dagrun for example_display_name to None, run_after=None
[2025-03-31T13:14:06.786+0530] {processor.py:208} INFO - Processing /home/pranav_shirali/airflow-project/airflow-env/lib/python3.10/site-packages/airflow/example_dags/example_display_name.py took 0.061 seconds
[2025-03-31T13:15:03.672+0530] {processor.py:186} INFO - Started process (PID=11126) to work on /home/pranav_shirali/airflow-project/airflow-env/lib/python3.10/site-packages/airflow/example_dags/example_display_name.py
[2025-03-31T13:15:03.674+0530] {processor.py:914} INFO - Processing file /home/pranav_shirali/airflow-project/airflow-env/lib/python3.10/site-packages/airflow/example_dags/example_display_name.py for tasks to queue
[2025-03-31T13:15:03.675+0530] {logging_mixin.py:190} INFO - [2025-03-31T13:15:03.675+0530] {dagbag.py:588} INFO - Filling up the DagBag from /home/pranav_shirali/airflow-project/airflow-env/lib/python3.10/site-packages/airflow/example_dags/example_display_name.py
[2025-03-31T13:15:03.680+0530] {processor.py:925} INFO - DAG(s) 'example_display_name' retrieved from /home/pranav_shirali/airflow-project/airflow-env/lib/python3.10/site-packages/airflow/example_dags/example_display_name.py
[2025-03-31T13:15:03.743+0530] {logging_mixin.py:190} INFO - [2025-03-31T13:15:03.743+0530] {dag.py:3239} INFO - Sync 1 DAGs
[2025-03-31T13:15:03.754+0530] {logging_mixin.py:190} INFO - [2025-03-31T13:15:03.753+0530] {dag.py:3262} INFO - Creating ORM DAG for example_display_name
[2025-03-31T13:15:03.754+0530] {logging_mixin.py:190} INFO - [2025-03-31T13:15:03.754+0530] {dag.py:4180} INFO - Setting next_dagrun for example_display_name to None, run_after=None
[2025-03-31T13:15:03.771+0530] {processor.py:208} INFO - Processing /home/pranav_shirali/airflow-project/airflow-env/lib/python3.10/site-packages/airflow/example_dags/example_display_name.py took 0.104 seconds
[2025-03-31T13:16:05.643+0530] {processor.py:186} INFO - Started process (PID=11747) to work on /home/pranav_shirali/airflow-project/airflow-env/lib/python3.10/site-packages/airflow/example_dags/example_display_name.py
[2025-03-31T13:16:05.644+0530] {processor.py:914} INFO - Processing file /home/pranav_shirali/airflow-project/airflow-env/lib/python3.10/site-packages/airflow/example_dags/example_display_name.py for tasks to queue
[2025-03-31T13:16:05.645+0530] {logging_mixin.py:190} INFO - [2025-03-31T13:16:05.645+0530] {dagbag.py:588} INFO - Filling up the DagBag from /home/pranav_shirali/airflow-project/airflow-env/lib/python3.10/site-packages/airflow/example_dags/example_display_name.py
[2025-03-31T13:16:05.650+0530] {processor.py:925} INFO - DAG(s) 'example_display_name' retrieved from /home/pranav_shirali/airflow-project/airflow-env/lib/python3.10/site-packages/airflow/example_dags/example_display_name.py
[2025-03-31T13:16:05.713+0530] {logging_mixin.py:190} INFO - [2025-03-31T13:16:05.713+0530] {dag.py:3239} INFO - Sync 1 DAGs
[2025-03-31T13:16:05.720+0530] {logging_mixin.py:190} INFO - [2025-03-31T13:16:05.720+0530] {dag.py:3262} INFO - Creating ORM DAG for example_display_name
[2025-03-31T13:16:05.720+0530] {logging_mixin.py:190} INFO - [2025-03-31T13:16:05.720+0530] {dag.py:4180} INFO - Setting next_dagrun for example_display_name to None, run_after=None
[2025-03-31T13:16:05.735+0530] {processor.py:208} INFO - Processing /home/pranav_shirali/airflow-project/airflow-env/lib/python3.10/site-packages/airflow/example_dags/example_display_name.py took 0.097 seconds
[2025-03-31T13:17:05.957+0530] {processor.py:186} INFO - Started process (PID=12242) to work on /home/pranav_shirali/airflow-project/airflow-env/lib/python3.10/site-packages/airflow/example_dags/example_display_name.py
[2025-03-31T13:17:05.962+0530] {processor.py:914} INFO - Processing file /home/pranav_shirali/airflow-project/airflow-env/lib/python3.10/site-packages/airflow/example_dags/example_display_name.py for tasks to queue
[2025-03-31T13:17:05.963+0530] {logging_mixin.py:190} INFO - [2025-03-31T13:17:05.963+0530] {dagbag.py:588} INFO - Filling up the DagBag from /home/pranav_shirali/airflow-project/airflow-env/lib/python3.10/site-packages/airflow/example_dags/example_display_name.py
[2025-03-31T13:17:05.969+0530] {processor.py:925} INFO - DAG(s) 'example_display_name' retrieved from /home/pranav_shirali/airflow-project/airflow-env/lib/python3.10/site-packages/airflow/example_dags/example_display_name.py
[2025-03-31T13:17:06.035+0530] {logging_mixin.py:190} INFO - [2025-03-31T13:17:06.035+0530] {dag.py:3239} INFO - Sync 1 DAGs
[2025-03-31T13:17:06.043+0530] {logging_mixin.py:190} INFO - [2025-03-31T13:17:06.043+0530] {dag.py:3262} INFO - Creating ORM DAG for example_display_name
[2025-03-31T13:17:06.044+0530] {logging_mixin.py:190} INFO - [2025-03-31T13:17:06.043+0530] {dag.py:4180} INFO - Setting next_dagrun for example_display_name to None, run_after=None
[2025-03-31T13:17:06.058+0530] {processor.py:208} INFO - Processing /home/pranav_shirali/airflow-project/airflow-env/lib/python3.10/site-packages/airflow/example_dags/example_display_name.py took 0.105 seconds
