[2025-03-31T13:07:40.992+0530] {processor.py:186} INFO - Started process (PID=8568) to work on /home/pranav_shirali/airflow-project/airflow-env/lib/python3.10/site-packages/airflow/example_dags/example_datasets.py
[2025-03-31T13:07:40.992+0530] {processor.py:914} INFO - Processing file /home/pranav_shirali/airflow-project/airflow-env/lib/python3.10/site-packages/airflow/example_dags/example_datasets.py for tasks to queue
[2025-03-31T13:07:40.994+0530] {logging_mixin.py:190} INFO - [2025-03-31T13:07:40.994+0530] {dagbag.py:588} INFO - Filling up the DagBag from /home/pranav_shirali/airflow-project/airflow-env/lib/python3.10/site-packages/airflow/example_dags/example_datasets.py
[2025-03-31T13:07:41.015+0530] {processor.py:925} INFO - DAG(s) 'dataset_produces_2', 'conditional_dataset_and_time_based_timetable', 'dataset_consumes_1_never_scheduled', 'dataset_consumes_1', 'dataset_consumes_unknown_never_scheduled', 'dataset_produces_1', 'dataset_consumes_1_and_2', 'consume_1_or_2_with_dataset_expressions', 'consume_1_and_2_with_dataset_expressions', 'consume_1_or_both_2_and_3_with_dataset_expressions' retrieved from /home/pranav_shirali/airflow-project/airflow-env/lib/python3.10/site-packages/airflow/example_dags/example_datasets.py
[2025-03-31T13:07:41.047+0530] {logging_mixin.py:190} INFO - [2025-03-31T13:07:41.046+0530] {dag.py:3239} INFO - Sync 10 DAGs
[2025-03-31T13:07:41.063+0530] {logging_mixin.py:190} INFO - [2025-03-31T13:07:41.062+0530] {dag.py:4180} INFO - Setting next_dagrun for conditional_dataset_and_time_based_timetable to 2025-03-26 01:00:00+00:00, run_after=2025-03-26 01:00:00+00:00
[2025-03-31T13:07:41.065+0530] {logging_mixin.py:190} INFO - [2025-03-31T13:07:41.065+0530] {dag.py:4180} INFO - Setting next_dagrun for consume_1_and_2_with_dataset_expressions to None, run_after=None
[2025-03-31T13:07:41.066+0530] {logging_mixin.py:190} INFO - [2025-03-31T13:07:41.066+0530] {dag.py:4180} INFO - Setting next_dagrun for consume_1_or_2_with_dataset_expressions to None, run_after=None
[2025-03-31T13:07:41.067+0530] {logging_mixin.py:190} INFO - [2025-03-31T13:07:41.067+0530] {dag.py:4180} INFO - Setting next_dagrun for consume_1_or_both_2_and_3_with_dataset_expressions to None, run_after=None
[2025-03-31T13:07:41.068+0530] {logging_mixin.py:190} INFO - [2025-03-31T13:07:41.068+0530] {dag.py:4180} INFO - Setting next_dagrun for dataset_consumes_1 to None, run_after=None
[2025-03-31T13:07:41.068+0530] {logging_mixin.py:190} INFO - [2025-03-31T13:07:41.068+0530] {dag.py:4180} INFO - Setting next_dagrun for dataset_consumes_1_and_2 to None, run_after=None
[2025-03-31T13:07:41.069+0530] {logging_mixin.py:190} INFO - [2025-03-31T13:07:41.069+0530] {dag.py:4180} INFO - Setting next_dagrun for dataset_consumes_1_never_scheduled to None, run_after=None
[2025-03-31T13:07:41.070+0530] {logging_mixin.py:190} INFO - [2025-03-31T13:07:41.070+0530] {dag.py:4180} INFO - Setting next_dagrun for dataset_consumes_unknown_never_scheduled to None, run_after=None
[2025-03-31T13:07:41.071+0530] {logging_mixin.py:190} INFO - [2025-03-31T13:07:41.071+0530] {dag.py:4180} INFO - Setting next_dagrun for dataset_produces_1 to 2025-03-30 00:00:00+00:00, run_after=2025-03-31 00:00:00+00:00
[2025-03-31T13:07:41.072+0530] {logging_mixin.py:190} INFO - [2025-03-31T13:07:41.072+0530] {dag.py:4180} INFO - Setting next_dagrun for dataset_produces_2 to None, run_after=None
[2025-03-31T13:07:41.095+0530] {processor.py:208} INFO - Processing /home/pranav_shirali/airflow-project/airflow-env/lib/python3.10/site-packages/airflow/example_dags/example_datasets.py took 0.108 seconds
[2025-03-31T13:08:43.313+0530] {processor.py:186} INFO - Started process (PID=8966) to work on /home/pranav_shirali/airflow-project/airflow-env/lib/python3.10/site-packages/airflow/example_dags/example_datasets.py
[2025-03-31T13:08:43.315+0530] {processor.py:914} INFO - Processing file /home/pranav_shirali/airflow-project/airflow-env/lib/python3.10/site-packages/airflow/example_dags/example_datasets.py for tasks to queue
[2025-03-31T13:08:43.317+0530] {logging_mixin.py:190} INFO - [2025-03-31T13:08:43.317+0530] {dagbag.py:588} INFO - Filling up the DagBag from /home/pranav_shirali/airflow-project/airflow-env/lib/python3.10/site-packages/airflow/example_dags/example_datasets.py
[2025-03-31T13:08:43.328+0530] {processor.py:925} INFO - DAG(s) 'dataset_consumes_1', 'dataset_produces_2', 'consume_1_or_2_with_dataset_expressions', 'consume_1_or_both_2_and_3_with_dataset_expressions', 'dataset_produces_1', 'conditional_dataset_and_time_based_timetable', 'dataset_consumes_unknown_never_scheduled', 'dataset_consumes_1_and_2', 'dataset_consumes_1_never_scheduled', 'consume_1_and_2_with_dataset_expressions' retrieved from /home/pranav_shirali/airflow-project/airflow-env/lib/python3.10/site-packages/airflow/example_dags/example_datasets.py
[2025-03-31T13:08:43.353+0530] {logging_mixin.py:190} INFO - [2025-03-31T13:08:43.352+0530] {dag.py:3239} INFO - Sync 10 DAGs
[2025-03-31T13:08:43.369+0530] {logging_mixin.py:190} INFO - [2025-03-31T13:08:43.368+0530] {dag.py:4180} INFO - Setting next_dagrun for conditional_dataset_and_time_based_timetable to 2025-03-26 01:00:00+00:00, run_after=2025-03-26 01:00:00+00:00
[2025-03-31T13:08:43.371+0530] {logging_mixin.py:190} INFO - [2025-03-31T13:08:43.371+0530] {dag.py:4180} INFO - Setting next_dagrun for consume_1_and_2_with_dataset_expressions to None, run_after=None
[2025-03-31T13:08:43.372+0530] {logging_mixin.py:190} INFO - [2025-03-31T13:08:43.372+0530] {dag.py:4180} INFO - Setting next_dagrun for consume_1_or_2_with_dataset_expressions to None, run_after=None
[2025-03-31T13:08:43.372+0530] {logging_mixin.py:190} INFO - [2025-03-31T13:08:43.372+0530] {dag.py:4180} INFO - Setting next_dagrun for consume_1_or_both_2_and_3_with_dataset_expressions to None, run_after=None
[2025-03-31T13:08:43.373+0530] {logging_mixin.py:190} INFO - [2025-03-31T13:08:43.373+0530] {dag.py:4180} INFO - Setting next_dagrun for dataset_consumes_1 to None, run_after=None
[2025-03-31T13:08:43.374+0530] {logging_mixin.py:190} INFO - [2025-03-31T13:08:43.374+0530] {dag.py:4180} INFO - Setting next_dagrun for dataset_consumes_1_and_2 to None, run_after=None
[2025-03-31T13:08:43.374+0530] {logging_mixin.py:190} INFO - [2025-03-31T13:08:43.374+0530] {dag.py:4180} INFO - Setting next_dagrun for dataset_consumes_1_never_scheduled to None, run_after=None
[2025-03-31T13:08:43.375+0530] {logging_mixin.py:190} INFO - [2025-03-31T13:08:43.375+0530] {dag.py:4180} INFO - Setting next_dagrun for dataset_consumes_unknown_never_scheduled to None, run_after=None
[2025-03-31T13:08:43.376+0530] {logging_mixin.py:190} INFO - [2025-03-31T13:08:43.376+0530] {dag.py:4180} INFO - Setting next_dagrun for dataset_produces_1 to 2025-03-30 00:00:00+00:00, run_after=2025-03-31 00:00:00+00:00
[2025-03-31T13:08:43.377+0530] {logging_mixin.py:190} INFO - [2025-03-31T13:08:43.377+0530] {dag.py:4180} INFO - Setting next_dagrun for dataset_produces_2 to None, run_after=None
[2025-03-31T13:08:43.400+0530] {processor.py:208} INFO - Processing /home/pranav_shirali/airflow-project/airflow-env/lib/python3.10/site-packages/airflow/example_dags/example_datasets.py took 0.090 seconds
[2025-03-31T13:09:44.670+0530] {processor.py:186} INFO - Started process (PID=9221) to work on /home/pranav_shirali/airflow-project/airflow-env/lib/python3.10/site-packages/airflow/example_dags/example_datasets.py
[2025-03-31T13:09:44.672+0530] {processor.py:914} INFO - Processing file /home/pranav_shirali/airflow-project/airflow-env/lib/python3.10/site-packages/airflow/example_dags/example_datasets.py for tasks to queue
[2025-03-31T13:09:44.674+0530] {logging_mixin.py:190} INFO - [2025-03-31T13:09:44.673+0530] {dagbag.py:588} INFO - Filling up the DagBag from /home/pranav_shirali/airflow-project/airflow-env/lib/python3.10/site-packages/airflow/example_dags/example_datasets.py
[2025-03-31T13:09:44.685+0530] {processor.py:925} INFO - DAG(s) 'conditional_dataset_and_time_based_timetable', 'dataset_consumes_unknown_never_scheduled', 'dataset_produces_1', 'dataset_consumes_1', 'dataset_produces_2', 'dataset_consumes_1_and_2', 'consume_1_and_2_with_dataset_expressions', 'dataset_consumes_1_never_scheduled', 'consume_1_or_2_with_dataset_expressions', 'consume_1_or_both_2_and_3_with_dataset_expressions' retrieved from /home/pranav_shirali/airflow-project/airflow-env/lib/python3.10/site-packages/airflow/example_dags/example_datasets.py
[2025-03-31T13:09:44.708+0530] {logging_mixin.py:190} INFO - [2025-03-31T13:09:44.708+0530] {dag.py:3239} INFO - Sync 10 DAGs
[2025-03-31T13:09:44.724+0530] {logging_mixin.py:190} INFO - [2025-03-31T13:09:44.723+0530] {dag.py:4180} INFO - Setting next_dagrun for conditional_dataset_and_time_based_timetable to 2025-03-26 01:00:00+00:00, run_after=2025-03-26 01:00:00+00:00
[2025-03-31T13:09:44.726+0530] {logging_mixin.py:190} INFO - [2025-03-31T13:09:44.725+0530] {dag.py:4180} INFO - Setting next_dagrun for consume_1_and_2_with_dataset_expressions to None, run_after=None
[2025-03-31T13:09:44.726+0530] {logging_mixin.py:190} INFO - [2025-03-31T13:09:44.726+0530] {dag.py:4180} INFO - Setting next_dagrun for consume_1_or_2_with_dataset_expressions to None, run_after=None
[2025-03-31T13:09:44.727+0530] {logging_mixin.py:190} INFO - [2025-03-31T13:09:44.727+0530] {dag.py:4180} INFO - Setting next_dagrun for consume_1_or_both_2_and_3_with_dataset_expressions to None, run_after=None
[2025-03-31T13:09:44.728+0530] {logging_mixin.py:190} INFO - [2025-03-31T13:09:44.728+0530] {dag.py:4180} INFO - Setting next_dagrun for dataset_consumes_1 to None, run_after=None
[2025-03-31T13:09:44.729+0530] {logging_mixin.py:190} INFO - [2025-03-31T13:09:44.729+0530] {dag.py:4180} INFO - Setting next_dagrun for dataset_consumes_1_and_2 to None, run_after=None
[2025-03-31T13:09:44.729+0530] {logging_mixin.py:190} INFO - [2025-03-31T13:09:44.729+0530] {dag.py:4180} INFO - Setting next_dagrun for dataset_consumes_1_never_scheduled to None, run_after=None
[2025-03-31T13:09:44.730+0530] {logging_mixin.py:190} INFO - [2025-03-31T13:09:44.730+0530] {dag.py:4180} INFO - Setting next_dagrun for dataset_consumes_unknown_never_scheduled to None, run_after=None
[2025-03-31T13:09:44.731+0530] {logging_mixin.py:190} INFO - [2025-03-31T13:09:44.731+0530] {dag.py:4180} INFO - Setting next_dagrun for dataset_produces_1 to 2025-03-30 00:00:00+00:00, run_after=2025-03-31 00:00:00+00:00
[2025-03-31T13:09:44.732+0530] {logging_mixin.py:190} INFO - [2025-03-31T13:09:44.732+0530] {dag.py:4180} INFO - Setting next_dagrun for dataset_produces_2 to None, run_after=None
[2025-03-31T13:09:44.755+0530] {processor.py:208} INFO - Processing /home/pranav_shirali/airflow-project/airflow-env/lib/python3.10/site-packages/airflow/example_dags/example_datasets.py took 0.089 seconds
[2025-03-31T13:10:41.422+0530] {processor.py:186} INFO - Started process (PID=9440) to work on /home/pranav_shirali/airflow-project/airflow-env/lib/python3.10/site-packages/airflow/example_dags/example_datasets.py
[2025-03-31T13:10:41.423+0530] {processor.py:914} INFO - Processing file /home/pranav_shirali/airflow-project/airflow-env/lib/python3.10/site-packages/airflow/example_dags/example_datasets.py for tasks to queue
[2025-03-31T13:10:41.425+0530] {logging_mixin.py:190} INFO - [2025-03-31T13:10:41.424+0530] {dagbag.py:588} INFO - Filling up the DagBag from /home/pranav_shirali/airflow-project/airflow-env/lib/python3.10/site-packages/airflow/example_dags/example_datasets.py
[2025-03-31T13:10:41.441+0530] {processor.py:925} INFO - DAG(s) 'dataset_consumes_unknown_never_scheduled', 'consume_1_or_2_with_dataset_expressions', 'dataset_consumes_1_and_2', 'dataset_produces_1', 'consume_1_or_both_2_and_3_with_dataset_expressions', 'consume_1_and_2_with_dataset_expressions', 'dataset_consumes_1', 'dataset_consumes_1_never_scheduled', 'dataset_produces_2', 'conditional_dataset_and_time_based_timetable' retrieved from /home/pranav_shirali/airflow-project/airflow-env/lib/python3.10/site-packages/airflow/example_dags/example_datasets.py
[2025-03-31T13:10:41.482+0530] {logging_mixin.py:190} INFO - [2025-03-31T13:10:41.481+0530] {dag.py:3239} INFO - Sync 10 DAGs
[2025-03-31T13:10:41.501+0530] {logging_mixin.py:190} INFO - [2025-03-31T13:10:41.501+0530] {dag.py:4180} INFO - Setting next_dagrun for conditional_dataset_and_time_based_timetable to 2025-03-26 01:00:00+00:00, run_after=2025-03-26 01:00:00+00:00
[2025-03-31T13:10:41.504+0530] {logging_mixin.py:190} INFO - [2025-03-31T13:10:41.504+0530] {dag.py:4180} INFO - Setting next_dagrun for consume_1_and_2_with_dataset_expressions to None, run_after=None
[2025-03-31T13:10:41.505+0530] {logging_mixin.py:190} INFO - [2025-03-31T13:10:41.505+0530] {dag.py:4180} INFO - Setting next_dagrun for consume_1_or_2_with_dataset_expressions to None, run_after=None
[2025-03-31T13:10:41.506+0530] {logging_mixin.py:190} INFO - [2025-03-31T13:10:41.506+0530] {dag.py:4180} INFO - Setting next_dagrun for consume_1_or_both_2_and_3_with_dataset_expressions to None, run_after=None
[2025-03-31T13:10:41.506+0530] {logging_mixin.py:190} INFO - [2025-03-31T13:10:41.506+0530] {dag.py:4180} INFO - Setting next_dagrun for dataset_consumes_1 to None, run_after=None
[2025-03-31T13:10:41.507+0530] {logging_mixin.py:190} INFO - [2025-03-31T13:10:41.507+0530] {dag.py:4180} INFO - Setting next_dagrun for dataset_consumes_1_and_2 to None, run_after=None
[2025-03-31T13:10:41.508+0530] {logging_mixin.py:190} INFO - [2025-03-31T13:10:41.507+0530] {dag.py:4180} INFO - Setting next_dagrun for dataset_consumes_1_never_scheduled to None, run_after=None
[2025-03-31T13:10:41.508+0530] {logging_mixin.py:190} INFO - [2025-03-31T13:10:41.508+0530] {dag.py:4180} INFO - Setting next_dagrun for dataset_consumes_unknown_never_scheduled to None, run_after=None
[2025-03-31T13:10:41.510+0530] {logging_mixin.py:190} INFO - [2025-03-31T13:10:41.510+0530] {dag.py:4180} INFO - Setting next_dagrun for dataset_produces_1 to 2025-03-30 00:00:00+00:00, run_after=2025-03-31 00:00:00+00:00
[2025-03-31T13:10:41.511+0530] {logging_mixin.py:190} INFO - [2025-03-31T13:10:41.511+0530] {dag.py:4180} INFO - Setting next_dagrun for dataset_produces_2 to None, run_after=None
[2025-03-31T13:10:41.537+0530] {processor.py:208} INFO - Processing /home/pranav_shirali/airflow-project/airflow-env/lib/python3.10/site-packages/airflow/example_dags/example_datasets.py took 0.122 seconds
[2025-03-31T13:11:59.162+0530] {processor.py:186} INFO - Started process (PID=9750) to work on /home/pranav_shirali/airflow-project/airflow-env/lib/python3.10/site-packages/airflow/example_dags/example_datasets.py
[2025-03-31T13:11:59.163+0530] {processor.py:914} INFO - Processing file /home/pranav_shirali/airflow-project/airflow-env/lib/python3.10/site-packages/airflow/example_dags/example_datasets.py for tasks to queue
[2025-03-31T13:11:59.165+0530] {logging_mixin.py:190} INFO - [2025-03-31T13:11:59.165+0530] {dagbag.py:588} INFO - Filling up the DagBag from /home/pranav_shirali/airflow-project/airflow-env/lib/python3.10/site-packages/airflow/example_dags/example_datasets.py
[2025-03-31T13:11:59.176+0530] {processor.py:925} INFO - DAG(s) 'dataset_produces_1', 'dataset_consumes_1', 'consume_1_and_2_with_dataset_expressions', 'dataset_consumes_1_never_scheduled', 'consume_1_or_2_with_dataset_expressions', 'dataset_produces_2', 'dataset_consumes_unknown_never_scheduled', 'consume_1_or_both_2_and_3_with_dataset_expressions', 'dataset_consumes_1_and_2', 'conditional_dataset_and_time_based_timetable' retrieved from /home/pranav_shirali/airflow-project/airflow-env/lib/python3.10/site-packages/airflow/example_dags/example_datasets.py
[2025-03-31T13:11:59.203+0530] {logging_mixin.py:190} INFO - [2025-03-31T13:11:59.203+0530] {dag.py:3239} INFO - Sync 10 DAGs
[2025-03-31T13:11:59.222+0530] {logging_mixin.py:190} INFO - [2025-03-31T13:11:59.221+0530] {dag.py:4180} INFO - Setting next_dagrun for conditional_dataset_and_time_based_timetable to 2025-03-26 01:00:00+00:00, run_after=2025-03-26 01:00:00+00:00
[2025-03-31T13:11:59.225+0530] {logging_mixin.py:190} INFO - [2025-03-31T13:11:59.224+0530] {dag.py:4180} INFO - Setting next_dagrun for consume_1_and_2_with_dataset_expressions to None, run_after=None
[2025-03-31T13:11:59.225+0530] {logging_mixin.py:190} INFO - [2025-03-31T13:11:59.225+0530] {dag.py:4180} INFO - Setting next_dagrun for consume_1_or_2_with_dataset_expressions to None, run_after=None
[2025-03-31T13:11:59.226+0530] {logging_mixin.py:190} INFO - [2025-03-31T13:11:59.226+0530] {dag.py:4180} INFO - Setting next_dagrun for consume_1_or_both_2_and_3_with_dataset_expressions to None, run_after=None
[2025-03-31T13:11:59.227+0530] {logging_mixin.py:190} INFO - [2025-03-31T13:11:59.227+0530] {dag.py:4180} INFO - Setting next_dagrun for dataset_consumes_1 to None, run_after=None
[2025-03-31T13:11:59.228+0530] {logging_mixin.py:190} INFO - [2025-03-31T13:11:59.228+0530] {dag.py:4180} INFO - Setting next_dagrun for dataset_consumes_1_and_2 to None, run_after=None
[2025-03-31T13:11:59.228+0530] {logging_mixin.py:190} INFO - [2025-03-31T13:11:59.228+0530] {dag.py:4180} INFO - Setting next_dagrun for dataset_consumes_1_never_scheduled to None, run_after=None
[2025-03-31T13:11:59.229+0530] {logging_mixin.py:190} INFO - [2025-03-31T13:11:59.229+0530] {dag.py:4180} INFO - Setting next_dagrun for dataset_consumes_unknown_never_scheduled to None, run_after=None
[2025-03-31T13:11:59.231+0530] {logging_mixin.py:190} INFO - [2025-03-31T13:11:59.231+0530] {dag.py:4180} INFO - Setting next_dagrun for dataset_produces_1 to 2025-03-30 00:00:00+00:00, run_after=2025-03-31 00:00:00+00:00
[2025-03-31T13:11:59.231+0530] {logging_mixin.py:190} INFO - [2025-03-31T13:11:59.231+0530] {dag.py:4180} INFO - Setting next_dagrun for dataset_produces_2 to None, run_after=None
[2025-03-31T13:11:59.260+0530] {processor.py:208} INFO - Processing /home/pranav_shirali/airflow-project/airflow-env/lib/python3.10/site-packages/airflow/example_dags/example_datasets.py took 0.103 seconds
[2025-03-31T13:13:17.929+0530] {processor.py:186} INFO - Started process (PID=10158) to work on /home/pranav_shirali/airflow-project/airflow-env/lib/python3.10/site-packages/airflow/example_dags/example_datasets.py
[2025-03-31T13:13:17.930+0530] {processor.py:914} INFO - Processing file /home/pranav_shirali/airflow-project/airflow-env/lib/python3.10/site-packages/airflow/example_dags/example_datasets.py for tasks to queue
[2025-03-31T13:13:17.931+0530] {logging_mixin.py:190} INFO - [2025-03-31T13:13:17.931+0530] {dagbag.py:588} INFO - Filling up the DagBag from /home/pranav_shirali/airflow-project/airflow-env/lib/python3.10/site-packages/airflow/example_dags/example_datasets.py
[2025-03-31T13:13:17.943+0530] {processor.py:925} INFO - DAG(s) 'consume_1_or_both_2_and_3_with_dataset_expressions', 'consume_1_or_2_with_dataset_expressions', 'dataset_consumes_1', 'conditional_dataset_and_time_based_timetable', 'consume_1_and_2_with_dataset_expressions', 'dataset_produces_2', 'dataset_consumes_unknown_never_scheduled', 'dataset_consumes_1_never_scheduled', 'dataset_produces_1', 'dataset_consumes_1_and_2' retrieved from /home/pranav_shirali/airflow-project/airflow-env/lib/python3.10/site-packages/airflow/example_dags/example_datasets.py
[2025-03-31T13:13:17.965+0530] {logging_mixin.py:190} INFO - [2025-03-31T13:13:17.964+0530] {dag.py:3239} INFO - Sync 10 DAGs
[2025-03-31T13:13:17.980+0530] {logging_mixin.py:190} INFO - [2025-03-31T13:13:17.979+0530] {dag.py:4180} INFO - Setting next_dagrun for conditional_dataset_and_time_based_timetable to 2025-03-26 01:00:00+00:00, run_after=2025-03-26 01:00:00+00:00
[2025-03-31T13:13:17.983+0530] {logging_mixin.py:190} INFO - [2025-03-31T13:13:17.983+0530] {dag.py:4180} INFO - Setting next_dagrun for consume_1_and_2_with_dataset_expressions to None, run_after=None
[2025-03-31T13:13:17.983+0530] {logging_mixin.py:190} INFO - [2025-03-31T13:13:17.983+0530] {dag.py:4180} INFO - Setting next_dagrun for consume_1_or_2_with_dataset_expressions to None, run_after=None
[2025-03-31T13:13:17.984+0530] {logging_mixin.py:190} INFO - [2025-03-31T13:13:17.984+0530] {dag.py:4180} INFO - Setting next_dagrun for consume_1_or_both_2_and_3_with_dataset_expressions to None, run_after=None
[2025-03-31T13:13:17.985+0530] {logging_mixin.py:190} INFO - [2025-03-31T13:13:17.984+0530] {dag.py:4180} INFO - Setting next_dagrun for dataset_consumes_1 to None, run_after=None
[2025-03-31T13:13:17.985+0530] {logging_mixin.py:190} INFO - [2025-03-31T13:13:17.985+0530] {dag.py:4180} INFO - Setting next_dagrun for dataset_consumes_1_and_2 to None, run_after=None
[2025-03-31T13:13:17.986+0530] {logging_mixin.py:190} INFO - [2025-03-31T13:13:17.986+0530] {dag.py:4180} INFO - Setting next_dagrun for dataset_consumes_1_never_scheduled to None, run_after=None
[2025-03-31T13:13:17.986+0530] {logging_mixin.py:190} INFO - [2025-03-31T13:13:17.986+0530] {dag.py:4180} INFO - Setting next_dagrun for dataset_consumes_unknown_never_scheduled to None, run_after=None
[2025-03-31T13:13:17.988+0530] {logging_mixin.py:190} INFO - [2025-03-31T13:13:17.988+0530] {dag.py:4180} INFO - Setting next_dagrun for dataset_produces_1 to 2025-03-30 00:00:00+00:00, run_after=2025-03-31 00:00:00+00:00
[2025-03-31T13:13:17.988+0530] {logging_mixin.py:190} INFO - [2025-03-31T13:13:17.988+0530] {dag.py:4180} INFO - Setting next_dagrun for dataset_produces_2 to None, run_after=None
[2025-03-31T13:13:18.007+0530] {processor.py:208} INFO - Processing /home/pranav_shirali/airflow-project/airflow-env/lib/python3.10/site-packages/airflow/example_dags/example_datasets.py took 0.082 seconds
[2025-03-31T13:14:42.602+0530] {processor.py:186} INFO - Started process (PID=10925) to work on /home/pranav_shirali/airflow-project/airflow-env/lib/python3.10/site-packages/airflow/example_dags/example_datasets.py
[2025-03-31T13:14:42.603+0530] {processor.py:914} INFO - Processing file /home/pranav_shirali/airflow-project/airflow-env/lib/python3.10/site-packages/airflow/example_dags/example_datasets.py for tasks to queue
[2025-03-31T13:14:42.605+0530] {logging_mixin.py:190} INFO - [2025-03-31T13:14:42.604+0530] {dagbag.py:588} INFO - Filling up the DagBag from /home/pranav_shirali/airflow-project/airflow-env/lib/python3.10/site-packages/airflow/example_dags/example_datasets.py
[2025-03-31T13:14:42.618+0530] {processor.py:925} INFO - DAG(s) 'consume_1_or_2_with_dataset_expressions', 'dataset_produces_2', 'consume_1_and_2_with_dataset_expressions', 'dataset_consumes_unknown_never_scheduled', 'dataset_consumes_1_never_scheduled', 'conditional_dataset_and_time_based_timetable', 'dataset_consumes_1_and_2', 'consume_1_or_both_2_and_3_with_dataset_expressions', 'dataset_consumes_1', 'dataset_produces_1' retrieved from /home/pranav_shirali/airflow-project/airflow-env/lib/python3.10/site-packages/airflow/example_dags/example_datasets.py
[2025-03-31T13:14:42.724+0530] {logging_mixin.py:190} INFO - [2025-03-31T13:14:42.724+0530] {dag.py:3239} INFO - Sync 10 DAGs
[2025-03-31T13:14:42.734+0530] {logging_mixin.py:190} INFO - [2025-03-31T13:14:42.733+0530] {dag.py:3262} INFO - Creating ORM DAG for consume_1_or_2_with_dataset_expressions
[2025-03-31T13:14:42.734+0530] {logging_mixin.py:190} INFO - [2025-03-31T13:14:42.734+0530] {dag.py:3262} INFO - Creating ORM DAG for consume_1_and_2_with_dataset_expressions
[2025-03-31T13:14:42.735+0530] {logging_mixin.py:190} INFO - [2025-03-31T13:14:42.735+0530] {dag.py:3262} INFO - Creating ORM DAG for conditional_dataset_and_time_based_timetable
[2025-03-31T13:14:42.742+0530] {logging_mixin.py:190} INFO - [2025-03-31T13:14:42.742+0530] {dag.py:4180} INFO - Setting next_dagrun for conditional_dataset_and_time_based_timetable to 2025-03-26 01:00:00+00:00, run_after=2025-03-26 01:00:00+00:00
[2025-03-31T13:14:42.742+0530] {logging_mixin.py:190} INFO - [2025-03-31T13:14:42.742+0530] {dag.py:4180} INFO - Setting next_dagrun for consume_1_and_2_with_dataset_expressions to None, run_after=None
[2025-03-31T13:14:42.743+0530] {logging_mixin.py:190} INFO - [2025-03-31T13:14:42.743+0530] {dag.py:4180} INFO - Setting next_dagrun for consume_1_or_2_with_dataset_expressions to None, run_after=None
[2025-03-31T13:14:42.743+0530] {logging_mixin.py:190} INFO - [2025-03-31T13:14:42.743+0530] {dag.py:4180} INFO - Setting next_dagrun for consume_1_or_both_2_and_3_with_dataset_expressions to None, run_after=None
[2025-03-31T13:14:42.745+0530] {logging_mixin.py:190} INFO - [2025-03-31T13:14:42.745+0530] {dag.py:4180} INFO - Setting next_dagrun for dataset_consumes_1 to None, run_after=None
[2025-03-31T13:14:42.746+0530] {logging_mixin.py:190} INFO - [2025-03-31T13:14:42.746+0530] {dag.py:4180} INFO - Setting next_dagrun for dataset_consumes_1_and_2 to None, run_after=None
[2025-03-31T13:14:42.747+0530] {logging_mixin.py:190} INFO - [2025-03-31T13:14:42.747+0530] {dag.py:4180} INFO - Setting next_dagrun for dataset_consumes_1_never_scheduled to None, run_after=None
[2025-03-31T13:14:42.747+0530] {logging_mixin.py:190} INFO - [2025-03-31T13:14:42.747+0530] {dag.py:4180} INFO - Setting next_dagrun for dataset_consumes_unknown_never_scheduled to None, run_after=None
[2025-03-31T13:14:42.749+0530] {logging_mixin.py:190} INFO - [2025-03-31T13:14:42.749+0530] {dag.py:4180} INFO - Setting next_dagrun for dataset_produces_1 to 2025-03-30 00:00:00+00:00, run_after=2025-03-31 00:00:00+00:00
[2025-03-31T13:14:42.749+0530] {logging_mixin.py:190} INFO - [2025-03-31T13:14:42.749+0530] {dag.py:4180} INFO - Setting next_dagrun for dataset_produces_2 to None, run_after=None
[2025-03-31T13:14:42.775+0530] {processor.py:208} INFO - Processing /home/pranav_shirali/airflow-project/airflow-env/lib/python3.10/site-packages/airflow/example_dags/example_datasets.py took 0.180 seconds
[2025-03-31T13:15:43.040+0530] {processor.py:186} INFO - Started process (PID=11505) to work on /home/pranav_shirali/airflow-project/airflow-env/lib/python3.10/site-packages/airflow/example_dags/example_datasets.py
[2025-03-31T13:15:43.043+0530] {processor.py:914} INFO - Processing file /home/pranav_shirali/airflow-project/airflow-env/lib/python3.10/site-packages/airflow/example_dags/example_datasets.py for tasks to queue
[2025-03-31T13:15:43.045+0530] {logging_mixin.py:190} INFO - [2025-03-31T13:15:43.045+0530] {dagbag.py:588} INFO - Filling up the DagBag from /home/pranav_shirali/airflow-project/airflow-env/lib/python3.10/site-packages/airflow/example_dags/example_datasets.py
[2025-03-31T13:15:43.060+0530] {processor.py:925} INFO - DAG(s) 'dataset_produces_2', 'dataset_consumes_unknown_never_scheduled', 'consume_1_and_2_with_dataset_expressions', 'consume_1_or_2_with_dataset_expressions', 'conditional_dataset_and_time_based_timetable', 'dataset_produces_1', 'dataset_consumes_1_and_2', 'dataset_consumes_1_never_scheduled', 'dataset_consumes_1', 'consume_1_or_both_2_and_3_with_dataset_expressions' retrieved from /home/pranav_shirali/airflow-project/airflow-env/lib/python3.10/site-packages/airflow/example_dags/example_datasets.py
[2025-03-31T13:15:43.226+0530] {logging_mixin.py:190} INFO - [2025-03-31T13:15:43.226+0530] {dag.py:3239} INFO - Sync 10 DAGs
[2025-03-31T13:15:43.235+0530] {logging_mixin.py:190} INFO - [2025-03-31T13:15:43.235+0530] {dag.py:3262} INFO - Creating ORM DAG for dataset_consumes_1_and_2
[2025-03-31T13:15:43.235+0530] {logging_mixin.py:190} INFO - [2025-03-31T13:15:43.235+0530] {dag.py:3262} INFO - Creating ORM DAG for dataset_consumes_unknown_never_scheduled
[2025-03-31T13:15:43.236+0530] {logging_mixin.py:190} INFO - [2025-03-31T13:15:43.236+0530] {dag.py:3262} INFO - Creating ORM DAG for dataset_consumes_1
[2025-03-31T13:15:43.236+0530] {logging_mixin.py:190} INFO - [2025-03-31T13:15:43.236+0530] {dag.py:3262} INFO - Creating ORM DAG for consume_1_or_2_with_dataset_expressions
[2025-03-31T13:15:43.237+0530] {logging_mixin.py:190} INFO - [2025-03-31T13:15:43.237+0530] {dag.py:3262} INFO - Creating ORM DAG for consume_1_and_2_with_dataset_expressions
[2025-03-31T13:15:43.238+0530] {logging_mixin.py:190} INFO - [2025-03-31T13:15:43.238+0530] {dag.py:3262} INFO - Creating ORM DAG for consume_1_or_both_2_and_3_with_dataset_expressions
[2025-03-31T13:15:43.239+0530] {logging_mixin.py:190} INFO - [2025-03-31T13:15:43.239+0530] {dag.py:3262} INFO - Creating ORM DAG for conditional_dataset_and_time_based_timetable
[2025-03-31T13:15:43.240+0530] {logging_mixin.py:190} INFO - [2025-03-31T13:15:43.240+0530] {dag.py:3262} INFO - Creating ORM DAG for dataset_consumes_1_never_scheduled
[2025-03-31T13:15:43.248+0530] {logging_mixin.py:190} INFO - [2025-03-31T13:15:43.248+0530] {dag.py:4180} INFO - Setting next_dagrun for conditional_dataset_and_time_based_timetable to 2025-03-26 01:00:00+00:00, run_after=2025-03-26 01:00:00+00:00
[2025-03-31T13:15:43.248+0530] {logging_mixin.py:190} INFO - [2025-03-31T13:15:43.248+0530] {dag.py:4180} INFO - Setting next_dagrun for consume_1_and_2_with_dataset_expressions to None, run_after=None
[2025-03-31T13:15:43.249+0530] {logging_mixin.py:190} INFO - [2025-03-31T13:15:43.249+0530] {dag.py:4180} INFO - Setting next_dagrun for consume_1_or_2_with_dataset_expressions to None, run_after=None
[2025-03-31T13:15:43.249+0530] {logging_mixin.py:190} INFO - [2025-03-31T13:15:43.249+0530] {dag.py:4180} INFO - Setting next_dagrun for consume_1_or_both_2_and_3_with_dataset_expressions to None, run_after=None
[2025-03-31T13:15:43.249+0530] {logging_mixin.py:190} INFO - [2025-03-31T13:15:43.249+0530] {dag.py:4180} INFO - Setting next_dagrun for dataset_consumes_1 to None, run_after=None
[2025-03-31T13:15:43.250+0530] {logging_mixin.py:190} INFO - [2025-03-31T13:15:43.250+0530] {dag.py:4180} INFO - Setting next_dagrun for dataset_consumes_1_and_2 to None, run_after=None
[2025-03-31T13:15:43.250+0530] {logging_mixin.py:190} INFO - [2025-03-31T13:15:43.250+0530] {dag.py:4180} INFO - Setting next_dagrun for dataset_consumes_1_never_scheduled to None, run_after=None
[2025-03-31T13:15:43.251+0530] {logging_mixin.py:190} INFO - [2025-03-31T13:15:43.251+0530] {dag.py:4180} INFO - Setting next_dagrun for dataset_consumes_unknown_never_scheduled to None, run_after=None
[2025-03-31T13:15:43.252+0530] {logging_mixin.py:190} INFO - [2025-03-31T13:15:43.252+0530] {dag.py:4180} INFO - Setting next_dagrun for dataset_produces_1 to 2025-03-30 00:00:00+00:00, run_after=2025-03-31 00:00:00+00:00
[2025-03-31T13:15:43.254+0530] {logging_mixin.py:190} INFO - [2025-03-31T13:15:43.254+0530] {dag.py:4180} INFO - Setting next_dagrun for dataset_produces_2 to None, run_after=None
[2025-03-31T13:15:43.283+0530] {processor.py:208} INFO - Processing /home/pranav_shirali/airflow-project/airflow-env/lib/python3.10/site-packages/airflow/example_dags/example_datasets.py took 0.251 seconds
[2025-03-31T13:16:43.185+0530] {processor.py:186} INFO - Started process (PID=12159) to work on /home/pranav_shirali/airflow-project/airflow-env/lib/python3.10/site-packages/airflow/example_dags/example_datasets.py
[2025-03-31T13:16:43.186+0530] {processor.py:914} INFO - Processing file /home/pranav_shirali/airflow-project/airflow-env/lib/python3.10/site-packages/airflow/example_dags/example_datasets.py for tasks to queue
[2025-03-31T13:16:43.188+0530] {logging_mixin.py:190} INFO - [2025-03-31T13:16:43.187+0530] {dagbag.py:588} INFO - Filling up the DagBag from /home/pranav_shirali/airflow-project/airflow-env/lib/python3.10/site-packages/airflow/example_dags/example_datasets.py
[2025-03-31T13:16:43.197+0530] {processor.py:925} INFO - DAG(s) 'consume_1_and_2_with_dataset_expressions', 'dataset_consumes_1_and_2', 'dataset_consumes_1_never_scheduled', 'dataset_produces_2', 'consume_1_or_2_with_dataset_expressions', 'conditional_dataset_and_time_based_timetable', 'dataset_produces_1', 'dataset_consumes_unknown_never_scheduled', 'dataset_consumes_1', 'consume_1_or_both_2_and_3_with_dataset_expressions' retrieved from /home/pranav_shirali/airflow-project/airflow-env/lib/python3.10/site-packages/airflow/example_dags/example_datasets.py
[2025-03-31T13:16:43.309+0530] {logging_mixin.py:190} INFO - [2025-03-31T13:16:43.309+0530] {dag.py:3239} INFO - Sync 10 DAGs
[2025-03-31T13:16:43.317+0530] {logging_mixin.py:190} INFO - [2025-03-31T13:16:43.317+0530] {dag.py:3262} INFO - Creating ORM DAG for dataset_consumes_1_and_2
[2025-03-31T13:16:43.318+0530] {logging_mixin.py:190} INFO - [2025-03-31T13:16:43.317+0530] {dag.py:3262} INFO - Creating ORM DAG for dataset_consumes_1
[2025-03-31T13:16:43.318+0530] {logging_mixin.py:190} INFO - [2025-03-31T13:16:43.318+0530] {dag.py:3262} INFO - Creating ORM DAG for consume_1_or_2_with_dataset_expressions
[2025-03-31T13:16:43.318+0530] {logging_mixin.py:190} INFO - [2025-03-31T13:16:43.318+0530] {dag.py:3262} INFO - Creating ORM DAG for consume_1_and_2_with_dataset_expressions
[2025-03-31T13:16:43.319+0530] {logging_mixin.py:190} INFO - [2025-03-31T13:16:43.319+0530] {dag.py:3262} INFO - Creating ORM DAG for consume_1_or_both_2_and_3_with_dataset_expressions
[2025-03-31T13:16:43.319+0530] {logging_mixin.py:190} INFO - [2025-03-31T13:16:43.319+0530] {dag.py:3262} INFO - Creating ORM DAG for conditional_dataset_and_time_based_timetable
[2025-03-31T13:16:43.326+0530] {logging_mixin.py:190} INFO - [2025-03-31T13:16:43.326+0530] {dag.py:4180} INFO - Setting next_dagrun for conditional_dataset_and_time_based_timetable to 2025-03-26 01:00:00+00:00, run_after=2025-03-26 01:00:00+00:00
[2025-03-31T13:16:43.327+0530] {logging_mixin.py:190} INFO - [2025-03-31T13:16:43.327+0530] {dag.py:4180} INFO - Setting next_dagrun for consume_1_and_2_with_dataset_expressions to None, run_after=None
[2025-03-31T13:16:43.327+0530] {logging_mixin.py:190} INFO - [2025-03-31T13:16:43.327+0530] {dag.py:4180} INFO - Setting next_dagrun for consume_1_or_2_with_dataset_expressions to None, run_after=None
[2025-03-31T13:16:43.327+0530] {logging_mixin.py:190} INFO - [2025-03-31T13:16:43.327+0530] {dag.py:4180} INFO - Setting next_dagrun for consume_1_or_both_2_and_3_with_dataset_expressions to None, run_after=None
[2025-03-31T13:16:43.328+0530] {logging_mixin.py:190} INFO - [2025-03-31T13:16:43.328+0530] {dag.py:4180} INFO - Setting next_dagrun for dataset_consumes_1 to None, run_after=None
[2025-03-31T13:16:43.328+0530] {logging_mixin.py:190} INFO - [2025-03-31T13:16:43.328+0530] {dag.py:4180} INFO - Setting next_dagrun for dataset_consumes_1_and_2 to None, run_after=None
[2025-03-31T13:16:43.329+0530] {logging_mixin.py:190} INFO - [2025-03-31T13:16:43.329+0530] {dag.py:4180} INFO - Setting next_dagrun for dataset_consumes_1_never_scheduled to None, run_after=None
[2025-03-31T13:16:43.330+0530] {logging_mixin.py:190} INFO - [2025-03-31T13:16:43.330+0530] {dag.py:4180} INFO - Setting next_dagrun for dataset_consumes_unknown_never_scheduled to None, run_after=None
[2025-03-31T13:16:43.332+0530] {logging_mixin.py:190} INFO - [2025-03-31T13:16:43.332+0530] {dag.py:4180} INFO - Setting next_dagrun for dataset_produces_1 to 2025-03-30 00:00:00+00:00, run_after=2025-03-31 00:00:00+00:00
[2025-03-31T13:16:43.332+0530] {logging_mixin.py:190} INFO - [2025-03-31T13:16:43.332+0530] {dag.py:4180} INFO - Setting next_dagrun for dataset_produces_2 to None, run_after=None
[2025-03-31T13:16:43.357+0530] {processor.py:208} INFO - Processing /home/pranav_shirali/airflow-project/airflow-env/lib/python3.10/site-packages/airflow/example_dags/example_datasets.py took 0.175 seconds
[2025-03-31T13:17:40.211+0530] {processor.py:186} INFO - Started process (PID=12519) to work on /home/pranav_shirali/airflow-project/airflow-env/lib/python3.10/site-packages/airflow/example_dags/example_datasets.py
[2025-03-31T13:17:40.213+0530] {processor.py:914} INFO - Processing file /home/pranav_shirali/airflow-project/airflow-env/lib/python3.10/site-packages/airflow/example_dags/example_datasets.py for tasks to queue
[2025-03-31T13:17:40.215+0530] {logging_mixin.py:190} INFO - [2025-03-31T13:17:40.214+0530] {dagbag.py:588} INFO - Filling up the DagBag from /home/pranav_shirali/airflow-project/airflow-env/lib/python3.10/site-packages/airflow/example_dags/example_datasets.py
[2025-03-31T13:17:40.225+0530] {processor.py:925} INFO - DAG(s) 'dataset_consumes_unknown_never_scheduled', 'consume_1_or_both_2_and_3_with_dataset_expressions', 'consume_1_or_2_with_dataset_expressions', 'dataset_produces_1', 'dataset_consumes_1_never_scheduled', 'conditional_dataset_and_time_based_timetable', 'dataset_consumes_1_and_2', 'dataset_consumes_1', 'dataset_produces_2', 'consume_1_and_2_with_dataset_expressions' retrieved from /home/pranav_shirali/airflow-project/airflow-env/lib/python3.10/site-packages/airflow/example_dags/example_datasets.py
[2025-03-31T13:17:40.248+0530] {logging_mixin.py:190} INFO - [2025-03-31T13:17:40.248+0530] {dag.py:3239} INFO - Sync 10 DAGs
[2025-03-31T13:17:40.265+0530] {logging_mixin.py:190} INFO - [2025-03-31T13:17:40.264+0530] {dag.py:4180} INFO - Setting next_dagrun for conditional_dataset_and_time_based_timetable to 2025-03-26 01:00:00+00:00, run_after=2025-03-26 01:00:00+00:00
[2025-03-31T13:17:40.267+0530] {logging_mixin.py:190} INFO - [2025-03-31T13:17:40.267+0530] {dag.py:4180} INFO - Setting next_dagrun for consume_1_and_2_with_dataset_expressions to None, run_after=None
[2025-03-31T13:17:40.267+0530] {logging_mixin.py:190} INFO - [2025-03-31T13:17:40.267+0530] {dag.py:4180} INFO - Setting next_dagrun for consume_1_or_2_with_dataset_expressions to None, run_after=None
[2025-03-31T13:17:40.268+0530] {logging_mixin.py:190} INFO - [2025-03-31T13:17:40.268+0530] {dag.py:4180} INFO - Setting next_dagrun for consume_1_or_both_2_and_3_with_dataset_expressions to None, run_after=None
[2025-03-31T13:17:40.269+0530] {logging_mixin.py:190} INFO - [2025-03-31T13:17:40.269+0530] {dag.py:4180} INFO - Setting next_dagrun for dataset_consumes_1 to None, run_after=None
[2025-03-31T13:17:40.269+0530] {logging_mixin.py:190} INFO - [2025-03-31T13:17:40.269+0530] {dag.py:4180} INFO - Setting next_dagrun for dataset_consumes_1_and_2 to None, run_after=None
[2025-03-31T13:17:40.270+0530] {logging_mixin.py:190} INFO - [2025-03-31T13:17:40.270+0530] {dag.py:4180} INFO - Setting next_dagrun for dataset_consumes_1_never_scheduled to None, run_after=None
[2025-03-31T13:17:40.270+0530] {logging_mixin.py:190} INFO - [2025-03-31T13:17:40.270+0530] {dag.py:4180} INFO - Setting next_dagrun for dataset_consumes_unknown_never_scheduled to None, run_after=None
[2025-03-31T13:17:40.272+0530] {logging_mixin.py:190} INFO - [2025-03-31T13:17:40.272+0530] {dag.py:4180} INFO - Setting next_dagrun for dataset_produces_1 to 2025-03-30 00:00:00+00:00, run_after=2025-03-31 00:00:00+00:00
[2025-03-31T13:17:40.272+0530] {logging_mixin.py:190} INFO - [2025-03-31T13:17:40.272+0530] {dag.py:4180} INFO - Setting next_dagrun for dataset_produces_2 to None, run_after=None
[2025-03-31T13:17:40.292+0530] {processor.py:208} INFO - Processing /home/pranav_shirali/airflow-project/airflow-env/lib/python3.10/site-packages/airflow/example_dags/example_datasets.py took 0.085 seconds
