[2025-03-31T13:07:10.286+0530] {processor.py:186} INFO - Started process (PID=8288) to work on /home/pranav_shirali/airflow-project/airflow-env/lib/python3.10/site-packages/airflow/example_dags/example_short_circuit_operator.py
[2025-03-31T13:07:10.287+0530] {processor.py:914} INFO - Processing file /home/pranav_shirali/airflow-project/airflow-env/lib/python3.10/site-packages/airflow/example_dags/example_short_circuit_operator.py for tasks to queue
[2025-03-31T13:07:10.288+0530] {logging_mixin.py:190} INFO - [2025-03-31T13:07:10.288+0530] {dagbag.py:588} INFO - Filling up the DagBag from /home/pranav_shirali/airflow-project/airflow-env/lib/python3.10/site-packages/airflow/example_dags/example_short_circuit_operator.py
[2025-03-31T13:07:10.294+0530] {processor.py:925} INFO - DAG(s) 'example_short_circuit_operator' retrieved from /home/pranav_shirali/airflow-project/airflow-env/lib/python3.10/site-packages/airflow/example_dags/example_short_circuit_operator.py
[2025-03-31T13:07:10.309+0530] {logging_mixin.py:190} INFO - [2025-03-31T13:07:10.309+0530] {dag.py:3239} INFO - Sync 1 DAGs
[2025-03-31T13:07:10.318+0530] {logging_mixin.py:190} INFO - [2025-03-31T13:07:10.318+0530] {dag.py:4180} INFO - Setting next_dagrun for example_short_circuit_operator to None, run_after=None
[2025-03-31T13:07:10.334+0530] {processor.py:208} INFO - Processing /home/pranav_shirali/airflow-project/airflow-env/lib/python3.10/site-packages/airflow/example_dags/example_short_circuit_operator.py took 0.053 seconds
[2025-03-31T13:08:09.862+0530] {processor.py:186} INFO - Started process (PID=8687) to work on /home/pranav_shirali/airflow-project/airflow-env/lib/python3.10/site-packages/airflow/example_dags/example_short_circuit_operator.py
[2025-03-31T13:08:09.864+0530] {processor.py:914} INFO - Processing file /home/pranav_shirali/airflow-project/airflow-env/lib/python3.10/site-packages/airflow/example_dags/example_short_circuit_operator.py for tasks to queue
[2025-03-31T13:08:09.865+0530] {logging_mixin.py:190} INFO - [2025-03-31T13:08:09.865+0530] {dagbag.py:588} INFO - Filling up the DagBag from /home/pranav_shirali/airflow-project/airflow-env/lib/python3.10/site-packages/airflow/example_dags/example_short_circuit_operator.py
[2025-03-31T13:08:09.872+0530] {processor.py:925} INFO - DAG(s) 'example_short_circuit_operator' retrieved from /home/pranav_shirali/airflow-project/airflow-env/lib/python3.10/site-packages/airflow/example_dags/example_short_circuit_operator.py
[2025-03-31T13:08:09.887+0530] {logging_mixin.py:190} INFO - [2025-03-31T13:08:09.887+0530] {dag.py:3239} INFO - Sync 1 DAGs
[2025-03-31T13:08:09.896+0530] {logging_mixin.py:190} INFO - [2025-03-31T13:08:09.896+0530] {dag.py:4180} INFO - Setting next_dagrun for example_short_circuit_operator to None, run_after=None
[2025-03-31T13:08:09.912+0530] {processor.py:208} INFO - Processing /home/pranav_shirali/airflow-project/airflow-env/lib/python3.10/site-packages/airflow/example_dags/example_short_circuit_operator.py took 0.056 seconds
[2025-03-31T13:09:10.738+0530] {processor.py:186} INFO - Started process (PID=9100) to work on /home/pranav_shirali/airflow-project/airflow-env/lib/python3.10/site-packages/airflow/example_dags/example_short_circuit_operator.py
[2025-03-31T13:09:10.740+0530] {processor.py:914} INFO - Processing file /home/pranav_shirali/airflow-project/airflow-env/lib/python3.10/site-packages/airflow/example_dags/example_short_circuit_operator.py for tasks to queue
[2025-03-31T13:09:10.741+0530] {logging_mixin.py:190} INFO - [2025-03-31T13:09:10.741+0530] {dagbag.py:588} INFO - Filling up the DagBag from /home/pranav_shirali/airflow-project/airflow-env/lib/python3.10/site-packages/airflow/example_dags/example_short_circuit_operator.py
[2025-03-31T13:09:10.748+0530] {processor.py:925} INFO - DAG(s) 'example_short_circuit_operator' retrieved from /home/pranav_shirali/airflow-project/airflow-env/lib/python3.10/site-packages/airflow/example_dags/example_short_circuit_operator.py
[2025-03-31T13:09:10.761+0530] {logging_mixin.py:190} INFO - [2025-03-31T13:09:10.761+0530] {dag.py:3239} INFO - Sync 1 DAGs
[2025-03-31T13:09:10.769+0530] {logging_mixin.py:190} INFO - [2025-03-31T13:09:10.769+0530] {dag.py:4180} INFO - Setting next_dagrun for example_short_circuit_operator to None, run_after=None
[2025-03-31T13:09:10.784+0530] {processor.py:208} INFO - Processing /home/pranav_shirali/airflow-project/airflow-env/lib/python3.10/site-packages/airflow/example_dags/example_short_circuit_operator.py took 0.050 seconds
[2025-03-31T13:10:08.648+0530] {processor.py:186} INFO - Started process (PID=9318) to work on /home/pranav_shirali/airflow-project/airflow-env/lib/python3.10/site-packages/airflow/example_dags/example_short_circuit_operator.py
[2025-03-31T13:10:08.650+0530] {processor.py:914} INFO - Processing file /home/pranav_shirali/airflow-project/airflow-env/lib/python3.10/site-packages/airflow/example_dags/example_short_circuit_operator.py for tasks to queue
[2025-03-31T13:10:08.652+0530] {logging_mixin.py:190} INFO - [2025-03-31T13:10:08.652+0530] {dagbag.py:588} INFO - Filling up the DagBag from /home/pranav_shirali/airflow-project/airflow-env/lib/python3.10/site-packages/airflow/example_dags/example_short_circuit_operator.py
[2025-03-31T13:10:08.661+0530] {processor.py:925} INFO - DAG(s) 'example_short_circuit_operator' retrieved from /home/pranav_shirali/airflow-project/airflow-env/lib/python3.10/site-packages/airflow/example_dags/example_short_circuit_operator.py
[2025-03-31T13:10:08.675+0530] {logging_mixin.py:190} INFO - [2025-03-31T13:10:08.675+0530] {dag.py:3239} INFO - Sync 1 DAGs
[2025-03-31T13:10:08.685+0530] {logging_mixin.py:190} INFO - [2025-03-31T13:10:08.685+0530] {dag.py:4180} INFO - Setting next_dagrun for example_short_circuit_operator to None, run_after=None
[2025-03-31T13:10:08.701+0530] {processor.py:208} INFO - Processing /home/pranav_shirali/airflow-project/airflow-env/lib/python3.10/site-packages/airflow/example_dags/example_short_circuit_operator.py took 0.057 seconds
[2025-03-31T13:11:04.416+0530] {processor.py:186} INFO - Started process (PID=9531) to work on /home/pranav_shirali/airflow-project/airflow-env/lib/python3.10/site-packages/airflow/example_dags/example_short_circuit_operator.py
[2025-03-31T13:11:04.418+0530] {processor.py:914} INFO - Processing file /home/pranav_shirali/airflow-project/airflow-env/lib/python3.10/site-packages/airflow/example_dags/example_short_circuit_operator.py for tasks to queue
[2025-03-31T13:11:04.419+0530] {logging_mixin.py:190} INFO - [2025-03-31T13:11:04.419+0530] {dagbag.py:588} INFO - Filling up the DagBag from /home/pranav_shirali/airflow-project/airflow-env/lib/python3.10/site-packages/airflow/example_dags/example_short_circuit_operator.py
[2025-03-31T13:11:04.427+0530] {processor.py:925} INFO - DAG(s) 'example_short_circuit_operator' retrieved from /home/pranav_shirali/airflow-project/airflow-env/lib/python3.10/site-packages/airflow/example_dags/example_short_circuit_operator.py
[2025-03-31T13:11:04.443+0530] {logging_mixin.py:190} INFO - [2025-03-31T13:11:04.443+0530] {dag.py:3239} INFO - Sync 1 DAGs
[2025-03-31T13:11:04.453+0530] {logging_mixin.py:190} INFO - [2025-03-31T13:11:04.453+0530] {dag.py:4180} INFO - Setting next_dagrun for example_short_circuit_operator to None, run_after=None
[2025-03-31T13:11:04.469+0530] {processor.py:208} INFO - Processing /home/pranav_shirali/airflow-project/airflow-env/lib/python3.10/site-packages/airflow/example_dags/example_short_circuit_operator.py took 0.058 seconds
[2025-03-31T13:11:58.421+0530] {processor.py:186} INFO - Started process (PID=9749) to work on /home/pranav_shirali/airflow-project/airflow-env/lib/python3.10/site-packages/airflow/example_dags/example_short_circuit_operator.py
[2025-03-31T13:11:58.422+0530] {processor.py:914} INFO - Processing file /home/pranav_shirali/airflow-project/airflow-env/lib/python3.10/site-packages/airflow/example_dags/example_short_circuit_operator.py for tasks to queue
[2025-03-31T13:11:58.424+0530] {logging_mixin.py:190} INFO - [2025-03-31T13:11:58.423+0530] {dagbag.py:588} INFO - Filling up the DagBag from /home/pranav_shirali/airflow-project/airflow-env/lib/python3.10/site-packages/airflow/example_dags/example_short_circuit_operator.py
[2025-03-31T13:11:58.431+0530] {processor.py:925} INFO - DAG(s) 'example_short_circuit_operator' retrieved from /home/pranav_shirali/airflow-project/airflow-env/lib/python3.10/site-packages/airflow/example_dags/example_short_circuit_operator.py
[2025-03-31T13:11:58.444+0530] {logging_mixin.py:190} INFO - [2025-03-31T13:11:58.444+0530] {dag.py:3239} INFO - Sync 1 DAGs
[2025-03-31T13:11:58.453+0530] {logging_mixin.py:190} INFO - [2025-03-31T13:11:58.453+0530] {dag.py:4180} INFO - Setting next_dagrun for example_short_circuit_operator to None, run_after=None
[2025-03-31T13:11:58.468+0530] {processor.py:208} INFO - Processing /home/pranav_shirali/airflow-project/airflow-env/lib/python3.10/site-packages/airflow/example_dags/example_short_circuit_operator.py took 0.052 seconds
[2025-03-31T13:12:57.394+0530] {processor.py:186} INFO - Started process (PID=10003) to work on /home/pranav_shirali/airflow-project/airflow-env/lib/python3.10/site-packages/airflow/example_dags/example_short_circuit_operator.py
[2025-03-31T13:12:57.396+0530] {processor.py:914} INFO - Processing file /home/pranav_shirali/airflow-project/airflow-env/lib/python3.10/site-packages/airflow/example_dags/example_short_circuit_operator.py for tasks to queue
[2025-03-31T13:12:57.398+0530] {logging_mixin.py:190} INFO - [2025-03-31T13:12:57.397+0530] {dagbag.py:588} INFO - Filling up the DagBag from /home/pranav_shirali/airflow-project/airflow-env/lib/python3.10/site-packages/airflow/example_dags/example_short_circuit_operator.py
[2025-03-31T13:12:57.406+0530] {processor.py:925} INFO - DAG(s) 'example_short_circuit_operator' retrieved from /home/pranav_shirali/airflow-project/airflow-env/lib/python3.10/site-packages/airflow/example_dags/example_short_circuit_operator.py
[2025-03-31T13:12:57.426+0530] {logging_mixin.py:190} INFO - [2025-03-31T13:12:57.425+0530] {dag.py:3239} INFO - Sync 1 DAGs
[2025-03-31T13:12:57.435+0530] {logging_mixin.py:190} INFO - [2025-03-31T13:12:57.435+0530] {dag.py:4180} INFO - Setting next_dagrun for example_short_circuit_operator to None, run_after=None
[2025-03-31T13:12:57.450+0530] {processor.py:208} INFO - Processing /home/pranav_shirali/airflow-project/airflow-env/lib/python3.10/site-packages/airflow/example_dags/example_short_circuit_operator.py took 0.060 seconds
[2025-03-31T13:13:49.200+0530] {processor.py:186} INFO - Started process (PID=10474) to work on /home/pranav_shirali/airflow-project/airflow-env/lib/python3.10/site-packages/airflow/example_dags/example_short_circuit_operator.py
[2025-03-31T13:13:49.203+0530] {processor.py:914} INFO - Processing file /home/pranav_shirali/airflow-project/airflow-env/lib/python3.10/site-packages/airflow/example_dags/example_short_circuit_operator.py for tasks to queue
[2025-03-31T13:13:49.204+0530] {logging_mixin.py:190} INFO - [2025-03-31T13:13:49.204+0530] {dagbag.py:588} INFO - Filling up the DagBag from /home/pranav_shirali/airflow-project/airflow-env/lib/python3.10/site-packages/airflow/example_dags/example_short_circuit_operator.py
[2025-03-31T13:13:49.209+0530] {processor.py:925} INFO - DAG(s) 'example_short_circuit_operator' retrieved from /home/pranav_shirali/airflow-project/airflow-env/lib/python3.10/site-packages/airflow/example_dags/example_short_circuit_operator.py
[2025-03-31T13:13:49.220+0530] {logging_mixin.py:190} INFO - [2025-03-31T13:13:49.220+0530] {dag.py:3239} INFO - Sync 1 DAGs
[2025-03-31T13:13:49.227+0530] {logging_mixin.py:190} INFO - [2025-03-31T13:13:49.227+0530] {dag.py:4180} INFO - Setting next_dagrun for example_short_circuit_operator to None, run_after=None
[2025-03-31T13:13:49.241+0530] {processor.py:208} INFO - Processing /home/pranav_shirali/airflow-project/airflow-env/lib/python3.10/site-packages/airflow/example_dags/example_short_circuit_operator.py took 0.044 seconds
[2025-03-31T13:14:47.453+0530] {processor.py:186} INFO - Started process (PID=10978) to work on /home/pranav_shirali/airflow-project/airflow-env/lib/python3.10/site-packages/airflow/example_dags/example_short_circuit_operator.py
[2025-03-31T13:14:47.454+0530] {processor.py:914} INFO - Processing file /home/pranav_shirali/airflow-project/airflow-env/lib/python3.10/site-packages/airflow/example_dags/example_short_circuit_operator.py for tasks to queue
[2025-03-31T13:14:47.456+0530] {logging_mixin.py:190} INFO - [2025-03-31T13:14:47.456+0530] {dagbag.py:588} INFO - Filling up the DagBag from /home/pranav_shirali/airflow-project/airflow-env/lib/python3.10/site-packages/airflow/example_dags/example_short_circuit_operator.py
[2025-03-31T13:14:47.463+0530] {processor.py:925} INFO - DAG(s) 'example_short_circuit_operator' retrieved from /home/pranav_shirali/airflow-project/airflow-env/lib/python3.10/site-packages/airflow/example_dags/example_short_circuit_operator.py
[2025-03-31T13:14:47.477+0530] {logging_mixin.py:190} INFO - [2025-03-31T13:14:47.476+0530] {dag.py:3239} INFO - Sync 1 DAGs
[2025-03-31T13:14:47.486+0530] {logging_mixin.py:190} INFO - [2025-03-31T13:14:47.485+0530] {dag.py:4180} INFO - Setting next_dagrun for example_short_circuit_operator to None, run_after=None
[2025-03-31T13:14:47.502+0530] {processor.py:208} INFO - Processing /home/pranav_shirali/airflow-project/airflow-env/lib/python3.10/site-packages/airflow/example_dags/example_short_circuit_operator.py took 0.053 seconds
[2025-03-31T13:15:50.508+0530] {processor.py:186} INFO - Started process (PID=11596) to work on /home/pranav_shirali/airflow-project/airflow-env/lib/python3.10/site-packages/airflow/example_dags/example_short_circuit_operator.py
[2025-03-31T13:15:50.509+0530] {processor.py:914} INFO - Processing file /home/pranav_shirali/airflow-project/airflow-env/lib/python3.10/site-packages/airflow/example_dags/example_short_circuit_operator.py for tasks to queue
[2025-03-31T13:15:50.511+0530] {logging_mixin.py:190} INFO - [2025-03-31T13:15:50.510+0530] {dagbag.py:588} INFO - Filling up the DagBag from /home/pranav_shirali/airflow-project/airflow-env/lib/python3.10/site-packages/airflow/example_dags/example_short_circuit_operator.py
[2025-03-31T13:15:50.519+0530] {processor.py:925} INFO - DAG(s) 'example_short_circuit_operator' retrieved from /home/pranav_shirali/airflow-project/airflow-env/lib/python3.10/site-packages/airflow/example_dags/example_short_circuit_operator.py
[2025-03-31T13:15:50.535+0530] {logging_mixin.py:190} INFO - [2025-03-31T13:15:50.534+0530] {dag.py:3239} INFO - Sync 1 DAGs
[2025-03-31T13:15:50.545+0530] {logging_mixin.py:190} INFO - [2025-03-31T13:15:50.545+0530] {dag.py:4180} INFO - Setting next_dagrun for example_short_circuit_operator to None, run_after=None
[2025-03-31T13:15:50.565+0530] {processor.py:208} INFO - Processing /home/pranav_shirali/airflow-project/airflow-env/lib/python3.10/site-packages/airflow/example_dags/example_short_circuit_operator.py took 0.062 seconds
[2025-03-31T13:16:50.544+0530] {processor.py:186} INFO - Started process (PID=12178) to work on /home/pranav_shirali/airflow-project/airflow-env/lib/python3.10/site-packages/airflow/example_dags/example_short_circuit_operator.py
[2025-03-31T13:16:50.545+0530] {processor.py:914} INFO - Processing file /home/pranav_shirali/airflow-project/airflow-env/lib/python3.10/site-packages/airflow/example_dags/example_short_circuit_operator.py for tasks to queue
[2025-03-31T13:16:50.547+0530] {logging_mixin.py:190} INFO - [2025-03-31T13:16:50.547+0530] {dagbag.py:588} INFO - Filling up the DagBag from /home/pranav_shirali/airflow-project/airflow-env/lib/python3.10/site-packages/airflow/example_dags/example_short_circuit_operator.py
[2025-03-31T13:16:50.553+0530] {processor.py:925} INFO - DAG(s) 'example_short_circuit_operator' retrieved from /home/pranav_shirali/airflow-project/airflow-env/lib/python3.10/site-packages/airflow/example_dags/example_short_circuit_operator.py
[2025-03-31T13:16:50.564+0530] {logging_mixin.py:190} INFO - [2025-03-31T13:16:50.564+0530] {dag.py:3239} INFO - Sync 1 DAGs
[2025-03-31T13:16:50.572+0530] {logging_mixin.py:190} INFO - [2025-03-31T13:16:50.572+0530] {dag.py:4180} INFO - Setting next_dagrun for example_short_circuit_operator to None, run_after=None
[2025-03-31T13:16:50.585+0530] {processor.py:208} INFO - Processing /home/pranav_shirali/airflow-project/airflow-env/lib/python3.10/site-packages/airflow/example_dags/example_short_circuit_operator.py took 0.046 seconds
[2025-03-31T13:17:44.112+0530] {processor.py:186} INFO - Started process (PID=12529) to work on /home/pranav_shirali/airflow-project/airflow-env/lib/python3.10/site-packages/airflow/example_dags/example_short_circuit_operator.py
[2025-03-31T13:17:44.114+0530] {processor.py:914} INFO - Processing file /home/pranav_shirali/airflow-project/airflow-env/lib/python3.10/site-packages/airflow/example_dags/example_short_circuit_operator.py for tasks to queue
[2025-03-31T13:17:44.115+0530] {logging_mixin.py:190} INFO - [2025-03-31T13:17:44.115+0530] {dagbag.py:588} INFO - Filling up the DagBag from /home/pranav_shirali/airflow-project/airflow-env/lib/python3.10/site-packages/airflow/example_dags/example_short_circuit_operator.py
[2025-03-31T13:17:44.120+0530] {processor.py:925} INFO - DAG(s) 'example_short_circuit_operator' retrieved from /home/pranav_shirali/airflow-project/airflow-env/lib/python3.10/site-packages/airflow/example_dags/example_short_circuit_operator.py
[2025-03-31T13:17:44.133+0530] {logging_mixin.py:190} INFO - [2025-03-31T13:17:44.133+0530] {dag.py:3239} INFO - Sync 1 DAGs
[2025-03-31T13:17:44.141+0530] {logging_mixin.py:190} INFO - [2025-03-31T13:17:44.141+0530] {dag.py:4180} INFO - Setting next_dagrun for example_short_circuit_operator to None, run_after=None
[2025-03-31T13:17:44.153+0530] {processor.py:208} INFO - Processing /home/pranav_shirali/airflow-project/airflow-env/lib/python3.10/site-packages/airflow/example_dags/example_short_circuit_operator.py took 0.045 seconds
