[2025-03-31T13:06:55.024+0530] {processor.py:186} INFO - Started process (PID=8203) to work on /home/pranav_shirali/airflow-project/airflow-env/lib/python3.10/site-packages/airflow/example_dags/example_sla_dag.py
[2025-03-31T13:06:55.025+0530] {processor.py:914} INFO - Processing file /home/pranav_shirali/airflow-project/airflow-env/lib/python3.10/site-packages/airflow/example_dags/example_sla_dag.py for tasks to queue
[2025-03-31T13:06:55.027+0530] {logging_mixin.py:190} INFO - [2025-03-31T13:06:55.026+0530] {dagbag.py:588} INFO - Filling up the DagBag from /home/pranav_shirali/airflow-project/airflow-env/lib/python3.10/site-packages/airflow/example_dags/example_sla_dag.py
[2025-03-31T13:06:55.033+0530] {processor.py:925} INFO - DAG(s) 'example_sla_dag' retrieved from /home/pranav_shirali/airflow-project/airflow-env/lib/python3.10/site-packages/airflow/example_dags/example_sla_dag.py
[2025-03-31T13:06:55.044+0530] {logging_mixin.py:190} INFO - [2025-03-31T13:06:55.044+0530] {dag.py:3239} INFO - Sync 1 DAGs
[2025-03-31T13:06:55.060+0530] {logging_mixin.py:190} INFO - [2025-03-31T13:06:55.060+0530] {dag.py:4180} INFO - Setting next_dagrun for example_sla_dag to 2025-03-31 07:34:00+00:00, run_after=2025-03-31 07:36:00+00:00
[2025-03-31T13:06:55.074+0530] {processor.py:208} INFO - Processing /home/pranav_shirali/airflow-project/airflow-env/lib/python3.10/site-packages/airflow/example_dags/example_sla_dag.py took 0.054 seconds
[2025-03-31T13:07:55.465+0530] {processor.py:186} INFO - Started process (PID=8625) to work on /home/pranav_shirali/airflow-project/airflow-env/lib/python3.10/site-packages/airflow/example_dags/example_sla_dag.py
[2025-03-31T13:07:55.466+0530] {processor.py:914} INFO - Processing file /home/pranav_shirali/airflow-project/airflow-env/lib/python3.10/site-packages/airflow/example_dags/example_sla_dag.py for tasks to queue
[2025-03-31T13:07:55.468+0530] {logging_mixin.py:190} INFO - [2025-03-31T13:07:55.468+0530] {dagbag.py:588} INFO - Filling up the DagBag from /home/pranav_shirali/airflow-project/airflow-env/lib/python3.10/site-packages/airflow/example_dags/example_sla_dag.py
[2025-03-31T13:07:55.475+0530] {processor.py:925} INFO - DAG(s) 'example_sla_dag' retrieved from /home/pranav_shirali/airflow-project/airflow-env/lib/python3.10/site-packages/airflow/example_dags/example_sla_dag.py
[2025-03-31T13:07:55.485+0530] {logging_mixin.py:190} INFO - [2025-03-31T13:07:55.485+0530] {dag.py:3239} INFO - Sync 1 DAGs
[2025-03-31T13:07:55.502+0530] {logging_mixin.py:190} INFO - [2025-03-31T13:07:55.502+0530] {dag.py:4180} INFO - Setting next_dagrun for example_sla_dag to 2025-03-31 07:34:00+00:00, run_after=2025-03-31 07:36:00+00:00
[2025-03-31T13:07:55.516+0530] {processor.py:208} INFO - Processing /home/pranav_shirali/airflow-project/airflow-env/lib/python3.10/site-packages/airflow/example_dags/example_sla_dag.py took 0.055 seconds
[2025-03-31T13:08:56.918+0530] {processor.py:186} INFO - Started process (PID=9044) to work on /home/pranav_shirali/airflow-project/airflow-env/lib/python3.10/site-packages/airflow/example_dags/example_sla_dag.py
[2025-03-31T13:08:56.919+0530] {processor.py:914} INFO - Processing file /home/pranav_shirali/airflow-project/airflow-env/lib/python3.10/site-packages/airflow/example_dags/example_sla_dag.py for tasks to queue
[2025-03-31T13:08:56.922+0530] {logging_mixin.py:190} INFO - [2025-03-31T13:08:56.921+0530] {dagbag.py:588} INFO - Filling up the DagBag from /home/pranav_shirali/airflow-project/airflow-env/lib/python3.10/site-packages/airflow/example_dags/example_sla_dag.py
[2025-03-31T13:08:56.937+0530] {processor.py:925} INFO - DAG(s) 'example_sla_dag' retrieved from /home/pranav_shirali/airflow-project/airflow-env/lib/python3.10/site-packages/airflow/example_dags/example_sla_dag.py
[2025-03-31T13:08:56.951+0530] {logging_mixin.py:190} INFO - [2025-03-31T13:08:56.951+0530] {dag.py:3239} INFO - Sync 1 DAGs
[2025-03-31T13:08:56.972+0530] {logging_mixin.py:190} INFO - [2025-03-31T13:08:56.971+0530] {dag.py:4180} INFO - Setting next_dagrun for example_sla_dag to 2025-03-31 07:36:00+00:00, run_after=2025-03-31 07:38:00+00:00
[2025-03-31T13:08:57.003+0530] {processor.py:208} INFO - Processing /home/pranav_shirali/airflow-project/airflow-env/lib/python3.10/site-packages/airflow/example_dags/example_sla_dag.py took 0.092 seconds
[2025-03-31T13:09:54.949+0530] {processor.py:186} INFO - Started process (PID=9262) to work on /home/pranav_shirali/airflow-project/airflow-env/lib/python3.10/site-packages/airflow/example_dags/example_sla_dag.py
[2025-03-31T13:09:54.950+0530] {processor.py:914} INFO - Processing file /home/pranav_shirali/airflow-project/airflow-env/lib/python3.10/site-packages/airflow/example_dags/example_sla_dag.py for tasks to queue
[2025-03-31T13:09:54.952+0530] {logging_mixin.py:190} INFO - [2025-03-31T13:09:54.952+0530] {dagbag.py:588} INFO - Filling up the DagBag from /home/pranav_shirali/airflow-project/airflow-env/lib/python3.10/site-packages/airflow/example_dags/example_sla_dag.py
[2025-03-31T13:09:54.959+0530] {processor.py:925} INFO - DAG(s) 'example_sla_dag' retrieved from /home/pranav_shirali/airflow-project/airflow-env/lib/python3.10/site-packages/airflow/example_dags/example_sla_dag.py
[2025-03-31T13:09:54.969+0530] {logging_mixin.py:190} INFO - [2025-03-31T13:09:54.969+0530] {dag.py:3239} INFO - Sync 1 DAGs
[2025-03-31T13:09:54.987+0530] {logging_mixin.py:190} INFO - [2025-03-31T13:09:54.987+0530] {dag.py:4180} INFO - Setting next_dagrun for example_sla_dag to 2025-03-31 07:36:00+00:00, run_after=2025-03-31 07:38:00+00:00
[2025-03-31T13:09:55.002+0530] {processor.py:208} INFO - Processing /home/pranav_shirali/airflow-project/airflow-env/lib/python3.10/site-packages/airflow/example_dags/example_sla_dag.py took 0.058 seconds
[2025-03-31T13:10:52.297+0530] {processor.py:186} INFO - Started process (PID=9484) to work on /home/pranav_shirali/airflow-project/airflow-env/lib/python3.10/site-packages/airflow/example_dags/example_sla_dag.py
[2025-03-31T13:10:52.299+0530] {processor.py:914} INFO - Processing file /home/pranav_shirali/airflow-project/airflow-env/lib/python3.10/site-packages/airflow/example_dags/example_sla_dag.py for tasks to queue
[2025-03-31T13:10:52.302+0530] {logging_mixin.py:190} INFO - [2025-03-31T13:10:52.301+0530] {dagbag.py:588} INFO - Filling up the DagBag from /home/pranav_shirali/airflow-project/airflow-env/lib/python3.10/site-packages/airflow/example_dags/example_sla_dag.py
[2025-03-31T13:10:52.310+0530] {processor.py:925} INFO - DAG(s) 'example_sla_dag' retrieved from /home/pranav_shirali/airflow-project/airflow-env/lib/python3.10/site-packages/airflow/example_dags/example_sla_dag.py
[2025-03-31T13:10:52.320+0530] {logging_mixin.py:190} INFO - [2025-03-31T13:10:52.320+0530] {dag.py:3239} INFO - Sync 1 DAGs
[2025-03-31T13:10:52.336+0530] {logging_mixin.py:190} INFO - [2025-03-31T13:10:52.336+0530] {dag.py:4180} INFO - Setting next_dagrun for example_sla_dag to 2025-03-31 07:38:00+00:00, run_after=2025-03-31 07:40:00+00:00
[2025-03-31T13:10:52.351+0530] {processor.py:208} INFO - Processing /home/pranav_shirali/airflow-project/airflow-env/lib/python3.10/site-packages/airflow/example_dags/example_sla_dag.py took 0.062 seconds
[2025-03-31T13:11:43.737+0530] {processor.py:186} INFO - Started process (PID=9692) to work on /home/pranav_shirali/airflow-project/airflow-env/lib/python3.10/site-packages/airflow/example_dags/example_sla_dag.py
[2025-03-31T13:11:43.738+0530] {processor.py:914} INFO - Processing file /home/pranav_shirali/airflow-project/airflow-env/lib/python3.10/site-packages/airflow/example_dags/example_sla_dag.py for tasks to queue
[2025-03-31T13:11:43.740+0530] {logging_mixin.py:190} INFO - [2025-03-31T13:11:43.740+0530] {dagbag.py:588} INFO - Filling up the DagBag from /home/pranav_shirali/airflow-project/airflow-env/lib/python3.10/site-packages/airflow/example_dags/example_sla_dag.py
[2025-03-31T13:11:43.749+0530] {processor.py:925} INFO - DAG(s) 'example_sla_dag' retrieved from /home/pranav_shirali/airflow-project/airflow-env/lib/python3.10/site-packages/airflow/example_dags/example_sla_dag.py
[2025-03-31T13:11:43.760+0530] {logging_mixin.py:190} INFO - [2025-03-31T13:11:43.760+0530] {dag.py:3239} INFO - Sync 1 DAGs
[2025-03-31T13:11:43.778+0530] {logging_mixin.py:190} INFO - [2025-03-31T13:11:43.777+0530] {dag.py:4180} INFO - Setting next_dagrun for example_sla_dag to 2025-03-31 07:38:00+00:00, run_after=2025-03-31 07:40:00+00:00
[2025-03-31T13:11:43.796+0530] {processor.py:208} INFO - Processing /home/pranav_shirali/airflow-project/airflow-env/lib/python3.10/site-packages/airflow/example_dags/example_sla_dag.py took 0.064 seconds
[2025-03-31T13:12:36.942+0530] {processor.py:186} INFO - Started process (PID=9924) to work on /home/pranav_shirali/airflow-project/airflow-env/lib/python3.10/site-packages/airflow/example_dags/example_sla_dag.py
[2025-03-31T13:12:36.943+0530] {processor.py:914} INFO - Processing file /home/pranav_shirali/airflow-project/airflow-env/lib/python3.10/site-packages/airflow/example_dags/example_sla_dag.py for tasks to queue
[2025-03-31T13:12:36.944+0530] {logging_mixin.py:190} INFO - [2025-03-31T13:12:36.944+0530] {dagbag.py:588} INFO - Filling up the DagBag from /home/pranav_shirali/airflow-project/airflow-env/lib/python3.10/site-packages/airflow/example_dags/example_sla_dag.py
[2025-03-31T13:12:36.951+0530] {processor.py:925} INFO - DAG(s) 'example_sla_dag' retrieved from /home/pranav_shirali/airflow-project/airflow-env/lib/python3.10/site-packages/airflow/example_dags/example_sla_dag.py
[2025-03-31T13:12:36.961+0530] {logging_mixin.py:190} INFO - [2025-03-31T13:12:36.961+0530] {dag.py:3239} INFO - Sync 1 DAGs
[2025-03-31T13:12:36.974+0530] {logging_mixin.py:190} INFO - [2025-03-31T13:12:36.974+0530] {dag.py:4180} INFO - Setting next_dagrun for example_sla_dag to 2025-03-31 07:40:00+00:00, run_after=2025-03-31 07:42:00+00:00
[2025-03-31T13:12:36.987+0530] {processor.py:208} INFO - Processing /home/pranav_shirali/airflow-project/airflow-env/lib/python3.10/site-packages/airflow/example_dags/example_sla_dag.py took 0.049 seconds
[2025-03-31T13:13:31.203+0530] {processor.py:186} INFO - Started process (PID=10366) to work on /home/pranav_shirali/airflow-project/airflow-env/lib/python3.10/site-packages/airflow/example_dags/example_sla_dag.py
[2025-03-31T13:13:31.205+0530] {processor.py:914} INFO - Processing file /home/pranav_shirali/airflow-project/airflow-env/lib/python3.10/site-packages/airflow/example_dags/example_sla_dag.py for tasks to queue
[2025-03-31T13:13:31.206+0530] {logging_mixin.py:190} INFO - [2025-03-31T13:13:31.206+0530] {dagbag.py:588} INFO - Filling up the DagBag from /home/pranav_shirali/airflow-project/airflow-env/lib/python3.10/site-packages/airflow/example_dags/example_sla_dag.py
[2025-03-31T13:13:31.213+0530] {processor.py:925} INFO - DAG(s) 'example_sla_dag' retrieved from /home/pranav_shirali/airflow-project/airflow-env/lib/python3.10/site-packages/airflow/example_dags/example_sla_dag.py
[2025-03-31T13:13:31.221+0530] {logging_mixin.py:190} INFO - [2025-03-31T13:13:31.221+0530] {dag.py:3239} INFO - Sync 1 DAGs
[2025-03-31T13:13:31.235+0530] {logging_mixin.py:190} INFO - [2025-03-31T13:13:31.235+0530] {dag.py:4180} INFO - Setting next_dagrun for example_sla_dag to 2025-03-31 07:40:00+00:00, run_after=2025-03-31 07:42:00+00:00
[2025-03-31T13:13:31.248+0530] {processor.py:208} INFO - Processing /home/pranav_shirali/airflow-project/airflow-env/lib/python3.10/site-packages/airflow/example_dags/example_sla_dag.py took 0.049 seconds
[2025-03-31T13:14:24.994+0530] {processor.py:186} INFO - Started process (PID=10775) to work on /home/pranav_shirali/airflow-project/airflow-env/lib/python3.10/site-packages/airflow/example_dags/example_sla_dag.py
[2025-03-31T13:14:24.996+0530] {processor.py:914} INFO - Processing file /home/pranav_shirali/airflow-project/airflow-env/lib/python3.10/site-packages/airflow/example_dags/example_sla_dag.py for tasks to queue
[2025-03-31T13:14:24.998+0530] {logging_mixin.py:190} INFO - [2025-03-31T13:14:24.997+0530] {dagbag.py:588} INFO - Filling up the DagBag from /home/pranav_shirali/airflow-project/airflow-env/lib/python3.10/site-packages/airflow/example_dags/example_sla_dag.py
[2025-03-31T13:14:25.005+0530] {processor.py:925} INFO - DAG(s) 'example_sla_dag' retrieved from /home/pranav_shirali/airflow-project/airflow-env/lib/python3.10/site-packages/airflow/example_dags/example_sla_dag.py
[2025-03-31T13:14:25.015+0530] {logging_mixin.py:190} INFO - [2025-03-31T13:14:25.015+0530] {dag.py:3239} INFO - Sync 1 DAGs
[2025-03-31T13:14:25.032+0530] {logging_mixin.py:190} INFO - [2025-03-31T13:14:25.031+0530] {dag.py:4180} INFO - Setting next_dagrun for example_sla_dag to 2025-03-31 07:42:00+00:00, run_after=2025-03-31 07:44:00+00:00
[2025-03-31T13:14:25.047+0530] {processor.py:208} INFO - Processing /home/pranav_shirali/airflow-project/airflow-env/lib/python3.10/site-packages/airflow/example_dags/example_sla_dag.py took 0.057 seconds
[2025-03-31T13:15:26.052+0530] {processor.py:186} INFO - Started process (PID=11371) to work on /home/pranav_shirali/airflow-project/airflow-env/lib/python3.10/site-packages/airflow/example_dags/example_sla_dag.py
[2025-03-31T13:15:26.054+0530] {processor.py:914} INFO - Processing file /home/pranav_shirali/airflow-project/airflow-env/lib/python3.10/site-packages/airflow/example_dags/example_sla_dag.py for tasks to queue
[2025-03-31T13:15:26.056+0530] {logging_mixin.py:190} INFO - [2025-03-31T13:15:26.055+0530] {dagbag.py:588} INFO - Filling up the DagBag from /home/pranav_shirali/airflow-project/airflow-env/lib/python3.10/site-packages/airflow/example_dags/example_sla_dag.py
[2025-03-31T13:15:26.064+0530] {processor.py:925} INFO - DAG(s) 'example_sla_dag' retrieved from /home/pranav_shirali/airflow-project/airflow-env/lib/python3.10/site-packages/airflow/example_dags/example_sla_dag.py
[2025-03-31T13:15:26.076+0530] {logging_mixin.py:190} INFO - [2025-03-31T13:15:26.076+0530] {dag.py:3239} INFO - Sync 1 DAGs
[2025-03-31T13:15:26.095+0530] {logging_mixin.py:190} INFO - [2025-03-31T13:15:26.094+0530] {dag.py:4180} INFO - Setting next_dagrun for example_sla_dag to 2025-03-31 07:42:00+00:00, run_after=2025-03-31 07:44:00+00:00
[2025-03-31T13:15:26.110+0530] {processor.py:208} INFO - Processing /home/pranav_shirali/airflow-project/airflow-env/lib/python3.10/site-packages/airflow/example_dags/example_sla_dag.py took 0.065 seconds
[2025-03-31T13:16:28.907+0530] {processor.py:186} INFO - Started process (PID=12012) to work on /home/pranav_shirali/airflow-project/airflow-env/lib/python3.10/site-packages/airflow/example_dags/example_sla_dag.py
[2025-03-31T13:16:28.908+0530] {processor.py:914} INFO - Processing file /home/pranav_shirali/airflow-project/airflow-env/lib/python3.10/site-packages/airflow/example_dags/example_sla_dag.py for tasks to queue
[2025-03-31T13:16:28.910+0530] {logging_mixin.py:190} INFO - [2025-03-31T13:16:28.910+0530] {dagbag.py:588} INFO - Filling up the DagBag from /home/pranav_shirali/airflow-project/airflow-env/lib/python3.10/site-packages/airflow/example_dags/example_sla_dag.py
[2025-03-31T13:16:28.919+0530] {processor.py:925} INFO - DAG(s) 'example_sla_dag' retrieved from /home/pranav_shirali/airflow-project/airflow-env/lib/python3.10/site-packages/airflow/example_dags/example_sla_dag.py
[2025-03-31T13:16:28.930+0530] {logging_mixin.py:190} INFO - [2025-03-31T13:16:28.930+0530] {dag.py:3239} INFO - Sync 1 DAGs
[2025-03-31T13:16:28.948+0530] {logging_mixin.py:190} INFO - [2025-03-31T13:16:28.948+0530] {dag.py:4180} INFO - Setting next_dagrun for example_sla_dag to 2025-03-31 07:44:00+00:00, run_after=2025-03-31 07:46:00+00:00
[2025-03-31T13:16:28.966+0530] {processor.py:208} INFO - Processing /home/pranav_shirali/airflow-project/airflow-env/lib/python3.10/site-packages/airflow/example_dags/example_sla_dag.py took 0.063 seconds
[2025-03-31T13:17:24.805+0530] {processor.py:186} INFO - Started process (PID=12326) to work on /home/pranav_shirali/airflow-project/airflow-env/lib/python3.10/site-packages/airflow/example_dags/example_sla_dag.py
[2025-03-31T13:17:24.806+0530] {processor.py:914} INFO - Processing file /home/pranav_shirali/airflow-project/airflow-env/lib/python3.10/site-packages/airflow/example_dags/example_sla_dag.py for tasks to queue
[2025-03-31T13:17:24.808+0530] {logging_mixin.py:190} INFO - [2025-03-31T13:17:24.807+0530] {dagbag.py:588} INFO - Filling up the DagBag from /home/pranav_shirali/airflow-project/airflow-env/lib/python3.10/site-packages/airflow/example_dags/example_sla_dag.py
[2025-03-31T13:17:24.816+0530] {processor.py:925} INFO - DAG(s) 'example_sla_dag' retrieved from /home/pranav_shirali/airflow-project/airflow-env/lib/python3.10/site-packages/airflow/example_dags/example_sla_dag.py
[2025-03-31T13:17:24.828+0530] {logging_mixin.py:190} INFO - [2025-03-31T13:17:24.827+0530] {dag.py:3239} INFO - Sync 1 DAGs
[2025-03-31T13:17:24.844+0530] {logging_mixin.py:190} INFO - [2025-03-31T13:17:24.843+0530] {dag.py:4180} INFO - Setting next_dagrun for example_sla_dag to 2025-03-31 07:44:00+00:00, run_after=2025-03-31 07:46:00+00:00
[2025-03-31T13:17:24.856+0530] {processor.py:208} INFO - Processing /home/pranav_shirali/airflow-project/airflow-env/lib/python3.10/site-packages/airflow/example_dags/example_sla_dag.py took 0.056 seconds
