[2025-03-31T13:06:46.498+0530] {processor.py:186} INFO - Started process (PID=8117) to work on /home/pranav_shirali/airflow-project/airflow-env/lib/python3.10/site-packages/airflow/example_dags/example_kubernetes_executor.py
[2025-03-31T13:06:46.498+0530] {processor.py:914} INFO - Processing file /home/pranav_shirali/airflow-project/airflow-env/lib/python3.10/site-packages/airflow/example_dags/example_kubernetes_executor.py for tasks to queue
[2025-03-31T13:06:46.500+0530] {logging_mixin.py:190} INFO - [2025-03-31T13:06:46.499+0530] {dagbag.py:588} INFO - Filling up the DagBag from /home/pranav_shirali/airflow-project/airflow-env/lib/python3.10/site-packages/airflow/example_dags/example_kubernetes_executor.py
[2025-03-31T13:06:46.504+0530] {logging_mixin.py:190} INFO - [2025-03-31T13:06:46.503+0530] {example_kubernetes_executor.py:39} WARNING - The example_kubernetes_executor example DAG requires the kubernetes provider. Please install it with: pip install apache-airflow[cncf.kubernetes]
[2025-03-31T13:06:46.504+0530] {processor.py:927} WARNING - No viable dags retrieved from /home/pranav_shirali/airflow-project/airflow-env/lib/python3.10/site-packages/airflow/example_dags/example_kubernetes_executor.py
[2025-03-31T13:06:46.512+0530] {processor.py:208} INFO - Processing /home/pranav_shirali/airflow-project/airflow-env/lib/python3.10/site-packages/airflow/example_dags/example_kubernetes_executor.py took 0.019 seconds
[2025-03-31T13:07:46.921+0530] {processor.py:186} INFO - Started process (PID=8592) to work on /home/pranav_shirali/airflow-project/airflow-env/lib/python3.10/site-packages/airflow/example_dags/example_kubernetes_executor.py
[2025-03-31T13:07:46.922+0530] {processor.py:914} INFO - Processing file /home/pranav_shirali/airflow-project/airflow-env/lib/python3.10/site-packages/airflow/example_dags/example_kubernetes_executor.py for tasks to queue
[2025-03-31T13:07:46.923+0530] {logging_mixin.py:190} INFO - [2025-03-31T13:07:46.923+0530] {dagbag.py:588} INFO - Filling up the DagBag from /home/pranav_shirali/airflow-project/airflow-env/lib/python3.10/site-packages/airflow/example_dags/example_kubernetes_executor.py
[2025-03-31T13:07:46.925+0530] {logging_mixin.py:190} INFO - [2025-03-31T13:07:46.925+0530] {example_kubernetes_executor.py:39} WARNING - The example_kubernetes_executor example DAG requires the kubernetes provider. Please install it with: pip install apache-airflow[cncf.kubernetes]
[2025-03-31T13:07:46.925+0530] {processor.py:927} WARNING - No viable dags retrieved from /home/pranav_shirali/airflow-project/airflow-env/lib/python3.10/site-packages/airflow/example_dags/example_kubernetes_executor.py
[2025-03-31T13:07:46.934+0530] {processor.py:208} INFO - Processing /home/pranav_shirali/airflow-project/airflow-env/lib/python3.10/site-packages/airflow/example_dags/example_kubernetes_executor.py took 0.017 seconds
[2025-03-31T13:08:19.980+0530] {processor.py:186} INFO - Started process (PID=8750) to work on /home/pranav_shirali/airflow-project/airflow-env/lib/python3.10/site-packages/airflow/example_dags/example_kubernetes_executor.py
[2025-03-31T13:08:19.981+0530] {processor.py:914} INFO - Processing file /home/pranav_shirali/airflow-project/airflow-env/lib/python3.10/site-packages/airflow/example_dags/example_kubernetes_executor.py for tasks to queue
[2025-03-31T13:08:19.983+0530] {logging_mixin.py:190} INFO - [2025-03-31T13:08:19.982+0530] {dagbag.py:588} INFO - Filling up the DagBag from /home/pranav_shirali/airflow-project/airflow-env/lib/python3.10/site-packages/airflow/example_dags/example_kubernetes_executor.py
[2025-03-31T13:08:19.985+0530] {logging_mixin.py:190} INFO - [2025-03-31T13:08:19.985+0530] {example_kubernetes_executor.py:39} WARNING - The example_kubernetes_executor example DAG requires the kubernetes provider. Please install it with: pip install apache-airflow[cncf.kubernetes]
[2025-03-31T13:08:19.985+0530] {processor.py:927} WARNING - No viable dags retrieved from /home/pranav_shirali/airflow-project/airflow-env/lib/python3.10/site-packages/airflow/example_dags/example_kubernetes_executor.py
[2025-03-31T13:08:19.995+0530] {processor.py:208} INFO - Processing /home/pranav_shirali/airflow-project/airflow-env/lib/python3.10/site-packages/airflow/example_dags/example_kubernetes_executor.py took 0.021 seconds
[2025-03-31T13:09:15.873+0530] {processor.py:186} INFO - Started process (PID=9124) to work on /home/pranav_shirali/airflow-project/airflow-env/lib/python3.10/site-packages/airflow/example_dags/example_kubernetes_executor.py
[2025-03-31T13:09:15.875+0530] {processor.py:914} INFO - Processing file /home/pranav_shirali/airflow-project/airflow-env/lib/python3.10/site-packages/airflow/example_dags/example_kubernetes_executor.py for tasks to queue
[2025-03-31T13:09:15.877+0530] {logging_mixin.py:190} INFO - [2025-03-31T13:09:15.876+0530] {dagbag.py:588} INFO - Filling up the DagBag from /home/pranav_shirali/airflow-project/airflow-env/lib/python3.10/site-packages/airflow/example_dags/example_kubernetes_executor.py
[2025-03-31T13:09:15.879+0530] {logging_mixin.py:190} INFO - [2025-03-31T13:09:15.879+0530] {example_kubernetes_executor.py:39} WARNING - The example_kubernetes_executor example DAG requires the kubernetes provider. Please install it with: pip install apache-airflow[cncf.kubernetes]
[2025-03-31T13:09:15.879+0530] {processor.py:927} WARNING - No viable dags retrieved from /home/pranav_shirali/airflow-project/airflow-env/lib/python3.10/site-packages/airflow/example_dags/example_kubernetes_executor.py
[2025-03-31T13:09:15.886+0530] {processor.py:208} INFO - Processing /home/pranav_shirali/airflow-project/airflow-env/lib/python3.10/site-packages/airflow/example_dags/example_kubernetes_executor.py took 0.018 seconds
[2025-03-31T13:09:47.594+0530] {processor.py:186} INFO - Started process (PID=9236) to work on /home/pranav_shirali/airflow-project/airflow-env/lib/python3.10/site-packages/airflow/example_dags/example_kubernetes_executor.py
[2025-03-31T13:09:47.595+0530] {processor.py:914} INFO - Processing file /home/pranav_shirali/airflow-project/airflow-env/lib/python3.10/site-packages/airflow/example_dags/example_kubernetes_executor.py for tasks to queue
[2025-03-31T13:09:47.596+0530] {logging_mixin.py:190} INFO - [2025-03-31T13:09:47.596+0530] {dagbag.py:588} INFO - Filling up the DagBag from /home/pranav_shirali/airflow-project/airflow-env/lib/python3.10/site-packages/airflow/example_dags/example_kubernetes_executor.py
[2025-03-31T13:09:47.598+0530] {logging_mixin.py:190} INFO - [2025-03-31T13:09:47.598+0530] {example_kubernetes_executor.py:39} WARNING - The example_kubernetes_executor example DAG requires the kubernetes provider. Please install it with: pip install apache-airflow[cncf.kubernetes]
[2025-03-31T13:09:47.598+0530] {processor.py:927} WARNING - No viable dags retrieved from /home/pranav_shirali/airflow-project/airflow-env/lib/python3.10/site-packages/airflow/example_dags/example_kubernetes_executor.py
[2025-03-31T13:09:47.606+0530] {processor.py:208} INFO - Processing /home/pranav_shirali/airflow-project/airflow-env/lib/python3.10/site-packages/airflow/example_dags/example_kubernetes_executor.py took 0.015 seconds
[2025-03-31T13:10:44.137+0530] {processor.py:186} INFO - Started process (PID=9455) to work on /home/pranav_shirali/airflow-project/airflow-env/lib/python3.10/site-packages/airflow/example_dags/example_kubernetes_executor.py
[2025-03-31T13:10:44.139+0530] {processor.py:914} INFO - Processing file /home/pranav_shirali/airflow-project/airflow-env/lib/python3.10/site-packages/airflow/example_dags/example_kubernetes_executor.py for tasks to queue
[2025-03-31T13:10:44.141+0530] {logging_mixin.py:190} INFO - [2025-03-31T13:10:44.140+0530] {dagbag.py:588} INFO - Filling up the DagBag from /home/pranav_shirali/airflow-project/airflow-env/lib/python3.10/site-packages/airflow/example_dags/example_kubernetes_executor.py
[2025-03-31T13:10:44.143+0530] {logging_mixin.py:190} INFO - [2025-03-31T13:10:44.142+0530] {example_kubernetes_executor.py:39} WARNING - The example_kubernetes_executor example DAG requires the kubernetes provider. Please install it with: pip install apache-airflow[cncf.kubernetes]
[2025-03-31T13:10:44.143+0530] {processor.py:927} WARNING - No viable dags retrieved from /home/pranav_shirali/airflow-project/airflow-env/lib/python3.10/site-packages/airflow/example_dags/example_kubernetes_executor.py
[2025-03-31T13:10:44.150+0530] {processor.py:208} INFO - Processing /home/pranav_shirali/airflow-project/airflow-env/lib/python3.10/site-packages/airflow/example_dags/example_kubernetes_executor.py took 0.017 seconds
[2025-03-31T13:11:35.961+0530] {processor.py:186} INFO - Started process (PID=9660) to work on /home/pranav_shirali/airflow-project/airflow-env/lib/python3.10/site-packages/airflow/example_dags/example_kubernetes_executor.py
[2025-03-31T13:11:35.963+0530] {processor.py:914} INFO - Processing file /home/pranav_shirali/airflow-project/airflow-env/lib/python3.10/site-packages/airflow/example_dags/example_kubernetes_executor.py for tasks to queue
[2025-03-31T13:11:35.965+0530] {logging_mixin.py:190} INFO - [2025-03-31T13:11:35.965+0530] {dagbag.py:588} INFO - Filling up the DagBag from /home/pranav_shirali/airflow-project/airflow-env/lib/python3.10/site-packages/airflow/example_dags/example_kubernetes_executor.py
[2025-03-31T13:11:35.968+0530] {logging_mixin.py:190} INFO - [2025-03-31T13:11:35.968+0530] {example_kubernetes_executor.py:39} WARNING - The example_kubernetes_executor example DAG requires the kubernetes provider. Please install it with: pip install apache-airflow[cncf.kubernetes]
[2025-03-31T13:11:35.968+0530] {processor.py:927} WARNING - No viable dags retrieved from /home/pranav_shirali/airflow-project/airflow-env/lib/python3.10/site-packages/airflow/example_dags/example_kubernetes_executor.py
[2025-03-31T13:11:35.976+0530] {processor.py:208} INFO - Processing /home/pranav_shirali/airflow-project/airflow-env/lib/python3.10/site-packages/airflow/example_dags/example_kubernetes_executor.py took 0.019 seconds
[2025-03-31T13:12:29.538+0530] {processor.py:186} INFO - Started process (PID=9890) to work on /home/pranav_shirali/airflow-project/airflow-env/lib/python3.10/site-packages/airflow/example_dags/example_kubernetes_executor.py
[2025-03-31T13:12:29.539+0530] {processor.py:914} INFO - Processing file /home/pranav_shirali/airflow-project/airflow-env/lib/python3.10/site-packages/airflow/example_dags/example_kubernetes_executor.py for tasks to queue
[2025-03-31T13:12:29.540+0530] {logging_mixin.py:190} INFO - [2025-03-31T13:12:29.540+0530] {dagbag.py:588} INFO - Filling up the DagBag from /home/pranav_shirali/airflow-project/airflow-env/lib/python3.10/site-packages/airflow/example_dags/example_kubernetes_executor.py
[2025-03-31T13:12:29.542+0530] {logging_mixin.py:190} INFO - [2025-03-31T13:12:29.542+0530] {example_kubernetes_executor.py:39} WARNING - The example_kubernetes_executor example DAG requires the kubernetes provider. Please install it with: pip install apache-airflow[cncf.kubernetes]
[2025-03-31T13:12:29.542+0530] {processor.py:927} WARNING - No viable dags retrieved from /home/pranav_shirali/airflow-project/airflow-env/lib/python3.10/site-packages/airflow/example_dags/example_kubernetes_executor.py
[2025-03-31T13:12:29.549+0530] {processor.py:208} INFO - Processing /home/pranav_shirali/airflow-project/airflow-env/lib/python3.10/site-packages/airflow/example_dags/example_kubernetes_executor.py took 0.016 seconds
[2025-03-31T13:13:22.670+0530] {processor.py:186} INFO - Started process (PID=10221) to work on /home/pranav_shirali/airflow-project/airflow-env/lib/python3.10/site-packages/airflow/example_dags/example_kubernetes_executor.py
[2025-03-31T13:13:22.671+0530] {processor.py:914} INFO - Processing file /home/pranav_shirali/airflow-project/airflow-env/lib/python3.10/site-packages/airflow/example_dags/example_kubernetes_executor.py for tasks to queue
[2025-03-31T13:13:22.672+0530] {logging_mixin.py:190} INFO - [2025-03-31T13:13:22.672+0530] {dagbag.py:588} INFO - Filling up the DagBag from /home/pranav_shirali/airflow-project/airflow-env/lib/python3.10/site-packages/airflow/example_dags/example_kubernetes_executor.py
[2025-03-31T13:13:22.674+0530] {logging_mixin.py:190} INFO - [2025-03-31T13:13:22.674+0530] {example_kubernetes_executor.py:39} WARNING - The example_kubernetes_executor example DAG requires the kubernetes provider. Please install it with: pip install apache-airflow[cncf.kubernetes]
[2025-03-31T13:13:22.675+0530] {processor.py:927} WARNING - No viable dags retrieved from /home/pranav_shirali/airflow-project/airflow-env/lib/python3.10/site-packages/airflow/example_dags/example_kubernetes_executor.py
[2025-03-31T13:13:22.683+0530] {processor.py:208} INFO - Processing /home/pranav_shirali/airflow-project/airflow-env/lib/python3.10/site-packages/airflow/example_dags/example_kubernetes_executor.py took 0.019 seconds
[2025-03-31T13:14:18.134+0530] {processor.py:186} INFO - Started process (PID=10694) to work on /home/pranav_shirali/airflow-project/airflow-env/lib/python3.10/site-packages/airflow/example_dags/example_kubernetes_executor.py
[2025-03-31T13:14:18.136+0530] {processor.py:914} INFO - Processing file /home/pranav_shirali/airflow-project/airflow-env/lib/python3.10/site-packages/airflow/example_dags/example_kubernetes_executor.py for tasks to queue
[2025-03-31T13:14:18.137+0530] {logging_mixin.py:190} INFO - [2025-03-31T13:14:18.137+0530] {dagbag.py:588} INFO - Filling up the DagBag from /home/pranav_shirali/airflow-project/airflow-env/lib/python3.10/site-packages/airflow/example_dags/example_kubernetes_executor.py
[2025-03-31T13:14:18.139+0530] {logging_mixin.py:190} INFO - [2025-03-31T13:14:18.139+0530] {example_kubernetes_executor.py:39} WARNING - The example_kubernetes_executor example DAG requires the kubernetes provider. Please install it with: pip install apache-airflow[cncf.kubernetes]
[2025-03-31T13:14:18.140+0530] {processor.py:927} WARNING - No viable dags retrieved from /home/pranav_shirali/airflow-project/airflow-env/lib/python3.10/site-packages/airflow/example_dags/example_kubernetes_executor.py
[2025-03-31T13:14:18.147+0530] {processor.py:208} INFO - Processing /home/pranav_shirali/airflow-project/airflow-env/lib/python3.10/site-packages/airflow/example_dags/example_kubernetes_executor.py took 0.019 seconds
[2025-03-31T13:15:17.595+0530] {processor.py:186} INFO - Started process (PID=11263) to work on /home/pranav_shirali/airflow-project/airflow-env/lib/python3.10/site-packages/airflow/example_dags/example_kubernetes_executor.py
[2025-03-31T13:15:17.597+0530] {processor.py:914} INFO - Processing file /home/pranav_shirali/airflow-project/airflow-env/lib/python3.10/site-packages/airflow/example_dags/example_kubernetes_executor.py for tasks to queue
[2025-03-31T13:15:17.598+0530] {logging_mixin.py:190} INFO - [2025-03-31T13:15:17.598+0530] {dagbag.py:588} INFO - Filling up the DagBag from /home/pranav_shirali/airflow-project/airflow-env/lib/python3.10/site-packages/airflow/example_dags/example_kubernetes_executor.py
[2025-03-31T13:15:17.601+0530] {logging_mixin.py:190} INFO - [2025-03-31T13:15:17.601+0530] {example_kubernetes_executor.py:39} WARNING - The example_kubernetes_executor example DAG requires the kubernetes provider. Please install it with: pip install apache-airflow[cncf.kubernetes]
[2025-03-31T13:15:17.601+0530] {processor.py:927} WARNING - No viable dags retrieved from /home/pranav_shirali/airflow-project/airflow-env/lib/python3.10/site-packages/airflow/example_dags/example_kubernetes_executor.py
[2025-03-31T13:15:17.612+0530] {processor.py:208} INFO - Processing /home/pranav_shirali/airflow-project/airflow-env/lib/python3.10/site-packages/airflow/example_dags/example_kubernetes_executor.py took 0.021 seconds
[2025-03-31T13:15:48.915+0530] {processor.py:186} INFO - Started process (PID=11573) to work on /home/pranav_shirali/airflow-project/airflow-env/lib/python3.10/site-packages/airflow/example_dags/example_kubernetes_executor.py
[2025-03-31T13:15:48.915+0530] {processor.py:914} INFO - Processing file /home/pranav_shirali/airflow-project/airflow-env/lib/python3.10/site-packages/airflow/example_dags/example_kubernetes_executor.py for tasks to queue
[2025-03-31T13:15:48.917+0530] {logging_mixin.py:190} INFO - [2025-03-31T13:15:48.917+0530] {dagbag.py:588} INFO - Filling up the DagBag from /home/pranav_shirali/airflow-project/airflow-env/lib/python3.10/site-packages/airflow/example_dags/example_kubernetes_executor.py
[2025-03-31T13:15:48.919+0530] {logging_mixin.py:190} INFO - [2025-03-31T13:15:48.919+0530] {example_kubernetes_executor.py:39} WARNING - The example_kubernetes_executor example DAG requires the kubernetes provider. Please install it with: pip install apache-airflow[cncf.kubernetes]
[2025-03-31T13:15:48.920+0530] {processor.py:927} WARNING - No viable dags retrieved from /home/pranav_shirali/airflow-project/airflow-env/lib/python3.10/site-packages/airflow/example_dags/example_kubernetes_executor.py
[2025-03-31T13:15:48.927+0530] {processor.py:208} INFO - Processing /home/pranav_shirali/airflow-project/airflow-env/lib/python3.10/site-packages/airflow/example_dags/example_kubernetes_executor.py took 0.016 seconds
[2025-03-31T13:16:20.506+0530] {processor.py:186} INFO - Started process (PID=11870) to work on /home/pranav_shirali/airflow-project/airflow-env/lib/python3.10/site-packages/airflow/example_dags/example_kubernetes_executor.py
[2025-03-31T13:16:20.507+0530] {processor.py:914} INFO - Processing file /home/pranav_shirali/airflow-project/airflow-env/lib/python3.10/site-packages/airflow/example_dags/example_kubernetes_executor.py for tasks to queue
[2025-03-31T13:16:20.508+0530] {logging_mixin.py:190} INFO - [2025-03-31T13:16:20.508+0530] {dagbag.py:588} INFO - Filling up the DagBag from /home/pranav_shirali/airflow-project/airflow-env/lib/python3.10/site-packages/airflow/example_dags/example_kubernetes_executor.py
[2025-03-31T13:16:20.510+0530] {logging_mixin.py:190} INFO - [2025-03-31T13:16:20.510+0530] {example_kubernetes_executor.py:39} WARNING - The example_kubernetes_executor example DAG requires the kubernetes provider. Please install it with: pip install apache-airflow[cncf.kubernetes]
[2025-03-31T13:16:20.511+0530] {processor.py:927} WARNING - No viable dags retrieved from /home/pranav_shirali/airflow-project/airflow-env/lib/python3.10/site-packages/airflow/example_dags/example_kubernetes_executor.py
[2025-03-31T13:16:20.517+0530] {processor.py:208} INFO - Processing /home/pranav_shirali/airflow-project/airflow-env/lib/python3.10/site-packages/airflow/example_dags/example_kubernetes_executor.py took 0.017 seconds
[2025-03-31T13:17:15.835+0530] {processor.py:186} INFO - Started process (PID=12285) to work on /home/pranav_shirali/airflow-project/airflow-env/lib/python3.10/site-packages/airflow/example_dags/example_kubernetes_executor.py
[2025-03-31T13:17:15.836+0530] {processor.py:914} INFO - Processing file /home/pranav_shirali/airflow-project/airflow-env/lib/python3.10/site-packages/airflow/example_dags/example_kubernetes_executor.py for tasks to queue
[2025-03-31T13:17:15.838+0530] {logging_mixin.py:190} INFO - [2025-03-31T13:17:15.837+0530] {dagbag.py:588} INFO - Filling up the DagBag from /home/pranav_shirali/airflow-project/airflow-env/lib/python3.10/site-packages/airflow/example_dags/example_kubernetes_executor.py
[2025-03-31T13:17:15.840+0530] {logging_mixin.py:190} INFO - [2025-03-31T13:17:15.839+0530] {example_kubernetes_executor.py:39} WARNING - The example_kubernetes_executor example DAG requires the kubernetes provider. Please install it with: pip install apache-airflow[cncf.kubernetes]
[2025-03-31T13:17:15.840+0530] {processor.py:927} WARNING - No viable dags retrieved from /home/pranav_shirali/airflow-project/airflow-env/lib/python3.10/site-packages/airflow/example_dags/example_kubernetes_executor.py
[2025-03-31T13:17:15.846+0530] {processor.py:208} INFO - Processing /home/pranav_shirali/airflow-project/airflow-env/lib/python3.10/site-packages/airflow/example_dags/example_kubernetes_executor.py took 0.015 seconds
