[2025-03-31T13:07:17.724+0530] {processor.py:186} INFO - Started process (PID=8352) to work on /home/pranav_shirali/airflow-project/airflow-env/lib/python3.10/site-packages/airflow/example_dags/example_local_kubernetes_executor.py
[2025-03-31T13:07:17.725+0530] {processor.py:914} INFO - Processing file /home/pranav_shirali/airflow-project/airflow-env/lib/python3.10/site-packages/airflow/example_dags/example_local_kubernetes_executor.py for tasks to queue
[2025-03-31T13:07:17.728+0530] {logging_mixin.py:190} INFO - [2025-03-31T13:07:17.727+0530] {dagbag.py:588} INFO - Filling up the DagBag from /home/pranav_shirali/airflow-project/airflow-env/lib/python3.10/site-packages/airflow/example_dags/example_local_kubernetes_executor.py
[2025-03-31T13:07:17.730+0530] {logging_mixin.py:190} INFO - [2025-03-31T13:07:17.730+0530] {example_local_kubernetes_executor.py:40} WARNING - Could not import DAGs in example_local_kubernetes_executor.py
Traceback (most recent call last):
  File "/home/pranav_shirali/airflow-project/airflow-env/lib/python3.10/site-packages/airflow/example_dags/example_local_kubernetes_executor.py", line 38, in <module>
    from kubernetes.client import models as k8s
ModuleNotFoundError: No module named 'kubernetes'
[2025-03-31T13:07:17.731+0530] {logging_mixin.py:190} INFO - [2025-03-31T13:07:17.730+0530] {example_local_kubernetes_executor.py:41} WARNING - Install Kubernetes dependencies with: pip install apache-airflow[cncf.kubernetes]
[2025-03-31T13:07:17.731+0530] {processor.py:927} WARNING - No viable dags retrieved from /home/pranav_shirali/airflow-project/airflow-env/lib/python3.10/site-packages/airflow/example_dags/example_local_kubernetes_executor.py
[2025-03-31T13:07:17.738+0530] {processor.py:208} INFO - Processing /home/pranav_shirali/airflow-project/airflow-env/lib/python3.10/site-packages/airflow/example_dags/example_local_kubernetes_executor.py took 0.020 seconds
[2025-03-31T13:08:22.840+0530] {processor.py:186} INFO - Started process (PID=8789) to work on /home/pranav_shirali/airflow-project/airflow-env/lib/python3.10/site-packages/airflow/example_dags/example_local_kubernetes_executor.py
[2025-03-31T13:08:22.846+0530] {processor.py:914} INFO - Processing file /home/pranav_shirali/airflow-project/airflow-env/lib/python3.10/site-packages/airflow/example_dags/example_local_kubernetes_executor.py for tasks to queue
[2025-03-31T13:08:22.849+0530] {logging_mixin.py:190} INFO - [2025-03-31T13:08:22.848+0530] {dagbag.py:588} INFO - Filling up the DagBag from /home/pranav_shirali/airflow-project/airflow-env/lib/python3.10/site-packages/airflow/example_dags/example_local_kubernetes_executor.py
[2025-03-31T13:08:22.852+0530] {logging_mixin.py:190} INFO - [2025-03-31T13:08:22.852+0530] {example_local_kubernetes_executor.py:40} WARNING - Could not import DAGs in example_local_kubernetes_executor.py
Traceback (most recent call last):
  File "/home/pranav_shirali/airflow-project/airflow-env/lib/python3.10/site-packages/airflow/example_dags/example_local_kubernetes_executor.py", line 38, in <module>
    from kubernetes.client import models as k8s
ModuleNotFoundError: No module named 'kubernetes'
[2025-03-31T13:08:22.853+0530] {logging_mixin.py:190} INFO - [2025-03-31T13:08:22.852+0530] {example_local_kubernetes_executor.py:41} WARNING - Install Kubernetes dependencies with: pip install apache-airflow[cncf.kubernetes]
[2025-03-31T13:08:22.853+0530] {processor.py:927} WARNING - No viable dags retrieved from /home/pranav_shirali/airflow-project/airflow-env/lib/python3.10/site-packages/airflow/example_dags/example_local_kubernetes_executor.py
[2025-03-31T13:08:22.861+0530] {processor.py:208} INFO - Processing /home/pranav_shirali/airflow-project/airflow-env/lib/python3.10/site-packages/airflow/example_dags/example_local_kubernetes_executor.py took 0.027 seconds
[2025-03-31T13:09:19.870+0530] {processor.py:186} INFO - Started process (PID=9140) to work on /home/pranav_shirali/airflow-project/airflow-env/lib/python3.10/site-packages/airflow/example_dags/example_local_kubernetes_executor.py
[2025-03-31T13:09:19.873+0530] {processor.py:914} INFO - Processing file /home/pranav_shirali/airflow-project/airflow-env/lib/python3.10/site-packages/airflow/example_dags/example_local_kubernetes_executor.py for tasks to queue
[2025-03-31T13:09:19.875+0530] {logging_mixin.py:190} INFO - [2025-03-31T13:09:19.875+0530] {dagbag.py:588} INFO - Filling up the DagBag from /home/pranav_shirali/airflow-project/airflow-env/lib/python3.10/site-packages/airflow/example_dags/example_local_kubernetes_executor.py
[2025-03-31T13:09:19.877+0530] {logging_mixin.py:190} INFO - [2025-03-31T13:09:19.877+0530] {example_local_kubernetes_executor.py:40} WARNING - Could not import DAGs in example_local_kubernetes_executor.py
Traceback (most recent call last):
  File "/home/pranav_shirali/airflow-project/airflow-env/lib/python3.10/site-packages/airflow/example_dags/example_local_kubernetes_executor.py", line 38, in <module>
    from kubernetes.client import models as k8s
ModuleNotFoundError: No module named 'kubernetes'
[2025-03-31T13:09:19.877+0530] {logging_mixin.py:190} INFO - [2025-03-31T13:09:19.877+0530] {example_local_kubernetes_executor.py:41} WARNING - Install Kubernetes dependencies with: pip install apache-airflow[cncf.kubernetes]
[2025-03-31T13:09:19.877+0530] {processor.py:927} WARNING - No viable dags retrieved from /home/pranav_shirali/airflow-project/airflow-env/lib/python3.10/site-packages/airflow/example_dags/example_local_kubernetes_executor.py
[2025-03-31T13:09:19.885+0530] {processor.py:208} INFO - Processing /home/pranav_shirali/airflow-project/airflow-env/lib/python3.10/site-packages/airflow/example_dags/example_local_kubernetes_executor.py took 0.018 seconds
[2025-03-31T13:10:19.174+0530] {processor.py:186} INFO - Started process (PID=9359) to work on /home/pranav_shirali/airflow-project/airflow-env/lib/python3.10/site-packages/airflow/example_dags/example_local_kubernetes_executor.py
[2025-03-31T13:10:19.176+0530] {processor.py:914} INFO - Processing file /home/pranav_shirali/airflow-project/airflow-env/lib/python3.10/site-packages/airflow/example_dags/example_local_kubernetes_executor.py for tasks to queue
[2025-03-31T13:10:19.180+0530] {logging_mixin.py:190} INFO - [2025-03-31T13:10:19.179+0530] {dagbag.py:588} INFO - Filling up the DagBag from /home/pranav_shirali/airflow-project/airflow-env/lib/python3.10/site-packages/airflow/example_dags/example_local_kubernetes_executor.py
[2025-03-31T13:10:19.183+0530] {logging_mixin.py:190} INFO - [2025-03-31T13:10:19.182+0530] {example_local_kubernetes_executor.py:40} WARNING - Could not import DAGs in example_local_kubernetes_executor.py
Traceback (most recent call last):
  File "/home/pranav_shirali/airflow-project/airflow-env/lib/python3.10/site-packages/airflow/example_dags/example_local_kubernetes_executor.py", line 38, in <module>
    from kubernetes.client import models as k8s
ModuleNotFoundError: No module named 'kubernetes'
[2025-03-31T13:10:19.183+0530] {logging_mixin.py:190} INFO - [2025-03-31T13:10:19.183+0530] {example_local_kubernetes_executor.py:41} WARNING - Install Kubernetes dependencies with: pip install apache-airflow[cncf.kubernetes]
[2025-03-31T13:10:19.183+0530] {processor.py:927} WARNING - No viable dags retrieved from /home/pranav_shirali/airflow-project/airflow-env/lib/python3.10/site-packages/airflow/example_dags/example_local_kubernetes_executor.py
[2025-03-31T13:10:19.194+0530] {processor.py:208} INFO - Processing /home/pranav_shirali/airflow-project/airflow-env/lib/python3.10/site-packages/airflow/example_dags/example_local_kubernetes_executor.py took 0.027 seconds
[2025-03-31T13:11:14.008+0530] {processor.py:186} INFO - Started process (PID=9570) to work on /home/pranav_shirali/airflow-project/airflow-env/lib/python3.10/site-packages/airflow/example_dags/example_local_kubernetes_executor.py
[2025-03-31T13:11:14.009+0530] {processor.py:914} INFO - Processing file /home/pranav_shirali/airflow-project/airflow-env/lib/python3.10/site-packages/airflow/example_dags/example_local_kubernetes_executor.py for tasks to queue
[2025-03-31T13:11:14.010+0530] {logging_mixin.py:190} INFO - [2025-03-31T13:11:14.010+0530] {dagbag.py:588} INFO - Filling up the DagBag from /home/pranav_shirali/airflow-project/airflow-env/lib/python3.10/site-packages/airflow/example_dags/example_local_kubernetes_executor.py
[2025-03-31T13:11:14.013+0530] {logging_mixin.py:190} INFO - [2025-03-31T13:11:14.012+0530] {example_local_kubernetes_executor.py:40} WARNING - Could not import DAGs in example_local_kubernetes_executor.py
Traceback (most recent call last):
  File "/home/pranav_shirali/airflow-project/airflow-env/lib/python3.10/site-packages/airflow/example_dags/example_local_kubernetes_executor.py", line 38, in <module>
    from kubernetes.client import models as k8s
ModuleNotFoundError: No module named 'kubernetes'
[2025-03-31T13:11:14.013+0530] {logging_mixin.py:190} INFO - [2025-03-31T13:11:14.013+0530] {example_local_kubernetes_executor.py:41} WARNING - Install Kubernetes dependencies with: pip install apache-airflow[cncf.kubernetes]
[2025-03-31T13:11:14.013+0530] {processor.py:927} WARNING - No viable dags retrieved from /home/pranav_shirali/airflow-project/airflow-env/lib/python3.10/site-packages/airflow/example_dags/example_local_kubernetes_executor.py
[2025-03-31T13:11:14.020+0530] {processor.py:208} INFO - Processing /home/pranav_shirali/airflow-project/airflow-env/lib/python3.10/site-packages/airflow/example_dags/example_local_kubernetes_executor.py took 0.017 seconds
[2025-03-31T13:12:07.432+0530] {processor.py:186} INFO - Started process (PID=9810) to work on /home/pranav_shirali/airflow-project/airflow-env/lib/python3.10/site-packages/airflow/example_dags/example_local_kubernetes_executor.py
[2025-03-31T13:12:07.433+0530] {processor.py:914} INFO - Processing file /home/pranav_shirali/airflow-project/airflow-env/lib/python3.10/site-packages/airflow/example_dags/example_local_kubernetes_executor.py for tasks to queue
[2025-03-31T13:12:07.435+0530] {logging_mixin.py:190} INFO - [2025-03-31T13:12:07.435+0530] {dagbag.py:588} INFO - Filling up the DagBag from /home/pranav_shirali/airflow-project/airflow-env/lib/python3.10/site-packages/airflow/example_dags/example_local_kubernetes_executor.py
[2025-03-31T13:12:07.437+0530] {logging_mixin.py:190} INFO - [2025-03-31T13:12:07.437+0530] {example_local_kubernetes_executor.py:40} WARNING - Could not import DAGs in example_local_kubernetes_executor.py
Traceback (most recent call last):
  File "/home/pranav_shirali/airflow-project/airflow-env/lib/python3.10/site-packages/airflow/example_dags/example_local_kubernetes_executor.py", line 38, in <module>
    from kubernetes.client import models as k8s
ModuleNotFoundError: No module named 'kubernetes'
[2025-03-31T13:12:07.437+0530] {logging_mixin.py:190} INFO - [2025-03-31T13:12:07.437+0530] {example_local_kubernetes_executor.py:41} WARNING - Install Kubernetes dependencies with: pip install apache-airflow[cncf.kubernetes]
[2025-03-31T13:12:07.438+0530] {processor.py:927} WARNING - No viable dags retrieved from /home/pranav_shirali/airflow-project/airflow-env/lib/python3.10/site-packages/airflow/example_dags/example_local_kubernetes_executor.py
[2025-03-31T13:12:07.450+0530] {processor.py:208} INFO - Processing /home/pranav_shirali/airflow-project/airflow-env/lib/python3.10/site-packages/airflow/example_dags/example_local_kubernetes_executor.py took 0.024 seconds
[2025-03-31T13:13:03.844+0530] {processor.py:186} INFO - Started process (PID=10028) to work on /home/pranav_shirali/airflow-project/airflow-env/lib/python3.10/site-packages/airflow/example_dags/example_local_kubernetes_executor.py
[2025-03-31T13:13:03.845+0530] {processor.py:914} INFO - Processing file /home/pranav_shirali/airflow-project/airflow-env/lib/python3.10/site-packages/airflow/example_dags/example_local_kubernetes_executor.py for tasks to queue
[2025-03-31T13:13:03.847+0530] {logging_mixin.py:190} INFO - [2025-03-31T13:13:03.846+0530] {dagbag.py:588} INFO - Filling up the DagBag from /home/pranav_shirali/airflow-project/airflow-env/lib/python3.10/site-packages/airflow/example_dags/example_local_kubernetes_executor.py
[2025-03-31T13:13:03.849+0530] {logging_mixin.py:190} INFO - [2025-03-31T13:13:03.848+0530] {example_local_kubernetes_executor.py:40} WARNING - Could not import DAGs in example_local_kubernetes_executor.py
Traceback (most recent call last):
  File "/home/pranav_shirali/airflow-project/airflow-env/lib/python3.10/site-packages/airflow/example_dags/example_local_kubernetes_executor.py", line 38, in <module>
    from kubernetes.client import models as k8s
ModuleNotFoundError: No module named 'kubernetes'
[2025-03-31T13:13:03.849+0530] {logging_mixin.py:190} INFO - [2025-03-31T13:13:03.849+0530] {example_local_kubernetes_executor.py:41} WARNING - Install Kubernetes dependencies with: pip install apache-airflow[cncf.kubernetes]
[2025-03-31T13:13:03.849+0530] {processor.py:927} WARNING - No viable dags retrieved from /home/pranav_shirali/airflow-project/airflow-env/lib/python3.10/site-packages/airflow/example_dags/example_local_kubernetes_executor.py
[2025-03-31T13:13:03.856+0530] {processor.py:208} INFO - Processing /home/pranav_shirali/airflow-project/airflow-env/lib/python3.10/site-packages/airflow/example_dags/example_local_kubernetes_executor.py took 0.015 seconds
[2025-03-31T13:13:58.370+0530] {processor.py:186} INFO - Started process (PID=10507) to work on /home/pranav_shirali/airflow-project/airflow-env/lib/python3.10/site-packages/airflow/example_dags/example_local_kubernetes_executor.py
[2025-03-31T13:13:58.371+0530] {processor.py:914} INFO - Processing file /home/pranav_shirali/airflow-project/airflow-env/lib/python3.10/site-packages/airflow/example_dags/example_local_kubernetes_executor.py for tasks to queue
[2025-03-31T13:13:58.372+0530] {logging_mixin.py:190} INFO - [2025-03-31T13:13:58.372+0530] {dagbag.py:588} INFO - Filling up the DagBag from /home/pranav_shirali/airflow-project/airflow-env/lib/python3.10/site-packages/airflow/example_dags/example_local_kubernetes_executor.py
[2025-03-31T13:13:58.374+0530] {logging_mixin.py:190} INFO - [2025-03-31T13:13:58.374+0530] {example_local_kubernetes_executor.py:40} WARNING - Could not import DAGs in example_local_kubernetes_executor.py
Traceback (most recent call last):
  File "/home/pranav_shirali/airflow-project/airflow-env/lib/python3.10/site-packages/airflow/example_dags/example_local_kubernetes_executor.py", line 38, in <module>
    from kubernetes.client import models as k8s
ModuleNotFoundError: No module named 'kubernetes'
[2025-03-31T13:13:58.374+0530] {logging_mixin.py:190} INFO - [2025-03-31T13:13:58.374+0530] {example_local_kubernetes_executor.py:41} WARNING - Install Kubernetes dependencies with: pip install apache-airflow[cncf.kubernetes]
[2025-03-31T13:13:58.375+0530] {processor.py:927} WARNING - No viable dags retrieved from /home/pranav_shirali/airflow-project/airflow-env/lib/python3.10/site-packages/airflow/example_dags/example_local_kubernetes_executor.py
[2025-03-31T13:13:58.383+0530] {processor.py:208} INFO - Processing /home/pranav_shirali/airflow-project/airflow-env/lib/python3.10/site-packages/airflow/example_dags/example_local_kubernetes_executor.py took 0.017 seconds
[2025-03-31T13:14:54.535+0530] {processor.py:186} INFO - Started process (PID=11033) to work on /home/pranav_shirali/airflow-project/airflow-env/lib/python3.10/site-packages/airflow/example_dags/example_local_kubernetes_executor.py
[2025-03-31T13:14:54.536+0530] {processor.py:914} INFO - Processing file /home/pranav_shirali/airflow-project/airflow-env/lib/python3.10/site-packages/airflow/example_dags/example_local_kubernetes_executor.py for tasks to queue
[2025-03-31T13:14:54.538+0530] {logging_mixin.py:190} INFO - [2025-03-31T13:14:54.537+0530] {dagbag.py:588} INFO - Filling up the DagBag from /home/pranav_shirali/airflow-project/airflow-env/lib/python3.10/site-packages/airflow/example_dags/example_local_kubernetes_executor.py
[2025-03-31T13:14:54.540+0530] {logging_mixin.py:190} INFO - [2025-03-31T13:14:54.539+0530] {example_local_kubernetes_executor.py:40} WARNING - Could not import DAGs in example_local_kubernetes_executor.py
Traceback (most recent call last):
  File "/home/pranav_shirali/airflow-project/airflow-env/lib/python3.10/site-packages/airflow/example_dags/example_local_kubernetes_executor.py", line 38, in <module>
    from kubernetes.client import models as k8s
ModuleNotFoundError: No module named 'kubernetes'
[2025-03-31T13:14:54.540+0530] {logging_mixin.py:190} INFO - [2025-03-31T13:14:54.540+0530] {example_local_kubernetes_executor.py:41} WARNING - Install Kubernetes dependencies with: pip install apache-airflow[cncf.kubernetes]
[2025-03-31T13:14:54.540+0530] {processor.py:927} WARNING - No viable dags retrieved from /home/pranav_shirali/airflow-project/airflow-env/lib/python3.10/site-packages/airflow/example_dags/example_local_kubernetes_executor.py
[2025-03-31T13:14:54.546+0530] {processor.py:208} INFO - Processing /home/pranav_shirali/airflow-project/airflow-env/lib/python3.10/site-packages/airflow/example_dags/example_local_kubernetes_executor.py took 0.015 seconds
[2025-03-31T13:15:57.923+0530] {processor.py:186} INFO - Started process (PID=11659) to work on /home/pranav_shirali/airflow-project/airflow-env/lib/python3.10/site-packages/airflow/example_dags/example_local_kubernetes_executor.py
[2025-03-31T13:15:57.924+0530] {processor.py:914} INFO - Processing file /home/pranav_shirali/airflow-project/airflow-env/lib/python3.10/site-packages/airflow/example_dags/example_local_kubernetes_executor.py for tasks to queue
[2025-03-31T13:15:57.926+0530] {logging_mixin.py:190} INFO - [2025-03-31T13:15:57.925+0530] {dagbag.py:588} INFO - Filling up the DagBag from /home/pranav_shirali/airflow-project/airflow-env/lib/python3.10/site-packages/airflow/example_dags/example_local_kubernetes_executor.py
[2025-03-31T13:15:57.928+0530] {logging_mixin.py:190} INFO - [2025-03-31T13:15:57.928+0530] {example_local_kubernetes_executor.py:40} WARNING - Could not import DAGs in example_local_kubernetes_executor.py
Traceback (most recent call last):
  File "/home/pranav_shirali/airflow-project/airflow-env/lib/python3.10/site-packages/airflow/example_dags/example_local_kubernetes_executor.py", line 38, in <module>
    from kubernetes.client import models as k8s
ModuleNotFoundError: No module named 'kubernetes'
[2025-03-31T13:15:57.928+0530] {logging_mixin.py:190} INFO - [2025-03-31T13:15:57.928+0530] {example_local_kubernetes_executor.py:41} WARNING - Install Kubernetes dependencies with: pip install apache-airflow[cncf.kubernetes]
[2025-03-31T13:15:57.928+0530] {processor.py:927} WARNING - No viable dags retrieved from /home/pranav_shirali/airflow-project/airflow-env/lib/python3.10/site-packages/airflow/example_dags/example_local_kubernetes_executor.py
[2025-03-31T13:15:57.936+0530] {processor.py:208} INFO - Processing /home/pranav_shirali/airflow-project/airflow-env/lib/python3.10/site-packages/airflow/example_dags/example_local_kubernetes_executor.py took 0.017 seconds
[2025-03-31T13:16:56.821+0530] {processor.py:186} INFO - Started process (PID=12203) to work on /home/pranav_shirali/airflow-project/airflow-env/lib/python3.10/site-packages/airflow/example_dags/example_local_kubernetes_executor.py
[2025-03-31T13:16:56.822+0530] {processor.py:914} INFO - Processing file /home/pranav_shirali/airflow-project/airflow-env/lib/python3.10/site-packages/airflow/example_dags/example_local_kubernetes_executor.py for tasks to queue
[2025-03-31T13:16:56.824+0530] {logging_mixin.py:190} INFO - [2025-03-31T13:16:56.824+0530] {dagbag.py:588} INFO - Filling up the DagBag from /home/pranav_shirali/airflow-project/airflow-env/lib/python3.10/site-packages/airflow/example_dags/example_local_kubernetes_executor.py
[2025-03-31T13:16:56.827+0530] {logging_mixin.py:190} INFO - [2025-03-31T13:16:56.827+0530] {example_local_kubernetes_executor.py:40} WARNING - Could not import DAGs in example_local_kubernetes_executor.py
Traceback (most recent call last):
  File "/home/pranav_shirali/airflow-project/airflow-env/lib/python3.10/site-packages/airflow/example_dags/example_local_kubernetes_executor.py", line 38, in <module>
    from kubernetes.client import models as k8s
ModuleNotFoundError: No module named 'kubernetes'
[2025-03-31T13:16:56.828+0530] {logging_mixin.py:190} INFO - [2025-03-31T13:16:56.828+0530] {example_local_kubernetes_executor.py:41} WARNING - Install Kubernetes dependencies with: pip install apache-airflow[cncf.kubernetes]
[2025-03-31T13:16:56.828+0530] {processor.py:927} WARNING - No viable dags retrieved from /home/pranav_shirali/airflow-project/airflow-env/lib/python3.10/site-packages/airflow/example_dags/example_local_kubernetes_executor.py
[2025-03-31T13:16:56.836+0530] {processor.py:208} INFO - Processing /home/pranav_shirali/airflow-project/airflow-env/lib/python3.10/site-packages/airflow/example_dags/example_local_kubernetes_executor.py took 0.019 seconds
[2025-03-31T13:17:51.474+0530] {processor.py:186} INFO - Started process (PID=12593) to work on /home/pranav_shirali/airflow-project/airflow-env/lib/python3.10/site-packages/airflow/example_dags/example_local_kubernetes_executor.py
[2025-03-31T13:17:51.475+0530] {processor.py:914} INFO - Processing file /home/pranav_shirali/airflow-project/airflow-env/lib/python3.10/site-packages/airflow/example_dags/example_local_kubernetes_executor.py for tasks to queue
[2025-03-31T13:17:51.476+0530] {logging_mixin.py:190} INFO - [2025-03-31T13:17:51.476+0530] {dagbag.py:588} INFO - Filling up the DagBag from /home/pranav_shirali/airflow-project/airflow-env/lib/python3.10/site-packages/airflow/example_dags/example_local_kubernetes_executor.py
[2025-03-31T13:17:51.478+0530] {logging_mixin.py:190} INFO - [2025-03-31T13:17:51.478+0530] {example_local_kubernetes_executor.py:40} WARNING - Could not import DAGs in example_local_kubernetes_executor.py
Traceback (most recent call last):
  File "/home/pranav_shirali/airflow-project/airflow-env/lib/python3.10/site-packages/airflow/example_dags/example_local_kubernetes_executor.py", line 38, in <module>
    from kubernetes.client import models as k8s
ModuleNotFoundError: No module named 'kubernetes'
[2025-03-31T13:17:51.478+0530] {logging_mixin.py:190} INFO - [2025-03-31T13:17:51.478+0530] {example_local_kubernetes_executor.py:41} WARNING - Install Kubernetes dependencies with: pip install apache-airflow[cncf.kubernetes]
[2025-03-31T13:17:51.479+0530] {processor.py:927} WARNING - No viable dags retrieved from /home/pranav_shirali/airflow-project/airflow-env/lib/python3.10/site-packages/airflow/example_dags/example_local_kubernetes_executor.py
[2025-03-31T13:17:51.485+0530] {processor.py:208} INFO - Processing /home/pranav_shirali/airflow-project/airflow-env/lib/python3.10/site-packages/airflow/example_dags/example_local_kubernetes_executor.py took 0.014 seconds
