[2025-03-31T13:07:44.061+0530] {processor.py:186} INFO - Started process (PID=8583) to work on /home/pranav_shirali/airflow-project/airflow-env/lib/python3.10/site-packages/airflow/example_dags/example_dynamic_task_mapping.py
[2025-03-31T13:07:44.062+0530] {processor.py:914} INFO - Processing file /home/pranav_shirali/airflow-project/airflow-env/lib/python3.10/site-packages/airflow/example_dags/example_dynamic_task_mapping.py for tasks to queue
[2025-03-31T13:07:44.064+0530] {logging_mixin.py:190} INFO - [2025-03-31T13:07:44.064+0530] {dagbag.py:588} INFO - Filling up the DagBag from /home/pranav_shirali/airflow-project/airflow-env/lib/python3.10/site-packages/airflow/example_dags/example_dynamic_task_mapping.py
[2025-03-31T13:07:44.070+0530] {processor.py:925} INFO - DAG(s) 'example_dynamic_task_mapping' retrieved from /home/pranav_shirali/airflow-project/airflow-env/lib/python3.10/site-packages/airflow/example_dags/example_dynamic_task_mapping.py
[2025-03-31T13:07:44.081+0530] {logging_mixin.py:190} INFO - [2025-03-31T13:07:44.081+0530] {dag.py:3239} INFO - Sync 1 DAGs
[2025-03-31T13:07:44.090+0530] {logging_mixin.py:190} INFO - [2025-03-31T13:07:44.090+0530] {dag.py:4180} INFO - Setting next_dagrun for example_dynamic_task_mapping to None, run_after=None
[2025-03-31T13:07:44.105+0530] {processor.py:208} INFO - Processing /home/pranav_shirali/airflow-project/airflow-env/lib/python3.10/site-packages/airflow/example_dags/example_dynamic_task_mapping.py took 0.048 seconds
[2025-03-31T13:08:45.805+0530] {processor.py:186} INFO - Started process (PID=8994) to work on /home/pranav_shirali/airflow-project/airflow-env/lib/python3.10/site-packages/airflow/example_dags/example_dynamic_task_mapping.py
[2025-03-31T13:08:45.807+0530] {processor.py:914} INFO - Processing file /home/pranav_shirali/airflow-project/airflow-env/lib/python3.10/site-packages/airflow/example_dags/example_dynamic_task_mapping.py for tasks to queue
[2025-03-31T13:08:45.809+0530] {logging_mixin.py:190} INFO - [2025-03-31T13:08:45.808+0530] {dagbag.py:588} INFO - Filling up the DagBag from /home/pranav_shirali/airflow-project/airflow-env/lib/python3.10/site-packages/airflow/example_dags/example_dynamic_task_mapping.py
[2025-03-31T13:08:45.816+0530] {processor.py:925} INFO - DAG(s) 'example_dynamic_task_mapping' retrieved from /home/pranav_shirali/airflow-project/airflow-env/lib/python3.10/site-packages/airflow/example_dags/example_dynamic_task_mapping.py
[2025-03-31T13:08:45.830+0530] {logging_mixin.py:190} INFO - [2025-03-31T13:08:45.830+0530] {dag.py:3239} INFO - Sync 1 DAGs
[2025-03-31T13:08:45.840+0530] {logging_mixin.py:190} INFO - [2025-03-31T13:08:45.840+0530] {dag.py:4180} INFO - Setting next_dagrun for example_dynamic_task_mapping to None, run_after=None
[2025-03-31T13:08:45.857+0530] {processor.py:208} INFO - Processing /home/pranav_shirali/airflow-project/airflow-env/lib/python3.10/site-packages/airflow/example_dags/example_dynamic_task_mapping.py took 0.056 seconds
[2025-03-31T13:10:14.088+0530] {processor.py:186} INFO - Started process (PID=9342) to work on /home/pranav_shirali/airflow-project/airflow-env/lib/python3.10/site-packages/airflow/example_dags/example_dynamic_task_mapping.py
[2025-03-31T13:10:14.092+0530] {processor.py:914} INFO - Processing file /home/pranav_shirali/airflow-project/airflow-env/lib/python3.10/site-packages/airflow/example_dags/example_dynamic_task_mapping.py for tasks to queue
[2025-03-31T13:10:14.095+0530] {logging_mixin.py:190} INFO - [2025-03-31T13:10:14.095+0530] {dagbag.py:588} INFO - Filling up the DagBag from /home/pranav_shirali/airflow-project/airflow-env/lib/python3.10/site-packages/airflow/example_dags/example_dynamic_task_mapping.py
[2025-03-31T13:10:14.104+0530] {processor.py:925} INFO - DAG(s) 'example_dynamic_task_mapping' retrieved from /home/pranav_shirali/airflow-project/airflow-env/lib/python3.10/site-packages/airflow/example_dags/example_dynamic_task_mapping.py
[2025-03-31T13:10:14.123+0530] {logging_mixin.py:190} INFO - [2025-03-31T13:10:14.123+0530] {dag.py:3239} INFO - Sync 1 DAGs
[2025-03-31T13:10:14.139+0530] {logging_mixin.py:190} INFO - [2025-03-31T13:10:14.139+0530] {dag.py:4180} INFO - Setting next_dagrun for example_dynamic_task_mapping to None, run_after=None
[2025-03-31T13:10:14.165+0530] {processor.py:208} INFO - Processing /home/pranav_shirali/airflow-project/airflow-env/lib/python3.10/site-packages/airflow/example_dags/example_dynamic_task_mapping.py took 0.086 seconds
[2025-03-31T13:11:33.447+0530] {processor.py:186} INFO - Started process (PID=9651) to work on /home/pranav_shirali/airflow-project/airflow-env/lib/python3.10/site-packages/airflow/example_dags/example_dynamic_task_mapping.py
[2025-03-31T13:11:33.449+0530] {processor.py:914} INFO - Processing file /home/pranav_shirali/airflow-project/airflow-env/lib/python3.10/site-packages/airflow/example_dags/example_dynamic_task_mapping.py for tasks to queue
[2025-03-31T13:11:33.451+0530] {logging_mixin.py:190} INFO - [2025-03-31T13:11:33.450+0530] {dagbag.py:588} INFO - Filling up the DagBag from /home/pranav_shirali/airflow-project/airflow-env/lib/python3.10/site-packages/airflow/example_dags/example_dynamic_task_mapping.py
[2025-03-31T13:11:33.456+0530] {processor.py:925} INFO - DAG(s) 'example_dynamic_task_mapping' retrieved from /home/pranav_shirali/airflow-project/airflow-env/lib/python3.10/site-packages/airflow/example_dags/example_dynamic_task_mapping.py
[2025-03-31T13:11:33.470+0530] {logging_mixin.py:190} INFO - [2025-03-31T13:11:33.470+0530] {dag.py:3239} INFO - Sync 1 DAGs
[2025-03-31T13:11:33.480+0530] {logging_mixin.py:190} INFO - [2025-03-31T13:11:33.479+0530] {dag.py:4180} INFO - Setting next_dagrun for example_dynamic_task_mapping to None, run_after=None
[2025-03-31T13:11:33.495+0530] {processor.py:208} INFO - Processing /home/pranav_shirali/airflow-project/airflow-env/lib/python3.10/site-packages/airflow/example_dags/example_dynamic_task_mapping.py took 0.053 seconds
[2025-03-31T13:12:53.991+0530] {processor.py:186} INFO - Started process (PID=9984) to work on /home/pranav_shirali/airflow-project/airflow-env/lib/python3.10/site-packages/airflow/example_dags/example_dynamic_task_mapping.py
[2025-03-31T13:12:53.993+0530] {processor.py:914} INFO - Processing file /home/pranav_shirali/airflow-project/airflow-env/lib/python3.10/site-packages/airflow/example_dags/example_dynamic_task_mapping.py for tasks to queue
[2025-03-31T13:12:53.994+0530] {logging_mixin.py:190} INFO - [2025-03-31T13:12:53.994+0530] {dagbag.py:588} INFO - Filling up the DagBag from /home/pranav_shirali/airflow-project/airflow-env/lib/python3.10/site-packages/airflow/example_dags/example_dynamic_task_mapping.py
[2025-03-31T13:12:53.999+0530] {processor.py:925} INFO - DAG(s) 'example_dynamic_task_mapping' retrieved from /home/pranav_shirali/airflow-project/airflow-env/lib/python3.10/site-packages/airflow/example_dags/example_dynamic_task_mapping.py
[2025-03-31T13:12:54.008+0530] {logging_mixin.py:190} INFO - [2025-03-31T13:12:54.008+0530] {dag.py:3239} INFO - Sync 1 DAGs
[2025-03-31T13:12:54.017+0530] {logging_mixin.py:190} INFO - [2025-03-31T13:12:54.017+0530] {dag.py:4180} INFO - Setting next_dagrun for example_dynamic_task_mapping to None, run_after=None
[2025-03-31T13:12:54.030+0530] {processor.py:208} INFO - Processing /home/pranav_shirali/airflow-project/airflow-env/lib/python3.10/site-packages/airflow/example_dags/example_dynamic_task_mapping.py took 0.043 seconds
[2025-03-31T13:14:14.729+0530] {processor.py:186} INFO - Started process (PID=10670) to work on /home/pranav_shirali/airflow-project/airflow-env/lib/python3.10/site-packages/airflow/example_dags/example_dynamic_task_mapping.py
[2025-03-31T13:14:14.730+0530] {processor.py:914} INFO - Processing file /home/pranav_shirali/airflow-project/airflow-env/lib/python3.10/site-packages/airflow/example_dags/example_dynamic_task_mapping.py for tasks to queue
[2025-03-31T13:14:14.732+0530] {logging_mixin.py:190} INFO - [2025-03-31T13:14:14.731+0530] {dagbag.py:588} INFO - Filling up the DagBag from /home/pranav_shirali/airflow-project/airflow-env/lib/python3.10/site-packages/airflow/example_dags/example_dynamic_task_mapping.py
[2025-03-31T13:14:14.739+0530] {processor.py:925} INFO - DAG(s) 'example_dynamic_task_mapping' retrieved from /home/pranav_shirali/airflow-project/airflow-env/lib/python3.10/site-packages/airflow/example_dags/example_dynamic_task_mapping.py
[2025-03-31T13:14:14.749+0530] {logging_mixin.py:190} INFO - [2025-03-31T13:14:14.748+0530] {dag.py:3239} INFO - Sync 1 DAGs
[2025-03-31T13:14:14.758+0530] {logging_mixin.py:190} INFO - [2025-03-31T13:14:14.758+0530] {dag.py:4180} INFO - Setting next_dagrun for example_dynamic_task_mapping to None, run_after=None
[2025-03-31T13:14:14.773+0530] {processor.py:208} INFO - Processing /home/pranav_shirali/airflow-project/airflow-env/lib/python3.10/site-packages/airflow/example_dags/example_dynamic_task_mapping.py took 0.048 seconds
[2025-03-31T13:15:15.676+0530] {processor.py:186} INFO - Started process (PID=11205) to work on /home/pranav_shirali/airflow-project/airflow-env/lib/python3.10/site-packages/airflow/example_dags/example_dynamic_task_mapping.py
[2025-03-31T13:15:15.677+0530] {processor.py:914} INFO - Processing file /home/pranav_shirali/airflow-project/airflow-env/lib/python3.10/site-packages/airflow/example_dags/example_dynamic_task_mapping.py for tasks to queue
[2025-03-31T13:15:15.678+0530] {logging_mixin.py:190} INFO - [2025-03-31T13:15:15.678+0530] {dagbag.py:588} INFO - Filling up the DagBag from /home/pranav_shirali/airflow-project/airflow-env/lib/python3.10/site-packages/airflow/example_dags/example_dynamic_task_mapping.py
[2025-03-31T13:15:15.685+0530] {processor.py:925} INFO - DAG(s) 'example_dynamic_task_mapping' retrieved from /home/pranav_shirali/airflow-project/airflow-env/lib/python3.10/site-packages/airflow/example_dags/example_dynamic_task_mapping.py
[2025-03-31T13:15:15.700+0530] {logging_mixin.py:190} INFO - [2025-03-31T13:15:15.699+0530] {dag.py:3239} INFO - Sync 1 DAGs
[2025-03-31T13:15:15.711+0530] {logging_mixin.py:190} INFO - [2025-03-31T13:15:15.711+0530] {dag.py:4180} INFO - Setting next_dagrun for example_dynamic_task_mapping to None, run_after=None
[2025-03-31T13:15:15.729+0530] {processor.py:208} INFO - Processing /home/pranav_shirali/airflow-project/airflow-env/lib/python3.10/site-packages/airflow/example_dags/example_dynamic_task_mapping.py took 0.060 seconds
[2025-03-31T13:16:18.636+0530] {processor.py:186} INFO - Started process (PID=11855) to work on /home/pranav_shirali/airflow-project/airflow-env/lib/python3.10/site-packages/airflow/example_dags/example_dynamic_task_mapping.py
[2025-03-31T13:16:18.637+0530] {processor.py:914} INFO - Processing file /home/pranav_shirali/airflow-project/airflow-env/lib/python3.10/site-packages/airflow/example_dags/example_dynamic_task_mapping.py for tasks to queue
[2025-03-31T13:16:18.639+0530] {logging_mixin.py:190} INFO - [2025-03-31T13:16:18.638+0530] {dagbag.py:588} INFO - Filling up the DagBag from /home/pranav_shirali/airflow-project/airflow-env/lib/python3.10/site-packages/airflow/example_dags/example_dynamic_task_mapping.py
[2025-03-31T13:16:18.644+0530] {processor.py:925} INFO - DAG(s) 'example_dynamic_task_mapping' retrieved from /home/pranav_shirali/airflow-project/airflow-env/lib/python3.10/site-packages/airflow/example_dags/example_dynamic_task_mapping.py
[2025-03-31T13:16:18.655+0530] {logging_mixin.py:190} INFO - [2025-03-31T13:16:18.655+0530] {dag.py:3239} INFO - Sync 1 DAGs
[2025-03-31T13:16:18.664+0530] {logging_mixin.py:190} INFO - [2025-03-31T13:16:18.664+0530] {dag.py:4180} INFO - Setting next_dagrun for example_dynamic_task_mapping to None, run_after=None
[2025-03-31T13:16:18.678+0530] {processor.py:208} INFO - Processing /home/pranav_shirali/airflow-project/airflow-env/lib/python3.10/site-packages/airflow/example_dags/example_dynamic_task_mapping.py took 0.047 seconds
[2025-03-31T13:17:42.472+0530] {processor.py:186} INFO - Started process (PID=12527) to work on /home/pranav_shirali/airflow-project/airflow-env/lib/python3.10/site-packages/airflow/example_dags/example_dynamic_task_mapping.py
[2025-03-31T13:17:42.473+0530] {processor.py:914} INFO - Processing file /home/pranav_shirali/airflow-project/airflow-env/lib/python3.10/site-packages/airflow/example_dags/example_dynamic_task_mapping.py for tasks to queue
[2025-03-31T13:17:42.475+0530] {logging_mixin.py:190} INFO - [2025-03-31T13:17:42.475+0530] {dagbag.py:588} INFO - Filling up the DagBag from /home/pranav_shirali/airflow-project/airflow-env/lib/python3.10/site-packages/airflow/example_dags/example_dynamic_task_mapping.py
[2025-03-31T13:17:42.479+0530] {processor.py:925} INFO - DAG(s) 'example_dynamic_task_mapping' retrieved from /home/pranav_shirali/airflow-project/airflow-env/lib/python3.10/site-packages/airflow/example_dags/example_dynamic_task_mapping.py
[2025-03-31T13:17:42.489+0530] {logging_mixin.py:190} INFO - [2025-03-31T13:17:42.489+0530] {dag.py:3239} INFO - Sync 1 DAGs
[2025-03-31T13:17:42.497+0530] {logging_mixin.py:190} INFO - [2025-03-31T13:17:42.497+0530] {dag.py:4180} INFO - Setting next_dagrun for example_dynamic_task_mapping to None, run_after=None
[2025-03-31T13:17:42.510+0530] {processor.py:208} INFO - Processing /home/pranav_shirali/airflow-project/airflow-env/lib/python3.10/site-packages/airflow/example_dags/example_dynamic_task_mapping.py took 0.042 seconds
