[2025-03-31T13:07:18.300+0530] {processor.py:186} INFO - Started process (PID=8354) to work on /home/pranav_shirali/airflow-project/airflow-env/lib/python3.10/site-packages/airflow/example_dags/example_params_ui_tutorial.py
[2025-03-31T13:07:18.301+0530] {processor.py:914} INFO - Processing file /home/pranav_shirali/airflow-project/airflow-env/lib/python3.10/site-packages/airflow/example_dags/example_params_ui_tutorial.py for tasks to queue
[2025-03-31T13:07:18.308+0530] {logging_mixin.py:190} INFO - [2025-03-31T13:07:18.307+0530] {dagbag.py:588} INFO - Filling up the DagBag from /home/pranav_shirali/airflow-project/airflow-env/lib/python3.10/site-packages/airflow/example_dags/example_params_ui_tutorial.py
[2025-03-31T13:07:18.321+0530] {processor.py:925} INFO - DAG(s) 'example_params_ui_tutorial' retrieved from /home/pranav_shirali/airflow-project/airflow-env/lib/python3.10/site-packages/airflow/example_dags/example_params_ui_tutorial.py
[2025-03-31T13:07:18.430+0530] {logging_mixin.py:190} INFO - [2025-03-31T13:07:18.430+0530] {dag.py:3239} INFO - Sync 1 DAGs
[2025-03-31T13:07:18.443+0530] {logging_mixin.py:190} INFO - [2025-03-31T13:07:18.443+0530] {dag.py:4180} INFO - Setting next_dagrun for example_params_ui_tutorial to None, run_after=None
[2025-03-31T13:07:18.477+0530] {processor.py:208} INFO - Processing /home/pranav_shirali/airflow-project/airflow-env/lib/python3.10/site-packages/airflow/example_dags/example_params_ui_tutorial.py took 0.183 seconds
[2025-03-31T13:08:24.396+0530] {processor.py:186} INFO - Started process (PID=8801) to work on /home/pranav_shirali/airflow-project/airflow-env/lib/python3.10/site-packages/airflow/example_dags/example_params_ui_tutorial.py
[2025-03-31T13:08:24.407+0530] {processor.py:914} INFO - Processing file /home/pranav_shirali/airflow-project/airflow-env/lib/python3.10/site-packages/airflow/example_dags/example_params_ui_tutorial.py for tasks to queue
[2025-03-31T13:08:24.408+0530] {logging_mixin.py:190} INFO - [2025-03-31T13:08:24.408+0530] {dagbag.py:588} INFO - Filling up the DagBag from /home/pranav_shirali/airflow-project/airflow-env/lib/python3.10/site-packages/airflow/example_dags/example_params_ui_tutorial.py
[2025-03-31T13:08:24.415+0530] {processor.py:925} INFO - DAG(s) 'example_params_ui_tutorial' retrieved from /home/pranav_shirali/airflow-project/airflow-env/lib/python3.10/site-packages/airflow/example_dags/example_params_ui_tutorial.py
[2025-03-31T13:08:24.448+0530] {logging_mixin.py:190} INFO - [2025-03-31T13:08:24.447+0530] {dag.py:3239} INFO - Sync 1 DAGs
[2025-03-31T13:08:24.459+0530] {logging_mixin.py:190} INFO - [2025-03-31T13:08:24.459+0530] {dag.py:4180} INFO - Setting next_dagrun for example_params_ui_tutorial to None, run_after=None
[2025-03-31T13:08:24.476+0530] {processor.py:208} INFO - Processing /home/pranav_shirali/airflow-project/airflow-env/lib/python3.10/site-packages/airflow/example_dags/example_params_ui_tutorial.py took 0.086 seconds
[2025-03-31T13:09:22.143+0530] {processor.py:186} INFO - Started process (PID=9148) to work on /home/pranav_shirali/airflow-project/airflow-env/lib/python3.10/site-packages/airflow/example_dags/example_params_ui_tutorial.py
[2025-03-31T13:09:22.143+0530] {processor.py:914} INFO - Processing file /home/pranav_shirali/airflow-project/airflow-env/lib/python3.10/site-packages/airflow/example_dags/example_params_ui_tutorial.py for tasks to queue
[2025-03-31T13:09:22.145+0530] {logging_mixin.py:190} INFO - [2025-03-31T13:09:22.145+0530] {dagbag.py:588} INFO - Filling up the DagBag from /home/pranav_shirali/airflow-project/airflow-env/lib/python3.10/site-packages/airflow/example_dags/example_params_ui_tutorial.py
[2025-03-31T13:09:22.152+0530] {processor.py:925} INFO - DAG(s) 'example_params_ui_tutorial' retrieved from /home/pranav_shirali/airflow-project/airflow-env/lib/python3.10/site-packages/airflow/example_dags/example_params_ui_tutorial.py
[2025-03-31T13:09:22.183+0530] {logging_mixin.py:190} INFO - [2025-03-31T13:09:22.183+0530] {dag.py:3239} INFO - Sync 1 DAGs
[2025-03-31T13:09:22.193+0530] {logging_mixin.py:190} INFO - [2025-03-31T13:09:22.193+0530] {dag.py:4180} INFO - Setting next_dagrun for example_params_ui_tutorial to None, run_after=None
[2025-03-31T13:09:22.209+0530] {processor.py:208} INFO - Processing /home/pranav_shirali/airflow-project/airflow-env/lib/python3.10/site-packages/airflow/example_dags/example_params_ui_tutorial.py took 0.071 seconds
[2025-03-31T13:10:20.743+0530] {processor.py:186} INFO - Started process (PID=9367) to work on /home/pranav_shirali/airflow-project/airflow-env/lib/python3.10/site-packages/airflow/example_dags/example_params_ui_tutorial.py
[2025-03-31T13:10:20.745+0530] {processor.py:914} INFO - Processing file /home/pranav_shirali/airflow-project/airflow-env/lib/python3.10/site-packages/airflow/example_dags/example_params_ui_tutorial.py for tasks to queue
[2025-03-31T13:10:20.748+0530] {logging_mixin.py:190} INFO - [2025-03-31T13:10:20.747+0530] {dagbag.py:588} INFO - Filling up the DagBag from /home/pranav_shirali/airflow-project/airflow-env/lib/python3.10/site-packages/airflow/example_dags/example_params_ui_tutorial.py
[2025-03-31T13:10:20.757+0530] {processor.py:925} INFO - DAG(s) 'example_params_ui_tutorial' retrieved from /home/pranav_shirali/airflow-project/airflow-env/lib/python3.10/site-packages/airflow/example_dags/example_params_ui_tutorial.py
[2025-03-31T13:10:20.801+0530] {logging_mixin.py:190} INFO - [2025-03-31T13:10:20.801+0530] {dag.py:3239} INFO - Sync 1 DAGs
[2025-03-31T13:10:20.813+0530] {logging_mixin.py:190} INFO - [2025-03-31T13:10:20.813+0530] {dag.py:4180} INFO - Setting next_dagrun for example_params_ui_tutorial to None, run_after=None
[2025-03-31T13:10:20.832+0530] {processor.py:208} INFO - Processing /home/pranav_shirali/airflow-project/airflow-env/lib/python3.10/site-packages/airflow/example_dags/example_params_ui_tutorial.py took 0.096 seconds
[2025-03-31T13:11:15.689+0530] {processor.py:186} INFO - Started process (PID=9578) to work on /home/pranav_shirali/airflow-project/airflow-env/lib/python3.10/site-packages/airflow/example_dags/example_params_ui_tutorial.py
[2025-03-31T13:11:15.690+0530] {processor.py:914} INFO - Processing file /home/pranav_shirali/airflow-project/airflow-env/lib/python3.10/site-packages/airflow/example_dags/example_params_ui_tutorial.py for tasks to queue
[2025-03-31T13:11:15.692+0530] {logging_mixin.py:190} INFO - [2025-03-31T13:11:15.692+0530] {dagbag.py:588} INFO - Filling up the DagBag from /home/pranav_shirali/airflow-project/airflow-env/lib/python3.10/site-packages/airflow/example_dags/example_params_ui_tutorial.py
[2025-03-31T13:11:15.699+0530] {processor.py:925} INFO - DAG(s) 'example_params_ui_tutorial' retrieved from /home/pranav_shirali/airflow-project/airflow-env/lib/python3.10/site-packages/airflow/example_dags/example_params_ui_tutorial.py
[2025-03-31T13:11:15.732+0530] {logging_mixin.py:190} INFO - [2025-03-31T13:11:15.732+0530] {dag.py:3239} INFO - Sync 1 DAGs
[2025-03-31T13:11:15.742+0530] {logging_mixin.py:190} INFO - [2025-03-31T13:11:15.741+0530] {dag.py:4180} INFO - Setting next_dagrun for example_params_ui_tutorial to None, run_after=None
[2025-03-31T13:11:15.755+0530] {processor.py:208} INFO - Processing /home/pranav_shirali/airflow-project/airflow-env/lib/python3.10/site-packages/airflow/example_dags/example_params_ui_tutorial.py took 0.070 seconds
[2025-03-31T13:12:09.550+0530] {processor.py:186} INFO - Started process (PID=9818) to work on /home/pranav_shirali/airflow-project/airflow-env/lib/python3.10/site-packages/airflow/example_dags/example_params_ui_tutorial.py
[2025-03-31T13:12:09.551+0530] {processor.py:914} INFO - Processing file /home/pranav_shirali/airflow-project/airflow-env/lib/python3.10/site-packages/airflow/example_dags/example_params_ui_tutorial.py for tasks to queue
[2025-03-31T13:12:09.553+0530] {logging_mixin.py:190} INFO - [2025-03-31T13:12:09.553+0530] {dagbag.py:588} INFO - Filling up the DagBag from /home/pranav_shirali/airflow-project/airflow-env/lib/python3.10/site-packages/airflow/example_dags/example_params_ui_tutorial.py
[2025-03-31T13:12:09.562+0530] {processor.py:925} INFO - DAG(s) 'example_params_ui_tutorial' retrieved from /home/pranav_shirali/airflow-project/airflow-env/lib/python3.10/site-packages/airflow/example_dags/example_params_ui_tutorial.py
[2025-03-31T13:12:09.596+0530] {logging_mixin.py:190} INFO - [2025-03-31T13:12:09.595+0530] {dag.py:3239} INFO - Sync 1 DAGs
[2025-03-31T13:12:09.606+0530] {logging_mixin.py:190} INFO - [2025-03-31T13:12:09.606+0530] {dag.py:4180} INFO - Setting next_dagrun for example_params_ui_tutorial to None, run_after=None
[2025-03-31T13:12:09.621+0530] {processor.py:208} INFO - Processing /home/pranav_shirali/airflow-project/airflow-env/lib/python3.10/site-packages/airflow/example_dags/example_params_ui_tutorial.py took 0.076 seconds
[2025-03-31T13:13:04.787+0530] {processor.py:186} INFO - Started process (PID=10036) to work on /home/pranav_shirali/airflow-project/airflow-env/lib/python3.10/site-packages/airflow/example_dags/example_params_ui_tutorial.py
[2025-03-31T13:13:04.789+0530] {processor.py:914} INFO - Processing file /home/pranav_shirali/airflow-project/airflow-env/lib/python3.10/site-packages/airflow/example_dags/example_params_ui_tutorial.py for tasks to queue
[2025-03-31T13:13:04.790+0530] {logging_mixin.py:190} INFO - [2025-03-31T13:13:04.790+0530] {dagbag.py:588} INFO - Filling up the DagBag from /home/pranav_shirali/airflow-project/airflow-env/lib/python3.10/site-packages/airflow/example_dags/example_params_ui_tutorial.py
[2025-03-31T13:13:04.798+0530] {processor.py:925} INFO - DAG(s) 'example_params_ui_tutorial' retrieved from /home/pranav_shirali/airflow-project/airflow-env/lib/python3.10/site-packages/airflow/example_dags/example_params_ui_tutorial.py
[2025-03-31T13:13:04.831+0530] {logging_mixin.py:190} INFO - [2025-03-31T13:13:04.830+0530] {dag.py:3239} INFO - Sync 1 DAGs
[2025-03-31T13:13:04.839+0530] {logging_mixin.py:190} INFO - [2025-03-31T13:13:04.839+0530] {dag.py:4180} INFO - Setting next_dagrun for example_params_ui_tutorial to None, run_after=None
[2025-03-31T13:13:04.853+0530] {processor.py:208} INFO - Processing /home/pranav_shirali/airflow-project/airflow-env/lib/python3.10/site-packages/airflow/example_dags/example_params_ui_tutorial.py took 0.070 seconds
[2025-03-31T13:14:00.467+0530] {processor.py:186} INFO - Started process (PID=10515) to work on /home/pranav_shirali/airflow-project/airflow-env/lib/python3.10/site-packages/airflow/example_dags/example_params_ui_tutorial.py
[2025-03-31T13:14:00.468+0530] {processor.py:914} INFO - Processing file /home/pranav_shirali/airflow-project/airflow-env/lib/python3.10/site-packages/airflow/example_dags/example_params_ui_tutorial.py for tasks to queue
[2025-03-31T13:14:00.469+0530] {logging_mixin.py:190} INFO - [2025-03-31T13:14:00.469+0530] {dagbag.py:588} INFO - Filling up the DagBag from /home/pranav_shirali/airflow-project/airflow-env/lib/python3.10/site-packages/airflow/example_dags/example_params_ui_tutorial.py
[2025-03-31T13:14:00.477+0530] {processor.py:925} INFO - DAG(s) 'example_params_ui_tutorial' retrieved from /home/pranav_shirali/airflow-project/airflow-env/lib/python3.10/site-packages/airflow/example_dags/example_params_ui_tutorial.py
[2025-03-31T13:14:00.512+0530] {logging_mixin.py:190} INFO - [2025-03-31T13:14:00.512+0530] {dag.py:3239} INFO - Sync 1 DAGs
[2025-03-31T13:14:00.522+0530] {logging_mixin.py:190} INFO - [2025-03-31T13:14:00.522+0530] {dag.py:4180} INFO - Setting next_dagrun for example_params_ui_tutorial to None, run_after=None
[2025-03-31T13:14:00.539+0530] {processor.py:208} INFO - Processing /home/pranav_shirali/airflow-project/airflow-env/lib/python3.10/site-packages/airflow/example_dags/example_params_ui_tutorial.py took 0.077 seconds
[2025-03-31T13:14:56.809+0530] {processor.py:186} INFO - Started process (PID=11071) to work on /home/pranav_shirali/airflow-project/airflow-env/lib/python3.10/site-packages/airflow/example_dags/example_params_ui_tutorial.py
[2025-03-31T13:14:56.812+0530] {processor.py:914} INFO - Processing file /home/pranav_shirali/airflow-project/airflow-env/lib/python3.10/site-packages/airflow/example_dags/example_params_ui_tutorial.py for tasks to queue
[2025-03-31T13:14:56.814+0530] {logging_mixin.py:190} INFO - [2025-03-31T13:14:56.814+0530] {dagbag.py:588} INFO - Filling up the DagBag from /home/pranav_shirali/airflow-project/airflow-env/lib/python3.10/site-packages/airflow/example_dags/example_params_ui_tutorial.py
[2025-03-31T13:14:56.823+0530] {processor.py:925} INFO - DAG(s) 'example_params_ui_tutorial' retrieved from /home/pranav_shirali/airflow-project/airflow-env/lib/python3.10/site-packages/airflow/example_dags/example_params_ui_tutorial.py
[2025-03-31T13:14:56.925+0530] {logging_mixin.py:190} INFO - [2025-03-31T13:14:56.925+0530] {dag.py:3239} INFO - Sync 1 DAGs
[2025-03-31T13:14:56.936+0530] {logging_mixin.py:190} INFO - [2025-03-31T13:14:56.936+0530] {dag.py:3262} INFO - Creating ORM DAG for example_params_ui_tutorial
[2025-03-31T13:14:56.936+0530] {logging_mixin.py:190} INFO - [2025-03-31T13:14:56.936+0530] {dag.py:4180} INFO - Setting next_dagrun for example_params_ui_tutorial to None, run_after=None
[2025-03-31T13:14:56.952+0530] {processor.py:208} INFO - Processing /home/pranav_shirali/airflow-project/airflow-env/lib/python3.10/site-packages/airflow/example_dags/example_params_ui_tutorial.py took 0.147 seconds
[2025-03-31T13:15:59.657+0530] {processor.py:186} INFO - Started process (PID=11691) to work on /home/pranav_shirali/airflow-project/airflow-env/lib/python3.10/site-packages/airflow/example_dags/example_params_ui_tutorial.py
[2025-03-31T13:15:59.658+0530] {processor.py:914} INFO - Processing file /home/pranav_shirali/airflow-project/airflow-env/lib/python3.10/site-packages/airflow/example_dags/example_params_ui_tutorial.py for tasks to queue
[2025-03-31T13:15:59.659+0530] {logging_mixin.py:190} INFO - [2025-03-31T13:15:59.659+0530] {dagbag.py:588} INFO - Filling up the DagBag from /home/pranav_shirali/airflow-project/airflow-env/lib/python3.10/site-packages/airflow/example_dags/example_params_ui_tutorial.py
[2025-03-31T13:15:59.665+0530] {processor.py:925} INFO - DAG(s) 'example_params_ui_tutorial' retrieved from /home/pranav_shirali/airflow-project/airflow-env/lib/python3.10/site-packages/airflow/example_dags/example_params_ui_tutorial.py
[2025-03-31T13:15:59.755+0530] {logging_mixin.py:190} INFO - [2025-03-31T13:15:59.755+0530] {dag.py:3239} INFO - Sync 1 DAGs
[2025-03-31T13:15:59.763+0530] {logging_mixin.py:190} INFO - [2025-03-31T13:15:59.763+0530] {dag.py:3262} INFO - Creating ORM DAG for example_params_ui_tutorial
[2025-03-31T13:15:59.764+0530] {logging_mixin.py:190} INFO - [2025-03-31T13:15:59.763+0530] {dag.py:4180} INFO - Setting next_dagrun for example_params_ui_tutorial to None, run_after=None
[2025-03-31T13:15:59.785+0530] {processor.py:208} INFO - Processing /home/pranav_shirali/airflow-project/airflow-env/lib/python3.10/site-packages/airflow/example_dags/example_params_ui_tutorial.py took 0.131 seconds
[2025-03-31T13:16:58.644+0530] {processor.py:186} INFO - Started process (PID=12211) to work on /home/pranav_shirali/airflow-project/airflow-env/lib/python3.10/site-packages/airflow/example_dags/example_params_ui_tutorial.py
[2025-03-31T13:16:58.645+0530] {processor.py:914} INFO - Processing file /home/pranav_shirali/airflow-project/airflow-env/lib/python3.10/site-packages/airflow/example_dags/example_params_ui_tutorial.py for tasks to queue
[2025-03-31T13:16:58.646+0530] {logging_mixin.py:190} INFO - [2025-03-31T13:16:58.646+0530] {dagbag.py:588} INFO - Filling up the DagBag from /home/pranav_shirali/airflow-project/airflow-env/lib/python3.10/site-packages/airflow/example_dags/example_params_ui_tutorial.py
[2025-03-31T13:16:58.652+0530] {processor.py:925} INFO - DAG(s) 'example_params_ui_tutorial' retrieved from /home/pranav_shirali/airflow-project/airflow-env/lib/python3.10/site-packages/airflow/example_dags/example_params_ui_tutorial.py
[2025-03-31T13:16:58.774+0530] {logging_mixin.py:190} INFO - [2025-03-31T13:16:58.774+0530] {dag.py:3239} INFO - Sync 1 DAGs
[2025-03-31T13:16:58.782+0530] {logging_mixin.py:190} INFO - [2025-03-31T13:16:58.782+0530] {dag.py:3262} INFO - Creating ORM DAG for example_params_ui_tutorial
[2025-03-31T13:16:58.783+0530] {logging_mixin.py:190} INFO - [2025-03-31T13:16:58.783+0530] {dag.py:4180} INFO - Setting next_dagrun for example_params_ui_tutorial to None, run_after=None
[2025-03-31T13:16:58.801+0530] {processor.py:208} INFO - Processing /home/pranav_shirali/airflow-project/airflow-env/lib/python3.10/site-packages/airflow/example_dags/example_params_ui_tutorial.py took 0.161 seconds
