[2025-03-31T13:06:59.877+0530] {processor.py:186} INFO - Started process (PID=8226) to work on /home/pranav_shirali/airflow-project/airflow-env/lib/python3.10/site-packages/airflow/example_dags/example_skip_dag.py
[2025-03-31T13:06:59.877+0530] {processor.py:914} INFO - Processing file /home/pranav_shirali/airflow-project/airflow-env/lib/python3.10/site-packages/airflow/example_dags/example_skip_dag.py for tasks to queue
[2025-03-31T13:06:59.879+0530] {logging_mixin.py:190} INFO - [2025-03-31T13:06:59.878+0530] {dagbag.py:588} INFO - Filling up the DagBag from /home/pranav_shirali/airflow-project/airflow-env/lib/python3.10/site-packages/airflow/example_dags/example_skip_dag.py
[2025-03-31T13:06:59.884+0530] {processor.py:925} INFO - DAG(s) 'example_skip_dag' retrieved from /home/pranav_shirali/airflow-project/airflow-env/lib/python3.10/site-packages/airflow/example_dags/example_skip_dag.py
[2025-03-31T13:06:59.897+0530] {logging_mixin.py:190} INFO - [2025-03-31T13:06:59.897+0530] {dag.py:3239} INFO - Sync 1 DAGs
[2025-03-31T13:06:59.912+0530] {logging_mixin.py:190} INFO - [2025-03-31T13:06:59.912+0530] {dag.py:4180} INFO - Setting next_dagrun for example_skip_dag to 2025-03-30 00:00:00+00:00, run_after=2025-03-31 00:00:00+00:00
[2025-03-31T13:06:59.927+0530] {processor.py:208} INFO - Processing /home/pranav_shirali/airflow-project/airflow-env/lib/python3.10/site-packages/airflow/example_dags/example_skip_dag.py took 0.055 seconds
[2025-03-31T13:08:00.615+0530] {processor.py:186} INFO - Started process (PID=8650) to work on /home/pranav_shirali/airflow-project/airflow-env/lib/python3.10/site-packages/airflow/example_dags/example_skip_dag.py
[2025-03-31T13:08:00.617+0530] {processor.py:914} INFO - Processing file /home/pranav_shirali/airflow-project/airflow-env/lib/python3.10/site-packages/airflow/example_dags/example_skip_dag.py for tasks to queue
[2025-03-31T13:08:00.618+0530] {logging_mixin.py:190} INFO - [2025-03-31T13:08:00.618+0530] {dagbag.py:588} INFO - Filling up the DagBag from /home/pranav_shirali/airflow-project/airflow-env/lib/python3.10/site-packages/airflow/example_dags/example_skip_dag.py
[2025-03-31T13:08:00.624+0530] {processor.py:925} INFO - DAG(s) 'example_skip_dag' retrieved from /home/pranav_shirali/airflow-project/airflow-env/lib/python3.10/site-packages/airflow/example_dags/example_skip_dag.py
[2025-03-31T13:08:00.635+0530] {logging_mixin.py:190} INFO - [2025-03-31T13:08:00.635+0530] {dag.py:3239} INFO - Sync 1 DAGs
[2025-03-31T13:08:00.649+0530] {logging_mixin.py:190} INFO - [2025-03-31T13:08:00.649+0530] {dag.py:4180} INFO - Setting next_dagrun for example_skip_dag to 2025-03-30 00:00:00+00:00, run_after=2025-03-31 00:00:00+00:00
[2025-03-31T13:08:00.664+0530] {processor.py:208} INFO - Processing /home/pranav_shirali/airflow-project/airflow-env/lib/python3.10/site-packages/airflow/example_dags/example_skip_dag.py took 0.053 seconds
[2025-03-31T13:09:01.601+0530] {processor.py:186} INFO - Started process (PID=9067) to work on /home/pranav_shirali/airflow-project/airflow-env/lib/python3.10/site-packages/airflow/example_dags/example_skip_dag.py
[2025-03-31T13:09:01.602+0530] {processor.py:914} INFO - Processing file /home/pranav_shirali/airflow-project/airflow-env/lib/python3.10/site-packages/airflow/example_dags/example_skip_dag.py for tasks to queue
[2025-03-31T13:09:01.604+0530] {logging_mixin.py:190} INFO - [2025-03-31T13:09:01.603+0530] {dagbag.py:588} INFO - Filling up the DagBag from /home/pranav_shirali/airflow-project/airflow-env/lib/python3.10/site-packages/airflow/example_dags/example_skip_dag.py
[2025-03-31T13:09:01.609+0530] {processor.py:925} INFO - DAG(s) 'example_skip_dag' retrieved from /home/pranav_shirali/airflow-project/airflow-env/lib/python3.10/site-packages/airflow/example_dags/example_skip_dag.py
[2025-03-31T13:09:01.620+0530] {logging_mixin.py:190} INFO - [2025-03-31T13:09:01.619+0530] {dag.py:3239} INFO - Sync 1 DAGs
[2025-03-31T13:09:01.637+0530] {logging_mixin.py:190} INFO - [2025-03-31T13:09:01.637+0530] {dag.py:4180} INFO - Setting next_dagrun for example_skip_dag to 2025-03-30 00:00:00+00:00, run_after=2025-03-31 00:00:00+00:00
[2025-03-31T13:09:01.649+0530] {processor.py:208} INFO - Processing /home/pranav_shirali/airflow-project/airflow-env/lib/python3.10/site-packages/airflow/example_dags/example_skip_dag.py took 0.053 seconds
[2025-03-31T13:09:59.325+0530] {processor.py:186} INFO - Started process (PID=9285) to work on /home/pranav_shirali/airflow-project/airflow-env/lib/python3.10/site-packages/airflow/example_dags/example_skip_dag.py
[2025-03-31T13:09:59.327+0530] {processor.py:914} INFO - Processing file /home/pranav_shirali/airflow-project/airflow-env/lib/python3.10/site-packages/airflow/example_dags/example_skip_dag.py for tasks to queue
[2025-03-31T13:09:59.329+0530] {logging_mixin.py:190} INFO - [2025-03-31T13:09:59.329+0530] {dagbag.py:588} INFO - Filling up the DagBag from /home/pranav_shirali/airflow-project/airflow-env/lib/python3.10/site-packages/airflow/example_dags/example_skip_dag.py
[2025-03-31T13:09:59.336+0530] {processor.py:925} INFO - DAG(s) 'example_skip_dag' retrieved from /home/pranav_shirali/airflow-project/airflow-env/lib/python3.10/site-packages/airflow/example_dags/example_skip_dag.py
[2025-03-31T13:09:59.349+0530] {logging_mixin.py:190} INFO - [2025-03-31T13:09:59.349+0530] {dag.py:3239} INFO - Sync 1 DAGs
[2025-03-31T13:09:59.364+0530] {logging_mixin.py:190} INFO - [2025-03-31T13:09:59.364+0530] {dag.py:4180} INFO - Setting next_dagrun for example_skip_dag to 2025-03-30 00:00:00+00:00, run_after=2025-03-31 00:00:00+00:00
[2025-03-31T13:09:59.380+0530] {processor.py:208} INFO - Processing /home/pranav_shirali/airflow-project/airflow-env/lib/python3.10/site-packages/airflow/example_dags/example_skip_dag.py took 0.064 seconds
[2025-03-31T13:10:57.436+0530] {processor.py:186} INFO - Started process (PID=9504) to work on /home/pranav_shirali/airflow-project/airflow-env/lib/python3.10/site-packages/airflow/example_dags/example_skip_dag.py
[2025-03-31T13:10:57.439+0530] {processor.py:914} INFO - Processing file /home/pranav_shirali/airflow-project/airflow-env/lib/python3.10/site-packages/airflow/example_dags/example_skip_dag.py for tasks to queue
[2025-03-31T13:10:57.440+0530] {logging_mixin.py:190} INFO - [2025-03-31T13:10:57.440+0530] {dagbag.py:588} INFO - Filling up the DagBag from /home/pranav_shirali/airflow-project/airflow-env/lib/python3.10/site-packages/airflow/example_dags/example_skip_dag.py
[2025-03-31T13:10:57.447+0530] {processor.py:925} INFO - DAG(s) 'example_skip_dag' retrieved from /home/pranav_shirali/airflow-project/airflow-env/lib/python3.10/site-packages/airflow/example_dags/example_skip_dag.py
[2025-03-31T13:10:57.459+0530] {logging_mixin.py:190} INFO - [2025-03-31T13:10:57.459+0530] {dag.py:3239} INFO - Sync 1 DAGs
[2025-03-31T13:10:57.473+0530] {logging_mixin.py:190} INFO - [2025-03-31T13:10:57.473+0530] {dag.py:4180} INFO - Setting next_dagrun for example_skip_dag to 2025-03-30 00:00:00+00:00, run_after=2025-03-31 00:00:00+00:00
[2025-03-31T13:10:57.488+0530] {processor.py:208} INFO - Processing /home/pranav_shirali/airflow-project/airflow-env/lib/python3.10/site-packages/airflow/example_dags/example_skip_dag.py took 0.057 seconds
[2025-03-31T13:11:48.877+0530] {processor.py:186} INFO - Started process (PID=9710) to work on /home/pranav_shirali/airflow-project/airflow-env/lib/python3.10/site-packages/airflow/example_dags/example_skip_dag.py
[2025-03-31T13:11:48.878+0530] {processor.py:914} INFO - Processing file /home/pranav_shirali/airflow-project/airflow-env/lib/python3.10/site-packages/airflow/example_dags/example_skip_dag.py for tasks to queue
[2025-03-31T13:11:48.880+0530] {logging_mixin.py:190} INFO - [2025-03-31T13:11:48.880+0530] {dagbag.py:588} INFO - Filling up the DagBag from /home/pranav_shirali/airflow-project/airflow-env/lib/python3.10/site-packages/airflow/example_dags/example_skip_dag.py
[2025-03-31T13:11:48.886+0530] {processor.py:925} INFO - DAG(s) 'example_skip_dag' retrieved from /home/pranav_shirali/airflow-project/airflow-env/lib/python3.10/site-packages/airflow/example_dags/example_skip_dag.py
[2025-03-31T13:11:48.900+0530] {logging_mixin.py:190} INFO - [2025-03-31T13:11:48.899+0530] {dag.py:3239} INFO - Sync 1 DAGs
[2025-03-31T13:11:48.913+0530] {logging_mixin.py:190} INFO - [2025-03-31T13:11:48.913+0530] {dag.py:4180} INFO - Setting next_dagrun for example_skip_dag to 2025-03-30 00:00:00+00:00, run_after=2025-03-31 00:00:00+00:00
[2025-03-31T13:11:48.930+0530] {processor.py:208} INFO - Processing /home/pranav_shirali/airflow-project/airflow-env/lib/python3.10/site-packages/airflow/example_dags/example_skip_dag.py took 0.058 seconds
[2025-03-31T13:12:41.940+0530] {processor.py:186} INFO - Started process (PID=9942) to work on /home/pranav_shirali/airflow-project/airflow-env/lib/python3.10/site-packages/airflow/example_dags/example_skip_dag.py
[2025-03-31T13:12:41.942+0530] {processor.py:914} INFO - Processing file /home/pranav_shirali/airflow-project/airflow-env/lib/python3.10/site-packages/airflow/example_dags/example_skip_dag.py for tasks to queue
[2025-03-31T13:12:41.943+0530] {logging_mixin.py:190} INFO - [2025-03-31T13:12:41.943+0530] {dagbag.py:588} INFO - Filling up the DagBag from /home/pranav_shirali/airflow-project/airflow-env/lib/python3.10/site-packages/airflow/example_dags/example_skip_dag.py
[2025-03-31T13:12:41.948+0530] {processor.py:925} INFO - DAG(s) 'example_skip_dag' retrieved from /home/pranav_shirali/airflow-project/airflow-env/lib/python3.10/site-packages/airflow/example_dags/example_skip_dag.py
[2025-03-31T13:12:41.959+0530] {logging_mixin.py:190} INFO - [2025-03-31T13:12:41.958+0530] {dag.py:3239} INFO - Sync 1 DAGs
[2025-03-31T13:12:41.971+0530] {logging_mixin.py:190} INFO - [2025-03-31T13:12:41.971+0530] {dag.py:4180} INFO - Setting next_dagrun for example_skip_dag to 2025-03-30 00:00:00+00:00, run_after=2025-03-31 00:00:00+00:00
[2025-03-31T13:12:41.984+0530] {processor.py:208} INFO - Processing /home/pranav_shirali/airflow-project/airflow-env/lib/python3.10/site-packages/airflow/example_dags/example_skip_dag.py took 0.047 seconds
[2025-03-31T13:13:36.205+0530] {processor.py:186} INFO - Started process (PID=10395) to work on /home/pranav_shirali/airflow-project/airflow-env/lib/python3.10/site-packages/airflow/example_dags/example_skip_dag.py
[2025-03-31T13:13:36.207+0530] {processor.py:914} INFO - Processing file /home/pranav_shirali/airflow-project/airflow-env/lib/python3.10/site-packages/airflow/example_dags/example_skip_dag.py for tasks to queue
[2025-03-31T13:13:36.209+0530] {logging_mixin.py:190} INFO - [2025-03-31T13:13:36.209+0530] {dagbag.py:588} INFO - Filling up the DagBag from /home/pranav_shirali/airflow-project/airflow-env/lib/python3.10/site-packages/airflow/example_dags/example_skip_dag.py
[2025-03-31T13:13:36.214+0530] {processor.py:925} INFO - DAG(s) 'example_skip_dag' retrieved from /home/pranav_shirali/airflow-project/airflow-env/lib/python3.10/site-packages/airflow/example_dags/example_skip_dag.py
[2025-03-31T13:13:36.224+0530] {logging_mixin.py:190} INFO - [2025-03-31T13:13:36.224+0530] {dag.py:3239} INFO - Sync 1 DAGs
[2025-03-31T13:13:36.236+0530] {logging_mixin.py:190} INFO - [2025-03-31T13:13:36.236+0530] {dag.py:4180} INFO - Setting next_dagrun for example_skip_dag to 2025-03-30 00:00:00+00:00, run_after=2025-03-31 00:00:00+00:00
[2025-03-31T13:13:36.249+0530] {processor.py:208} INFO - Processing /home/pranav_shirali/airflow-project/airflow-env/lib/python3.10/site-packages/airflow/example_dags/example_skip_dag.py took 0.047 seconds
[2025-03-31T13:14:32.378+0530] {processor.py:186} INFO - Started process (PID=10825) to work on /home/pranav_shirali/airflow-project/airflow-env/lib/python3.10/site-packages/airflow/example_dags/example_skip_dag.py
[2025-03-31T13:14:32.380+0530] {processor.py:914} INFO - Processing file /home/pranav_shirali/airflow-project/airflow-env/lib/python3.10/site-packages/airflow/example_dags/example_skip_dag.py for tasks to queue
[2025-03-31T13:14:32.383+0530] {logging_mixin.py:190} INFO - [2025-03-31T13:14:32.382+0530] {dagbag.py:588} INFO - Filling up the DagBag from /home/pranav_shirali/airflow-project/airflow-env/lib/python3.10/site-packages/airflow/example_dags/example_skip_dag.py
[2025-03-31T13:14:32.388+0530] {processor.py:925} INFO - DAG(s) 'example_skip_dag' retrieved from /home/pranav_shirali/airflow-project/airflow-env/lib/python3.10/site-packages/airflow/example_dags/example_skip_dag.py
[2025-03-31T13:14:32.402+0530] {logging_mixin.py:190} INFO - [2025-03-31T13:14:32.402+0530] {dag.py:3239} INFO - Sync 1 DAGs
[2025-03-31T13:14:32.418+0530] {logging_mixin.py:190} INFO - [2025-03-31T13:14:32.418+0530] {dag.py:4180} INFO - Setting next_dagrun for example_skip_dag to 2025-03-30 00:00:00+00:00, run_after=2025-03-31 00:00:00+00:00
[2025-03-31T13:14:32.438+0530] {processor.py:208} INFO - Processing /home/pranav_shirali/airflow-project/airflow-env/lib/python3.10/site-packages/airflow/example_dags/example_skip_dag.py took 0.064 seconds
[2025-03-31T13:15:30.508+0530] {processor.py:186} INFO - Started process (PID=11405) to work on /home/pranav_shirali/airflow-project/airflow-env/lib/python3.10/site-packages/airflow/example_dags/example_skip_dag.py
[2025-03-31T13:15:30.509+0530] {processor.py:914} INFO - Processing file /home/pranav_shirali/airflow-project/airflow-env/lib/python3.10/site-packages/airflow/example_dags/example_skip_dag.py for tasks to queue
[2025-03-31T13:15:30.511+0530] {logging_mixin.py:190} INFO - [2025-03-31T13:15:30.510+0530] {dagbag.py:588} INFO - Filling up the DagBag from /home/pranav_shirali/airflow-project/airflow-env/lib/python3.10/site-packages/airflow/example_dags/example_skip_dag.py
[2025-03-31T13:15:30.518+0530] {processor.py:925} INFO - DAG(s) 'example_skip_dag' retrieved from /home/pranav_shirali/airflow-project/airflow-env/lib/python3.10/site-packages/airflow/example_dags/example_skip_dag.py
[2025-03-31T13:15:30.532+0530] {logging_mixin.py:190} INFO - [2025-03-31T13:15:30.532+0530] {dag.py:3239} INFO - Sync 1 DAGs
[2025-03-31T13:15:30.548+0530] {logging_mixin.py:190} INFO - [2025-03-31T13:15:30.548+0530] {dag.py:4180} INFO - Setting next_dagrun for example_skip_dag to 2025-03-30 00:00:00+00:00, run_after=2025-03-31 00:00:00+00:00
[2025-03-31T13:15:30.563+0530] {processor.py:208} INFO - Processing /home/pranav_shirali/airflow-project/airflow-env/lib/python3.10/site-packages/airflow/example_dags/example_skip_dag.py took 0.060 seconds
[2025-03-31T13:16:34.043+0530] {processor.py:186} INFO - Started process (PID=12059) to work on /home/pranav_shirali/airflow-project/airflow-env/lib/python3.10/site-packages/airflow/example_dags/example_skip_dag.py
[2025-03-31T13:16:34.045+0530] {processor.py:914} INFO - Processing file /home/pranav_shirali/airflow-project/airflow-env/lib/python3.10/site-packages/airflow/example_dags/example_skip_dag.py for tasks to queue
[2025-03-31T13:16:34.048+0530] {logging_mixin.py:190} INFO - [2025-03-31T13:16:34.048+0530] {dagbag.py:588} INFO - Filling up the DagBag from /home/pranav_shirali/airflow-project/airflow-env/lib/python3.10/site-packages/airflow/example_dags/example_skip_dag.py
[2025-03-31T13:16:34.054+0530] {processor.py:925} INFO - DAG(s) 'example_skip_dag' retrieved from /home/pranav_shirali/airflow-project/airflow-env/lib/python3.10/site-packages/airflow/example_dags/example_skip_dag.py
[2025-03-31T13:16:34.072+0530] {logging_mixin.py:190} INFO - [2025-03-31T13:16:34.072+0530] {dag.py:3239} INFO - Sync 1 DAGs
[2025-03-31T13:16:34.093+0530] {logging_mixin.py:190} INFO - [2025-03-31T13:16:34.092+0530] {dag.py:4180} INFO - Setting next_dagrun for example_skip_dag to 2025-03-30 00:00:00+00:00, run_after=2025-03-31 00:00:00+00:00
[2025-03-31T13:16:34.114+0530] {processor.py:208} INFO - Processing /home/pranav_shirali/airflow-project/airflow-env/lib/python3.10/site-packages/airflow/example_dags/example_skip_dag.py took 0.075 seconds
[2025-03-31T13:17:29.941+0530] {processor.py:186} INFO - Started process (PID=12471) to work on /home/pranav_shirali/airflow-project/airflow-env/lib/python3.10/site-packages/airflow/example_dags/example_skip_dag.py
[2025-03-31T13:17:29.943+0530] {processor.py:914} INFO - Processing file /home/pranav_shirali/airflow-project/airflow-env/lib/python3.10/site-packages/airflow/example_dags/example_skip_dag.py for tasks to queue
[2025-03-31T13:17:29.945+0530] {logging_mixin.py:190} INFO - [2025-03-31T13:17:29.944+0530] {dagbag.py:588} INFO - Filling up the DagBag from /home/pranav_shirali/airflow-project/airflow-env/lib/python3.10/site-packages/airflow/example_dags/example_skip_dag.py
[2025-03-31T13:17:29.951+0530] {processor.py:925} INFO - DAG(s) 'example_skip_dag' retrieved from /home/pranav_shirali/airflow-project/airflow-env/lib/python3.10/site-packages/airflow/example_dags/example_skip_dag.py
[2025-03-31T13:17:29.964+0530] {logging_mixin.py:190} INFO - [2025-03-31T13:17:29.964+0530] {dag.py:3239} INFO - Sync 1 DAGs
[2025-03-31T13:17:29.981+0530] {logging_mixin.py:190} INFO - [2025-03-31T13:17:29.981+0530] {dag.py:4180} INFO - Setting next_dagrun for example_skip_dag to 2025-03-30 00:00:00+00:00, run_after=2025-03-31 00:00:00+00:00
[2025-03-31T13:17:29.996+0530] {processor.py:208} INFO - Processing /home/pranav_shirali/airflow-project/airflow-env/lib/python3.10/site-packages/airflow/example_dags/example_skip_dag.py took 0.058 seconds
