[2025-03-31T13:07:32.856+0530] {processor.py:186} INFO - Started process (PID=8545) to work on /home/pranav_shirali/airflow-project/airflow-env/lib/python3.10/site-packages/airflow/example_dags/example_branch_python_dop_operator_3.py
[2025-03-31T13:07:32.856+0530] {processor.py:914} INFO - Processing file /home/pranav_shirali/airflow-project/airflow-env/lib/python3.10/site-packages/airflow/example_dags/example_branch_python_dop_operator_3.py for tasks to queue
[2025-03-31T13:07:32.858+0530] {logging_mixin.py:190} INFO - [2025-03-31T13:07:32.857+0530] {dagbag.py:588} INFO - Filling up the DagBag from /home/pranav_shirali/airflow-project/airflow-env/lib/python3.10/site-packages/airflow/example_dags/example_branch_python_dop_operator_3.py
[2025-03-31T13:07:32.865+0530] {processor.py:925} INFO - DAG(s) 'example_branch_dop_operator_v3' retrieved from /home/pranav_shirali/airflow-project/airflow-env/lib/python3.10/site-packages/airflow/example_dags/example_branch_python_dop_operator_3.py
[2025-03-31T13:07:32.878+0530] {logging_mixin.py:190} INFO - [2025-03-31T13:07:32.878+0530] {dag.py:3239} INFO - Sync 1 DAGs
[2025-03-31T13:07:32.896+0530] {logging_mixin.py:190} INFO - [2025-03-31T13:07:32.896+0530] {dag.py:4180} INFO - Setting next_dagrun for example_branch_dop_operator_v3 to 2025-03-31 07:36:00+00:00, run_after=2025-03-31 07:37:00+00:00
[2025-03-31T13:07:32.912+0530] {processor.py:208} INFO - Processing /home/pranav_shirali/airflow-project/airflow-env/lib/python3.10/site-packages/airflow/example_dags/example_branch_python_dop_operator_3.py took 0.060 seconds
[2025-03-31T13:08:38.185+0530] {processor.py:186} INFO - Started process (PID=8919) to work on /home/pranav_shirali/airflow-project/airflow-env/lib/python3.10/site-packages/airflow/example_dags/example_branch_python_dop_operator_3.py
[2025-03-31T13:08:38.186+0530] {processor.py:914} INFO - Processing file /home/pranav_shirali/airflow-project/airflow-env/lib/python3.10/site-packages/airflow/example_dags/example_branch_python_dop_operator_3.py for tasks to queue
[2025-03-31T13:08:38.188+0530] {logging_mixin.py:190} INFO - [2025-03-31T13:08:38.188+0530] {dagbag.py:588} INFO - Filling up the DagBag from /home/pranav_shirali/airflow-project/airflow-env/lib/python3.10/site-packages/airflow/example_dags/example_branch_python_dop_operator_3.py
[2025-03-31T13:08:38.197+0530] {processor.py:925} INFO - DAG(s) 'example_branch_dop_operator_v3' retrieved from /home/pranav_shirali/airflow-project/airflow-env/lib/python3.10/site-packages/airflow/example_dags/example_branch_python_dop_operator_3.py
[2025-03-31T13:08:38.208+0530] {logging_mixin.py:190} INFO - [2025-03-31T13:08:38.208+0530] {dag.py:3239} INFO - Sync 1 DAGs
[2025-03-31T13:08:38.225+0530] {logging_mixin.py:190} INFO - [2025-03-31T13:08:38.225+0530] {dag.py:4180} INFO - Setting next_dagrun for example_branch_dop_operator_v3 to 2025-03-31 07:37:00+00:00, run_after=2025-03-31 07:38:00+00:00
[2025-03-31T13:08:38.241+0530] {processor.py:208} INFO - Processing /home/pranav_shirali/airflow-project/airflow-env/lib/python3.10/site-packages/airflow/example_dags/example_branch_python_dop_operator_3.py took 0.060 seconds
[2025-03-31T13:09:39.529+0530] {processor.py:186} INFO - Started process (PID=9204) to work on /home/pranav_shirali/airflow-project/airflow-env/lib/python3.10/site-packages/airflow/example_dags/example_branch_python_dop_operator_3.py
[2025-03-31T13:09:39.531+0530] {processor.py:914} INFO - Processing file /home/pranav_shirali/airflow-project/airflow-env/lib/python3.10/site-packages/airflow/example_dags/example_branch_python_dop_operator_3.py for tasks to queue
[2025-03-31T13:09:39.533+0530] {logging_mixin.py:190} INFO - [2025-03-31T13:09:39.533+0530] {dagbag.py:588} INFO - Filling up the DagBag from /home/pranav_shirali/airflow-project/airflow-env/lib/python3.10/site-packages/airflow/example_dags/example_branch_python_dop_operator_3.py
[2025-03-31T13:09:39.541+0530] {processor.py:925} INFO - DAG(s) 'example_branch_dop_operator_v3' retrieved from /home/pranav_shirali/airflow-project/airflow-env/lib/python3.10/site-packages/airflow/example_dags/example_branch_python_dop_operator_3.py
[2025-03-31T13:09:39.552+0530] {logging_mixin.py:190} INFO - [2025-03-31T13:09:39.552+0530] {dag.py:3239} INFO - Sync 1 DAGs
[2025-03-31T13:09:39.569+0530] {logging_mixin.py:190} INFO - [2025-03-31T13:09:39.569+0530] {dag.py:4180} INFO - Setting next_dagrun for example_branch_dop_operator_v3 to 2025-03-31 07:38:00+00:00, run_after=2025-03-31 07:39:00+00:00
[2025-03-31T13:09:39.585+0530] {processor.py:208} INFO - Processing /home/pranav_shirali/airflow-project/airflow-env/lib/python3.10/site-packages/airflow/example_dags/example_branch_python_dop_operator_3.py took 0.060 seconds
[2025-03-31T13:10:36.286+0530] {processor.py:186} INFO - Started process (PID=9423) to work on /home/pranav_shirali/airflow-project/airflow-env/lib/python3.10/site-packages/airflow/example_dags/example_branch_python_dop_operator_3.py
[2025-03-31T13:10:36.289+0530] {processor.py:914} INFO - Processing file /home/pranav_shirali/airflow-project/airflow-env/lib/python3.10/site-packages/airflow/example_dags/example_branch_python_dop_operator_3.py for tasks to queue
[2025-03-31T13:10:36.291+0530] {logging_mixin.py:190} INFO - [2025-03-31T13:10:36.291+0530] {dagbag.py:588} INFO - Filling up the DagBag from /home/pranav_shirali/airflow-project/airflow-env/lib/python3.10/site-packages/airflow/example_dags/example_branch_python_dop_operator_3.py
[2025-03-31T13:10:36.300+0530] {processor.py:925} INFO - DAG(s) 'example_branch_dop_operator_v3' retrieved from /home/pranav_shirali/airflow-project/airflow-env/lib/python3.10/site-packages/airflow/example_dags/example_branch_python_dop_operator_3.py
[2025-03-31T13:10:36.312+0530] {logging_mixin.py:190} INFO - [2025-03-31T13:10:36.312+0530] {dag.py:3239} INFO - Sync 1 DAGs
[2025-03-31T13:10:36.340+0530] {logging_mixin.py:190} INFO - [2025-03-31T13:10:36.340+0530] {dag.py:4180} INFO - Setting next_dagrun for example_branch_dop_operator_v3 to 2025-03-31 07:39:00+00:00, run_after=2025-03-31 07:40:00+00:00
[2025-03-31T13:10:36.360+0530] {processor.py:208} INFO - Processing /home/pranav_shirali/airflow-project/airflow-env/lib/python3.10/site-packages/airflow/example_dags/example_branch_python_dop_operator_3.py took 0.088 seconds
[2025-03-31T13:11:29.447+0530] {processor.py:186} INFO - Started process (PID=9634) to work on /home/pranav_shirali/airflow-project/airflow-env/lib/python3.10/site-packages/airflow/example_dags/example_branch_python_dop_operator_3.py
[2025-03-31T13:11:29.449+0530] {processor.py:914} INFO - Processing file /home/pranav_shirali/airflow-project/airflow-env/lib/python3.10/site-packages/airflow/example_dags/example_branch_python_dop_operator_3.py for tasks to queue
[2025-03-31T13:11:29.450+0530] {logging_mixin.py:190} INFO - [2025-03-31T13:11:29.450+0530] {dagbag.py:588} INFO - Filling up the DagBag from /home/pranav_shirali/airflow-project/airflow-env/lib/python3.10/site-packages/airflow/example_dags/example_branch_python_dop_operator_3.py
[2025-03-31T13:11:29.458+0530] {processor.py:925} INFO - DAG(s) 'example_branch_dop_operator_v3' retrieved from /home/pranav_shirali/airflow-project/airflow-env/lib/python3.10/site-packages/airflow/example_dags/example_branch_python_dop_operator_3.py
[2025-03-31T13:11:29.470+0530] {logging_mixin.py:190} INFO - [2025-03-31T13:11:29.470+0530] {dag.py:3239} INFO - Sync 1 DAGs
[2025-03-31T13:11:29.488+0530] {logging_mixin.py:190} INFO - [2025-03-31T13:11:29.488+0530] {dag.py:4180} INFO - Setting next_dagrun for example_branch_dop_operator_v3 to 2025-03-31 07:40:00+00:00, run_after=2025-03-31 07:41:00+00:00
[2025-03-31T13:11:29.502+0530] {processor.py:208} INFO - Processing /home/pranav_shirali/airflow-project/airflow-env/lib/python3.10/site-packages/airflow/example_dags/example_branch_python_dop_operator_3.py took 0.060 seconds
[2025-03-31T13:12:26.105+0530] {processor.py:186} INFO - Started process (PID=9874) to work on /home/pranav_shirali/airflow-project/airflow-env/lib/python3.10/site-packages/airflow/example_dags/example_branch_python_dop_operator_3.py
[2025-03-31T13:12:26.108+0530] {processor.py:914} INFO - Processing file /home/pranav_shirali/airflow-project/airflow-env/lib/python3.10/site-packages/airflow/example_dags/example_branch_python_dop_operator_3.py for tasks to queue
[2025-03-31T13:12:26.110+0530] {logging_mixin.py:190} INFO - [2025-03-31T13:12:26.109+0530] {dagbag.py:588} INFO - Filling up the DagBag from /home/pranav_shirali/airflow-project/airflow-env/lib/python3.10/site-packages/airflow/example_dags/example_branch_python_dop_operator_3.py
[2025-03-31T13:12:26.137+0530] {processor.py:925} INFO - DAG(s) 'example_branch_dop_operator_v3' retrieved from /home/pranav_shirali/airflow-project/airflow-env/lib/python3.10/site-packages/airflow/example_dags/example_branch_python_dop_operator_3.py
[2025-03-31T13:12:26.169+0530] {logging_mixin.py:190} INFO - [2025-03-31T13:12:26.169+0530] {dag.py:3239} INFO - Sync 1 DAGs
[2025-03-31T13:12:26.208+0530] {logging_mixin.py:190} INFO - [2025-03-31T13:12:26.207+0530] {dag.py:4180} INFO - Setting next_dagrun for example_branch_dop_operator_v3 to 2025-03-31 07:41:00+00:00, run_after=2025-03-31 07:42:00+00:00
[2025-03-31T13:12:26.239+0530] {processor.py:208} INFO - Processing /home/pranav_shirali/airflow-project/airflow-env/lib/python3.10/site-packages/airflow/example_dags/example_branch_python_dop_operator_3.py took 0.140 seconds
[2025-03-31T13:13:44.072+0530] {processor.py:186} INFO - Started process (PID=10454) to work on /home/pranav_shirali/airflow-project/airflow-env/lib/python3.10/site-packages/airflow/example_dags/example_branch_python_dop_operator_3.py
[2025-03-31T13:13:44.074+0530] {processor.py:914} INFO - Processing file /home/pranav_shirali/airflow-project/airflow-env/lib/python3.10/site-packages/airflow/example_dags/example_branch_python_dop_operator_3.py for tasks to queue
[2025-03-31T13:13:44.076+0530] {logging_mixin.py:190} INFO - [2025-03-31T13:13:44.075+0530] {dagbag.py:588} INFO - Filling up the DagBag from /home/pranav_shirali/airflow-project/airflow-env/lib/python3.10/site-packages/airflow/example_dags/example_branch_python_dop_operator_3.py
[2025-03-31T13:13:44.083+0530] {processor.py:925} INFO - DAG(s) 'example_branch_dop_operator_v3' retrieved from /home/pranav_shirali/airflow-project/airflow-env/lib/python3.10/site-packages/airflow/example_dags/example_branch_python_dop_operator_3.py
[2025-03-31T13:13:44.092+0530] {logging_mixin.py:190} INFO - [2025-03-31T13:13:44.092+0530] {dag.py:3239} INFO - Sync 1 DAGs
[2025-03-31T13:13:44.107+0530] {logging_mixin.py:190} INFO - [2025-03-31T13:13:44.106+0530] {dag.py:4180} INFO - Setting next_dagrun for example_branch_dop_operator_v3 to 2025-03-31 07:42:00+00:00, run_after=2025-03-31 07:43:00+00:00
[2025-03-31T13:13:44.120+0530] {processor.py:208} INFO - Processing /home/pranav_shirali/airflow-project/airflow-env/lib/python3.10/site-packages/airflow/example_dags/example_branch_python_dop_operator_3.py took 0.051 seconds
[2025-03-31T13:14:40.232+0530] {processor.py:186} INFO - Started process (PID=10902) to work on /home/pranav_shirali/airflow-project/airflow-env/lib/python3.10/site-packages/airflow/example_dags/example_branch_python_dop_operator_3.py
[2025-03-31T13:14:40.233+0530] {processor.py:914} INFO - Processing file /home/pranav_shirali/airflow-project/airflow-env/lib/python3.10/site-packages/airflow/example_dags/example_branch_python_dop_operator_3.py for tasks to queue
[2025-03-31T13:14:40.234+0530] {logging_mixin.py:190} INFO - [2025-03-31T13:14:40.234+0530] {dagbag.py:588} INFO - Filling up the DagBag from /home/pranav_shirali/airflow-project/airflow-env/lib/python3.10/site-packages/airflow/example_dags/example_branch_python_dop_operator_3.py
[2025-03-31T13:14:40.241+0530] {processor.py:925} INFO - DAG(s) 'example_branch_dop_operator_v3' retrieved from /home/pranav_shirali/airflow-project/airflow-env/lib/python3.10/site-packages/airflow/example_dags/example_branch_python_dop_operator_3.py
[2025-03-31T13:14:40.252+0530] {logging_mixin.py:190} INFO - [2025-03-31T13:14:40.252+0530] {dag.py:3239} INFO - Sync 1 DAGs
[2025-03-31T13:14:40.268+0530] {logging_mixin.py:190} INFO - [2025-03-31T13:14:40.267+0530] {dag.py:4180} INFO - Setting next_dagrun for example_branch_dop_operator_v3 to 2025-03-31 07:43:00+00:00, run_after=2025-03-31 07:44:00+00:00
[2025-03-31T13:14:40.285+0530] {processor.py:208} INFO - Processing /home/pranav_shirali/airflow-project/airflow-env/lib/python3.10/site-packages/airflow/example_dags/example_branch_python_dop_operator_3.py took 0.057 seconds
[2025-03-31T13:15:41.565+0530] {processor.py:186} INFO - Started process (PID=11503) to work on /home/pranav_shirali/airflow-project/airflow-env/lib/python3.10/site-packages/airflow/example_dags/example_branch_python_dop_operator_3.py
[2025-03-31T13:15:41.566+0530] {processor.py:914} INFO - Processing file /home/pranav_shirali/airflow-project/airflow-env/lib/python3.10/site-packages/airflow/example_dags/example_branch_python_dop_operator_3.py for tasks to queue
[2025-03-31T13:15:41.568+0530] {logging_mixin.py:190} INFO - [2025-03-31T13:15:41.568+0530] {dagbag.py:588} INFO - Filling up the DagBag from /home/pranav_shirali/airflow-project/airflow-env/lib/python3.10/site-packages/airflow/example_dags/example_branch_python_dop_operator_3.py
[2025-03-31T13:15:41.577+0530] {processor.py:925} INFO - DAG(s) 'example_branch_dop_operator_v3' retrieved from /home/pranav_shirali/airflow-project/airflow-env/lib/python3.10/site-packages/airflow/example_dags/example_branch_python_dop_operator_3.py
[2025-03-31T13:15:41.590+0530] {logging_mixin.py:190} INFO - [2025-03-31T13:15:41.589+0530] {dag.py:3239} INFO - Sync 1 DAGs
[2025-03-31T13:15:41.610+0530] {logging_mixin.py:190} INFO - [2025-03-31T13:15:41.610+0530] {dag.py:4180} INFO - Setting next_dagrun for example_branch_dop_operator_v3 to 2025-03-31 07:44:00+00:00, run_after=2025-03-31 07:45:00+00:00
[2025-03-31T13:15:41.631+0530] {processor.py:208} INFO - Processing /home/pranav_shirali/airflow-project/airflow-env/lib/python3.10/site-packages/airflow/example_dags/example_branch_python_dop_operator_3.py took 0.074 seconds
[2025-03-31T13:16:41.636+0530] {processor.py:186} INFO - Started process (PID=12136) to work on /home/pranav_shirali/airflow-project/airflow-env/lib/python3.10/site-packages/airflow/example_dags/example_branch_python_dop_operator_3.py
[2025-03-31T13:16:41.637+0530] {processor.py:914} INFO - Processing file /home/pranav_shirali/airflow-project/airflow-env/lib/python3.10/site-packages/airflow/example_dags/example_branch_python_dop_operator_3.py for tasks to queue
[2025-03-31T13:16:41.638+0530] {logging_mixin.py:190} INFO - [2025-03-31T13:16:41.638+0530] {dagbag.py:588} INFO - Filling up the DagBag from /home/pranav_shirali/airflow-project/airflow-env/lib/python3.10/site-packages/airflow/example_dags/example_branch_python_dop_operator_3.py
[2025-03-31T13:16:41.646+0530] {processor.py:925} INFO - DAG(s) 'example_branch_dop_operator_v3' retrieved from /home/pranav_shirali/airflow-project/airflow-env/lib/python3.10/site-packages/airflow/example_dags/example_branch_python_dop_operator_3.py
[2025-03-31T13:16:41.657+0530] {logging_mixin.py:190} INFO - [2025-03-31T13:16:41.657+0530] {dag.py:3239} INFO - Sync 1 DAGs
[2025-03-31T13:16:41.674+0530] {logging_mixin.py:190} INFO - [2025-03-31T13:16:41.673+0530] {dag.py:4180} INFO - Setting next_dagrun for example_branch_dop_operator_v3 to 2025-03-31 07:45:00+00:00, run_after=2025-03-31 07:46:00+00:00
[2025-03-31T13:16:41.687+0530] {processor.py:208} INFO - Processing /home/pranav_shirali/airflow-project/airflow-env/lib/python3.10/site-packages/airflow/example_dags/example_branch_python_dop_operator_3.py took 0.054 seconds
[2025-03-31T13:17:37.345+0530] {processor.py:186} INFO - Started process (PID=12504) to work on /home/pranav_shirali/airflow-project/airflow-env/lib/python3.10/site-packages/airflow/example_dags/example_branch_python_dop_operator_3.py
[2025-03-31T13:17:37.347+0530] {processor.py:914} INFO - Processing file /home/pranav_shirali/airflow-project/airflow-env/lib/python3.10/site-packages/airflow/example_dags/example_branch_python_dop_operator_3.py for tasks to queue
[2025-03-31T13:17:37.349+0530] {logging_mixin.py:190} INFO - [2025-03-31T13:17:37.348+0530] {dagbag.py:588} INFO - Filling up the DagBag from /home/pranav_shirali/airflow-project/airflow-env/lib/python3.10/site-packages/airflow/example_dags/example_branch_python_dop_operator_3.py
[2025-03-31T13:17:37.357+0530] {processor.py:925} INFO - DAG(s) 'example_branch_dop_operator_v3' retrieved from /home/pranav_shirali/airflow-project/airflow-env/lib/python3.10/site-packages/airflow/example_dags/example_branch_python_dop_operator_3.py
[2025-03-31T13:17:37.369+0530] {logging_mixin.py:190} INFO - [2025-03-31T13:17:37.369+0530] {dag.py:3239} INFO - Sync 1 DAGs
[2025-03-31T13:17:37.389+0530] {logging_mixin.py:190} INFO - [2025-03-31T13:17:37.388+0530] {dag.py:4180} INFO - Setting next_dagrun for example_branch_dop_operator_v3 to 2025-03-31 07:46:00+00:00, run_after=2025-03-31 07:47:00+00:00
[2025-03-31T13:17:37.402+0530] {processor.py:208} INFO - Processing /home/pranav_shirali/airflow-project/airflow-env/lib/python3.10/site-packages/airflow/example_dags/example_branch_python_dop_operator_3.py took 0.061 seconds
