[2025-03-31T13:07:00.167+0530] {processor.py:186} INFO - Started process (PID=8227) to work on /home/pranav_shirali/airflow-project/airflow-env/lib/python3.10/site-packages/airflow/example_dags/example_params_trigger_ui.py
[2025-03-31T13:07:00.167+0530] {processor.py:914} INFO - Processing file /home/pranav_shirali/airflow-project/airflow-env/lib/python3.10/site-packages/airflow/example_dags/example_params_trigger_ui.py for tasks to queue
[2025-03-31T13:07:00.168+0530] {logging_mixin.py:190} INFO - [2025-03-31T13:07:00.168+0530] {dagbag.py:588} INFO - Filling up the DagBag from /home/pranav_shirali/airflow-project/airflow-env/lib/python3.10/site-packages/airflow/example_dags/example_params_trigger_ui.py
[2025-03-31T13:07:00.180+0530] {processor.py:925} INFO - DAG(s) 'example_params_trigger_ui' retrieved from /home/pranav_shirali/airflow-project/airflow-env/lib/python3.10/site-packages/airflow/example_dags/example_params_trigger_ui.py
[2025-03-31T13:07:00.211+0530] {logging_mixin.py:190} INFO - [2025-03-31T13:07:00.211+0530] {dag.py:3239} INFO - Sync 1 DAGs
[2025-03-31T13:07:00.220+0530] {logging_mixin.py:190} INFO - [2025-03-31T13:07:00.220+0530] {dag.py:4180} INFO - Setting next_dagrun for example_params_trigger_ui to None, run_after=None
[2025-03-31T13:07:00.234+0530] {processor.py:208} INFO - Processing /home/pranav_shirali/airflow-project/airflow-env/lib/python3.10/site-packages/airflow/example_dags/example_params_trigger_ui.py took 0.073 seconds
[2025-03-31T13:08:01.356+0530] {processor.py:186} INFO - Started process (PID=8652) to work on /home/pranav_shirali/airflow-project/airflow-env/lib/python3.10/site-packages/airflow/example_dags/example_params_trigger_ui.py
[2025-03-31T13:08:01.357+0530] {processor.py:914} INFO - Processing file /home/pranav_shirali/airflow-project/airflow-env/lib/python3.10/site-packages/airflow/example_dags/example_params_trigger_ui.py for tasks to queue
[2025-03-31T13:08:01.358+0530] {logging_mixin.py:190} INFO - [2025-03-31T13:08:01.358+0530] {dagbag.py:588} INFO - Filling up the DagBag from /home/pranav_shirali/airflow-project/airflow-env/lib/python3.10/site-packages/airflow/example_dags/example_params_trigger_ui.py
[2025-03-31T13:08:01.367+0530] {processor.py:925} INFO - DAG(s) 'example_params_trigger_ui' retrieved from /home/pranav_shirali/airflow-project/airflow-env/lib/python3.10/site-packages/airflow/example_dags/example_params_trigger_ui.py
[2025-03-31T13:08:01.398+0530] {logging_mixin.py:190} INFO - [2025-03-31T13:08:01.398+0530] {dag.py:3239} INFO - Sync 1 DAGs
[2025-03-31T13:08:01.407+0530] {logging_mixin.py:190} INFO - [2025-03-31T13:08:01.407+0530] {dag.py:4180} INFO - Setting next_dagrun for example_params_trigger_ui to None, run_after=None
[2025-03-31T13:08:01.421+0530] {processor.py:208} INFO - Processing /home/pranav_shirali/airflow-project/airflow-env/lib/python3.10/site-packages/airflow/example_dags/example_params_trigger_ui.py took 0.070 seconds
[2025-03-31T13:09:02.734+0530] {processor.py:186} INFO - Started process (PID=9068) to work on /home/pranav_shirali/airflow-project/airflow-env/lib/python3.10/site-packages/airflow/example_dags/example_params_trigger_ui.py
[2025-03-31T13:09:02.739+0530] {processor.py:914} INFO - Processing file /home/pranav_shirali/airflow-project/airflow-env/lib/python3.10/site-packages/airflow/example_dags/example_params_trigger_ui.py for tasks to queue
[2025-03-31T13:09:02.740+0530] {logging_mixin.py:190} INFO - [2025-03-31T13:09:02.740+0530] {dagbag.py:588} INFO - Filling up the DagBag from /home/pranav_shirali/airflow-project/airflow-env/lib/python3.10/site-packages/airflow/example_dags/example_params_trigger_ui.py
[2025-03-31T13:09:02.749+0530] {processor.py:925} INFO - DAG(s) 'example_params_trigger_ui' retrieved from /home/pranav_shirali/airflow-project/airflow-env/lib/python3.10/site-packages/airflow/example_dags/example_params_trigger_ui.py
[2025-03-31T13:09:02.776+0530] {logging_mixin.py:190} INFO - [2025-03-31T13:09:02.776+0530] {dag.py:3239} INFO - Sync 1 DAGs
[2025-03-31T13:09:02.785+0530] {logging_mixin.py:190} INFO - [2025-03-31T13:09:02.785+0530] {dag.py:4180} INFO - Setting next_dagrun for example_params_trigger_ui to None, run_after=None
[2025-03-31T13:09:02.800+0530] {processor.py:208} INFO - Processing /home/pranav_shirali/airflow-project/airflow-env/lib/python3.10/site-packages/airflow/example_dags/example_params_trigger_ui.py took 0.070 seconds
[2025-03-31T13:10:00.455+0530] {processor.py:186} INFO - Started process (PID=9286) to work on /home/pranav_shirali/airflow-project/airflow-env/lib/python3.10/site-packages/airflow/example_dags/example_params_trigger_ui.py
[2025-03-31T13:10:00.455+0530] {processor.py:914} INFO - Processing file /home/pranav_shirali/airflow-project/airflow-env/lib/python3.10/site-packages/airflow/example_dags/example_params_trigger_ui.py for tasks to queue
[2025-03-31T13:10:00.457+0530] {logging_mixin.py:190} INFO - [2025-03-31T13:10:00.456+0530] {dagbag.py:588} INFO - Filling up the DagBag from /home/pranav_shirali/airflow-project/airflow-env/lib/python3.10/site-packages/airflow/example_dags/example_params_trigger_ui.py
[2025-03-31T13:10:00.467+0530] {processor.py:925} INFO - DAG(s) 'example_params_trigger_ui' retrieved from /home/pranav_shirali/airflow-project/airflow-env/lib/python3.10/site-packages/airflow/example_dags/example_params_trigger_ui.py
[2025-03-31T13:10:00.498+0530] {logging_mixin.py:190} INFO - [2025-03-31T13:10:00.498+0530] {dag.py:3239} INFO - Sync 1 DAGs
[2025-03-31T13:10:00.507+0530] {logging_mixin.py:190} INFO - [2025-03-31T13:10:00.507+0530] {dag.py:4180} INFO - Setting next_dagrun for example_params_trigger_ui to None, run_after=None
[2025-03-31T13:10:00.522+0530] {processor.py:208} INFO - Processing /home/pranav_shirali/airflow-project/airflow-env/lib/python3.10/site-packages/airflow/example_dags/example_params_trigger_ui.py took 0.071 seconds
[2025-03-31T13:10:58.581+0530] {processor.py:186} INFO - Started process (PID=9511) to work on /home/pranav_shirali/airflow-project/airflow-env/lib/python3.10/site-packages/airflow/example_dags/example_params_trigger_ui.py
[2025-03-31T13:10:58.584+0530] {processor.py:914} INFO - Processing file /home/pranav_shirali/airflow-project/airflow-env/lib/python3.10/site-packages/airflow/example_dags/example_params_trigger_ui.py for tasks to queue
[2025-03-31T13:10:58.586+0530] {logging_mixin.py:190} INFO - [2025-03-31T13:10:58.585+0530] {dagbag.py:588} INFO - Filling up the DagBag from /home/pranav_shirali/airflow-project/airflow-env/lib/python3.10/site-packages/airflow/example_dags/example_params_trigger_ui.py
[2025-03-31T13:10:58.596+0530] {processor.py:925} INFO - DAG(s) 'example_params_trigger_ui' retrieved from /home/pranav_shirali/airflow-project/airflow-env/lib/python3.10/site-packages/airflow/example_dags/example_params_trigger_ui.py
[2025-03-31T13:10:58.626+0530] {logging_mixin.py:190} INFO - [2025-03-31T13:10:58.626+0530] {dag.py:3239} INFO - Sync 1 DAGs
[2025-03-31T13:10:58.636+0530] {logging_mixin.py:190} INFO - [2025-03-31T13:10:58.636+0530] {dag.py:4180} INFO - Setting next_dagrun for example_params_trigger_ui to None, run_after=None
[2025-03-31T13:10:58.657+0530] {processor.py:208} INFO - Processing /home/pranav_shirali/airflow-project/airflow-env/lib/python3.10/site-packages/airflow/example_dags/example_params_trigger_ui.py took 0.081 seconds
[2025-03-31T13:11:50.021+0530] {processor.py:186} INFO - Started process (PID=9717) to work on /home/pranav_shirali/airflow-project/airflow-env/lib/python3.10/site-packages/airflow/example_dags/example_params_trigger_ui.py
[2025-03-31T13:11:50.022+0530] {processor.py:914} INFO - Processing file /home/pranav_shirali/airflow-project/airflow-env/lib/python3.10/site-packages/airflow/example_dags/example_params_trigger_ui.py for tasks to queue
[2025-03-31T13:11:50.023+0530] {logging_mixin.py:190} INFO - [2025-03-31T13:11:50.023+0530] {dagbag.py:588} INFO - Filling up the DagBag from /home/pranav_shirali/airflow-project/airflow-env/lib/python3.10/site-packages/airflow/example_dags/example_params_trigger_ui.py
[2025-03-31T13:11:50.032+0530] {processor.py:925} INFO - DAG(s) 'example_params_trigger_ui' retrieved from /home/pranav_shirali/airflow-project/airflow-env/lib/python3.10/site-packages/airflow/example_dags/example_params_trigger_ui.py
[2025-03-31T13:11:50.063+0530] {logging_mixin.py:190} INFO - [2025-03-31T13:11:50.063+0530] {dag.py:3239} INFO - Sync 1 DAGs
[2025-03-31T13:11:50.073+0530] {logging_mixin.py:190} INFO - [2025-03-31T13:11:50.073+0530] {dag.py:4180} INFO - Setting next_dagrun for example_params_trigger_ui to None, run_after=None
[2025-03-31T13:11:50.088+0530] {processor.py:208} INFO - Processing /home/pranav_shirali/airflow-project/airflow-env/lib/python3.10/site-packages/airflow/example_dags/example_params_trigger_ui.py took 0.072 seconds
[2025-03-31T13:12:42.079+0530] {processor.py:186} INFO - Started process (PID=9943) to work on /home/pranav_shirali/airflow-project/airflow-env/lib/python3.10/site-packages/airflow/example_dags/example_params_trigger_ui.py
[2025-03-31T13:12:42.080+0530] {processor.py:914} INFO - Processing file /home/pranav_shirali/airflow-project/airflow-env/lib/python3.10/site-packages/airflow/example_dags/example_params_trigger_ui.py for tasks to queue
[2025-03-31T13:12:42.081+0530] {logging_mixin.py:190} INFO - [2025-03-31T13:12:42.081+0530] {dagbag.py:588} INFO - Filling up the DagBag from /home/pranav_shirali/airflow-project/airflow-env/lib/python3.10/site-packages/airflow/example_dags/example_params_trigger_ui.py
[2025-03-31T13:12:42.088+0530] {processor.py:925} INFO - DAG(s) 'example_params_trigger_ui' retrieved from /home/pranav_shirali/airflow-project/airflow-env/lib/python3.10/site-packages/airflow/example_dags/example_params_trigger_ui.py
[2025-03-31T13:12:42.116+0530] {logging_mixin.py:190} INFO - [2025-03-31T13:12:42.116+0530] {dag.py:3239} INFO - Sync 1 DAGs
[2025-03-31T13:12:42.126+0530] {logging_mixin.py:190} INFO - [2025-03-31T13:12:42.125+0530] {dag.py:4180} INFO - Setting next_dagrun for example_params_trigger_ui to None, run_after=None
[2025-03-31T13:12:42.138+0530] {processor.py:208} INFO - Processing /home/pranav_shirali/airflow-project/airflow-env/lib/python3.10/site-packages/airflow/example_dags/example_params_trigger_ui.py took 0.063 seconds
[2025-03-31T13:13:36.802+0530] {processor.py:186} INFO - Started process (PID=10396) to work on /home/pranav_shirali/airflow-project/airflow-env/lib/python3.10/site-packages/airflow/example_dags/example_params_trigger_ui.py
[2025-03-31T13:13:36.804+0530] {processor.py:914} INFO - Processing file /home/pranav_shirali/airflow-project/airflow-env/lib/python3.10/site-packages/airflow/example_dags/example_params_trigger_ui.py for tasks to queue
[2025-03-31T13:13:36.806+0530] {logging_mixin.py:190} INFO - [2025-03-31T13:13:36.805+0530] {dagbag.py:588} INFO - Filling up the DagBag from /home/pranav_shirali/airflow-project/airflow-env/lib/python3.10/site-packages/airflow/example_dags/example_params_trigger_ui.py
[2025-03-31T13:13:36.814+0530] {processor.py:925} INFO - DAG(s) 'example_params_trigger_ui' retrieved from /home/pranav_shirali/airflow-project/airflow-env/lib/python3.10/site-packages/airflow/example_dags/example_params_trigger_ui.py
[2025-03-31T13:13:36.840+0530] {logging_mixin.py:190} INFO - [2025-03-31T13:13:36.839+0530] {dag.py:3239} INFO - Sync 1 DAGs
[2025-03-31T13:13:36.847+0530] {logging_mixin.py:190} INFO - [2025-03-31T13:13:36.847+0530] {dag.py:4180} INFO - Setting next_dagrun for example_params_trigger_ui to None, run_after=None
[2025-03-31T13:13:36.860+0530] {processor.py:208} INFO - Processing /home/pranav_shirali/airflow-project/airflow-env/lib/python3.10/site-packages/airflow/example_dags/example_params_trigger_ui.py took 0.062 seconds
[2025-03-31T13:14:32.717+0530] {processor.py:186} INFO - Started process (PID=10826) to work on /home/pranav_shirali/airflow-project/airflow-env/lib/python3.10/site-packages/airflow/example_dags/example_params_trigger_ui.py
[2025-03-31T13:14:32.718+0530] {processor.py:914} INFO - Processing file /home/pranav_shirali/airflow-project/airflow-env/lib/python3.10/site-packages/airflow/example_dags/example_params_trigger_ui.py for tasks to queue
[2025-03-31T13:14:32.720+0530] {logging_mixin.py:190} INFO - [2025-03-31T13:14:32.720+0530] {dagbag.py:588} INFO - Filling up the DagBag from /home/pranav_shirali/airflow-project/airflow-env/lib/python3.10/site-packages/airflow/example_dags/example_params_trigger_ui.py
[2025-03-31T13:14:32.730+0530] {processor.py:925} INFO - DAG(s) 'example_params_trigger_ui' retrieved from /home/pranav_shirali/airflow-project/airflow-env/lib/python3.10/site-packages/airflow/example_dags/example_params_trigger_ui.py
[2025-03-31T13:14:32.820+0530] {logging_mixin.py:190} INFO - [2025-03-31T13:14:32.820+0530] {dag.py:3239} INFO - Sync 1 DAGs
[2025-03-31T13:14:32.828+0530] {logging_mixin.py:190} INFO - [2025-03-31T13:14:32.828+0530] {dag.py:3262} INFO - Creating ORM DAG for example_params_trigger_ui
[2025-03-31T13:14:32.828+0530] {logging_mixin.py:190} INFO - [2025-03-31T13:14:32.828+0530] {dag.py:4180} INFO - Setting next_dagrun for example_params_trigger_ui to None, run_after=None
[2025-03-31T13:14:32.844+0530] {processor.py:208} INFO - Processing /home/pranav_shirali/airflow-project/airflow-env/lib/python3.10/site-packages/airflow/example_dags/example_params_trigger_ui.py took 0.132 seconds
[2025-03-31T13:15:31.641+0530] {processor.py:186} INFO - Started process (PID=11427) to work on /home/pranav_shirali/airflow-project/airflow-env/lib/python3.10/site-packages/airflow/example_dags/example_params_trigger_ui.py
[2025-03-31T13:15:31.642+0530] {processor.py:914} INFO - Processing file /home/pranav_shirali/airflow-project/airflow-env/lib/python3.10/site-packages/airflow/example_dags/example_params_trigger_ui.py for tasks to queue
[2025-03-31T13:15:31.644+0530] {logging_mixin.py:190} INFO - [2025-03-31T13:15:31.643+0530] {dagbag.py:588} INFO - Filling up the DagBag from /home/pranav_shirali/airflow-project/airflow-env/lib/python3.10/site-packages/airflow/example_dags/example_params_trigger_ui.py
[2025-03-31T13:15:31.652+0530] {processor.py:925} INFO - DAG(s) 'example_params_trigger_ui' retrieved from /home/pranav_shirali/airflow-project/airflow-env/lib/python3.10/site-packages/airflow/example_dags/example_params_trigger_ui.py
[2025-03-31T13:15:31.736+0530] {logging_mixin.py:190} INFO - [2025-03-31T13:15:31.735+0530] {dag.py:3239} INFO - Sync 1 DAGs
[2025-03-31T13:15:31.748+0530] {logging_mixin.py:190} INFO - [2025-03-31T13:15:31.748+0530] {dag.py:3262} INFO - Creating ORM DAG for example_params_trigger_ui
[2025-03-31T13:15:31.749+0530] {logging_mixin.py:190} INFO - [2025-03-31T13:15:31.749+0530] {dag.py:4180} INFO - Setting next_dagrun for example_params_trigger_ui to None, run_after=None
[2025-03-31T13:15:31.765+0530] {processor.py:208} INFO - Processing /home/pranav_shirali/airflow-project/airflow-env/lib/python3.10/site-packages/airflow/example_dags/example_params_trigger_ui.py took 0.128 seconds
[2025-03-31T13:16:35.179+0530] {processor.py:186} INFO - Started process (PID=12066) to work on /home/pranav_shirali/airflow-project/airflow-env/lib/python3.10/site-packages/airflow/example_dags/example_params_trigger_ui.py
[2025-03-31T13:16:35.180+0530] {processor.py:914} INFO - Processing file /home/pranav_shirali/airflow-project/airflow-env/lib/python3.10/site-packages/airflow/example_dags/example_params_trigger_ui.py for tasks to queue
[2025-03-31T13:16:35.181+0530] {logging_mixin.py:190} INFO - [2025-03-31T13:16:35.181+0530] {dagbag.py:588} INFO - Filling up the DagBag from /home/pranav_shirali/airflow-project/airflow-env/lib/python3.10/site-packages/airflow/example_dags/example_params_trigger_ui.py
[2025-03-31T13:16:35.189+0530] {processor.py:925} INFO - DAG(s) 'example_params_trigger_ui' retrieved from /home/pranav_shirali/airflow-project/airflow-env/lib/python3.10/site-packages/airflow/example_dags/example_params_trigger_ui.py
[2025-03-31T13:16:35.290+0530] {logging_mixin.py:190} INFO - [2025-03-31T13:16:35.290+0530] {dag.py:3239} INFO - Sync 1 DAGs
[2025-03-31T13:16:35.298+0530] {logging_mixin.py:190} INFO - [2025-03-31T13:16:35.297+0530] {dag.py:3262} INFO - Creating ORM DAG for example_params_trigger_ui
[2025-03-31T13:16:35.298+0530] {logging_mixin.py:190} INFO - [2025-03-31T13:16:35.298+0530] {dag.py:4180} INFO - Setting next_dagrun for example_params_trigger_ui to None, run_after=None
[2025-03-31T13:16:35.313+0530] {processor.py:208} INFO - Processing /home/pranav_shirali/airflow-project/airflow-env/lib/python3.10/site-packages/airflow/example_dags/example_params_trigger_ui.py took 0.138 seconds
[2025-03-31T13:17:31.074+0530] {processor.py:186} INFO - Started process (PID=12478) to work on /home/pranav_shirali/airflow-project/airflow-env/lib/python3.10/site-packages/airflow/example_dags/example_params_trigger_ui.py
[2025-03-31T13:17:31.075+0530] {processor.py:914} INFO - Processing file /home/pranav_shirali/airflow-project/airflow-env/lib/python3.10/site-packages/airflow/example_dags/example_params_trigger_ui.py for tasks to queue
[2025-03-31T13:17:31.076+0530] {logging_mixin.py:190} INFO - [2025-03-31T13:17:31.076+0530] {dagbag.py:588} INFO - Filling up the DagBag from /home/pranav_shirali/airflow-project/airflow-env/lib/python3.10/site-packages/airflow/example_dags/example_params_trigger_ui.py
[2025-03-31T13:17:31.085+0530] {processor.py:925} INFO - DAG(s) 'example_params_trigger_ui' retrieved from /home/pranav_shirali/airflow-project/airflow-env/lib/python3.10/site-packages/airflow/example_dags/example_params_trigger_ui.py
[2025-03-31T13:17:31.116+0530] {logging_mixin.py:190} INFO - [2025-03-31T13:17:31.115+0530] {dag.py:3239} INFO - Sync 1 DAGs
[2025-03-31T13:17:31.124+0530] {logging_mixin.py:190} INFO - [2025-03-31T13:17:31.124+0530] {dag.py:4180} INFO - Setting next_dagrun for example_params_trigger_ui to None, run_after=None
[2025-03-31T13:17:31.139+0530] {processor.py:208} INFO - Processing /home/pranav_shirali/airflow-project/airflow-env/lib/python3.10/site-packages/airflow/example_dags/example_params_trigger_ui.py took 0.069 seconds
