[2025-03-31T13:07:15.439+0530] {processor.py:186} INFO - Started process (PID=8344) to work on /home/pranav_shirali/airflow-project/airflow-env/lib/python3.10/site-packages/airflow/example_dags/example_nested_branch_dag.py
[2025-03-31T13:07:15.441+0530] {processor.py:914} INFO - Processing file /home/pranav_shirali/airflow-project/airflow-env/lib/python3.10/site-packages/airflow/example_dags/example_nested_branch_dag.py for tasks to queue
[2025-03-31T13:07:15.444+0530] {logging_mixin.py:190} INFO - [2025-03-31T13:07:15.444+0530] {dagbag.py:588} INFO - Filling up the DagBag from /home/pranav_shirali/airflow-project/airflow-env/lib/python3.10/site-packages/airflow/example_dags/example_nested_branch_dag.py
[2025-03-31T13:07:15.461+0530] {processor.py:925} INFO - DAG(s) 'example_nested_branch_dag' retrieved from /home/pranav_shirali/airflow-project/airflow-env/lib/python3.10/site-packages/airflow/example_dags/example_nested_branch_dag.py
[2025-03-31T13:07:15.503+0530] {logging_mixin.py:190} INFO - [2025-03-31T13:07:15.503+0530] {dag.py:3239} INFO - Sync 1 DAGs
[2025-03-31T13:07:15.560+0530] {logging_mixin.py:190} INFO - [2025-03-31T13:07:15.560+0530] {dag.py:4180} INFO - Setting next_dagrun for example_nested_branch_dag to 2025-03-30 00:00:00+00:00, run_after=2025-03-31 00:00:00+00:00
[2025-03-31T13:07:15.600+0530] {processor.py:208} INFO - Processing /home/pranav_shirali/airflow-project/airflow-env/lib/python3.10/site-packages/airflow/example_dags/example_nested_branch_dag.py took 0.168 seconds
[2025-03-31T13:08:17.704+0530] {processor.py:186} INFO - Started process (PID=8742) to work on /home/pranav_shirali/airflow-project/airflow-env/lib/python3.10/site-packages/airflow/example_dags/example_nested_branch_dag.py
[2025-03-31T13:08:17.707+0530] {processor.py:914} INFO - Processing file /home/pranav_shirali/airflow-project/airflow-env/lib/python3.10/site-packages/airflow/example_dags/example_nested_branch_dag.py for tasks to queue
[2025-03-31T13:08:17.709+0530] {logging_mixin.py:190} INFO - [2025-03-31T13:08:17.709+0530] {dagbag.py:588} INFO - Filling up the DagBag from /home/pranav_shirali/airflow-project/airflow-env/lib/python3.10/site-packages/airflow/example_dags/example_nested_branch_dag.py
[2025-03-31T13:08:17.718+0530] {processor.py:925} INFO - DAG(s) 'example_nested_branch_dag' retrieved from /home/pranav_shirali/airflow-project/airflow-env/lib/python3.10/site-packages/airflow/example_dags/example_nested_branch_dag.py
[2025-03-31T13:08:17.731+0530] {logging_mixin.py:190} INFO - [2025-03-31T13:08:17.731+0530] {dag.py:3239} INFO - Sync 1 DAGs
[2025-03-31T13:08:17.749+0530] {logging_mixin.py:190} INFO - [2025-03-31T13:08:17.749+0530] {dag.py:4180} INFO - Setting next_dagrun for example_nested_branch_dag to 2025-03-30 00:00:00+00:00, run_after=2025-03-31 00:00:00+00:00
[2025-03-31T13:08:17.769+0530] {processor.py:208} INFO - Processing /home/pranav_shirali/airflow-project/airflow-env/lib/python3.10/site-packages/airflow/example_dags/example_nested_branch_dag.py took 0.068 seconds
[2025-03-31T13:09:17.994+0530] {processor.py:186} INFO - Started process (PID=9132) to work on /home/pranav_shirali/airflow-project/airflow-env/lib/python3.10/site-packages/airflow/example_dags/example_nested_branch_dag.py
[2025-03-31T13:09:17.996+0530] {processor.py:914} INFO - Processing file /home/pranav_shirali/airflow-project/airflow-env/lib/python3.10/site-packages/airflow/example_dags/example_nested_branch_dag.py for tasks to queue
[2025-03-31T13:09:17.998+0530] {logging_mixin.py:190} INFO - [2025-03-31T13:09:17.997+0530] {dagbag.py:588} INFO - Filling up the DagBag from /home/pranav_shirali/airflow-project/airflow-env/lib/python3.10/site-packages/airflow/example_dags/example_nested_branch_dag.py
[2025-03-31T13:09:18.005+0530] {processor.py:925} INFO - DAG(s) 'example_nested_branch_dag' retrieved from /home/pranav_shirali/airflow-project/airflow-env/lib/python3.10/site-packages/airflow/example_dags/example_nested_branch_dag.py
[2025-03-31T13:09:18.017+0530] {logging_mixin.py:190} INFO - [2025-03-31T13:09:18.017+0530] {dag.py:3239} INFO - Sync 1 DAGs
[2025-03-31T13:09:18.032+0530] {logging_mixin.py:190} INFO - [2025-03-31T13:09:18.032+0530] {dag.py:4180} INFO - Setting next_dagrun for example_nested_branch_dag to 2025-03-30 00:00:00+00:00, run_after=2025-03-31 00:00:00+00:00
[2025-03-31T13:09:18.045+0530] {processor.py:208} INFO - Processing /home/pranav_shirali/airflow-project/airflow-env/lib/python3.10/site-packages/airflow/example_dags/example_nested_branch_dag.py took 0.055 seconds
[2025-03-31T13:10:16.835+0530] {processor.py:186} INFO - Started process (PID=9351) to work on /home/pranav_shirali/airflow-project/airflow-env/lib/python3.10/site-packages/airflow/example_dags/example_nested_branch_dag.py
[2025-03-31T13:10:16.837+0530] {processor.py:914} INFO - Processing file /home/pranav_shirali/airflow-project/airflow-env/lib/python3.10/site-packages/airflow/example_dags/example_nested_branch_dag.py for tasks to queue
[2025-03-31T13:10:16.839+0530] {logging_mixin.py:190} INFO - [2025-03-31T13:10:16.838+0530] {dagbag.py:588} INFO - Filling up the DagBag from /home/pranav_shirali/airflow-project/airflow-env/lib/python3.10/site-packages/airflow/example_dags/example_nested_branch_dag.py
[2025-03-31T13:10:16.848+0530] {processor.py:925} INFO - DAG(s) 'example_nested_branch_dag' retrieved from /home/pranav_shirali/airflow-project/airflow-env/lib/python3.10/site-packages/airflow/example_dags/example_nested_branch_dag.py
[2025-03-31T13:10:16.860+0530] {logging_mixin.py:190} INFO - [2025-03-31T13:10:16.860+0530] {dag.py:3239} INFO - Sync 1 DAGs
[2025-03-31T13:10:16.876+0530] {logging_mixin.py:190} INFO - [2025-03-31T13:10:16.876+0530] {dag.py:4180} INFO - Setting next_dagrun for example_nested_branch_dag to 2025-03-30 00:00:00+00:00, run_after=2025-03-31 00:00:00+00:00
[2025-03-31T13:10:16.892+0530] {processor.py:208} INFO - Processing /home/pranav_shirali/airflow-project/airflow-env/lib/python3.10/site-packages/airflow/example_dags/example_nested_branch_dag.py took 0.062 seconds
[2025-03-31T13:11:12.269+0530] {processor.py:186} INFO - Started process (PID=9562) to work on /home/pranav_shirali/airflow-project/airflow-env/lib/python3.10/site-packages/airflow/example_dags/example_nested_branch_dag.py
[2025-03-31T13:11:12.271+0530] {processor.py:914} INFO - Processing file /home/pranav_shirali/airflow-project/airflow-env/lib/python3.10/site-packages/airflow/example_dags/example_nested_branch_dag.py for tasks to queue
[2025-03-31T13:11:12.274+0530] {logging_mixin.py:190} INFO - [2025-03-31T13:11:12.274+0530] {dagbag.py:588} INFO - Filling up the DagBag from /home/pranav_shirali/airflow-project/airflow-env/lib/python3.10/site-packages/airflow/example_dags/example_nested_branch_dag.py
[2025-03-31T13:11:12.282+0530] {processor.py:925} INFO - DAG(s) 'example_nested_branch_dag' retrieved from /home/pranav_shirali/airflow-project/airflow-env/lib/python3.10/site-packages/airflow/example_dags/example_nested_branch_dag.py
[2025-03-31T13:11:12.294+0530] {logging_mixin.py:190} INFO - [2025-03-31T13:11:12.294+0530] {dag.py:3239} INFO - Sync 1 DAGs
[2025-03-31T13:11:12.309+0530] {logging_mixin.py:190} INFO - [2025-03-31T13:11:12.309+0530] {dag.py:4180} INFO - Setting next_dagrun for example_nested_branch_dag to 2025-03-30 00:00:00+00:00, run_after=2025-03-31 00:00:00+00:00
[2025-03-31T13:11:12.325+0530] {processor.py:208} INFO - Processing /home/pranav_shirali/airflow-project/airflow-env/lib/python3.10/site-packages/airflow/example_dags/example_nested_branch_dag.py took 0.060 seconds
[2025-03-31T13:12:05.154+0530] {processor.py:186} INFO - Started process (PID=9802) to work on /home/pranav_shirali/airflow-project/airflow-env/lib/python3.10/site-packages/airflow/example_dags/example_nested_branch_dag.py
[2025-03-31T13:12:05.156+0530] {processor.py:914} INFO - Processing file /home/pranav_shirali/airflow-project/airflow-env/lib/python3.10/site-packages/airflow/example_dags/example_nested_branch_dag.py for tasks to queue
[2025-03-31T13:12:05.158+0530] {logging_mixin.py:190} INFO - [2025-03-31T13:12:05.157+0530] {dagbag.py:588} INFO - Filling up the DagBag from /home/pranav_shirali/airflow-project/airflow-env/lib/python3.10/site-packages/airflow/example_dags/example_nested_branch_dag.py
[2025-03-31T13:12:05.167+0530] {processor.py:925} INFO - DAG(s) 'example_nested_branch_dag' retrieved from /home/pranav_shirali/airflow-project/airflow-env/lib/python3.10/site-packages/airflow/example_dags/example_nested_branch_dag.py
[2025-03-31T13:12:05.179+0530] {logging_mixin.py:190} INFO - [2025-03-31T13:12:05.179+0530] {dag.py:3239} INFO - Sync 1 DAGs
[2025-03-31T13:12:05.194+0530] {logging_mixin.py:190} INFO - [2025-03-31T13:12:05.194+0530] {dag.py:4180} INFO - Setting next_dagrun for example_nested_branch_dag to 2025-03-30 00:00:00+00:00, run_after=2025-03-31 00:00:00+00:00
[2025-03-31T13:12:05.210+0530] {processor.py:208} INFO - Processing /home/pranav_shirali/airflow-project/airflow-env/lib/python3.10/site-packages/airflow/example_dags/example_nested_branch_dag.py took 0.062 seconds
[2025-03-31T13:13:01.580+0530] {processor.py:186} INFO - Started process (PID=10020) to work on /home/pranav_shirali/airflow-project/airflow-env/lib/python3.10/site-packages/airflow/example_dags/example_nested_branch_dag.py
[2025-03-31T13:13:01.581+0530] {processor.py:914} INFO - Processing file /home/pranav_shirali/airflow-project/airflow-env/lib/python3.10/site-packages/airflow/example_dags/example_nested_branch_dag.py for tasks to queue
[2025-03-31T13:13:01.583+0530] {logging_mixin.py:190} INFO - [2025-03-31T13:13:01.583+0530] {dagbag.py:588} INFO - Filling up the DagBag from /home/pranav_shirali/airflow-project/airflow-env/lib/python3.10/site-packages/airflow/example_dags/example_nested_branch_dag.py
[2025-03-31T13:13:01.592+0530] {processor.py:925} INFO - DAG(s) 'example_nested_branch_dag' retrieved from /home/pranav_shirali/airflow-project/airflow-env/lib/python3.10/site-packages/airflow/example_dags/example_nested_branch_dag.py
[2025-03-31T13:13:01.603+0530] {logging_mixin.py:190} INFO - [2025-03-31T13:13:01.603+0530] {dag.py:3239} INFO - Sync 1 DAGs
[2025-03-31T13:13:01.619+0530] {logging_mixin.py:190} INFO - [2025-03-31T13:13:01.619+0530] {dag.py:4180} INFO - Setting next_dagrun for example_nested_branch_dag to 2025-03-30 00:00:00+00:00, run_after=2025-03-31 00:00:00+00:00
[2025-03-31T13:13:01.632+0530] {processor.py:208} INFO - Processing /home/pranav_shirali/airflow-project/airflow-env/lib/python3.10/site-packages/airflow/example_dags/example_nested_branch_dag.py took 0.056 seconds
[2025-03-31T13:13:54.209+0530] {processor.py:186} INFO - Started process (PID=10499) to work on /home/pranav_shirali/airflow-project/airflow-env/lib/python3.10/site-packages/airflow/example_dags/example_nested_branch_dag.py
[2025-03-31T13:13:54.210+0530] {processor.py:914} INFO - Processing file /home/pranav_shirali/airflow-project/airflow-env/lib/python3.10/site-packages/airflow/example_dags/example_nested_branch_dag.py for tasks to queue
[2025-03-31T13:13:54.213+0530] {logging_mixin.py:190} INFO - [2025-03-31T13:13:54.212+0530] {dagbag.py:588} INFO - Filling up the DagBag from /home/pranav_shirali/airflow-project/airflow-env/lib/python3.10/site-packages/airflow/example_dags/example_nested_branch_dag.py
[2025-03-31T13:13:54.221+0530] {processor.py:925} INFO - DAG(s) 'example_nested_branch_dag' retrieved from /home/pranav_shirali/airflow-project/airflow-env/lib/python3.10/site-packages/airflow/example_dags/example_nested_branch_dag.py
[2025-03-31T13:13:54.234+0530] {logging_mixin.py:190} INFO - [2025-03-31T13:13:54.233+0530] {dag.py:3239} INFO - Sync 1 DAGs
[2025-03-31T13:13:54.248+0530] {logging_mixin.py:190} INFO - [2025-03-31T13:13:54.248+0530] {dag.py:4180} INFO - Setting next_dagrun for example_nested_branch_dag to 2025-03-30 00:00:00+00:00, run_after=2025-03-31 00:00:00+00:00
[2025-03-31T13:13:54.264+0530] {processor.py:208} INFO - Processing /home/pranav_shirali/airflow-project/airflow-env/lib/python3.10/site-packages/airflow/example_dags/example_nested_branch_dag.py took 0.059 seconds
[2025-03-31T13:14:52.801+0530] {processor.py:186} INFO - Started process (PID=11025) to work on /home/pranav_shirali/airflow-project/airflow-env/lib/python3.10/site-packages/airflow/example_dags/example_nested_branch_dag.py
[2025-03-31T13:14:52.803+0530] {processor.py:914} INFO - Processing file /home/pranav_shirali/airflow-project/airflow-env/lib/python3.10/site-packages/airflow/example_dags/example_nested_branch_dag.py for tasks to queue
[2025-03-31T13:14:52.805+0530] {logging_mixin.py:190} INFO - [2025-03-31T13:14:52.805+0530] {dagbag.py:588} INFO - Filling up the DagBag from /home/pranav_shirali/airflow-project/airflow-env/lib/python3.10/site-packages/airflow/example_dags/example_nested_branch_dag.py
[2025-03-31T13:14:52.815+0530] {processor.py:925} INFO - DAG(s) 'example_nested_branch_dag' retrieved from /home/pranav_shirali/airflow-project/airflow-env/lib/python3.10/site-packages/airflow/example_dags/example_nested_branch_dag.py
[2025-03-31T13:14:52.828+0530] {logging_mixin.py:190} INFO - [2025-03-31T13:14:52.828+0530] {dag.py:3239} INFO - Sync 1 DAGs
[2025-03-31T13:14:52.844+0530] {logging_mixin.py:190} INFO - [2025-03-31T13:14:52.844+0530] {dag.py:4180} INFO - Setting next_dagrun for example_nested_branch_dag to 2025-03-30 00:00:00+00:00, run_after=2025-03-31 00:00:00+00:00
[2025-03-31T13:14:52.862+0530] {processor.py:208} INFO - Processing /home/pranav_shirali/airflow-project/airflow-env/lib/python3.10/site-packages/airflow/example_dags/example_nested_branch_dag.py took 0.066 seconds
[2025-03-31T13:15:55.656+0530] {processor.py:186} INFO - Started process (PID=11649) to work on /home/pranav_shirali/airflow-project/airflow-env/lib/python3.10/site-packages/airflow/example_dags/example_nested_branch_dag.py
[2025-03-31T13:15:55.664+0530] {processor.py:914} INFO - Processing file /home/pranav_shirali/airflow-project/airflow-env/lib/python3.10/site-packages/airflow/example_dags/example_nested_branch_dag.py for tasks to queue
[2025-03-31T13:15:55.666+0530] {logging_mixin.py:190} INFO - [2025-03-31T13:15:55.665+0530] {dagbag.py:588} INFO - Filling up the DagBag from /home/pranav_shirali/airflow-project/airflow-env/lib/python3.10/site-packages/airflow/example_dags/example_nested_branch_dag.py
[2025-03-31T13:15:55.673+0530] {processor.py:925} INFO - DAG(s) 'example_nested_branch_dag' retrieved from /home/pranav_shirali/airflow-project/airflow-env/lib/python3.10/site-packages/airflow/example_dags/example_nested_branch_dag.py
[2025-03-31T13:15:55.684+0530] {logging_mixin.py:190} INFO - [2025-03-31T13:15:55.684+0530] {dag.py:3239} INFO - Sync 1 DAGs
[2025-03-31T13:15:55.698+0530] {logging_mixin.py:190} INFO - [2025-03-31T13:15:55.697+0530] {dag.py:4180} INFO - Setting next_dagrun for example_nested_branch_dag to 2025-03-30 00:00:00+00:00, run_after=2025-03-31 00:00:00+00:00
[2025-03-31T13:15:55.711+0530] {processor.py:208} INFO - Processing /home/pranav_shirali/airflow-project/airflow-env/lib/python3.10/site-packages/airflow/example_dags/example_nested_branch_dag.py took 0.059 seconds
[2025-03-31T13:16:55.484+0530] {processor.py:186} INFO - Started process (PID=12201) to work on /home/pranav_shirali/airflow-project/airflow-env/lib/python3.10/site-packages/airflow/example_dags/example_nested_branch_dag.py
[2025-03-31T13:16:55.485+0530] {processor.py:914} INFO - Processing file /home/pranav_shirali/airflow-project/airflow-env/lib/python3.10/site-packages/airflow/example_dags/example_nested_branch_dag.py for tasks to queue
[2025-03-31T13:16:55.486+0530] {logging_mixin.py:190} INFO - [2025-03-31T13:16:55.486+0530] {dagbag.py:588} INFO - Filling up the DagBag from /home/pranav_shirali/airflow-project/airflow-env/lib/python3.10/site-packages/airflow/example_dags/example_nested_branch_dag.py
[2025-03-31T13:16:55.500+0530] {processor.py:925} INFO - DAG(s) 'example_nested_branch_dag' retrieved from /home/pranav_shirali/airflow-project/airflow-env/lib/python3.10/site-packages/airflow/example_dags/example_nested_branch_dag.py
[2025-03-31T13:16:55.519+0530] {logging_mixin.py:190} INFO - [2025-03-31T13:16:55.518+0530] {dag.py:3239} INFO - Sync 1 DAGs
[2025-03-31T13:16:55.539+0530] {logging_mixin.py:190} INFO - [2025-03-31T13:16:55.539+0530] {dag.py:4180} INFO - Setting next_dagrun for example_nested_branch_dag to 2025-03-30 00:00:00+00:00, run_after=2025-03-31 00:00:00+00:00
[2025-03-31T13:16:55.556+0530] {processor.py:208} INFO - Processing /home/pranav_shirali/airflow-project/airflow-env/lib/python3.10/site-packages/airflow/example_dags/example_nested_branch_dag.py took 0.076 seconds
[2025-03-31T13:17:49.256+0530] {processor.py:186} INFO - Started process (PID=12570) to work on /home/pranav_shirali/airflow-project/airflow-env/lib/python3.10/site-packages/airflow/example_dags/example_nested_branch_dag.py
[2025-03-31T13:17:49.259+0530] {processor.py:914} INFO - Processing file /home/pranav_shirali/airflow-project/airflow-env/lib/python3.10/site-packages/airflow/example_dags/example_nested_branch_dag.py for tasks to queue
[2025-03-31T13:17:49.260+0530] {logging_mixin.py:190} INFO - [2025-03-31T13:17:49.260+0530] {dagbag.py:588} INFO - Filling up the DagBag from /home/pranav_shirali/airflow-project/airflow-env/lib/python3.10/site-packages/airflow/example_dags/example_nested_branch_dag.py
[2025-03-31T13:17:49.271+0530] {processor.py:925} INFO - DAG(s) 'example_nested_branch_dag' retrieved from /home/pranav_shirali/airflow-project/airflow-env/lib/python3.10/site-packages/airflow/example_dags/example_nested_branch_dag.py
[2025-03-31T13:17:49.284+0530] {logging_mixin.py:190} INFO - [2025-03-31T13:17:49.284+0530] {dag.py:3239} INFO - Sync 1 DAGs
[2025-03-31T13:17:49.298+0530] {logging_mixin.py:190} INFO - [2025-03-31T13:17:49.298+0530] {dag.py:4180} INFO - Setting next_dagrun for example_nested_branch_dag to 2025-03-30 00:00:00+00:00, run_after=2025-03-31 00:00:00+00:00
[2025-03-31T13:17:49.314+0530] {processor.py:208} INFO - Processing /home/pranav_shirali/airflow-project/airflow-env/lib/python3.10/site-packages/airflow/example_dags/example_nested_branch_dag.py took 0.062 seconds
