[2025-03-31T13:07:30.944+0530] {processor.py:186} INFO - Started process (PID=8541) to work on /home/pranav_shirali/airflow-project/airflow-env/lib/python3.10/site-packages/airflow/example_dags/example_branch_day_of_week_operator.py
[2025-03-31T13:07:30.944+0530] {processor.py:914} INFO - Processing file /home/pranav_shirali/airflow-project/airflow-env/lib/python3.10/site-packages/airflow/example_dags/example_branch_day_of_week_operator.py for tasks to queue
[2025-03-31T13:07:30.945+0530] {logging_mixin.py:190} INFO - [2025-03-31T13:07:30.945+0530] {dagbag.py:588} INFO - Filling up the DagBag from /home/pranav_shirali/airflow-project/airflow-env/lib/python3.10/site-packages/airflow/example_dags/example_branch_day_of_week_operator.py
[2025-03-31T13:07:30.952+0530] {processor.py:925} INFO - DAG(s) 'example_weekday_branch_operator' retrieved from /home/pranav_shirali/airflow-project/airflow-env/lib/python3.10/site-packages/airflow/example_dags/example_branch_day_of_week_operator.py
[2025-03-31T13:07:30.963+0530] {logging_mixin.py:190} INFO - [2025-03-31T13:07:30.963+0530] {dag.py:3239} INFO - Sync 1 DAGs
[2025-03-31T13:07:30.975+0530] {logging_mixin.py:190} INFO - [2025-03-31T13:07:30.975+0530] {dag.py:4180} INFO - Setting next_dagrun for example_weekday_branch_operator to 2025-03-30 00:00:00+00:00, run_after=2025-03-31 00:00:00+00:00
[2025-03-31T13:07:30.990+0530] {processor.py:208} INFO - Processing /home/pranav_shirali/airflow-project/airflow-env/lib/python3.10/site-packages/airflow/example_dags/example_branch_day_of_week_operator.py took 0.050 seconds
[2025-03-31T13:08:35.907+0530] {processor.py:186} INFO - Started process (PID=8896) to work on /home/pranav_shirali/airflow-project/airflow-env/lib/python3.10/site-packages/airflow/example_dags/example_branch_day_of_week_operator.py
[2025-03-31T13:08:35.908+0530] {processor.py:914} INFO - Processing file /home/pranav_shirali/airflow-project/airflow-env/lib/python3.10/site-packages/airflow/example_dags/example_branch_day_of_week_operator.py for tasks to queue
[2025-03-31T13:08:35.910+0530] {logging_mixin.py:190} INFO - [2025-03-31T13:08:35.909+0530] {dagbag.py:588} INFO - Filling up the DagBag from /home/pranav_shirali/airflow-project/airflow-env/lib/python3.10/site-packages/airflow/example_dags/example_branch_day_of_week_operator.py
[2025-03-31T13:08:35.918+0530] {processor.py:925} INFO - DAG(s) 'example_weekday_branch_operator' retrieved from /home/pranav_shirali/airflow-project/airflow-env/lib/python3.10/site-packages/airflow/example_dags/example_branch_day_of_week_operator.py
[2025-03-31T13:08:35.930+0530] {logging_mixin.py:190} INFO - [2025-03-31T13:08:35.930+0530] {dag.py:3239} INFO - Sync 1 DAGs
[2025-03-31T13:08:35.945+0530] {logging_mixin.py:190} INFO - [2025-03-31T13:08:35.945+0530] {dag.py:4180} INFO - Setting next_dagrun for example_weekday_branch_operator to 2025-03-30 00:00:00+00:00, run_after=2025-03-31 00:00:00+00:00
[2025-03-31T13:08:35.963+0530] {processor.py:208} INFO - Processing /home/pranav_shirali/airflow-project/airflow-env/lib/python3.10/site-packages/airflow/example_dags/example_branch_day_of_week_operator.py took 0.062 seconds
[2025-03-31T13:09:37.799+0530] {processor.py:186} INFO - Started process (PID=9196) to work on /home/pranav_shirali/airflow-project/airflow-env/lib/python3.10/site-packages/airflow/example_dags/example_branch_day_of_week_operator.py
[2025-03-31T13:09:37.800+0530] {processor.py:914} INFO - Processing file /home/pranav_shirali/airflow-project/airflow-env/lib/python3.10/site-packages/airflow/example_dags/example_branch_day_of_week_operator.py for tasks to queue
[2025-03-31T13:09:37.801+0530] {logging_mixin.py:190} INFO - [2025-03-31T13:09:37.801+0530] {dagbag.py:588} INFO - Filling up the DagBag from /home/pranav_shirali/airflow-project/airflow-env/lib/python3.10/site-packages/airflow/example_dags/example_branch_day_of_week_operator.py
[2025-03-31T13:09:37.809+0530] {processor.py:925} INFO - DAG(s) 'example_weekday_branch_operator' retrieved from /home/pranav_shirali/airflow-project/airflow-env/lib/python3.10/site-packages/airflow/example_dags/example_branch_day_of_week_operator.py
[2025-03-31T13:09:37.823+0530] {logging_mixin.py:190} INFO - [2025-03-31T13:09:37.823+0530] {dag.py:3239} INFO - Sync 1 DAGs
[2025-03-31T13:09:37.838+0530] {logging_mixin.py:190} INFO - [2025-03-31T13:09:37.837+0530] {dag.py:4180} INFO - Setting next_dagrun for example_weekday_branch_operator to 2025-03-30 00:00:00+00:00, run_after=2025-03-31 00:00:00+00:00
[2025-03-31T13:09:37.852+0530] {processor.py:208} INFO - Processing /home/pranav_shirali/airflow-project/airflow-env/lib/python3.10/site-packages/airflow/example_dags/example_branch_day_of_week_operator.py took 0.057 seconds
[2025-03-31T13:10:32.149+0530] {processor.py:186} INFO - Started process (PID=9415) to work on /home/pranav_shirali/airflow-project/airflow-env/lib/python3.10/site-packages/airflow/example_dags/example_branch_day_of_week_operator.py
[2025-03-31T13:10:32.151+0530] {processor.py:914} INFO - Processing file /home/pranav_shirali/airflow-project/airflow-env/lib/python3.10/site-packages/airflow/example_dags/example_branch_day_of_week_operator.py for tasks to queue
[2025-03-31T13:10:32.153+0530] {logging_mixin.py:190} INFO - [2025-03-31T13:10:32.153+0530] {dagbag.py:588} INFO - Filling up the DagBag from /home/pranav_shirali/airflow-project/airflow-env/lib/python3.10/site-packages/airflow/example_dags/example_branch_day_of_week_operator.py
[2025-03-31T13:10:32.161+0530] {processor.py:925} INFO - DAG(s) 'example_weekday_branch_operator' retrieved from /home/pranav_shirali/airflow-project/airflow-env/lib/python3.10/site-packages/airflow/example_dags/example_branch_day_of_week_operator.py
[2025-03-31T13:10:32.175+0530] {logging_mixin.py:190} INFO - [2025-03-31T13:10:32.175+0530] {dag.py:3239} INFO - Sync 1 DAGs
[2025-03-31T13:10:32.190+0530] {logging_mixin.py:190} INFO - [2025-03-31T13:10:32.190+0530] {dag.py:4180} INFO - Setting next_dagrun for example_weekday_branch_operator to 2025-03-30 00:00:00+00:00, run_after=2025-03-31 00:00:00+00:00
[2025-03-31T13:10:32.206+0530] {processor.py:208} INFO - Processing /home/pranav_shirali/airflow-project/airflow-env/lib/python3.10/site-packages/airflow/example_dags/example_branch_day_of_week_operator.py took 0.060 seconds
[2025-03-31T13:11:28.102+0530] {processor.py:186} INFO - Started process (PID=9626) to work on /home/pranav_shirali/airflow-project/airflow-env/lib/python3.10/site-packages/airflow/example_dags/example_branch_day_of_week_operator.py
[2025-03-31T13:11:28.105+0530] {processor.py:914} INFO - Processing file /home/pranav_shirali/airflow-project/airflow-env/lib/python3.10/site-packages/airflow/example_dags/example_branch_day_of_week_operator.py for tasks to queue
[2025-03-31T13:11:28.108+0530] {logging_mixin.py:190} INFO - [2025-03-31T13:11:28.107+0530] {dagbag.py:588} INFO - Filling up the DagBag from /home/pranav_shirali/airflow-project/airflow-env/lib/python3.10/site-packages/airflow/example_dags/example_branch_day_of_week_operator.py
[2025-03-31T13:11:28.123+0530] {processor.py:925} INFO - DAG(s) 'example_weekday_branch_operator' retrieved from /home/pranav_shirali/airflow-project/airflow-env/lib/python3.10/site-packages/airflow/example_dags/example_branch_day_of_week_operator.py
[2025-03-31T13:11:28.155+0530] {logging_mixin.py:190} INFO - [2025-03-31T13:11:28.155+0530] {dag.py:3239} INFO - Sync 1 DAGs
[2025-03-31T13:11:28.174+0530] {logging_mixin.py:190} INFO - [2025-03-31T13:11:28.174+0530] {dag.py:4180} INFO - Setting next_dagrun for example_weekday_branch_operator to 2025-03-30 00:00:00+00:00, run_after=2025-03-31 00:00:00+00:00
[2025-03-31T13:11:28.194+0530] {processor.py:208} INFO - Processing /home/pranav_shirali/airflow-project/airflow-env/lib/python3.10/site-packages/airflow/example_dags/example_branch_day_of_week_operator.py took 0.097 seconds
[2025-03-31T13:12:23.833+0530] {processor.py:186} INFO - Started process (PID=9866) to work on /home/pranav_shirali/airflow-project/airflow-env/lib/python3.10/site-packages/airflow/example_dags/example_branch_day_of_week_operator.py
[2025-03-31T13:12:23.834+0530] {processor.py:914} INFO - Processing file /home/pranav_shirali/airflow-project/airflow-env/lib/python3.10/site-packages/airflow/example_dags/example_branch_day_of_week_operator.py for tasks to queue
[2025-03-31T13:12:23.836+0530] {logging_mixin.py:190} INFO - [2025-03-31T13:12:23.835+0530] {dagbag.py:588} INFO - Filling up the DagBag from /home/pranav_shirali/airflow-project/airflow-env/lib/python3.10/site-packages/airflow/example_dags/example_branch_day_of_week_operator.py
[2025-03-31T13:12:23.843+0530] {processor.py:925} INFO - DAG(s) 'example_weekday_branch_operator' retrieved from /home/pranav_shirali/airflow-project/airflow-env/lib/python3.10/site-packages/airflow/example_dags/example_branch_day_of_week_operator.py
[2025-03-31T13:12:23.856+0530] {logging_mixin.py:190} INFO - [2025-03-31T13:12:23.856+0530] {dag.py:3239} INFO - Sync 1 DAGs
[2025-03-31T13:12:23.875+0530] {logging_mixin.py:190} INFO - [2025-03-31T13:12:23.875+0530] {dag.py:4180} INFO - Setting next_dagrun for example_weekday_branch_operator to 2025-03-30 00:00:00+00:00, run_after=2025-03-31 00:00:00+00:00
[2025-03-31T13:12:23.892+0530] {processor.py:208} INFO - Processing /home/pranav_shirali/airflow-project/airflow-env/lib/python3.10/site-packages/airflow/example_dags/example_branch_day_of_week_operator.py took 0.064 seconds
[2025-03-31T13:13:15.667+0530] {processor.py:186} INFO - Started process (PID=10150) to work on /home/pranav_shirali/airflow-project/airflow-env/lib/python3.10/site-packages/airflow/example_dags/example_branch_day_of_week_operator.py
[2025-03-31T13:13:15.668+0530] {processor.py:914} INFO - Processing file /home/pranav_shirali/airflow-project/airflow-env/lib/python3.10/site-packages/airflow/example_dags/example_branch_day_of_week_operator.py for tasks to queue
[2025-03-31T13:13:15.669+0530] {logging_mixin.py:190} INFO - [2025-03-31T13:13:15.669+0530] {dagbag.py:588} INFO - Filling up the DagBag from /home/pranav_shirali/airflow-project/airflow-env/lib/python3.10/site-packages/airflow/example_dags/example_branch_day_of_week_operator.py
[2025-03-31T13:13:15.676+0530] {processor.py:925} INFO - DAG(s) 'example_weekday_branch_operator' retrieved from /home/pranav_shirali/airflow-project/airflow-env/lib/python3.10/site-packages/airflow/example_dags/example_branch_day_of_week_operator.py
[2025-03-31T13:13:15.687+0530] {logging_mixin.py:190} INFO - [2025-03-31T13:13:15.687+0530] {dag.py:3239} INFO - Sync 1 DAGs
[2025-03-31T13:13:15.700+0530] {logging_mixin.py:190} INFO - [2025-03-31T13:13:15.700+0530] {dag.py:4180} INFO - Setting next_dagrun for example_weekday_branch_operator to 2025-03-30 00:00:00+00:00, run_after=2025-03-31 00:00:00+00:00
[2025-03-31T13:13:15.714+0530] {processor.py:208} INFO - Processing /home/pranav_shirali/airflow-project/airflow-env/lib/python3.10/site-packages/airflow/example_dags/example_branch_day_of_week_operator.py took 0.052 seconds
[2025-03-31T13:14:10.729+0530] {processor.py:186} INFO - Started process (PID=10621) to work on /home/pranav_shirali/airflow-project/airflow-env/lib/python3.10/site-packages/airflow/example_dags/example_branch_day_of_week_operator.py
[2025-03-31T13:14:10.731+0530] {processor.py:914} INFO - Processing file /home/pranav_shirali/airflow-project/airflow-env/lib/python3.10/site-packages/airflow/example_dags/example_branch_day_of_week_operator.py for tasks to queue
[2025-03-31T13:14:10.732+0530] {logging_mixin.py:190} INFO - [2025-03-31T13:14:10.732+0530] {dagbag.py:588} INFO - Filling up the DagBag from /home/pranav_shirali/airflow-project/airflow-env/lib/python3.10/site-packages/airflow/example_dags/example_branch_day_of_week_operator.py
[2025-03-31T13:14:10.740+0530] {processor.py:925} INFO - DAG(s) 'example_weekday_branch_operator' retrieved from /home/pranav_shirali/airflow-project/airflow-env/lib/python3.10/site-packages/airflow/example_dags/example_branch_day_of_week_operator.py
[2025-03-31T13:14:10.752+0530] {logging_mixin.py:190} INFO - [2025-03-31T13:14:10.752+0530] {dag.py:3239} INFO - Sync 1 DAGs
[2025-03-31T13:14:10.768+0530] {logging_mixin.py:190} INFO - [2025-03-31T13:14:10.768+0530] {dag.py:4180} INFO - Setting next_dagrun for example_weekday_branch_operator to 2025-03-30 00:00:00+00:00, run_after=2025-03-31 00:00:00+00:00
[2025-03-31T13:14:10.781+0530] {processor.py:208} INFO - Processing /home/pranav_shirali/airflow-project/airflow-env/lib/python3.10/site-packages/airflow/example_dags/example_branch_day_of_week_operator.py took 0.056 seconds
[2025-03-31T13:15:11.320+0530] {processor.py:186} INFO - Started process (PID=11166) to work on /home/pranav_shirali/airflow-project/airflow-env/lib/python3.10/site-packages/airflow/example_dags/example_branch_day_of_week_operator.py
[2025-03-31T13:15:11.323+0530] {processor.py:914} INFO - Processing file /home/pranav_shirali/airflow-project/airflow-env/lib/python3.10/site-packages/airflow/example_dags/example_branch_day_of_week_operator.py for tasks to queue
[2025-03-31T13:15:11.324+0530] {logging_mixin.py:190} INFO - [2025-03-31T13:15:11.324+0530] {dagbag.py:588} INFO - Filling up the DagBag from /home/pranav_shirali/airflow-project/airflow-env/lib/python3.10/site-packages/airflow/example_dags/example_branch_day_of_week_operator.py
[2025-03-31T13:15:11.332+0530] {processor.py:925} INFO - DAG(s) 'example_weekday_branch_operator' retrieved from /home/pranav_shirali/airflow-project/airflow-env/lib/python3.10/site-packages/airflow/example_dags/example_branch_day_of_week_operator.py
[2025-03-31T13:15:11.346+0530] {logging_mixin.py:190} INFO - [2025-03-31T13:15:11.345+0530] {dag.py:3239} INFO - Sync 1 DAGs
[2025-03-31T13:15:11.363+0530] {logging_mixin.py:190} INFO - [2025-03-31T13:15:11.363+0530] {dag.py:4180} INFO - Setting next_dagrun for example_weekday_branch_operator to 2025-03-30 00:00:00+00:00, run_after=2025-03-31 00:00:00+00:00
[2025-03-31T13:15:11.380+0530] {processor.py:208} INFO - Processing /home/pranav_shirali/airflow-project/airflow-env/lib/python3.10/site-packages/airflow/example_dags/example_branch_day_of_week_operator.py took 0.065 seconds
[2025-03-31T13:16:11.177+0530] {processor.py:186} INFO - Started process (PID=11800) to work on /home/pranav_shirali/airflow-project/airflow-env/lib/python3.10/site-packages/airflow/example_dags/example_branch_day_of_week_operator.py
[2025-03-31T13:16:11.178+0530] {processor.py:914} INFO - Processing file /home/pranav_shirali/airflow-project/airflow-env/lib/python3.10/site-packages/airflow/example_dags/example_branch_day_of_week_operator.py for tasks to queue
[2025-03-31T13:16:11.179+0530] {logging_mixin.py:190} INFO - [2025-03-31T13:16:11.179+0530] {dagbag.py:588} INFO - Filling up the DagBag from /home/pranav_shirali/airflow-project/airflow-env/lib/python3.10/site-packages/airflow/example_dags/example_branch_day_of_week_operator.py
[2025-03-31T13:16:11.185+0530] {processor.py:925} INFO - DAG(s) 'example_weekday_branch_operator' retrieved from /home/pranav_shirali/airflow-project/airflow-env/lib/python3.10/site-packages/airflow/example_dags/example_branch_day_of_week_operator.py
[2025-03-31T13:16:11.196+0530] {logging_mixin.py:190} INFO - [2025-03-31T13:16:11.196+0530] {dag.py:3239} INFO - Sync 1 DAGs
[2025-03-31T13:16:11.211+0530] {logging_mixin.py:190} INFO - [2025-03-31T13:16:11.211+0530] {dag.py:4180} INFO - Setting next_dagrun for example_weekday_branch_operator to 2025-03-30 00:00:00+00:00, run_after=2025-03-31 00:00:00+00:00
[2025-03-31T13:16:11.226+0530] {processor.py:208} INFO - Processing /home/pranav_shirali/airflow-project/airflow-env/lib/python3.10/site-packages/airflow/example_dags/example_branch_day_of_week_operator.py took 0.053 seconds
[2025-03-31T13:17:10.623+0530] {processor.py:186} INFO - Started process (PID=12262) to work on /home/pranav_shirali/airflow-project/airflow-env/lib/python3.10/site-packages/airflow/example_dags/example_branch_day_of_week_operator.py
[2025-03-31T13:17:10.624+0530] {processor.py:914} INFO - Processing file /home/pranav_shirali/airflow-project/airflow-env/lib/python3.10/site-packages/airflow/example_dags/example_branch_day_of_week_operator.py for tasks to queue
[2025-03-31T13:17:10.626+0530] {logging_mixin.py:190} INFO - [2025-03-31T13:17:10.626+0530] {dagbag.py:588} INFO - Filling up the DagBag from /home/pranav_shirali/airflow-project/airflow-env/lib/python3.10/site-packages/airflow/example_dags/example_branch_day_of_week_operator.py
[2025-03-31T13:17:10.633+0530] {processor.py:925} INFO - DAG(s) 'example_weekday_branch_operator' retrieved from /home/pranav_shirali/airflow-project/airflow-env/lib/python3.10/site-packages/airflow/example_dags/example_branch_day_of_week_operator.py
[2025-03-31T13:17:10.644+0530] {logging_mixin.py:190} INFO - [2025-03-31T13:17:10.644+0530] {dag.py:3239} INFO - Sync 1 DAGs
[2025-03-31T13:17:10.657+0530] {logging_mixin.py:190} INFO - [2025-03-31T13:17:10.657+0530] {dag.py:4180} INFO - Setting next_dagrun for example_weekday_branch_operator to 2025-03-30 00:00:00+00:00, run_after=2025-03-31 00:00:00+00:00
[2025-03-31T13:17:10.672+0530] {processor.py:208} INFO - Processing /home/pranav_shirali/airflow-project/airflow-env/lib/python3.10/site-packages/airflow/example_dags/example_branch_day_of_week_operator.py took 0.052 seconds
