[2025-03-31T13:07:26.946+0530] {processor.py:186} INFO - Started process (PID=8456) to work on /home/pranav_shirali/airflow-project/airflow-env/lib/python3.10/site-packages/airflow/example_dags/example_dag_decorator.py
[2025-03-31T13:07:26.947+0530] {processor.py:914} INFO - Processing file /home/pranav_shirali/airflow-project/airflow-env/lib/python3.10/site-packages/airflow/example_dags/example_dag_decorator.py for tasks to queue
[2025-03-31T13:07:26.948+0530] {logging_mixin.py:190} INFO - [2025-03-31T13:07:26.948+0530] {dagbag.py:588} INFO - Filling up the DagBag from /home/pranav_shirali/airflow-project/airflow-env/lib/python3.10/site-packages/airflow/example_dags/example_dag_decorator.py
[2025-03-31T13:07:26.956+0530] {processor.py:925} INFO - DAG(s) 'example_dag_decorator' retrieved from /home/pranav_shirali/airflow-project/airflow-env/lib/python3.10/site-packages/airflow/example_dags/example_dag_decorator.py
[2025-03-31T13:07:27.029+0530] {logging_mixin.py:190} INFO - [2025-03-31T13:07:27.028+0530] {dag.py:3239} INFO - Sync 1 DAGs
[2025-03-31T13:07:27.035+0530] {logging_mixin.py:190} INFO - [2025-03-31T13:07:27.035+0530] {dag.py:4180} INFO - Setting next_dagrun for example_dag_decorator to None, run_after=None
[2025-03-31T13:07:27.051+0530] {processor.py:208} INFO - Processing /home/pranav_shirali/airflow-project/airflow-env/lib/python3.10/site-packages/airflow/example_dags/example_dag_decorator.py took 0.110 seconds
[2025-03-31T13:08:33.041+0530] {processor.py:186} INFO - Started process (PID=8863) to work on /home/pranav_shirali/airflow-project/airflow-env/lib/python3.10/site-packages/airflow/example_dags/example_dag_decorator.py
[2025-03-31T13:08:33.044+0530] {processor.py:914} INFO - Processing file /home/pranav_shirali/airflow-project/airflow-env/lib/python3.10/site-packages/airflow/example_dags/example_dag_decorator.py for tasks to queue
[2025-03-31T13:08:33.046+0530] {logging_mixin.py:190} INFO - [2025-03-31T13:08:33.045+0530] {dagbag.py:588} INFO - Filling up the DagBag from /home/pranav_shirali/airflow-project/airflow-env/lib/python3.10/site-packages/airflow/example_dags/example_dag_decorator.py
[2025-03-31T13:08:33.054+0530] {processor.py:925} INFO - DAG(s) 'example_dag_decorator' retrieved from /home/pranav_shirali/airflow-project/airflow-env/lib/python3.10/site-packages/airflow/example_dags/example_dag_decorator.py
[2025-03-31T13:08:33.126+0530] {logging_mixin.py:190} INFO - [2025-03-31T13:08:33.126+0530] {dag.py:3239} INFO - Sync 1 DAGs
[2025-03-31T13:08:33.133+0530] {logging_mixin.py:190} INFO - [2025-03-31T13:08:33.133+0530] {dag.py:4180} INFO - Setting next_dagrun for example_dag_decorator to None, run_after=None
[2025-03-31T13:08:33.150+0530] {processor.py:208} INFO - Processing /home/pranav_shirali/airflow-project/airflow-env/lib/python3.10/site-packages/airflow/example_dags/example_dag_decorator.py took 0.112 seconds
[2025-03-31T13:09:33.146+0530] {processor.py:186} INFO - Started process (PID=9180) to work on /home/pranav_shirali/airflow-project/airflow-env/lib/python3.10/site-packages/airflow/example_dags/example_dag_decorator.py
[2025-03-31T13:09:33.148+0530] {processor.py:914} INFO - Processing file /home/pranav_shirali/airflow-project/airflow-env/lib/python3.10/site-packages/airflow/example_dags/example_dag_decorator.py for tasks to queue
[2025-03-31T13:09:33.150+0530] {logging_mixin.py:190} INFO - [2025-03-31T13:09:33.149+0530] {dagbag.py:588} INFO - Filling up the DagBag from /home/pranav_shirali/airflow-project/airflow-env/lib/python3.10/site-packages/airflow/example_dags/example_dag_decorator.py
[2025-03-31T13:09:33.158+0530] {processor.py:925} INFO - DAG(s) 'example_dag_decorator' retrieved from /home/pranav_shirali/airflow-project/airflow-env/lib/python3.10/site-packages/airflow/example_dags/example_dag_decorator.py
[2025-03-31T13:09:33.235+0530] {logging_mixin.py:190} INFO - [2025-03-31T13:09:33.235+0530] {dag.py:3239} INFO - Sync 1 DAGs
[2025-03-31T13:09:33.243+0530] {logging_mixin.py:190} INFO - [2025-03-31T13:09:33.242+0530] {dag.py:4180} INFO - Setting next_dagrun for example_dag_decorator to None, run_after=None
[2025-03-31T13:09:33.261+0530] {processor.py:208} INFO - Processing /home/pranav_shirali/airflow-project/airflow-env/lib/python3.10/site-packages/airflow/example_dags/example_dag_decorator.py took 0.118 seconds
[2025-03-31T13:10:29.396+0530] {processor.py:186} INFO - Started process (PID=9399) to work on /home/pranav_shirali/airflow-project/airflow-env/lib/python3.10/site-packages/airflow/example_dags/example_dag_decorator.py
[2025-03-31T13:10:29.397+0530] {processor.py:914} INFO - Processing file /home/pranav_shirali/airflow-project/airflow-env/lib/python3.10/site-packages/airflow/example_dags/example_dag_decorator.py for tasks to queue
[2025-03-31T13:10:29.400+0530] {logging_mixin.py:190} INFO - [2025-03-31T13:10:29.400+0530] {dagbag.py:588} INFO - Filling up the DagBag from /home/pranav_shirali/airflow-project/airflow-env/lib/python3.10/site-packages/airflow/example_dags/example_dag_decorator.py
[2025-03-31T13:10:29.412+0530] {processor.py:925} INFO - DAG(s) 'example_dag_decorator' retrieved from /home/pranav_shirali/airflow-project/airflow-env/lib/python3.10/site-packages/airflow/example_dags/example_dag_decorator.py
[2025-03-31T13:10:29.487+0530] {logging_mixin.py:190} INFO - [2025-03-31T13:10:29.486+0530] {dag.py:3239} INFO - Sync 1 DAGs
[2025-03-31T13:10:29.497+0530] {logging_mixin.py:190} INFO - [2025-03-31T13:10:29.497+0530] {dag.py:4180} INFO - Setting next_dagrun for example_dag_decorator to None, run_after=None
[2025-03-31T13:10:29.515+0530] {processor.py:208} INFO - Processing /home/pranav_shirali/airflow-project/airflow-env/lib/python3.10/site-packages/airflow/example_dags/example_dag_decorator.py took 0.125 seconds
[2025-03-31T13:11:24.292+0530] {processor.py:186} INFO - Started process (PID=9610) to work on /home/pranav_shirali/airflow-project/airflow-env/lib/python3.10/site-packages/airflow/example_dags/example_dag_decorator.py
[2025-03-31T13:11:24.294+0530] {processor.py:914} INFO - Processing file /home/pranav_shirali/airflow-project/airflow-env/lib/python3.10/site-packages/airflow/example_dags/example_dag_decorator.py for tasks to queue
[2025-03-31T13:11:24.295+0530] {logging_mixin.py:190} INFO - [2025-03-31T13:11:24.295+0530] {dagbag.py:588} INFO - Filling up the DagBag from /home/pranav_shirali/airflow-project/airflow-env/lib/python3.10/site-packages/airflow/example_dags/example_dag_decorator.py
[2025-03-31T13:11:24.304+0530] {processor.py:925} INFO - DAG(s) 'example_dag_decorator' retrieved from /home/pranav_shirali/airflow-project/airflow-env/lib/python3.10/site-packages/airflow/example_dags/example_dag_decorator.py
[2025-03-31T13:11:24.368+0530] {logging_mixin.py:190} INFO - [2025-03-31T13:11:24.368+0530] {dag.py:3239} INFO - Sync 1 DAGs
[2025-03-31T13:11:24.380+0530] {logging_mixin.py:190} INFO - [2025-03-31T13:11:24.379+0530] {dag.py:4180} INFO - Setting next_dagrun for example_dag_decorator to None, run_after=None
[2025-03-31T13:11:24.396+0530] {processor.py:208} INFO - Processing /home/pranav_shirali/airflow-project/airflow-env/lib/python3.10/site-packages/airflow/example_dags/example_dag_decorator.py took 0.108 seconds
[2025-03-31T13:12:19.411+0530] {processor.py:186} INFO - Started process (PID=9850) to work on /home/pranav_shirali/airflow-project/airflow-env/lib/python3.10/site-packages/airflow/example_dags/example_dag_decorator.py
[2025-03-31T13:12:19.412+0530] {processor.py:914} INFO - Processing file /home/pranav_shirali/airflow-project/airflow-env/lib/python3.10/site-packages/airflow/example_dags/example_dag_decorator.py for tasks to queue
[2025-03-31T13:12:19.414+0530] {logging_mixin.py:190} INFO - [2025-03-31T13:12:19.413+0530] {dagbag.py:588} INFO - Filling up the DagBag from /home/pranav_shirali/airflow-project/airflow-env/lib/python3.10/site-packages/airflow/example_dags/example_dag_decorator.py
[2025-03-31T13:12:19.424+0530] {processor.py:925} INFO - DAG(s) 'example_dag_decorator' retrieved from /home/pranav_shirali/airflow-project/airflow-env/lib/python3.10/site-packages/airflow/example_dags/example_dag_decorator.py
[2025-03-31T13:12:19.506+0530] {logging_mixin.py:190} INFO - [2025-03-31T13:12:19.506+0530] {dag.py:3239} INFO - Sync 1 DAGs
[2025-03-31T13:12:19.514+0530] {logging_mixin.py:190} INFO - [2025-03-31T13:12:19.514+0530] {dag.py:4180} INFO - Setting next_dagrun for example_dag_decorator to None, run_after=None
[2025-03-31T13:12:19.530+0530] {processor.py:208} INFO - Processing /home/pranav_shirali/airflow-project/airflow-env/lib/python3.10/site-packages/airflow/example_dags/example_dag_decorator.py took 0.124 seconds
[2025-03-31T13:13:11.663+0530] {processor.py:186} INFO - Started process (PID=10100) to work on /home/pranav_shirali/airflow-project/airflow-env/lib/python3.10/site-packages/airflow/example_dags/example_dag_decorator.py
[2025-03-31T13:13:11.665+0530] {processor.py:914} INFO - Processing file /home/pranav_shirali/airflow-project/airflow-env/lib/python3.10/site-packages/airflow/example_dags/example_dag_decorator.py for tasks to queue
[2025-03-31T13:13:11.667+0530] {logging_mixin.py:190} INFO - [2025-03-31T13:13:11.667+0530] {dagbag.py:588} INFO - Filling up the DagBag from /home/pranav_shirali/airflow-project/airflow-env/lib/python3.10/site-packages/airflow/example_dags/example_dag_decorator.py
[2025-03-31T13:13:11.675+0530] {processor.py:925} INFO - DAG(s) 'example_dag_decorator' retrieved from /home/pranav_shirali/airflow-project/airflow-env/lib/python3.10/site-packages/airflow/example_dags/example_dag_decorator.py
[2025-03-31T13:13:11.734+0530] {logging_mixin.py:190} INFO - [2025-03-31T13:13:11.734+0530] {dag.py:3239} INFO - Sync 1 DAGs
[2025-03-31T13:13:11.741+0530] {logging_mixin.py:190} INFO - [2025-03-31T13:13:11.741+0530] {dag.py:4180} INFO - Setting next_dagrun for example_dag_decorator to None, run_after=None
[2025-03-31T13:13:11.755+0530] {processor.py:208} INFO - Processing /home/pranav_shirali/airflow-project/airflow-env/lib/python3.10/site-packages/airflow/example_dags/example_dag_decorator.py took 0.095 seconds
[2025-03-31T13:14:07.870+0530] {processor.py:186} INFO - Started process (PID=10590) to work on /home/pranav_shirali/airflow-project/airflow-env/lib/python3.10/site-packages/airflow/example_dags/example_dag_decorator.py
[2025-03-31T13:14:07.871+0530] {processor.py:914} INFO - Processing file /home/pranav_shirali/airflow-project/airflow-env/lib/python3.10/site-packages/airflow/example_dags/example_dag_decorator.py for tasks to queue
[2025-03-31T13:14:07.873+0530] {logging_mixin.py:190} INFO - [2025-03-31T13:14:07.872+0530] {dagbag.py:588} INFO - Filling up the DagBag from /home/pranav_shirali/airflow-project/airflow-env/lib/python3.10/site-packages/airflow/example_dags/example_dag_decorator.py
[2025-03-31T13:14:07.882+0530] {processor.py:925} INFO - DAG(s) 'example_dag_decorator' retrieved from /home/pranav_shirali/airflow-project/airflow-env/lib/python3.10/site-packages/airflow/example_dags/example_dag_decorator.py
[2025-03-31T13:14:07.952+0530] {logging_mixin.py:190} INFO - [2025-03-31T13:14:07.952+0530] {dag.py:3239} INFO - Sync 1 DAGs
[2025-03-31T13:14:07.960+0530] {logging_mixin.py:190} INFO - [2025-03-31T13:14:07.960+0530] {dag.py:4180} INFO - Setting next_dagrun for example_dag_decorator to None, run_after=None
[2025-03-31T13:14:07.976+0530] {processor.py:208} INFO - Processing /home/pranav_shirali/airflow-project/airflow-env/lib/python3.10/site-packages/airflow/example_dags/example_dag_decorator.py took 0.110 seconds
[2025-03-31T13:15:07.321+0530] {processor.py:186} INFO - Started process (PID=11133) to work on /home/pranav_shirali/airflow-project/airflow-env/lib/python3.10/site-packages/airflow/example_dags/example_dag_decorator.py
[2025-03-31T13:15:07.322+0530] {processor.py:914} INFO - Processing file /home/pranav_shirali/airflow-project/airflow-env/lib/python3.10/site-packages/airflow/example_dags/example_dag_decorator.py for tasks to queue
[2025-03-31T13:15:07.324+0530] {logging_mixin.py:190} INFO - [2025-03-31T13:15:07.323+0530] {dagbag.py:588} INFO - Filling up the DagBag from /home/pranav_shirali/airflow-project/airflow-env/lib/python3.10/site-packages/airflow/example_dags/example_dag_decorator.py
[2025-03-31T13:15:07.332+0530] {processor.py:925} INFO - DAG(s) 'example_dag_decorator' retrieved from /home/pranav_shirali/airflow-project/airflow-env/lib/python3.10/site-packages/airflow/example_dags/example_dag_decorator.py
[2025-03-31T13:15:07.399+0530] {logging_mixin.py:190} INFO - [2025-03-31T13:15:07.399+0530] {dag.py:3239} INFO - Sync 1 DAGs
[2025-03-31T13:15:07.408+0530] {logging_mixin.py:190} INFO - [2025-03-31T13:15:07.408+0530] {dag.py:4180} INFO - Setting next_dagrun for example_dag_decorator to None, run_after=None
[2025-03-31T13:15:07.422+0530] {processor.py:208} INFO - Processing /home/pranav_shirali/airflow-project/airflow-env/lib/python3.10/site-packages/airflow/example_dags/example_dag_decorator.py took 0.106 seconds
[2025-03-31T13:16:06.778+0530] {processor.py:186} INFO - Started process (PID=11754) to work on /home/pranav_shirali/airflow-project/airflow-env/lib/python3.10/site-packages/airflow/example_dags/example_dag_decorator.py
[2025-03-31T13:16:06.780+0530] {processor.py:914} INFO - Processing file /home/pranav_shirali/airflow-project/airflow-env/lib/python3.10/site-packages/airflow/example_dags/example_dag_decorator.py for tasks to queue
[2025-03-31T13:16:06.781+0530] {logging_mixin.py:190} INFO - [2025-03-31T13:16:06.781+0530] {dagbag.py:588} INFO - Filling up the DagBag from /home/pranav_shirali/airflow-project/airflow-env/lib/python3.10/site-packages/airflow/example_dags/example_dag_decorator.py
[2025-03-31T13:16:06.788+0530] {processor.py:925} INFO - DAG(s) 'example_dag_decorator' retrieved from /home/pranav_shirali/airflow-project/airflow-env/lib/python3.10/site-packages/airflow/example_dags/example_dag_decorator.py
[2025-03-31T13:16:06.848+0530] {logging_mixin.py:190} INFO - [2025-03-31T13:16:06.848+0530] {dag.py:3239} INFO - Sync 1 DAGs
[2025-03-31T13:16:06.856+0530] {logging_mixin.py:190} INFO - [2025-03-31T13:16:06.856+0530] {dag.py:4180} INFO - Setting next_dagrun for example_dag_decorator to None, run_after=None
[2025-03-31T13:16:06.870+0530] {processor.py:208} INFO - Processing /home/pranav_shirali/airflow-project/airflow-env/lib/python3.10/site-packages/airflow/example_dags/example_dag_decorator.py took 0.095 seconds
[2025-03-31T13:17:07.197+0530] {processor.py:186} INFO - Started process (PID=12246) to work on /home/pranav_shirali/airflow-project/airflow-env/lib/python3.10/site-packages/airflow/example_dags/example_dag_decorator.py
[2025-03-31T13:17:07.201+0530] {processor.py:914} INFO - Processing file /home/pranav_shirali/airflow-project/airflow-env/lib/python3.10/site-packages/airflow/example_dags/example_dag_decorator.py for tasks to queue
[2025-03-31T13:17:07.202+0530] {logging_mixin.py:190} INFO - [2025-03-31T13:17:07.202+0530] {dagbag.py:588} INFO - Filling up the DagBag from /home/pranav_shirali/airflow-project/airflow-env/lib/python3.10/site-packages/airflow/example_dags/example_dag_decorator.py
[2025-03-31T13:17:07.211+0530] {processor.py:925} INFO - DAG(s) 'example_dag_decorator' retrieved from /home/pranav_shirali/airflow-project/airflow-env/lib/python3.10/site-packages/airflow/example_dags/example_dag_decorator.py
[2025-03-31T13:17:07.276+0530] {logging_mixin.py:190} INFO - [2025-03-31T13:17:07.276+0530] {dag.py:3239} INFO - Sync 1 DAGs
[2025-03-31T13:17:07.282+0530] {logging_mixin.py:190} INFO - [2025-03-31T13:17:07.282+0530] {dag.py:4180} INFO - Setting next_dagrun for example_dag_decorator to None, run_after=None
[2025-03-31T13:17:07.295+0530] {processor.py:208} INFO - Processing /home/pranav_shirali/airflow-project/airflow-env/lib/python3.10/site-packages/airflow/example_dags/example_dag_decorator.py took 0.102 seconds
