[2025-03-31T13:07:07.532+0530] {processor.py:186} INFO - Started process (PID=8258) to work on /home/pranav_shirali/airflow-project/airflow-env/lib/python3.10/site-packages/airflow/example_dags/example_task_group_decorator.py
[2025-03-31T13:07:07.533+0530] {processor.py:914} INFO - Processing file /home/pranav_shirali/airflow-project/airflow-env/lib/python3.10/site-packages/airflow/example_dags/example_task_group_decorator.py for tasks to queue
[2025-03-31T13:07:07.536+0530] {logging_mixin.py:190} INFO - [2025-03-31T13:07:07.535+0530] {dagbag.py:588} INFO - Filling up the DagBag from /home/pranav_shirali/airflow-project/airflow-env/lib/python3.10/site-packages/airflow/example_dags/example_task_group_decorator.py
[2025-03-31T13:07:07.554+0530] {processor.py:925} INFO - DAG(s) 'example_task_group_decorator' retrieved from /home/pranav_shirali/airflow-project/airflow-env/lib/python3.10/site-packages/airflow/example_dags/example_task_group_decorator.py
[2025-03-31T13:07:07.579+0530] {logging_mixin.py:190} INFO - [2025-03-31T13:07:07.579+0530] {dag.py:3239} INFO - Sync 1 DAGs
[2025-03-31T13:07:07.593+0530] {logging_mixin.py:190} INFO - [2025-03-31T13:07:07.593+0530] {dag.py:4180} INFO - Setting next_dagrun for example_task_group_decorator to None, run_after=None
[2025-03-31T13:07:07.614+0530] {processor.py:208} INFO - Processing /home/pranav_shirali/airflow-project/airflow-env/lib/python3.10/site-packages/airflow/example_dags/example_task_group_decorator.py took 0.087 seconds
[2025-03-31T13:08:05.851+0530] {processor.py:186} INFO - Started process (PID=8671) to work on /home/pranav_shirali/airflow-project/airflow-env/lib/python3.10/site-packages/airflow/example_dags/example_task_group_decorator.py
[2025-03-31T13:08:05.852+0530] {processor.py:914} INFO - Processing file /home/pranav_shirali/airflow-project/airflow-env/lib/python3.10/site-packages/airflow/example_dags/example_task_group_decorator.py for tasks to queue
[2025-03-31T13:08:05.854+0530] {logging_mixin.py:190} INFO - [2025-03-31T13:08:05.853+0530] {dagbag.py:588} INFO - Filling up the DagBag from /home/pranav_shirali/airflow-project/airflow-env/lib/python3.10/site-packages/airflow/example_dags/example_task_group_decorator.py
[2025-03-31T13:08:05.865+0530] {processor.py:925} INFO - DAG(s) 'example_task_group_decorator' retrieved from /home/pranav_shirali/airflow-project/airflow-env/lib/python3.10/site-packages/airflow/example_dags/example_task_group_decorator.py
[2025-03-31T13:08:05.879+0530] {logging_mixin.py:190} INFO - [2025-03-31T13:08:05.879+0530] {dag.py:3239} INFO - Sync 1 DAGs
[2025-03-31T13:08:05.889+0530] {logging_mixin.py:190} INFO - [2025-03-31T13:08:05.888+0530] {dag.py:4180} INFO - Setting next_dagrun for example_task_group_decorator to None, run_after=None
[2025-03-31T13:08:05.905+0530] {processor.py:208} INFO - Processing /home/pranav_shirali/airflow-project/airflow-env/lib/python3.10/site-packages/airflow/example_dags/example_task_group_decorator.py took 0.058 seconds
[2025-03-31T13:09:06.730+0530] {processor.py:186} INFO - Started process (PID=9084) to work on /home/pranav_shirali/airflow-project/airflow-env/lib/python3.10/site-packages/airflow/example_dags/example_task_group_decorator.py
[2025-03-31T13:09:06.736+0530] {processor.py:914} INFO - Processing file /home/pranav_shirali/airflow-project/airflow-env/lib/python3.10/site-packages/airflow/example_dags/example_task_group_decorator.py for tasks to queue
[2025-03-31T13:09:06.738+0530] {logging_mixin.py:190} INFO - [2025-03-31T13:09:06.737+0530] {dagbag.py:588} INFO - Filling up the DagBag from /home/pranav_shirali/airflow-project/airflow-env/lib/python3.10/site-packages/airflow/example_dags/example_task_group_decorator.py
[2025-03-31T13:09:06.748+0530] {processor.py:925} INFO - DAG(s) 'example_task_group_decorator' retrieved from /home/pranav_shirali/airflow-project/airflow-env/lib/python3.10/site-packages/airflow/example_dags/example_task_group_decorator.py
[2025-03-31T13:09:06.765+0530] {logging_mixin.py:190} INFO - [2025-03-31T13:09:06.764+0530] {dag.py:3239} INFO - Sync 1 DAGs
[2025-03-31T13:09:06.773+0530] {logging_mixin.py:190} INFO - [2025-03-31T13:09:06.773+0530] {dag.py:4180} INFO - Setting next_dagrun for example_task_group_decorator to None, run_after=None
[2025-03-31T13:09:06.789+0530] {processor.py:208} INFO - Processing /home/pranav_shirali/airflow-project/airflow-env/lib/python3.10/site-packages/airflow/example_dags/example_task_group_decorator.py took 0.063 seconds
[2025-03-31T13:10:04.093+0530] {processor.py:186} INFO - Started process (PID=9302) to work on /home/pranav_shirali/airflow-project/airflow-env/lib/python3.10/site-packages/airflow/example_dags/example_task_group_decorator.py
[2025-03-31T13:10:04.094+0530] {processor.py:914} INFO - Processing file /home/pranav_shirali/airflow-project/airflow-env/lib/python3.10/site-packages/airflow/example_dags/example_task_group_decorator.py for tasks to queue
[2025-03-31T13:10:04.095+0530] {logging_mixin.py:190} INFO - [2025-03-31T13:10:04.095+0530] {dagbag.py:588} INFO - Filling up the DagBag from /home/pranav_shirali/airflow-project/airflow-env/lib/python3.10/site-packages/airflow/example_dags/example_task_group_decorator.py
[2025-03-31T13:10:04.106+0530] {processor.py:925} INFO - DAG(s) 'example_task_group_decorator' retrieved from /home/pranav_shirali/airflow-project/airflow-env/lib/python3.10/site-packages/airflow/example_dags/example_task_group_decorator.py
[2025-03-31T13:10:04.120+0530] {logging_mixin.py:190} INFO - [2025-03-31T13:10:04.120+0530] {dag.py:3239} INFO - Sync 1 DAGs
[2025-03-31T13:10:04.129+0530] {logging_mixin.py:190} INFO - [2025-03-31T13:10:04.129+0530] {dag.py:4180} INFO - Setting next_dagrun for example_task_group_decorator to None, run_after=None
[2025-03-31T13:10:04.141+0530] {processor.py:208} INFO - Processing /home/pranav_shirali/airflow-project/airflow-env/lib/python3.10/site-packages/airflow/example_dags/example_task_group_decorator.py took 0.053 seconds
[2025-03-31T13:11:02.312+0530] {processor.py:186} INFO - Started process (PID=9521) to work on /home/pranav_shirali/airflow-project/airflow-env/lib/python3.10/site-packages/airflow/example_dags/example_task_group_decorator.py
[2025-03-31T13:11:02.314+0530] {processor.py:914} INFO - Processing file /home/pranav_shirali/airflow-project/airflow-env/lib/python3.10/site-packages/airflow/example_dags/example_task_group_decorator.py for tasks to queue
[2025-03-31T13:11:02.315+0530] {logging_mixin.py:190} INFO - [2025-03-31T13:11:02.315+0530] {dagbag.py:588} INFO - Filling up the DagBag from /home/pranav_shirali/airflow-project/airflow-env/lib/python3.10/site-packages/airflow/example_dags/example_task_group_decorator.py
[2025-03-31T13:11:02.331+0530] {processor.py:925} INFO - DAG(s) 'example_task_group_decorator' retrieved from /home/pranav_shirali/airflow-project/airflow-env/lib/python3.10/site-packages/airflow/example_dags/example_task_group_decorator.py
[2025-03-31T13:11:02.351+0530] {logging_mixin.py:190} INFO - [2025-03-31T13:11:02.351+0530] {dag.py:3239} INFO - Sync 1 DAGs
[2025-03-31T13:11:02.362+0530] {logging_mixin.py:190} INFO - [2025-03-31T13:11:02.361+0530] {dag.py:4180} INFO - Setting next_dagrun for example_task_group_decorator to None, run_after=None
[2025-03-31T13:11:02.378+0530] {processor.py:208} INFO - Processing /home/pranav_shirali/airflow-project/airflow-env/lib/python3.10/site-packages/airflow/example_dags/example_task_group_decorator.py took 0.072 seconds
[2025-03-31T13:11:54.020+0530] {processor.py:186} INFO - Started process (PID=9733) to work on /home/pranav_shirali/airflow-project/airflow-env/lib/python3.10/site-packages/airflow/example_dags/example_task_group_decorator.py
[2025-03-31T13:11:54.023+0530] {processor.py:914} INFO - Processing file /home/pranav_shirali/airflow-project/airflow-env/lib/python3.10/site-packages/airflow/example_dags/example_task_group_decorator.py for tasks to queue
[2025-03-31T13:11:54.024+0530] {logging_mixin.py:190} INFO - [2025-03-31T13:11:54.024+0530] {dagbag.py:588} INFO - Filling up the DagBag from /home/pranav_shirali/airflow-project/airflow-env/lib/python3.10/site-packages/airflow/example_dags/example_task_group_decorator.py
[2025-03-31T13:11:54.037+0530] {processor.py:925} INFO - DAG(s) 'example_task_group_decorator' retrieved from /home/pranav_shirali/airflow-project/airflow-env/lib/python3.10/site-packages/airflow/example_dags/example_task_group_decorator.py
[2025-03-31T13:11:54.054+0530] {logging_mixin.py:190} INFO - [2025-03-31T13:11:54.054+0530] {dag.py:3239} INFO - Sync 1 DAGs
[2025-03-31T13:11:54.065+0530] {logging_mixin.py:190} INFO - [2025-03-31T13:11:54.065+0530] {dag.py:4180} INFO - Setting next_dagrun for example_task_group_decorator to None, run_after=None
[2025-03-31T13:11:54.082+0530] {processor.py:208} INFO - Processing /home/pranav_shirali/airflow-project/airflow-env/lib/python3.10/site-packages/airflow/example_dags/example_task_group_decorator.py took 0.066 seconds
[2025-03-31T13:12:46.615+0530] {processor.py:186} INFO - Started process (PID=9962) to work on /home/pranav_shirali/airflow-project/airflow-env/lib/python3.10/site-packages/airflow/example_dags/example_task_group_decorator.py
[2025-03-31T13:12:46.616+0530] {processor.py:914} INFO - Processing file /home/pranav_shirali/airflow-project/airflow-env/lib/python3.10/site-packages/airflow/example_dags/example_task_group_decorator.py for tasks to queue
[2025-03-31T13:12:46.618+0530] {logging_mixin.py:190} INFO - [2025-03-31T13:12:46.617+0530] {dagbag.py:588} INFO - Filling up the DagBag from /home/pranav_shirali/airflow-project/airflow-env/lib/python3.10/site-packages/airflow/example_dags/example_task_group_decorator.py
[2025-03-31T13:12:48.270+0530] {processor.py:925} INFO - DAG(s) 'example_task_group_decorator' retrieved from /home/pranav_shirali/airflow-project/airflow-env/lib/python3.10/site-packages/airflow/example_dags/example_task_group_decorator.py
[2025-03-31T13:12:48.290+0530] {logging_mixin.py:190} INFO - [2025-03-31T13:12:48.290+0530] {dag.py:3239} INFO - Sync 1 DAGs
[2025-03-31T13:12:48.300+0530] {logging_mixin.py:190} INFO - [2025-03-31T13:12:48.300+0530] {dag.py:4180} INFO - Setting next_dagrun for example_task_group_decorator to None, run_after=None
[2025-03-31T13:12:48.318+0530] {processor.py:208} INFO - Processing /home/pranav_shirali/airflow-project/airflow-env/lib/python3.10/site-packages/airflow/example_dags/example_task_group_decorator.py took 0.067 seconds
[2025-03-31T13:13:40.873+0530] {processor.py:186} INFO - Started process (PID=10427) to work on /home/pranav_shirali/airflow-project/airflow-env/lib/python3.10/site-packages/airflow/example_dags/example_task_group_decorator.py
[2025-03-31T13:13:40.874+0530] {processor.py:914} INFO - Processing file /home/pranav_shirali/airflow-project/airflow-env/lib/python3.10/site-packages/airflow/example_dags/example_task_group_decorator.py for tasks to queue
[2025-03-31T13:13:40.875+0530] {logging_mixin.py:190} INFO - [2025-03-31T13:13:40.875+0530] {dagbag.py:588} INFO - Filling up the DagBag from /home/pranav_shirali/airflow-project/airflow-env/lib/python3.10/site-packages/airflow/example_dags/example_task_group_decorator.py
[2025-03-31T13:13:40.886+0530] {processor.py:925} INFO - DAG(s) 'example_task_group_decorator' retrieved from /home/pranav_shirali/airflow-project/airflow-env/lib/python3.10/site-packages/airflow/example_dags/example_task_group_decorator.py
[2025-03-31T13:13:40.899+0530] {logging_mixin.py:190} INFO - [2025-03-31T13:13:40.899+0530] {dag.py:3239} INFO - Sync 1 DAGs
[2025-03-31T13:13:40.906+0530] {logging_mixin.py:190} INFO - [2025-03-31T13:13:40.906+0530] {dag.py:4180} INFO - Setting next_dagrun for example_task_group_decorator to None, run_after=None
[2025-03-31T13:13:40.920+0530] {processor.py:208} INFO - Processing /home/pranav_shirali/airflow-project/airflow-env/lib/python3.10/site-packages/airflow/example_dags/example_task_group_decorator.py took 0.050 seconds
[2025-03-31T13:14:37.318+0530] {processor.py:186} INFO - Started process (PID=10878) to work on /home/pranav_shirali/airflow-project/airflow-env/lib/python3.10/site-packages/airflow/example_dags/example_task_group_decorator.py
[2025-03-31T13:14:37.319+0530] {processor.py:914} INFO - Processing file /home/pranav_shirali/airflow-project/airflow-env/lib/python3.10/site-packages/airflow/example_dags/example_task_group_decorator.py for tasks to queue
[2025-03-31T13:14:37.320+0530] {logging_mixin.py:190} INFO - [2025-03-31T13:14:37.320+0530] {dagbag.py:588} INFO - Filling up the DagBag from /home/pranav_shirali/airflow-project/airflow-env/lib/python3.10/site-packages/airflow/example_dags/example_task_group_decorator.py
[2025-03-31T13:14:37.332+0530] {processor.py:925} INFO - DAG(s) 'example_task_group_decorator' retrieved from /home/pranav_shirali/airflow-project/airflow-env/lib/python3.10/site-packages/airflow/example_dags/example_task_group_decorator.py
[2025-03-31T13:14:37.347+0530] {logging_mixin.py:190} INFO - [2025-03-31T13:14:37.347+0530] {dag.py:3239} INFO - Sync 1 DAGs
[2025-03-31T13:14:37.358+0530] {logging_mixin.py:190} INFO - [2025-03-31T13:14:37.358+0530] {dag.py:4180} INFO - Setting next_dagrun for example_task_group_decorator to None, run_after=None
[2025-03-31T13:14:37.375+0530] {processor.py:208} INFO - Processing /home/pranav_shirali/airflow-project/airflow-env/lib/python3.10/site-packages/airflow/example_dags/example_task_group_decorator.py took 0.062 seconds
[2025-03-31T13:15:36.404+0530] {processor.py:186} INFO - Started process (PID=11473) to work on /home/pranav_shirali/airflow-project/airflow-env/lib/python3.10/site-packages/airflow/example_dags/example_task_group_decorator.py
[2025-03-31T13:15:36.405+0530] {processor.py:914} INFO - Processing file /home/pranav_shirali/airflow-project/airflow-env/lib/python3.10/site-packages/airflow/example_dags/example_task_group_decorator.py for tasks to queue
[2025-03-31T13:15:36.407+0530] {logging_mixin.py:190} INFO - [2025-03-31T13:15:36.407+0530] {dagbag.py:588} INFO - Filling up the DagBag from /home/pranav_shirali/airflow-project/airflow-env/lib/python3.10/site-packages/airflow/example_dags/example_task_group_decorator.py
[2025-03-31T13:15:36.424+0530] {processor.py:925} INFO - DAG(s) 'example_task_group_decorator' retrieved from /home/pranav_shirali/airflow-project/airflow-env/lib/python3.10/site-packages/airflow/example_dags/example_task_group_decorator.py
[2025-03-31T13:15:36.443+0530] {logging_mixin.py:190} INFO - [2025-03-31T13:15:36.443+0530] {dag.py:3239} INFO - Sync 1 DAGs
[2025-03-31T13:15:36.454+0530] {logging_mixin.py:190} INFO - [2025-03-31T13:15:36.454+0530] {dag.py:4180} INFO - Setting next_dagrun for example_task_group_decorator to None, run_after=None
[2025-03-31T13:15:36.477+0530] {processor.py:208} INFO - Processing /home/pranav_shirali/airflow-project/airflow-env/lib/python3.10/site-packages/airflow/example_dags/example_task_group_decorator.py took 0.079 seconds
[2025-03-31T13:16:38.228+0530] {processor.py:186} INFO - Started process (PID=12106) to work on /home/pranav_shirali/airflow-project/airflow-env/lib/python3.10/site-packages/airflow/example_dags/example_task_group_decorator.py
[2025-03-31T13:16:38.230+0530] {processor.py:914} INFO - Processing file /home/pranav_shirali/airflow-project/airflow-env/lib/python3.10/site-packages/airflow/example_dags/example_task_group_decorator.py for tasks to queue
[2025-03-31T13:16:38.231+0530] {logging_mixin.py:190} INFO - [2025-03-31T13:16:38.231+0530] {dagbag.py:588} INFO - Filling up the DagBag from /home/pranav_shirali/airflow-project/airflow-env/lib/python3.10/site-packages/airflow/example_dags/example_task_group_decorator.py
[2025-03-31T13:16:38.243+0530] {processor.py:925} INFO - DAG(s) 'example_task_group_decorator' retrieved from /home/pranav_shirali/airflow-project/airflow-env/lib/python3.10/site-packages/airflow/example_dags/example_task_group_decorator.py
[2025-03-31T13:16:38.265+0530] {logging_mixin.py:190} INFO - [2025-03-31T13:16:38.265+0530] {dag.py:3239} INFO - Sync 1 DAGs
[2025-03-31T13:16:38.277+0530] {logging_mixin.py:190} INFO - [2025-03-31T13:16:38.277+0530] {dag.py:4180} INFO - Setting next_dagrun for example_task_group_decorator to None, run_after=None
[2025-03-31T13:16:38.291+0530] {processor.py:208} INFO - Processing /home/pranav_shirali/airflow-project/airflow-env/lib/python3.10/site-packages/airflow/example_dags/example_task_group_decorator.py took 0.067 seconds
[2025-03-31T13:17:33.942+0530] {processor.py:186} INFO - Started process (PID=12488) to work on /home/pranav_shirali/airflow-project/airflow-env/lib/python3.10/site-packages/airflow/example_dags/example_task_group_decorator.py
[2025-03-31T13:17:33.945+0530] {processor.py:914} INFO - Processing file /home/pranav_shirali/airflow-project/airflow-env/lib/python3.10/site-packages/airflow/example_dags/example_task_group_decorator.py for tasks to queue
[2025-03-31T13:17:33.950+0530] {logging_mixin.py:190} INFO - [2025-03-31T13:17:33.949+0530] {dagbag.py:588} INFO - Filling up the DagBag from /home/pranav_shirali/airflow-project/airflow-env/lib/python3.10/site-packages/airflow/example_dags/example_task_group_decorator.py
[2025-03-31T13:17:33.976+0530] {processor.py:925} INFO - DAG(s) 'example_task_group_decorator' retrieved from /home/pranav_shirali/airflow-project/airflow-env/lib/python3.10/site-packages/airflow/example_dags/example_task_group_decorator.py
[2025-03-31T13:17:33.999+0530] {logging_mixin.py:190} INFO - [2025-03-31T13:17:33.999+0530] {dag.py:3239} INFO - Sync 1 DAGs
[2025-03-31T13:17:34.016+0530] {logging_mixin.py:190} INFO - [2025-03-31T13:17:34.016+0530] {dag.py:4180} INFO - Setting next_dagrun for example_task_group_decorator to None, run_after=None
[2025-03-31T13:17:34.030+0530] {processor.py:208} INFO - Processing /home/pranav_shirali/airflow-project/airflow-env/lib/python3.10/site-packages/airflow/example_dags/example_task_group_decorator.py took 0.092 seconds
