[2025-03-31T13:07:41.785+0530] {processor.py:186} INFO - Started process (PID=8569) to work on /home/pranav_shirali/airflow-project/airflow-env/lib/python3.10/site-packages/airflow/example_dags/example_external_task_marker_dag.py
[2025-03-31T13:07:41.785+0530] {processor.py:914} INFO - Processing file /home/pranav_shirali/airflow-project/airflow-env/lib/python3.10/site-packages/airflow/example_dags/example_external_task_marker_dag.py for tasks to queue
[2025-03-31T13:07:41.787+0530] {logging_mixin.py:190} INFO - [2025-03-31T13:07:41.786+0530] {dagbag.py:588} INFO - Filling up the DagBag from /home/pranav_shirali/airflow-project/airflow-env/lib/python3.10/site-packages/airflow/example_dags/example_external_task_marker_dag.py
[2025-03-31T13:07:41.791+0530] {processor.py:925} INFO - DAG(s) 'example_external_task_marker_child', 'example_external_task_marker_parent' retrieved from /home/pranav_shirali/airflow-project/airflow-env/lib/python3.10/site-packages/airflow/example_dags/example_external_task_marker_dag.py
[2025-03-31T13:07:41.804+0530] {logging_mixin.py:190} INFO - [2025-03-31T13:07:41.803+0530] {dag.py:3239} INFO - Sync 2 DAGs
[2025-03-31T13:07:41.811+0530] {logging_mixin.py:190} INFO - [2025-03-31T13:07:41.811+0530] {dag.py:4180} INFO - Setting next_dagrun for example_external_task_marker_child to None, run_after=None
[2025-03-31T13:07:41.813+0530] {logging_mixin.py:190} INFO - [2025-03-31T13:07:41.813+0530] {dag.py:4180} INFO - Setting next_dagrun for example_external_task_marker_parent to None, run_after=None
[2025-03-31T13:07:41.829+0530] {processor.py:208} INFO - Processing /home/pranav_shirali/airflow-project/airflow-env/lib/python3.10/site-packages/airflow/example_dags/example_external_task_marker_dag.py took 0.049 seconds
[2025-03-31T13:08:44.446+0530] {processor.py:186} INFO - Started process (PID=8977) to work on /home/pranav_shirali/airflow-project/airflow-env/lib/python3.10/site-packages/airflow/example_dags/example_external_task_marker_dag.py
[2025-03-31T13:08:44.448+0530] {processor.py:914} INFO - Processing file /home/pranav_shirali/airflow-project/airflow-env/lib/python3.10/site-packages/airflow/example_dags/example_external_task_marker_dag.py for tasks to queue
[2025-03-31T13:08:44.450+0530] {logging_mixin.py:190} INFO - [2025-03-31T13:08:44.449+0530] {dagbag.py:588} INFO - Filling up the DagBag from /home/pranav_shirali/airflow-project/airflow-env/lib/python3.10/site-packages/airflow/example_dags/example_external_task_marker_dag.py
[2025-03-31T13:08:44.455+0530] {processor.py:925} INFO - DAG(s) 'example_external_task_marker_child', 'example_external_task_marker_parent' retrieved from /home/pranav_shirali/airflow-project/airflow-env/lib/python3.10/site-packages/airflow/example_dags/example_external_task_marker_dag.py
[2025-03-31T13:08:44.471+0530] {logging_mixin.py:190} INFO - [2025-03-31T13:08:44.470+0530] {dag.py:3239} INFO - Sync 2 DAGs
[2025-03-31T13:08:44.481+0530] {logging_mixin.py:190} INFO - [2025-03-31T13:08:44.481+0530] {dag.py:4180} INFO - Setting next_dagrun for example_external_task_marker_child to None, run_after=None
[2025-03-31T13:08:44.484+0530] {logging_mixin.py:190} INFO - [2025-03-31T13:08:44.483+0530] {dag.py:4180} INFO - Setting next_dagrun for example_external_task_marker_parent to None, run_after=None
[2025-03-31T13:08:44.497+0530] {processor.py:208} INFO - Processing /home/pranav_shirali/airflow-project/airflow-env/lib/python3.10/site-packages/airflow/example_dags/example_external_task_marker_dag.py took 0.055 seconds
[2025-03-31T13:09:45.324+0530] {processor.py:186} INFO - Started process (PID=9228) to work on /home/pranav_shirali/airflow-project/airflow-env/lib/python3.10/site-packages/airflow/example_dags/example_external_task_marker_dag.py
[2025-03-31T13:09:45.325+0530] {processor.py:914} INFO - Processing file /home/pranav_shirali/airflow-project/airflow-env/lib/python3.10/site-packages/airflow/example_dags/example_external_task_marker_dag.py for tasks to queue
[2025-03-31T13:09:45.326+0530] {logging_mixin.py:190} INFO - [2025-03-31T13:09:45.326+0530] {dagbag.py:588} INFO - Filling up the DagBag from /home/pranav_shirali/airflow-project/airflow-env/lib/python3.10/site-packages/airflow/example_dags/example_external_task_marker_dag.py
[2025-03-31T13:09:45.332+0530] {processor.py:925} INFO - DAG(s) 'example_external_task_marker_child', 'example_external_task_marker_parent' retrieved from /home/pranav_shirali/airflow-project/airflow-env/lib/python3.10/site-packages/airflow/example_dags/example_external_task_marker_dag.py
[2025-03-31T13:09:45.346+0530] {logging_mixin.py:190} INFO - [2025-03-31T13:09:45.346+0530] {dag.py:3239} INFO - Sync 2 DAGs
[2025-03-31T13:09:45.354+0530] {logging_mixin.py:190} INFO - [2025-03-31T13:09:45.354+0530] {dag.py:4180} INFO - Setting next_dagrun for example_external_task_marker_child to None, run_after=None
[2025-03-31T13:09:45.357+0530] {logging_mixin.py:190} INFO - [2025-03-31T13:09:45.357+0530] {dag.py:4180} INFO - Setting next_dagrun for example_external_task_marker_parent to None, run_after=None
[2025-03-31T13:09:45.370+0530] {processor.py:208} INFO - Processing /home/pranav_shirali/airflow-project/airflow-env/lib/python3.10/site-packages/airflow/example_dags/example_external_task_marker_dag.py took 0.051 seconds
[2025-03-31T13:10:42.004+0530] {processor.py:186} INFO - Started process (PID=9441) to work on /home/pranav_shirali/airflow-project/airflow-env/lib/python3.10/site-packages/airflow/example_dags/example_external_task_marker_dag.py
[2025-03-31T13:10:42.006+0530] {processor.py:914} INFO - Processing file /home/pranav_shirali/airflow-project/airflow-env/lib/python3.10/site-packages/airflow/example_dags/example_external_task_marker_dag.py for tasks to queue
[2025-03-31T13:10:42.008+0530] {logging_mixin.py:190} INFO - [2025-03-31T13:10:42.008+0530] {dagbag.py:588} INFO - Filling up the DagBag from /home/pranav_shirali/airflow-project/airflow-env/lib/python3.10/site-packages/airflow/example_dags/example_external_task_marker_dag.py
[2025-03-31T13:10:42.014+0530] {processor.py:925} INFO - DAG(s) 'example_external_task_marker_parent', 'example_external_task_marker_child' retrieved from /home/pranav_shirali/airflow-project/airflow-env/lib/python3.10/site-packages/airflow/example_dags/example_external_task_marker_dag.py
[2025-03-31T13:10:42.032+0530] {logging_mixin.py:190} INFO - [2025-03-31T13:10:42.031+0530] {dag.py:3239} INFO - Sync 2 DAGs
[2025-03-31T13:10:42.044+0530] {logging_mixin.py:190} INFO - [2025-03-31T13:10:42.044+0530] {dag.py:4180} INFO - Setting next_dagrun for example_external_task_marker_child to None, run_after=None
[2025-03-31T13:10:42.047+0530] {logging_mixin.py:190} INFO - [2025-03-31T13:10:42.046+0530] {dag.py:4180} INFO - Setting next_dagrun for example_external_task_marker_parent to None, run_after=None
[2025-03-31T13:10:42.063+0530] {processor.py:208} INFO - Processing /home/pranav_shirali/airflow-project/airflow-env/lib/python3.10/site-packages/airflow/example_dags/example_external_task_marker_dag.py took 0.064 seconds
[2025-03-31T13:12:00.408+0530] {processor.py:186} INFO - Started process (PID=9757) to work on /home/pranav_shirali/airflow-project/airflow-env/lib/python3.10/site-packages/airflow/example_dags/example_external_task_marker_dag.py
[2025-03-31T13:12:00.410+0530] {processor.py:914} INFO - Processing file /home/pranav_shirali/airflow-project/airflow-env/lib/python3.10/site-packages/airflow/example_dags/example_external_task_marker_dag.py for tasks to queue
[2025-03-31T13:12:00.411+0530] {logging_mixin.py:190} INFO - [2025-03-31T13:12:00.411+0530] {dagbag.py:588} INFO - Filling up the DagBag from /home/pranav_shirali/airflow-project/airflow-env/lib/python3.10/site-packages/airflow/example_dags/example_external_task_marker_dag.py
[2025-03-31T13:12:00.418+0530] {processor.py:925} INFO - DAG(s) 'example_external_task_marker_parent', 'example_external_task_marker_child' retrieved from /home/pranav_shirali/airflow-project/airflow-env/lib/python3.10/site-packages/airflow/example_dags/example_external_task_marker_dag.py
[2025-03-31T13:12:00.433+0530] {logging_mixin.py:190} INFO - [2025-03-31T13:12:00.433+0530] {dag.py:3239} INFO - Sync 2 DAGs
[2025-03-31T13:12:00.442+0530] {logging_mixin.py:190} INFO - [2025-03-31T13:12:00.442+0530] {dag.py:4180} INFO - Setting next_dagrun for example_external_task_marker_child to None, run_after=None
[2025-03-31T13:12:00.446+0530] {logging_mixin.py:190} INFO - [2025-03-31T13:12:00.445+0530] {dag.py:4180} INFO - Setting next_dagrun for example_external_task_marker_parent to None, run_after=None
[2025-03-31T13:12:00.466+0530] {processor.py:208} INFO - Processing /home/pranav_shirali/airflow-project/airflow-env/lib/python3.10/site-packages/airflow/example_dags/example_external_task_marker_dag.py took 0.063 seconds
[2025-03-31T13:13:19.062+0530] {processor.py:186} INFO - Started process (PID=10165) to work on /home/pranav_shirali/airflow-project/airflow-env/lib/python3.10/site-packages/airflow/example_dags/example_external_task_marker_dag.py
[2025-03-31T13:13:19.064+0530] {processor.py:914} INFO - Processing file /home/pranav_shirali/airflow-project/airflow-env/lib/python3.10/site-packages/airflow/example_dags/example_external_task_marker_dag.py for tasks to queue
[2025-03-31T13:13:19.065+0530] {logging_mixin.py:190} INFO - [2025-03-31T13:13:19.065+0530] {dagbag.py:588} INFO - Filling up the DagBag from /home/pranav_shirali/airflow-project/airflow-env/lib/python3.10/site-packages/airflow/example_dags/example_external_task_marker_dag.py
[2025-03-31T13:13:19.071+0530] {processor.py:925} INFO - DAG(s) 'example_external_task_marker_child', 'example_external_task_marker_parent' retrieved from /home/pranav_shirali/airflow-project/airflow-env/lib/python3.10/site-packages/airflow/example_dags/example_external_task_marker_dag.py
[2025-03-31T13:13:19.084+0530] {logging_mixin.py:190} INFO - [2025-03-31T13:13:19.084+0530] {dag.py:3239} INFO - Sync 2 DAGs
[2025-03-31T13:13:19.092+0530] {logging_mixin.py:190} INFO - [2025-03-31T13:13:19.092+0530] {dag.py:4180} INFO - Setting next_dagrun for example_external_task_marker_child to None, run_after=None
[2025-03-31T13:13:19.094+0530] {logging_mixin.py:190} INFO - [2025-03-31T13:13:19.094+0530] {dag.py:4180} INFO - Setting next_dagrun for example_external_task_marker_parent to None, run_after=None
[2025-03-31T13:13:19.107+0530] {processor.py:208} INFO - Processing /home/pranav_shirali/airflow-project/airflow-env/lib/python3.10/site-packages/airflow/example_dags/example_external_task_marker_dag.py took 0.049 seconds
[2025-03-31T13:14:43.099+0530] {processor.py:186} INFO - Started process (PID=10926) to work on /home/pranav_shirali/airflow-project/airflow-env/lib/python3.10/site-packages/airflow/example_dags/example_external_task_marker_dag.py
[2025-03-31T13:14:43.101+0530] {processor.py:914} INFO - Processing file /home/pranav_shirali/airflow-project/airflow-env/lib/python3.10/site-packages/airflow/example_dags/example_external_task_marker_dag.py for tasks to queue
[2025-03-31T13:14:43.103+0530] {logging_mixin.py:190} INFO - [2025-03-31T13:14:43.102+0530] {dagbag.py:588} INFO - Filling up the DagBag from /home/pranav_shirali/airflow-project/airflow-env/lib/python3.10/site-packages/airflow/example_dags/example_external_task_marker_dag.py
[2025-03-31T13:14:43.108+0530] {processor.py:925} INFO - DAG(s) 'example_external_task_marker_parent', 'example_external_task_marker_child' retrieved from /home/pranav_shirali/airflow-project/airflow-env/lib/python3.10/site-packages/airflow/example_dags/example_external_task_marker_dag.py
[2025-03-31T13:14:43.122+0530] {logging_mixin.py:190} INFO - [2025-03-31T13:14:43.121+0530] {dag.py:3239} INFO - Sync 2 DAGs
[2025-03-31T13:14:43.131+0530] {logging_mixin.py:190} INFO - [2025-03-31T13:14:43.131+0530] {dag.py:4180} INFO - Setting next_dagrun for example_external_task_marker_child to None, run_after=None
[2025-03-31T13:14:43.133+0530] {logging_mixin.py:190} INFO - [2025-03-31T13:14:43.133+0530] {dag.py:4180} INFO - Setting next_dagrun for example_external_task_marker_parent to None, run_after=None
[2025-03-31T13:14:43.149+0530] {processor.py:208} INFO - Processing /home/pranav_shirali/airflow-project/airflow-env/lib/python3.10/site-packages/airflow/example_dags/example_external_task_marker_dag.py took 0.055 seconds
[2025-03-31T13:15:44.372+0530] {processor.py:186} INFO - Started process (PID=11542) to work on /home/pranav_shirali/airflow-project/airflow-env/lib/python3.10/site-packages/airflow/example_dags/example_external_task_marker_dag.py
[2025-03-31T13:15:44.373+0530] {processor.py:914} INFO - Processing file /home/pranav_shirali/airflow-project/airflow-env/lib/python3.10/site-packages/airflow/example_dags/example_external_task_marker_dag.py for tasks to queue
[2025-03-31T13:15:44.375+0530] {logging_mixin.py:190} INFO - [2025-03-31T13:15:44.374+0530] {dagbag.py:588} INFO - Filling up the DagBag from /home/pranav_shirali/airflow-project/airflow-env/lib/python3.10/site-packages/airflow/example_dags/example_external_task_marker_dag.py
[2025-03-31T13:15:44.381+0530] {processor.py:925} INFO - DAG(s) 'example_external_task_marker_parent', 'example_external_task_marker_child' retrieved from /home/pranav_shirali/airflow-project/airflow-env/lib/python3.10/site-packages/airflow/example_dags/example_external_task_marker_dag.py
[2025-03-31T13:15:44.393+0530] {logging_mixin.py:190} INFO - [2025-03-31T13:15:44.392+0530] {dag.py:3239} INFO - Sync 2 DAGs
[2025-03-31T13:15:44.402+0530] {logging_mixin.py:190} INFO - [2025-03-31T13:15:44.401+0530] {dag.py:4180} INFO - Setting next_dagrun for example_external_task_marker_child to None, run_after=None
[2025-03-31T13:15:44.404+0530] {logging_mixin.py:190} INFO - [2025-03-31T13:15:44.404+0530] {dag.py:4180} INFO - Setting next_dagrun for example_external_task_marker_parent to None, run_after=None
[2025-03-31T13:15:44.416+0530] {processor.py:208} INFO - Processing /home/pranav_shirali/airflow-project/airflow-env/lib/python3.10/site-packages/airflow/example_dags/example_external_task_marker_dag.py took 0.048 seconds
[2025-03-31T13:16:44.423+0530] {processor.py:186} INFO - Started process (PID=12160) to work on /home/pranav_shirali/airflow-project/airflow-env/lib/python3.10/site-packages/airflow/example_dags/example_external_task_marker_dag.py
[2025-03-31T13:16:44.424+0530] {processor.py:914} INFO - Processing file /home/pranav_shirali/airflow-project/airflow-env/lib/python3.10/site-packages/airflow/example_dags/example_external_task_marker_dag.py for tasks to queue
[2025-03-31T13:16:44.426+0530] {logging_mixin.py:190} INFO - [2025-03-31T13:16:44.426+0530] {dagbag.py:588} INFO - Filling up the DagBag from /home/pranav_shirali/airflow-project/airflow-env/lib/python3.10/site-packages/airflow/example_dags/example_external_task_marker_dag.py
[2025-03-31T13:16:44.432+0530] {processor.py:925} INFO - DAG(s) 'example_external_task_marker_child', 'example_external_task_marker_parent' retrieved from /home/pranav_shirali/airflow-project/airflow-env/lib/python3.10/site-packages/airflow/example_dags/example_external_task_marker_dag.py
[2025-03-31T13:16:44.444+0530] {logging_mixin.py:190} INFO - [2025-03-31T13:16:44.444+0530] {dag.py:3239} INFO - Sync 2 DAGs
[2025-03-31T13:16:44.452+0530] {logging_mixin.py:190} INFO - [2025-03-31T13:16:44.452+0530] {dag.py:4180} INFO - Setting next_dagrun for example_external_task_marker_child to None, run_after=None
[2025-03-31T13:16:44.454+0530] {logging_mixin.py:190} INFO - [2025-03-31T13:16:44.454+0530] {dag.py:4180} INFO - Setting next_dagrun for example_external_task_marker_parent to None, run_after=None
[2025-03-31T13:16:44.467+0530] {processor.py:208} INFO - Processing /home/pranav_shirali/airflow-project/airflow-env/lib/python3.10/site-packages/airflow/example_dags/example_external_task_marker_dag.py took 0.048 seconds
[2025-03-31T13:17:41.340+0530] {processor.py:186} INFO - Started process (PID=12520) to work on /home/pranav_shirali/airflow-project/airflow-env/lib/python3.10/site-packages/airflow/example_dags/example_external_task_marker_dag.py
[2025-03-31T13:17:41.341+0530] {processor.py:914} INFO - Processing file /home/pranav_shirali/airflow-project/airflow-env/lib/python3.10/site-packages/airflow/example_dags/example_external_task_marker_dag.py for tasks to queue
[2025-03-31T13:17:41.343+0530] {logging_mixin.py:190} INFO - [2025-03-31T13:17:41.342+0530] {dagbag.py:588} INFO - Filling up the DagBag from /home/pranav_shirali/airflow-project/airflow-env/lib/python3.10/site-packages/airflow/example_dags/example_external_task_marker_dag.py
[2025-03-31T13:17:41.357+0530] {processor.py:925} INFO - DAG(s) 'example_external_task_marker_child', 'example_external_task_marker_parent' retrieved from /home/pranav_shirali/airflow-project/airflow-env/lib/python3.10/site-packages/airflow/example_dags/example_external_task_marker_dag.py
[2025-03-31T13:17:41.372+0530] {logging_mixin.py:190} INFO - [2025-03-31T13:17:41.372+0530] {dag.py:3239} INFO - Sync 2 DAGs
[2025-03-31T13:17:41.383+0530] {logging_mixin.py:190} INFO - [2025-03-31T13:17:41.382+0530] {dag.py:4180} INFO - Setting next_dagrun for example_external_task_marker_child to None, run_after=None
[2025-03-31T13:17:41.385+0530] {logging_mixin.py:190} INFO - [2025-03-31T13:17:41.385+0530] {dag.py:4180} INFO - Setting next_dagrun for example_external_task_marker_parent to None, run_after=None
[2025-03-31T13:17:41.407+0530] {processor.py:208} INFO - Processing /home/pranav_shirali/airflow-project/airflow-env/lib/python3.10/site-packages/airflow/example_dags/example_external_task_marker_dag.py took 0.070 seconds
