[2025-03-31T13:07:11.422+0530] {processor.py:186} INFO - Started process (PID=8295) to work on /home/pranav_shirali/airflow-project/airflow-env/lib/python3.10/site-packages/airflow/example_dags/example_trigger_target_dag.py
[2025-03-31T13:07:11.422+0530] {processor.py:914} INFO - Processing file /home/pranav_shirali/airflow-project/airflow-env/lib/python3.10/site-packages/airflow/example_dags/example_trigger_target_dag.py for tasks to queue
[2025-03-31T13:07:11.423+0530] {logging_mixin.py:190} INFO - [2025-03-31T13:07:11.423+0530] {dagbag.py:588} INFO - Filling up the DagBag from /home/pranav_shirali/airflow-project/airflow-env/lib/python3.10/site-packages/airflow/example_dags/example_trigger_target_dag.py
[2025-03-31T13:07:11.430+0530] {processor.py:925} INFO - DAG(s) 'example_trigger_target_dag' retrieved from /home/pranav_shirali/airflow-project/airflow-env/lib/python3.10/site-packages/airflow/example_dags/example_trigger_target_dag.py
[2025-03-31T13:07:11.442+0530] {logging_mixin.py:190} INFO - [2025-03-31T13:07:11.442+0530] {dag.py:3239} INFO - Sync 1 DAGs
[2025-03-31T13:07:11.450+0530] {logging_mixin.py:190} INFO - [2025-03-31T13:07:11.450+0530] {dag.py:4180} INFO - Setting next_dagrun for example_trigger_target_dag to None, run_after=None
[2025-03-31T13:07:11.466+0530] {processor.py:208} INFO - Processing /home/pranav_shirali/airflow-project/airflow-env/lib/python3.10/site-packages/airflow/example_dags/example_trigger_target_dag.py took 0.048 seconds
[2025-03-31T13:08:10.991+0530] {processor.py:186} INFO - Started process (PID=8694) to work on /home/pranav_shirali/airflow-project/airflow-env/lib/python3.10/site-packages/airflow/example_dags/example_trigger_target_dag.py
[2025-03-31T13:08:10.992+0530] {processor.py:914} INFO - Processing file /home/pranav_shirali/airflow-project/airflow-env/lib/python3.10/site-packages/airflow/example_dags/example_trigger_target_dag.py for tasks to queue
[2025-03-31T13:08:10.994+0530] {logging_mixin.py:190} INFO - [2025-03-31T13:08:10.994+0530] {dagbag.py:588} INFO - Filling up the DagBag from /home/pranav_shirali/airflow-project/airflow-env/lib/python3.10/site-packages/airflow/example_dags/example_trigger_target_dag.py
[2025-03-31T13:08:11.000+0530] {processor.py:925} INFO - DAG(s) 'example_trigger_target_dag' retrieved from /home/pranav_shirali/airflow-project/airflow-env/lib/python3.10/site-packages/airflow/example_dags/example_trigger_target_dag.py
[2025-03-31T13:08:11.010+0530] {logging_mixin.py:190} INFO - [2025-03-31T13:08:11.010+0530] {dag.py:3239} INFO - Sync 1 DAGs
[2025-03-31T13:08:11.019+0530] {logging_mixin.py:190} INFO - [2025-03-31T13:08:11.018+0530] {dag.py:4180} INFO - Setting next_dagrun for example_trigger_target_dag to None, run_after=None
[2025-03-31T13:08:11.034+0530] {processor.py:208} INFO - Processing /home/pranav_shirali/airflow-project/airflow-env/lib/python3.10/site-packages/airflow/example_dags/example_trigger_target_dag.py took 0.047 seconds
[2025-03-31T13:09:11.869+0530] {processor.py:186} INFO - Started process (PID=9107) to work on /home/pranav_shirali/airflow-project/airflow-env/lib/python3.10/site-packages/airflow/example_dags/example_trigger_target_dag.py
[2025-03-31T13:09:11.872+0530] {processor.py:914} INFO - Processing file /home/pranav_shirali/airflow-project/airflow-env/lib/python3.10/site-packages/airflow/example_dags/example_trigger_target_dag.py for tasks to queue
[2025-03-31T13:09:11.874+0530] {logging_mixin.py:190} INFO - [2025-03-31T13:09:11.873+0530] {dagbag.py:588} INFO - Filling up the DagBag from /home/pranav_shirali/airflow-project/airflow-env/lib/python3.10/site-packages/airflow/example_dags/example_trigger_target_dag.py
[2025-03-31T13:09:11.880+0530] {processor.py:925} INFO - DAG(s) 'example_trigger_target_dag' retrieved from /home/pranav_shirali/airflow-project/airflow-env/lib/python3.10/site-packages/airflow/example_dags/example_trigger_target_dag.py
[2025-03-31T13:09:11.891+0530] {logging_mixin.py:190} INFO - [2025-03-31T13:09:11.891+0530] {dag.py:3239} INFO - Sync 1 DAGs
[2025-03-31T13:09:11.899+0530] {logging_mixin.py:190} INFO - [2025-03-31T13:09:11.899+0530] {dag.py:4180} INFO - Setting next_dagrun for example_trigger_target_dag to None, run_after=None
[2025-03-31T13:09:11.913+0530] {processor.py:208} INFO - Processing /home/pranav_shirali/airflow-project/airflow-env/lib/python3.10/site-packages/airflow/example_dags/example_trigger_target_dag.py took 0.048 seconds
[2025-03-31T13:10:09.241+0530] {processor.py:186} INFO - Started process (PID=9319) to work on /home/pranav_shirali/airflow-project/airflow-env/lib/python3.10/site-packages/airflow/example_dags/example_trigger_target_dag.py
[2025-03-31T13:10:09.244+0530] {processor.py:914} INFO - Processing file /home/pranav_shirali/airflow-project/airflow-env/lib/python3.10/site-packages/airflow/example_dags/example_trigger_target_dag.py for tasks to queue
[2025-03-31T13:10:09.246+0530] {logging_mixin.py:190} INFO - [2025-03-31T13:10:09.246+0530] {dagbag.py:588} INFO - Filling up the DagBag from /home/pranav_shirali/airflow-project/airflow-env/lib/python3.10/site-packages/airflow/example_dags/example_trigger_target_dag.py
[2025-03-31T13:10:09.253+0530] {processor.py:925} INFO - DAG(s) 'example_trigger_target_dag' retrieved from /home/pranav_shirali/airflow-project/airflow-env/lib/python3.10/site-packages/airflow/example_dags/example_trigger_target_dag.py
[2025-03-31T13:10:09.265+0530] {logging_mixin.py:190} INFO - [2025-03-31T13:10:09.264+0530] {dag.py:3239} INFO - Sync 1 DAGs
[2025-03-31T13:10:09.274+0530] {logging_mixin.py:190} INFO - [2025-03-31T13:10:09.274+0530] {dag.py:4180} INFO - Setting next_dagrun for example_trigger_target_dag to None, run_after=None
[2025-03-31T13:10:09.291+0530] {processor.py:208} INFO - Processing /home/pranav_shirali/airflow-project/airflow-env/lib/python3.10/site-packages/airflow/example_dags/example_trigger_target_dag.py took 0.054 seconds
[2025-03-31T13:11:05.551+0530] {processor.py:186} INFO - Started process (PID=9538) to work on /home/pranav_shirali/airflow-project/airflow-env/lib/python3.10/site-packages/airflow/example_dags/example_trigger_target_dag.py
[2025-03-31T13:11:05.552+0530] {processor.py:914} INFO - Processing file /home/pranav_shirali/airflow-project/airflow-env/lib/python3.10/site-packages/airflow/example_dags/example_trigger_target_dag.py for tasks to queue
[2025-03-31T13:11:05.553+0530] {logging_mixin.py:190} INFO - [2025-03-31T13:11:05.553+0530] {dagbag.py:588} INFO - Filling up the DagBag from /home/pranav_shirali/airflow-project/airflow-env/lib/python3.10/site-packages/airflow/example_dags/example_trigger_target_dag.py
[2025-03-31T13:11:05.559+0530] {processor.py:925} INFO - DAG(s) 'example_trigger_target_dag' retrieved from /home/pranav_shirali/airflow-project/airflow-env/lib/python3.10/site-packages/airflow/example_dags/example_trigger_target_dag.py
[2025-03-31T13:11:05.572+0530] {logging_mixin.py:190} INFO - [2025-03-31T13:11:05.571+0530] {dag.py:3239} INFO - Sync 1 DAGs
[2025-03-31T13:11:05.581+0530] {logging_mixin.py:190} INFO - [2025-03-31T13:11:05.581+0530] {dag.py:4180} INFO - Setting next_dagrun for example_trigger_target_dag to None, run_after=None
[2025-03-31T13:11:05.597+0530] {processor.py:208} INFO - Processing /home/pranav_shirali/airflow-project/airflow-env/lib/python3.10/site-packages/airflow/example_dags/example_trigger_target_dag.py took 0.050 seconds
[2025-03-31T13:12:01.307+0530] {processor.py:186} INFO - Started process (PID=9759) to work on /home/pranav_shirali/airflow-project/airflow-env/lib/python3.10/site-packages/airflow/example_dags/example_trigger_target_dag.py
[2025-03-31T13:12:01.308+0530] {processor.py:914} INFO - Processing file /home/pranav_shirali/airflow-project/airflow-env/lib/python3.10/site-packages/airflow/example_dags/example_trigger_target_dag.py for tasks to queue
[2025-03-31T13:12:01.310+0530] {logging_mixin.py:190} INFO - [2025-03-31T13:12:01.309+0530] {dagbag.py:588} INFO - Filling up the DagBag from /home/pranav_shirali/airflow-project/airflow-env/lib/python3.10/site-packages/airflow/example_dags/example_trigger_target_dag.py
[2025-03-31T13:12:01.316+0530] {processor.py:925} INFO - DAG(s) 'example_trigger_target_dag' retrieved from /home/pranav_shirali/airflow-project/airflow-env/lib/python3.10/site-packages/airflow/example_dags/example_trigger_target_dag.py
[2025-03-31T13:12:01.327+0530] {logging_mixin.py:190} INFO - [2025-03-31T13:12:01.327+0530] {dag.py:3239} INFO - Sync 1 DAGs
[2025-03-31T13:12:01.336+0530] {logging_mixin.py:190} INFO - [2025-03-31T13:12:01.336+0530] {dag.py:4180} INFO - Setting next_dagrun for example_trigger_target_dag to None, run_after=None
[2025-03-31T13:12:01.355+0530] {processor.py:208} INFO - Processing /home/pranav_shirali/airflow-project/airflow-env/lib/python3.10/site-packages/airflow/example_dags/example_trigger_target_dag.py took 0.053 seconds
[2025-03-31T13:12:58.526+0530] {processor.py:186} INFO - Started process (PID=10010) to work on /home/pranav_shirali/airflow-project/airflow-env/lib/python3.10/site-packages/airflow/example_dags/example_trigger_target_dag.py
[2025-03-31T13:12:58.527+0530] {processor.py:914} INFO - Processing file /home/pranav_shirali/airflow-project/airflow-env/lib/python3.10/site-packages/airflow/example_dags/example_trigger_target_dag.py for tasks to queue
[2025-03-31T13:12:58.529+0530] {logging_mixin.py:190} INFO - [2025-03-31T13:12:58.528+0530] {dagbag.py:588} INFO - Filling up the DagBag from /home/pranav_shirali/airflow-project/airflow-env/lib/python3.10/site-packages/airflow/example_dags/example_trigger_target_dag.py
[2025-03-31T13:12:58.535+0530] {processor.py:925} INFO - DAG(s) 'example_trigger_target_dag' retrieved from /home/pranav_shirali/airflow-project/airflow-env/lib/python3.10/site-packages/airflow/example_dags/example_trigger_target_dag.py
[2025-03-31T13:12:58.548+0530] {logging_mixin.py:190} INFO - [2025-03-31T13:12:58.548+0530] {dag.py:3239} INFO - Sync 1 DAGs
[2025-03-31T13:12:58.559+0530] {logging_mixin.py:190} INFO - [2025-03-31T13:12:58.559+0530] {dag.py:4180} INFO - Setting next_dagrun for example_trigger_target_dag to None, run_after=None
[2025-03-31T13:12:58.576+0530] {processor.py:208} INFO - Processing /home/pranav_shirali/airflow-project/airflow-env/lib/python3.10/site-packages/airflow/example_dags/example_trigger_target_dag.py took 0.054 seconds
[2025-03-31T13:13:50.330+0530] {processor.py:186} INFO - Started process (PID=10481) to work on /home/pranav_shirali/airflow-project/airflow-env/lib/python3.10/site-packages/airflow/example_dags/example_trigger_target_dag.py
[2025-03-31T13:13:50.331+0530] {processor.py:914} INFO - Processing file /home/pranav_shirali/airflow-project/airflow-env/lib/python3.10/site-packages/airflow/example_dags/example_trigger_target_dag.py for tasks to queue
[2025-03-31T13:13:50.332+0530] {logging_mixin.py:190} INFO - [2025-03-31T13:13:50.332+0530] {dagbag.py:588} INFO - Filling up the DagBag from /home/pranav_shirali/airflow-project/airflow-env/lib/python3.10/site-packages/airflow/example_dags/example_trigger_target_dag.py
[2025-03-31T13:13:50.338+0530] {processor.py:925} INFO - DAG(s) 'example_trigger_target_dag' retrieved from /home/pranav_shirali/airflow-project/airflow-env/lib/python3.10/site-packages/airflow/example_dags/example_trigger_target_dag.py
[2025-03-31T13:13:50.348+0530] {logging_mixin.py:190} INFO - [2025-03-31T13:13:50.348+0530] {dag.py:3239} INFO - Sync 1 DAGs
[2025-03-31T13:13:50.356+0530] {logging_mixin.py:190} INFO - [2025-03-31T13:13:50.356+0530] {dag.py:4180} INFO - Setting next_dagrun for example_trigger_target_dag to None, run_after=None
[2025-03-31T13:13:50.370+0530] {processor.py:208} INFO - Processing /home/pranav_shirali/airflow-project/airflow-env/lib/python3.10/site-packages/airflow/example_dags/example_trigger_target_dag.py took 0.044 seconds
[2025-03-31T13:14:48.247+0530] {processor.py:186} INFO - Started process (PID=10979) to work on /home/pranav_shirali/airflow-project/airflow-env/lib/python3.10/site-packages/airflow/example_dags/example_trigger_target_dag.py
[2025-03-31T13:14:48.250+0530] {processor.py:914} INFO - Processing file /home/pranav_shirali/airflow-project/airflow-env/lib/python3.10/site-packages/airflow/example_dags/example_trigger_target_dag.py for tasks to queue
[2025-03-31T13:14:48.252+0530] {logging_mixin.py:190} INFO - [2025-03-31T13:14:48.251+0530] {dagbag.py:588} INFO - Filling up the DagBag from /home/pranav_shirali/airflow-project/airflow-env/lib/python3.10/site-packages/airflow/example_dags/example_trigger_target_dag.py
[2025-03-31T13:14:48.258+0530] {processor.py:925} INFO - DAG(s) 'example_trigger_target_dag' retrieved from /home/pranav_shirali/airflow-project/airflow-env/lib/python3.10/site-packages/airflow/example_dags/example_trigger_target_dag.py
[2025-03-31T13:14:48.268+0530] {logging_mixin.py:190} INFO - [2025-03-31T13:14:48.268+0530] {dag.py:3239} INFO - Sync 1 DAGs
[2025-03-31T13:14:48.278+0530] {logging_mixin.py:190} INFO - [2025-03-31T13:14:48.277+0530] {dag.py:4180} INFO - Setting next_dagrun for example_trigger_target_dag to None, run_after=None
[2025-03-31T13:14:48.295+0530] {processor.py:208} INFO - Processing /home/pranav_shirali/airflow-project/airflow-env/lib/python3.10/site-packages/airflow/example_dags/example_trigger_target_dag.py took 0.052 seconds
[2025-03-31T13:15:51.654+0530] {processor.py:186} INFO - Started process (PID=11603) to work on /home/pranav_shirali/airflow-project/airflow-env/lib/python3.10/site-packages/airflow/example_dags/example_trigger_target_dag.py
[2025-03-31T13:15:51.656+0530] {processor.py:914} INFO - Processing file /home/pranav_shirali/airflow-project/airflow-env/lib/python3.10/site-packages/airflow/example_dags/example_trigger_target_dag.py for tasks to queue
[2025-03-31T13:15:51.658+0530] {logging_mixin.py:190} INFO - [2025-03-31T13:15:51.658+0530] {dagbag.py:588} INFO - Filling up the DagBag from /home/pranav_shirali/airflow-project/airflow-env/lib/python3.10/site-packages/airflow/example_dags/example_trigger_target_dag.py
[2025-03-31T13:15:51.666+0530] {processor.py:925} INFO - DAG(s) 'example_trigger_target_dag' retrieved from /home/pranav_shirali/airflow-project/airflow-env/lib/python3.10/site-packages/airflow/example_dags/example_trigger_target_dag.py
[2025-03-31T13:15:51.680+0530] {logging_mixin.py:190} INFO - [2025-03-31T13:15:51.680+0530] {dag.py:3239} INFO - Sync 1 DAGs
[2025-03-31T13:15:51.691+0530] {logging_mixin.py:190} INFO - [2025-03-31T13:15:51.691+0530] {dag.py:4180} INFO - Setting next_dagrun for example_trigger_target_dag to None, run_after=None
[2025-03-31T13:15:51.709+0530] {processor.py:208} INFO - Processing /home/pranav_shirali/airflow-project/airflow-env/lib/python3.10/site-packages/airflow/example_dags/example_trigger_target_dag.py took 0.061 seconds
[2025-03-31T13:16:51.683+0530] {processor.py:186} INFO - Started process (PID=12185) to work on /home/pranav_shirali/airflow-project/airflow-env/lib/python3.10/site-packages/airflow/example_dags/example_trigger_target_dag.py
[2025-03-31T13:16:51.686+0530] {processor.py:914} INFO - Processing file /home/pranav_shirali/airflow-project/airflow-env/lib/python3.10/site-packages/airflow/example_dags/example_trigger_target_dag.py for tasks to queue
[2025-03-31T13:16:51.687+0530] {logging_mixin.py:190} INFO - [2025-03-31T13:16:51.687+0530] {dagbag.py:588} INFO - Filling up the DagBag from /home/pranav_shirali/airflow-project/airflow-env/lib/python3.10/site-packages/airflow/example_dags/example_trigger_target_dag.py
[2025-03-31T13:16:51.694+0530] {processor.py:925} INFO - DAG(s) 'example_trigger_target_dag' retrieved from /home/pranav_shirali/airflow-project/airflow-env/lib/python3.10/site-packages/airflow/example_dags/example_trigger_target_dag.py
[2025-03-31T13:16:51.705+0530] {logging_mixin.py:190} INFO - [2025-03-31T13:16:51.705+0530] {dag.py:3239} INFO - Sync 1 DAGs
[2025-03-31T13:16:51.714+0530] {logging_mixin.py:190} INFO - [2025-03-31T13:16:51.714+0530] {dag.py:4180} INFO - Setting next_dagrun for example_trigger_target_dag to None, run_after=None
[2025-03-31T13:16:51.729+0530] {processor.py:208} INFO - Processing /home/pranav_shirali/airflow-project/airflow-env/lib/python3.10/site-packages/airflow/example_dags/example_trigger_target_dag.py took 0.051 seconds
[2025-03-31T13:17:45.254+0530] {processor.py:186} INFO - Started process (PID=12536) to work on /home/pranav_shirali/airflow-project/airflow-env/lib/python3.10/site-packages/airflow/example_dags/example_trigger_target_dag.py
[2025-03-31T13:17:45.254+0530] {processor.py:914} INFO - Processing file /home/pranav_shirali/airflow-project/airflow-env/lib/python3.10/site-packages/airflow/example_dags/example_trigger_target_dag.py for tasks to queue
[2025-03-31T13:17:45.256+0530] {logging_mixin.py:190} INFO - [2025-03-31T13:17:45.256+0530] {dagbag.py:588} INFO - Filling up the DagBag from /home/pranav_shirali/airflow-project/airflow-env/lib/python3.10/site-packages/airflow/example_dags/example_trigger_target_dag.py
[2025-03-31T13:17:45.262+0530] {processor.py:925} INFO - DAG(s) 'example_trigger_target_dag' retrieved from /home/pranav_shirali/airflow-project/airflow-env/lib/python3.10/site-packages/airflow/example_dags/example_trigger_target_dag.py
[2025-03-31T13:17:45.271+0530] {logging_mixin.py:190} INFO - [2025-03-31T13:17:45.271+0530] {dag.py:3239} INFO - Sync 1 DAGs
[2025-03-31T13:17:45.282+0530] {logging_mixin.py:190} INFO - [2025-03-31T13:17:45.281+0530] {dag.py:4180} INFO - Setting next_dagrun for example_trigger_target_dag to None, run_after=None
[2025-03-31T13:17:45.296+0530] {processor.py:208} INFO - Processing /home/pranav_shirali/airflow-project/airflow-env/lib/python3.10/site-packages/airflow/example_dags/example_trigger_target_dag.py took 0.046 seconds
