[2025-03-31T13:06:57.296+0530] {processor.py:186} INFO - Started process (PID=8211) to work on /home/pranav_shirali/airflow-project/airflow-env/lib/python3.10/site-packages/airflow/example_dags/tutorial_taskflow_api.py
[2025-03-31T13:06:57.296+0530] {processor.py:914} INFO - Processing file /home/pranav_shirali/airflow-project/airflow-env/lib/python3.10/site-packages/airflow/example_dags/tutorial_taskflow_api.py for tasks to queue
[2025-03-31T13:06:57.298+0530] {logging_mixin.py:190} INFO - [2025-03-31T13:06:57.298+0530] {dagbag.py:588} INFO - Filling up the DagBag from /home/pranav_shirali/airflow-project/airflow-env/lib/python3.10/site-packages/airflow/example_dags/tutorial_taskflow_api.py
[2025-03-31T13:06:57.303+0530] {processor.py:925} INFO - DAG(s) 'tutorial_taskflow_api' retrieved from /home/pranav_shirali/airflow-project/airflow-env/lib/python3.10/site-packages/airflow/example_dags/tutorial_taskflow_api.py
[2025-03-31T13:06:57.315+0530] {logging_mixin.py:190} INFO - [2025-03-31T13:06:57.315+0530] {dag.py:3239} INFO - Sync 1 DAGs
[2025-03-31T13:06:57.325+0530] {logging_mixin.py:190} INFO - [2025-03-31T13:06:57.325+0530] {dag.py:4180} INFO - Setting next_dagrun for tutorial_taskflow_api to None, run_after=None
[2025-03-31T13:06:57.340+0530] {processor.py:208} INFO - Processing /home/pranav_shirali/airflow-project/airflow-env/lib/python3.10/site-packages/airflow/example_dags/tutorial_taskflow_api.py took 0.048 seconds
[2025-03-31T13:07:57.196+0530] {processor.py:186} INFO - Started process (PID=8633) to work on /home/pranav_shirali/airflow-project/airflow-env/lib/python3.10/site-packages/airflow/example_dags/tutorial_taskflow_api.py
[2025-03-31T13:07:57.197+0530] {processor.py:914} INFO - Processing file /home/pranav_shirali/airflow-project/airflow-env/lib/python3.10/site-packages/airflow/example_dags/tutorial_taskflow_api.py for tasks to queue
[2025-03-31T13:07:57.199+0530] {logging_mixin.py:190} INFO - [2025-03-31T13:07:57.198+0530] {dagbag.py:588} INFO - Filling up the DagBag from /home/pranav_shirali/airflow-project/airflow-env/lib/python3.10/site-packages/airflow/example_dags/tutorial_taskflow_api.py
[2025-03-31T13:07:57.206+0530] {processor.py:925} INFO - DAG(s) 'tutorial_taskflow_api' retrieved from /home/pranav_shirali/airflow-project/airflow-env/lib/python3.10/site-packages/airflow/example_dags/tutorial_taskflow_api.py
[2025-03-31T13:07:57.219+0530] {logging_mixin.py:190} INFO - [2025-03-31T13:07:57.218+0530] {dag.py:3239} INFO - Sync 1 DAGs
[2025-03-31T13:07:57.230+0530] {logging_mixin.py:190} INFO - [2025-03-31T13:07:57.230+0530] {dag.py:4180} INFO - Setting next_dagrun for tutorial_taskflow_api to None, run_after=None
[2025-03-31T13:07:57.247+0530] {processor.py:208} INFO - Processing /home/pranav_shirali/airflow-project/airflow-env/lib/python3.10/site-packages/airflow/example_dags/tutorial_taskflow_api.py took 0.057 seconds
[2025-03-31T13:08:58.933+0530] {processor.py:186} INFO - Started process (PID=9052) to work on /home/pranav_shirali/airflow-project/airflow-env/lib/python3.10/site-packages/airflow/example_dags/tutorial_taskflow_api.py
[2025-03-31T13:08:58.936+0530] {processor.py:914} INFO - Processing file /home/pranav_shirali/airflow-project/airflow-env/lib/python3.10/site-packages/airflow/example_dags/tutorial_taskflow_api.py for tasks to queue
[2025-03-31T13:08:58.939+0530] {logging_mixin.py:190} INFO - [2025-03-31T13:08:58.938+0530] {dagbag.py:588} INFO - Filling up the DagBag from /home/pranav_shirali/airflow-project/airflow-env/lib/python3.10/site-packages/airflow/example_dags/tutorial_taskflow_api.py
[2025-03-31T13:08:58.950+0530] {processor.py:925} INFO - DAG(s) 'tutorial_taskflow_api' retrieved from /home/pranav_shirali/airflow-project/airflow-env/lib/python3.10/site-packages/airflow/example_dags/tutorial_taskflow_api.py
[2025-03-31T13:08:58.967+0530] {logging_mixin.py:190} INFO - [2025-03-31T13:08:58.967+0530] {dag.py:3239} INFO - Sync 1 DAGs
[2025-03-31T13:08:58.982+0530] {logging_mixin.py:190} INFO - [2025-03-31T13:08:58.982+0530] {dag.py:4180} INFO - Setting next_dagrun for tutorial_taskflow_api to None, run_after=None
[2025-03-31T13:08:59.007+0530] {processor.py:208} INFO - Processing /home/pranav_shirali/airflow-project/airflow-env/lib/python3.10/site-packages/airflow/example_dags/tutorial_taskflow_api.py took 0.080 seconds
[2025-03-31T13:09:57.212+0530] {processor.py:186} INFO - Started process (PID=9276) to work on /home/pranav_shirali/airflow-project/airflow-env/lib/python3.10/site-packages/airflow/example_dags/tutorial_taskflow_api.py
[2025-03-31T13:09:57.214+0530] {processor.py:914} INFO - Processing file /home/pranav_shirali/airflow-project/airflow-env/lib/python3.10/site-packages/airflow/example_dags/tutorial_taskflow_api.py for tasks to queue
[2025-03-31T13:09:57.216+0530] {logging_mixin.py:190} INFO - [2025-03-31T13:09:57.216+0530] {dagbag.py:588} INFO - Filling up the DagBag from /home/pranav_shirali/airflow-project/airflow-env/lib/python3.10/site-packages/airflow/example_dags/tutorial_taskflow_api.py
[2025-03-31T13:09:57.223+0530] {processor.py:925} INFO - DAG(s) 'tutorial_taskflow_api' retrieved from /home/pranav_shirali/airflow-project/airflow-env/lib/python3.10/site-packages/airflow/example_dags/tutorial_taskflow_api.py
[2025-03-31T13:09:57.234+0530] {logging_mixin.py:190} INFO - [2025-03-31T13:09:57.234+0530] {dag.py:3239} INFO - Sync 1 DAGs
[2025-03-31T13:09:57.243+0530] {logging_mixin.py:190} INFO - [2025-03-31T13:09:57.243+0530] {dag.py:4180} INFO - Setting next_dagrun for tutorial_taskflow_api to None, run_after=None
[2025-03-31T13:09:57.259+0530] {processor.py:208} INFO - Processing /home/pranav_shirali/airflow-project/airflow-env/lib/python3.10/site-packages/airflow/example_dags/tutorial_taskflow_api.py took 0.052 seconds
[2025-03-31T13:10:54.273+0530] {processor.py:186} INFO - Started process (PID=9489) to work on /home/pranav_shirali/airflow-project/airflow-env/lib/python3.10/site-packages/airflow/example_dags/tutorial_taskflow_api.py
[2025-03-31T13:10:54.274+0530] {processor.py:914} INFO - Processing file /home/pranav_shirali/airflow-project/airflow-env/lib/python3.10/site-packages/airflow/example_dags/tutorial_taskflow_api.py for tasks to queue
[2025-03-31T13:10:54.276+0530] {logging_mixin.py:190} INFO - [2025-03-31T13:10:54.276+0530] {dagbag.py:588} INFO - Filling up the DagBag from /home/pranav_shirali/airflow-project/airflow-env/lib/python3.10/site-packages/airflow/example_dags/tutorial_taskflow_api.py
[2025-03-31T13:10:54.283+0530] {processor.py:925} INFO - DAG(s) 'tutorial_taskflow_api' retrieved from /home/pranav_shirali/airflow-project/airflow-env/lib/python3.10/site-packages/airflow/example_dags/tutorial_taskflow_api.py
[2025-03-31T13:10:54.296+0530] {logging_mixin.py:190} INFO - [2025-03-31T13:10:54.296+0530] {dag.py:3239} INFO - Sync 1 DAGs
[2025-03-31T13:10:54.306+0530] {logging_mixin.py:190} INFO - [2025-03-31T13:10:54.306+0530] {dag.py:4180} INFO - Setting next_dagrun for tutorial_taskflow_api to None, run_after=None
[2025-03-31T13:10:54.328+0530] {processor.py:208} INFO - Processing /home/pranav_shirali/airflow-project/airflow-env/lib/python3.10/site-packages/airflow/example_dags/tutorial_taskflow_api.py took 0.059 seconds
[2025-03-31T13:11:46.037+0530] {processor.py:186} INFO - Started process (PID=9700) to work on /home/pranav_shirali/airflow-project/airflow-env/lib/python3.10/site-packages/airflow/example_dags/tutorial_taskflow_api.py
[2025-03-31T13:11:46.039+0530] {processor.py:914} INFO - Processing file /home/pranav_shirali/airflow-project/airflow-env/lib/python3.10/site-packages/airflow/example_dags/tutorial_taskflow_api.py for tasks to queue
[2025-03-31T13:11:46.041+0530] {logging_mixin.py:190} INFO - [2025-03-31T13:11:46.041+0530] {dagbag.py:588} INFO - Filling up the DagBag from /home/pranav_shirali/airflow-project/airflow-env/lib/python3.10/site-packages/airflow/example_dags/tutorial_taskflow_api.py
[2025-03-31T13:11:46.048+0530] {processor.py:925} INFO - DAG(s) 'tutorial_taskflow_api' retrieved from /home/pranav_shirali/airflow-project/airflow-env/lib/python3.10/site-packages/airflow/example_dags/tutorial_taskflow_api.py
[2025-03-31T13:11:46.058+0530] {logging_mixin.py:190} INFO - [2025-03-31T13:11:46.058+0530] {dag.py:3239} INFO - Sync 1 DAGs
[2025-03-31T13:11:46.070+0530] {logging_mixin.py:190} INFO - [2025-03-31T13:11:46.070+0530] {dag.py:4180} INFO - Setting next_dagrun for tutorial_taskflow_api to None, run_after=None
[2025-03-31T13:11:46.088+0530] {processor.py:208} INFO - Processing /home/pranav_shirali/airflow-project/airflow-env/lib/python3.10/site-packages/airflow/example_dags/tutorial_taskflow_api.py took 0.056 seconds
[2025-03-31T13:12:38.542+0530] {processor.py:186} INFO - Started process (PID=9933) to work on /home/pranav_shirali/airflow-project/airflow-env/lib/python3.10/site-packages/airflow/example_dags/tutorial_taskflow_api.py
[2025-03-31T13:12:38.543+0530] {processor.py:914} INFO - Processing file /home/pranav_shirali/airflow-project/airflow-env/lib/python3.10/site-packages/airflow/example_dags/tutorial_taskflow_api.py for tasks to queue
[2025-03-31T13:12:38.545+0530] {logging_mixin.py:190} INFO - [2025-03-31T13:12:38.545+0530] {dagbag.py:588} INFO - Filling up the DagBag from /home/pranav_shirali/airflow-project/airflow-env/lib/python3.10/site-packages/airflow/example_dags/tutorial_taskflow_api.py
[2025-03-31T13:12:38.552+0530] {processor.py:925} INFO - DAG(s) 'tutorial_taskflow_api' retrieved from /home/pranav_shirali/airflow-project/airflow-env/lib/python3.10/site-packages/airflow/example_dags/tutorial_taskflow_api.py
[2025-03-31T13:12:38.565+0530] {logging_mixin.py:190} INFO - [2025-03-31T13:12:38.565+0530] {dag.py:3239} INFO - Sync 1 DAGs
[2025-03-31T13:12:38.574+0530] {logging_mixin.py:190} INFO - [2025-03-31T13:12:38.574+0530] {dag.py:4180} INFO - Setting next_dagrun for tutorial_taskflow_api to None, run_after=None
[2025-03-31T13:12:38.590+0530] {processor.py:208} INFO - Processing /home/pranav_shirali/airflow-project/airflow-env/lib/python3.10/site-packages/airflow/example_dags/tutorial_taskflow_api.py took 0.054 seconds
[2025-03-31T13:13:32.802+0530] {processor.py:186} INFO - Started process (PID=10380) to work on /home/pranav_shirali/airflow-project/airflow-env/lib/python3.10/site-packages/airflow/example_dags/tutorial_taskflow_api.py
[2025-03-31T13:13:32.804+0530] {processor.py:914} INFO - Processing file /home/pranav_shirali/airflow-project/airflow-env/lib/python3.10/site-packages/airflow/example_dags/tutorial_taskflow_api.py for tasks to queue
[2025-03-31T13:13:32.806+0530] {logging_mixin.py:190} INFO - [2025-03-31T13:13:32.806+0530] {dagbag.py:588} INFO - Filling up the DagBag from /home/pranav_shirali/airflow-project/airflow-env/lib/python3.10/site-packages/airflow/example_dags/tutorial_taskflow_api.py
[2025-03-31T13:13:32.812+0530] {processor.py:925} INFO - DAG(s) 'tutorial_taskflow_api' retrieved from /home/pranav_shirali/airflow-project/airflow-env/lib/python3.10/site-packages/airflow/example_dags/tutorial_taskflow_api.py
[2025-03-31T13:13:32.822+0530] {logging_mixin.py:190} INFO - [2025-03-31T13:13:32.822+0530] {dag.py:3239} INFO - Sync 1 DAGs
[2025-03-31T13:13:32.830+0530] {logging_mixin.py:190} INFO - [2025-03-31T13:13:32.830+0530] {dag.py:4180} INFO - Setting next_dagrun for tutorial_taskflow_api to None, run_after=None
[2025-03-31T13:13:32.843+0530] {processor.py:208} INFO - Processing /home/pranav_shirali/airflow-project/airflow-env/lib/python3.10/site-packages/airflow/example_dags/tutorial_taskflow_api.py took 0.046 seconds
[2025-03-31T13:14:27.267+0530] {processor.py:186} INFO - Started process (PID=10785) to work on /home/pranav_shirali/airflow-project/airflow-env/lib/python3.10/site-packages/airflow/example_dags/tutorial_taskflow_api.py
[2025-03-31T13:14:27.268+0530] {processor.py:914} INFO - Processing file /home/pranav_shirali/airflow-project/airflow-env/lib/python3.10/site-packages/airflow/example_dags/tutorial_taskflow_api.py for tasks to queue
[2025-03-31T13:14:27.271+0530] {logging_mixin.py:190} INFO - [2025-03-31T13:14:27.270+0530] {dagbag.py:588} INFO - Filling up the DagBag from /home/pranav_shirali/airflow-project/airflow-env/lib/python3.10/site-packages/airflow/example_dags/tutorial_taskflow_api.py
[2025-03-31T13:14:27.277+0530] {processor.py:925} INFO - DAG(s) 'tutorial_taskflow_api' retrieved from /home/pranav_shirali/airflow-project/airflow-env/lib/python3.10/site-packages/airflow/example_dags/tutorial_taskflow_api.py
[2025-03-31T13:14:27.289+0530] {logging_mixin.py:190} INFO - [2025-03-31T13:14:27.288+0530] {dag.py:3239} INFO - Sync 1 DAGs
[2025-03-31T13:14:27.300+0530] {logging_mixin.py:190} INFO - [2025-03-31T13:14:27.299+0530] {dag.py:4180} INFO - Setting next_dagrun for tutorial_taskflow_api to None, run_after=None
[2025-03-31T13:14:27.317+0530] {processor.py:208} INFO - Processing /home/pranav_shirali/airflow-project/airflow-env/lib/python3.10/site-packages/airflow/example_dags/tutorial_taskflow_api.py took 0.054 seconds
[2025-03-31T13:15:27.792+0530] {processor.py:186} INFO - Started process (PID=11395) to work on /home/pranav_shirali/airflow-project/airflow-env/lib/python3.10/site-packages/airflow/example_dags/tutorial_taskflow_api.py
[2025-03-31T13:15:27.795+0530] {processor.py:914} INFO - Processing file /home/pranav_shirali/airflow-project/airflow-env/lib/python3.10/site-packages/airflow/example_dags/tutorial_taskflow_api.py for tasks to queue
[2025-03-31T13:15:27.797+0530] {logging_mixin.py:190} INFO - [2025-03-31T13:15:27.796+0530] {dagbag.py:588} INFO - Filling up the DagBag from /home/pranav_shirali/airflow-project/airflow-env/lib/python3.10/site-packages/airflow/example_dags/tutorial_taskflow_api.py
[2025-03-31T13:15:27.803+0530] {processor.py:925} INFO - DAG(s) 'tutorial_taskflow_api' retrieved from /home/pranav_shirali/airflow-project/airflow-env/lib/python3.10/site-packages/airflow/example_dags/tutorial_taskflow_api.py
[2025-03-31T13:15:27.816+0530] {logging_mixin.py:190} INFO - [2025-03-31T13:15:27.816+0530] {dag.py:3239} INFO - Sync 1 DAGs
[2025-03-31T13:15:27.825+0530] {logging_mixin.py:190} INFO - [2025-03-31T13:15:27.825+0530] {dag.py:4180} INFO - Setting next_dagrun for tutorial_taskflow_api to None, run_after=None
[2025-03-31T13:15:27.842+0530] {processor.py:208} INFO - Processing /home/pranav_shirali/airflow-project/airflow-env/lib/python3.10/site-packages/airflow/example_dags/tutorial_taskflow_api.py took 0.055 seconds
[2025-03-31T13:16:31.180+0530] {processor.py:186} INFO - Started process (PID=12035) to work on /home/pranav_shirali/airflow-project/airflow-env/lib/python3.10/site-packages/airflow/example_dags/tutorial_taskflow_api.py
[2025-03-31T13:16:31.181+0530] {processor.py:914} INFO - Processing file /home/pranav_shirali/airflow-project/airflow-env/lib/python3.10/site-packages/airflow/example_dags/tutorial_taskflow_api.py for tasks to queue
[2025-03-31T13:16:31.183+0530] {logging_mixin.py:190} INFO - [2025-03-31T13:16:31.183+0530] {dagbag.py:588} INFO - Filling up the DagBag from /home/pranav_shirali/airflow-project/airflow-env/lib/python3.10/site-packages/airflow/example_dags/tutorial_taskflow_api.py
[2025-03-31T13:16:31.190+0530] {processor.py:925} INFO - DAG(s) 'tutorial_taskflow_api' retrieved from /home/pranav_shirali/airflow-project/airflow-env/lib/python3.10/site-packages/airflow/example_dags/tutorial_taskflow_api.py
[2025-03-31T13:16:31.265+0530] {logging_mixin.py:190} INFO - [2025-03-31T13:16:31.265+0530] {dag.py:3239} INFO - Sync 1 DAGs
[2025-03-31T13:16:31.273+0530] {logging_mixin.py:190} INFO - [2025-03-31T13:16:31.273+0530] {dag.py:3262} INFO - Creating ORM DAG for tutorial_taskflow_api
[2025-03-31T13:16:31.274+0530] {logging_mixin.py:190} INFO - [2025-03-31T13:16:31.274+0530] {dag.py:4180} INFO - Setting next_dagrun for tutorial_taskflow_api to None, run_after=None
[2025-03-31T13:16:31.290+0530] {processor.py:208} INFO - Processing /home/pranav_shirali/airflow-project/airflow-env/lib/python3.10/site-packages/airflow/example_dags/tutorial_taskflow_api.py took 0.116 seconds
[2025-03-31T13:17:27.067+0530] {processor.py:186} INFO - Started process (PID=12391) to work on /home/pranav_shirali/airflow-project/airflow-env/lib/python3.10/site-packages/airflow/example_dags/tutorial_taskflow_api.py
[2025-03-31T13:17:27.068+0530] {processor.py:914} INFO - Processing file /home/pranav_shirali/airflow-project/airflow-env/lib/python3.10/site-packages/airflow/example_dags/tutorial_taskflow_api.py for tasks to queue
[2025-03-31T13:17:27.070+0530] {logging_mixin.py:190} INFO - [2025-03-31T13:17:27.070+0530] {dagbag.py:588} INFO - Filling up the DagBag from /home/pranav_shirali/airflow-project/airflow-env/lib/python3.10/site-packages/airflow/example_dags/tutorial_taskflow_api.py
[2025-03-31T13:17:27.076+0530] {processor.py:925} INFO - DAG(s) 'tutorial_taskflow_api' retrieved from /home/pranav_shirali/airflow-project/airflow-env/lib/python3.10/site-packages/airflow/example_dags/tutorial_taskflow_api.py
[2025-03-31T13:17:27.085+0530] {logging_mixin.py:190} INFO - [2025-03-31T13:17:27.085+0530] {dag.py:3239} INFO - Sync 1 DAGs
[2025-03-31T13:17:27.093+0530] {logging_mixin.py:190} INFO - [2025-03-31T13:17:27.093+0530] {dag.py:4180} INFO - Setting next_dagrun for tutorial_taskflow_api to None, run_after=None
[2025-03-31T13:17:27.108+0530] {processor.py:208} INFO - Processing /home/pranav_shirali/airflow-project/airflow-env/lib/python3.10/site-packages/airflow/example_dags/tutorial_taskflow_api.py took 0.045 seconds
