[2025-03-31T13:07:16.686+0530] {processor.py:186} INFO - Started process (PID=8351) to work on /home/pranav_shirali/airflow-project/airflow-env/lib/python3.10/site-packages/airflow/example_dags/tutorial.py
[2025-03-31T13:07:16.686+0530] {processor.py:914} INFO - Processing file /home/pranav_shirali/airflow-project/airflow-env/lib/python3.10/site-packages/airflow/example_dags/tutorial.py for tasks to queue
[2025-03-31T13:07:16.689+0530] {logging_mixin.py:190} INFO - [2025-03-31T13:07:16.688+0530] {dagbag.py:588} INFO - Filling up the DagBag from /home/pranav_shirali/airflow-project/airflow-env/lib/python3.10/site-packages/airflow/example_dags/tutorial.py
[2025-03-31T13:07:16.696+0530] {processor.py:925} INFO - DAG(s) 'tutorial' retrieved from /home/pranav_shirali/airflow-project/airflow-env/lib/python3.10/site-packages/airflow/example_dags/tutorial.py
[2025-03-31T13:07:16.713+0530] {logging_mixin.py:190} INFO - [2025-03-31T13:07:16.712+0530] {dag.py:3239} INFO - Sync 1 DAGs
[2025-03-31T13:07:16.729+0530] {logging_mixin.py:190} INFO - [2025-03-31T13:07:16.729+0530] {dag.py:4180} INFO - Setting next_dagrun for tutorial to 2025-03-30 00:00:00+00:00, run_after=2025-03-31 00:00:00+00:00
[2025-03-31T13:07:16.747+0530] {processor.py:208} INFO - Processing /home/pranav_shirali/airflow-project/airflow-env/lib/python3.10/site-packages/airflow/example_dags/tutorial.py took 0.067 seconds
[2025-03-31T13:08:21.700+0530] {processor.py:186} INFO - Started process (PID=8773) to work on /home/pranav_shirali/airflow-project/airflow-env/lib/python3.10/site-packages/airflow/example_dags/tutorial.py
[2025-03-31T13:08:21.703+0530] {processor.py:914} INFO - Processing file /home/pranav_shirali/airflow-project/airflow-env/lib/python3.10/site-packages/airflow/example_dags/tutorial.py for tasks to queue
[2025-03-31T13:08:21.704+0530] {logging_mixin.py:190} INFO - [2025-03-31T13:08:21.704+0530] {dagbag.py:588} INFO - Filling up the DagBag from /home/pranav_shirali/airflow-project/airflow-env/lib/python3.10/site-packages/airflow/example_dags/tutorial.py
[2025-03-31T13:08:21.710+0530] {processor.py:925} INFO - DAG(s) 'tutorial' retrieved from /home/pranav_shirali/airflow-project/airflow-env/lib/python3.10/site-packages/airflow/example_dags/tutorial.py
[2025-03-31T13:08:21.722+0530] {logging_mixin.py:190} INFO - [2025-03-31T13:08:21.722+0530] {dag.py:3239} INFO - Sync 1 DAGs
[2025-03-31T13:08:21.736+0530] {logging_mixin.py:190} INFO - [2025-03-31T13:08:21.736+0530] {dag.py:4180} INFO - Setting next_dagrun for tutorial to 2025-03-30 00:00:00+00:00, run_after=2025-03-31 00:00:00+00:00
[2025-03-31T13:08:21.750+0530] {processor.py:208} INFO - Processing /home/pranav_shirali/airflow-project/airflow-env/lib/python3.10/site-packages/airflow/example_dags/tutorial.py took 0.055 seconds
[2025-03-31T13:09:19.128+0530] {processor.py:186} INFO - Started process (PID=9133) to work on /home/pranav_shirali/airflow-project/airflow-env/lib/python3.10/site-packages/airflow/example_dags/tutorial.py
[2025-03-31T13:09:19.129+0530] {processor.py:914} INFO - Processing file /home/pranav_shirali/airflow-project/airflow-env/lib/python3.10/site-packages/airflow/example_dags/tutorial.py for tasks to queue
[2025-03-31T13:09:19.131+0530] {logging_mixin.py:190} INFO - [2025-03-31T13:09:19.131+0530] {dagbag.py:588} INFO - Filling up the DagBag from /home/pranav_shirali/airflow-project/airflow-env/lib/python3.10/site-packages/airflow/example_dags/tutorial.py
[2025-03-31T13:09:19.136+0530] {processor.py:925} INFO - DAG(s) 'tutorial' retrieved from /home/pranav_shirali/airflow-project/airflow-env/lib/python3.10/site-packages/airflow/example_dags/tutorial.py
[2025-03-31T13:09:19.147+0530] {logging_mixin.py:190} INFO - [2025-03-31T13:09:19.147+0530] {dag.py:3239} INFO - Sync 1 DAGs
[2025-03-31T13:09:19.161+0530] {logging_mixin.py:190} INFO - [2025-03-31T13:09:19.160+0530] {dag.py:4180} INFO - Setting next_dagrun for tutorial to 2025-03-30 00:00:00+00:00, run_after=2025-03-31 00:00:00+00:00
[2025-03-31T13:09:19.175+0530] {processor.py:208} INFO - Processing /home/pranav_shirali/airflow-project/airflow-env/lib/python3.10/site-packages/airflow/example_dags/tutorial.py took 0.052 seconds
[2025-03-31T13:10:18.001+0530] {processor.py:186} INFO - Started process (PID=9358) to work on /home/pranav_shirali/airflow-project/airflow-env/lib/python3.10/site-packages/airflow/example_dags/tutorial.py
[2025-03-31T13:10:18.002+0530] {processor.py:914} INFO - Processing file /home/pranav_shirali/airflow-project/airflow-env/lib/python3.10/site-packages/airflow/example_dags/tutorial.py for tasks to queue
[2025-03-31T13:10:18.004+0530] {logging_mixin.py:190} INFO - [2025-03-31T13:10:18.004+0530] {dagbag.py:588} INFO - Filling up the DagBag from /home/pranav_shirali/airflow-project/airflow-env/lib/python3.10/site-packages/airflow/example_dags/tutorial.py
[2025-03-31T13:10:18.010+0530] {processor.py:925} INFO - DAG(s) 'tutorial' retrieved from /home/pranav_shirali/airflow-project/airflow-env/lib/python3.10/site-packages/airflow/example_dags/tutorial.py
[2025-03-31T13:10:18.025+0530] {logging_mixin.py:190} INFO - [2025-03-31T13:10:18.024+0530] {dag.py:3239} INFO - Sync 1 DAGs
[2025-03-31T13:10:18.044+0530] {logging_mixin.py:190} INFO - [2025-03-31T13:10:18.044+0530] {dag.py:4180} INFO - Setting next_dagrun for tutorial to 2025-03-30 00:00:00+00:00, run_after=2025-03-31 00:00:00+00:00
[2025-03-31T13:10:18.068+0530] {processor.py:208} INFO - Processing /home/pranav_shirali/airflow-project/airflow-env/lib/python3.10/site-packages/airflow/example_dags/tutorial.py took 0.074 seconds
[2025-03-31T13:11:12.864+0530] {processor.py:186} INFO - Started process (PID=9569) to work on /home/pranav_shirali/airflow-project/airflow-env/lib/python3.10/site-packages/airflow/example_dags/tutorial.py
[2025-03-31T13:11:12.865+0530] {processor.py:914} INFO - Processing file /home/pranav_shirali/airflow-project/airflow-env/lib/python3.10/site-packages/airflow/example_dags/tutorial.py for tasks to queue
[2025-03-31T13:11:12.867+0530] {logging_mixin.py:190} INFO - [2025-03-31T13:11:12.867+0530] {dagbag.py:588} INFO - Filling up the DagBag from /home/pranav_shirali/airflow-project/airflow-env/lib/python3.10/site-packages/airflow/example_dags/tutorial.py
[2025-03-31T13:11:12.873+0530] {processor.py:925} INFO - DAG(s) 'tutorial' retrieved from /home/pranav_shirali/airflow-project/airflow-env/lib/python3.10/site-packages/airflow/example_dags/tutorial.py
[2025-03-31T13:11:12.885+0530] {logging_mixin.py:190} INFO - [2025-03-31T13:11:12.885+0530] {dag.py:3239} INFO - Sync 1 DAGs
[2025-03-31T13:11:12.903+0530] {logging_mixin.py:190} INFO - [2025-03-31T13:11:12.903+0530] {dag.py:4180} INFO - Setting next_dagrun for tutorial to 2025-03-30 00:00:00+00:00, run_after=2025-03-31 00:00:00+00:00
[2025-03-31T13:11:12.920+0530] {processor.py:208} INFO - Processing /home/pranav_shirali/airflow-project/airflow-env/lib/python3.10/site-packages/airflow/example_dags/tutorial.py took 0.061 seconds
[2025-03-31T13:12:06.292+0530] {processor.py:186} INFO - Started process (PID=9809) to work on /home/pranav_shirali/airflow-project/airflow-env/lib/python3.10/site-packages/airflow/example_dags/tutorial.py
[2025-03-31T13:12:06.294+0530] {processor.py:914} INFO - Processing file /home/pranav_shirali/airflow-project/airflow-env/lib/python3.10/site-packages/airflow/example_dags/tutorial.py for tasks to queue
[2025-03-31T13:12:06.296+0530] {logging_mixin.py:190} INFO - [2025-03-31T13:12:06.296+0530] {dagbag.py:588} INFO - Filling up the DagBag from /home/pranav_shirali/airflow-project/airflow-env/lib/python3.10/site-packages/airflow/example_dags/tutorial.py
[2025-03-31T13:12:06.302+0530] {processor.py:925} INFO - DAG(s) 'tutorial' retrieved from /home/pranav_shirali/airflow-project/airflow-env/lib/python3.10/site-packages/airflow/example_dags/tutorial.py
[2025-03-31T13:12:06.313+0530] {logging_mixin.py:190} INFO - [2025-03-31T13:12:06.313+0530] {dag.py:3239} INFO - Sync 1 DAGs
[2025-03-31T13:12:06.326+0530] {logging_mixin.py:190} INFO - [2025-03-31T13:12:06.325+0530] {dag.py:4180} INFO - Setting next_dagrun for tutorial to 2025-03-30 00:00:00+00:00, run_after=2025-03-31 00:00:00+00:00
[2025-03-31T13:12:06.341+0530] {processor.py:208} INFO - Processing /home/pranav_shirali/airflow-project/airflow-env/lib/python3.10/site-packages/airflow/example_dags/tutorial.py took 0.053 seconds
[2025-03-31T13:13:02.711+0530] {processor.py:186} INFO - Started process (PID=10027) to work on /home/pranav_shirali/airflow-project/airflow-env/lib/python3.10/site-packages/airflow/example_dags/tutorial.py
[2025-03-31T13:13:02.713+0530] {processor.py:914} INFO - Processing file /home/pranav_shirali/airflow-project/airflow-env/lib/python3.10/site-packages/airflow/example_dags/tutorial.py for tasks to queue
[2025-03-31T13:13:02.715+0530] {logging_mixin.py:190} INFO - [2025-03-31T13:13:02.715+0530] {dagbag.py:588} INFO - Filling up the DagBag from /home/pranav_shirali/airflow-project/airflow-env/lib/python3.10/site-packages/airflow/example_dags/tutorial.py
[2025-03-31T13:13:02.721+0530] {processor.py:925} INFO - DAG(s) 'tutorial' retrieved from /home/pranav_shirali/airflow-project/airflow-env/lib/python3.10/site-packages/airflow/example_dags/tutorial.py
[2025-03-31T13:13:02.732+0530] {logging_mixin.py:190} INFO - [2025-03-31T13:13:02.732+0530] {dag.py:3239} INFO - Sync 1 DAGs
[2025-03-31T13:13:02.749+0530] {logging_mixin.py:190} INFO - [2025-03-31T13:13:02.748+0530] {dag.py:4180} INFO - Setting next_dagrun for tutorial to 2025-03-30 00:00:00+00:00, run_after=2025-03-31 00:00:00+00:00
[2025-03-31T13:13:02.766+0530] {processor.py:208} INFO - Processing /home/pranav_shirali/airflow-project/airflow-env/lib/python3.10/site-packages/airflow/example_dags/tutorial.py took 0.059 seconds
[2025-03-31T13:13:57.135+0530] {processor.py:186} INFO - Started process (PID=10500) to work on /home/pranav_shirali/airflow-project/airflow-env/lib/python3.10/site-packages/airflow/example_dags/tutorial.py
[2025-03-31T13:13:57.136+0530] {processor.py:914} INFO - Processing file /home/pranav_shirali/airflow-project/airflow-env/lib/python3.10/site-packages/airflow/example_dags/tutorial.py for tasks to queue
[2025-03-31T13:13:57.139+0530] {logging_mixin.py:190} INFO - [2025-03-31T13:13:57.139+0530] {dagbag.py:588} INFO - Filling up the DagBag from /home/pranav_shirali/airflow-project/airflow-env/lib/python3.10/site-packages/airflow/example_dags/tutorial.py
[2025-03-31T13:13:57.147+0530] {processor.py:925} INFO - DAG(s) 'tutorial' retrieved from /home/pranav_shirali/airflow-project/airflow-env/lib/python3.10/site-packages/airflow/example_dags/tutorial.py
[2025-03-31T13:13:57.181+0530] {logging_mixin.py:190} INFO - [2025-03-31T13:13:57.181+0530] {dag.py:3239} INFO - Sync 1 DAGs
[2025-03-31T13:13:57.206+0530] {logging_mixin.py:190} INFO - [2025-03-31T13:13:57.206+0530] {dag.py:4180} INFO - Setting next_dagrun for tutorial to 2025-03-30 00:00:00+00:00, run_after=2025-03-31 00:00:00+00:00
[2025-03-31T13:13:57.225+0530] {processor.py:208} INFO - Processing /home/pranav_shirali/airflow-project/airflow-env/lib/python3.10/site-packages/airflow/example_dags/tutorial.py took 0.101 seconds
[2025-03-31T13:14:53.394+0530] {processor.py:186} INFO - Started process (PID=11026) to work on /home/pranav_shirali/airflow-project/airflow-env/lib/python3.10/site-packages/airflow/example_dags/tutorial.py
[2025-03-31T13:14:53.397+0530] {processor.py:914} INFO - Processing file /home/pranav_shirali/airflow-project/airflow-env/lib/python3.10/site-packages/airflow/example_dags/tutorial.py for tasks to queue
[2025-03-31T13:14:53.399+0530] {logging_mixin.py:190} INFO - [2025-03-31T13:14:53.399+0530] {dagbag.py:588} INFO - Filling up the DagBag from /home/pranav_shirali/airflow-project/airflow-env/lib/python3.10/site-packages/airflow/example_dags/tutorial.py
[2025-03-31T13:14:53.405+0530] {processor.py:925} INFO - DAG(s) 'tutorial' retrieved from /home/pranav_shirali/airflow-project/airflow-env/lib/python3.10/site-packages/airflow/example_dags/tutorial.py
[2025-03-31T13:14:53.419+0530] {logging_mixin.py:190} INFO - [2025-03-31T13:14:53.419+0530] {dag.py:3239} INFO - Sync 1 DAGs
[2025-03-31T13:14:53.437+0530] {logging_mixin.py:190} INFO - [2025-03-31T13:14:53.437+0530] {dag.py:4180} INFO - Setting next_dagrun for tutorial to 2025-03-30 00:00:00+00:00, run_after=2025-03-31 00:00:00+00:00
[2025-03-31T13:14:53.458+0530] {processor.py:208} INFO - Processing /home/pranav_shirali/airflow-project/airflow-env/lib/python3.10/site-packages/airflow/example_dags/tutorial.py took 0.069 seconds
[2025-03-31T13:15:56.791+0530] {processor.py:186} INFO - Started process (PID=11652) to work on /home/pranav_shirali/airflow-project/airflow-env/lib/python3.10/site-packages/airflow/example_dags/tutorial.py
[2025-03-31T13:15:56.796+0530] {processor.py:914} INFO - Processing file /home/pranav_shirali/airflow-project/airflow-env/lib/python3.10/site-packages/airflow/example_dags/tutorial.py for tasks to queue
[2025-03-31T13:15:56.798+0530] {logging_mixin.py:190} INFO - [2025-03-31T13:15:56.797+0530] {dagbag.py:588} INFO - Filling up the DagBag from /home/pranav_shirali/airflow-project/airflow-env/lib/python3.10/site-packages/airflow/example_dags/tutorial.py
[2025-03-31T13:15:56.806+0530] {processor.py:925} INFO - DAG(s) 'tutorial' retrieved from /home/pranav_shirali/airflow-project/airflow-env/lib/python3.10/site-packages/airflow/example_dags/tutorial.py
[2025-03-31T13:15:56.820+0530] {logging_mixin.py:190} INFO - [2025-03-31T13:15:56.820+0530] {dag.py:3239} INFO - Sync 1 DAGs
[2025-03-31T13:15:56.837+0530] {logging_mixin.py:190} INFO - [2025-03-31T13:15:56.837+0530] {dag.py:4180} INFO - Setting next_dagrun for tutorial to 2025-03-30 00:00:00+00:00, run_after=2025-03-31 00:00:00+00:00
[2025-03-31T13:15:56.855+0530] {processor.py:208} INFO - Processing /home/pranav_shirali/airflow-project/airflow-env/lib/python3.10/site-packages/airflow/example_dags/tutorial.py took 0.068 seconds
[2025-03-31T13:16:55.680+0530] {processor.py:186} INFO - Started process (PID=12202) to work on /home/pranav_shirali/airflow-project/airflow-env/lib/python3.10/site-packages/airflow/example_dags/tutorial.py
[2025-03-31T13:16:55.681+0530] {processor.py:914} INFO - Processing file /home/pranav_shirali/airflow-project/airflow-env/lib/python3.10/site-packages/airflow/example_dags/tutorial.py for tasks to queue
[2025-03-31T13:16:55.683+0530] {logging_mixin.py:190} INFO - [2025-03-31T13:16:55.683+0530] {dagbag.py:588} INFO - Filling up the DagBag from /home/pranav_shirali/airflow-project/airflow-env/lib/python3.10/site-packages/airflow/example_dags/tutorial.py
[2025-03-31T13:16:55.689+0530] {processor.py:925} INFO - DAG(s) 'tutorial' retrieved from /home/pranav_shirali/airflow-project/airflow-env/lib/python3.10/site-packages/airflow/example_dags/tutorial.py
[2025-03-31T13:16:55.700+0530] {logging_mixin.py:190} INFO - [2025-03-31T13:16:55.700+0530] {dag.py:3239} INFO - Sync 1 DAGs
[2025-03-31T13:16:55.715+0530] {logging_mixin.py:190} INFO - [2025-03-31T13:16:55.715+0530] {dag.py:4180} INFO - Setting next_dagrun for tutorial to 2025-03-30 00:00:00+00:00, run_after=2025-03-31 00:00:00+00:00
[2025-03-31T13:16:55.729+0530] {processor.py:208} INFO - Processing /home/pranav_shirali/airflow-project/airflow-env/lib/python3.10/site-packages/airflow/example_dags/tutorial.py took 0.053 seconds
[2025-03-31T13:17:50.403+0530] {processor.py:186} INFO - Started process (PID=12589) to work on /home/pranav_shirali/airflow-project/airflow-env/lib/python3.10/site-packages/airflow/example_dags/tutorial.py
[2025-03-31T13:17:50.408+0530] {processor.py:914} INFO - Processing file /home/pranav_shirali/airflow-project/airflow-env/lib/python3.10/site-packages/airflow/example_dags/tutorial.py for tasks to queue
[2025-03-31T13:17:50.411+0530] {logging_mixin.py:190} INFO - [2025-03-31T13:17:50.411+0530] {dagbag.py:588} INFO - Filling up the DagBag from /home/pranav_shirali/airflow-project/airflow-env/lib/python3.10/site-packages/airflow/example_dags/tutorial.py
[2025-03-31T13:17:50.420+0530] {processor.py:925} INFO - DAG(s) 'tutorial' retrieved from /home/pranav_shirali/airflow-project/airflow-env/lib/python3.10/site-packages/airflow/example_dags/tutorial.py
[2025-03-31T13:17:50.437+0530] {logging_mixin.py:190} INFO - [2025-03-31T13:17:50.437+0530] {dag.py:3239} INFO - Sync 1 DAGs
[2025-03-31T13:17:50.459+0530] {logging_mixin.py:190} INFO - [2025-03-31T13:17:50.458+0530] {dag.py:4180} INFO - Setting next_dagrun for tutorial to 2025-03-30 00:00:00+00:00, run_after=2025-03-31 00:00:00+00:00
[2025-03-31T13:17:50.490+0530] {processor.py:208} INFO - Processing /home/pranav_shirali/airflow-project/airflow-env/lib/python3.10/site-packages/airflow/example_dags/tutorial.py took 0.092 seconds
