[2025-06-03T09:40:41.744+0530] {processor.py:186} INFO - Started process (PID=1122) to work on /home/pranav_shirali/airflow-project/dags/airbyte_dag.py
[2025-06-03T09:40:41.746+0530] {processor.py:914} INFO - Processing file /home/pranav_shirali/airflow-project/dags/airbyte_dag.py for tasks to queue
[2025-06-03T09:40:41.752+0530] {logging_mixin.py:190} INFO - [2025-06-03T09:40:41.751+0530] {dagbag.py:588} INFO - Filling up the DagBag from /home/pranav_shirali/airflow-project/dags/airbyte_dag.py
[2025-06-03T09:40:41.770+0530] {processor.py:925} INFO - DAG(s) 'airbyte_sync_dag' retrieved from /home/pranav_shirali/airflow-project/dags/airbyte_dag.py
[2025-06-03T09:40:41.810+0530] {logging_mixin.py:190} INFO - [2025-06-03T09:40:41.809+0530] {dag.py:3239} INFO - Sync 1 DAGs
[2025-06-03T09:40:41.856+0530] {logging_mixin.py:190} INFO - [2025-06-03T09:40:41.856+0530] {dag.py:4180} INFO - Setting next_dagrun for airbyte_sync_dag to 2025-06-02 12:10:00+00:00, run_after=2025-06-03 12:10:00+00:00
[2025-06-03T09:40:41.893+0530] {processor.py:208} INFO - Processing /home/pranav_shirali/airflow-project/dags/airbyte_dag.py took 0.162 seconds
[2025-06-03T09:41:12.635+0530] {processor.py:186} INFO - Started process (PID=1280) to work on /home/pranav_shirali/airflow-project/dags/airbyte_dag.py
[2025-06-03T09:41:12.636+0530] {processor.py:914} INFO - Processing file /home/pranav_shirali/airflow-project/dags/airbyte_dag.py for tasks to queue
[2025-06-03T09:41:12.641+0530] {logging_mixin.py:190} INFO - [2025-06-03T09:41:12.640+0530] {dagbag.py:588} INFO - Filling up the DagBag from /home/pranav_shirali/airflow-project/dags/airbyte_dag.py
[2025-06-03T09:41:12.662+0530] {processor.py:925} INFO - DAG(s) 'airbyte_sync_dag' retrieved from /home/pranav_shirali/airflow-project/dags/airbyte_dag.py
[2025-06-03T09:41:12.705+0530] {logging_mixin.py:190} INFO - [2025-06-03T09:41:12.705+0530] {dag.py:3239} INFO - Sync 1 DAGs
[2025-06-03T09:41:12.727+0530] {logging_mixin.py:190} INFO - [2025-06-03T09:41:12.726+0530] {dag.py:4180} INFO - Setting next_dagrun for airbyte_sync_dag to 2025-06-02 12:10:00+00:00, run_after=2025-06-03 12:10:00+00:00
[2025-06-03T09:41:12.951+0530] {processor.py:208} INFO - Processing /home/pranav_shirali/airflow-project/dags/airbyte_dag.py took 0.326 seconds
[2025-06-03T09:41:43.928+0530] {processor.py:186} INFO - Started process (PID=1428) to work on /home/pranav_shirali/airflow-project/dags/airbyte_dag.py
[2025-06-03T09:41:43.930+0530] {processor.py:914} INFO - Processing file /home/pranav_shirali/airflow-project/dags/airbyte_dag.py for tasks to queue
[2025-06-03T09:41:43.933+0530] {logging_mixin.py:190} INFO - [2025-06-03T09:41:43.932+0530] {dagbag.py:588} INFO - Filling up the DagBag from /home/pranav_shirali/airflow-project/dags/airbyte_dag.py
[2025-06-03T09:41:43.944+0530] {processor.py:925} INFO - DAG(s) 'airbyte_sync_dag' retrieved from /home/pranav_shirali/airflow-project/dags/airbyte_dag.py
[2025-06-03T09:41:43.975+0530] {logging_mixin.py:190} INFO - [2025-06-03T09:41:43.974+0530] {dag.py:3239} INFO - Sync 1 DAGs
[2025-06-03T09:41:43.993+0530] {logging_mixin.py:190} INFO - [2025-06-03T09:41:43.992+0530] {dag.py:4180} INFO - Setting next_dagrun for airbyte_sync_dag to 2025-06-02 12:10:00+00:00, run_after=2025-06-03 12:10:00+00:00
[2025-06-03T09:41:44.012+0530] {processor.py:208} INFO - Processing /home/pranav_shirali/airflow-project/dags/airbyte_dag.py took 0.091 seconds
[2025-06-03T09:42:14.129+0530] {processor.py:186} INFO - Started process (PID=1540) to work on /home/pranav_shirali/airflow-project/dags/airbyte_dag.py
[2025-06-03T09:42:14.134+0530] {processor.py:914} INFO - Processing file /home/pranav_shirali/airflow-project/dags/airbyte_dag.py for tasks to queue
[2025-06-03T09:42:14.137+0530] {logging_mixin.py:190} INFO - [2025-06-03T09:42:14.136+0530] {dagbag.py:588} INFO - Filling up the DagBag from /home/pranav_shirali/airflow-project/dags/airbyte_dag.py
[2025-06-03T09:42:14.153+0530] {processor.py:925} INFO - DAG(s) 'airbyte_sync_dag' retrieved from /home/pranav_shirali/airflow-project/dags/airbyte_dag.py
[2025-06-03T09:42:14.188+0530] {logging_mixin.py:190} INFO - [2025-06-03T09:42:14.187+0530] {dag.py:3239} INFO - Sync 1 DAGs
[2025-06-03T09:42:14.212+0530] {logging_mixin.py:190} INFO - [2025-06-03T09:42:14.212+0530] {dag.py:4180} INFO - Setting next_dagrun for airbyte_sync_dag to 2025-06-02 12:10:00+00:00, run_after=2025-06-03 12:10:00+00:00
[2025-06-03T09:42:14.234+0530] {processor.py:208} INFO - Processing /home/pranav_shirali/airflow-project/dags/airbyte_dag.py took 0.113 seconds
[2025-06-03T09:42:44.456+0530] {processor.py:186} INFO - Started process (PID=1679) to work on /home/pranav_shirali/airflow-project/dags/airbyte_dag.py
[2025-06-03T09:42:44.457+0530] {processor.py:914} INFO - Processing file /home/pranav_shirali/airflow-project/dags/airbyte_dag.py for tasks to queue
[2025-06-03T09:42:44.461+0530] {logging_mixin.py:190} INFO - [2025-06-03T09:42:44.461+0530] {dagbag.py:588} INFO - Filling up the DagBag from /home/pranav_shirali/airflow-project/dags/airbyte_dag.py
[2025-06-03T09:42:44.475+0530] {processor.py:925} INFO - DAG(s) 'airbyte_sync_dag' retrieved from /home/pranav_shirali/airflow-project/dags/airbyte_dag.py
[2025-06-03T09:42:44.504+0530] {logging_mixin.py:190} INFO - [2025-06-03T09:42:44.503+0530] {dag.py:3239} INFO - Sync 1 DAGs
[2025-06-03T09:42:44.526+0530] {logging_mixin.py:190} INFO - [2025-06-03T09:42:44.526+0530] {dag.py:4180} INFO - Setting next_dagrun for airbyte_sync_dag to 2025-06-02 12:10:00+00:00, run_after=2025-06-03 12:10:00+00:00
[2025-06-03T09:42:44.555+0530] {processor.py:208} INFO - Processing /home/pranav_shirali/airflow-project/dags/airbyte_dag.py took 0.109 seconds
[2025-06-03T09:43:14.748+0530] {processor.py:186} INFO - Started process (PID=1778) to work on /home/pranav_shirali/airflow-project/dags/airbyte_dag.py
[2025-06-03T09:43:14.749+0530] {processor.py:914} INFO - Processing file /home/pranav_shirali/airflow-project/dags/airbyte_dag.py for tasks to queue
[2025-06-03T09:43:14.751+0530] {logging_mixin.py:190} INFO - [2025-06-03T09:43:14.751+0530] {dagbag.py:588} INFO - Filling up the DagBag from /home/pranav_shirali/airflow-project/dags/airbyte_dag.py
[2025-06-03T09:43:14.763+0530] {processor.py:925} INFO - DAG(s) 'airbyte_sync_dag' retrieved from /home/pranav_shirali/airflow-project/dags/airbyte_dag.py
[2025-06-03T09:43:14.793+0530] {logging_mixin.py:190} INFO - [2025-06-03T09:43:14.792+0530] {dag.py:3239} INFO - Sync 1 DAGs
[2025-06-03T09:43:14.811+0530] {logging_mixin.py:190} INFO - [2025-06-03T09:43:14.811+0530] {dag.py:4180} INFO - Setting next_dagrun for airbyte_sync_dag to 2025-06-02 12:10:00+00:00, run_after=2025-06-03 12:10:00+00:00
[2025-06-03T09:43:14.834+0530] {processor.py:208} INFO - Processing /home/pranav_shirali/airflow-project/dags/airbyte_dag.py took 0.092 seconds
[2025-06-03T09:43:44.950+0530] {processor.py:186} INFO - Started process (PID=1865) to work on /home/pranav_shirali/airflow-project/dags/airbyte_dag.py
[2025-06-03T09:43:44.953+0530] {processor.py:914} INFO - Processing file /home/pranav_shirali/airflow-project/dags/airbyte_dag.py for tasks to queue
[2025-06-03T09:43:44.955+0530] {logging_mixin.py:190} INFO - [2025-06-03T09:43:44.954+0530] {dagbag.py:588} INFO - Filling up the DagBag from /home/pranav_shirali/airflow-project/dags/airbyte_dag.py
[2025-06-03T09:43:44.965+0530] {processor.py:925} INFO - DAG(s) 'airbyte_sync_dag' retrieved from /home/pranav_shirali/airflow-project/dags/airbyte_dag.py
[2025-06-03T09:43:44.991+0530] {logging_mixin.py:190} INFO - [2025-06-03T09:43:44.991+0530] {dag.py:3239} INFO - Sync 1 DAGs
[2025-06-03T09:43:45.010+0530] {logging_mixin.py:190} INFO - [2025-06-03T09:43:45.010+0530] {dag.py:4180} INFO - Setting next_dagrun for airbyte_sync_dag to 2025-06-02 12:10:00+00:00, run_after=2025-06-03 12:10:00+00:00
[2025-06-03T09:43:45.027+0530] {processor.py:208} INFO - Processing /home/pranav_shirali/airflow-project/dags/airbyte_dag.py took 0.082 seconds
[2025-06-03T09:44:15.146+0530] {processor.py:186} INFO - Started process (PID=1977) to work on /home/pranav_shirali/airflow-project/dags/airbyte_dag.py
[2025-06-03T09:44:15.147+0530] {processor.py:914} INFO - Processing file /home/pranav_shirali/airflow-project/dags/airbyte_dag.py for tasks to queue
[2025-06-03T09:44:15.151+0530] {logging_mixin.py:190} INFO - [2025-06-03T09:44:15.150+0530] {dagbag.py:588} INFO - Filling up the DagBag from /home/pranav_shirali/airflow-project/dags/airbyte_dag.py
[2025-06-03T09:44:15.161+0530] {processor.py:925} INFO - DAG(s) 'airbyte_sync_dag' retrieved from /home/pranav_shirali/airflow-project/dags/airbyte_dag.py
[2025-06-03T09:44:15.193+0530] {logging_mixin.py:190} INFO - [2025-06-03T09:44:15.192+0530] {dag.py:3239} INFO - Sync 1 DAGs
[2025-06-03T09:44:15.212+0530] {logging_mixin.py:190} INFO - [2025-06-03T09:44:15.212+0530] {dag.py:4180} INFO - Setting next_dagrun for airbyte_sync_dag to 2025-06-02 12:10:00+00:00, run_after=2025-06-03 12:10:00+00:00
[2025-06-03T09:44:15.232+0530] {processor.py:208} INFO - Processing /home/pranav_shirali/airflow-project/dags/airbyte_dag.py took 0.093 seconds
[2025-06-03T09:44:45.358+0530] {processor.py:186} INFO - Started process (PID=2081) to work on /home/pranav_shirali/airflow-project/dags/airbyte_dag.py
[2025-06-03T09:44:45.359+0530] {processor.py:914} INFO - Processing file /home/pranav_shirali/airflow-project/dags/airbyte_dag.py for tasks to queue
[2025-06-03T09:44:45.362+0530] {logging_mixin.py:190} INFO - [2025-06-03T09:44:45.362+0530] {dagbag.py:588} INFO - Filling up the DagBag from /home/pranav_shirali/airflow-project/dags/airbyte_dag.py
[2025-06-03T09:44:45.375+0530] {processor.py:925} INFO - DAG(s) 'airbyte_sync_dag' retrieved from /home/pranav_shirali/airflow-project/dags/airbyte_dag.py
[2025-06-03T09:44:45.401+0530] {logging_mixin.py:190} INFO - [2025-06-03T09:44:45.400+0530] {dag.py:3239} INFO - Sync 1 DAGs
[2025-06-03T09:44:45.421+0530] {logging_mixin.py:190} INFO - [2025-06-03T09:44:45.421+0530] {dag.py:4180} INFO - Setting next_dagrun for airbyte_sync_dag to 2025-06-02 12:10:00+00:00, run_after=2025-06-03 12:10:00+00:00
[2025-06-03T09:44:45.445+0530] {processor.py:208} INFO - Processing /home/pranav_shirali/airflow-project/dags/airbyte_dag.py took 0.095 seconds
[2025-06-03T09:45:15.578+0530] {processor.py:186} INFO - Started process (PID=2188) to work on /home/pranav_shirali/airflow-project/dags/airbyte_dag.py
[2025-06-03T09:45:15.581+0530] {processor.py:914} INFO - Processing file /home/pranav_shirali/airflow-project/dags/airbyte_dag.py for tasks to queue
[2025-06-03T09:45:15.584+0530] {logging_mixin.py:190} INFO - [2025-06-03T09:45:15.584+0530] {dagbag.py:588} INFO - Filling up the DagBag from /home/pranav_shirali/airflow-project/dags/airbyte_dag.py
[2025-06-03T09:45:15.596+0530] {processor.py:925} INFO - DAG(s) 'airbyte_sync_dag' retrieved from /home/pranav_shirali/airflow-project/dags/airbyte_dag.py
[2025-06-03T09:45:15.622+0530] {logging_mixin.py:190} INFO - [2025-06-03T09:45:15.622+0530] {dag.py:3239} INFO - Sync 1 DAGs
[2025-06-03T09:45:15.647+0530] {logging_mixin.py:190} INFO - [2025-06-03T09:45:15.647+0530] {dag.py:4180} INFO - Setting next_dagrun for airbyte_sync_dag to 2025-06-02 12:10:00+00:00, run_after=2025-06-03 12:10:00+00:00
[2025-06-03T09:45:15.670+0530] {processor.py:208} INFO - Processing /home/pranav_shirali/airflow-project/dags/airbyte_dag.py took 0.100 seconds
