[2025-06-03T09:40:37.428+0530] {processor.py:186} INFO - Started process (PID=1081) to work on /home/pranav_shirali/airflow-project/dags/elt_transformation_dag.py
[2025-06-03T09:40:37.431+0530] {processor.py:914} INFO - Processing file /home/pranav_shirali/airflow-project/dags/elt_transformation_dag.py for tasks to queue
[2025-06-03T09:40:37.449+0530] {logging_mixin.py:190} INFO - [2025-06-03T09:40:37.448+0530] {dagbag.py:588} INFO - Filling up the DagBag from /home/pranav_shirali/airflow-project/dags/elt_transformation_dag.py
[2025-06-03T09:40:37.494+0530] {processor.py:925} INFO - DAG(s) 'elt_sales_stream_transformation' retrieved from /home/pranav_shirali/airflow-project/dags/elt_transformation_dag.py
[2025-06-03T09:40:37.552+0530] {logging_mixin.py:190} INFO - [2025-06-03T09:40:37.552+0530] {dag.py:3239} INFO - Sync 1 DAGs
[2025-06-03T09:40:37.602+0530] {logging_mixin.py:190} INFO - [2025-06-03T09:40:37.601+0530] {dag.py:4180} INFO - Setting next_dagrun for elt_sales_stream_transformation to 2025-06-02 12:40:00+00:00, run_after=2025-06-03 12:40:00+00:00
[2025-06-03T09:40:37.645+0530] {processor.py:208} INFO - Processing /home/pranav_shirali/airflow-project/dags/elt_transformation_dag.py took 0.234 seconds
[2025-06-03T09:41:08.346+0530] {processor.py:186} INFO - Started process (PID=1234) to work on /home/pranav_shirali/airflow-project/dags/elt_transformation_dag.py
[2025-06-03T09:41:08.348+0530] {processor.py:914} INFO - Processing file /home/pranav_shirali/airflow-project/dags/elt_transformation_dag.py for tasks to queue
[2025-06-03T09:41:08.353+0530] {logging_mixin.py:190} INFO - [2025-06-03T09:41:08.352+0530] {dagbag.py:588} INFO - Filling up the DagBag from /home/pranav_shirali/airflow-project/dags/elt_transformation_dag.py
[2025-06-03T09:41:08.367+0530] {processor.py:925} INFO - DAG(s) 'elt_sales_stream_transformation' retrieved from /home/pranav_shirali/airflow-project/dags/elt_transformation_dag.py
[2025-06-03T09:41:08.398+0530] {logging_mixin.py:190} INFO - [2025-06-03T09:41:08.398+0530] {dag.py:3239} INFO - Sync 1 DAGs
[2025-06-03T09:41:08.420+0530] {logging_mixin.py:190} INFO - [2025-06-03T09:41:08.420+0530] {dag.py:4180} INFO - Setting next_dagrun for elt_sales_stream_transformation to 2025-06-02 12:40:00+00:00, run_after=2025-06-03 12:40:00+00:00
[2025-06-03T09:41:08.441+0530] {processor.py:208} INFO - Processing /home/pranav_shirali/airflow-project/dags/elt_transformation_dag.py took 0.105 seconds
[2025-06-03T09:41:38.818+0530] {processor.py:186} INFO - Started process (PID=1387) to work on /home/pranav_shirali/airflow-project/dags/elt_transformation_dag.py
[2025-06-03T09:41:38.819+0530] {processor.py:914} INFO - Processing file /home/pranav_shirali/airflow-project/dags/elt_transformation_dag.py for tasks to queue
[2025-06-03T09:41:38.823+0530] {logging_mixin.py:190} INFO - [2025-06-03T09:41:38.823+0530] {dagbag.py:588} INFO - Filling up the DagBag from /home/pranav_shirali/airflow-project/dags/elt_transformation_dag.py
[2025-06-03T09:41:38.835+0530] {processor.py:925} INFO - DAG(s) 'elt_sales_stream_transformation' retrieved from /home/pranav_shirali/airflow-project/dags/elt_transformation_dag.py
[2025-06-03T09:41:38.871+0530] {logging_mixin.py:190} INFO - [2025-06-03T09:41:38.871+0530] {dag.py:3239} INFO - Sync 1 DAGs
[2025-06-03T09:41:38.901+0530] {logging_mixin.py:190} INFO - [2025-06-03T09:41:38.897+0530] {dag.py:4180} INFO - Setting next_dagrun for elt_sales_stream_transformation to 2025-06-02 12:40:00+00:00, run_after=2025-06-03 12:40:00+00:00
[2025-06-03T09:41:38.974+0530] {processor.py:208} INFO - Processing /home/pranav_shirali/airflow-project/dags/elt_transformation_dag.py took 0.167 seconds
[2025-06-03T09:42:09.192+0530] {processor.py:186} INFO - Started process (PID=1523) to work on /home/pranav_shirali/airflow-project/dags/elt_transformation_dag.py
[2025-06-03T09:42:09.194+0530] {processor.py:914} INFO - Processing file /home/pranav_shirali/airflow-project/dags/elt_transformation_dag.py for tasks to queue
[2025-06-03T09:42:09.198+0530] {logging_mixin.py:190} INFO - [2025-06-03T09:42:09.197+0530] {dagbag.py:588} INFO - Filling up the DagBag from /home/pranav_shirali/airflow-project/dags/elt_transformation_dag.py
[2025-06-03T09:42:09.212+0530] {processor.py:925} INFO - DAG(s) 'elt_sales_stream_transformation' retrieved from /home/pranav_shirali/airflow-project/dags/elt_transformation_dag.py
[2025-06-03T09:42:09.238+0530] {logging_mixin.py:190} INFO - [2025-06-03T09:42:09.238+0530] {dag.py:3239} INFO - Sync 1 DAGs
[2025-06-03T09:42:09.257+0530] {logging_mixin.py:190} INFO - [2025-06-03T09:42:09.257+0530] {dag.py:4180} INFO - Setting next_dagrun for elt_sales_stream_transformation to 2025-06-02 12:40:00+00:00, run_after=2025-06-03 12:40:00+00:00
[2025-06-03T09:42:09.277+0530] {processor.py:208} INFO - Processing /home/pranav_shirali/airflow-project/dags/elt_transformation_dag.py took 0.093 seconds
[2025-06-03T09:42:39.554+0530] {processor.py:186} INFO - Started process (PID=1659) to work on /home/pranav_shirali/airflow-project/dags/elt_transformation_dag.py
[2025-06-03T09:42:39.556+0530] {processor.py:914} INFO - Processing file /home/pranav_shirali/airflow-project/dags/elt_transformation_dag.py for tasks to queue
[2025-06-03T09:42:39.561+0530] {logging_mixin.py:190} INFO - [2025-06-03T09:42:39.560+0530] {dagbag.py:588} INFO - Filling up the DagBag from /home/pranav_shirali/airflow-project/dags/elt_transformation_dag.py
[2025-06-03T09:42:39.576+0530] {processor.py:925} INFO - DAG(s) 'elt_sales_stream_transformation' retrieved from /home/pranav_shirali/airflow-project/dags/elt_transformation_dag.py
[2025-06-03T09:42:39.607+0530] {logging_mixin.py:190} INFO - [2025-06-03T09:42:39.607+0530] {dag.py:3239} INFO - Sync 1 DAGs
[2025-06-03T09:42:39.628+0530] {logging_mixin.py:190} INFO - [2025-06-03T09:42:39.628+0530] {dag.py:4180} INFO - Setting next_dagrun for elt_sales_stream_transformation to 2025-06-02 12:40:00+00:00, run_after=2025-06-03 12:40:00+00:00
[2025-06-03T09:42:39.652+0530] {processor.py:208} INFO - Processing /home/pranav_shirali/airflow-project/dags/elt_transformation_dag.py took 0.107 seconds
[2025-06-03T09:43:09.873+0530] {processor.py:186} INFO - Started process (PID=1758) to work on /home/pranav_shirali/airflow-project/dags/elt_transformation_dag.py
[2025-06-03T09:43:09.875+0530] {processor.py:914} INFO - Processing file /home/pranav_shirali/airflow-project/dags/elt_transformation_dag.py for tasks to queue
[2025-06-03T09:43:09.879+0530] {logging_mixin.py:190} INFO - [2025-06-03T09:43:09.878+0530] {dagbag.py:588} INFO - Filling up the DagBag from /home/pranav_shirali/airflow-project/dags/elt_transformation_dag.py
[2025-06-03T09:43:09.889+0530] {processor.py:925} INFO - DAG(s) 'elt_sales_stream_transformation' retrieved from /home/pranav_shirali/airflow-project/dags/elt_transformation_dag.py
[2025-06-03T09:43:09.918+0530] {logging_mixin.py:190} INFO - [2025-06-03T09:43:09.918+0530] {dag.py:3239} INFO - Sync 1 DAGs
[2025-06-03T09:43:09.940+0530] {logging_mixin.py:190} INFO - [2025-06-03T09:43:09.940+0530] {dag.py:4180} INFO - Setting next_dagrun for elt_sales_stream_transformation to 2025-06-02 12:40:00+00:00, run_after=2025-06-03 12:40:00+00:00
[2025-06-03T09:43:09.958+0530] {processor.py:208} INFO - Processing /home/pranav_shirali/airflow-project/dags/elt_transformation_dag.py took 0.092 seconds
[2025-06-03T09:43:40.211+0530] {processor.py:186} INFO - Started process (PID=1851) to work on /home/pranav_shirali/airflow-project/dags/elt_transformation_dag.py
[2025-06-03T09:43:40.214+0530] {processor.py:914} INFO - Processing file /home/pranav_shirali/airflow-project/dags/elt_transformation_dag.py for tasks to queue
[2025-06-03T09:43:40.217+0530] {logging_mixin.py:190} INFO - [2025-06-03T09:43:40.216+0530] {dagbag.py:588} INFO - Filling up the DagBag from /home/pranav_shirali/airflow-project/dags/elt_transformation_dag.py
[2025-06-03T09:43:40.228+0530] {processor.py:925} INFO - DAG(s) 'elt_sales_stream_transformation' retrieved from /home/pranav_shirali/airflow-project/dags/elt_transformation_dag.py
[2025-06-03T09:43:40.252+0530] {logging_mixin.py:190} INFO - [2025-06-03T09:43:40.252+0530] {dag.py:3239} INFO - Sync 1 DAGs
[2025-06-03T09:43:40.271+0530] {logging_mixin.py:190} INFO - [2025-06-03T09:43:40.271+0530] {dag.py:4180} INFO - Setting next_dagrun for elt_sales_stream_transformation to 2025-06-02 12:40:00+00:00, run_after=2025-06-03 12:40:00+00:00
[2025-06-03T09:43:40.292+0530] {processor.py:208} INFO - Processing /home/pranav_shirali/airflow-project/dags/elt_transformation_dag.py took 0.087 seconds
[2025-06-03T09:44:10.553+0530] {processor.py:186} INFO - Started process (PID=1944) to work on /home/pranav_shirali/airflow-project/dags/elt_transformation_dag.py
[2025-06-03T09:44:10.555+0530] {processor.py:914} INFO - Processing file /home/pranav_shirali/airflow-project/dags/elt_transformation_dag.py for tasks to queue
[2025-06-03T09:44:10.558+0530] {logging_mixin.py:190} INFO - [2025-06-03T09:44:10.557+0530] {dagbag.py:588} INFO - Filling up the DagBag from /home/pranav_shirali/airflow-project/dags/elt_transformation_dag.py
[2025-06-03T09:44:10.569+0530] {processor.py:925} INFO - DAG(s) 'elt_sales_stream_transformation' retrieved from /home/pranav_shirali/airflow-project/dags/elt_transformation_dag.py
[2025-06-03T09:44:10.594+0530] {logging_mixin.py:190} INFO - [2025-06-03T09:44:10.594+0530] {dag.py:3239} INFO - Sync 1 DAGs
[2025-06-03T09:44:10.615+0530] {logging_mixin.py:190} INFO - [2025-06-03T09:44:10.615+0530] {dag.py:4180} INFO - Setting next_dagrun for elt_sales_stream_transformation to 2025-06-02 12:40:00+00:00, run_after=2025-06-03 12:40:00+00:00
[2025-06-03T09:44:10.634+0530] {processor.py:208} INFO - Processing /home/pranav_shirali/airflow-project/dags/elt_transformation_dag.py took 0.087 seconds
[2025-06-03T09:44:40.893+0530] {processor.py:186} INFO - Started process (PID=2064) to work on /home/pranav_shirali/airflow-project/dags/elt_transformation_dag.py
[2025-06-03T09:44:40.895+0530] {processor.py:914} INFO - Processing file /home/pranav_shirali/airflow-project/dags/elt_transformation_dag.py for tasks to queue
[2025-06-03T09:44:40.898+0530] {logging_mixin.py:190} INFO - [2025-06-03T09:44:40.897+0530] {dagbag.py:588} INFO - Filling up the DagBag from /home/pranav_shirali/airflow-project/dags/elt_transformation_dag.py
[2025-06-03T09:44:40.908+0530] {processor.py:925} INFO - DAG(s) 'elt_sales_stream_transformation' retrieved from /home/pranav_shirali/airflow-project/dags/elt_transformation_dag.py
[2025-06-03T09:44:40.934+0530] {logging_mixin.py:190} INFO - [2025-06-03T09:44:40.934+0530] {dag.py:3239} INFO - Sync 1 DAGs
[2025-06-03T09:44:40.952+0530] {logging_mixin.py:190} INFO - [2025-06-03T09:44:40.952+0530] {dag.py:4180} INFO - Setting next_dagrun for elt_sales_stream_transformation to 2025-06-02 12:40:00+00:00, run_after=2025-06-03 12:40:00+00:00
[2025-06-03T09:44:40.968+0530] {processor.py:208} INFO - Processing /home/pranav_shirali/airflow-project/dags/elt_transformation_dag.py took 0.083 seconds
[2025-06-03T09:45:11.232+0530] {processor.py:186} INFO - Started process (PID=2174) to work on /home/pranav_shirali/airflow-project/dags/elt_transformation_dag.py
[2025-06-03T09:45:11.235+0530] {processor.py:914} INFO - Processing file /home/pranav_shirali/airflow-project/dags/elt_transformation_dag.py for tasks to queue
[2025-06-03T09:45:11.242+0530] {logging_mixin.py:190} INFO - [2025-06-03T09:45:11.241+0530] {dagbag.py:588} INFO - Filling up the DagBag from /home/pranav_shirali/airflow-project/dags/elt_transformation_dag.py
[2025-06-03T09:45:11.263+0530] {processor.py:925} INFO - DAG(s) 'elt_sales_stream_transformation' retrieved from /home/pranav_shirali/airflow-project/dags/elt_transformation_dag.py
[2025-06-03T09:45:11.315+0530] {logging_mixin.py:190} INFO - [2025-06-03T09:45:11.314+0530] {dag.py:3239} INFO - Sync 1 DAGs
[2025-06-03T09:45:11.339+0530] {logging_mixin.py:190} INFO - [2025-06-03T09:45:11.339+0530] {dag.py:4180} INFO - Setting next_dagrun for elt_sales_stream_transformation to 2025-06-02 12:40:00+00:00, run_after=2025-06-03 12:40:00+00:00
[2025-06-03T09:45:11.362+0530] {processor.py:208} INFO - Processing /home/pranav_shirali/airflow-project/dags/elt_transformation_dag.py took 0.147 seconds
