[2025-05-16T17:28:13.343+0530] {local_task_job_runner.py:123} INFO - ::group::Pre task execution logs
[2025-05-16T17:28:13.350+0530] {taskinstance.py:2612} INFO - Dependencies all met for dep_context=non-requeueable deps ti=<TaskInstance: nyc_taxi_etl.load_to_snowflake manual__2025-05-16T11:57:07.496415+00:00 [queued]>
[2025-05-16T17:28:13.354+0530] {taskinstance.py:2612} INFO - Dependencies all met for dep_context=requeueable deps ti=<TaskInstance: nyc_taxi_etl.load_to_snowflake manual__2025-05-16T11:57:07.496415+00:00 [queued]>
[2025-05-16T17:28:13.354+0530] {taskinstance.py:2865} INFO - Starting attempt 1 of 1
[2025-05-16T17:28:13.364+0530] {taskinstance.py:2888} INFO - Executing <Task(BashOperator): load_to_snowflake> on 2025-05-16 11:57:07.496415+00:00
[2025-05-16T17:28:13.366+0530] {standard_task_runner.py:72} INFO - Started process 11174 to run task
[2025-05-16T17:28:13.368+0530] {standard_task_runner.py:104} INFO - Running: ['airflow', 'tasks', 'run', 'nyc_taxi_etl', 'load_to_snowflake', 'manual__2025-05-16T11:57:07.496415+00:00', '--job-id', '69', '--raw', '--subdir', 'DAGS_FOLDER/nyc_taxi_etl.py', '--cfg-path', '/tmp/tmpho2tr9cr']
[2025-05-16T17:28:13.370+0530] {standard_task_runner.py:105} INFO - Job 69: Subtask load_to_snowflake
[2025-05-16T17:28:13.396+0530] {task_command.py:467} INFO - Running <TaskInstance: nyc_taxi_etl.load_to_snowflake manual__2025-05-16T11:57:07.496415+00:00 [running]> on host Voldemort.
[2025-05-16T17:28:13.445+0530] {taskinstance.py:3131} INFO - Exporting env vars: AIRFLOW_CTX_DAG_OWNER='airflow' AIRFLOW_CTX_DAG_ID='nyc_taxi_etl' AIRFLOW_CTX_TASK_ID='load_to_snowflake' AIRFLOW_CTX_EXECUTION_DATE='2025-05-16T11:57:07.496415+00:00' AIRFLOW_CTX_TRY_NUMBER='1' AIRFLOW_CTX_DAG_RUN_ID='manual__2025-05-16T11:57:07.496415+00:00'
[2025-05-16T17:28:13.446+0530] {taskinstance.py:731} INFO - ::endgroup::
[2025-05-16T17:28:13.454+0530] {subprocess.py:63} INFO - Tmp dir root location: /tmp
[2025-05-16T17:28:13.455+0530] {subprocess.py:75} INFO - Running command: ['/usr/bin/bash', '-c', '/opt/spark/bin/spark-submit /home/pranav_shirali/airflow-project/scripts/ETL/load.py']
[2025-05-16T17:28:13.460+0530] {subprocess.py:86} INFO - Output:
[2025-05-16T17:28:17.453+0530] {subprocess.py:93} INFO - 25/05/16 17:28:17 WARN Utils: Your hostname, Voldemort resolves to a loopback address: 127.0.1.1; using 10.255.255.254 instead (on interface lo)
[2025-05-16T17:28:17.456+0530] {subprocess.py:93} INFO - 25/05/16 17:28:17 WARN Utils: Set SPARK_LOCAL_IP if you need to bind to another address
[2025-05-16T17:28:18.256+0530] {subprocess.py:93} INFO - 25/05/16 17:28:18 INFO SparkContext: Running Spark version 3.5.5
[2025-05-16T17:28:18.256+0530] {subprocess.py:93} INFO - 25/05/16 17:28:18 INFO SparkContext: OS info Linux, 5.15.167.4-microsoft-standard-WSL2, amd64
[2025-05-16T17:28:18.257+0530] {subprocess.py:93} INFO - 25/05/16 17:28:18 INFO SparkContext: Java version 11.0.27
[2025-05-16T17:28:18.311+0530] {subprocess.py:93} INFO - 25/05/16 17:28:18 WARN NativeCodeLoader: Unable to load native-hadoop library for your platform... using builtin-java classes where applicable
[2025-05-16T17:28:18.384+0530] {subprocess.py:93} INFO - 25/05/16 17:28:18 INFO ResourceUtils: ==============================================================
[2025-05-16T17:28:18.385+0530] {subprocess.py:93} INFO - 25/05/16 17:28:18 INFO ResourceUtils: No custom resources configured for spark.driver.
[2025-05-16T17:28:18.385+0530] {subprocess.py:93} INFO - 25/05/16 17:28:18 INFO ResourceUtils: ==============================================================
[2025-05-16T17:28:18.385+0530] {subprocess.py:93} INFO - 25/05/16 17:28:18 INFO SparkContext: Submitted application: NYC Taxi Load to Snowflake
[2025-05-16T17:28:18.405+0530] {subprocess.py:93} INFO - 25/05/16 17:28:18 INFO ResourceProfile: Default ResourceProfile created, executor resources: Map(cores -> name: cores, amount: 1, script: , vendor: , memory -> name: memory, amount: 1024, script: , vendor: , offHeap -> name: offHeap, amount: 0, script: , vendor: ), task resources: Map(cpus -> name: cpus, amount: 1.0)
[2025-05-16T17:28:18.415+0530] {subprocess.py:93} INFO - 25/05/16 17:28:18 INFO ResourceProfile: Limiting resource is cpu
[2025-05-16T17:28:18.415+0530] {subprocess.py:93} INFO - 25/05/16 17:28:18 INFO ResourceProfileManager: Added ResourceProfile id: 0
[2025-05-16T17:28:18.465+0530] {subprocess.py:93} INFO - 25/05/16 17:28:18 INFO SecurityManager: Changing view acls to: pranav_shirali
[2025-05-16T17:28:18.466+0530] {subprocess.py:93} INFO - 25/05/16 17:28:18 INFO SecurityManager: Changing modify acls to: pranav_shirali
[2025-05-16T17:28:18.466+0530] {subprocess.py:93} INFO - 25/05/16 17:28:18 INFO SecurityManager: Changing view acls groups to:
[2025-05-16T17:28:18.467+0530] {subprocess.py:93} INFO - 25/05/16 17:28:18 INFO SecurityManager: Changing modify acls groups to:
[2025-05-16T17:28:18.467+0530] {subprocess.py:93} INFO - 25/05/16 17:28:18 INFO SecurityManager: SecurityManager: authentication disabled; ui acls disabled; users with view permissions: pranav_shirali; groups with view permissions: EMPTY; users with modify permissions: pranav_shirali; groups with modify permissions: EMPTY
[2025-05-16T17:28:18.667+0530] {subprocess.py:93} INFO - 25/05/16 17:28:18 INFO Utils: Successfully started service 'sparkDriver' on port 36415.
[2025-05-16T17:28:18.689+0530] {subprocess.py:93} INFO - 25/05/16 17:28:18 INFO SparkEnv: Registering MapOutputTracker
[2025-05-16T17:28:18.715+0530] {subprocess.py:93} INFO - 25/05/16 17:28:18 INFO SparkEnv: Registering BlockManagerMaster
[2025-05-16T17:28:18.729+0530] {subprocess.py:93} INFO - 25/05/16 17:28:18 INFO BlockManagerMasterEndpoint: Using org.apache.spark.storage.DefaultTopologyMapper for getting topology information
[2025-05-16T17:28:18.730+0530] {subprocess.py:93} INFO - 25/05/16 17:28:18 INFO BlockManagerMasterEndpoint: BlockManagerMasterEndpoint up
[2025-05-16T17:28:18.733+0530] {subprocess.py:93} INFO - 25/05/16 17:28:18 INFO SparkEnv: Registering BlockManagerMasterHeartbeat
[2025-05-16T17:28:18.752+0530] {subprocess.py:93} INFO - 25/05/16 17:28:18 INFO DiskBlockManager: Created local directory at /tmp/blockmgr-2101b08c-86d8-43ba-a6f7-248bf6b68ceb
[2025-05-16T17:28:18.762+0530] {subprocess.py:93} INFO - 25/05/16 17:28:18 INFO MemoryStore: MemoryStore started with capacity 434.4 MiB
[2025-05-16T17:28:18.773+0530] {subprocess.py:93} INFO - 25/05/16 17:28:18 INFO SparkEnv: Registering OutputCommitCoordinator
[2025-05-16T17:28:18.873+0530] {subprocess.py:93} INFO - 25/05/16 17:28:18 INFO JettyUtils: Start Jetty 0.0.0.0:4040 for SparkUI
[2025-05-16T17:28:18.918+0530] {subprocess.py:93} INFO - 25/05/16 17:28:18 INFO Utils: Successfully started service 'SparkUI' on port 4040.
[2025-05-16T17:28:18.991+0530] {subprocess.py:93} INFO - 25/05/16 17:28:18 INFO Executor: Starting executor ID driver on host 10.255.255.254
[2025-05-16T17:28:18.991+0530] {subprocess.py:93} INFO - 25/05/16 17:28:18 INFO Executor: OS info Linux, 5.15.167.4-microsoft-standard-WSL2, amd64
[2025-05-16T17:28:18.991+0530] {subprocess.py:93} INFO - 25/05/16 17:28:18 INFO Executor: Java version 11.0.27
[2025-05-16T17:28:18.997+0530] {subprocess.py:93} INFO - 25/05/16 17:28:18 INFO Executor: Starting executor with user classpath (userClassPathFirst = false): ''
[2025-05-16T17:28:18.997+0530] {subprocess.py:93} INFO - 25/05/16 17:28:18 INFO Executor: Created or updated repl class loader org.apache.spark.util.MutableURLClassLoader@c75733c for default.
[2025-05-16T17:28:19.016+0530] {subprocess.py:93} INFO - 25/05/16 17:28:19 INFO Utils: Successfully started service 'org.apache.spark.network.netty.NettyBlockTransferService' on port 41713.
[2025-05-16T17:28:19.016+0530] {subprocess.py:93} INFO - 25/05/16 17:28:19 INFO NettyBlockTransferService: Server created on 10.255.255.254:41713
[2025-05-16T17:28:19.017+0530] {subprocess.py:93} INFO - 25/05/16 17:28:19 INFO BlockManager: Using org.apache.spark.storage.RandomBlockReplicationPolicy for block replication policy
[2025-05-16T17:28:19.022+0530] {subprocess.py:93} INFO - 25/05/16 17:28:19 INFO BlockManagerMaster: Registering BlockManager BlockManagerId(driver, 10.255.255.254, 41713, None)
[2025-05-16T17:28:19.024+0530] {subprocess.py:93} INFO - 25/05/16 17:28:19 INFO BlockManagerMasterEndpoint: Registering block manager 10.255.255.254:41713 with 434.4 MiB RAM, BlockManagerId(driver, 10.255.255.254, 41713, None)
[2025-05-16T17:28:19.026+0530] {subprocess.py:93} INFO - 25/05/16 17:28:19 INFO BlockManagerMaster: Registered BlockManager BlockManagerId(driver, 10.255.255.254, 41713, None)
[2025-05-16T17:28:19.027+0530] {subprocess.py:93} INFO - 25/05/16 17:28:19 INFO BlockManager: Initialized BlockManager: BlockManagerId(driver, 10.255.255.254, 41713, None)
[2025-05-16T17:28:19.400+0530] {subprocess.py:93} INFO - 25/05/16 17:28:19 INFO SharedState: Setting hive.metastore.warehouse.dir ('null') to the value of spark.sql.warehouse.dir.
[2025-05-16T17:28:19.407+0530] {subprocess.py:93} INFO - 25/05/16 17:28:19 INFO SharedState: Warehouse path is 'file:/tmp/airflowtmpv8tnsqsw/spark-warehouse'.
[2025-05-16T17:28:20.483+0530] {subprocess.py:93} INFO - 25/05/16 17:28:20 INFO InMemoryFileIndex: It took 49 ms to list leaf files for 1 paths.
[2025-05-16T17:28:20.905+0530] {subprocess.py:93} INFO - 25/05/16 17:28:20 INFO SparkContext: Starting job: parquet at NativeMethodAccessorImpl.java:0
[2025-05-16T17:28:20.919+0530] {subprocess.py:93} INFO - 25/05/16 17:28:20 INFO DAGScheduler: Got job 0 (parquet at NativeMethodAccessorImpl.java:0) with 1 output partitions
[2025-05-16T17:28:20.919+0530] {subprocess.py:93} INFO - 25/05/16 17:28:20 INFO DAGScheduler: Final stage: ResultStage 0 (parquet at NativeMethodAccessorImpl.java:0)
[2025-05-16T17:28:20.919+0530] {subprocess.py:93} INFO - 25/05/16 17:28:20 INFO DAGScheduler: Parents of final stage: List()
[2025-05-16T17:28:20.920+0530] {subprocess.py:93} INFO - 25/05/16 17:28:20 INFO DAGScheduler: Missing parents: List()
[2025-05-16T17:28:20.924+0530] {subprocess.py:93} INFO - 25/05/16 17:28:20 INFO DAGScheduler: Submitting ResultStage 0 (MapPartitionsRDD[1] at parquet at NativeMethodAccessorImpl.java:0), which has no missing parents
[2025-05-16T17:28:20.984+0530] {subprocess.py:93} INFO - 25/05/16 17:28:20 INFO MemoryStore: Block broadcast_0 stored as values in memory (estimated size 103.3 KiB, free 434.3 MiB)
[2025-05-16T17:28:21.015+0530] {subprocess.py:93} INFO - 25/05/16 17:28:21 INFO MemoryStore: Block broadcast_0_piece0 stored as bytes in memory (estimated size 37.2 KiB, free 434.3 MiB)
[2025-05-16T17:28:21.017+0530] {subprocess.py:93} INFO - 25/05/16 17:28:21 INFO BlockManagerInfo: Added broadcast_0_piece0 in memory on 10.255.255.254:41713 (size: 37.2 KiB, free: 434.4 MiB)
[2025-05-16T17:28:21.021+0530] {subprocess.py:93} INFO - 25/05/16 17:28:21 INFO SparkContext: Created broadcast 0 from broadcast at DAGScheduler.scala:1585
[2025-05-16T17:28:21.038+0530] {subprocess.py:93} INFO - 25/05/16 17:28:21 INFO DAGScheduler: Submitting 1 missing tasks from ResultStage 0 (MapPartitionsRDD[1] at parquet at NativeMethodAccessorImpl.java:0) (first 15 tasks are for partitions Vector(0))
[2025-05-16T17:28:21.039+0530] {subprocess.py:93} INFO - 25/05/16 17:28:21 INFO TaskSchedulerImpl: Adding task set 0.0 with 1 tasks resource profile 0
[2025-05-16T17:28:21.087+0530] {subprocess.py:93} INFO - 25/05/16 17:28:21 INFO TaskSetManager: Starting task 0.0 in stage 0.0 (TID 0) (10.255.255.254, executor driver, partition 0, PROCESS_LOCAL, 9225 bytes)
[2025-05-16T17:28:21.099+0530] {subprocess.py:93} INFO - 25/05/16 17:28:21 INFO Executor: Running task 0.0 in stage 0.0 (TID 0)
[2025-05-16T17:28:21.411+0530] {subprocess.py:93} INFO - 25/05/16 17:28:21 INFO Executor: Finished task 0.0 in stage 0.0 (TID 0). 2398 bytes result sent to driver
[2025-05-16T17:28:21.420+0530] {subprocess.py:93} INFO - 25/05/16 17:28:21 INFO TaskSetManager: Finished task 0.0 in stage 0.0 (TID 0) in 351 ms on 10.255.255.254 (executor driver) (1/1)
[2025-05-16T17:28:21.422+0530] {subprocess.py:93} INFO - 25/05/16 17:28:21 INFO TaskSchedulerImpl: Removed TaskSet 0.0, whose tasks have all completed, from pool
[2025-05-16T17:28:21.425+0530] {subprocess.py:93} INFO - 25/05/16 17:28:21 INFO DAGScheduler: ResultStage 0 (parquet at NativeMethodAccessorImpl.java:0) finished in 0.492 s
[2025-05-16T17:28:21.428+0530] {subprocess.py:93} INFO - 25/05/16 17:28:21 INFO DAGScheduler: Job 0 is finished. Cancelling potential speculative or zombie tasks for this job
[2025-05-16T17:28:21.429+0530] {subprocess.py:93} INFO - 25/05/16 17:28:21 INFO TaskSchedulerImpl: Killing all running tasks in stage 0: Stage finished
[2025-05-16T17:28:21.430+0530] {subprocess.py:93} INFO - 25/05/16 17:28:21 INFO DAGScheduler: Job 0 finished: parquet at NativeMethodAccessorImpl.java:0, took 0.524489 s
[2025-05-16T17:28:21.726+0530] {subprocess.py:93} INFO - 25/05/16 17:28:21 INFO BlockManagerInfo: Removed broadcast_0_piece0 on 10.255.255.254:41713 in memory (size: 37.2 KiB, free: 434.4 MiB)
[2025-05-16T17:28:22.398+0530] {subprocess.py:93} INFO - 25/05/16 17:28:22 WARN SnowflakeConnectorUtils$: Query pushdown is not supported because you are using Spark 3.5.5 with a connector designed to support Spark 3.3. Either use the version of Spark supported by the connector or install a version of the connector that supports your version of Spark.
[2025-05-16T17:28:22.463+0530] {subprocess.py:93} INFO - 25/05/16 17:28:22 INFO FileSourceStrategy: Pushed Filters:
[2025-05-16T17:28:22.464+0530] {subprocess.py:93} INFO - 25/05/16 17:28:22 INFO FileSourceStrategy: Post-Scan Filters:
[2025-05-16T17:28:22.750+0530] {subprocess.py:93} INFO - 25/05/16 17:28:22 INFO CodeGenerator: Code generated in 189.949452 ms
[2025-05-16T17:28:22.775+0530] {subprocess.py:93} INFO - 25/05/16 17:28:22 INFO MemoryStore: Block broadcast_1 stored as values in memory (estimated size 202.6 KiB, free 434.2 MiB)
[2025-05-16T17:28:22.783+0530] {subprocess.py:93} INFO - 25/05/16 17:28:22 INFO MemoryStore: Block broadcast_1_piece0 stored as bytes in memory (estimated size 35.5 KiB, free 434.2 MiB)
[2025-05-16T17:28:22.784+0530] {subprocess.py:93} INFO - 25/05/16 17:28:22 INFO BlockManagerInfo: Added broadcast_1_piece0 in memory on 10.255.255.254:41713 (size: 35.5 KiB, free: 434.4 MiB)
[2025-05-16T17:28:22.785+0530] {subprocess.py:93} INFO - 25/05/16 17:28:22 INFO SparkContext: Created broadcast 1 from rdd at SnowflakeWriter.scala:87
[2025-05-16T17:28:22.797+0530] {subprocess.py:93} INFO - 25/05/16 17:28:22 INFO FileSourceScanExec: Planning scan with bin packing, max size: 4194304 bytes, open cost is considered as scanning 4194304 bytes.
[2025-05-16T17:28:22.884+0530] {subprocess.py:93} INFO - 25/05/16 17:28:22 WARN DefaultJDBCWrapper$: JDBC 3.13.30 is being used. But the certified JDBC version 3.13.22 is recommended.
[2025-05-16T17:28:24.646+0530] {subprocess.py:93} INFO - 25/05/16 17:28:24 ERROR SFTrustManager: WARNING!!! Using fail-open to connect. Driver is connecting to an HTTPS endpoint without OCSP based Certificate Revocation checking as it could not obtain a valid OCSP Response to use from the CA OCSP responder. Details:
[2025-05-16T17:28:24.646+0530] {subprocess.py:93} INFO - {"cacheEnabled":true,"ocspReqBase64":null,"ocspMode":"FAIL_OPEN","sfcPeerHost":"AVCUDFK-TL56570.snowflakecomputing.com","ocspResponderURL":null,"cacheHit":true,"eventType":"OCSPValidationError","certId":"MEAwBwYFKw4DAhoEFIvBnoRbmB1hz1RpIRpouOMRM22QBBS\/X7fRzt0fhvRbVazc1xDCDqmI5wIJAKcOSkw0grd\/"}
[2025-05-16T17:28:25.033+0530] {subprocess.py:93} INFO - 25/05/16 17:28:25 INFO SparkConnectorContext$: Spark Connector system config: {
[2025-05-16T17:28:25.034+0530] {subprocess.py:93} INFO -   "spark_connector_version" : "2.11.0",
[2025-05-16T17:28:25.034+0530] {subprocess.py:93} INFO -   "spark_version" : "3.5.5",
[2025-05-16T17:28:25.034+0530] {subprocess.py:93} INFO -   "application_name" : "NYC Taxi Load to Snowflake",
[2025-05-16T17:28:25.034+0530] {subprocess.py:93} INFO -   "scala_version" : "2.12.18",
[2025-05-16T17:28:25.035+0530] {subprocess.py:93} INFO -   "java_version" : "11.0.27",
[2025-05-16T17:28:25.035+0530] {subprocess.py:93} INFO -   "jdbc_version" : "3.13.30",
[2025-05-16T17:28:25.035+0530] {subprocess.py:93} INFO -   "certified_jdbc_version" : "3.13.22",
[2025-05-16T17:28:25.035+0530] {subprocess.py:93} INFO -   "os_name" : "Linux",
[2025-05-16T17:28:25.035+0530] {subprocess.py:93} INFO -   "max_memory_in_mb" : 1024,
[2025-05-16T17:28:25.035+0530] {subprocess.py:93} INFO -   "total_memory_in_mb" : 122,
[2025-05-16T17:28:25.035+0530] {subprocess.py:93} INFO -   "free_memory_in_mb" : 42,
[2025-05-16T17:28:25.036+0530] {subprocess.py:93} INFO -   "cpu_cores" : 12,
[2025-05-16T17:28:25.036+0530] {subprocess.py:93} INFO -   "spark_application_id" : "local-1747396698963",
[2025-05-16T17:28:25.036+0530] {subprocess.py:93} INFO -   "spark_language" : "Scala",
[2025-05-16T17:28:25.036+0530] {subprocess.py:93} INFO -   "is_pyspark" : false,
[2025-05-16T17:28:25.036+0530] {subprocess.py:93} INFO -   "spark_config" : {
[2025-05-16T17:28:25.036+0530] {subprocess.py:93} INFO -     "spark.driver.extraJavaOptions" : "-Djava.net.preferIPv6Addresses=false -XX:+IgnoreUnrecognizedVMOptions --add-opens=java.base/java.lang=ALL-UNNAMED --add-opens=java.base/java.lang.invoke=ALL-UNNAMED --add-opens=java.base/java.lang.reflect=ALL-UNNAMED --add-opens=java.base/java.io=ALL-UNNAMED --add-opens=java.base/java.net=ALL-UNNAMED --add-opens=java.base/java.nio=ALL-UNNAMED --add-opens=java.base/java.util=ALL-UNNAMED --add-opens=java.base/java.util.concurrent=ALL-UNNAMED --add-opens=java.base/java.util.concurrent.atomic=ALL-UNNAMED --add-opens=java.base/jdk.internal.ref=ALL-UNNAMED --add-opens=java.base/sun.nio.ch=ALL-UNNAMED --add-opens=java.base/sun.nio.cs=ALL-UNNAMED --add-opens=java.base/sun.security.action=ALL-UNNAMED --add-opens=java.base/sun.util.calendar=ALL-UNNAMED --add-opens=java.security.jgss/sun.security.krb5=ALL-UNNAMED -Djdk.reflect.useDirectMethodHandle=false",
[2025-05-16T17:28:25.036+0530] {subprocess.py:93} INFO -     "spark.driver.port" : "N/A",
[2025-05-16T17:28:25.036+0530] {subprocess.py:93} INFO -     "spark.executor.id" : "driver",
[2025-05-16T17:28:25.036+0530] {subprocess.py:93} INFO -     "spark.app.name" : "NYC Taxi Load to Snowflake",
[2025-05-16T17:28:25.036+0530] {subprocess.py:93} INFO -     "spark.driver.host" : "10.255.255.254",
[2025-05-16T17:28:25.037+0530] {subprocess.py:93} INFO -     "spark.app.submitTime" : "N/A",
[2025-05-16T17:28:25.037+0530] {subprocess.py:93} INFO -     "spark.sql.warehouse.dir" : "N/A",
[2025-05-16T17:28:25.037+0530] {subprocess.py:93} INFO -     "spark.app.id" : "local-1747396698963",
[2025-05-16T17:28:25.037+0530] {subprocess.py:93} INFO -     "spark.rdd.compress" : "N/A",
[2025-05-16T17:28:25.037+0530] {subprocess.py:93} INFO -     "spark.executor.extraJavaOptions" : "-Djava.net.preferIPv6Addresses=false -XX:+IgnoreUnrecognizedVMOptions --add-opens=java.base/java.lang=ALL-UNNAMED --add-opens=java.base/java.lang.invoke=ALL-UNNAMED --add-opens=java.base/java.lang.reflect=ALL-UNNAMED --add-opens=java.base/java.io=ALL-UNNAMED --add-opens=java.base/java.net=ALL-UNNAMED --add-opens=java.base/java.nio=ALL-UNNAMED --add-opens=java.base/java.util=ALL-UNNAMED --add-opens=java.base/java.util.concurrent=ALL-UNNAMED --add-opens=java.base/java.util.concurrent.atomic=ALL-UNNAMED --add-opens=java.base/jdk.internal.ref=ALL-UNNAMED --add-opens=java.base/sun.nio.ch=ALL-UNNAMED --add-opens=java.base/sun.nio.cs=ALL-UNNAMED --add-opens=java.base/sun.security.action=ALL-UNNAMED --add-opens=java.base/sun.util.calendar=ALL-UNNAMED --add-opens=java.security.jgss/sun.security.krb5=ALL-UNNAMED -Djdk.reflect.useDirectMethodHandle=false",
[2025-05-16T17:28:25.037+0530] {subprocess.py:93} INFO -     "spark.serializer.objectStreamReset" : "N/A",
[2025-05-16T17:28:25.037+0530] {subprocess.py:93} INFO -     "spark.master" : "local[*]",
[2025-05-16T17:28:25.037+0530] {subprocess.py:93} INFO -     "spark.submit.pyFiles" : "N/A",
[2025-05-16T17:28:25.037+0530] {subprocess.py:93} INFO -     "spark.submit.deployMode" : "client",
[2025-05-16T17:28:25.037+0530] {subprocess.py:93} INFO -     "spark.app.startTime" : "N/A"
[2025-05-16T17:28:25.037+0530] {subprocess.py:93} INFO -   },
[2025-05-16T17:28:25.037+0530] {subprocess.py:93} INFO -   "libraries" : [ "py4j", "py4j.commands", "py4j.reflection" ],
[2025-05-16T17:28:25.037+0530] {subprocess.py:93} INFO -   "dependencies" : [ ],
[2025-05-16T17:28:25.038+0530] {subprocess.py:93} INFO -   "cluster_node_count" : 1,
[2025-05-16T17:28:25.038+0530] {subprocess.py:93} INFO -   "spark_default_parallelism" : 12,
[2025-05-16T17:28:25.038+0530] {subprocess.py:93} INFO -   "deploy_mode" : "client"
[2025-05-16T17:28:25.038+0530] {subprocess.py:93} INFO - }
[2025-05-16T17:28:25.044+0530] {subprocess.py:93} INFO - 25/05/16 17:28:25 INFO SnowflakeSQLStatement: Spark Connector Master: execute query with bind variable: alter session set timezone = 'Asia/Calcutta' , timestamp_ntz_output_format = 'YYYY-MM-DD HH24:MI:SS.FF3', timestamp_ltz_output_format = 'TZHTZM YYYY-MM-DD HH24:MI:SS.FF3', timestamp_tz_output_format = 'TZHTZM YYYY-MM-DD HH24:MI:SS.FF3' ;
[2025-05-16T17:28:26.353+0530] {subprocess.py:93} INFO - 25/05/16 17:28:26 INFO SnowflakeSQLStatement: Spark Connector Master: execute query with bind variable: create  temporary stage if not exists identifier(?)
[2025-05-16T17:28:27.137+0530] {subprocess.py:93} INFO - 25/05/16 17:28:27 INFO CloudStorageOperations$: Spark Connector Master: Begin to process and upload data for 5 partitions: directory=9KOJ04xOLP CSV true
[2025-05-16T17:28:27.222+0530] {subprocess.py:93} INFO - 25/05/16 17:28:27 INFO SparkContext: Starting job: collect at CloudStorageOperations.scala:805
[2025-05-16T17:28:27.224+0530] {subprocess.py:93} INFO - 25/05/16 17:28:27 INFO DAGScheduler: Got job 1 (collect at CloudStorageOperations.scala:805) with 5 output partitions
[2025-05-16T17:28:27.224+0530] {subprocess.py:93} INFO - 25/05/16 17:28:27 INFO DAGScheduler: Final stage: ResultStage 1 (collect at CloudStorageOperations.scala:805)
[2025-05-16T17:28:27.224+0530] {subprocess.py:93} INFO - 25/05/16 17:28:27 INFO DAGScheduler: Parents of final stage: List()
[2025-05-16T17:28:27.224+0530] {subprocess.py:93} INFO - 25/05/16 17:28:27 INFO DAGScheduler: Missing parents: List()
[2025-05-16T17:28:27.226+0530] {subprocess.py:93} INFO - 25/05/16 17:28:27 INFO DAGScheduler: Submitting ResultStage 1 (MapPartitionsRDD[9] at mapPartitionsWithIndex at CloudStorageOperations.scala:788), which has no missing parents
[2025-05-16T17:28:27.234+0530] {subprocess.py:93} INFO - 25/05/16 17:28:27 INFO MemoryStore: Block broadcast_2 stored as values in memory (estimated size 43.1 KiB, free 434.1 MiB)
[2025-05-16T17:28:27.244+0530] {subprocess.py:93} INFO - 25/05/16 17:28:27 INFO MemoryStore: Block broadcast_2_piece0 stored as bytes in memory (estimated size 18.1 KiB, free 434.1 MiB)
[2025-05-16T17:28:27.246+0530] {subprocess.py:93} INFO - 25/05/16 17:28:27 INFO BlockManagerInfo: Added broadcast_2_piece0 in memory on 10.255.255.254:41713 (size: 18.1 KiB, free: 434.3 MiB)
[2025-05-16T17:28:27.248+0530] {subprocess.py:93} INFO - 25/05/16 17:28:27 INFO SparkContext: Created broadcast 2 from broadcast at DAGScheduler.scala:1585
[2025-05-16T17:28:27.249+0530] {subprocess.py:93} INFO - 25/05/16 17:28:27 INFO DAGScheduler: Submitting 5 missing tasks from ResultStage 1 (MapPartitionsRDD[9] at mapPartitionsWithIndex at CloudStorageOperations.scala:788) (first 15 tasks are for partitions Vector(0, 1, 2, 3, 4))
[2025-05-16T17:28:27.249+0530] {subprocess.py:93} INFO - 25/05/16 17:28:27 INFO TaskSchedulerImpl: Adding task set 1.0 with 5 tasks resource profile 0
[2025-05-16T17:28:27.255+0530] {subprocess.py:93} INFO - 25/05/16 17:28:27 INFO TaskSetManager: Starting task 0.0 in stage 1.0 (TID 1) (10.255.255.254, executor driver, partition 0, PROCESS_LOCAL, 9695 bytes)
[2025-05-16T17:28:27.256+0530] {subprocess.py:93} INFO - 25/05/16 17:28:27 INFO TaskSetManager: Starting task 1.0 in stage 1.0 (TID 2) (10.255.255.254, executor driver, partition 1, PROCESS_LOCAL, 9695 bytes)
[2025-05-16T17:28:27.256+0530] {subprocess.py:93} INFO - 25/05/16 17:28:27 INFO TaskSetManager: Starting task 2.0 in stage 1.0 (TID 3) (10.255.255.254, executor driver, partition 2, PROCESS_LOCAL, 9695 bytes)
[2025-05-16T17:28:27.257+0530] {subprocess.py:93} INFO - 25/05/16 17:28:27 INFO TaskSetManager: Starting task 3.0 in stage 1.0 (TID 4) (10.255.255.254, executor driver, partition 3, PROCESS_LOCAL, 9695 bytes)
[2025-05-16T17:28:27.257+0530] {subprocess.py:93} INFO - 25/05/16 17:28:27 INFO TaskSetManager: Starting task 4.0 in stage 1.0 (TID 5) (10.255.255.254, executor driver, partition 4, PROCESS_LOCAL, 9695 bytes)
[2025-05-16T17:28:27.258+0530] {subprocess.py:93} INFO - 25/05/16 17:28:27 INFO Executor: Running task 0.0 in stage 1.0 (TID 1)
[2025-05-16T17:28:27.259+0530] {subprocess.py:93} INFO - 25/05/16 17:28:27 INFO Executor: Running task 1.0 in stage 1.0 (TID 2)
[2025-05-16T17:28:27.261+0530] {subprocess.py:93} INFO - 25/05/16 17:28:27 INFO Executor: Running task 2.0 in stage 1.0 (TID 3)
[2025-05-16T17:28:27.262+0530] {subprocess.py:93} INFO - 25/05/16 17:28:27 INFO Executor: Running task 4.0 in stage 1.0 (TID 5)
[2025-05-16T17:28:27.262+0530] {subprocess.py:93} INFO - 25/05/16 17:28:27 INFO Executor: Running task 3.0 in stage 1.0 (TID 4)
[2025-05-16T17:28:27.389+0530] {subprocess.py:93} INFO - 25/05/16 17:28:27 INFO CodeGenerator: Code generated in 29.715267 ms
[2025-05-16T17:28:28.325+0530] {subprocess.py:93} INFO - 25/05/16 17:28:28 INFO CodeGenerator: Code generated in 34.992906 ms
[2025-05-16T17:28:28.331+0530] {subprocess.py:93} INFO - 25/05/16 17:28:28 INFO CloudStorageOperations$: Spark Connector Worker: Start writing partition ID:3 as 3.CSV.gz TaskInfo: {  "task_partition_id" : 3,  "task_attempt_id" : 4,  "task_attempt_number" : 0,  "task_stage_attempt_number" : 0,  "task_stage_id" : 1,  "thread_id" : 86}
[2025-05-16T17:28:28.332+0530] {subprocess.py:93} INFO - 25/05/16 17:28:28 INFO CloudStorageOperations$: Spark Connector Worker: Start writing partition ID:4 as 4.CSV.gz TaskInfo: {  "task_partition_id" : 4,  "task_attempt_id" : 5,  "task_attempt_number" : 0,  "task_stage_attempt_number" : 0,  "task_stage_id" : 1,  "thread_id" : 87}
[2025-05-16T17:28:28.332+0530] {subprocess.py:93} INFO - 25/05/16 17:28:28 INFO CloudStorageOperations$: Spark Connector Worker: Start writing partition ID:1 as 1.CSV.gz TaskInfo: {  "task_partition_id" : 1,  "task_attempt_id" : 2,  "task_attempt_number" : 0,  "task_stage_attempt_number" : 0,  "task_stage_id" : 1,  "thread_id" : 84}
[2025-05-16T17:28:28.332+0530] {subprocess.py:93} INFO - 25/05/16 17:28:28 INFO CloudStorageOperations$: Spark Connector Worker: Start writing partition ID:0 as 0.CSV.gz TaskInfo: {  "task_partition_id" : 0,  "task_attempt_id" : 1,  "task_attempt_number" : 0,  "task_stage_attempt_number" : 0,  "task_stage_id" : 1,  "thread_id" : 71}
[2025-05-16T17:28:28.333+0530] {subprocess.py:93} INFO - 25/05/16 17:28:28 INFO CloudStorageOperations$: Spark Connector Worker: Start writing partition ID:2 as 2.CSV.gz TaskInfo: {  "task_partition_id" : 2,  "task_attempt_id" : 3,  "task_attempt_number" : 0,  "task_stage_attempt_number" : 0,  "task_stage_id" : 1,  "thread_id" : 85}
[2025-05-16T17:28:28.333+0530] {subprocess.py:93} INFO - 25/05/16 17:28:28 INFO FileScanRDD: Reading File path: file:///home/pranav_shirali/airflow-project/nyc_taxi_trip.parquet/part-00000-4f327f43-9fd8-41c9-8bfd-4c645e231961-c000.snappy.parquet, range: 4194304-8388608, partition values: [empty row]
[2025-05-16T17:28:28.333+0530] {subprocess.py:93} INFO - 25/05/16 17:28:28 INFO FileScanRDD: Reading File path: file:///home/pranav_shirali/airflow-project/nyc_taxi_trip.parquet/part-00000-4f327f43-9fd8-41c9-8bfd-4c645e231961-c000.snappy.parquet, range: 16777216-19038509, partition values: [empty row]
[2025-05-16T17:28:28.333+0530] {subprocess.py:93} INFO - 25/05/16 17:28:28 INFO FileScanRDD: Reading File path: file:///home/pranav_shirali/airflow-project/nyc_taxi_trip.parquet/part-00000-4f327f43-9fd8-41c9-8bfd-4c645e231961-c000.snappy.parquet, range: 0-4194304, partition values: [empty row]
[2025-05-16T17:28:28.333+0530] {subprocess.py:93} INFO - 25/05/16 17:28:28 INFO FileScanRDD: Reading File path: file:///home/pranav_shirali/airflow-project/nyc_taxi_trip.parquet/part-00000-4f327f43-9fd8-41c9-8bfd-4c645e231961-c000.snappy.parquet, range: 12582912-16777216, partition values: [empty row]
[2025-05-16T17:28:28.333+0530] {subprocess.py:93} INFO - 25/05/16 17:28:28 INFO FileScanRDD: Reading File path: file:///home/pranav_shirali/airflow-project/nyc_taxi_trip.parquet/part-00000-4f327f43-9fd8-41c9-8bfd-4c645e231961-c000.snappy.parquet, range: 8388608-12582912, partition values: [empty row]
[2025-05-16T17:28:28.419+0530] {subprocess.py:93} INFO - 25/05/16 17:28:28 INFO CloudStorageOperations$: Spark Connector Worker: Finish writing partition ID:4 4.CSV.gz write row count is 0. Uncompressed data size is 0 Bytes. read_and_upload_time: 85 ms
[2025-05-16T17:28:28.419+0530] {subprocess.py:93} INFO - 25/05/16 17:28:28 INFO CloudStorageOperations$: Spark Connector Worker: Finish writing partition ID:3 3.CSV.gz write row count is 0. Uncompressed data size is 0 Bytes. read_and_upload_time: 85 ms
[2025-05-16T17:28:28.420+0530] {subprocess.py:93} INFO - 25/05/16 17:28:28 INFO CloudStorageOperations$: Spark Connector Worker: Finish writing partition ID:0 0.CSV.gz write row count is 0. Uncompressed data size is 0 Bytes. read_and_upload_time: 84 ms
[2025-05-16T17:28:28.420+0530] {subprocess.py:93} INFO - 25/05/16 17:28:28 INFO CloudStorageOperations$: Spark Connector Worker: Finish writing partition ID:1 1.CSV.gz write row count is 0. Uncompressed data size is 0 Bytes. read_and_upload_time: 84 ms
[2025-05-16T17:28:28.432+0530] {subprocess.py:93} INFO - 25/05/16 17:28:28 INFO Executor: Finished task 0.0 in stage 1.0 (TID 1). 1948 bytes result sent to driver
[2025-05-16T17:28:28.433+0530] {subprocess.py:93} INFO - 25/05/16 17:28:28 INFO Executor: Finished task 1.0 in stage 1.0 (TID 2). 1948 bytes result sent to driver
[2025-05-16T17:28:28.434+0530] {subprocess.py:93} INFO - 25/05/16 17:28:28 INFO Executor: Finished task 3.0 in stage 1.0 (TID 4). 1948 bytes result sent to driver
[2025-05-16T17:28:28.435+0530] {subprocess.py:93} INFO - 25/05/16 17:28:28 INFO Executor: Finished task 4.0 in stage 1.0 (TID 5). 1948 bytes result sent to driver
[2025-05-16T17:28:28.440+0530] {subprocess.py:93} INFO - 25/05/16 17:28:28 INFO TaskSetManager: Finished task 0.0 in stage 1.0 (TID 1) in 1188 ms on 10.255.255.254 (executor driver) (1/5)
[2025-05-16T17:28:28.443+0530] {subprocess.py:93} INFO - 25/05/16 17:28:28 INFO TaskSetManager: Finished task 3.0 in stage 1.0 (TID 4) in 1186 ms on 10.255.255.254 (executor driver) (2/5)
[2025-05-16T17:28:28.443+0530] {subprocess.py:93} INFO - 25/05/16 17:28:28 INFO TaskSetManager: Finished task 4.0 in stage 1.0 (TID 5) in 1186 ms on 10.255.255.254 (executor driver) (3/5)
[2025-05-16T17:28:28.444+0530] {subprocess.py:93} INFO - 25/05/16 17:28:28 INFO TaskSetManager: Finished task 1.0 in stage 1.0 (TID 2) in 1189 ms on 10.255.255.254 (executor driver) (4/5)
[2025-05-16T17:28:28.499+0530] {subprocess.py:93} INFO - 25/05/16 17:28:28 INFO CodecPool: Got brand-new decompressor [.snappy]
[2025-05-16T17:29:28.946+0530] {subprocess.py:93} INFO - 25/05/16 17:29:28 INFO CloudStorageOperations$: Spark Connector Worker: Finish uploading file 9KOJ04xOLP/2.CSV.gz with AWS multiple parts API: bufferSize=8.00 MB chunkCount=4 compressedSize=16.93 MB
[2025-05-16T17:29:28.947+0530] {subprocess.py:93} INFO - 25/05/16 17:29:28 INFO CloudStorageOperations$: Spark Connector Worker: Finish writing partition ID:2 2.CSV.gz write row count is 1177062. Uncompressed data size is 101.16 MB. read_and_upload_time: 1.01 minutes
[2025-05-16T17:29:28.950+0530] {subprocess.py:93} INFO - 25/05/16 17:29:28 INFO Executor: Finished task 2.0 in stage 1.0 (TID 3). 1948 bytes result sent to driver
[2025-05-16T17:29:28.951+0530] {subprocess.py:93} INFO - 25/05/16 17:29:28 INFO TaskSetManager: Finished task 2.0 in stage 1.0 (TID 3) in 61695 ms on 10.255.255.254 (executor driver) (5/5)
[2025-05-16T17:29:28.952+0530] {subprocess.py:93} INFO - 25/05/16 17:29:28 INFO TaskSchedulerImpl: Removed TaskSet 1.0, whose tasks have all completed, from pool
[2025-05-16T17:29:28.953+0530] {subprocess.py:93} INFO - 25/05/16 17:29:28 INFO DAGScheduler: ResultStage 1 (collect at CloudStorageOperations.scala:805) finished in 61.722 s
[2025-05-16T17:29:28.953+0530] {subprocess.py:93} INFO - 25/05/16 17:29:28 INFO DAGScheduler: Job 1 is finished. Cancelling potential speculative or zombie tasks for this job
[2025-05-16T17:29:28.953+0530] {subprocess.py:93} INFO - 25/05/16 17:29:28 INFO TaskSchedulerImpl: Killing all running tasks in stage 1: Stage finished
[2025-05-16T17:29:28.953+0530] {subprocess.py:93} INFO - 25/05/16 17:29:28 INFO DAGScheduler: Job 1 finished: collect at CloudStorageOperations.scala:805, took 56.859838 s
[2025-05-16T17:29:28.956+0530] {subprocess.py:93} INFO - 25/05/16 17:29:28 INFO StageWriter$: writeToTableWithStagingTable: check table existence with "AIRFLOW_DB"."PUBLIC".nyc_taxi_trip for nyc_taxi_trip
[2025-05-16T17:29:28.957+0530] {subprocess.py:93} INFO - 25/05/16 17:29:28 INFO SnowflakeSQLStatement: Spark Connector Master: execute query with bind variable: desc table identifier(?)
[2025-05-16T17:29:29.250+0530] {subprocess.py:93} INFO - 25/05/16 17:29:29 INFO SnowflakeSQLStatement: Spark Connector Master: execute query with bind variable: create   table if not exists identifier(?) ("TRIP_ID" INTEGER ,"VENDORID" INTEGER ,"TPEP_PICKUP_DATETIME" STRING ,"TPEP_DROPOFF_DATETIME" STRING ,"PASSENGER_COUNT" INTEGER ,"TRIP_DISTANCE" DOUBLE ,"RATECODEID" INTEGER ,"STORE_AND_FWD_FLAG" STRING ,"PULOCATIONID" INTEGER ,"DOLOCATIONID" INTEGER ,"MONTH" INTEGER ,"DISTANCE_LENGTH" STRING ,"CAR_UTILIZATION" STRING )
[2025-05-16T17:29:29.423+0530] {subprocess.py:93} INFO - 25/05/16 17:29:29 INFO StageWriter$: Begin to write at 2025-05-16T17:29:29.411555 (India Standard Time)
[2025-05-16T17:29:29.424+0530] {subprocess.py:93} INFO - 25/05/16 17:29:29 INFO StageWriter$: Total file count is 5, non-empty files count is 1, total file size is 101.16 MB, total row count is 1.12 MB.
[2025-05-16T17:29:29.426+0530] {subprocess.py:93} INFO - 25/05/16 17:29:29 INFO StageWriter$: Now executing below command to write into table:
[2025-05-16T17:29:29.426+0530] {subprocess.py:93} INFO - copy into nyc_taxi_trip_staging_566756929 FROM @spark_connector_load_stage_3JKcO4Wd56/9KOJ04xOLP/
[2025-05-16T17:29:29.426+0530] {subprocess.py:93} INFO - FILE_FORMAT = (
[2025-05-16T17:29:29.426+0530] {subprocess.py:93} INFO -     TYPE=CSV
[2025-05-16T17:29:29.427+0530] {subprocess.py:93} INFO -     FIELD_DELIMITER='|'
[2025-05-16T17:29:29.427+0530] {subprocess.py:93} INFO -     NULL_IF=()
[2025-05-16T17:29:29.427+0530] {subprocess.py:93} INFO -     FIELD_OPTIONALLY_ENCLOSED_BY='"'
[2025-05-16T17:29:29.427+0530] {subprocess.py:93} INFO -     TIMESTAMP_FORMAT='TZHTZM YYYY-MM-DD HH24:MI:SS.FF9'
[2025-05-16T17:29:29.427+0530] {subprocess.py:93} INFO -     DATE_FORMAT='TZHTZM YYYY-MM-DD HH24:MI:SS.FF9'
[2025-05-16T17:29:29.427+0530] {subprocess.py:93} INFO -     BINARY_FORMAT=BASE64
[2025-05-16T17:29:29.428+0530] {subprocess.py:93} INFO -   )
[2025-05-16T17:29:29.428+0530] {subprocess.py:93} INFO - 
[2025-05-16T17:29:29.428+0530] {subprocess.py:93} INFO - 25/05/16 17:29:29 INFO SnowflakeSQLStatement: Spark Connector Master: execute query with bind variable: copy into nyc_taxi_trip_staging_566756929 FROM @spark_connector_load_stage_3JKcO4Wd56/9KOJ04xOLP/
[2025-05-16T17:29:29.428+0530] {subprocess.py:93} INFO - FILE_FORMAT = (
[2025-05-16T17:29:29.428+0530] {subprocess.py:93} INFO -     TYPE=CSV
[2025-05-16T17:29:29.428+0530] {subprocess.py:93} INFO -     FIELD_DELIMITER='|'
[2025-05-16T17:29:29.428+0530] {subprocess.py:93} INFO -     NULL_IF=()
[2025-05-16T17:29:29.428+0530] {subprocess.py:93} INFO -     FIELD_OPTIONALLY_ENCLOSED_BY='"'
[2025-05-16T17:29:29.428+0530] {subprocess.py:93} INFO -     TIMESTAMP_FORMAT='TZHTZM YYYY-MM-DD HH24:MI:SS.FF9'
[2025-05-16T17:29:29.429+0530] {subprocess.py:93} INFO -     DATE_FORMAT='TZHTZM YYYY-MM-DD HH24:MI:SS.FF9'
[2025-05-16T17:29:29.429+0530] {subprocess.py:93} INFO -     BINARY_FORMAT=BASE64
[2025-05-16T17:29:29.429+0530] {subprocess.py:93} INFO -   )
[2025-05-16T17:29:29.429+0530] {subprocess.py:93} INFO - 
[2025-05-16T17:29:29.521+0530] {subprocess.py:93} INFO - 25/05/16 17:29:29 INFO SparkConnectorContext$: Spark connector register listener for: local-1747396698963
[2025-05-16T17:29:29.523+0530] {subprocess.py:93} INFO - 25/05/16 17:29:29 INFO SparkConnectorContext$: Add running query for local-1747396698963 session: 3722800342946798 queryId: 01bc62cf-3201-9d79-000d-39de0003750e
[2025-05-16T17:29:29.524+0530] {subprocess.py:93} INFO - 25/05/16 17:29:29 INFO StageWriter$: The query ID for async writing into table command is: 01bc62cf-3201-9d79-000d-39de0003750e; The query ID URL is:
[2025-05-16T17:29:29.524+0530] {subprocess.py:93} INFO - https://AVCUDFK-TL56570.snowflakecomputing.com/console#/monitoring/queries/detail?queryId=01bc62cf-3201-9d79-000d-39de0003750e
[2025-05-16T17:29:36.823+0530] {subprocess.py:93} INFO - 25/05/16 17:29:36 INFO SparkConnectorContext$: Remove running query for local-1747396698963 session: 3722800342946798 queryId: 01bc62cf-3201-9d79-000d-39de0003750e
[2025-05-16T17:29:36.824+0530] {subprocess.py:93} INFO - 25/05/16 17:29:36 INFO StageWriter$: First COPY command is done in 7.41 seconds at 2025-05-16T17:29:36.824299, queryID is 01bc62cf-3201-9d79-000d-39de0003750e
[2025-05-16T17:29:36.828+0530] {subprocess.py:93} INFO - 25/05/16 17:29:36 INFO StageWriter$: Succeed to write in 7.42 seconds at 2025-05-16T17:29:36.828001
[2025-05-16T17:29:36.829+0530] {subprocess.py:93} INFO - 25/05/16 17:29:36 INFO SnowflakeSQLStatement: Spark Connector Master: execute query with bind variable: alter table identifier(?) swap with identifier(?)
[2025-05-16T17:29:37.127+0530] {subprocess.py:93} INFO - 25/05/16 17:29:37 INFO SnowflakeSQLStatement: Spark Connector Master: execute query with bind variable: drop table identifier(?)
[2025-05-16T17:29:37.246+0530] {subprocess.py:93} INFO - 25/05/16 17:29:37 INFO StageWriter$: Spark Connector Master: Total job time is 1.17 minutes including read & upload time: 1.03 minutes and COPY time: 8.29 seconds.
[2025-05-16T17:29:37.369+0530] {subprocess.py:93} INFO - 25/05/16 17:29:37 WARN SnowflakeConnectorUtils$: Query pushdown is not supported because you are using Spark 3.5.5 with a connector designed to support Spark 3.3. Either use the version of Spark supported by the connector or install a version of the connector that supports your version of Spark.
[2025-05-16T17:29:37.373+0530] {subprocess.py:93} INFO - 25/05/16 17:29:37 WARN DefaultJDBCWrapper$: JDBC 3.13.30 is being used. But the certified JDBC version 3.13.22 is recommended.
[2025-05-16T17:29:37.561+0530] {subprocess.py:93} INFO - 25/05/16 17:29:37 INFO SnowflakeSQLStatement: Spark Connector Master: execute query with bind variable: select * from nyc_taxi_trip where 1 = 0
[2025-05-16T17:29:37.837+0530] {subprocess.py:93} INFO - 25/05/16 17:29:37 INFO InMemoryFileIndex: It took 2 ms to list leaf files for 1 paths.
[2025-05-16T17:29:37.870+0530] {subprocess.py:93} INFO - 25/05/16 17:29:37 INFO SparkContext: Starting job: parquet at NativeMethodAccessorImpl.java:0
[2025-05-16T17:29:37.871+0530] {subprocess.py:93} INFO - 25/05/16 17:29:37 INFO DAGScheduler: Got job 2 (parquet at NativeMethodAccessorImpl.java:0) with 1 output partitions
[2025-05-16T17:29:37.872+0530] {subprocess.py:93} INFO - 25/05/16 17:29:37 INFO DAGScheduler: Final stage: ResultStage 2 (parquet at NativeMethodAccessorImpl.java:0)
[2025-05-16T17:29:37.872+0530] {subprocess.py:93} INFO - 25/05/16 17:29:37 INFO DAGScheduler: Parents of final stage: List()
[2025-05-16T17:29:37.872+0530] {subprocess.py:93} INFO - 25/05/16 17:29:37 INFO DAGScheduler: Missing parents: List()
[2025-05-16T17:29:37.873+0530] {subprocess.py:93} INFO - 25/05/16 17:29:37 INFO DAGScheduler: Submitting ResultStage 2 (MapPartitionsRDD[11] at parquet at NativeMethodAccessorImpl.java:0), which has no missing parents
[2025-05-16T17:29:37.879+0530] {subprocess.py:93} INFO - 25/05/16 17:29:37 INFO MemoryStore: Block broadcast_3 stored as values in memory (estimated size 103.3 KiB, free 434.0 MiB)
[2025-05-16T17:29:37.882+0530] {subprocess.py:93} INFO - 25/05/16 17:29:37 INFO MemoryStore: Block broadcast_3_piece0 stored as bytes in memory (estimated size 37.2 KiB, free 434.0 MiB)
[2025-05-16T17:29:37.883+0530] {subprocess.py:93} INFO - 25/05/16 17:29:37 INFO BlockManagerInfo: Added broadcast_3_piece0 in memory on 10.255.255.254:41713 (size: 37.2 KiB, free: 434.3 MiB)
[2025-05-16T17:29:37.884+0530] {subprocess.py:93} INFO - 25/05/16 17:29:37 INFO SparkContext: Created broadcast 3 from broadcast at DAGScheduler.scala:1585
[2025-05-16T17:29:37.885+0530] {subprocess.py:93} INFO - 25/05/16 17:29:37 INFO DAGScheduler: Submitting 1 missing tasks from ResultStage 2 (MapPartitionsRDD[11] at parquet at NativeMethodAccessorImpl.java:0) (first 15 tasks are for partitions Vector(0))
[2025-05-16T17:29:37.885+0530] {subprocess.py:93} INFO - 25/05/16 17:29:37 INFO TaskSchedulerImpl: Adding task set 2.0 with 1 tasks resource profile 0
[2025-05-16T17:29:37.886+0530] {subprocess.py:93} INFO - 25/05/16 17:29:37 INFO TaskSetManager: Starting task 0.0 in stage 2.0 (TID 6) (10.255.255.254, executor driver, partition 0, PROCESS_LOCAL, 9228 bytes)
[2025-05-16T17:29:37.887+0530] {subprocess.py:93} INFO - 25/05/16 17:29:37 INFO Executor: Running task 0.0 in stage 2.0 (TID 6)
[2025-05-16T17:29:37.904+0530] {subprocess.py:93} INFO - 25/05/16 17:29:37 INFO Executor: Finished task 0.0 in stage 2.0 (TID 6). 2151 bytes result sent to driver
[2025-05-16T17:29:37.905+0530] {subprocess.py:93} INFO - 25/05/16 17:29:37 INFO TaskSetManager: Finished task 0.0 in stage 2.0 (TID 6) in 18 ms on 10.255.255.254 (executor driver) (1/1)
[2025-05-16T17:29:37.905+0530] {subprocess.py:93} INFO - 25/05/16 17:29:37 INFO TaskSchedulerImpl: Removed TaskSet 2.0, whose tasks have all completed, from pool
[2025-05-16T17:29:37.905+0530] {subprocess.py:93} INFO - 25/05/16 17:29:37 INFO DAGScheduler: ResultStage 2 (parquet at NativeMethodAccessorImpl.java:0) finished in 0.032 s
[2025-05-16T17:29:37.905+0530] {subprocess.py:93} INFO - 25/05/16 17:29:37 INFO DAGScheduler: Job 2 is finished. Cancelling potential speculative or zombie tasks for this job
[2025-05-16T17:29:37.906+0530] {subprocess.py:93} INFO - 25/05/16 17:29:37 INFO TaskSchedulerImpl: Killing all running tasks in stage 2: Stage finished
[2025-05-16T17:29:37.906+0530] {subprocess.py:93} INFO - 25/05/16 17:29:37 INFO DAGScheduler: Job 2 finished: parquet at NativeMethodAccessorImpl.java:0, took 0.035519 s
[2025-05-16T17:29:37.946+0530] {subprocess.py:93} INFO - 25/05/16 17:29:37 WARN SnowflakeConnectorUtils$: Query pushdown is not supported because you are using Spark 3.5.5 with a connector designed to support Spark 3.3. Either use the version of Spark supported by the connector or install a version of the connector that supports your version of Spark.
[2025-05-16T17:29:37.963+0530] {subprocess.py:93} INFO - 25/05/16 17:29:37 INFO FileSourceStrategy: Pushed Filters:
[2025-05-16T17:29:37.963+0530] {subprocess.py:93} INFO - 25/05/16 17:29:37 INFO FileSourceStrategy: Post-Scan Filters:
[2025-05-16T17:29:37.994+0530] {subprocess.py:93} INFO - 25/05/16 17:29:37 INFO CodeGenerator: Code generated in 22.230655 ms
[2025-05-16T17:29:38.001+0530] {subprocess.py:93} INFO - 25/05/16 17:29:38 INFO MemoryStore: Block broadcast_4 stored as values in memory (estimated size 202.4 KiB, free 433.8 MiB)
[2025-05-16T17:29:38.014+0530] {subprocess.py:93} INFO - 25/05/16 17:29:38 INFO BlockManagerInfo: Removed broadcast_3_piece0 on 10.255.255.254:41713 in memory (size: 37.2 KiB, free: 434.3 MiB)
[2025-05-16T17:29:38.016+0530] {subprocess.py:93} INFO - 25/05/16 17:29:38 INFO MemoryStore: Block broadcast_4_piece0 stored as bytes in memory (estimated size 35.3 KiB, free 433.9 MiB)
[2025-05-16T17:29:38.017+0530] {subprocess.py:93} INFO - 25/05/16 17:29:38 INFO BlockManagerInfo: Added broadcast_4_piece0 in memory on 10.255.255.254:41713 (size: 35.3 KiB, free: 434.3 MiB)
[2025-05-16T17:29:38.018+0530] {subprocess.py:93} INFO - 25/05/16 17:29:38 INFO SparkContext: Created broadcast 4 from rdd at SnowflakeWriter.scala:87
[2025-05-16T17:29:38.020+0530] {subprocess.py:93} INFO - 25/05/16 17:29:38 INFO FileSourceScanExec: Planning scan with bin packing, max size: 4194304 bytes, open cost is considered as scanning 4194304 bytes.
[2025-05-16T17:29:38.055+0530] {subprocess.py:93} INFO - 25/05/16 17:29:38 WARN DefaultJDBCWrapper$: JDBC 3.13.30 is being used. But the certified JDBC version 3.13.22 is recommended.
[2025-05-16T17:29:38.057+0530] {subprocess.py:93} INFO - 25/05/16 17:29:38 INFO BlockManagerInfo: Removed broadcast_1_piece0 on 10.255.255.254:41713 in memory (size: 35.5 KiB, free: 434.3 MiB)
[2025-05-16T17:29:38.062+0530] {subprocess.py:93} INFO - 25/05/16 17:29:38 INFO BlockManagerInfo: Removed broadcast_2_piece0 on 10.255.255.254:41713 in memory (size: 18.1 KiB, free: 434.4 MiB)
[2025-05-16T17:29:38.235+0530] {subprocess.py:93} INFO - 25/05/16 17:29:38 INFO SnowflakeSQLStatement: Spark Connector Master: execute query with bind variable: alter session set timezone = 'Asia/Calcutta' , timestamp_ntz_output_format = 'YYYY-MM-DD HH24:MI:SS.FF3', timestamp_ltz_output_format = 'TZHTZM YYYY-MM-DD HH24:MI:SS.FF3', timestamp_tz_output_format = 'TZHTZM YYYY-MM-DD HH24:MI:SS.FF3' ;
[2025-05-16T17:29:38.342+0530] {subprocess.py:93} INFO - 25/05/16 17:29:38 INFO SnowflakeSQLStatement: Spark Connector Master: execute query with bind variable: create  temporary stage if not exists identifier(?)
[2025-05-16T17:29:38.741+0530] {subprocess.py:93} INFO - 25/05/16 17:29:38 INFO CloudStorageOperations$: Spark Connector Master: Begin to process and upload data for 5 partitions: directory=lgzBQUq3cC CSV true
[2025-05-16T17:29:38.762+0530] {subprocess.py:93} INFO - 25/05/16 17:29:38 INFO SparkContext: Starting job: collect at CloudStorageOperations.scala:805
[2025-05-16T17:29:38.763+0530] {subprocess.py:93} INFO - 25/05/16 17:29:38 INFO DAGScheduler: Got job 3 (collect at CloudStorageOperations.scala:805) with 5 output partitions
[2025-05-16T17:29:38.763+0530] {subprocess.py:93} INFO - 25/05/16 17:29:38 INFO DAGScheduler: Final stage: ResultStage 3 (collect at CloudStorageOperations.scala:805)
[2025-05-16T17:29:38.764+0530] {subprocess.py:93} INFO - 25/05/16 17:29:38 INFO DAGScheduler: Parents of final stage: List()
[2025-05-16T17:29:38.764+0530] {subprocess.py:93} INFO - 25/05/16 17:29:38 INFO DAGScheduler: Missing parents: List()
[2025-05-16T17:29:38.764+0530] {subprocess.py:93} INFO - 25/05/16 17:29:38 INFO DAGScheduler: Submitting ResultStage 3 (MapPartitionsRDD[19] at mapPartitionsWithIndex at CloudStorageOperations.scala:788), which has no missing parents
[2025-05-16T17:29:38.768+0530] {subprocess.py:93} INFO - 25/05/16 17:29:38 INFO MemoryStore: Block broadcast_5 stored as values in memory (estimated size 34.8 KiB, free 434.1 MiB)
[2025-05-16T17:29:38.770+0530] {subprocess.py:93} INFO - 25/05/16 17:29:38 INFO MemoryStore: Block broadcast_5_piece0 stored as bytes in memory (estimated size 14.1 KiB, free 434.1 MiB)
[2025-05-16T17:29:38.771+0530] {subprocess.py:93} INFO - 25/05/16 17:29:38 INFO BlockManagerInfo: Added broadcast_5_piece0 in memory on 10.255.255.254:41713 (size: 14.1 KiB, free: 434.4 MiB)
[2025-05-16T17:29:38.771+0530] {subprocess.py:93} INFO - 25/05/16 17:29:38 INFO SparkContext: Created broadcast 5 from broadcast at DAGScheduler.scala:1585
[2025-05-16T17:29:38.772+0530] {subprocess.py:93} INFO - 25/05/16 17:29:38 INFO DAGScheduler: Submitting 5 missing tasks from ResultStage 3 (MapPartitionsRDD[19] at mapPartitionsWithIndex at CloudStorageOperations.scala:788) (first 15 tasks are for partitions Vector(0, 1, 2, 3, 4))
[2025-05-16T17:29:38.772+0530] {subprocess.py:93} INFO - 25/05/16 17:29:38 INFO TaskSchedulerImpl: Adding task set 3.0 with 5 tasks resource profile 0
[2025-05-16T17:29:38.773+0530] {subprocess.py:93} INFO - 25/05/16 17:29:38 INFO TaskSetManager: Starting task 0.0 in stage 3.0 (TID 7) (10.255.255.254, executor driver, partition 0, PROCESS_LOCAL, 9698 bytes)
[2025-05-16T17:29:38.774+0530] {subprocess.py:93} INFO - 25/05/16 17:29:38 INFO TaskSetManager: Starting task 1.0 in stage 3.0 (TID 8) (10.255.255.254, executor driver, partition 1, PROCESS_LOCAL, 9698 bytes)
[2025-05-16T17:29:38.775+0530] {subprocess.py:93} INFO - 25/05/16 17:29:38 INFO TaskSetManager: Starting task 2.0 in stage 3.0 (TID 9) (10.255.255.254, executor driver, partition 2, PROCESS_LOCAL, 9698 bytes)
[2025-05-16T17:29:38.775+0530] {subprocess.py:93} INFO - 25/05/16 17:29:38 INFO TaskSetManager: Starting task 3.0 in stage 3.0 (TID 10) (10.255.255.254, executor driver, partition 3, PROCESS_LOCAL, 9698 bytes)
[2025-05-16T17:29:38.776+0530] {subprocess.py:93} INFO - 25/05/16 17:29:38 INFO TaskSetManager: Starting task 4.0 in stage 3.0 (TID 11) (10.255.255.254, executor driver, partition 4, PROCESS_LOCAL, 9698 bytes)
[2025-05-16T17:29:38.776+0530] {subprocess.py:93} INFO - 25/05/16 17:29:38 INFO Executor: Running task 0.0 in stage 3.0 (TID 7)
[2025-05-16T17:29:38.777+0530] {subprocess.py:93} INFO - 25/05/16 17:29:38 INFO Executor: Running task 1.0 in stage 3.0 (TID 8)
[2025-05-16T17:29:38.778+0530] {subprocess.py:93} INFO - 25/05/16 17:29:38 INFO Executor: Running task 2.0 in stage 3.0 (TID 9)
[2025-05-16T17:29:38.779+0530] {subprocess.py:93} INFO - 25/05/16 17:29:38 INFO Executor: Running task 4.0 in stage 3.0 (TID 11)
[2025-05-16T17:29:38.779+0530] {subprocess.py:93} INFO - 25/05/16 17:29:38 INFO Executor: Running task 3.0 in stage 3.0 (TID 10)
[2025-05-16T17:29:38.807+0530] {subprocess.py:93} INFO - 25/05/16 17:29:38 INFO CodeGenerator: Code generated in 21.332067 ms
[2025-05-16T17:29:38.846+0530] {subprocess.py:93} INFO - 25/05/16 17:29:38 INFO CodeGenerator: Code generated in 19.388731 ms
[2025-05-16T17:29:38.848+0530] {subprocess.py:93} INFO - 25/05/16 17:29:38 INFO CloudStorageOperations$: Spark Connector Worker: Start writing partition ID:4 as 4.CSV.gz TaskInfo: {  "task_partition_id" : 4,  "task_attempt_id" : 11,  "task_attempt_number" : 0,  "task_stage_attempt_number" : 0,  "task_stage_id" : 3,  "thread_id" : 120}
[2025-05-16T17:29:38.848+0530] {subprocess.py:93} INFO - 25/05/16 17:29:38 INFO CloudStorageOperations$: Spark Connector Worker: Start writing partition ID:1 as 1.CSV.gz TaskInfo: {  "task_partition_id" : 1,  "task_attempt_id" : 8,  "task_attempt_number" : 0,  "task_stage_attempt_number" : 0,  "task_stage_id" : 3,  "thread_id" : 117}
[2025-05-16T17:29:38.849+0530] {subprocess.py:93} INFO - 25/05/16 17:29:38 INFO CloudStorageOperations$: Spark Connector Worker: Start writing partition ID:2 as 2.CSV.gz TaskInfo: {  "task_partition_id" : 2,  "task_attempt_id" : 9,  "task_attempt_number" : 0,  "task_stage_attempt_number" : 0,  "task_stage_id" : 3,  "thread_id" : 118}
[2025-05-16T17:29:38.849+0530] {subprocess.py:93} INFO - 25/05/16 17:29:38 INFO CloudStorageOperations$: Spark Connector Worker: Start writing partition ID:3 as 3.CSV.gz TaskInfo: {  "task_partition_id" : 3,  "task_attempt_id" : 10,  "task_attempt_number" : 0,  "task_stage_attempt_number" : 0,  "task_stage_id" : 3,  "thread_id" : 119}
[2025-05-16T17:29:38.849+0530] {subprocess.py:93} INFO - 25/05/16 17:29:38 INFO CloudStorageOperations$: Spark Connector Worker: Start writing partition ID:0 as 0.CSV.gz TaskInfo: {  "task_partition_id" : 0,  "task_attempt_id" : 7,  "task_attempt_number" : 0,  "task_stage_attempt_number" : 0,  "task_stage_id" : 3,  "thread_id" : 85}
[2025-05-16T17:29:38.849+0530] {subprocess.py:93} INFO - 25/05/16 17:29:38 INFO FileScanRDD: Reading File path: file:///home/pranav_shirali/airflow-project/nyc_taxi_payment.parquet/part-00000-01f146c9-e1a7-4e34-b506-3ffbcfb962c3-c000.snappy.parquet, range: 8388608-12582912, partition values: [empty row]
[2025-05-16T17:29:38.849+0530] {subprocess.py:93} INFO - 25/05/16 17:29:38 INFO FileScanRDD: Reading File path: file:///home/pranav_shirali/airflow-project/nyc_taxi_payment.parquet/part-00000-01f146c9-e1a7-4e34-b506-3ffbcfb962c3-c000.snappy.parquet, range: 4194304-8388608, partition values: [empty row]
[2025-05-16T17:29:38.849+0530] {subprocess.py:93} INFO - 25/05/16 17:29:38 INFO FileScanRDD: Reading File path: file:///home/pranav_shirali/airflow-project/nyc_taxi_payment.parquet/part-00000-01f146c9-e1a7-4e34-b506-3ffbcfb962c3-c000.snappy.parquet, range: 0-4194304, partition values: [empty row]
[2025-05-16T17:29:38.849+0530] {subprocess.py:93} INFO - 25/05/16 17:29:38 INFO FileScanRDD: Reading File path: file:///home/pranav_shirali/airflow-project/nyc_taxi_payment.parquet/part-00000-01f146c9-e1a7-4e34-b506-3ffbcfb962c3-c000.snappy.parquet, range: 16777216-17071609, partition values: [empty row]
[2025-05-16T17:29:38.849+0530] {subprocess.py:93} INFO - 25/05/16 17:29:38 INFO FileScanRDD: Reading File path: file:///home/pranav_shirali/airflow-project/nyc_taxi_payment.parquet/part-00000-01f146c9-e1a7-4e34-b506-3ffbcfb962c3-c000.snappy.parquet, range: 12582912-16777216, partition values: [empty row]
[2025-05-16T17:29:38.857+0530] {subprocess.py:93} INFO - 25/05/16 17:29:38 INFO CloudStorageOperations$: Spark Connector Worker: Finish writing partition ID:0 0.CSV.gz write row count is 0. Uncompressed data size is 0 Bytes. read_and_upload_time: 9 ms
[2025-05-16T17:29:38.858+0530] {subprocess.py:93} INFO - 25/05/16 17:29:38 INFO CloudStorageOperations$: Spark Connector Worker: Finish writing partition ID:1 1.CSV.gz write row count is 0. Uncompressed data size is 0 Bytes. read_and_upload_time: 9 ms
[2025-05-16T17:29:38.858+0530] {subprocess.py:93} INFO - 25/05/16 17:29:38 INFO CloudStorageOperations$: Spark Connector Worker: Finish writing partition ID:4 4.CSV.gz write row count is 0. Uncompressed data size is 0 Bytes. read_and_upload_time: 9 ms
[2025-05-16T17:29:38.859+0530] {subprocess.py:93} INFO - 25/05/16 17:29:38 INFO CloudStorageOperations$: Spark Connector Worker: Finish writing partition ID:3 3.CSV.gz write row count is 0. Uncompressed data size is 0 Bytes. read_and_upload_time: 8 ms
[2025-05-16T17:29:38.860+0530] {subprocess.py:93} INFO - 25/05/16 17:29:38 INFO Executor: Finished task 1.0 in stage 3.0 (TID 8). 1862 bytes result sent to driver
[2025-05-16T17:29:38.861+0530] {subprocess.py:93} INFO - 25/05/16 17:29:38 INFO Executor: Finished task 0.0 in stage 3.0 (TID 7). 1862 bytes result sent to driver
[2025-05-16T17:29:38.861+0530] {subprocess.py:93} INFO - 25/05/16 17:29:38 INFO Executor: Finished task 4.0 in stage 3.0 (TID 11). 1862 bytes result sent to driver
[2025-05-16T17:29:38.861+0530] {subprocess.py:93} INFO - 25/05/16 17:29:38 INFO Executor: Finished task 3.0 in stage 3.0 (TID 10). 1862 bytes result sent to driver
[2025-05-16T17:29:38.862+0530] {subprocess.py:93} INFO - 25/05/16 17:29:38 INFO TaskSetManager: Finished task 1.0 in stage 3.0 (TID 8) in 89 ms on 10.255.255.254 (executor driver) (1/5)
[2025-05-16T17:29:38.863+0530] {subprocess.py:93} INFO - 25/05/16 17:29:38 INFO TaskSetManager: Finished task 0.0 in stage 3.0 (TID 7) in 90 ms on 10.255.255.254 (executor driver) (2/5)
[2025-05-16T17:29:38.863+0530] {subprocess.py:93} INFO - 25/05/16 17:29:38 INFO TaskSetManager: Finished task 3.0 in stage 3.0 (TID 10) in 88 ms on 10.255.255.254 (executor driver) (3/5)
[2025-05-16T17:29:38.864+0530] {subprocess.py:93} INFO - 25/05/16 17:29:38 INFO TaskSetManager: Finished task 4.0 in stage 3.0 (TID 11) in 88 ms on 10.255.255.254 (executor driver) (4/5)
[2025-05-16T17:30:22.022+0530] {subprocess.py:93} INFO - 25/05/16 17:30:22 INFO CloudStorageOperations$: Spark Connector Worker: Finish uploading file lgzBQUq3cC/2.CSV.gz with AWS multiple parts API: bufferSize=8.00 MB chunkCount=3 compressedSize=11.92 MB
[2025-05-16T17:30:22.023+0530] {subprocess.py:93} INFO - 25/05/16 17:30:22 INFO CloudStorageOperations$: Spark Connector Worker: Finish writing partition ID:2 2.CSV.gz write row count is 1177062. Uncompressed data size is 67.68 MB. read_and_upload_time: 43.17 seconds
[2025-05-16T17:30:22.024+0530] {subprocess.py:93} INFO - 25/05/16 17:30:22 INFO Executor: Finished task 2.0 in stage 3.0 (TID 9). 1948 bytes result sent to driver
[2025-05-16T17:30:22.025+0530] {subprocess.py:93} INFO - 25/05/16 17:30:22 INFO TaskSetManager: Finished task 2.0 in stage 3.0 (TID 9) in 43251 ms on 10.255.255.254 (executor driver) (5/5)
[2025-05-16T17:30:22.026+0530] {subprocess.py:93} INFO - 25/05/16 17:30:22 INFO TaskSchedulerImpl: Removed TaskSet 3.0, whose tasks have all completed, from pool
[2025-05-16T17:30:22.026+0530] {subprocess.py:93} INFO - 25/05/16 17:30:22 INFO DAGScheduler: ResultStage 3 (collect at CloudStorageOperations.scala:805) finished in 43.260 s
[2025-05-16T17:30:22.027+0530] {subprocess.py:93} INFO - 25/05/16 17:30:22 INFO DAGScheduler: Job 3 is finished. Cancelling potential speculative or zombie tasks for this job
[2025-05-16T17:30:22.027+0530] {subprocess.py:93} INFO - 25/05/16 17:30:22 INFO TaskSchedulerImpl: Killing all running tasks in stage 3: Stage finished
[2025-05-16T17:30:22.027+0530] {subprocess.py:93} INFO - 25/05/16 17:30:22 INFO DAGScheduler: Job 3 finished: collect at CloudStorageOperations.scala:805, took 39.191587 s
[2025-05-16T17:30:22.028+0530] {subprocess.py:93} INFO - 25/05/16 17:30:22 INFO StageWriter$: writeToTableWithStagingTable: check table existence with "AIRFLOW_DB"."PUBLIC".nyc_taxi_payment for nyc_taxi_payment
[2025-05-16T17:30:22.029+0530] {subprocess.py:93} INFO - 25/05/16 17:30:22 INFO SnowflakeSQLStatement: Spark Connector Master: execute query with bind variable: desc table identifier(?)
[2025-05-16T17:30:22.138+0530] {subprocess.py:93} INFO - 25/05/16 17:30:22 INFO SnowflakeSQLStatement: Spark Connector Master: execute query with bind variable: create   table if not exists identifier(?) ("PAYMENT_ID" INTEGER ,"TRIP_ID" INTEGER ,"PAYMENT_TYPE" INTEGER ,"FARE_AMOUNT" DOUBLE ,"EXTRA" DOUBLE ,"MTA_TAX" DOUBLE ,"TIP_AMOUNT" DOUBLE ,"TOLLS_AMOUNT" DOUBLE ,"IMPROVEMENT_SURCHARGE" DOUBLE ,"TOTAL_AMOUNT" DOUBLE ,"TRIP_AMT_INR" DOUBLE ,"CONGESTION_SURCHARGE" DOUBLE )
[2025-05-16T17:30:22.336+0530] {subprocess.py:93} INFO - 25/05/16 17:30:22 INFO StageWriter$: Begin to write at 2025-05-16T17:30:22.335921 (India Standard Time)
[2025-05-16T17:30:22.336+0530] {subprocess.py:93} INFO - 25/05/16 17:30:22 INFO StageWriter$: Total file count is 5, non-empty files count is 1, total file size is 67.68 MB, total row count is 1.12 MB.
[2025-05-16T17:30:22.337+0530] {subprocess.py:93} INFO - 25/05/16 17:30:22 INFO StageWriter$: Now executing below command to write into table:
[2025-05-16T17:30:22.337+0530] {subprocess.py:93} INFO - copy into nyc_taxi_payment_staging_1991520824 FROM @spark_connector_load_stage_DFlmx77zEi/lgzBQUq3cC/
[2025-05-16T17:30:22.337+0530] {subprocess.py:93} INFO - FILE_FORMAT = (
[2025-05-16T17:30:22.337+0530] {subprocess.py:93} INFO -     TYPE=CSV
[2025-05-16T17:30:22.337+0530] {subprocess.py:93} INFO -     FIELD_DELIMITER='|'
[2025-05-16T17:30:22.338+0530] {subprocess.py:93} INFO -     NULL_IF=()
[2025-05-16T17:30:22.338+0530] {subprocess.py:93} INFO -     FIELD_OPTIONALLY_ENCLOSED_BY='"'
[2025-05-16T17:30:22.338+0530] {subprocess.py:93} INFO -     TIMESTAMP_FORMAT='TZHTZM YYYY-MM-DD HH24:MI:SS.FF9'
[2025-05-16T17:30:22.338+0530] {subprocess.py:93} INFO -     DATE_FORMAT='TZHTZM YYYY-MM-DD HH24:MI:SS.FF9'
[2025-05-16T17:30:22.338+0530] {subprocess.py:93} INFO -     BINARY_FORMAT=BASE64
[2025-05-16T17:30:22.338+0530] {subprocess.py:93} INFO -   )
[2025-05-16T17:30:22.338+0530] {subprocess.py:93} INFO - 
[2025-05-16T17:30:22.339+0530] {subprocess.py:93} INFO - 25/05/16 17:30:22 INFO SnowflakeSQLStatement: Spark Connector Master: execute query with bind variable: copy into nyc_taxi_payment_staging_1991520824 FROM @spark_connector_load_stage_DFlmx77zEi/lgzBQUq3cC/
[2025-05-16T17:30:22.339+0530] {subprocess.py:93} INFO - FILE_FORMAT = (
[2025-05-16T17:30:22.339+0530] {subprocess.py:93} INFO -     TYPE=CSV
[2025-05-16T17:30:22.339+0530] {subprocess.py:93} INFO -     FIELD_DELIMITER='|'
[2025-05-16T17:30:22.339+0530] {subprocess.py:93} INFO -     NULL_IF=()
[2025-05-16T17:30:22.339+0530] {subprocess.py:93} INFO -     FIELD_OPTIONALLY_ENCLOSED_BY='"'
[2025-05-16T17:30:22.339+0530] {subprocess.py:93} INFO -     TIMESTAMP_FORMAT='TZHTZM YYYY-MM-DD HH24:MI:SS.FF9'
[2025-05-16T17:30:22.339+0530] {subprocess.py:93} INFO -     DATE_FORMAT='TZHTZM YYYY-MM-DD HH24:MI:SS.FF9'
[2025-05-16T17:30:22.339+0530] {subprocess.py:93} INFO -     BINARY_FORMAT=BASE64
[2025-05-16T17:30:22.339+0530] {subprocess.py:93} INFO -   )
[2025-05-16T17:30:22.339+0530] {subprocess.py:93} INFO - 
[2025-05-16T17:30:22.410+0530] {subprocess.py:93} INFO - 25/05/16 17:30:22 INFO SparkConnectorContext$: Add running query for local-1747396698963 session: 3722800343077102 queryId: 01bc62d0-3201-9cf5-000d-39de00035906
[2025-05-16T17:30:22.411+0530] {subprocess.py:93} INFO - 25/05/16 17:30:22 INFO StageWriter$: The query ID for async writing into table command is: 01bc62d0-3201-9cf5-000d-39de00035906; The query ID URL is:
[2025-05-16T17:30:22.411+0530] {subprocess.py:93} INFO - https://AVCUDFK-TL56570.snowflakecomputing.com/console#/monitoring/queries/detail?queryId=01bc62d0-3201-9cf5-000d-39de00035906
[2025-05-16T17:30:28.691+0530] {subprocess.py:93} INFO - 25/05/16 17:30:28 INFO SparkConnectorContext$: Remove running query for local-1747396698963 session: 3722800343077102 queryId: 01bc62d0-3201-9cf5-000d-39de00035906
[2025-05-16T17:30:28.691+0530] {subprocess.py:93} INFO - 25/05/16 17:30:28 INFO StageWriter$: First COPY command is done in 6.36 seconds at 2025-05-16T17:30:28.691603, queryID is 01bc62d0-3201-9cf5-000d-39de00035906
[2025-05-16T17:30:28.692+0530] {subprocess.py:93} INFO - 25/05/16 17:30:28 INFO StageWriter$: Succeed to write in 6.36 seconds at 2025-05-16T17:30:28.692360
[2025-05-16T17:30:28.693+0530] {subprocess.py:93} INFO - 25/05/16 17:30:28 INFO SnowflakeSQLStatement: Spark Connector Master: execute query with bind variable: alter table identifier(?) swap with identifier(?)
[2025-05-16T17:30:28.870+0530] {subprocess.py:93} INFO - 25/05/16 17:30:28 INFO SnowflakeSQLStatement: Spark Connector Master: execute query with bind variable: drop table identifier(?)
[2025-05-16T17:30:28.994+0530] {subprocess.py:93} INFO - 25/05/16 17:30:28 INFO StageWriter$: Spark Connector Master: Total job time is 50.38 seconds including read & upload time: 43.42 seconds and COPY time: 6.97 seconds.
[2025-05-16T17:30:29.119+0530] {subprocess.py:93} INFO - 25/05/16 17:30:29 WARN SnowflakeConnectorUtils$: Query pushdown is not supported because you are using Spark 3.5.5 with a connector designed to support Spark 3.3. Either use the version of Spark supported by the connector or install a version of the connector that supports your version of Spark.
[2025-05-16T17:30:29.120+0530] {subprocess.py:93} INFO - 25/05/16 17:30:29 WARN DefaultJDBCWrapper$: JDBC 3.13.30 is being used. But the certified JDBC version 3.13.22 is recommended.
[2025-05-16T17:30:29.451+0530] {subprocess.py:93} INFO - 25/05/16 17:30:29 INFO SnowflakeSQLStatement: Spark Connector Master: execute query with bind variable: select * from nyc_taxi_payment where 1 = 0
[2025-05-16T17:30:31.199+0530] {subprocess.py:93} INFO - 25/05/16 17:30:31 INFO SparkContext: Invoking stop() from shutdown hook
[2025-05-16T17:30:31.199+0530] {subprocess.py:93} INFO - 25/05/16 17:30:31 INFO SparkContext: SparkContext is stopping with exitCode 0.
[2025-05-16T17:30:31.200+0530] {subprocess.py:93} INFO - 25/05/16 17:30:31 WARN SparkConnectorContext$: Finish cancelling all queries for local-1747396698963
[2025-05-16T17:30:31.209+0530] {subprocess.py:93} INFO - 25/05/16 17:30:31 INFO SparkUI: Stopped Spark web UI at http://10.255.255.254:4040
[2025-05-16T17:30:31.223+0530] {subprocess.py:93} INFO - 25/05/16 17:30:31 INFO MapOutputTrackerMasterEndpoint: MapOutputTrackerMasterEndpoint stopped!
[2025-05-16T17:30:31.234+0530] {subprocess.py:93} INFO - 25/05/16 17:30:31 INFO MemoryStore: MemoryStore cleared
[2025-05-16T17:30:31.234+0530] {subprocess.py:93} INFO - 25/05/16 17:30:31 INFO BlockManager: BlockManager stopped
[2025-05-16T17:30:31.235+0530] {subprocess.py:93} INFO - 25/05/16 17:30:31 INFO BlockManagerMaster: BlockManagerMaster stopped
[2025-05-16T17:30:31.237+0530] {subprocess.py:93} INFO - 25/05/16 17:30:31 INFO OutputCommitCoordinator$OutputCommitCoordinatorEndpoint: OutputCommitCoordinator stopped!
[2025-05-16T17:30:31.245+0530] {subprocess.py:93} INFO - 25/05/16 17:30:31 INFO SparkContext: Successfully stopped SparkContext
[2025-05-16T17:30:31.245+0530] {subprocess.py:93} INFO - 25/05/16 17:30:31 INFO ShutdownHookManager: Shutdown hook called
[2025-05-16T17:30:31.245+0530] {subprocess.py:93} INFO - 25/05/16 17:30:31 INFO ShutdownHookManager: Deleting directory /tmp/spark-a6e928fe-981b-4e2a-99f2-4a62010ac179
[2025-05-16T17:30:31.249+0530] {subprocess.py:93} INFO - 25/05/16 17:30:31 INFO ShutdownHookManager: Deleting directory /tmp/spark-4b843490-30d9-4c9d-b6ad-913e221e4957
[2025-05-16T17:30:31.251+0530] {subprocess.py:93} INFO - 25/05/16 17:30:31 INFO ShutdownHookManager: Deleting directory /tmp/spark-4b843490-30d9-4c9d-b6ad-913e221e4957/pyspark-caa87717-d657-4b62-b28e-c1af19c48e23
[2025-05-16T17:30:31.303+0530] {subprocess.py:97} INFO - Command exited with return code 0
[2025-05-16T17:30:31.321+0530] {taskinstance.py:340} INFO - ::group::Post task execution logs
[2025-05-16T17:30:31.322+0530] {taskinstance.py:352} INFO - Marking task as SUCCESS. dag_id=nyc_taxi_etl, task_id=load_to_snowflake, run_id=manual__2025-05-16T11:57:07.496415+00:00, execution_date=20250516T115707, start_date=20250516T115813, end_date=20250516T120031
[2025-05-16T17:30:31.362+0530] {local_task_job_runner.py:266} INFO - Task exited with return code 0
[2025-05-16T17:30:31.369+0530] {taskinstance.py:3900} INFO - 0 downstream tasks scheduled from follow-on schedule check
[2025-05-16T17:30:31.370+0530] {local_task_job_runner.py:245} INFO - ::endgroup::
