[2025-05-11T19:35:24.170+0530] {local_task_job_runner.py:123} INFO - ::group::Pre task execution logs
[2025-05-11T19:35:24.181+0530] {taskinstance.py:2612} INFO - Dependencies all met for dep_context=non-requeueable deps ti=<TaskInstance: nyc_taxi_etl.transform_data manual__2025-05-11T14:04:51.382639+00:00 [queued]>
[2025-05-11T19:35:24.188+0530] {taskinstance.py:2612} INFO - Dependencies all met for dep_context=requeueable deps ti=<TaskInstance: nyc_taxi_etl.transform_data manual__2025-05-11T14:04:51.382639+00:00 [queued]>
[2025-05-11T19:35:24.188+0530] {taskinstance.py:2865} INFO - Starting attempt 1 of 1
[2025-05-11T19:35:24.203+0530] {taskinstance.py:2888} INFO - Executing <Task(BashOperator): transform_data> on 2025-05-11 14:04:51.382639+00:00
[2025-05-11T19:35:24.205+0530] {standard_task_runner.py:72} INFO - Started process 73419 to run task
[2025-05-11T19:35:24.209+0530] {standard_task_runner.py:104} INFO - Running: ['airflow', 'tasks', 'run', 'nyc_taxi_etl', 'transform_data', 'manual__2025-05-11T14:04:51.382639+00:00', '--job-id', '45', '--raw', '--subdir', 'DAGS_FOLDER/nyc_taxi_etl.py', '--cfg-path', '/tmp/tmpokupa6hx']
[2025-05-11T19:35:24.210+0530] {standard_task_runner.py:105} INFO - Job 45: Subtask transform_data
[2025-05-11T19:35:24.244+0530] {task_command.py:467} INFO - Running <TaskInstance: nyc_taxi_etl.transform_data manual__2025-05-11T14:04:51.382639+00:00 [running]> on host Voldemort.
[2025-05-11T19:35:24.291+0530] {taskinstance.py:3131} INFO - Exporting env vars: AIRFLOW_CTX_DAG_OWNER='airflow' AIRFLOW_CTX_DAG_ID='nyc_taxi_etl' AIRFLOW_CTX_TASK_ID='transform_data' AIRFLOW_CTX_EXECUTION_DATE='2025-05-11T14:04:51.382639+00:00' AIRFLOW_CTX_TRY_NUMBER='1' AIRFLOW_CTX_DAG_RUN_ID='manual__2025-05-11T14:04:51.382639+00:00'
[2025-05-11T19:35:24.292+0530] {taskinstance.py:731} INFO - ::endgroup::
[2025-05-11T19:35:24.302+0530] {subprocess.py:63} INFO - Tmp dir root location: /tmp
[2025-05-11T19:35:24.303+0530] {subprocess.py:75} INFO - Running command: ['/usr/bin/bash', '-c', '/opt/spark/bin/spark-submit /home/pranav_shirali/airflow-project/scripts/transform.py']
[2025-05-11T19:35:24.308+0530] {subprocess.py:86} INFO - Output:
[2025-05-11T19:35:25.726+0530] {subprocess.py:93} INFO - 25/05/11 19:35:25 WARN Utils: Your hostname, Voldemort resolves to a loopback address: 127.0.1.1; using 10.255.255.254 instead (on interface lo)
[2025-05-11T19:35:25.730+0530] {subprocess.py:93} INFO - 25/05/11 19:35:25 WARN Utils: Set SPARK_LOCAL_IP if you need to bind to another address
[2025-05-11T19:35:36.611+0530] {subprocess.py:93} INFO - 25/05/11 19:35:36 INFO SparkContext: Running Spark version 3.5.5
[2025-05-11T19:35:36.611+0530] {subprocess.py:93} INFO - 25/05/11 19:35:36 INFO SparkContext: OS info Linux, 5.15.167.4-microsoft-standard-WSL2, amd64
[2025-05-11T19:35:36.612+0530] {subprocess.py:93} INFO - 25/05/11 19:35:36 INFO SparkContext: Java version 11.0.27
[2025-05-11T19:35:36.670+0530] {subprocess.py:93} INFO - 25/05/11 19:35:36 WARN NativeCodeLoader: Unable to load native-hadoop library for your platform... using builtin-java classes where applicable
[2025-05-11T19:35:36.754+0530] {subprocess.py:93} INFO - 25/05/11 19:35:36 INFO ResourceUtils: ==============================================================
[2025-05-11T19:35:36.754+0530] {subprocess.py:93} INFO - 25/05/11 19:35:36 INFO ResourceUtils: No custom resources configured for spark.driver.
[2025-05-11T19:35:36.754+0530] {subprocess.py:93} INFO - 25/05/11 19:35:36 INFO ResourceUtils: ==============================================================
[2025-05-11T19:35:36.755+0530] {subprocess.py:93} INFO - 25/05/11 19:35:36 INFO SparkContext: Submitted application: NYC Taxi Transform
[2025-05-11T19:35:36.779+0530] {subprocess.py:93} INFO - 25/05/11 19:35:36 INFO ResourceProfile: Default ResourceProfile created, executor resources: Map(cores -> name: cores, amount: 1, script: , vendor: , memory -> name: memory, amount: 1024, script: , vendor: , offHeap -> name: offHeap, amount: 0, script: , vendor: ), task resources: Map(cpus -> name: cpus, amount: 1.0)
[2025-05-11T19:35:36.788+0530] {subprocess.py:93} INFO - 25/05/11 19:35:36 INFO ResourceProfile: Limiting resource is cpu
[2025-05-11T19:35:36.789+0530] {subprocess.py:93} INFO - 25/05/11 19:35:36 INFO ResourceProfileManager: Added ResourceProfile id: 0
[2025-05-11T19:35:36.835+0530] {subprocess.py:93} INFO - 25/05/11 19:35:36 INFO SecurityManager: Changing view acls to: pranav_shirali
[2025-05-11T19:35:36.836+0530] {subprocess.py:93} INFO - 25/05/11 19:35:36 INFO SecurityManager: Changing modify acls to: pranav_shirali
[2025-05-11T19:35:36.836+0530] {subprocess.py:93} INFO - 25/05/11 19:35:36 INFO SecurityManager: Changing view acls groups to:
[2025-05-11T19:35:36.836+0530] {subprocess.py:93} INFO - 25/05/11 19:35:36 INFO SecurityManager: Changing modify acls groups to:
[2025-05-11T19:35:36.837+0530] {subprocess.py:93} INFO - 25/05/11 19:35:36 INFO SecurityManager: SecurityManager: authentication disabled; ui acls disabled; users with view permissions: pranav_shirali; groups with view permissions: EMPTY; users with modify permissions: pranav_shirali; groups with modify permissions: EMPTY
[2025-05-11T19:35:37.105+0530] {subprocess.py:93} INFO - 25/05/11 19:35:37 INFO Utils: Successfully started service 'sparkDriver' on port 40587.
[2025-05-11T19:35:37.131+0530] {subprocess.py:93} INFO - 25/05/11 19:35:37 INFO SparkEnv: Registering MapOutputTracker
[2025-05-11T19:35:37.160+0530] {subprocess.py:93} INFO - 25/05/11 19:35:37 INFO SparkEnv: Registering BlockManagerMaster
[2025-05-11T19:35:37.174+0530] {subprocess.py:93} INFO - 25/05/11 19:35:37 INFO BlockManagerMasterEndpoint: Using org.apache.spark.storage.DefaultTopologyMapper for getting topology information
[2025-05-11T19:35:37.175+0530] {subprocess.py:93} INFO - 25/05/11 19:35:37 INFO BlockManagerMasterEndpoint: BlockManagerMasterEndpoint up
[2025-05-11T19:35:37.178+0530] {subprocess.py:93} INFO - 25/05/11 19:35:37 INFO SparkEnv: Registering BlockManagerMasterHeartbeat
[2025-05-11T19:35:37.199+0530] {subprocess.py:93} INFO - 25/05/11 19:35:37 INFO DiskBlockManager: Created local directory at /tmp/blockmgr-f6efe751-ff1d-474c-9958-af36e55ff1be
[2025-05-11T19:35:37.211+0530] {subprocess.py:93} INFO - 25/05/11 19:35:37 INFO MemoryStore: MemoryStore started with capacity 434.4 MiB
[2025-05-11T19:35:37.224+0530] {subprocess.py:93} INFO - 25/05/11 19:35:37 INFO SparkEnv: Registering OutputCommitCoordinator
[2025-05-11T19:35:37.349+0530] {subprocess.py:93} INFO - 25/05/11 19:35:37 INFO JettyUtils: Start Jetty 0.0.0.0:4040 for SparkUI
[2025-05-11T19:35:37.401+0530] {subprocess.py:93} INFO - 25/05/11 19:35:37 INFO Utils: Successfully started service 'SparkUI' on port 4040.
[2025-05-11T19:35:37.487+0530] {subprocess.py:93} INFO - 25/05/11 19:35:37 INFO Executor: Starting executor ID driver on host 10.255.255.254
[2025-05-11T19:35:37.488+0530] {subprocess.py:93} INFO - 25/05/11 19:35:37 INFO Executor: OS info Linux, 5.15.167.4-microsoft-standard-WSL2, amd64
[2025-05-11T19:35:37.488+0530] {subprocess.py:93} INFO - 25/05/11 19:35:37 INFO Executor: Java version 11.0.27
[2025-05-11T19:35:37.494+0530] {subprocess.py:93} INFO - 25/05/11 19:35:37 INFO Executor: Starting executor with user classpath (userClassPathFirst = false): ''
[2025-05-11T19:35:37.494+0530] {subprocess.py:93} INFO - 25/05/11 19:35:37 INFO Executor: Created or updated repl class loader org.apache.spark.util.MutableURLClassLoader@5365bb25 for default.
[2025-05-11T19:35:37.516+0530] {subprocess.py:93} INFO - 25/05/11 19:35:37 INFO Utils: Successfully started service 'org.apache.spark.network.netty.NettyBlockTransferService' on port 44551.
[2025-05-11T19:35:37.516+0530] {subprocess.py:93} INFO - 25/05/11 19:35:37 INFO NettyBlockTransferService: Server created on 10.255.255.254:44551
[2025-05-11T19:35:37.518+0530] {subprocess.py:93} INFO - 25/05/11 19:35:37 INFO BlockManager: Using org.apache.spark.storage.RandomBlockReplicationPolicy for block replication policy
[2025-05-11T19:35:37.523+0530] {subprocess.py:93} INFO - 25/05/11 19:35:37 INFO BlockManagerMaster: Registering BlockManager BlockManagerId(driver, 10.255.255.254, 44551, None)
[2025-05-11T19:35:37.525+0530] {subprocess.py:93} INFO - 25/05/11 19:35:37 INFO BlockManagerMasterEndpoint: Registering block manager 10.255.255.254:44551 with 434.4 MiB RAM, BlockManagerId(driver, 10.255.255.254, 44551, None)
[2025-05-11T19:35:37.528+0530] {subprocess.py:93} INFO - 25/05/11 19:35:37 INFO BlockManagerMaster: Registered BlockManager BlockManagerId(driver, 10.255.255.254, 44551, None)
[2025-05-11T19:35:37.529+0530] {subprocess.py:93} INFO - 25/05/11 19:35:37 INFO BlockManager: Initialized BlockManager: BlockManagerId(driver, 10.255.255.254, 44551, None)
[2025-05-11T19:35:37.944+0530] {subprocess.py:93} INFO - 25/05/11 19:35:37 INFO SharedState: Setting hive.metastore.warehouse.dir ('null') to the value of spark.sql.warehouse.dir.
[2025-05-11T19:35:37.952+0530] {subprocess.py:93} INFO - 25/05/11 19:35:37 INFO SharedState: Warehouse path is 'file:/tmp/airflowtmp61mrgmb4/spark-warehouse'.
[2025-05-11T19:35:38.888+0530] {subprocess.py:93} INFO - 25/05/11 19:35:38 INFO InMemoryFileIndex: It took 46 ms to list leaf files for 1 paths.
[2025-05-11T19:35:39.301+0530] {subprocess.py:93} INFO - 25/05/11 19:35:39 INFO SparkContext: Starting job: parquet at NativeMethodAccessorImpl.java:0
[2025-05-11T19:35:39.317+0530] {subprocess.py:93} INFO - 25/05/11 19:35:39 INFO DAGScheduler: Got job 0 (parquet at NativeMethodAccessorImpl.java:0) with 1 output partitions
[2025-05-11T19:35:39.318+0530] {subprocess.py:93} INFO - 25/05/11 19:35:39 INFO DAGScheduler: Final stage: ResultStage 0 (parquet at NativeMethodAccessorImpl.java:0)
[2025-05-11T19:35:39.318+0530] {subprocess.py:93} INFO - 25/05/11 19:35:39 INFO DAGScheduler: Parents of final stage: List()
[2025-05-11T19:35:39.319+0530] {subprocess.py:93} INFO - 25/05/11 19:35:39 INFO DAGScheduler: Missing parents: List()
[2025-05-11T19:35:39.323+0530] {subprocess.py:93} INFO - 25/05/11 19:35:39 INFO DAGScheduler: Submitting ResultStage 0 (MapPartitionsRDD[1] at parquet at NativeMethodAccessorImpl.java:0), which has no missing parents
[2025-05-11T19:35:39.387+0530] {subprocess.py:93} INFO - 25/05/11 19:35:39 INFO MemoryStore: Block broadcast_0 stored as values in memory (estimated size 103.2 KiB, free 434.3 MiB)
[2025-05-11T19:35:39.421+0530] {subprocess.py:93} INFO - 25/05/11 19:35:39 INFO MemoryStore: Block broadcast_0_piece0 stored as bytes in memory (estimated size 37.2 KiB, free 434.3 MiB)
[2025-05-11T19:35:39.425+0530] {subprocess.py:93} INFO - 25/05/11 19:35:39 INFO BlockManagerInfo: Added broadcast_0_piece0 in memory on 10.255.255.254:44551 (size: 37.2 KiB, free: 434.4 MiB)
[2025-05-11T19:35:39.430+0530] {subprocess.py:93} INFO - 25/05/11 19:35:39 INFO SparkContext: Created broadcast 0 from broadcast at DAGScheduler.scala:1585
[2025-05-11T19:35:39.453+0530] {subprocess.py:93} INFO - 25/05/11 19:35:39 INFO DAGScheduler: Submitting 1 missing tasks from ResultStage 0 (MapPartitionsRDD[1] at parquet at NativeMethodAccessorImpl.java:0) (first 15 tasks are for partitions Vector(0))
[2025-05-11T19:35:39.455+0530] {subprocess.py:93} INFO - 25/05/11 19:35:39 INFO TaskSchedulerImpl: Adding task set 0.0 with 1 tasks resource profile 0
[2025-05-11T19:35:39.528+0530] {subprocess.py:93} INFO - 25/05/11 19:35:39 INFO TaskSetManager: Starting task 0.0 in stage 0.0 (TID 0) (10.255.255.254, executor driver, partition 0, PROCESS_LOCAL, 9230 bytes)
[2025-05-11T19:35:39.542+0530] {subprocess.py:93} INFO - 25/05/11 19:35:39 INFO Executor: Running task 0.0 in stage 0.0 (TID 0)
[2025-05-11T19:35:39.942+0530] {subprocess.py:93} INFO - 25/05/11 19:35:39 INFO Executor: Finished task 0.0 in stage 0.0 (TID 0). 2776 bytes result sent to driver
[2025-05-11T19:35:39.953+0530] {subprocess.py:93} INFO - 25/05/11 19:35:39 INFO TaskSetManager: Finished task 0.0 in stage 0.0 (TID 0) in 450 ms on 10.255.255.254 (executor driver) (1/1)
[2025-05-11T19:35:39.955+0530] {subprocess.py:93} INFO - 25/05/11 19:35:39 INFO TaskSchedulerImpl: Removed TaskSet 0.0, whose tasks have all completed, from pool
[2025-05-11T19:35:39.960+0530] {subprocess.py:93} INFO - 25/05/11 19:35:39 INFO DAGScheduler: ResultStage 0 (parquet at NativeMethodAccessorImpl.java:0) finished in 0.624 s
[2025-05-11T19:35:39.963+0530] {subprocess.py:93} INFO - 25/05/11 19:35:39 INFO DAGScheduler: Job 0 is finished. Cancelling potential speculative or zombie tasks for this job
[2025-05-11T19:35:39.964+0530] {subprocess.py:93} INFO - 25/05/11 19:35:39 INFO TaskSchedulerImpl: Killing all running tasks in stage 0: Stage finished
[2025-05-11T19:35:39.966+0530] {subprocess.py:93} INFO - 25/05/11 19:35:39 INFO DAGScheduler: Job 0 finished: parquet at NativeMethodAccessorImpl.java:0, took 0.664326 s
[2025-05-11T19:35:40.318+0530] {subprocess.py:93} INFO - 25/05/11 19:35:40 INFO BlockManagerInfo: Removed broadcast_0_piece0 on 10.255.255.254:44551 in memory (size: 37.2 KiB, free: 434.4 MiB)
[2025-05-11T19:35:50.924+0530] {subprocess.py:93} INFO - Error fetching exchange rate, defaulting to 83.0: HTTPSConnectionPool(host='api.exchangerate-api.com', port=443): Max retries exceeded with url: /v4/latest/USD (Caused by NameResolutionError("<urllib3.connection.HTTPSConnection object at 0x7f964659cbe0>: Failed to resolve 'api.exchangerate-api.com' ([Errno -3] Temporary failure in name resolution)"))
[2025-05-11T19:35:51.505+0530] {subprocess.py:93} INFO - 25/05/11 19:35:51 INFO FileSourceStrategy: Pushed Filters:
[2025-05-11T19:35:51.506+0530] {subprocess.py:93} INFO - 25/05/11 19:35:51 INFO FileSourceStrategy: Post-Scan Filters:
[2025-05-11T19:35:51.622+0530] {subprocess.py:93} INFO - 25/05/11 19:35:51 INFO ParquetUtils: Using default output committer for Parquet: org.apache.parquet.hadoop.ParquetOutputCommitter
[2025-05-11T19:35:51.636+0530] {subprocess.py:93} INFO - 25/05/11 19:35:51 INFO FileOutputCommitter: File Output Committer Algorithm version is 1
[2025-05-11T19:35:51.636+0530] {subprocess.py:93} INFO - 25/05/11 19:35:51 INFO FileOutputCommitter: FileOutputCommitter skip cleanup _temporary folders under output directory:false, ignore cleanup failures: false
[2025-05-11T19:35:51.636+0530] {subprocess.py:93} INFO - 25/05/11 19:35:51 INFO SQLHadoopMapReduceCommitProtocol: Using user defined output committer class org.apache.parquet.hadoop.ParquetOutputCommitter
[2025-05-11T19:35:51.637+0530] {subprocess.py:93} INFO - 25/05/11 19:35:51 INFO FileOutputCommitter: File Output Committer Algorithm version is 1
[2025-05-11T19:35:51.637+0530] {subprocess.py:93} INFO - 25/05/11 19:35:51 INFO FileOutputCommitter: FileOutputCommitter skip cleanup _temporary folders under output directory:false, ignore cleanup failures: false
[2025-05-11T19:35:51.638+0530] {subprocess.py:93} INFO - 25/05/11 19:35:51 INFO SQLHadoopMapReduceCommitProtocol: Using output committer class org.apache.parquet.hadoop.ParquetOutputCommitter
[2025-05-11T19:35:52.036+0530] {subprocess.py:93} INFO - 25/05/11 19:35:52 INFO CodeGenerator: Code generated in 284.757075 ms
[2025-05-11T19:35:52.056+0530] {subprocess.py:93} INFO - 25/05/11 19:35:52 INFO MemoryStore: Block broadcast_1 stored as values in memory (estimated size 203.4 KiB, free 434.2 MiB)
[2025-05-11T19:35:52.068+0530] {subprocess.py:93} INFO - 25/05/11 19:35:52 INFO MemoryStore: Block broadcast_1_piece0 stored as bytes in memory (estimated size 35.8 KiB, free 434.2 MiB)
[2025-05-11T19:35:52.069+0530] {subprocess.py:93} INFO - 25/05/11 19:35:52 INFO BlockManagerInfo: Added broadcast_1_piece0 in memory on 10.255.255.254:44551 (size: 35.8 KiB, free: 434.4 MiB)
[2025-05-11T19:35:52.070+0530] {subprocess.py:93} INFO - 25/05/11 19:35:52 INFO SparkContext: Created broadcast 1 from parquet at NativeMethodAccessorImpl.java:0
[2025-05-11T19:35:52.084+0530] {subprocess.py:93} INFO - 25/05/11 19:35:52 INFO FileSourceScanExec: Planning scan with bin packing, max size: 4194304 bytes, open cost is considered as scanning 4194304 bytes.
[2025-05-11T19:35:52.135+0530] {subprocess.py:93} INFO - 25/05/11 19:35:52 INFO SparkContext: Starting job: parquet at NativeMethodAccessorImpl.java:0
[2025-05-11T19:35:52.137+0530] {subprocess.py:93} INFO - 25/05/11 19:35:52 INFO DAGScheduler: Got job 1 (parquet at NativeMethodAccessorImpl.java:0) with 1 output partitions
[2025-05-11T19:35:52.137+0530] {subprocess.py:93} INFO - 25/05/11 19:35:52 INFO DAGScheduler: Final stage: ResultStage 1 (parquet at NativeMethodAccessorImpl.java:0)
[2025-05-11T19:35:52.137+0530] {subprocess.py:93} INFO - 25/05/11 19:35:52 INFO DAGScheduler: Parents of final stage: List()
[2025-05-11T19:35:52.139+0530] {subprocess.py:93} INFO - 25/05/11 19:35:52 INFO DAGScheduler: Missing parents: List()
[2025-05-11T19:35:52.140+0530] {subprocess.py:93} INFO - 25/05/11 19:35:52 INFO DAGScheduler: Submitting ResultStage 1 (MapPartitionsRDD[5] at parquet at NativeMethodAccessorImpl.java:0), which has no missing parents
[2025-05-11T19:35:52.196+0530] {subprocess.py:93} INFO - 25/05/11 19:35:52 INFO MemoryStore: Block broadcast_2 stored as values in memory (estimated size 237.4 KiB, free 433.9 MiB)
[2025-05-11T19:35:52.198+0530] {subprocess.py:93} INFO - 25/05/11 19:35:52 INFO MemoryStore: Block broadcast_2_piece0 stored as bytes in memory (estimated size 82.4 KiB, free 433.9 MiB)
[2025-05-11T19:35:52.199+0530] {subprocess.py:93} INFO - 25/05/11 19:35:52 INFO BlockManagerInfo: Added broadcast_2_piece0 in memory on 10.255.255.254:44551 (size: 82.4 KiB, free: 434.3 MiB)
[2025-05-11T19:35:52.200+0530] {subprocess.py:93} INFO - 25/05/11 19:35:52 INFO SparkContext: Created broadcast 2 from broadcast at DAGScheduler.scala:1585
[2025-05-11T19:35:52.201+0530] {subprocess.py:93} INFO - 25/05/11 19:35:52 INFO DAGScheduler: Submitting 1 missing tasks from ResultStage 1 (MapPartitionsRDD[5] at parquet at NativeMethodAccessorImpl.java:0) (first 15 tasks are for partitions Vector(0))
[2025-05-11T19:35:52.201+0530] {subprocess.py:93} INFO - 25/05/11 19:35:52 INFO TaskSchedulerImpl: Adding task set 1.0 with 1 tasks resource profile 0
[2025-05-11T19:35:52.206+0530] {subprocess.py:93} INFO - 25/05/11 19:35:52 INFO TaskSetManager: Starting task 0.0 in stage 1.0 (TID 1) (10.255.255.254, executor driver, partition 0, PROCESS_LOCAL, 9700 bytes)
[2025-05-11T19:35:52.207+0530] {subprocess.py:93} INFO - 25/05/11 19:35:52 INFO Executor: Running task 0.0 in stage 1.0 (TID 1)
[2025-05-11T19:35:52.322+0530] {subprocess.py:93} INFO - 25/05/11 19:35:52 INFO CodeGenerator: Code generated in 51.457358 ms
[2025-05-11T19:35:52.327+0530] {subprocess.py:93} INFO - 25/05/11 19:35:52 INFO FileOutputCommitter: File Output Committer Algorithm version is 1
[2025-05-11T19:35:52.328+0530] {subprocess.py:93} INFO - 25/05/11 19:35:52 INFO FileOutputCommitter: FileOutputCommitter skip cleanup _temporary folders under output directory:false, ignore cleanup failures: false
[2025-05-11T19:35:52.328+0530] {subprocess.py:93} INFO - 25/05/11 19:35:52 INFO SQLHadoopMapReduceCommitProtocol: Using user defined output committer class org.apache.parquet.hadoop.ParquetOutputCommitter
[2025-05-11T19:35:52.328+0530] {subprocess.py:93} INFO - 25/05/11 19:35:52 INFO FileOutputCommitter: File Output Committer Algorithm version is 1
[2025-05-11T19:35:52.328+0530] {subprocess.py:93} INFO - 25/05/11 19:35:52 INFO FileOutputCommitter: FileOutputCommitter skip cleanup _temporary folders under output directory:false, ignore cleanup failures: false
[2025-05-11T19:35:52.329+0530] {subprocess.py:93} INFO - 25/05/11 19:35:52 INFO SQLHadoopMapReduceCommitProtocol: Using output committer class org.apache.parquet.hadoop.ParquetOutputCommitter
[2025-05-11T19:35:52.334+0530] {subprocess.py:93} INFO - 25/05/11 19:35:52 INFO CodecConfig: Compression: SNAPPY
[2025-05-11T19:35:52.338+0530] {subprocess.py:93} INFO - 25/05/11 19:35:52 INFO CodecConfig: Compression: SNAPPY
[2025-05-11T19:35:52.357+0530] {subprocess.py:93} INFO - 25/05/11 19:35:52 INFO ParquetOutputFormat: ParquetRecordWriter [block size: 134217728b, row group padding size: 8388608b, validating: false]
[2025-05-11T19:35:52.370+0530] {subprocess.py:93} INFO - 25/05/11 19:35:52 INFO ParquetWriteSupport: Initialized Parquet WriteSupport with Catalyst schema:
[2025-05-11T19:35:52.370+0530] {subprocess.py:93} INFO - {
[2025-05-11T19:35:52.371+0530] {subprocess.py:93} INFO -   "type" : "struct",
[2025-05-11T19:35:52.371+0530] {subprocess.py:93} INFO -   "fields" : [ {
[2025-05-11T19:35:52.371+0530] {subprocess.py:93} INFO -     "name" : "VendorID",
[2025-05-11T19:35:52.371+0530] {subprocess.py:93} INFO -     "type" : "short",
[2025-05-11T19:35:52.371+0530] {subprocess.py:93} INFO -     "nullable" : true,
[2025-05-11T19:35:52.371+0530] {subprocess.py:93} INFO -     "metadata" : { }
[2025-05-11T19:35:52.371+0530] {subprocess.py:93} INFO -   }, {
[2025-05-11T19:35:52.371+0530] {subprocess.py:93} INFO -     "name" : "tpep_pickup_datetime",
[2025-05-11T19:35:52.371+0530] {subprocess.py:93} INFO -     "type" : "string",
[2025-05-11T19:35:52.371+0530] {subprocess.py:93} INFO -     "nullable" : true,
[2025-05-11T19:35:52.372+0530] {subprocess.py:93} INFO -     "metadata" : { }
[2025-05-11T19:35:52.372+0530] {subprocess.py:93} INFO -   }, {
[2025-05-11T19:35:52.372+0530] {subprocess.py:93} INFO -     "name" : "tpep_dropoff_datetime",
[2025-05-11T19:35:52.372+0530] {subprocess.py:93} INFO -     "type" : "string",
[2025-05-11T19:35:52.372+0530] {subprocess.py:93} INFO -     "nullable" : true,
[2025-05-11T19:35:52.372+0530] {subprocess.py:93} INFO -     "metadata" : { }
[2025-05-11T19:35:52.372+0530] {subprocess.py:93} INFO -   }, {
[2025-05-11T19:35:52.372+0530] {subprocess.py:93} INFO -     "name" : "passenger_count",
[2025-05-11T19:35:52.372+0530] {subprocess.py:93} INFO -     "type" : "short",
[2025-05-11T19:35:52.372+0530] {subprocess.py:93} INFO -     "nullable" : true,
[2025-05-11T19:35:52.372+0530] {subprocess.py:93} INFO -     "metadata" : { }
[2025-05-11T19:35:52.372+0530] {subprocess.py:93} INFO -   }, {
[2025-05-11T19:35:52.372+0530] {subprocess.py:93} INFO -     "name" : "trip_distance",
[2025-05-11T19:35:52.372+0530] {subprocess.py:93} INFO -     "type" : "double",
[2025-05-11T19:35:52.372+0530] {subprocess.py:93} INFO -     "nullable" : true,
[2025-05-11T19:35:52.373+0530] {subprocess.py:93} INFO -     "metadata" : { }
[2025-05-11T19:35:52.373+0530] {subprocess.py:93} INFO -   }, {
[2025-05-11T19:35:52.373+0530] {subprocess.py:93} INFO -     "name" : "RatecodeID",
[2025-05-11T19:35:52.373+0530] {subprocess.py:93} INFO -     "type" : "short",
[2025-05-11T19:35:52.373+0530] {subprocess.py:93} INFO -     "nullable" : true,
[2025-05-11T19:35:52.373+0530] {subprocess.py:93} INFO -     "metadata" : { }
[2025-05-11T19:35:52.373+0530] {subprocess.py:93} INFO -   }, {
[2025-05-11T19:35:52.373+0530] {subprocess.py:93} INFO -     "name" : "store_and_fwd_flag",
[2025-05-11T19:35:52.373+0530] {subprocess.py:93} INFO -     "type" : "string",
[2025-05-11T19:35:52.373+0530] {subprocess.py:93} INFO -     "nullable" : true,
[2025-05-11T19:35:52.374+0530] {subprocess.py:93} INFO -     "metadata" : { }
[2025-05-11T19:35:52.374+0530] {subprocess.py:93} INFO -   }, {
[2025-05-11T19:35:52.374+0530] {subprocess.py:93} INFO -     "name" : "PULocationID",
[2025-05-11T19:35:52.374+0530] {subprocess.py:93} INFO -     "type" : "integer",
[2025-05-11T19:35:52.374+0530] {subprocess.py:93} INFO -     "nullable" : true,
[2025-05-11T19:35:52.374+0530] {subprocess.py:93} INFO -     "metadata" : { }
[2025-05-11T19:35:52.374+0530] {subprocess.py:93} INFO -   }, {
[2025-05-11T19:35:52.374+0530] {subprocess.py:93} INFO -     "name" : "DOLocationID",
[2025-05-11T19:35:52.374+0530] {subprocess.py:93} INFO -     "type" : "integer",
[2025-05-11T19:35:52.374+0530] {subprocess.py:93} INFO -     "nullable" : true,
[2025-05-11T19:35:52.374+0530] {subprocess.py:93} INFO -     "metadata" : { }
[2025-05-11T19:35:52.375+0530] {subprocess.py:93} INFO -   }, {
[2025-05-11T19:35:52.375+0530] {subprocess.py:93} INFO -     "name" : "payment_type",
[2025-05-11T19:35:52.375+0530] {subprocess.py:93} INFO -     "type" : "short",
[2025-05-11T19:35:52.375+0530] {subprocess.py:93} INFO -     "nullable" : true,
[2025-05-11T19:35:52.375+0530] {subprocess.py:93} INFO -     "metadata" : { }
[2025-05-11T19:35:52.375+0530] {subprocess.py:93} INFO -   }, {
[2025-05-11T19:35:52.375+0530] {subprocess.py:93} INFO -     "name" : "fare_amount",
[2025-05-11T19:35:52.375+0530] {subprocess.py:93} INFO -     "type" : "double",
[2025-05-11T19:35:52.375+0530] {subprocess.py:93} INFO -     "nullable" : true,
[2025-05-11T19:35:52.375+0530] {subprocess.py:93} INFO -     "metadata" : { }
[2025-05-11T19:35:52.375+0530] {subprocess.py:93} INFO -   }, {
[2025-05-11T19:35:52.375+0530] {subprocess.py:93} INFO -     "name" : "extra",
[2025-05-11T19:35:52.376+0530] {subprocess.py:93} INFO -     "type" : "double",
[2025-05-11T19:35:52.376+0530] {subprocess.py:93} INFO -     "nullable" : true,
[2025-05-11T19:35:52.376+0530] {subprocess.py:93} INFO -     "metadata" : { }
[2025-05-11T19:35:52.376+0530] {subprocess.py:93} INFO -   }, {
[2025-05-11T19:35:52.376+0530] {subprocess.py:93} INFO -     "name" : "mta_tax",
[2025-05-11T19:35:52.376+0530] {subprocess.py:93} INFO -     "type" : "double",
[2025-05-11T19:35:52.376+0530] {subprocess.py:93} INFO -     "nullable" : true,
[2025-05-11T19:35:52.376+0530] {subprocess.py:93} INFO -     "metadata" : { }
[2025-05-11T19:35:52.376+0530] {subprocess.py:93} INFO -   }, {
[2025-05-11T19:35:52.376+0530] {subprocess.py:93} INFO -     "name" : "tip_amount",
[2025-05-11T19:35:52.376+0530] {subprocess.py:93} INFO -     "type" : "double",
[2025-05-11T19:35:52.376+0530] {subprocess.py:93} INFO -     "nullable" : true,
[2025-05-11T19:35:52.376+0530] {subprocess.py:93} INFO -     "metadata" : { }
[2025-05-11T19:35:52.377+0530] {subprocess.py:93} INFO -   }, {
[2025-05-11T19:35:52.377+0530] {subprocess.py:93} INFO -     "name" : "tolls_amount",
[2025-05-11T19:35:52.377+0530] {subprocess.py:93} INFO -     "type" : "double",
[2025-05-11T19:35:52.377+0530] {subprocess.py:93} INFO -     "nullable" : true,
[2025-05-11T19:35:52.377+0530] {subprocess.py:93} INFO -     "metadata" : { }
[2025-05-11T19:35:52.377+0530] {subprocess.py:93} INFO -   }, {
[2025-05-11T19:35:52.377+0530] {subprocess.py:93} INFO -     "name" : "improvement_surcharge",
[2025-05-11T19:35:52.377+0530] {subprocess.py:93} INFO -     "type" : "double",
[2025-05-11T19:35:52.377+0530] {subprocess.py:93} INFO -     "nullable" : true,
[2025-05-11T19:35:52.378+0530] {subprocess.py:93} INFO -     "metadata" : { }
[2025-05-11T19:35:52.378+0530] {subprocess.py:93} INFO -   }, {
[2025-05-11T19:35:52.378+0530] {subprocess.py:93} INFO -     "name" : "total_amount",
[2025-05-11T19:35:52.378+0530] {subprocess.py:93} INFO -     "type" : "double",
[2025-05-11T19:35:52.378+0530] {subprocess.py:93} INFO -     "nullable" : true,
[2025-05-11T19:35:52.378+0530] {subprocess.py:93} INFO -     "metadata" : { }
[2025-05-11T19:35:52.378+0530] {subprocess.py:93} INFO -   }, {
[2025-05-11T19:35:52.378+0530] {subprocess.py:93} INFO -     "name" : "congestion_surcharge",
[2025-05-11T19:35:52.378+0530] {subprocess.py:93} INFO -     "type" : "double",
[2025-05-11T19:35:52.378+0530] {subprocess.py:93} INFO -     "nullable" : true,
[2025-05-11T19:35:52.379+0530] {subprocess.py:93} INFO -     "metadata" : { }
[2025-05-11T19:35:52.379+0530] {subprocess.py:93} INFO -   }, {
[2025-05-11T19:35:52.379+0530] {subprocess.py:93} INFO -     "name" : "__null_dask_index__",
[2025-05-11T19:35:52.379+0530] {subprocess.py:93} INFO -     "type" : "long",
[2025-05-11T19:35:52.379+0530] {subprocess.py:93} INFO -     "nullable" : true,
[2025-05-11T19:35:52.379+0530] {subprocess.py:93} INFO -     "metadata" : { }
[2025-05-11T19:35:52.379+0530] {subprocess.py:93} INFO -   }, {
[2025-05-11T19:35:52.379+0530] {subprocess.py:93} INFO -     "name" : "Month",
[2025-05-11T19:35:52.379+0530] {subprocess.py:93} INFO -     "type" : "integer",
[2025-05-11T19:35:52.379+0530] {subprocess.py:93} INFO -     "nullable" : true,
[2025-05-11T19:35:52.380+0530] {subprocess.py:93} INFO -     "metadata" : { }
[2025-05-11T19:35:52.380+0530] {subprocess.py:93} INFO -   }, {
[2025-05-11T19:35:52.380+0530] {subprocess.py:93} INFO -     "name" : "Car_utilization",
[2025-05-11T19:35:52.381+0530] {subprocess.py:93} INFO -     "type" : "string",
[2025-05-11T19:35:52.381+0530] {subprocess.py:93} INFO -     "nullable" : false,
[2025-05-11T19:35:52.381+0530] {subprocess.py:93} INFO -     "metadata" : { }
[2025-05-11T19:35:52.381+0530] {subprocess.py:93} INFO -   }, {
[2025-05-11T19:35:52.381+0530] {subprocess.py:93} INFO -     "name" : "Distance_Length",
[2025-05-11T19:35:52.381+0530] {subprocess.py:93} INFO -     "type" : "string",
[2025-05-11T19:35:52.382+0530] {subprocess.py:93} INFO -     "nullable" : false,
[2025-05-11T19:35:52.382+0530] {subprocess.py:93} INFO -     "metadata" : { }
[2025-05-11T19:35:52.382+0530] {subprocess.py:93} INFO -   }, {
[2025-05-11T19:35:52.382+0530] {subprocess.py:93} INFO -     "name" : "trip_amt_INR",
[2025-05-11T19:35:52.382+0530] {subprocess.py:93} INFO -     "type" : "double",
[2025-05-11T19:35:52.382+0530] {subprocess.py:93} INFO -     "nullable" : true,
[2025-05-11T19:35:52.382+0530] {subprocess.py:93} INFO -     "metadata" : { }
[2025-05-11T19:35:52.382+0530] {subprocess.py:93} INFO -   } ]
[2025-05-11T19:35:52.383+0530] {subprocess.py:93} INFO - }
[2025-05-11T19:35:52.383+0530] {subprocess.py:93} INFO - and corresponding Parquet message type:
[2025-05-11T19:35:52.383+0530] {subprocess.py:93} INFO - message spark_schema {
[2025-05-11T19:35:52.383+0530] {subprocess.py:93} INFO -   optional int32 VendorID (INTEGER(16,true));
[2025-05-11T19:35:52.383+0530] {subprocess.py:93} INFO -   optional binary tpep_pickup_datetime (STRING);
[2025-05-11T19:35:52.383+0530] {subprocess.py:93} INFO -   optional binary tpep_dropoff_datetime (STRING);
[2025-05-11T19:35:52.383+0530] {subprocess.py:93} INFO -   optional int32 passenger_count (INTEGER(16,true));
[2025-05-11T19:35:52.383+0530] {subprocess.py:93} INFO -   optional double trip_distance;
[2025-05-11T19:35:52.384+0530] {subprocess.py:93} INFO -   optional int32 RatecodeID (INTEGER(16,true));
[2025-05-11T19:35:52.384+0530] {subprocess.py:93} INFO -   optional binary store_and_fwd_flag (STRING);
[2025-05-11T19:35:52.384+0530] {subprocess.py:93} INFO -   optional int32 PULocationID;
[2025-05-11T19:35:52.384+0530] {subprocess.py:93} INFO -   optional int32 DOLocationID;
[2025-05-11T19:35:52.384+0530] {subprocess.py:93} INFO -   optional int32 payment_type (INTEGER(16,true));
[2025-05-11T19:35:52.384+0530] {subprocess.py:93} INFO -   optional double fare_amount;
[2025-05-11T19:35:52.384+0530] {subprocess.py:93} INFO -   optional double extra;
[2025-05-11T19:35:52.384+0530] {subprocess.py:93} INFO -   optional double mta_tax;
[2025-05-11T19:35:52.384+0530] {subprocess.py:93} INFO -   optional double tip_amount;
[2025-05-11T19:35:52.385+0530] {subprocess.py:93} INFO -   optional double tolls_amount;
[2025-05-11T19:35:52.385+0530] {subprocess.py:93} INFO -   optional double improvement_surcharge;
[2025-05-11T19:35:52.385+0530] {subprocess.py:93} INFO -   optional double total_amount;
[2025-05-11T19:35:52.385+0530] {subprocess.py:93} INFO -   optional double congestion_surcharge;
[2025-05-11T19:35:52.385+0530] {subprocess.py:93} INFO -   optional int64 __null_dask_index__;
[2025-05-11T19:35:52.385+0530] {subprocess.py:93} INFO -   optional int32 Month;
[2025-05-11T19:35:52.385+0530] {subprocess.py:93} INFO -   required binary Car_utilization (STRING);
[2025-05-11T19:35:52.385+0530] {subprocess.py:93} INFO -   required binary Distance_Length (STRING);
[2025-05-11T19:35:52.385+0530] {subprocess.py:93} INFO -   optional double trip_amt_INR;
[2025-05-11T19:35:52.385+0530] {subprocess.py:93} INFO - }
[2025-05-11T19:35:52.386+0530] {subprocess.py:93} INFO - 
[2025-05-11T19:35:52.386+0530] {subprocess.py:93} INFO - 
[2025-05-11T19:35:52.399+0530] {subprocess.py:93} INFO - 25/05/11 19:35:52 INFO CodecPool: Got brand-new compressor [.snappy]
[2025-05-11T19:35:52.626+0530] {subprocess.py:93} INFO - 25/05/11 19:35:52 INFO FileScanRDD: Reading File path: file:///home/pranav_shirali/airflow-project/nyc_taxi_extracted.parquet/part-00000-8e92d058-3be4-4173-9626-9fea8b4c527e-c000.snappy.parquet, range: 0-2227654, partition values: [empty row]
[2025-05-11T19:35:52.725+0530] {subprocess.py:93} INFO - 25/05/11 19:35:52 INFO CodecPool: Got brand-new decompressor [.snappy]
[2025-05-11T19:35:53.830+0530] {subprocess.py:93} INFO - 25/05/11 19:35:53 INFO FileOutputCommitter: Saved output of task 'attempt_202505111935523843624957613484099_0001_m_000000_1' to file:/home/pranav_shirali/airflow-project/nyc_taxi_transformed.parquet/_temporary/0/task_202505111935523843624957613484099_0001_m_000000
[2025-05-11T19:35:53.831+0530] {subprocess.py:93} INFO - 25/05/11 19:35:53 INFO SparkHadoopMapRedUtil: attempt_202505111935523843624957613484099_0001_m_000000_1: Committed. Elapsed time: 1 ms.
[2025-05-11T19:35:53.841+0530] {subprocess.py:93} INFO - 25/05/11 19:35:53 INFO Executor: Finished task 0.0 in stage 1.0 (TID 1). 2821 bytes result sent to driver
[2025-05-11T19:35:53.843+0530] {subprocess.py:93} INFO - 25/05/11 19:35:53 INFO TaskSetManager: Finished task 0.0 in stage 1.0 (TID 1) in 1641 ms on 10.255.255.254 (executor driver) (1/1)
[2025-05-11T19:35:53.844+0530] {subprocess.py:93} INFO - 25/05/11 19:35:53 INFO TaskSchedulerImpl: Removed TaskSet 1.0, whose tasks have all completed, from pool
[2025-05-11T19:35:53.845+0530] {subprocess.py:93} INFO - 25/05/11 19:35:53 INFO DAGScheduler: ResultStage 1 (parquet at NativeMethodAccessorImpl.java:0) finished in 1.701 s
[2025-05-11T19:35:53.845+0530] {subprocess.py:93} INFO - 25/05/11 19:35:53 INFO DAGScheduler: Job 1 is finished. Cancelling potential speculative or zombie tasks for this job
[2025-05-11T19:35:53.845+0530] {subprocess.py:93} INFO - 25/05/11 19:35:53 INFO TaskSchedulerImpl: Killing all running tasks in stage 1: Stage finished
[2025-05-11T19:35:53.846+0530] {subprocess.py:93} INFO - 25/05/11 19:35:53 INFO DAGScheduler: Job 1 finished: parquet at NativeMethodAccessorImpl.java:0, took 1.710750 s
[2025-05-11T19:35:53.848+0530] {subprocess.py:93} INFO - 25/05/11 19:35:53 INFO FileFormatWriter: Start to commit write Job 65beb014-2d2e-4187-ba0e-d059ab35b98d.
[2025-05-11T19:35:53.862+0530] {subprocess.py:93} INFO - 25/05/11 19:35:53 INFO FileFormatWriter: Write Job 65beb014-2d2e-4187-ba0e-d059ab35b98d committed. Elapsed time: 13 ms.
[2025-05-11T19:35:53.864+0530] {subprocess.py:93} INFO - 25/05/11 19:35:53 INFO FileFormatWriter: Finished processing stats for write job 65beb014-2d2e-4187-ba0e-d059ab35b98d.
[2025-05-11T19:35:53.925+0530] {subprocess.py:93} INFO - 25/05/11 19:35:53 INFO SparkContext: Invoking stop() from shutdown hook
[2025-05-11T19:35:53.925+0530] {subprocess.py:93} INFO - 25/05/11 19:35:53 INFO SparkContext: SparkContext is stopping with exitCode 0.
[2025-05-11T19:35:53.936+0530] {subprocess.py:93} INFO - 25/05/11 19:35:53 INFO SparkUI: Stopped Spark web UI at http://10.255.255.254:4040
[2025-05-11T19:35:53.949+0530] {subprocess.py:93} INFO - 25/05/11 19:35:53 INFO MapOutputTrackerMasterEndpoint: MapOutputTrackerMasterEndpoint stopped!
[2025-05-11T19:35:53.962+0530] {subprocess.py:93} INFO - 25/05/11 19:35:53 INFO MemoryStore: MemoryStore cleared
[2025-05-11T19:35:53.962+0530] {subprocess.py:93} INFO - 25/05/11 19:35:53 INFO BlockManager: BlockManager stopped
[2025-05-11T19:35:53.964+0530] {subprocess.py:93} INFO - 25/05/11 19:35:53 INFO BlockManagerMaster: BlockManagerMaster stopped
[2025-05-11T19:35:53.966+0530] {subprocess.py:93} INFO - 25/05/11 19:35:53 INFO OutputCommitCoordinator$OutputCommitCoordinatorEndpoint: OutputCommitCoordinator stopped!
[2025-05-11T19:35:53.976+0530] {subprocess.py:93} INFO - 25/05/11 19:35:53 INFO SparkContext: Successfully stopped SparkContext
[2025-05-11T19:35:53.976+0530] {subprocess.py:93} INFO - 25/05/11 19:35:53 INFO ShutdownHookManager: Shutdown hook called
[2025-05-11T19:35:53.977+0530] {subprocess.py:93} INFO - 25/05/11 19:35:53 INFO ShutdownHookManager: Deleting directory /tmp/spark-3c946183-061d-4c0f-bc69-4cf004286cb8/pyspark-23f753c9-f8e4-4298-90a0-225a2dd27d3d
[2025-05-11T19:35:53.980+0530] {subprocess.py:93} INFO - 25/05/11 19:35:53 INFO ShutdownHookManager: Deleting directory /tmp/spark-fe389d50-f055-4939-a93f-ea8c73e81c5b
[2025-05-11T19:35:53.983+0530] {subprocess.py:93} INFO - 25/05/11 19:35:53 INFO ShutdownHookManager: Deleting directory /tmp/spark-3c946183-061d-4c0f-bc69-4cf004286cb8
[2025-05-11T19:35:54.041+0530] {subprocess.py:97} INFO - Command exited with return code 0
[2025-05-11T19:35:54.058+0530] {taskinstance.py:340} INFO - ::group::Post task execution logs
[2025-05-11T19:35:54.058+0530] {taskinstance.py:352} INFO - Marking task as SUCCESS. dag_id=nyc_taxi_etl, task_id=transform_data, run_id=manual__2025-05-11T14:04:51.382639+00:00, execution_date=20250511T140451, start_date=20250511T140524, end_date=20250511T140554
[2025-05-11T19:35:54.087+0530] {local_task_job_runner.py:266} INFO - Task exited with return code 0
[2025-05-11T19:35:54.098+0530] {taskinstance.py:3900} INFO - 1 downstream tasks scheduled from follow-on schedule check
[2025-05-11T19:35:54.101+0530] {local_task_job_runner.py:245} INFO - ::endgroup::
