[2025-05-23T21:50:58.262+0530] {local_task_job_runner.py:123} INFO - ::group::Pre task execution logs
[2025-05-23T21:50:58.271+0530] {taskinstance.py:2612} INFO - Dependencies all met for dep_context=non-requeueable deps ti=<TaskInstance: elt_sales_stream_transformation.transform_sales_stream manual__2025-05-23T16:20:55.753460+00:00 [queued]>
[2025-05-23T21:50:58.275+0530] {taskinstance.py:2612} INFO - Dependencies all met for dep_context=requeueable deps ti=<TaskInstance: elt_sales_stream_transformation.transform_sales_stream manual__2025-05-23T16:20:55.753460+00:00 [queued]>
[2025-05-23T21:50:58.275+0530] {taskinstance.py:2865} INFO - Starting attempt 1 of 1
[2025-05-23T21:50:58.285+0530] {taskinstance.py:2888} INFO - Executing <Task(SQLExecuteQueryOperator): transform_sales_stream> on 2025-05-23 16:20:55.753460+00:00
[2025-05-23T21:50:58.289+0530] {standard_task_runner.py:72} INFO - Started process 117315 to run task
[2025-05-23T21:50:58.292+0530] {standard_task_runner.py:104} INFO - Running: ['airflow', 'tasks', 'run', 'elt_sales_stream_transformation', 'transform_sales_stream', 'manual__2025-05-23T16:20:55.753460+00:00', '--job-id', '221', '--raw', '--subdir', 'DAGS_FOLDER/elt_transformation_dag.py', '--cfg-path', '/tmp/tmpeba_nekw']
[2025-05-23T21:50:58.294+0530] {standard_task_runner.py:105} INFO - Job 221: Subtask transform_sales_stream
[2025-05-23T21:50:58.323+0530] {task_command.py:467} INFO - Running <TaskInstance: elt_sales_stream_transformation.transform_sales_stream manual__2025-05-23T16:20:55.753460+00:00 [running]> on host Voldemort.
[2025-05-23T21:50:58.377+0530] {taskinstance.py:3131} INFO - Exporting env vars: AIRFLOW_CTX_DAG_OWNER='airflow' AIRFLOW_CTX_DAG_ID='elt_sales_stream_transformation' AIRFLOW_CTX_TASK_ID='transform_sales_stream' AIRFLOW_CTX_EXECUTION_DATE='2025-05-23T16:20:55.753460+00:00' AIRFLOW_CTX_TRY_NUMBER='1' AIRFLOW_CTX_DAG_RUN_ID='manual__2025-05-23T16:20:55.753460+00:00'
[2025-05-23T21:50:58.378+0530] {taskinstance.py:731} INFO - ::endgroup::
[2025-05-23T21:50:58.388+0530] {sql.py:306} INFO - Executing: 
        -- Region Dimension
        CREATE OR REPLACE TABLE AIRFLOW_DB.ELT_TRANSFORMED.Region AS
        SELECT ROW_NUMBER() OVER (ORDER BY REGION) AS Region_id, REGION
        FROM (
            SELECT DISTINCT REGION
            FROM AIRFLOW_DB.ELT_TRANSFORMED."SALES DATA RAW"
            WHERE REGION IS NOT NULL
        );

        -- Country Dimension
        CREATE OR REPLACE TABLE AIRFLOW_DB.ELT_TRANSFORMED.Country AS
        SELECT ROW_NUMBER() OVER (ORDER BY COUNTRY) AS Country_id, COUNTRY
        FROM (
            SELECT DISTINCT COUNTRY
            FROM AIRFLOW_DB.ELT_TRANSFORMED."SALES DATA RAW"
            WHERE COUNTRY IS NOT NULL
        );

        -- Item Dimension
        CREATE OR REPLACE TABLE AIRFLOW_DB.ELT_TRANSFORMED.Item AS
        SELECT ROW_NUMBER() OVER (ORDER BY "ITEM TYPE") AS Item_id, "ITEM TYPE" AS Item_type
        FROM (
            SELECT DISTINCT "ITEM TYPE"
            FROM AIRFLOW_DB.ELT_TRANSFORMED."SALES DATA RAW"
            WHERE "ITEM TYPE" IS NOT NULL
        );

        -- Order Priority Dimension
        CREATE OR REPLACE TABLE AIRFLOW_DB.ELT_TRANSFORMED.Order_Priority AS
        SELECT ROW_NUMBER() OVER (ORDER BY ORDER_PRIORITY_FULL) AS OrderPriority_id, ORDER_PRIORITY_FULL AS ORDER_PRIORITY
        FROM (
            SELECT DISTINCT
                CASE 
                    WHEN "ORDER PRIORITY" = 'H' THEN 'High'
                    WHEN "ORDER PRIORITY" = 'L' THEN 'Low'
                    WHEN "ORDER PRIORITY" = 'M' THEN 'Medium'
                    WHEN "ORDER PRIORITY" = 'C' THEN 'Critical'
                    ELSE "ORDER PRIORITY"
                END AS ORDER_PRIORITY_FULL
            FROM AIRFLOW_DB.ELT_TRANSFORMED."SALES DATA RAW"
            WHERE "ORDER PRIORITY" IS NOT NULL
        );

        -- Orders Fact Table
        CREATE OR REPLACE TABLE AIRFLOW_DB.ELT_TRANSFORMED.Orders AS
        SELECT
            s."ORDER ID",
            s."ITEM TYPE",
            s."SHIP DATE",
            s."UNIT COST",
            s."ORDER DATE",
            s."TOTAL COST",
            s."UNIT PRICE",
            s."UNITS SOLD",
            s."TOTAL PROFIT",
            s."SALES CHANNEL",
            s."TOTAL REVENUE",
            r.Region_id,
            c.Country_id,
            i.Item_id,
            op.OrderPriority_id,
            DATEDIFF(
                'day',
                TRY_TO_DATE(s."ORDER DATE", 'MM/DD/YYYY'),
                TRY_TO_DATE(s."SHIP DATE", 'MM/DD/YYYY')
            ) AS SHIPMENT_LEAD_TIME
        FROM (
            SELECT *,
                CASE 
                    WHEN "ORDER PRIORITY" = 'H' THEN 'High'
                    WHEN "ORDER PRIORITY" = 'L' THEN 'Low'
                    WHEN "ORDER PRIORITY" = 'M' THEN 'Medium'
                    WHEN "ORDER PRIORITY" = 'C' THEN 'Critical'
                    ELSE "ORDER PRIORITY"
                END AS ORDER_PRIORITY_FULL
            FROM AIRFLOW_DB.ELT_TRANSFORMED."SALES DATA RAW"
            WHERE 
                "ORDER ID" IS NOT NULL AND
                "ITEM TYPE" IS NOT NULL AND
                REGION IS NOT NULL AND
                COUNTRY IS NOT NULL AND
                "ORDER PRIORITY" IS NOT NULL
        ) s
        JOIN AIRFLOW_DB.ELT_TRANSFORMED.Region r ON r.Region = s.REGION
        JOIN AIRFLOW_DB.ELT_TRANSFORMED.Country c ON c.Country = s.COUNTRY
        JOIN AIRFLOW_DB.ELT_TRANSFORMED.Item i ON i.Item_type = s."ITEM TYPE"
        JOIN AIRFLOW_DB.ELT_TRANSFORMED.Order_Priority op ON op.ORDER_PRIORITY = s.ORDER_PRIORITY_FULL;
        
[2025-05-23T21:50:58.394+0530] {base.py:84} INFO - Retrieving connection 'snowflake_con'
[2025-05-23T21:50:58.413+0530] {base.py:84} INFO - Retrieving connection 'snowflake_con'
[2025-05-23T21:50:58.413+0530] {connection.py:486} INFO - Snowflake Connector for Python Version: 3.15.0, Python Version: 3.10.12, Platform: Linux-5.15.167.4-microsoft-standard-WSL2-x86_64-with-glibc2.35
[2025-05-23T21:50:58.414+0530] {connection.py:1391} INFO - Connecting to GLOBAL Snowflake domain
[2025-05-23T21:50:59.283+0530] {snowflake.py:521} INFO - Running statement: -- Region Dimension
        CREATE OR REPLACE TABLE AIRFLOW_DB.ELT_TRANSFORMED.Region AS
        SELECT ROW_NUMBER() OVER (ORDER BY REGION) AS Region_id, REGION
        FROM (
            SELECT DISTINCT REGION
            FROM AIRFLOW_DB.ELT_TRANSFORMED."SALES DATA RAW"
            WHERE REGION IS NOT NULL
        );, parameters: None
[2025-05-23T21:50:59.283+0530] {sql.py:814} INFO - Running statement: -- Region Dimension
        CREATE OR REPLACE TABLE AIRFLOW_DB.ELT_TRANSFORMED.Region AS
        SELECT ROW_NUMBER() OVER (ORDER BY REGION) AS Region_id, REGION
        FROM (
            SELECT DISTINCT REGION
            FROM AIRFLOW_DB.ELT_TRANSFORMED."SALES DATA RAW"
            WHERE REGION IS NOT NULL
        );, parameters: None
[2025-05-23T21:51:03.138+0530] {sql.py:823} INFO - Rows affected: 1
[2025-05-23T21:51:03.139+0530] {snowflake.py:534} INFO - Rows affected: 1
[2025-05-23T21:51:03.139+0530] {snowflake.py:535} INFO - Snowflake query id: 01bc8b34-0001-0b38-0000-000987f68af5
[2025-05-23T21:51:03.139+0530] {snowflake.py:521} INFO - Running statement: -- Country Dimension
        CREATE OR REPLACE TABLE AIRFLOW_DB.ELT_TRANSFORMED.Country AS
        SELECT ROW_NUMBER() OVER (ORDER BY COUNTRY) AS Country_id, COUNTRY
        FROM (
            SELECT DISTINCT COUNTRY
            FROM AIRFLOW_DB.ELT_TRANSFORMED."SALES DATA RAW"
            WHERE COUNTRY IS NOT NULL
        );, parameters: None
[2025-05-23T21:51:03.139+0530] {sql.py:814} INFO - Running statement: -- Country Dimension
        CREATE OR REPLACE TABLE AIRFLOW_DB.ELT_TRANSFORMED.Country AS
        SELECT ROW_NUMBER() OVER (ORDER BY COUNTRY) AS Country_id, COUNTRY
        FROM (
            SELECT DISTINCT COUNTRY
            FROM AIRFLOW_DB.ELT_TRANSFORMED."SALES DATA RAW"
            WHERE COUNTRY IS NOT NULL
        );, parameters: None
[2025-05-23T21:51:03.886+0530] {sql.py:823} INFO - Rows affected: 1
[2025-05-23T21:51:03.887+0530] {snowflake.py:534} INFO - Rows affected: 1
[2025-05-23T21:51:03.887+0530] {snowflake.py:535} INFO - Snowflake query id: 01bc8b35-0001-0b20-0000-000987f669ad
[2025-05-23T21:51:03.887+0530] {snowflake.py:521} INFO - Running statement: -- Item Dimension
        CREATE OR REPLACE TABLE AIRFLOW_DB.ELT_TRANSFORMED.Item AS
        SELECT ROW_NUMBER() OVER (ORDER BY "ITEM TYPE") AS Item_id, "ITEM TYPE" AS Item_type
        FROM (
            SELECT DISTINCT "ITEM TYPE"
            FROM AIRFLOW_DB.ELT_TRANSFORMED."SALES DATA RAW"
            WHERE "ITEM TYPE" IS NOT NULL
        );, parameters: None
[2025-05-23T21:51:03.887+0530] {sql.py:814} INFO - Running statement: -- Item Dimension
        CREATE OR REPLACE TABLE AIRFLOW_DB.ELT_TRANSFORMED.Item AS
        SELECT ROW_NUMBER() OVER (ORDER BY "ITEM TYPE") AS Item_id, "ITEM TYPE" AS Item_type
        FROM (
            SELECT DISTINCT "ITEM TYPE"
            FROM AIRFLOW_DB.ELT_TRANSFORMED."SALES DATA RAW"
            WHERE "ITEM TYPE" IS NOT NULL
        );, parameters: None
[2025-05-23T21:51:04.317+0530] {sql.py:823} INFO - Rows affected: 1
[2025-05-23T21:51:04.318+0530] {snowflake.py:534} INFO - Rows affected: 1
[2025-05-23T21:51:04.318+0530] {snowflake.py:535} INFO - Snowflake query id: 01bc8b35-0001-0b38-0000-000987f68af9
[2025-05-23T21:51:04.318+0530] {snowflake.py:521} INFO - Running statement: -- Order Priority Dimension
        CREATE OR REPLACE TABLE AIRFLOW_DB.ELT_TRANSFORMED.Order_Priority AS
        SELECT ROW_NUMBER() OVER (ORDER BY ORDER_PRIORITY_FULL) AS OrderPriority_id, ORDER_PRIORITY_FULL AS ORDER_PRIORITY
        FROM (
            SELECT DISTINCT
                CASE 
                    WHEN "ORDER PRIORITY" = 'H' THEN 'High'
                    WHEN "ORDER PRIORITY" = 'L' THEN 'Low'
                    WHEN "ORDER PRIORITY" = 'M' THEN 'Medium'
                    WHEN "ORDER PRIORITY" = 'C' THEN 'Critical'
                    ELSE "ORDER PRIORITY"
                END AS ORDER_PRIORITY_FULL
            FROM AIRFLOW_DB.ELT_TRANSFORMED."SALES DATA RAW"
            WHERE "ORDER PRIORITY" IS NOT NULL
        );, parameters: None
[2025-05-23T21:51:04.318+0530] {sql.py:814} INFO - Running statement: -- Order Priority Dimension
        CREATE OR REPLACE TABLE AIRFLOW_DB.ELT_TRANSFORMED.Order_Priority AS
        SELECT ROW_NUMBER() OVER (ORDER BY ORDER_PRIORITY_FULL) AS OrderPriority_id, ORDER_PRIORITY_FULL AS ORDER_PRIORITY
        FROM (
            SELECT DISTINCT
                CASE 
                    WHEN "ORDER PRIORITY" = 'H' THEN 'High'
                    WHEN "ORDER PRIORITY" = 'L' THEN 'Low'
                    WHEN "ORDER PRIORITY" = 'M' THEN 'Medium'
                    WHEN "ORDER PRIORITY" = 'C' THEN 'Critical'
                    ELSE "ORDER PRIORITY"
                END AS ORDER_PRIORITY_FULL
            FROM AIRFLOW_DB.ELT_TRANSFORMED."SALES DATA RAW"
            WHERE "ORDER PRIORITY" IS NOT NULL
        );, parameters: None
[2025-05-23T21:51:05.190+0530] {sql.py:823} INFO - Rows affected: 1
[2025-05-23T21:51:05.190+0530] {snowflake.py:534} INFO - Rows affected: 1
[2025-05-23T21:51:05.191+0530] {snowflake.py:535} INFO - Snowflake query id: 01bc8b35-0001-0adc-0000-000987f696cd
[2025-05-23T21:51:05.191+0530] {snowflake.py:521} INFO - Running statement: -- Orders Fact Table
        CREATE OR REPLACE TABLE AIRFLOW_DB.ELT_TRANSFORMED.Orders AS
        SELECT
            s."ORDER ID",
            s."ITEM TYPE",
            s."SHIP DATE",
            s."UNIT COST",
            s."ORDER DATE",
            s."TOTAL COST",
            s."UNIT PRICE",
            s."UNITS SOLD",
            s."TOTAL PROFIT",
            s."SALES CHANNEL",
            s."TOTAL REVENUE",
            r.Region_id,
            c.Country_id,
            i.Item_id,
            op.OrderPriority_id,
            DATEDIFF(
                'day',
                TRY_TO_DATE(s."ORDER DATE", 'MM/DD/YYYY'),
                TRY_TO_DATE(s."SHIP DATE", 'MM/DD/YYYY')
            ) AS SHIPMENT_LEAD_TIME
        FROM (
            SELECT *,
                CASE 
                    WHEN "ORDER PRIORITY" = 'H' THEN 'High'
                    WHEN "ORDER PRIORITY" = 'L' THEN 'Low'
                    WHEN "ORDER PRIORITY" = 'M' THEN 'Medium'
                    WHEN "ORDER PRIORITY" = 'C' THEN 'Critical'
                    ELSE "ORDER PRIORITY"
                END AS ORDER_PRIORITY_FULL
            FROM AIRFLOW_DB.ELT_TRANSFORMED."SALES DATA RAW"
            WHERE 
                "ORDER ID" IS NOT NULL AND
                "ITEM TYPE" IS NOT NULL AND
                REGION IS NOT NULL AND
                COUNTRY IS NOT NULL AND
                "ORDER PRIORITY" IS NOT NULL
        ) s
        JOIN AIRFLOW_DB.ELT_TRANSFORMED.Region r ON r.Region = s.REGION
        JOIN AIRFLOW_DB.ELT_TRANSFORMED.Country c ON c.Country = s.COUNTRY
        JOIN AIRFLOW_DB.ELT_TRANSFORMED.Item i ON i.Item_type = s."ITEM TYPE"
        JOIN AIRFLOW_DB.ELT_TRANSFORMED.Order_Priority op ON op.ORDER_PRIORITY = s.ORDER_PRIORITY_FULL;, parameters: None
[2025-05-23T21:51:05.191+0530] {sql.py:814} INFO - Running statement: -- Orders Fact Table
        CREATE OR REPLACE TABLE AIRFLOW_DB.ELT_TRANSFORMED.Orders AS
        SELECT
            s."ORDER ID",
            s."ITEM TYPE",
            s."SHIP DATE",
            s."UNIT COST",
            s."ORDER DATE",
            s."TOTAL COST",
            s."UNIT PRICE",
            s."UNITS SOLD",
            s."TOTAL PROFIT",
            s."SALES CHANNEL",
            s."TOTAL REVENUE",
            r.Region_id,
            c.Country_id,
            i.Item_id,
            op.OrderPriority_id,
            DATEDIFF(
                'day',
                TRY_TO_DATE(s."ORDER DATE", 'MM/DD/YYYY'),
                TRY_TO_DATE(s."SHIP DATE", 'MM/DD/YYYY')
            ) AS SHIPMENT_LEAD_TIME
        FROM (
            SELECT *,
                CASE 
                    WHEN "ORDER PRIORITY" = 'H' THEN 'High'
                    WHEN "ORDER PRIORITY" = 'L' THEN 'Low'
                    WHEN "ORDER PRIORITY" = 'M' THEN 'Medium'
                    WHEN "ORDER PRIORITY" = 'C' THEN 'Critical'
                    ELSE "ORDER PRIORITY"
                END AS ORDER_PRIORITY_FULL
            FROM AIRFLOW_DB.ELT_TRANSFORMED."SALES DATA RAW"
            WHERE 
                "ORDER ID" IS NOT NULL AND
                "ITEM TYPE" IS NOT NULL AND
                REGION IS NOT NULL AND
                COUNTRY IS NOT NULL AND
                "ORDER PRIORITY" IS NOT NULL
        ) s
        JOIN AIRFLOW_DB.ELT_TRANSFORMED.Region r ON r.Region = s.REGION
        JOIN AIRFLOW_DB.ELT_TRANSFORMED.Country c ON c.Country = s.COUNTRY
        JOIN AIRFLOW_DB.ELT_TRANSFORMED.Item i ON i.Item_type = s."ITEM TYPE"
        JOIN AIRFLOW_DB.ELT_TRANSFORMED.Order_Priority op ON op.ORDER_PRIORITY = s.ORDER_PRIORITY_FULL;, parameters: None
[2025-05-23T21:51:09.281+0530] {sql.py:823} INFO - Rows affected: 1
[2025-05-23T21:51:09.281+0530] {snowflake.py:534} INFO - Rows affected: 1
[2025-05-23T21:51:09.281+0530] {snowflake.py:535} INFO - Snowflake query id: 01bc8b35-0001-0b32-0000-000987f67b19
[2025-05-23T21:51:09.449+0530] {taskinstance.py:340} INFO - ::group::Post task execution logs
[2025-05-23T21:51:09.449+0530] {taskinstance.py:352} INFO - Marking task as SUCCESS. dag_id=elt_sales_stream_transformation, task_id=transform_sales_stream, run_id=manual__2025-05-23T16:20:55.753460+00:00, execution_date=20250523T162055, start_date=20250523T162058, end_date=20250523T162109
[2025-05-23T21:51:09.510+0530] {local_task_job_runner.py:266} INFO - Task exited with return code 0
[2025-05-23T21:51:09.517+0530] {taskinstance.py:3900} INFO - 0 downstream tasks scheduled from follow-on schedule check
[2025-05-23T21:51:09.517+0530] {local_task_job_runner.py:245} INFO - ::endgroup::
