[2025-05-19T19:26:03.080+0530] {local_task_job_runner.py:123} INFO - ::group::Pre task execution logs
[2025-05-19T19:26:03.089+0530] {taskinstance.py:2612} INFO - Dependencies all met for dep_context=non-requeueable deps ti=<TaskInstance: nyc_taxi_etl.extract_from_azure manual__2025-05-19T13:55:57.753275+00:00 [queued]>
[2025-05-19T19:26:03.096+0530] {taskinstance.py:2612} INFO - Dependencies all met for dep_context=requeueable deps ti=<TaskInstance: nyc_taxi_etl.extract_from_azure manual__2025-05-19T13:55:57.753275+00:00 [queued]>
[2025-05-19T19:26:03.096+0530] {taskinstance.py:2865} INFO - Starting attempt 1 of 1
[2025-05-19T19:26:03.112+0530] {taskinstance.py:2888} INFO - Executing <Task(BashOperator): extract_from_azure> on 2025-05-19 13:55:57.753275+00:00
[2025-05-19T19:26:03.114+0530] {standard_task_runner.py:72} INFO - Started process 22102 to run task
[2025-05-19T19:26:03.117+0530] {standard_task_runner.py:104} INFO - Running: ['airflow', 'tasks', 'run', 'nyc_taxi_etl', 'extract_from_azure', 'manual__2025-05-19T13:55:57.753275+00:00', '--job-id', '72', '--raw', '--subdir', 'DAGS_FOLDER/nyc_taxi_etl.py', '--cfg-path', '/tmp/tmp7uusrrl1']
[2025-05-19T19:26:03.119+0530] {standard_task_runner.py:105} INFO - Job 72: Subtask extract_from_azure
[2025-05-19T19:26:03.147+0530] {task_command.py:467} INFO - Running <TaskInstance: nyc_taxi_etl.extract_from_azure manual__2025-05-19T13:55:57.753275+00:00 [running]> on host Voldemort.
[2025-05-19T19:26:03.205+0530] {taskinstance.py:3131} INFO - Exporting env vars: AIRFLOW_CTX_DAG_OWNER='airflow' AIRFLOW_CTX_DAG_ID='nyc_taxi_etl' AIRFLOW_CTX_TASK_ID='extract_from_azure' AIRFLOW_CTX_EXECUTION_DATE='2025-05-19T13:55:57.753275+00:00' AIRFLOW_CTX_TRY_NUMBER='1' AIRFLOW_CTX_DAG_RUN_ID='manual__2025-05-19T13:55:57.753275+00:00'
[2025-05-19T19:26:03.205+0530] {taskinstance.py:731} INFO - ::endgroup::
[2025-05-19T19:26:03.223+0530] {subprocess.py:63} INFO - Tmp dir root location: /tmp
[2025-05-19T19:26:03.224+0530] {subprocess.py:75} INFO - Running command: ['/usr/bin/bash', '-c', '/opt/spark/bin/spark-submit /home/pranav_shirali/airflow-project/scripts/ETL/extract.py']
[2025-05-19T19:26:03.231+0530] {subprocess.py:86} INFO - Output:
[2025-05-19T19:26:05.359+0530] {subprocess.py:93} INFO - 25/05/19 19:26:05 WARN Utils: Your hostname, Voldemort resolves to a loopback address: 127.0.1.1; using 10.255.255.254 instead (on interface lo)
[2025-05-19T19:26:05.361+0530] {subprocess.py:93} INFO - 25/05/19 19:26:05 WARN Utils: Set SPARK_LOCAL_IP if you need to bind to another address
[2025-05-19T19:26:06.529+0530] {subprocess.py:93} INFO - 25/05/19 19:26:06 INFO SparkContext: Running Spark version 3.5.5
[2025-05-19T19:26:06.530+0530] {subprocess.py:93} INFO - 25/05/19 19:26:06 INFO SparkContext: OS info Linux, 5.15.167.4-microsoft-standard-WSL2, amd64
[2025-05-19T19:26:06.530+0530] {subprocess.py:93} INFO - 25/05/19 19:26:06 INFO SparkContext: Java version 11.0.27
[2025-05-19T19:26:06.625+0530] {subprocess.py:93} INFO - 25/05/19 19:26:06 WARN NativeCodeLoader: Unable to load native-hadoop library for your platform... using builtin-java classes where applicable
[2025-05-19T19:26:06.717+0530] {subprocess.py:93} INFO - 25/05/19 19:26:06 INFO ResourceUtils: ==============================================================
[2025-05-19T19:26:06.718+0530] {subprocess.py:93} INFO - 25/05/19 19:26:06 INFO ResourceUtils: No custom resources configured for spark.driver.
[2025-05-19T19:26:06.718+0530] {subprocess.py:93} INFO - 25/05/19 19:26:06 INFO ResourceUtils: ==============================================================
[2025-05-19T19:26:06.718+0530] {subprocess.py:93} INFO - 25/05/19 19:26:06 INFO SparkContext: Submitted application: NYC Taxi Extract
[2025-05-19T19:26:06.738+0530] {subprocess.py:93} INFO - 25/05/19 19:26:06 INFO ResourceProfile: Default ResourceProfile created, executor resources: Map(cores -> name: cores, amount: 1, script: , vendor: , memory -> name: memory, amount: 1024, script: , vendor: , offHeap -> name: offHeap, amount: 0, script: , vendor: ), task resources: Map(cpus -> name: cpus, amount: 1.0)
[2025-05-19T19:26:06.748+0530] {subprocess.py:93} INFO - 25/05/19 19:26:06 INFO ResourceProfile: Limiting resource is cpu
[2025-05-19T19:26:06.748+0530] {subprocess.py:93} INFO - 25/05/19 19:26:06 INFO ResourceProfileManager: Added ResourceProfile id: 0
[2025-05-19T19:26:06.813+0530] {subprocess.py:93} INFO - 25/05/19 19:26:06 INFO SecurityManager: Changing view acls to: pranav_shirali
[2025-05-19T19:26:06.813+0530] {subprocess.py:93} INFO - 25/05/19 19:26:06 INFO SecurityManager: Changing modify acls to: pranav_shirali
[2025-05-19T19:26:06.813+0530] {subprocess.py:93} INFO - 25/05/19 19:26:06 INFO SecurityManager: Changing view acls groups to:
[2025-05-19T19:26:06.814+0530] {subprocess.py:93} INFO - 25/05/19 19:26:06 INFO SecurityManager: Changing modify acls groups to:
[2025-05-19T19:26:06.814+0530] {subprocess.py:93} INFO - 25/05/19 19:26:06 INFO SecurityManager: SecurityManager: authentication disabled; ui acls disabled; users with view permissions: pranav_shirali; groups with view permissions: EMPTY; users with modify permissions: pranav_shirali; groups with modify permissions: EMPTY
[2025-05-19T19:26:07.067+0530] {subprocess.py:93} INFO - 25/05/19 19:26:07 INFO Utils: Successfully started service 'sparkDriver' on port 33369.
[2025-05-19T19:26:07.102+0530] {subprocess.py:93} INFO - 25/05/19 19:26:07 INFO SparkEnv: Registering MapOutputTracker
[2025-05-19T19:26:07.136+0530] {subprocess.py:93} INFO - 25/05/19 19:26:07 INFO SparkEnv: Registering BlockManagerMaster
[2025-05-19T19:26:07.154+0530] {subprocess.py:93} INFO - 25/05/19 19:26:07 INFO BlockManagerMasterEndpoint: Using org.apache.spark.storage.DefaultTopologyMapper for getting topology information
[2025-05-19T19:26:07.155+0530] {subprocess.py:93} INFO - 25/05/19 19:26:07 INFO BlockManagerMasterEndpoint: BlockManagerMasterEndpoint up
[2025-05-19T19:26:07.159+0530] {subprocess.py:93} INFO - 25/05/19 19:26:07 INFO SparkEnv: Registering BlockManagerMasterHeartbeat
[2025-05-19T19:26:07.189+0530] {subprocess.py:93} INFO - 25/05/19 19:26:07 INFO DiskBlockManager: Created local directory at /tmp/blockmgr-0d752ddc-64d5-43d3-abd4-3d1c28181551
[2025-05-19T19:26:07.201+0530] {subprocess.py:93} INFO - 25/05/19 19:26:07 INFO MemoryStore: MemoryStore started with capacity 434.4 MiB
[2025-05-19T19:26:07.215+0530] {subprocess.py:93} INFO - 25/05/19 19:26:07 INFO SparkEnv: Registering OutputCommitCoordinator
[2025-05-19T19:26:07.385+0530] {subprocess.py:93} INFO - 25/05/19 19:26:07 INFO JettyUtils: Start Jetty 0.0.0.0:4040 for SparkUI
[2025-05-19T19:26:07.442+0530] {subprocess.py:93} INFO - 25/05/19 19:26:07 INFO Utils: Successfully started service 'SparkUI' on port 4040.
[2025-05-19T19:26:07.475+0530] {subprocess.py:93} INFO - 25/05/19 19:26:07 INFO SparkContext: Added JAR /opt/spark/jars/hadoop-azure-3.3.1.jar at spark://10.255.255.254:33369/jars/hadoop-azure-3.3.1.jar with timestamp 1747662966517
[2025-05-19T19:26:07.476+0530] {subprocess.py:93} INFO - 25/05/19 19:26:07 INFO SparkContext: Added JAR /opt/spark/jars/azure-storage-8.6.6.jar at spark://10.255.255.254:33369/jars/azure-storage-8.6.6.jar with timestamp 1747662966517
[2025-05-19T19:26:07.476+0530] {subprocess.py:93} INFO - 25/05/19 19:26:07 INFO SparkContext: Added JAR /opt/spark/jars/hadoop-azure-datalake-3.3.1.jar at spark://10.255.255.254:33369/jars/hadoop-azure-datalake-3.3.1.jar with timestamp 1747662966517
[2025-05-19T19:26:07.536+0530] {subprocess.py:93} INFO - 25/05/19 19:26:07 INFO Executor: Starting executor ID driver on host 10.255.255.254
[2025-05-19T19:26:07.536+0530] {subprocess.py:93} INFO - 25/05/19 19:26:07 INFO Executor: OS info Linux, 5.15.167.4-microsoft-standard-WSL2, amd64
[2025-05-19T19:26:07.537+0530] {subprocess.py:93} INFO - 25/05/19 19:26:07 INFO Executor: Java version 11.0.27
[2025-05-19T19:26:07.541+0530] {subprocess.py:93} INFO - 25/05/19 19:26:07 INFO Executor: Starting executor with user classpath (userClassPathFirst = false): ''
[2025-05-19T19:26:07.542+0530] {subprocess.py:93} INFO - 25/05/19 19:26:07 INFO Executor: Created or updated repl class loader org.apache.spark.util.MutableURLClassLoader@27a5e0e2 for default.
[2025-05-19T19:26:07.553+0530] {subprocess.py:93} INFO - 25/05/19 19:26:07 INFO Executor: Fetching spark://10.255.255.254:33369/jars/hadoop-azure-datalake-3.3.1.jar with timestamp 1747662966517
[2025-05-19T19:26:07.611+0530] {subprocess.py:93} INFO - 25/05/19 19:26:07 INFO TransportClientFactory: Successfully created connection to /10.255.255.254:33369 after 30 ms (0 ms spent in bootstraps)
[2025-05-19T19:26:07.619+0530] {subprocess.py:93} INFO - 25/05/19 19:26:07 INFO Utils: Fetching spark://10.255.255.254:33369/jars/hadoop-azure-datalake-3.3.1.jar to /tmp/spark-5c36b1d1-370d-4211-b6a1-44e5fec015cf/userFiles-3161b040-f1e2-4476-8b46-9120b8b83868/fetchFileTemp13463030853295995008.tmp
[2025-05-19T19:26:07.649+0530] {subprocess.py:93} INFO - 25/05/19 19:26:07 INFO Executor: Adding file:/tmp/spark-5c36b1d1-370d-4211-b6a1-44e5fec015cf/userFiles-3161b040-f1e2-4476-8b46-9120b8b83868/hadoop-azure-datalake-3.3.1.jar to class loader default
[2025-05-19T19:26:07.650+0530] {subprocess.py:93} INFO - 25/05/19 19:26:07 INFO Executor: Fetching spark://10.255.255.254:33369/jars/hadoop-azure-3.3.1.jar with timestamp 1747662966517
[2025-05-19T19:26:07.651+0530] {subprocess.py:93} INFO - 25/05/19 19:26:07 INFO Utils: Fetching spark://10.255.255.254:33369/jars/hadoop-azure-3.3.1.jar to /tmp/spark-5c36b1d1-370d-4211-b6a1-44e5fec015cf/userFiles-3161b040-f1e2-4476-8b46-9120b8b83868/fetchFileTemp1665915277246300973.tmp
[2025-05-19T19:26:07.658+0530] {subprocess.py:93} INFO - 25/05/19 19:26:07 INFO Executor: Adding file:/tmp/spark-5c36b1d1-370d-4211-b6a1-44e5fec015cf/userFiles-3161b040-f1e2-4476-8b46-9120b8b83868/hadoop-azure-3.3.1.jar to class loader default
[2025-05-19T19:26:07.658+0530] {subprocess.py:93} INFO - 25/05/19 19:26:07 INFO Executor: Fetching spark://10.255.255.254:33369/jars/azure-storage-8.6.6.jar with timestamp 1747662966517
[2025-05-19T19:26:07.659+0530] {subprocess.py:93} INFO - 25/05/19 19:26:07 INFO Utils: Fetching spark://10.255.255.254:33369/jars/azure-storage-8.6.6.jar to /tmp/spark-5c36b1d1-370d-4211-b6a1-44e5fec015cf/userFiles-3161b040-f1e2-4476-8b46-9120b8b83868/fetchFileTemp8719538028668301963.tmp
[2025-05-19T19:26:07.666+0530] {subprocess.py:93} INFO - 25/05/19 19:26:07 INFO Executor: Adding file:/tmp/spark-5c36b1d1-370d-4211-b6a1-44e5fec015cf/userFiles-3161b040-f1e2-4476-8b46-9120b8b83868/azure-storage-8.6.6.jar to class loader default
[2025-05-19T19:26:07.675+0530] {subprocess.py:93} INFO - 25/05/19 19:26:07 INFO Utils: Successfully started service 'org.apache.spark.network.netty.NettyBlockTransferService' on port 45397.
[2025-05-19T19:26:07.676+0530] {subprocess.py:93} INFO - 25/05/19 19:26:07 INFO NettyBlockTransferService: Server created on 10.255.255.254:45397
[2025-05-19T19:26:07.677+0530] {subprocess.py:93} INFO - 25/05/19 19:26:07 INFO BlockManager: Using org.apache.spark.storage.RandomBlockReplicationPolicy for block replication policy
[2025-05-19T19:26:07.683+0530] {subprocess.py:93} INFO - 25/05/19 19:26:07 INFO BlockManagerMaster: Registering BlockManager BlockManagerId(driver, 10.255.255.254, 45397, None)
[2025-05-19T19:26:07.686+0530] {subprocess.py:93} INFO - 25/05/19 19:26:07 INFO BlockManagerMasterEndpoint: Registering block manager 10.255.255.254:45397 with 434.4 MiB RAM, BlockManagerId(driver, 10.255.255.254, 45397, None)
[2025-05-19T19:26:07.687+0530] {subprocess.py:93} INFO - 25/05/19 19:26:07 INFO BlockManagerMaster: Registered BlockManager BlockManagerId(driver, 10.255.255.254, 45397, None)
[2025-05-19T19:26:07.688+0530] {subprocess.py:93} INFO - 25/05/19 19:26:07 INFO BlockManager: Initialized BlockManager: BlockManagerId(driver, 10.255.255.254, 45397, None)
[2025-05-19T19:26:08.168+0530] {subprocess.py:93} INFO - 25/05/19 19:26:08 INFO SharedState: Setting hive.metastore.warehouse.dir ('null') to the value of spark.sql.warehouse.dir.
[2025-05-19T19:26:08.176+0530] {subprocess.py:93} INFO - 25/05/19 19:26:08 INFO SharedState: Warehouse path is 'file:/tmp/airflowtmpdi22a04d/spark-warehouse'.
[2025-05-19T19:26:09.321+0530] {subprocess.py:93} INFO - 25/05/19 19:26:09 WARN FileSystem: Failed to initialize fileystem abfss://nyc-taxi-data@tietoevryproject1.dfs.core.windows.net/part.0.parquet: Failure to initialize configuration
[2025-05-19T19:26:09.324+0530] {subprocess.py:93} INFO - 25/05/19 19:26:09 WARN FileStreamSink: Assume no metadata directory. Error while looking for metadata directory in the path: abfss://nyc-taxi-data@tietoevryproject1.dfs.core.windows.net/part.0.parquet.
[2025-05-19T19:26:09.324+0530] {subprocess.py:93} INFO - Failure to initialize configuration
[2025-05-19T19:26:09.325+0530] {subprocess.py:93} INFO - 	at org.apache.hadoop.fs.azurebfs.services.SimpleKeyProvider.getStorageAccountKey(SimpleKeyProvider.java:51)
[2025-05-19T19:26:09.325+0530] {subprocess.py:93} INFO - 	at org.apache.hadoop.fs.azurebfs.AbfsConfiguration.getStorageAccountKey(AbfsConfiguration.java:548)
[2025-05-19T19:26:09.325+0530] {subprocess.py:93} INFO - 	at org.apache.hadoop.fs.azurebfs.AzureBlobFileSystemStore.initializeClient(AzureBlobFileSystemStore.java:1449)
[2025-05-19T19:26:09.325+0530] {subprocess.py:93} INFO - 	at org.apache.hadoop.fs.azurebfs.AzureBlobFileSystemStore.<init>(AzureBlobFileSystemStore.java:215)
[2025-05-19T19:26:09.325+0530] {subprocess.py:93} INFO - 	at org.apache.hadoop.fs.azurebfs.AzureBlobFileSystem.initialize(AzureBlobFileSystem.java:128)
[2025-05-19T19:26:09.325+0530] {subprocess.py:93} INFO - 	at org.apache.hadoop.fs.FileSystem.createFileSystem(FileSystem.java:3469)
[2025-05-19T19:26:09.325+0530] {subprocess.py:93} INFO - 	at org.apache.hadoop.fs.FileSystem.access$300(FileSystem.java:174)
[2025-05-19T19:26:09.325+0530] {subprocess.py:93} INFO - 	at org.apache.hadoop.fs.FileSystem$Cache.getInternal(FileSystem.java:3574)
[2025-05-19T19:26:09.325+0530] {subprocess.py:93} INFO - 	at org.apache.hadoop.fs.FileSystem$Cache.get(FileSystem.java:3521)
[2025-05-19T19:26:09.325+0530] {subprocess.py:93} INFO - 	at org.apache.hadoop.fs.FileSystem.get(FileSystem.java:540)
[2025-05-19T19:26:09.325+0530] {subprocess.py:93} INFO - 	at org.apache.hadoop.fs.Path.getFileSystem(Path.java:365)
[2025-05-19T19:26:09.326+0530] {subprocess.py:93} INFO - 	at org.apache.spark.sql.execution.streaming.FileStreamSink$.hasMetadata(FileStreamSink.scala:53)
[2025-05-19T19:26:09.326+0530] {subprocess.py:93} INFO - 	at org.apache.spark.sql.execution.datasources.DataSource.resolveRelation(DataSource.scala:366)
[2025-05-19T19:26:09.326+0530] {subprocess.py:93} INFO - 	at org.apache.spark.sql.DataFrameReader.loadV1Source(DataFrameReader.scala:229)
[2025-05-19T19:26:09.326+0530] {subprocess.py:93} INFO - 	at org.apache.spark.sql.DataFrameReader.$anonfun$load$2(DataFrameReader.scala:211)
[2025-05-19T19:26:09.326+0530] {subprocess.py:93} INFO - 	at scala.Option.getOrElse(Option.scala:189)
[2025-05-19T19:26:09.326+0530] {subprocess.py:93} INFO - 	at org.apache.spark.sql.DataFrameReader.load(DataFrameReader.scala:211)
[2025-05-19T19:26:09.326+0530] {subprocess.py:93} INFO - 	at org.apache.spark.sql.DataFrameReader.parquet(DataFrameReader.scala:563)
[2025-05-19T19:26:09.327+0530] {subprocess.py:93} INFO - 	at java.base/jdk.internal.reflect.NativeMethodAccessorImpl.invoke0(Native Method)
[2025-05-19T19:26:09.327+0530] {subprocess.py:93} INFO - 	at java.base/jdk.internal.reflect.NativeMethodAccessorImpl.invoke(NativeMethodAccessorImpl.java:62)
[2025-05-19T19:26:09.327+0530] {subprocess.py:93} INFO - 	at java.base/jdk.internal.reflect.DelegatingMethodAccessorImpl.invoke(DelegatingMethodAccessorImpl.java:43)
[2025-05-19T19:26:09.327+0530] {subprocess.py:93} INFO - 	at java.base/java.lang.reflect.Method.invoke(Method.java:566)
[2025-05-19T19:26:09.327+0530] {subprocess.py:93} INFO - 	at py4j.reflection.MethodInvoker.invoke(MethodInvoker.java:244)
[2025-05-19T19:26:09.327+0530] {subprocess.py:93} INFO - 	at py4j.reflection.ReflectionEngine.invoke(ReflectionEngine.java:374)
[2025-05-19T19:26:09.327+0530] {subprocess.py:93} INFO - 	at py4j.Gateway.invoke(Gateway.java:282)
[2025-05-19T19:26:09.327+0530] {subprocess.py:93} INFO - 	at py4j.commands.AbstractCommand.invokeMethod(AbstractCommand.java:132)
[2025-05-19T19:26:09.328+0530] {subprocess.py:93} INFO - 	at py4j.commands.CallCommand.execute(CallCommand.java:79)
[2025-05-19T19:26:09.328+0530] {subprocess.py:93} INFO - 	at py4j.ClientServerConnection.waitForCommands(ClientServerConnection.java:182)
[2025-05-19T19:26:09.328+0530] {subprocess.py:93} INFO - 	at py4j.ClientServerConnection.run(ClientServerConnection.java:106)
[2025-05-19T19:26:09.328+0530] {subprocess.py:93} INFO - 	at java.base/java.lang.Thread.run(Thread.java:829)
[2025-05-19T19:26:09.328+0530] {subprocess.py:93} INFO - 25/05/19 19:26:09 WARN FileSystem: Failed to initialize fileystem abfss://nyc-taxi-data@tietoevryproject1.dfs.core.windows.net/part.0.parquet: Failure to initialize configuration
[2025-05-19T19:26:09.365+0530] {subprocess.py:93} INFO - Traceback (most recent call last):
[2025-05-19T19:26:09.365+0530] {subprocess.py:93} INFO -   File "/home/pranav_shirali/airflow-project/scripts/ETL/extract.py", line 15, in <module>
[2025-05-19T19:26:09.365+0530] {subprocess.py:93} INFO -     df = spark.read.parquet(file_path)
[2025-05-19T19:26:09.365+0530] {subprocess.py:93} INFO -   File "/opt/spark/python/lib/pyspark.zip/pyspark/sql/readwriter.py", line 544, in parquet
[2025-05-19T19:26:09.366+0530] {subprocess.py:93} INFO -   File "/opt/spark/python/lib/py4j-0.10.9.7-src.zip/py4j/java_gateway.py", line 1322, in __call__
[2025-05-19T19:26:09.366+0530] {subprocess.py:93} INFO -   File "/opt/spark/python/lib/pyspark.zip/pyspark/errors/exceptions/captured.py", line 179, in deco
[2025-05-19T19:26:09.366+0530] {subprocess.py:93} INFO -   File "/opt/spark/python/lib/py4j-0.10.9.7-src.zip/py4j/protocol.py", line 326, in get_return_value
[2025-05-19T19:26:09.366+0530] {subprocess.py:93} INFO - py4j.protocol.Py4JJavaError: An error occurred while calling o30.parquet.
[2025-05-19T19:26:09.366+0530] {subprocess.py:93} INFO - : Failure to initialize configuration
[2025-05-19T19:26:09.366+0530] {subprocess.py:93} INFO - 	at org.apache.hadoop.fs.azurebfs.services.SimpleKeyProvider.getStorageAccountKey(SimpleKeyProvider.java:51)
[2025-05-19T19:26:09.366+0530] {subprocess.py:93} INFO - 	at org.apache.hadoop.fs.azurebfs.AbfsConfiguration.getStorageAccountKey(AbfsConfiguration.java:548)
[2025-05-19T19:26:09.366+0530] {subprocess.py:93} INFO - 	at org.apache.hadoop.fs.azurebfs.AzureBlobFileSystemStore.initializeClient(AzureBlobFileSystemStore.java:1449)
[2025-05-19T19:26:09.366+0530] {subprocess.py:93} INFO - 	at org.apache.hadoop.fs.azurebfs.AzureBlobFileSystemStore.<init>(AzureBlobFileSystemStore.java:215)
[2025-05-19T19:26:09.366+0530] {subprocess.py:93} INFO - 	at org.apache.hadoop.fs.azurebfs.AzureBlobFileSystem.initialize(AzureBlobFileSystem.java:128)
[2025-05-19T19:26:09.366+0530] {subprocess.py:93} INFO - 	at org.apache.hadoop.fs.FileSystem.createFileSystem(FileSystem.java:3469)
[2025-05-19T19:26:09.367+0530] {subprocess.py:93} INFO - 	at org.apache.hadoop.fs.FileSystem.access$300(FileSystem.java:174)
[2025-05-19T19:26:09.367+0530] {subprocess.py:93} INFO - 	at org.apache.hadoop.fs.FileSystem$Cache.getInternal(FileSystem.java:3574)
[2025-05-19T19:26:09.367+0530] {subprocess.py:93} INFO - 	at org.apache.hadoop.fs.FileSystem$Cache.get(FileSystem.java:3521)
[2025-05-19T19:26:09.367+0530] {subprocess.py:93} INFO - 	at org.apache.hadoop.fs.FileSystem.get(FileSystem.java:540)
[2025-05-19T19:26:09.367+0530] {subprocess.py:93} INFO - 	at org.apache.hadoop.fs.Path.getFileSystem(Path.java:365)
[2025-05-19T19:26:09.367+0530] {subprocess.py:93} INFO - 	at org.apache.spark.sql.execution.datasources.DataSource$.$anonfun$checkAndGlobPathIfNecessary$1(DataSource.scala:724)
[2025-05-19T19:26:09.367+0530] {subprocess.py:93} INFO - 	at scala.collection.immutable.List.map(List.scala:293)
[2025-05-19T19:26:09.367+0530] {subprocess.py:93} INFO - 	at org.apache.spark.sql.execution.datasources.DataSource$.checkAndGlobPathIfNecessary(DataSource.scala:722)
[2025-05-19T19:26:09.367+0530] {subprocess.py:93} INFO - 	at org.apache.spark.sql.execution.datasources.DataSource.checkAndGlobPathIfNecessary(DataSource.scala:551)
[2025-05-19T19:26:09.367+0530] {subprocess.py:93} INFO - 	at org.apache.spark.sql.execution.datasources.DataSource.resolveRelation(DataSource.scala:404)
[2025-05-19T19:26:09.367+0530] {subprocess.py:93} INFO - 	at org.apache.spark.sql.DataFrameReader.loadV1Source(DataFrameReader.scala:229)
[2025-05-19T19:26:09.367+0530] {subprocess.py:93} INFO - 	at org.apache.spark.sql.DataFrameReader.$anonfun$load$2(DataFrameReader.scala:211)
[2025-05-19T19:26:09.368+0530] {subprocess.py:93} INFO - 	at scala.Option.getOrElse(Option.scala:189)
[2025-05-19T19:26:09.368+0530] {subprocess.py:93} INFO - 	at org.apache.spark.sql.DataFrameReader.load(DataFrameReader.scala:211)
[2025-05-19T19:26:09.368+0530] {subprocess.py:93} INFO - 	at org.apache.spark.sql.DataFrameReader.parquet(DataFrameReader.scala:563)
[2025-05-19T19:26:09.368+0530] {subprocess.py:93} INFO - 	at java.base/jdk.internal.reflect.NativeMethodAccessorImpl.invoke0(Native Method)
[2025-05-19T19:26:09.368+0530] {subprocess.py:93} INFO - 	at java.base/jdk.internal.reflect.NativeMethodAccessorImpl.invoke(NativeMethodAccessorImpl.java:62)
[2025-05-19T19:26:09.368+0530] {subprocess.py:93} INFO - 	at java.base/jdk.internal.reflect.DelegatingMethodAccessorImpl.invoke(DelegatingMethodAccessorImpl.java:43)
[2025-05-19T19:26:09.368+0530] {subprocess.py:93} INFO - 	at java.base/java.lang.reflect.Method.invoke(Method.java:566)
[2025-05-19T19:26:09.368+0530] {subprocess.py:93} INFO - 	at py4j.reflection.MethodInvoker.invoke(MethodInvoker.java:244)
[2025-05-19T19:26:09.368+0530] {subprocess.py:93} INFO - 	at py4j.reflection.ReflectionEngine.invoke(ReflectionEngine.java:374)
[2025-05-19T19:26:09.368+0530] {subprocess.py:93} INFO - 	at py4j.Gateway.invoke(Gateway.java:282)
[2025-05-19T19:26:09.368+0530] {subprocess.py:93} INFO - 	at py4j.commands.AbstractCommand.invokeMethod(AbstractCommand.java:132)
[2025-05-19T19:26:09.368+0530] {subprocess.py:93} INFO - 	at py4j.commands.CallCommand.execute(CallCommand.java:79)
[2025-05-19T19:26:09.368+0530] {subprocess.py:93} INFO - 	at py4j.ClientServerConnection.waitForCommands(ClientServerConnection.java:182)
[2025-05-19T19:26:09.369+0530] {subprocess.py:93} INFO - 	at py4j.ClientServerConnection.run(ClientServerConnection.java:106)
[2025-05-19T19:26:09.369+0530] {subprocess.py:93} INFO - 	at java.base/java.lang.Thread.run(Thread.java:829)
[2025-05-19T19:26:09.369+0530] {subprocess.py:93} INFO - 
[2025-05-19T19:26:09.411+0530] {subprocess.py:93} INFO - 25/05/19 19:26:09 INFO SparkContext: Invoking stop() from shutdown hook
[2025-05-19T19:26:09.412+0530] {subprocess.py:93} INFO - 25/05/19 19:26:09 INFO SparkContext: SparkContext is stopping with exitCode 0.
[2025-05-19T19:26:09.422+0530] {subprocess.py:93} INFO - 25/05/19 19:26:09 INFO SparkUI: Stopped Spark web UI at http://10.255.255.254:4040
[2025-05-19T19:26:09.433+0530] {subprocess.py:93} INFO - 25/05/19 19:26:09 INFO MapOutputTrackerMasterEndpoint: MapOutputTrackerMasterEndpoint stopped!
[2025-05-19T19:26:09.444+0530] {subprocess.py:93} INFO - 25/05/19 19:26:09 INFO MemoryStore: MemoryStore cleared
[2025-05-19T19:26:09.444+0530] {subprocess.py:93} INFO - 25/05/19 19:26:09 INFO BlockManager: BlockManager stopped
[2025-05-19T19:26:09.449+0530] {subprocess.py:93} INFO - 25/05/19 19:26:09 INFO BlockManagerMaster: BlockManagerMaster stopped
[2025-05-19T19:26:09.452+0530] {subprocess.py:93} INFO - 25/05/19 19:26:09 INFO OutputCommitCoordinator$OutputCommitCoordinatorEndpoint: OutputCommitCoordinator stopped!
[2025-05-19T19:26:09.459+0530] {subprocess.py:93} INFO - 25/05/19 19:26:09 INFO SparkContext: Successfully stopped SparkContext
[2025-05-19T19:26:09.459+0530] {subprocess.py:93} INFO - 25/05/19 19:26:09 INFO ShutdownHookManager: Shutdown hook called
[2025-05-19T19:26:09.460+0530] {subprocess.py:93} INFO - 25/05/19 19:26:09 INFO ShutdownHookManager: Deleting directory /tmp/spark-5c36b1d1-370d-4211-b6a1-44e5fec015cf/pyspark-ca856018-8cae-44af-b730-fdafdc745254
[2025-05-19T19:26:09.462+0530] {subprocess.py:93} INFO - 25/05/19 19:26:09 INFO ShutdownHookManager: Deleting directory /tmp/spark-5c36b1d1-370d-4211-b6a1-44e5fec015cf
[2025-05-19T19:26:09.465+0530] {subprocess.py:93} INFO - 25/05/19 19:26:09 INFO ShutdownHookManager: Deleting directory /tmp/spark-576aa200-15be-4776-a326-bb6a15542e39
[2025-05-19T19:26:09.516+0530] {subprocess.py:97} INFO - Command exited with return code 1
[2025-05-19T19:26:09.522+0530] {taskinstance.py:3310} ERROR - Task failed with exception
Traceback (most recent call last):
  File "/home/pranav_shirali/airflow-project/airflow-env/lib/python3.10/site-packages/airflow/models/taskinstance.py", line 767, in _execute_task
    result = _execute_callable(context=context, **execute_callable_kwargs)
  File "/home/pranav_shirali/airflow-project/airflow-env/lib/python3.10/site-packages/airflow/models/taskinstance.py", line 733, in _execute_callable
    return ExecutionCallableRunner(
  File "/home/pranav_shirali/airflow-project/airflow-env/lib/python3.10/site-packages/airflow/utils/operator_helpers.py", line 252, in run
    return self.func(*args, **kwargs)
  File "/home/pranav_shirali/airflow-project/airflow-env/lib/python3.10/site-packages/airflow/models/baseoperator.py", line 406, in wrapper
    return func(self, *args, **kwargs)
  File "/home/pranav_shirali/airflow-project/airflow-env/lib/python3.10/site-packages/airflow/operators/bash.py", line 249, in execute
    raise AirflowException(
airflow.exceptions.AirflowException: Bash command failed. The command returned a non-zero exit code 1.
[2025-05-19T19:26:09.526+0530] {taskinstance.py:1225} INFO - Marking task as FAILED. dag_id=nyc_taxi_etl, task_id=extract_from_azure, run_id=manual__2025-05-19T13:55:57.753275+00:00, execution_date=20250519T135557, start_date=20250519T135603, end_date=20250519T135609
[2025-05-19T19:26:09.536+0530] {taskinstance.py:340} INFO - ::group::Post task execution logs
[2025-05-19T19:26:09.536+0530] {standard_task_runner.py:124} ERROR - Failed to execute job 72 for task extract_from_azure (Bash command failed. The command returned a non-zero exit code 1.; 22102)
Traceback (most recent call last):
  File "/home/pranav_shirali/airflow-project/airflow-env/lib/python3.10/site-packages/airflow/task/task_runner/standard_task_runner.py", line 117, in _start_by_fork
    ret = args.func(args, dag=self.dag)
  File "/home/pranav_shirali/airflow-project/airflow-env/lib/python3.10/site-packages/airflow/cli/cli_config.py", line 49, in command
    return func(*args, **kwargs)
  File "/home/pranav_shirali/airflow-project/airflow-env/lib/python3.10/site-packages/airflow/utils/cli.py", line 115, in wrapper
    return f(*args, **kwargs)
  File "/home/pranav_shirali/airflow-project/airflow-env/lib/python3.10/site-packages/airflow/cli/commands/task_command.py", line 483, in task_run
    task_return_code = _run_task_by_selected_method(args, _dag, ti)
  File "/home/pranav_shirali/airflow-project/airflow-env/lib/python3.10/site-packages/airflow/cli/commands/task_command.py", line 256, in _run_task_by_selected_method
    return _run_raw_task(args, ti)
  File "/home/pranav_shirali/airflow-project/airflow-env/lib/python3.10/site-packages/airflow/cli/commands/task_command.py", line 341, in _run_raw_task
    return ti._run_raw_task(
  File "/home/pranav_shirali/airflow-project/airflow-env/lib/python3.10/site-packages/airflow/utils/session.py", line 97, in wrapper
    return func(*args, session=session, **kwargs)
  File "/home/pranav_shirali/airflow-project/airflow-env/lib/python3.10/site-packages/airflow/models/taskinstance.py", line 3004, in _run_raw_task
    return _run_raw_task(
  File "/home/pranav_shirali/airflow-project/airflow-env/lib/python3.10/site-packages/airflow/models/taskinstance.py", line 273, in _run_raw_task
    TaskInstance._execute_task_with_callbacks(
  File "/home/pranav_shirali/airflow-project/airflow-env/lib/python3.10/site-packages/airflow/models/taskinstance.py", line 3158, in _execute_task_with_callbacks
    result = self._execute_task(context, task_orig)
  File "/home/pranav_shirali/airflow-project/airflow-env/lib/python3.10/site-packages/airflow/models/taskinstance.py", line 3182, in _execute_task
    return _execute_task(self, context, task_orig)
  File "/home/pranav_shirali/airflow-project/airflow-env/lib/python3.10/site-packages/airflow/models/taskinstance.py", line 767, in _execute_task
    result = _execute_callable(context=context, **execute_callable_kwargs)
  File "/home/pranav_shirali/airflow-project/airflow-env/lib/python3.10/site-packages/airflow/models/taskinstance.py", line 733, in _execute_callable
    return ExecutionCallableRunner(
  File "/home/pranav_shirali/airflow-project/airflow-env/lib/python3.10/site-packages/airflow/utils/operator_helpers.py", line 252, in run
    return self.func(*args, **kwargs)
  File "/home/pranav_shirali/airflow-project/airflow-env/lib/python3.10/site-packages/airflow/models/baseoperator.py", line 406, in wrapper
    return func(self, *args, **kwargs)
  File "/home/pranav_shirali/airflow-project/airflow-env/lib/python3.10/site-packages/airflow/operators/bash.py", line 249, in execute
    raise AirflowException(
airflow.exceptions.AirflowException: Bash command failed. The command returned a non-zero exit code 1.
[2025-05-19T19:26:09.578+0530] {local_task_job_runner.py:266} INFO - Task exited with return code 1
[2025-05-19T19:26:09.598+0530] {taskinstance.py:3900} INFO - 0 downstream tasks scheduled from follow-on schedule check
[2025-05-19T19:26:09.603+0530] {local_task_job_runner.py:245} INFO - ::endgroup::
