[2025-05-22T20:32:06.942+0530] {local_task_job_runner.py:123} INFO - ::group::Pre task execution logs
[2025-05-22T20:32:06.949+0530] {taskinstance.py:2612} INFO - Dependencies all met for dep_context=non-requeueable deps ti=<TaskInstance: nyc_taxi_etl.load_to_snowflake manual__2025-05-22T15:00:43.967673+00:00 [queued]>
[2025-05-22T20:32:06.954+0530] {taskinstance.py:2612} INFO - Dependencies all met for dep_context=requeueable deps ti=<TaskInstance: nyc_taxi_etl.load_to_snowflake manual__2025-05-22T15:00:43.967673+00:00 [queued]>
[2025-05-22T20:32:06.955+0530] {taskinstance.py:2865} INFO - Starting attempt 1 of 1
[2025-05-22T20:32:06.969+0530] {taskinstance.py:2888} INFO - Executing <Task(BashOperator): load_to_snowflake> on 2025-05-22 15:00:43.967673+00:00
[2025-05-22T20:32:06.972+0530] {standard_task_runner.py:72} INFO - Started process 72075 to run task
[2025-05-22T20:32:06.975+0530] {standard_task_runner.py:104} INFO - Running: ['airflow', 'tasks', 'run', 'nyc_taxi_etl', 'load_to_snowflake', 'manual__2025-05-22T15:00:43.967673+00:00', '--job-id', '149', '--raw', '--subdir', 'DAGS_FOLDER/nyc_taxi_etl.py', '--cfg-path', '/tmp/tmpwxil63mi']
[2025-05-22T20:32:06.977+0530] {standard_task_runner.py:105} INFO - Job 149: Subtask load_to_snowflake
[2025-05-22T20:32:07.016+0530] {task_command.py:467} INFO - Running <TaskInstance: nyc_taxi_etl.load_to_snowflake manual__2025-05-22T15:00:43.967673+00:00 [running]> on host Voldemort.
[2025-05-22T20:32:07.087+0530] {taskinstance.py:3131} INFO - Exporting env vars: AIRFLOW_CTX_DAG_OWNER='airflow' AIRFLOW_CTX_DAG_ID='nyc_taxi_etl' AIRFLOW_CTX_TASK_ID='load_to_snowflake' AIRFLOW_CTX_EXECUTION_DATE='2025-05-22T15:00:43.967673+00:00' AIRFLOW_CTX_TRY_NUMBER='1' AIRFLOW_CTX_DAG_RUN_ID='manual__2025-05-22T15:00:43.967673+00:00'
[2025-05-22T20:32:07.088+0530] {taskinstance.py:731} INFO - ::endgroup::
[2025-05-22T20:32:07.098+0530] {subprocess.py:63} INFO - Tmp dir root location: /tmp
[2025-05-22T20:32:07.099+0530] {subprocess.py:75} INFO - Running command: ['/usr/bin/bash', '-c', '/opt/spark/bin/spark-submit /home/pranav_shirali/airflow-project/scripts/ETL/load.py']
[2025-05-22T20:32:07.105+0530] {subprocess.py:86} INFO - Output:
[2025-05-22T20:32:08.531+0530] {subprocess.py:93} INFO - 25/05/22 20:32:08 WARN Utils: Your hostname, Voldemort resolves to a loopback address: 127.0.1.1; using 10.255.255.254 instead (on interface lo)
[2025-05-22T20:32:08.534+0530] {subprocess.py:93} INFO - 25/05/22 20:32:08 WARN Utils: Set SPARK_LOCAL_IP if you need to bind to another address
[2025-05-22T20:32:09.431+0530] {subprocess.py:93} INFO - 25/05/22 20:32:09 INFO SparkContext: Running Spark version 3.5.5
[2025-05-22T20:32:09.431+0530] {subprocess.py:93} INFO - 25/05/22 20:32:09 INFO SparkContext: OS info Linux, 5.15.167.4-microsoft-standard-WSL2, amd64
[2025-05-22T20:32:09.432+0530] {subprocess.py:93} INFO - 25/05/22 20:32:09 INFO SparkContext: Java version 11.0.27
[2025-05-22T20:32:09.494+0530] {subprocess.py:93} INFO - 25/05/22 20:32:09 WARN NativeCodeLoader: Unable to load native-hadoop library for your platform... using builtin-java classes where applicable
[2025-05-22T20:32:09.572+0530] {subprocess.py:93} INFO - 25/05/22 20:32:09 INFO ResourceUtils: ==============================================================
[2025-05-22T20:32:09.572+0530] {subprocess.py:93} INFO - 25/05/22 20:32:09 INFO ResourceUtils: No custom resources configured for spark.driver.
[2025-05-22T20:32:09.573+0530] {subprocess.py:93} INFO - 25/05/22 20:32:09 INFO ResourceUtils: ==============================================================
[2025-05-22T20:32:09.573+0530] {subprocess.py:93} INFO - 25/05/22 20:32:09 INFO SparkContext: Submitted application: NYC Taxi Load to Snowflake
[2025-05-22T20:32:09.591+0530] {subprocess.py:93} INFO - 25/05/22 20:32:09 INFO ResourceProfile: Default ResourceProfile created, executor resources: Map(cores -> name: cores, amount: 1, script: , vendor: , memory -> name: memory, amount: 1024, script: , vendor: , offHeap -> name: offHeap, amount: 0, script: , vendor: ), task resources: Map(cpus -> name: cpus, amount: 1.0)
[2025-05-22T20:32:09.599+0530] {subprocess.py:93} INFO - 25/05/22 20:32:09 INFO ResourceProfile: Limiting resource is cpu
[2025-05-22T20:32:09.600+0530] {subprocess.py:93} INFO - 25/05/22 20:32:09 INFO ResourceProfileManager: Added ResourceProfile id: 0
[2025-05-22T20:32:09.643+0530] {subprocess.py:93} INFO - 25/05/22 20:32:09 INFO SecurityManager: Changing view acls to: pranav_shirali
[2025-05-22T20:32:09.643+0530] {subprocess.py:93} INFO - 25/05/22 20:32:09 INFO SecurityManager: Changing modify acls to: pranav_shirali
[2025-05-22T20:32:09.643+0530] {subprocess.py:93} INFO - 25/05/22 20:32:09 INFO SecurityManager: Changing view acls groups to:
[2025-05-22T20:32:09.644+0530] {subprocess.py:93} INFO - 25/05/22 20:32:09 INFO SecurityManager: Changing modify acls groups to:
[2025-05-22T20:32:09.644+0530] {subprocess.py:93} INFO - 25/05/22 20:32:09 INFO SecurityManager: SecurityManager: authentication disabled; ui acls disabled; users with view permissions: pranav_shirali; groups with view permissions: EMPTY; users with modify permissions: pranav_shirali; groups with modify permissions: EMPTY
[2025-05-22T20:32:09.912+0530] {subprocess.py:93} INFO - 25/05/22 20:32:09 INFO Utils: Successfully started service 'sparkDriver' on port 44801.
[2025-05-22T20:32:09.939+0530] {subprocess.py:93} INFO - 25/05/22 20:32:09 INFO SparkEnv: Registering MapOutputTracker
[2025-05-22T20:32:09.970+0530] {subprocess.py:93} INFO - 25/05/22 20:32:09 INFO SparkEnv: Registering BlockManagerMaster
[2025-05-22T20:32:09.985+0530] {subprocess.py:93} INFO - 25/05/22 20:32:09 INFO BlockManagerMasterEndpoint: Using org.apache.spark.storage.DefaultTopologyMapper for getting topology information
[2025-05-22T20:32:09.985+0530] {subprocess.py:93} INFO - 25/05/22 20:32:09 INFO BlockManagerMasterEndpoint: BlockManagerMasterEndpoint up
[2025-05-22T20:32:09.989+0530] {subprocess.py:93} INFO - 25/05/22 20:32:09 INFO SparkEnv: Registering BlockManagerMasterHeartbeat
[2025-05-22T20:32:10.009+0530] {subprocess.py:93} INFO - 25/05/22 20:32:10 INFO DiskBlockManager: Created local directory at /tmp/blockmgr-c5830b98-1dab-45af-9ba4-7064eaa0c435
[2025-05-22T20:32:10.021+0530] {subprocess.py:93} INFO - 25/05/22 20:32:10 INFO MemoryStore: MemoryStore started with capacity 434.4 MiB
[2025-05-22T20:32:10.035+0530] {subprocess.py:93} INFO - 25/05/22 20:32:10 INFO SparkEnv: Registering OutputCommitCoordinator
[2025-05-22T20:32:10.170+0530] {subprocess.py:93} INFO - 25/05/22 20:32:10 INFO JettyUtils: Start Jetty 0.0.0.0:4040 for SparkUI
[2025-05-22T20:32:10.217+0530] {subprocess.py:93} INFO - 25/05/22 20:32:10 INFO Utils: Successfully started service 'SparkUI' on port 4040.
[2025-05-22T20:32:10.302+0530] {subprocess.py:93} INFO - 25/05/22 20:32:10 INFO Executor: Starting executor ID driver on host 10.255.255.254
[2025-05-22T20:32:10.303+0530] {subprocess.py:93} INFO - 25/05/22 20:32:10 INFO Executor: OS info Linux, 5.15.167.4-microsoft-standard-WSL2, amd64
[2025-05-22T20:32:10.304+0530] {subprocess.py:93} INFO - 25/05/22 20:32:10 INFO Executor: Java version 11.0.27
[2025-05-22T20:32:10.310+0530] {subprocess.py:93} INFO - 25/05/22 20:32:10 INFO Executor: Starting executor with user classpath (userClassPathFirst = false): ''
[2025-05-22T20:32:10.310+0530] {subprocess.py:93} INFO - 25/05/22 20:32:10 INFO Executor: Created or updated repl class loader org.apache.spark.util.MutableURLClassLoader@50ae293a for default.
[2025-05-22T20:32:10.333+0530] {subprocess.py:93} INFO - 25/05/22 20:32:10 INFO Utils: Successfully started service 'org.apache.spark.network.netty.NettyBlockTransferService' on port 40633.
[2025-05-22T20:32:10.333+0530] {subprocess.py:93} INFO - 25/05/22 20:32:10 INFO NettyBlockTransferService: Server created on 10.255.255.254:40633
[2025-05-22T20:32:10.335+0530] {subprocess.py:93} INFO - 25/05/22 20:32:10 INFO BlockManager: Using org.apache.spark.storage.RandomBlockReplicationPolicy for block replication policy
[2025-05-22T20:32:10.340+0530] {subprocess.py:93} INFO - 25/05/22 20:32:10 INFO BlockManagerMaster: Registering BlockManager BlockManagerId(driver, 10.255.255.254, 40633, None)
[2025-05-22T20:32:10.343+0530] {subprocess.py:93} INFO - 25/05/22 20:32:10 INFO BlockManagerMasterEndpoint: Registering block manager 10.255.255.254:40633 with 434.4 MiB RAM, BlockManagerId(driver, 10.255.255.254, 40633, None)
[2025-05-22T20:32:10.345+0530] {subprocess.py:93} INFO - 25/05/22 20:32:10 INFO BlockManagerMaster: Registered BlockManager BlockManagerId(driver, 10.255.255.254, 40633, None)
[2025-05-22T20:32:10.346+0530] {subprocess.py:93} INFO - 25/05/22 20:32:10 INFO BlockManager: Initialized BlockManager: BlockManagerId(driver, 10.255.255.254, 40633, None)
[2025-05-22T20:32:10.766+0530] {subprocess.py:93} INFO - 25/05/22 20:32:10 INFO SharedState: Setting hive.metastore.warehouse.dir ('null') to the value of spark.sql.warehouse.dir.
[2025-05-22T20:32:10.774+0530] {subprocess.py:93} INFO - 25/05/22 20:32:10 INFO SharedState: Warehouse path is 'file:/tmp/airflowtmpslmcns_2/spark-warehouse'.
[2025-05-22T20:32:11.876+0530] {subprocess.py:93} INFO - 25/05/22 20:32:11 INFO InMemoryFileIndex: It took 44 ms to list leaf files for 1 paths.
[2025-05-22T20:32:12.265+0530] {subprocess.py:93} INFO - 25/05/22 20:32:12 INFO SparkContext: Starting job: parquet at NativeMethodAccessorImpl.java:0
[2025-05-22T20:32:12.281+0530] {subprocess.py:93} INFO - 25/05/22 20:32:12 INFO DAGScheduler: Got job 0 (parquet at NativeMethodAccessorImpl.java:0) with 1 output partitions
[2025-05-22T20:32:12.281+0530] {subprocess.py:93} INFO - 25/05/22 20:32:12 INFO DAGScheduler: Final stage: ResultStage 0 (parquet at NativeMethodAccessorImpl.java:0)
[2025-05-22T20:32:12.282+0530] {subprocess.py:93} INFO - 25/05/22 20:32:12 INFO DAGScheduler: Parents of final stage: List()
[2025-05-22T20:32:12.283+0530] {subprocess.py:93} INFO - 25/05/22 20:32:12 INFO DAGScheduler: Missing parents: List()
[2025-05-22T20:32:12.287+0530] {subprocess.py:93} INFO - 25/05/22 20:32:12 INFO DAGScheduler: Submitting ResultStage 0 (MapPartitionsRDD[1] at parquet at NativeMethodAccessorImpl.java:0), which has no missing parents
[2025-05-22T20:32:12.346+0530] {subprocess.py:93} INFO - 25/05/22 20:32:12 INFO MemoryStore: Block broadcast_0 stored as values in memory (estimated size 103.3 KiB, free 434.3 MiB)
[2025-05-22T20:32:12.375+0530] {subprocess.py:93} INFO - 25/05/22 20:32:12 INFO MemoryStore: Block broadcast_0_piece0 stored as bytes in memory (estimated size 37.2 KiB, free 434.3 MiB)
[2025-05-22T20:32:12.378+0530] {subprocess.py:93} INFO - 25/05/22 20:32:12 INFO BlockManagerInfo: Added broadcast_0_piece0 in memory on 10.255.255.254:40633 (size: 37.2 KiB, free: 434.4 MiB)
[2025-05-22T20:32:12.381+0530] {subprocess.py:93} INFO - 25/05/22 20:32:12 INFO SparkContext: Created broadcast 0 from broadcast at DAGScheduler.scala:1585
[2025-05-22T20:32:12.395+0530] {subprocess.py:93} INFO - 25/05/22 20:32:12 INFO DAGScheduler: Submitting 1 missing tasks from ResultStage 0 (MapPartitionsRDD[1] at parquet at NativeMethodAccessorImpl.java:0) (first 15 tasks are for partitions Vector(0))
[2025-05-22T20:32:12.396+0530] {subprocess.py:93} INFO - 25/05/22 20:32:12 INFO TaskSchedulerImpl: Adding task set 0.0 with 1 tasks resource profile 0
[2025-05-22T20:32:12.444+0530] {subprocess.py:93} INFO - 25/05/22 20:32:12 INFO TaskSetManager: Starting task 0.0 in stage 0.0 (TID 0) (10.255.255.254, executor driver, partition 0, PROCESS_LOCAL, 9237 bytes)
[2025-05-22T20:32:12.457+0530] {subprocess.py:93} INFO - 25/05/22 20:32:12 INFO Executor: Running task 0.0 in stage 0.0 (TID 0)
[2025-05-22T20:32:12.766+0530] {subprocess.py:93} INFO - 25/05/22 20:32:12 INFO Executor: Finished task 0.0 in stage 0.0 (TID 0). 2398 bytes result sent to driver
[2025-05-22T20:32:12.775+0530] {subprocess.py:93} INFO - 25/05/22 20:32:12 INFO TaskSetManager: Finished task 0.0 in stage 0.0 (TID 0) in 350 ms on 10.255.255.254 (executor driver) (1/1)
[2025-05-22T20:32:12.776+0530] {subprocess.py:93} INFO - 25/05/22 20:32:12 INFO TaskSchedulerImpl: Removed TaskSet 0.0, whose tasks have all completed, from pool
[2025-05-22T20:32:12.779+0530] {subprocess.py:93} INFO - 25/05/22 20:32:12 INFO DAGScheduler: ResultStage 0 (parquet at NativeMethodAccessorImpl.java:0) finished in 0.480 s
[2025-05-22T20:32:12.782+0530] {subprocess.py:93} INFO - 25/05/22 20:32:12 INFO DAGScheduler: Job 0 is finished. Cancelling potential speculative or zombie tasks for this job
[2025-05-22T20:32:12.782+0530] {subprocess.py:93} INFO - 25/05/22 20:32:12 INFO TaskSchedulerImpl: Killing all running tasks in stage 0: Stage finished
[2025-05-22T20:32:12.784+0530] {subprocess.py:93} INFO - 25/05/22 20:32:12 INFO DAGScheduler: Job 0 finished: parquet at NativeMethodAccessorImpl.java:0, took 0.518745 s
[2025-05-22T20:32:13.101+0530] {subprocess.py:93} INFO - 25/05/22 20:32:13 INFO BlockManagerInfo: Removed broadcast_0_piece0 on 10.255.255.254:40633 in memory (size: 37.2 KiB, free: 434.4 MiB)
[2025-05-22T20:32:13.741+0530] {subprocess.py:93} INFO - 25/05/22 20:32:13 WARN SnowflakeConnectorUtils$: Query pushdown is not supported because you are using Spark 3.5.5 with a connector designed to support Spark 3.3. Either use the version of Spark supported by the connector or install a version of the connector that supports your version of Spark.
[2025-05-22T20:32:13.795+0530] {subprocess.py:93} INFO - 25/05/22 20:32:13 INFO FileSourceStrategy: Pushed Filters:
[2025-05-22T20:32:13.796+0530] {subprocess.py:93} INFO - 25/05/22 20:32:13 INFO FileSourceStrategy: Post-Scan Filters:
[2025-05-22T20:32:14.050+0530] {subprocess.py:93} INFO - 25/05/22 20:32:14 INFO CodeGenerator: Code generated in 185.153563 ms
[2025-05-22T20:32:14.071+0530] {subprocess.py:93} INFO - 25/05/22 20:32:14 INFO MemoryStore: Block broadcast_1 stored as values in memory (estimated size 202.6 KiB, free 434.2 MiB)
[2025-05-22T20:32:14.079+0530] {subprocess.py:93} INFO - 25/05/22 20:32:14 INFO MemoryStore: Block broadcast_1_piece0 stored as bytes in memory (estimated size 35.5 KiB, free 434.2 MiB)
[2025-05-22T20:32:14.079+0530] {subprocess.py:93} INFO - 25/05/22 20:32:14 INFO BlockManagerInfo: Added broadcast_1_piece0 in memory on 10.255.255.254:40633 (size: 35.5 KiB, free: 434.4 MiB)
[2025-05-22T20:32:14.080+0530] {subprocess.py:93} INFO - 25/05/22 20:32:14 INFO SparkContext: Created broadcast 1 from rdd at SnowflakeWriter.scala:87
[2025-05-22T20:32:14.090+0530] {subprocess.py:93} INFO - 25/05/22 20:32:14 INFO FileSourceScanExec: Planning scan with bin packing, max size: 4194304 bytes, open cost is considered as scanning 4194304 bytes.
[2025-05-22T20:32:14.154+0530] {subprocess.py:93} INFO - 25/05/22 20:32:14 WARN DefaultJDBCWrapper$: JDBC 3.13.30 is being used. But the certified JDBC version 3.13.22 is recommended.
[2025-05-22T20:32:15.208+0530] {subprocess.py:93} INFO - 25/05/22 20:32:15 INFO SparkConnectorContext$: Spark Connector system config: {
[2025-05-22T20:32:15.208+0530] {subprocess.py:93} INFO -   "spark_connector_version" : "2.11.0",
[2025-05-22T20:32:15.209+0530] {subprocess.py:93} INFO -   "spark_version" : "3.5.5",
[2025-05-22T20:32:15.209+0530] {subprocess.py:93} INFO -   "application_name" : "NYC Taxi Load to Snowflake",
[2025-05-22T20:32:15.209+0530] {subprocess.py:93} INFO -   "scala_version" : "2.12.18",
[2025-05-22T20:32:15.209+0530] {subprocess.py:93} INFO -   "java_version" : "11.0.27",
[2025-05-22T20:32:15.209+0530] {subprocess.py:93} INFO -   "jdbc_version" : "3.13.30",
[2025-05-22T20:32:15.209+0530] {subprocess.py:93} INFO -   "certified_jdbc_version" : "3.13.22",
[2025-05-22T20:32:15.209+0530] {subprocess.py:93} INFO -   "os_name" : "Linux",
[2025-05-22T20:32:15.209+0530] {subprocess.py:93} INFO -   "max_memory_in_mb" : 1024,
[2025-05-22T20:32:15.210+0530] {subprocess.py:93} INFO -   "total_memory_in_mb" : 147,
[2025-05-22T20:32:15.210+0530] {subprocess.py:93} INFO -   "free_memory_in_mb" : 41,
[2025-05-22T20:32:15.210+0530] {subprocess.py:93} INFO -   "cpu_cores" : 12,
[2025-05-22T20:32:15.210+0530] {subprocess.py:93} INFO -   "spark_application_id" : "local-1747926130268",
[2025-05-22T20:32:15.210+0530] {subprocess.py:93} INFO -   "spark_language" : "Scala",
[2025-05-22T20:32:15.210+0530] {subprocess.py:93} INFO -   "is_pyspark" : false,
[2025-05-22T20:32:15.210+0530] {subprocess.py:93} INFO -   "spark_config" : {
[2025-05-22T20:32:15.210+0530] {subprocess.py:93} INFO -     "spark.driver.extraJavaOptions" : "-Djava.net.preferIPv6Addresses=false -XX:+IgnoreUnrecognizedVMOptions --add-opens=java.base/java.lang=ALL-UNNAMED --add-opens=java.base/java.lang.invoke=ALL-UNNAMED --add-opens=java.base/java.lang.reflect=ALL-UNNAMED --add-opens=java.base/java.io=ALL-UNNAMED --add-opens=java.base/java.net=ALL-UNNAMED --add-opens=java.base/java.nio=ALL-UNNAMED --add-opens=java.base/java.util=ALL-UNNAMED --add-opens=java.base/java.util.concurrent=ALL-UNNAMED --add-opens=java.base/java.util.concurrent.atomic=ALL-UNNAMED --add-opens=java.base/jdk.internal.ref=ALL-UNNAMED --add-opens=java.base/sun.nio.ch=ALL-UNNAMED --add-opens=java.base/sun.nio.cs=ALL-UNNAMED --add-opens=java.base/sun.security.action=ALL-UNNAMED --add-opens=java.base/sun.util.calendar=ALL-UNNAMED --add-opens=java.security.jgss/sun.security.krb5=ALL-UNNAMED -Djdk.reflect.useDirectMethodHandle=false",
[2025-05-22T20:32:15.210+0530] {subprocess.py:93} INFO -     "spark.sql.warehouse.dir" : "N/A",
[2025-05-22T20:32:15.210+0530] {subprocess.py:93} INFO -     "spark.app.id" : "local-1747926130268",
[2025-05-22T20:32:15.210+0530] {subprocess.py:93} INFO -     "spark.app.submitTime" : "N/A",
[2025-05-22T20:32:15.211+0530] {subprocess.py:93} INFO -     "spark.executor.id" : "driver",
[2025-05-22T20:32:15.211+0530] {subprocess.py:93} INFO -     "spark.app.name" : "NYC Taxi Load to Snowflake",
[2025-05-22T20:32:15.211+0530] {subprocess.py:93} INFO -     "spark.app.startTime" : "N/A",
[2025-05-22T20:32:15.211+0530] {subprocess.py:93} INFO -     "spark.driver.host" : "10.255.255.254",
[2025-05-22T20:32:15.211+0530] {subprocess.py:93} INFO -     "spark.rdd.compress" : "N/A",
[2025-05-22T20:32:15.211+0530] {subprocess.py:93} INFO -     "spark.executor.extraJavaOptions" : "-Djava.net.preferIPv6Addresses=false -XX:+IgnoreUnrecognizedVMOptions --add-opens=java.base/java.lang=ALL-UNNAMED --add-opens=java.base/java.lang.invoke=ALL-UNNAMED --add-opens=java.base/java.lang.reflect=ALL-UNNAMED --add-opens=java.base/java.io=ALL-UNNAMED --add-opens=java.base/java.net=ALL-UNNAMED --add-opens=java.base/java.nio=ALL-UNNAMED --add-opens=java.base/java.util=ALL-UNNAMED --add-opens=java.base/java.util.concurrent=ALL-UNNAMED --add-opens=java.base/java.util.concurrent.atomic=ALL-UNNAMED --add-opens=java.base/jdk.internal.ref=ALL-UNNAMED --add-opens=java.base/sun.nio.ch=ALL-UNNAMED --add-opens=java.base/sun.nio.cs=ALL-UNNAMED --add-opens=java.base/sun.security.action=ALL-UNNAMED --add-opens=java.base/sun.util.calendar=ALL-UNNAMED --add-opens=java.security.jgss/sun.security.krb5=ALL-UNNAMED -Djdk.reflect.useDirectMethodHandle=false",
[2025-05-22T20:32:15.211+0530] {subprocess.py:93} INFO -     "spark.serializer.objectStreamReset" : "N/A",
[2025-05-22T20:32:15.211+0530] {subprocess.py:93} INFO -     "spark.master" : "local[*]",
[2025-05-22T20:32:15.211+0530] {subprocess.py:93} INFO -     "spark.submit.pyFiles" : "N/A",
[2025-05-22T20:32:15.211+0530] {subprocess.py:93} INFO -     "spark.submit.deployMode" : "client",
[2025-05-22T20:32:15.211+0530] {subprocess.py:93} INFO -     "spark.driver.port" : "N/A"
[2025-05-22T20:32:15.212+0530] {subprocess.py:93} INFO -   },
[2025-05-22T20:32:15.212+0530] {subprocess.py:93} INFO -   "libraries" : [ "py4j", "py4j.commands", "py4j.reflection" ],
[2025-05-22T20:32:15.212+0530] {subprocess.py:93} INFO -   "dependencies" : [ ],
[2025-05-22T20:32:15.212+0530] {subprocess.py:93} INFO -   "cluster_node_count" : 1,
[2025-05-22T20:32:15.212+0530] {subprocess.py:93} INFO -   "spark_default_parallelism" : 12,
[2025-05-22T20:32:15.212+0530] {subprocess.py:93} INFO -   "deploy_mode" : "client"
[2025-05-22T20:32:15.212+0530] {subprocess.py:93} INFO - }
[2025-05-22T20:32:15.218+0530] {subprocess.py:93} INFO - 25/05/22 20:32:15 INFO SnowflakeSQLStatement: Spark Connector Master: execute query with bind variable: alter session set timezone = 'Asia/Calcutta' , timestamp_ntz_output_format = 'YYYY-MM-DD HH24:MI:SS.FF3', timestamp_ltz_output_format = 'TZHTZM YYYY-MM-DD HH24:MI:SS.FF3', timestamp_tz_output_format = 'TZHTZM YYYY-MM-DD HH24:MI:SS.FF3' ;
[2025-05-22T20:32:15.584+0530] {subprocess.py:93} INFO - 25/05/22 20:32:15 INFO SnowflakeSQLStatement: Spark Connector Master: execute query with bind variable: create  temporary stage if not exists identifier(?)
[2025-05-22T20:32:16.469+0530] {subprocess.py:93} INFO - 25/05/22 20:32:16 INFO CloudStorageOperations$: Spark Connector Master: Begin to process and upload data for 5 partitions: directory=0ykohsTkba CSV true
[2025-05-22T20:32:16.543+0530] {subprocess.py:93} INFO - 25/05/22 20:32:16 INFO SparkContext: Starting job: collect at CloudStorageOperations.scala:805
[2025-05-22T20:32:16.544+0530] {subprocess.py:93} INFO - 25/05/22 20:32:16 INFO DAGScheduler: Got job 1 (collect at CloudStorageOperations.scala:805) with 5 output partitions
[2025-05-22T20:32:16.545+0530] {subprocess.py:93} INFO - 25/05/22 20:32:16 INFO DAGScheduler: Final stage: ResultStage 1 (collect at CloudStorageOperations.scala:805)
[2025-05-22T20:32:16.545+0530] {subprocess.py:93} INFO - 25/05/22 20:32:16 INFO DAGScheduler: Parents of final stage: List()
[2025-05-22T20:32:16.545+0530] {subprocess.py:93} INFO - 25/05/22 20:32:16 INFO DAGScheduler: Missing parents: List()
[2025-05-22T20:32:16.546+0530] {subprocess.py:93} INFO - 25/05/22 20:32:16 INFO DAGScheduler: Submitting ResultStage 1 (MapPartitionsRDD[9] at mapPartitionsWithIndex at CloudStorageOperations.scala:788), which has no missing parents
[2025-05-22T20:32:16.555+0530] {subprocess.py:93} INFO - 25/05/22 20:32:16 INFO MemoryStore: Block broadcast_2 stored as values in memory (estimated size 43.1 KiB, free 434.1 MiB)
[2025-05-22T20:32:16.557+0530] {subprocess.py:93} INFO - 25/05/22 20:32:16 INFO MemoryStore: Block broadcast_2_piece0 stored as bytes in memory (estimated size 18.1 KiB, free 434.1 MiB)
[2025-05-22T20:32:16.558+0530] {subprocess.py:93} INFO - 25/05/22 20:32:16 INFO BlockManagerInfo: Added broadcast_2_piece0 in memory on 10.255.255.254:40633 (size: 18.1 KiB, free: 434.3 MiB)
[2025-05-22T20:32:16.559+0530] {subprocess.py:93} INFO - 25/05/22 20:32:16 INFO SparkContext: Created broadcast 2 from broadcast at DAGScheduler.scala:1585
[2025-05-22T20:32:16.559+0530] {subprocess.py:93} INFO - 25/05/22 20:32:16 INFO DAGScheduler: Submitting 5 missing tasks from ResultStage 1 (MapPartitionsRDD[9] at mapPartitionsWithIndex at CloudStorageOperations.scala:788) (first 15 tasks are for partitions Vector(0, 1, 2, 3, 4))
[2025-05-22T20:32:16.560+0530] {subprocess.py:93} INFO - 25/05/22 20:32:16 INFO TaskSchedulerImpl: Adding task set 1.0 with 5 tasks resource profile 0
[2025-05-22T20:32:16.564+0530] {subprocess.py:93} INFO - 25/05/22 20:32:16 INFO TaskSetManager: Starting task 0.0 in stage 1.0 (TID 1) (10.255.255.254, executor driver, partition 0, PROCESS_LOCAL, 9707 bytes)
[2025-05-22T20:32:16.564+0530] {subprocess.py:93} INFO - 25/05/22 20:32:16 INFO TaskSetManager: Starting task 1.0 in stage 1.0 (TID 2) (10.255.255.254, executor driver, partition 1, PROCESS_LOCAL, 9707 bytes)
[2025-05-22T20:32:16.565+0530] {subprocess.py:93} INFO - 25/05/22 20:32:16 INFO TaskSetManager: Starting task 2.0 in stage 1.0 (TID 3) (10.255.255.254, executor driver, partition 2, PROCESS_LOCAL, 9707 bytes)
[2025-05-22T20:32:16.565+0530] {subprocess.py:93} INFO - 25/05/22 20:32:16 INFO TaskSetManager: Starting task 3.0 in stage 1.0 (TID 4) (10.255.255.254, executor driver, partition 3, PROCESS_LOCAL, 9707 bytes)
[2025-05-22T20:32:16.565+0530] {subprocess.py:93} INFO - 25/05/22 20:32:16 INFO TaskSetManager: Starting task 4.0 in stage 1.0 (TID 5) (10.255.255.254, executor driver, partition 4, PROCESS_LOCAL, 9707 bytes)
[2025-05-22T20:32:16.566+0530] {subprocess.py:93} INFO - 25/05/22 20:32:16 INFO Executor: Running task 0.0 in stage 1.0 (TID 1)
[2025-05-22T20:32:16.567+0530] {subprocess.py:93} INFO - 25/05/22 20:32:16 INFO Executor: Running task 1.0 in stage 1.0 (TID 2)
[2025-05-22T20:32:16.568+0530] {subprocess.py:93} INFO - 25/05/22 20:32:16 INFO Executor: Running task 2.0 in stage 1.0 (TID 3)
[2025-05-22T20:32:16.569+0530] {subprocess.py:93} INFO - 25/05/22 20:32:16 INFO Executor: Running task 4.0 in stage 1.0 (TID 5)
[2025-05-22T20:32:16.571+0530] {subprocess.py:93} INFO - 25/05/22 20:32:16 INFO Executor: Running task 3.0 in stage 1.0 (TID 4)
[2025-05-22T20:32:16.682+0530] {subprocess.py:93} INFO - 25/05/22 20:32:16 INFO CodeGenerator: Code generated in 24.835556 ms
[2025-05-22T20:32:17.625+0530] {subprocess.py:93} INFO - 25/05/22 20:32:17 INFO CodeGenerator: Code generated in 31.782566 ms
[2025-05-22T20:32:17.633+0530] {subprocess.py:93} INFO - 25/05/22 20:32:17 INFO CloudStorageOperations$: Spark Connector Worker: Start writing partition ID:0 as 0.CSV.gz TaskInfo: {  "task_partition_id" : 0,  "task_attempt_id" : 1,  "task_attempt_number" : 0,  "task_stage_attempt_number" : 0,  "task_stage_id" : 1,  "thread_id" : 71}
[2025-05-22T20:32:17.634+0530] {subprocess.py:93} INFO - 25/05/22 20:32:17 INFO CloudStorageOperations$: Spark Connector Worker: Start writing partition ID:2 as 2.CSV.gz TaskInfo: {  "task_partition_id" : 2,  "task_attempt_id" : 3,  "task_attempt_number" : 0,  "task_stage_attempt_number" : 0,  "task_stage_id" : 1,  "thread_id" : 85}
[2025-05-22T20:32:17.634+0530] {subprocess.py:93} INFO - 25/05/22 20:32:17 INFO CloudStorageOperations$: Spark Connector Worker: Start writing partition ID:1 as 1.CSV.gz TaskInfo: {  "task_partition_id" : 1,  "task_attempt_id" : 2,  "task_attempt_number" : 0,  "task_stage_attempt_number" : 0,  "task_stage_id" : 1,  "thread_id" : 84}
[2025-05-22T20:32:17.634+0530] {subprocess.py:93} INFO - 25/05/22 20:32:17 INFO CloudStorageOperations$: Spark Connector Worker: Start writing partition ID:4 as 4.CSV.gz TaskInfo: {  "task_partition_id" : 4,  "task_attempt_id" : 5,  "task_attempt_number" : 0,  "task_stage_attempt_number" : 0,  "task_stage_id" : 1,  "thread_id" : 87}
[2025-05-22T20:32:17.634+0530] {subprocess.py:93} INFO - 25/05/22 20:32:17 INFO CloudStorageOperations$: Spark Connector Worker: Start writing partition ID:3 as 3.CSV.gz TaskInfo: {  "task_partition_id" : 3,  "task_attempt_id" : 4,  "task_attempt_number" : 0,  "task_stage_attempt_number" : 0,  "task_stage_id" : 1,  "thread_id" : 86}
[2025-05-22T20:32:17.634+0530] {subprocess.py:93} INFO - 25/05/22 20:32:17 INFO FileScanRDD: Reading File path: file:///home/pranav_shirali/airflow-project/scripts/ETL/nyc_taxi_trip.parquet/part-00000-99e5c5bc-9c26-488b-8f35-eeb0bf33b154-c000.snappy.parquet, range: 4194304-8388608, partition values: [empty row]
[2025-05-22T20:32:17.634+0530] {subprocess.py:93} INFO - 25/05/22 20:32:17 INFO FileScanRDD: Reading File path: file:///home/pranav_shirali/airflow-project/scripts/ETL/nyc_taxi_trip.parquet/part-00000-99e5c5bc-9c26-488b-8f35-eeb0bf33b154-c000.snappy.parquet, range: 16777216-19038509, partition values: [empty row]
[2025-05-22T20:32:17.634+0530] {subprocess.py:93} INFO - 25/05/22 20:32:17 INFO FileScanRDD: Reading File path: file:///home/pranav_shirali/airflow-project/scripts/ETL/nyc_taxi_trip.parquet/part-00000-99e5c5bc-9c26-488b-8f35-eeb0bf33b154-c000.snappy.parquet, range: 0-4194304, partition values: [empty row]
[2025-05-22T20:32:17.635+0530] {subprocess.py:93} INFO - 25/05/22 20:32:17 INFO FileScanRDD: Reading File path: file:///home/pranav_shirali/airflow-project/scripts/ETL/nyc_taxi_trip.parquet/part-00000-99e5c5bc-9c26-488b-8f35-eeb0bf33b154-c000.snappy.parquet, range: 12582912-16777216, partition values: [empty row]
[2025-05-22T20:32:17.635+0530] {subprocess.py:93} INFO - 25/05/22 20:32:17 INFO FileScanRDD: Reading File path: file:///home/pranav_shirali/airflow-project/scripts/ETL/nyc_taxi_trip.parquet/part-00000-99e5c5bc-9c26-488b-8f35-eeb0bf33b154-c000.snappy.parquet, range: 8388608-12582912, partition values: [empty row]
[2025-05-22T20:32:17.726+0530] {subprocess.py:93} INFO - 25/05/22 20:32:17 INFO CloudStorageOperations$: Spark Connector Worker: Finish writing partition ID:3 3.CSV.gz write row count is 0. Uncompressed data size is 0 Bytes. read_and_upload_time: 84 ms
[2025-05-22T20:32:17.727+0530] {subprocess.py:93} INFO - 25/05/22 20:32:17 INFO CloudStorageOperations$: Spark Connector Worker: Finish writing partition ID:0 0.CSV.gz write row count is 0. Uncompressed data size is 0 Bytes. read_and_upload_time: 84 ms
[2025-05-22T20:32:17.727+0530] {subprocess.py:93} INFO - 25/05/22 20:32:17 INFO CloudStorageOperations$: Spark Connector Worker: Finish writing partition ID:4 4.CSV.gz write row count is 0. Uncompressed data size is 0 Bytes. read_and_upload_time: 84 ms
[2025-05-22T20:32:17.727+0530] {subprocess.py:93} INFO - 25/05/22 20:32:17 INFO CloudStorageOperations$: Spark Connector Worker: Finish writing partition ID:1 1.CSV.gz write row count is 0. Uncompressed data size is 0 Bytes. read_and_upload_time: 84 ms
[2025-05-22T20:32:17.735+0530] {subprocess.py:93} INFO - 25/05/22 20:32:17 INFO Executor: Finished task 4.0 in stage 1.0 (TID 5). 1905 bytes result sent to driver
[2025-05-22T20:32:17.735+0530] {subprocess.py:93} INFO - 25/05/22 20:32:17 INFO Executor: Finished task 3.0 in stage 1.0 (TID 4). 1905 bytes result sent to driver
[2025-05-22T20:32:17.738+0530] {subprocess.py:93} INFO - 25/05/22 20:32:17 INFO TaskSetManager: Finished task 4.0 in stage 1.0 (TID 5) in 1172 ms on 10.255.255.254 (executor driver) (1/5)
[2025-05-22T20:32:17.738+0530] {subprocess.py:93} INFO - 25/05/22 20:32:17 INFO Executor: Finished task 0.0 in stage 1.0 (TID 1). 1905 bytes result sent to driver
[2025-05-22T20:32:17.739+0530] {subprocess.py:93} INFO - 25/05/22 20:32:17 INFO Executor: Finished task 1.0 in stage 1.0 (TID 2). 1905 bytes result sent to driver
[2025-05-22T20:32:17.741+0530] {subprocess.py:93} INFO - 25/05/22 20:32:17 INFO TaskSetManager: Finished task 0.0 in stage 1.0 (TID 1) in 1180 ms on 10.255.255.254 (executor driver) (2/5)
[2025-05-22T20:32:17.742+0530] {subprocess.py:93} INFO - 25/05/22 20:32:17 INFO TaskSetManager: Finished task 1.0 in stage 1.0 (TID 2) in 1177 ms on 10.255.255.254 (executor driver) (3/5)
[2025-05-22T20:32:17.742+0530] {subprocess.py:93} INFO - 25/05/22 20:32:17 INFO TaskSetManager: Finished task 3.0 in stage 1.0 (TID 4) in 1177 ms on 10.255.255.254 (executor driver) (4/5)
[2025-05-22T20:32:17.786+0530] {subprocess.py:93} INFO - 25/05/22 20:32:17 INFO CodecPool: Got brand-new decompressor [.snappy]
[2025-05-22T20:32:51.490+0530] {subprocess.py:93} INFO - 25/05/22 20:32:51 INFO CloudStorageOperations$: Spark Connector Worker: Finish uploading file 0ykohsTkba/2.CSV.gz with AWS multiple parts API: bufferSize=8.00 MB chunkCount=4 compressedSize=16.93 MB
[2025-05-22T20:32:51.490+0530] {subprocess.py:93} INFO - 25/05/22 20:32:51 INFO CloudStorageOperations$: Spark Connector Worker: Finish writing partition ID:2 2.CSV.gz write row count is 1177062. Uncompressed data size is 101.16 MB. read_and_upload_time: 33.86 seconds
[2025-05-22T20:32:51.492+0530] {subprocess.py:93} INFO - 25/05/22 20:32:51 INFO Executor: Finished task 2.0 in stage 1.0 (TID 3). 1948 bytes result sent to driver
[2025-05-22T20:32:51.493+0530] {subprocess.py:93} INFO - 25/05/22 20:32:51 INFO TaskSetManager: Finished task 2.0 in stage 1.0 (TID 3) in 34929 ms on 10.255.255.254 (executor driver) (5/5)
[2025-05-22T20:32:51.493+0530] {subprocess.py:93} INFO - 25/05/22 20:32:51 INFO TaskSchedulerImpl: Removed TaskSet 1.0, whose tasks have all completed, from pool
[2025-05-22T20:32:51.495+0530] {subprocess.py:93} INFO - 25/05/22 20:32:51 INFO DAGScheduler: ResultStage 1 (collect at CloudStorageOperations.scala:805) finished in 34.944 s
[2025-05-22T20:32:51.495+0530] {subprocess.py:93} INFO - 25/05/22 20:32:51 INFO DAGScheduler: Job 1 is finished. Cancelling potential speculative or zombie tasks for this job
[2025-05-22T20:32:51.495+0530] {subprocess.py:93} INFO - 25/05/22 20:32:51 INFO TaskSchedulerImpl: Killing all running tasks in stage 1: Stage finished
[2025-05-22T20:32:51.496+0530] {subprocess.py:93} INFO - 25/05/22 20:32:51 INFO DAGScheduler: Job 1 finished: collect at CloudStorageOperations.scala:805, took 34.953203 s
[2025-05-22T20:32:51.501+0530] {subprocess.py:93} INFO - 25/05/22 20:32:51 INFO StageWriter$: writeToTableWithStagingTable: check table existence with "AIRFLOW_DB"."PUBLIC".nyc_taxi_trip for nyc_taxi_trip
[2025-05-22T20:32:51.502+0530] {subprocess.py:93} INFO - 25/05/22 20:32:51 INFO SnowflakeSQLStatement: Spark Connector Master: execute query with bind variable: desc table identifier(?)
[2025-05-22T20:32:51.642+0530] {subprocess.py:93} INFO - 25/05/22 20:32:51 INFO SnowflakeSQLStatement: Spark Connector Master: execute query with bind variable: create   table if not exists identifier(?) ("TRIP_ID" INTEGER ,"VENDORID" INTEGER ,"TPEP_PICKUP_DATETIME" STRING ,"TPEP_DROPOFF_DATETIME" STRING ,"PASSENGER_COUNT" INTEGER ,"TRIP_DISTANCE" DOUBLE ,"RATECODEID" INTEGER ,"STORE_AND_FWD_FLAG" STRING ,"PULOCATIONID" INTEGER ,"DOLOCATIONID" INTEGER ,"MONTH" INTEGER ,"DISTANCE_LENGTH" STRING ,"CAR_UTILIZATION" STRING )
[2025-05-22T20:32:51.842+0530] {subprocess.py:93} INFO - 25/05/22 20:32:51 INFO StageWriter$: Begin to write at 2025-05-22T20:32:51.833031 (India Standard Time)
[2025-05-22T20:32:51.843+0530] {subprocess.py:93} INFO - 25/05/22 20:32:51 INFO StageWriter$: Total file count is 5, non-empty files count is 1, total file size is 101.16 MB, total row count is 1.12 MB.
[2025-05-22T20:32:51.844+0530] {subprocess.py:93} INFO - 25/05/22 20:32:51 INFO StageWriter$: Now executing below command to write into table:
[2025-05-22T20:32:51.845+0530] {subprocess.py:93} INFO - copy into nyc_taxi_trip_staging_1025035862 FROM @spark_connector_load_stage_ocUXLP0VVX/0ykohsTkba/
[2025-05-22T20:32:51.845+0530] {subprocess.py:93} INFO - FILE_FORMAT = (
[2025-05-22T20:32:51.845+0530] {subprocess.py:93} INFO -     TYPE=CSV
[2025-05-22T20:32:51.845+0530] {subprocess.py:93} INFO -     FIELD_DELIMITER='|'
[2025-05-22T20:32:51.845+0530] {subprocess.py:93} INFO -     NULL_IF=()
[2025-05-22T20:32:51.846+0530] {subprocess.py:93} INFO -     FIELD_OPTIONALLY_ENCLOSED_BY='"'
[2025-05-22T20:32:51.846+0530] {subprocess.py:93} INFO -     TIMESTAMP_FORMAT='TZHTZM YYYY-MM-DD HH24:MI:SS.FF9'
[2025-05-22T20:32:51.846+0530] {subprocess.py:93} INFO -     DATE_FORMAT='TZHTZM YYYY-MM-DD HH24:MI:SS.FF9'
[2025-05-22T20:32:51.846+0530] {subprocess.py:93} INFO -     BINARY_FORMAT=BASE64
[2025-05-22T20:32:51.846+0530] {subprocess.py:93} INFO -   )
[2025-05-22T20:32:51.846+0530] {subprocess.py:93} INFO - 
[2025-05-22T20:32:51.846+0530] {subprocess.py:93} INFO - 25/05/22 20:32:51 INFO SnowflakeSQLStatement: Spark Connector Master: execute query with bind variable: copy into nyc_taxi_trip_staging_1025035862 FROM @spark_connector_load_stage_ocUXLP0VVX/0ykohsTkba/
[2025-05-22T20:32:51.846+0530] {subprocess.py:93} INFO - FILE_FORMAT = (
[2025-05-22T20:32:51.846+0530] {subprocess.py:93} INFO -     TYPE=CSV
[2025-05-22T20:32:51.846+0530] {subprocess.py:93} INFO -     FIELD_DELIMITER='|'
[2025-05-22T20:32:51.847+0530] {subprocess.py:93} INFO -     NULL_IF=()
[2025-05-22T20:32:51.847+0530] {subprocess.py:93} INFO -     FIELD_OPTIONALLY_ENCLOSED_BY='"'
[2025-05-22T20:32:51.847+0530] {subprocess.py:93} INFO -     TIMESTAMP_FORMAT='TZHTZM YYYY-MM-DD HH24:MI:SS.FF9'
[2025-05-22T20:32:51.847+0530] {subprocess.py:93} INFO -     DATE_FORMAT='TZHTZM YYYY-MM-DD HH24:MI:SS.FF9'
[2025-05-22T20:32:51.847+0530] {subprocess.py:93} INFO -     BINARY_FORMAT=BASE64
[2025-05-22T20:32:51.847+0530] {subprocess.py:93} INFO -   )
[2025-05-22T20:32:51.847+0530] {subprocess.py:93} INFO - 
[2025-05-22T20:32:51.945+0530] {subprocess.py:93} INFO - 25/05/22 20:32:51 INFO SparkConnectorContext$: Spark connector register listener for: local-1747926130268
[2025-05-22T20:32:51.946+0530] {subprocess.py:93} INFO - 25/05/22 20:32:51 INFO SparkConnectorContext$: Add running query for local-1747926130268 session: 3722800343229278 queryId: 01bc8546-3201-a2cb-000d-39de000814b6
[2025-05-22T20:32:51.947+0530] {subprocess.py:93} INFO - 25/05/22 20:32:51 INFO StageWriter$: The query ID for async writing into table command is: 01bc8546-3201-a2cb-000d-39de000814b6; The query ID URL is:
[2025-05-22T20:32:51.947+0530] {subprocess.py:93} INFO - https://AVCUDFK-TL56570.snowflakecomputing.com/console#/monitoring/queries/detail?queryId=01bc8546-3201-a2cb-000d-39de000814b6
[2025-05-22T20:33:02.678+0530] {subprocess.py:93} INFO - 25/05/22 20:33:02 INFO SparkConnectorContext$: Remove running query for local-1747926130268 session: 3722800343229278 queryId: 01bc8546-3201-a2cb-000d-39de000814b6
[2025-05-22T20:33:02.679+0530] {subprocess.py:93} INFO - 25/05/22 20:33:02 INFO StageWriter$: First COPY command is done in 10.85 seconds at 2025-05-22T20:33:02.679015, queryID is 01bc8546-3201-a2cb-000d-39de000814b6
[2025-05-22T20:33:02.683+0530] {subprocess.py:93} INFO - 25/05/22 20:33:02 INFO StageWriter$: Succeed to write in 10.85 seconds at 2025-05-22T20:33:02.683009
[2025-05-22T20:33:02.684+0530] {subprocess.py:93} INFO - 25/05/22 20:33:02 INFO SnowflakeSQLStatement: Spark Connector Master: execute query with bind variable: alter table identifier(?) rename to identifier(?)
[2025-05-22T20:33:02.791+0530] {subprocess.py:93} INFO - 25/05/22 20:33:02 INFO StageWriter$: Spark Connector Master: Total job time is 46.44 seconds including read & upload time: 35.15 seconds and COPY time: 11.29 seconds.
[2025-05-22T20:33:02.929+0530] {subprocess.py:93} INFO - 25/05/22 20:33:02 WARN SnowflakeConnectorUtils$: Query pushdown is not supported because you are using Spark 3.5.5 with a connector designed to support Spark 3.3. Either use the version of Spark supported by the connector or install a version of the connector that supports your version of Spark.
[2025-05-22T20:33:02.933+0530] {subprocess.py:93} INFO - 25/05/22 20:33:02 WARN DefaultJDBCWrapper$: JDBC 3.13.30 is being used. But the certified JDBC version 3.13.22 is recommended.
[2025-05-22T20:33:03.126+0530] {subprocess.py:93} INFO - 25/05/22 20:33:03 INFO SnowflakeSQLStatement: Spark Connector Master: execute query with bind variable: select * from nyc_taxi_trip where 1 = 0
[2025-05-22T20:33:03.408+0530] {subprocess.py:93} INFO - 25/05/22 20:33:03 INFO InMemoryFileIndex: It took 1 ms to list leaf files for 1 paths.
[2025-05-22T20:33:03.441+0530] {subprocess.py:93} INFO - 25/05/22 20:33:03 INFO SparkContext: Starting job: parquet at NativeMethodAccessorImpl.java:0
[2025-05-22T20:33:03.442+0530] {subprocess.py:93} INFO - 25/05/22 20:33:03 INFO DAGScheduler: Got job 2 (parquet at NativeMethodAccessorImpl.java:0) with 1 output partitions
[2025-05-22T20:33:03.442+0530] {subprocess.py:93} INFO - 25/05/22 20:33:03 INFO DAGScheduler: Final stage: ResultStage 2 (parquet at NativeMethodAccessorImpl.java:0)
[2025-05-22T20:33:03.442+0530] {subprocess.py:93} INFO - 25/05/22 20:33:03 INFO DAGScheduler: Parents of final stage: List()
[2025-05-22T20:33:03.442+0530] {subprocess.py:93} INFO - 25/05/22 20:33:03 INFO DAGScheduler: Missing parents: List()
[2025-05-22T20:33:03.444+0530] {subprocess.py:93} INFO - 25/05/22 20:33:03 INFO DAGScheduler: Submitting ResultStage 2 (MapPartitionsRDD[11] at parquet at NativeMethodAccessorImpl.java:0), which has no missing parents
[2025-05-22T20:33:03.453+0530] {subprocess.py:93} INFO - 25/05/22 20:33:03 INFO MemoryStore: Block broadcast_3 stored as values in memory (estimated size 103.3 KiB, free 434.0 MiB)
[2025-05-22T20:33:03.454+0530] {subprocess.py:93} INFO - 25/05/22 20:33:03 INFO MemoryStore: Block broadcast_3_piece0 stored as bytes in memory (estimated size 37.2 KiB, free 434.0 MiB)
[2025-05-22T20:33:03.455+0530] {subprocess.py:93} INFO - 25/05/22 20:33:03 INFO BlockManagerInfo: Added broadcast_3_piece0 in memory on 10.255.255.254:40633 (size: 37.2 KiB, free: 434.3 MiB)
[2025-05-22T20:33:03.455+0530] {subprocess.py:93} INFO - 25/05/22 20:33:03 INFO SparkContext: Created broadcast 3 from broadcast at DAGScheduler.scala:1585
[2025-05-22T20:33:03.456+0530] {subprocess.py:93} INFO - 25/05/22 20:33:03 INFO DAGScheduler: Submitting 1 missing tasks from ResultStage 2 (MapPartitionsRDD[11] at parquet at NativeMethodAccessorImpl.java:0) (first 15 tasks are for partitions Vector(0))
[2025-05-22T20:33:03.457+0530] {subprocess.py:93} INFO - 25/05/22 20:33:03 INFO TaskSchedulerImpl: Adding task set 2.0 with 1 tasks resource profile 0
[2025-05-22T20:33:03.458+0530] {subprocess.py:93} INFO - 25/05/22 20:33:03 INFO TaskSetManager: Starting task 0.0 in stage 2.0 (TID 6) (10.255.255.254, executor driver, partition 0, PROCESS_LOCAL, 9240 bytes)
[2025-05-22T20:33:03.459+0530] {subprocess.py:93} INFO - 25/05/22 20:33:03 INFO Executor: Running task 0.0 in stage 2.0 (TID 6)
[2025-05-22T20:33:03.478+0530] {subprocess.py:93} INFO - 25/05/22 20:33:03 INFO Executor: Finished task 0.0 in stage 2.0 (TID 6). 2237 bytes result sent to driver
[2025-05-22T20:33:03.481+0530] {subprocess.py:93} INFO - 25/05/22 20:33:03 INFO TaskSetManager: Finished task 0.0 in stage 2.0 (TID 6) in 22 ms on 10.255.255.254 (executor driver) (1/1)
[2025-05-22T20:33:03.481+0530] {subprocess.py:93} INFO - 25/05/22 20:33:03 INFO TaskSchedulerImpl: Removed TaskSet 2.0, whose tasks have all completed, from pool
[2025-05-22T20:33:03.486+0530] {subprocess.py:93} INFO - 25/05/22 20:33:03 INFO DAGScheduler: ResultStage 2 (parquet at NativeMethodAccessorImpl.java:0) finished in 0.040 s
[2025-05-22T20:33:03.487+0530] {subprocess.py:93} INFO - 25/05/22 20:33:03 INFO DAGScheduler: Job 2 is finished. Cancelling potential speculative or zombie tasks for this job
[2025-05-22T20:33:03.487+0530] {subprocess.py:93} INFO - 25/05/22 20:33:03 INFO TaskSchedulerImpl: Killing all running tasks in stage 2: Stage finished
[2025-05-22T20:33:03.488+0530] {subprocess.py:93} INFO - 25/05/22 20:33:03 INFO DAGScheduler: Job 2 finished: parquet at NativeMethodAccessorImpl.java:0, took 0.046593 s
[2025-05-22T20:33:03.517+0530] {subprocess.py:93} INFO - 25/05/22 20:33:03 INFO BlockManagerInfo: Removed broadcast_1_piece0 on 10.255.255.254:40633 in memory (size: 35.5 KiB, free: 434.3 MiB)
[2025-05-22T20:33:03.522+0530] {subprocess.py:93} INFO - 25/05/22 20:33:03 INFO BlockManagerInfo: Removed broadcast_2_piece0 on 10.255.255.254:40633 in memory (size: 18.1 KiB, free: 434.4 MiB)
[2025-05-22T20:33:03.539+0530] {subprocess.py:93} INFO - 25/05/22 20:33:03 WARN SnowflakeConnectorUtils$: Query pushdown is not supported because you are using Spark 3.5.5 with a connector designed to support Spark 3.3. Either use the version of Spark supported by the connector or install a version of the connector that supports your version of Spark.
[2025-05-22T20:33:03.554+0530] {subprocess.py:93} INFO - 25/05/22 20:33:03 INFO FileSourceStrategy: Pushed Filters:
[2025-05-22T20:33:03.554+0530] {subprocess.py:93} INFO - 25/05/22 20:33:03 INFO FileSourceStrategy: Post-Scan Filters:
[2025-05-22T20:33:03.581+0530] {subprocess.py:93} INFO - 25/05/22 20:33:03 INFO CodeGenerator: Code generated in 19.855153 ms
[2025-05-22T20:33:03.587+0530] {subprocess.py:93} INFO - 25/05/22 20:33:03 INFO MemoryStore: Block broadcast_4 stored as values in memory (estimated size 202.4 KiB, free 434.1 MiB)
[2025-05-22T20:33:03.595+0530] {subprocess.py:93} INFO - 25/05/22 20:33:03 INFO MemoryStore: Block broadcast_4_piece0 stored as bytes in memory (estimated size 35.3 KiB, free 434.0 MiB)
[2025-05-22T20:33:03.596+0530] {subprocess.py:93} INFO - 25/05/22 20:33:03 INFO BlockManagerInfo: Added broadcast_4_piece0 in memory on 10.255.255.254:40633 (size: 35.3 KiB, free: 434.3 MiB)
[2025-05-22T20:33:03.596+0530] {subprocess.py:93} INFO - 25/05/22 20:33:03 INFO SparkContext: Created broadcast 4 from rdd at SnowflakeWriter.scala:87
[2025-05-22T20:33:03.598+0530] {subprocess.py:93} INFO - 25/05/22 20:33:03 INFO FileSourceScanExec: Planning scan with bin packing, max size: 4194304 bytes, open cost is considered as scanning 4194304 bytes.
[2025-05-22T20:33:03.606+0530] {subprocess.py:93} INFO - 25/05/22 20:33:03 WARN DefaultJDBCWrapper$: JDBC 3.13.30 is being used. But the certified JDBC version 3.13.22 is recommended.
[2025-05-22T20:33:03.756+0530] {subprocess.py:93} INFO - 25/05/22 20:33:03 INFO SnowflakeSQLStatement: Spark Connector Master: execute query with bind variable: alter session set timezone = 'Asia/Calcutta' , timestamp_ntz_output_format = 'YYYY-MM-DD HH24:MI:SS.FF3', timestamp_ltz_output_format = 'TZHTZM YYYY-MM-DD HH24:MI:SS.FF3', timestamp_tz_output_format = 'TZHTZM YYYY-MM-DD HH24:MI:SS.FF3' ;
[2025-05-22T20:33:03.856+0530] {subprocess.py:93} INFO - 25/05/22 20:33:03 INFO SnowflakeSQLStatement: Spark Connector Master: execute query with bind variable: create  temporary stage if not exists identifier(?)
[2025-05-22T20:33:04.335+0530] {subprocess.py:93} INFO - 25/05/22 20:33:04 INFO CloudStorageOperations$: Spark Connector Master: Begin to process and upload data for 5 partitions: directory=wqidQsncc4 CSV true
[2025-05-22T20:33:04.350+0530] {subprocess.py:93} INFO - 25/05/22 20:33:04 INFO SparkContext: Starting job: collect at CloudStorageOperations.scala:805
[2025-05-22T20:33:04.352+0530] {subprocess.py:93} INFO - 25/05/22 20:33:04 INFO DAGScheduler: Got job 3 (collect at CloudStorageOperations.scala:805) with 5 output partitions
[2025-05-22T20:33:04.352+0530] {subprocess.py:93} INFO - 25/05/22 20:33:04 INFO DAGScheduler: Final stage: ResultStage 3 (collect at CloudStorageOperations.scala:805)
[2025-05-22T20:33:04.352+0530] {subprocess.py:93} INFO - 25/05/22 20:33:04 INFO DAGScheduler: Parents of final stage: List()
[2025-05-22T20:33:04.352+0530] {subprocess.py:93} INFO - 25/05/22 20:33:04 INFO DAGScheduler: Missing parents: List()
[2025-05-22T20:33:04.353+0530] {subprocess.py:93} INFO - 25/05/22 20:33:04 INFO DAGScheduler: Submitting ResultStage 3 (MapPartitionsRDD[19] at mapPartitionsWithIndex at CloudStorageOperations.scala:788), which has no missing parents
[2025-05-22T20:33:04.357+0530] {subprocess.py:93} INFO - 25/05/22 20:33:04 INFO MemoryStore: Block broadcast_5 stored as values in memory (estimated size 34.8 KiB, free 434.0 MiB)
[2025-05-22T20:33:04.360+0530] {subprocess.py:93} INFO - 25/05/22 20:33:04 INFO MemoryStore: Block broadcast_5_piece0 stored as bytes in memory (estimated size 14.1 KiB, free 434.0 MiB)
[2025-05-22T20:33:04.361+0530] {subprocess.py:93} INFO - 25/05/22 20:33:04 INFO BlockManagerInfo: Added broadcast_5_piece0 in memory on 10.255.255.254:40633 (size: 14.1 KiB, free: 434.3 MiB)
[2025-05-22T20:33:04.361+0530] {subprocess.py:93} INFO - 25/05/22 20:33:04 INFO SparkContext: Created broadcast 5 from broadcast at DAGScheduler.scala:1585
[2025-05-22T20:33:04.362+0530] {subprocess.py:93} INFO - 25/05/22 20:33:04 INFO DAGScheduler: Submitting 5 missing tasks from ResultStage 3 (MapPartitionsRDD[19] at mapPartitionsWithIndex at CloudStorageOperations.scala:788) (first 15 tasks are for partitions Vector(0, 1, 2, 3, 4))
[2025-05-22T20:33:04.362+0530] {subprocess.py:93} INFO - 25/05/22 20:33:04 INFO TaskSchedulerImpl: Adding task set 3.0 with 5 tasks resource profile 0
[2025-05-22T20:33:04.363+0530] {subprocess.py:93} INFO - 25/05/22 20:33:04 INFO TaskSetManager: Starting task 0.0 in stage 3.0 (TID 7) (10.255.255.254, executor driver, partition 0, PROCESS_LOCAL, 9710 bytes)
[2025-05-22T20:33:04.364+0530] {subprocess.py:93} INFO - 25/05/22 20:33:04 INFO TaskSetManager: Starting task 1.0 in stage 3.0 (TID 8) (10.255.255.254, executor driver, partition 1, PROCESS_LOCAL, 9710 bytes)
[2025-05-22T20:33:04.364+0530] {subprocess.py:93} INFO - 25/05/22 20:33:04 INFO TaskSetManager: Starting task 2.0 in stage 3.0 (TID 9) (10.255.255.254, executor driver, partition 2, PROCESS_LOCAL, 9710 bytes)
[2025-05-22T20:33:04.365+0530] {subprocess.py:93} INFO - 25/05/22 20:33:04 INFO TaskSetManager: Starting task 3.0 in stage 3.0 (TID 10) (10.255.255.254, executor driver, partition 3, PROCESS_LOCAL, 9710 bytes)
[2025-05-22T20:33:04.365+0530] {subprocess.py:93} INFO - 25/05/22 20:33:04 INFO TaskSetManager: Starting task 4.0 in stage 3.0 (TID 11) (10.255.255.254, executor driver, partition 4, PROCESS_LOCAL, 9710 bytes)
[2025-05-22T20:33:04.366+0530] {subprocess.py:93} INFO - 25/05/22 20:33:04 INFO Executor: Running task 0.0 in stage 3.0 (TID 7)
[2025-05-22T20:33:04.366+0530] {subprocess.py:93} INFO - 25/05/22 20:33:04 INFO Executor: Running task 1.0 in stage 3.0 (TID 8)
[2025-05-22T20:33:04.366+0530] {subprocess.py:93} INFO - 25/05/22 20:33:04 INFO Executor: Running task 3.0 in stage 3.0 (TID 10)
[2025-05-22T20:33:04.366+0530] {subprocess.py:93} INFO - 25/05/22 20:33:04 INFO Executor: Running task 4.0 in stage 3.0 (TID 11)
[2025-05-22T20:33:04.368+0530] {subprocess.py:93} INFO - 25/05/22 20:33:04 INFO Executor: Running task 2.0 in stage 3.0 (TID 9)
[2025-05-22T20:33:04.392+0530] {subprocess.py:93} INFO - 25/05/22 20:33:04 INFO CodeGenerator: Code generated in 20.308433 ms
[2025-05-22T20:33:04.428+0530] {subprocess.py:93} INFO - 25/05/22 20:33:04 INFO CodeGenerator: Code generated in 18.683415 ms
[2025-05-22T20:33:04.430+0530] {subprocess.py:93} INFO - 25/05/22 20:33:04 INFO CloudStorageOperations$: Spark Connector Worker: Start writing partition ID:1 as 1.CSV.gz TaskInfo: {  "task_partition_id" : 1,  "task_attempt_id" : 8,  "task_attempt_number" : 0,  "task_stage_attempt_number" : 0,  "task_stage_id" : 3,  "thread_id" : 84}
[2025-05-22T20:33:04.430+0530] {subprocess.py:93} INFO - 25/05/22 20:33:04 INFO CloudStorageOperations$: Spark Connector Worker: Start writing partition ID:4 as 4.CSV.gz TaskInfo: {  "task_partition_id" : 4,  "task_attempt_id" : 11,  "task_attempt_number" : 0,  "task_stage_attempt_number" : 0,  "task_stage_id" : 3,  "thread_id" : 87}
[2025-05-22T20:33:04.430+0530] {subprocess.py:93} INFO - 25/05/22 20:33:04 INFO CloudStorageOperations$: Spark Connector Worker: Start writing partition ID:0 as 0.CSV.gz TaskInfo: {  "task_partition_id" : 0,  "task_attempt_id" : 7,  "task_attempt_number" : 0,  "task_stage_attempt_number" : 0,  "task_stage_id" : 3,  "thread_id" : 85}
[2025-05-22T20:33:04.430+0530] {subprocess.py:93} INFO - 25/05/22 20:33:04 INFO CloudStorageOperations$: Spark Connector Worker: Start writing partition ID:3 as 3.CSV.gz TaskInfo: {  "task_partition_id" : 3,  "task_attempt_id" : 10,  "task_attempt_number" : 0,  "task_stage_attempt_number" : 0,  "task_stage_id" : 3,  "thread_id" : 71}
[2025-05-22T20:33:04.430+0530] {subprocess.py:93} INFO - 25/05/22 20:33:04 INFO CloudStorageOperations$: Spark Connector Worker: Start writing partition ID:2 as 2.CSV.gz TaskInfo: {  "task_partition_id" : 2,  "task_attempt_id" : 9,  "task_attempt_number" : 0,  "task_stage_attempt_number" : 0,  "task_stage_id" : 3,  "thread_id" : 86}
[2025-05-22T20:33:04.430+0530] {subprocess.py:93} INFO - 25/05/22 20:33:04 INFO FileScanRDD: Reading File path: file:///home/pranav_shirali/airflow-project/scripts/ETL/nyc_taxi_payment.parquet/part-00000-cc0ea788-f759-4857-ada4-a399db9f2898-c000.snappy.parquet, range: 4194304-8388608, partition values: [empty row]
[2025-05-22T20:33:04.431+0530] {subprocess.py:93} INFO - 25/05/22 20:33:04 INFO FileScanRDD: Reading File path: file:///home/pranav_shirali/airflow-project/scripts/ETL/nyc_taxi_payment.parquet/part-00000-cc0ea788-f759-4857-ada4-a399db9f2898-c000.snappy.parquet, range: 0-4194304, partition values: [empty row]
[2025-05-22T20:33:04.431+0530] {subprocess.py:93} INFO - 25/05/22 20:33:04 INFO FileScanRDD: Reading File path: file:///home/pranav_shirali/airflow-project/scripts/ETL/nyc_taxi_payment.parquet/part-00000-cc0ea788-f759-4857-ada4-a399db9f2898-c000.snappy.parquet, range: 8388608-12582912, partition values: [empty row]
[2025-05-22T20:33:04.431+0530] {subprocess.py:93} INFO - 25/05/22 20:33:04 INFO FileScanRDD: Reading File path: file:///home/pranav_shirali/airflow-project/scripts/ETL/nyc_taxi_payment.parquet/part-00000-cc0ea788-f759-4857-ada4-a399db9f2898-c000.snappy.parquet, range: 12582912-16777216, partition values: [empty row]
[2025-05-22T20:33:04.431+0530] {subprocess.py:93} INFO - 25/05/22 20:33:04 INFO FileScanRDD: Reading File path: file:///home/pranav_shirali/airflow-project/scripts/ETL/nyc_taxi_payment.parquet/part-00000-cc0ea788-f759-4857-ada4-a399db9f2898-c000.snappy.parquet, range: 16777216-17071679, partition values: [empty row]
[2025-05-22T20:33:04.439+0530] {subprocess.py:93} INFO - 25/05/22 20:33:04 INFO CloudStorageOperations$: Spark Connector Worker: Finish writing partition ID:4 4.CSV.gz write row count is 0. Uncompressed data size is 0 Bytes. read_and_upload_time: 8 ms
[2025-05-22T20:33:04.439+0530] {subprocess.py:93} INFO - 25/05/22 20:33:04 INFO CloudStorageOperations$: Spark Connector Worker: Finish writing partition ID:3 3.CSV.gz write row count is 0. Uncompressed data size is 0 Bytes. read_and_upload_time: 8 ms
[2025-05-22T20:33:04.440+0530] {subprocess.py:93} INFO - 25/05/22 20:33:04 INFO CloudStorageOperations$: Spark Connector Worker: Finish writing partition ID:1 1.CSV.gz write row count is 0. Uncompressed data size is 0 Bytes. read_and_upload_time: 8 ms
[2025-05-22T20:33:04.440+0530] {subprocess.py:93} INFO - 25/05/22 20:33:04 INFO CloudStorageOperations$: Spark Connector Worker: Finish writing partition ID:0 0.CSV.gz write row count is 0. Uncompressed data size is 0 Bytes. read_and_upload_time: 9 ms
[2025-05-22T20:33:04.441+0530] {subprocess.py:93} INFO - 25/05/22 20:33:04 INFO Executor: Finished task 1.0 in stage 3.0 (TID 8). 1862 bytes result sent to driver
[2025-05-22T20:33:04.441+0530] {subprocess.py:93} INFO - 25/05/22 20:33:04 INFO Executor: Finished task 0.0 in stage 3.0 (TID 7). 1862 bytes result sent to driver
[2025-05-22T20:33:04.442+0530] {subprocess.py:93} INFO - 25/05/22 20:33:04 INFO Executor: Finished task 3.0 in stage 3.0 (TID 10). 1862 bytes result sent to driver
[2025-05-22T20:33:04.442+0530] {subprocess.py:93} INFO - 25/05/22 20:33:04 INFO Executor: Finished task 4.0 in stage 3.0 (TID 11). 1862 bytes result sent to driver
[2025-05-22T20:33:04.443+0530] {subprocess.py:93} INFO - 25/05/22 20:33:04 INFO TaskSetManager: Finished task 1.0 in stage 3.0 (TID 8) in 79 ms on 10.255.255.254 (executor driver) (1/5)
[2025-05-22T20:33:04.443+0530] {subprocess.py:93} INFO - 25/05/22 20:33:04 INFO TaskSetManager: Finished task 3.0 in stage 3.0 (TID 10) in 78 ms on 10.255.255.254 (executor driver) (2/5)
[2025-05-22T20:33:04.443+0530] {subprocess.py:93} INFO - 25/05/22 20:33:04 INFO TaskSetManager: Finished task 0.0 in stage 3.0 (TID 7) in 80 ms on 10.255.255.254 (executor driver) (3/5)
[2025-05-22T20:33:04.444+0530] {subprocess.py:93} INFO - 25/05/22 20:33:04 INFO TaskSetManager: Finished task 4.0 in stage 3.0 (TID 11) in 78 ms on 10.255.255.254 (executor driver) (4/5)
[2025-05-22T20:33:04.640+0530] {subprocess.py:93} INFO - 25/05/22 20:33:04 INFO BlockManagerInfo: Removed broadcast_3_piece0 on 10.255.255.254:40633 in memory (size: 37.2 KiB, free: 434.4 MiB)
[2025-05-22T20:33:49.836+0530] {subprocess.py:93} INFO - 25/05/22 20:33:49 INFO CloudStorageOperations$: Spark Connector Worker: Finish uploading file wqidQsncc4/2.CSV.gz with AWS multiple parts API: bufferSize=8.00 MB chunkCount=3 compressedSize=11.92 MB
[2025-05-22T20:33:49.837+0530] {subprocess.py:93} INFO - 25/05/22 20:33:49 INFO CloudStorageOperations$: Spark Connector Worker: Finish writing partition ID:2 2.CSV.gz write row count is 1177062. Uncompressed data size is 66.56 MB. read_and_upload_time: 45.41 seconds
[2025-05-22T20:33:49.844+0530] {subprocess.py:93} INFO - 25/05/22 20:33:49 INFO Executor: Finished task 2.0 in stage 3.0 (TID 9). 1948 bytes result sent to driver
[2025-05-22T20:33:49.846+0530] {subprocess.py:93} INFO - 25/05/22 20:33:49 INFO TaskSetManager: Finished task 2.0 in stage 3.0 (TID 9) in 45482 ms on 10.255.255.254 (executor driver) (5/5)
[2025-05-22T20:33:49.846+0530] {subprocess.py:93} INFO - 25/05/22 20:33:49 INFO TaskSchedulerImpl: Removed TaskSet 3.0, whose tasks have all completed, from pool
[2025-05-22T20:33:49.847+0530] {subprocess.py:93} INFO - 25/05/22 20:33:49 INFO DAGScheduler: ResultStage 3 (collect at CloudStorageOperations.scala:805) finished in 45.492 s
[2025-05-22T20:33:49.850+0530] {subprocess.py:93} INFO - 25/05/22 20:33:49 INFO DAGScheduler: Job 3 is finished. Cancelling potential speculative or zombie tasks for this job
[2025-05-22T20:33:49.850+0530] {subprocess.py:93} INFO - 25/05/22 20:33:49 INFO TaskSchedulerImpl: Killing all running tasks in stage 3: Stage finished
[2025-05-22T20:33:49.851+0530] {subprocess.py:93} INFO - 25/05/22 20:33:49 INFO DAGScheduler: Job 3 finished: collect at CloudStorageOperations.scala:805, took 45.500059 s
[2025-05-22T20:33:49.852+0530] {subprocess.py:93} INFO - 25/05/22 20:33:49 INFO StageWriter$: writeToTableWithStagingTable: check table existence with "AIRFLOW_DB"."PUBLIC".nyc_taxi_payment for nyc_taxi_payment
[2025-05-22T20:33:49.853+0530] {subprocess.py:93} INFO - 25/05/22 20:33:49 INFO SnowflakeSQLStatement: Spark Connector Master: execute query with bind variable: desc table identifier(?)
[2025-05-22T20:33:50.213+0530] {subprocess.py:93} INFO - 25/05/22 20:33:50 INFO SnowflakeSQLStatement: Spark Connector Master: execute query with bind variable: create   table if not exists identifier(?) ("PAYMENT_ID" INTEGER ,"TRIP_ID" INTEGER ,"PAYMENT_TYPE" INTEGER ,"FARE_AMOUNT" DOUBLE ,"EXTRA" DOUBLE ,"MTA_TAX" DOUBLE ,"TIP_AMOUNT" DOUBLE ,"TOLLS_AMOUNT" DOUBLE ,"IMPROVEMENT_SURCHARGE" DOUBLE ,"TOTAL_AMOUNT" DOUBLE ,"TRIP_AMT_INR" DOUBLE ,"CONGESTION_SURCHARGE" DOUBLE )
[2025-05-22T20:33:50.420+0530] {subprocess.py:93} INFO - 25/05/22 20:33:50 INFO StageWriter$: Begin to write at 2025-05-22T20:33:50.420475 (India Standard Time)
[2025-05-22T20:33:50.421+0530] {subprocess.py:93} INFO - 25/05/22 20:33:50 INFO StageWriter$: Total file count is 5, non-empty files count is 1, total file size is 66.56 MB, total row count is 1.12 MB.
[2025-05-22T20:33:50.422+0530] {subprocess.py:93} INFO - 25/05/22 20:33:50 INFO StageWriter$: Now executing below command to write into table:
[2025-05-22T20:33:50.423+0530] {subprocess.py:93} INFO - copy into nyc_taxi_payment_staging_603259018 FROM @spark_connector_load_stage_RX9F1Vx90u/wqidQsncc4/
[2025-05-22T20:33:50.423+0530] {subprocess.py:93} INFO - FILE_FORMAT = (
[2025-05-22T20:33:50.423+0530] {subprocess.py:93} INFO -     TYPE=CSV
[2025-05-22T20:33:50.423+0530] {subprocess.py:93} INFO -     FIELD_DELIMITER='|'
[2025-05-22T20:33:50.423+0530] {subprocess.py:93} INFO -     NULL_IF=()
[2025-05-22T20:33:50.423+0530] {subprocess.py:93} INFO -     FIELD_OPTIONALLY_ENCLOSED_BY='"'
[2025-05-22T20:33:50.423+0530] {subprocess.py:93} INFO -     TIMESTAMP_FORMAT='TZHTZM YYYY-MM-DD HH24:MI:SS.FF9'
[2025-05-22T20:33:50.423+0530] {subprocess.py:93} INFO -     DATE_FORMAT='TZHTZM YYYY-MM-DD HH24:MI:SS.FF9'
[2025-05-22T20:33:50.424+0530] {subprocess.py:93} INFO -     BINARY_FORMAT=BASE64
[2025-05-22T20:33:50.424+0530] {subprocess.py:93} INFO -   )
[2025-05-22T20:33:50.424+0530] {subprocess.py:93} INFO - 
[2025-05-22T20:33:50.424+0530] {subprocess.py:93} INFO - 25/05/22 20:33:50 INFO SnowflakeSQLStatement: Spark Connector Master: execute query with bind variable: copy into nyc_taxi_payment_staging_603259018 FROM @spark_connector_load_stage_RX9F1Vx90u/wqidQsncc4/
[2025-05-22T20:33:50.424+0530] {subprocess.py:93} INFO - FILE_FORMAT = (
[2025-05-22T20:33:50.424+0530] {subprocess.py:93} INFO -     TYPE=CSV
[2025-05-22T20:33:50.424+0530] {subprocess.py:93} INFO -     FIELD_DELIMITER='|'
[2025-05-22T20:33:50.424+0530] {subprocess.py:93} INFO -     NULL_IF=()
[2025-05-22T20:33:50.424+0530] {subprocess.py:93} INFO -     FIELD_OPTIONALLY_ENCLOSED_BY='"'
[2025-05-22T20:33:50.424+0530] {subprocess.py:93} INFO -     TIMESTAMP_FORMAT='TZHTZM YYYY-MM-DD HH24:MI:SS.FF9'
[2025-05-22T20:33:50.425+0530] {subprocess.py:93} INFO -     DATE_FORMAT='TZHTZM YYYY-MM-DD HH24:MI:SS.FF9'
[2025-05-22T20:33:50.425+0530] {subprocess.py:93} INFO -     BINARY_FORMAT=BASE64
[2025-05-22T20:33:50.425+0530] {subprocess.py:93} INFO -   )
[2025-05-22T20:33:50.425+0530] {subprocess.py:93} INFO - 
[2025-05-22T20:33:50.544+0530] {subprocess.py:93} INFO - 25/05/22 20:33:50 INFO SparkConnectorContext$: Add running query for local-1747926130268 session: 3722800343281706 queryId: 01bc8547-3201-a2cb-000d-39de000814be
[2025-05-22T20:33:50.545+0530] {subprocess.py:93} INFO - 25/05/22 20:33:50 INFO StageWriter$: The query ID for async writing into table command is: 01bc8547-3201-a2cb-000d-39de000814be; The query ID URL is:
[2025-05-22T20:33:50.545+0530] {subprocess.py:93} INFO - https://AVCUDFK-TL56570.snowflakecomputing.com/console#/monitoring/queries/detail?queryId=01bc8547-3201-a2cb-000d-39de000814be
[2025-05-22T20:33:57.080+0530] {subprocess.py:93} INFO - 25/05/22 20:33:57 INFO SparkConnectorContext$: Remove running query for local-1747926130268 session: 3722800343281706 queryId: 01bc8547-3201-a2cb-000d-39de000814be
[2025-05-22T20:33:57.081+0530] {subprocess.py:93} INFO - 25/05/22 20:33:57 INFO StageWriter$: First COPY command is done in 6.66 seconds at 2025-05-22T20:33:57.080909, queryID is 01bc8547-3201-a2cb-000d-39de000814be
[2025-05-22T20:33:57.081+0530] {subprocess.py:93} INFO - 25/05/22 20:33:57 INFO StageWriter$: Succeed to write in 6.66 seconds at 2025-05-22T20:33:57.081594
[2025-05-22T20:33:57.083+0530] {subprocess.py:93} INFO - 25/05/22 20:33:57 INFO SnowflakeSQLStatement: Spark Connector Master: execute query with bind variable: alter table identifier(?) rename to identifier(?)
[2025-05-22T20:33:57.372+0530] {subprocess.py:93} INFO - 25/05/22 20:33:57 INFO StageWriter$: Spark Connector Master: Total job time is 53.22 seconds including read & upload time: 45.70 seconds and COPY time: 7.52 seconds.
[2025-05-22T20:33:57.508+0530] {subprocess.py:93} INFO - 25/05/22 20:33:57 WARN SnowflakeConnectorUtils$: Query pushdown is not supported because you are using Spark 3.5.5 with a connector designed to support Spark 3.3. Either use the version of Spark supported by the connector or install a version of the connector that supports your version of Spark.
[2025-05-22T20:33:57.508+0530] {subprocess.py:93} INFO - 25/05/22 20:33:57 WARN DefaultJDBCWrapper$: JDBC 3.13.30 is being used. But the certified JDBC version 3.13.22 is recommended.
[2025-05-22T20:33:57.719+0530] {subprocess.py:93} INFO - 25/05/22 20:33:57 INFO SnowflakeSQLStatement: Spark Connector Master: execute query with bind variable: select * from nyc_taxi_payment where 1 = 0
[2025-05-22T20:33:59.331+0530] {subprocess.py:93} INFO - 25/05/22 20:33:59 INFO SparkContext: Invoking stop() from shutdown hook
[2025-05-22T20:33:59.332+0530] {subprocess.py:93} INFO - 25/05/22 20:33:59 INFO SparkContext: SparkContext is stopping with exitCode 0.
[2025-05-22T20:33:59.333+0530] {subprocess.py:93} INFO - 25/05/22 20:33:59 WARN SparkConnectorContext$: Finish cancelling all queries for local-1747926130268
[2025-05-22T20:33:59.342+0530] {subprocess.py:93} INFO - 25/05/22 20:33:59 INFO SparkUI: Stopped Spark web UI at http://10.255.255.254:4040
[2025-05-22T20:33:59.352+0530] {subprocess.py:93} INFO - 25/05/22 20:33:59 INFO MapOutputTrackerMasterEndpoint: MapOutputTrackerMasterEndpoint stopped!
[2025-05-22T20:33:59.363+0530] {subprocess.py:93} INFO - 25/05/22 20:33:59 INFO MemoryStore: MemoryStore cleared
[2025-05-22T20:33:59.363+0530] {subprocess.py:93} INFO - 25/05/22 20:33:59 INFO BlockManager: BlockManager stopped
[2025-05-22T20:33:59.365+0530] {subprocess.py:93} INFO - 25/05/22 20:33:59 INFO BlockManagerMaster: BlockManagerMaster stopped
[2025-05-22T20:33:59.367+0530] {subprocess.py:93} INFO - 25/05/22 20:33:59 INFO OutputCommitCoordinator$OutputCommitCoordinatorEndpoint: OutputCommitCoordinator stopped!
[2025-05-22T20:33:59.374+0530] {subprocess.py:93} INFO - 25/05/22 20:33:59 INFO SparkContext: Successfully stopped SparkContext
[2025-05-22T20:33:59.374+0530] {subprocess.py:93} INFO - 25/05/22 20:33:59 INFO ShutdownHookManager: Shutdown hook called
[2025-05-22T20:33:59.374+0530] {subprocess.py:93} INFO - 25/05/22 20:33:59 INFO ShutdownHookManager: Deleting directory /tmp/spark-40ff0992-0fd1-4284-81ca-9996994c2619
[2025-05-22T20:33:59.377+0530] {subprocess.py:93} INFO - 25/05/22 20:33:59 INFO ShutdownHookManager: Deleting directory /tmp/spark-a0579e13-b45f-4bc8-a65d-8c775833dc22
[2025-05-22T20:33:59.379+0530] {subprocess.py:93} INFO - 25/05/22 20:33:59 INFO ShutdownHookManager: Deleting directory /tmp/spark-a0579e13-b45f-4bc8-a65d-8c775833dc22/pyspark-ae6b3503-1ae9-4280-903c-9e8e688f1ca3
[2025-05-22T20:33:59.434+0530] {subprocess.py:97} INFO - Command exited with return code 0
[2025-05-22T20:33:59.450+0530] {taskinstance.py:340} INFO - ::group::Post task execution logs
[2025-05-22T20:33:59.450+0530] {taskinstance.py:352} INFO - Marking task as SUCCESS. dag_id=nyc_taxi_etl, task_id=load_to_snowflake, run_id=manual__2025-05-22T15:00:43.967673+00:00, execution_date=20250522T150043, start_date=20250522T150206, end_date=20250522T150359
[2025-05-22T20:33:59.480+0530] {local_task_job_runner.py:266} INFO - Task exited with return code 0
[2025-05-22T20:33:59.488+0530] {taskinstance.py:3900} INFO - 0 downstream tasks scheduled from follow-on schedule check
[2025-05-22T20:33:59.488+0530] {local_task_job_runner.py:245} INFO - ::endgroup::
